[2022-11-06 23:36:10,023] [util.py:209]               [INFO]     |====================================================================================================|
[2022-11-06 23:36:10,024] [util.py:216]               [INFO]     |                           Pirates of the Caribbean Collection in Movies                            |
[2022-11-06 23:36:10,024] [util.py:220]               [INFO]     |====================================================================================================|
[2022-11-06 23:36:10,025] [plex_meta_manager.py:750]  [INFO]     |                                                                                                    |
[2022-11-06 23:36:10,025] [util.py:216]               [INFO]     |========================== Validating Pirates of the Caribbean Attributes ==========================|
[2022-11-06 23:36:10,026] [builder.py:265]            [DEBUG]    |                                                                                                    |
[2022-11-06 23:36:10,026] [builder.py:266]            [DEBUG]    | Validating Method: template                                                                        |
[2022-11-06 23:36:10,026] [meta.py:83]                [DEBUG]    | Value: ordereddict([('name', 'Movie'), ('collection', 295), ('summary', 295), ('poster', 'https://theposterdb.com/api/assets/12474')]) |
[2022-11-06 23:36:10,027] [builder.py:330]            [DEBUG]    |                                                                                                    |
[2022-11-06 23:36:10,027] [builder.py:331]            [DEBUG]    | Validating Method: sync_mode                                                                       |
[2022-11-06 23:36:10,027] [builder.py:335]            [DEBUG]    | Value: sync                                                                                        |
[2022-11-06 23:36:10,028] [builder.py:453]            [DEBUG]    |                                                                                                    |
[2022-11-06 23:36:10,028] [builder.py:454]            [DEBUG]    | Validating Method: collection_order                                                                |
[2022-11-06 23:36:10,028] [builder.py:455]            [DEBUG]    | Value: release                                                                                     |
[2022-11-06 23:36:10,028] [builder.py:472]            [DEBUG]    |                                                                                                    |
[2022-11-06 23:36:10,029] [builder.py:473]            [DEBUG]    | Validating Method: url_poster                                                                      |
[2022-11-06 23:36:10,029] [builder.py:474]            [DEBUG]    | Value: https://theposterdb.com/api/assets/12474                                                    |
[2022-11-06 23:36:10,030] [builder.py:472]            [DEBUG]    |                                                                                                    |
[2022-11-06 23:36:10,030] [builder.py:473]            [DEBUG]    | Validating Method: tmdb_collection                                                                 |
[2022-11-06 23:36:10,030] [builder.py:474]            [DEBUG]    | Value: 295                                                                                         |
[2022-11-06 23:36:10,117] [builder.py:472]            [DEBUG]    |                                                                                                    |
[2022-11-06 23:36:10,118] [builder.py:473]            [DEBUG]    | Validating Method: tmdb_summary                                                                    |
[2022-11-06 23:36:10,118] [builder.py:474]            [DEBUG]    | Value: 295                                                                                         |
[2022-11-06 23:36:10,118] [builder.py:472]            [DEBUG]    |                                                                                                    |
[2022-11-06 23:36:10,119] [builder.py:473]            [DEBUG]    | Validating Method: sort_title                                                                      |
[2022-11-06 23:36:10,119] [builder.py:474]            [DEBUG]    | Value: 00000f_Pirates of the Caribbean                                                             |
[2022-11-06 23:36:10,119] [builder.py:472]            [DEBUG]    |                                                                                                    |
[2022-11-06 23:36:10,120] [builder.py:473]            [DEBUG]    | Validating Method: radarr_add_missing                                                              |
[2022-11-06 23:36:10,120] [builder.py:474]            [DEBUG]    | Value: True                                                                                        |
[2022-11-06 23:36:10,275] [builder.py:619]            [INFO]     |                                                                                                    |
[2022-11-06 23:36:10,275] [builder.py:620]            [INFO]     | Validation Successful                                                                              |
[2022-11-06 23:36:10,276] [plex_meta_manager.py:758]  [INFO]     |                                                                                                    |
[2022-11-06 23:36:10,276] [util.py:216]               [INFO]     |=========================== Running Pirates of the Caribbean Collection ============================|
[2022-11-06 23:36:10,277] [plex_meta_manager.py:773]  [INFO]     |                                                                                                    |
[2022-11-06 23:36:10,277] [plex_meta_manager.py:774]  [INFO]     | Sync Mode: sync                                                                                    |
[2022-11-06 23:36:10,277] [builder.py:1275]           [DEBUG]    |                                                                                                    |
[2022-11-06 23:36:10,278] [builder.py:1276]           [DEBUG]    | Builder: tmdb_collection: 295                                                                      |
[2022-11-06 23:36:10,278] [builder.py:1277]           [INFO]     |                                                                                                    |
[2022-11-06 23:36:10,279] [tmdb.py:323]               [INFO]     | Processing TMDb Collection: (295) Pirates of the Caribbean Collection (6 Items)                    |
[2022-11-06 23:36:10,279] [builder.py:1282]           [DEBUG]    |                                                                                                    |
[2022-11-06 23:36:10,279] [builder.py:1283]           [DEBUG]    | 6 IDs Found: [(22, 'tmdb'), (58, 'tmdb'), (285, 'tmdb'), (1865, 'tmdb'), (166426, 'tmdb'), (425904, 'tmdb')] |
[2022-11-06 23:36:10,280] [builder.py:1284]           [DEBUG]    |                                                                                                    |
[2022-11-06 23:36:10,407] [builder.py:1697]           [INFO]     |                                                                                                    |
[2022-11-06 23:36:10,407] [util.py:216]               [INFO]     |========================== Adding to Pirates of the Caribbean Collection ===========================|
[2022-11-06 23:36:10,408] [builder.py:1699]           [INFO]     |                                                                                                    |
[2022-11-06 23:36:10,408] [builder.py:1709]           [INFO]     | 1/5 | Pirates of the Caribbean Collection | = | Pirates of the Caribbean: The Curse of the Black Pearl (2003) |
[2022-11-06 23:36:10,409] [builder.py:1709]           [INFO]     | 2/5 | Pirates of the Caribbean Collection | = | Pirates of the Caribbean: Dead Man's Chest (2006)  |
[2022-11-06 23:36:10,409] [builder.py:1709]           [INFO]     | 3/5 | Pirates of the Caribbean Collection | = | Pirates of the Caribbean: At World's End (2007)    |
[2022-11-06 23:36:10,409] [builder.py:1709]           [INFO]     | 4/5 | Pirates of the Caribbean Collection | = | Pirates of the Caribbean: On Stranger Tides (2011) |
[2022-11-06 23:36:10,410] [builder.py:1709]           [INFO]     | 5/5 | Pirates of the Caribbean Collection | = | Pirates of the Caribbean: Dead Men Tell No Tales (2017) |
[2022-11-06 23:36:10,410] [builder.py:1734]           [INFO]     |                                                                                                    |
[2022-11-06 23:36:10,411] [builder.py:1735]           [INFO]     | 5 Movies Processed                                                                                 |
[2022-11-06 23:36:10,411] [builder.py:1929]           [INFO]     |                                                                                                    |
[2022-11-06 23:36:10,412] [util.py:216]               [INFO]     |====================== Missing Movies from Library: Pirates of the Caribbean =======================|
[2022-11-06 23:36:10,412] [builder.py:1931]           [INFO]     |                                                                                                    |
[2022-11-06 23:36:11,567] [builder.py:1943]           [INFO]     | Pirates of the Caribbean Collection | ? | Untitled Pirates of the Caribbean Reboot (TMDb: 425904)  |
[2022-11-06 23:36:11,567] [builder.py:1947]           [INFO]     |                                                                                                    |
[2022-11-06 23:36:11,568] [builder.py:1948]           [INFO]     | 1 Movie Missing                                                                                    |
[2022-11-06 23:36:11,577] [radarr.py:46]              [INFO]     |                                                                                                    |
[2022-11-06 23:36:11,578] [util.py:216]               [INFO]     |===================================== Adding Missing to Radarr =====================================|
[2022-11-06 23:36:11,578] [radarr.py:48]              [DEBUG]    |                                                                                                    |
[2022-11-06 23:36:11,579] [radarr.py:49]              [DEBUG]    | Radarr Adds: [425904]                                                                              |
[2022-11-06 23:36:12,624] [radarr.py:138]             [INFO]     |                                                                                                    |
[2022-11-06 23:36:12,624] [radarr.py:146]             [INFO]     | Skipped: In Cache | 425904                                                                         |
[2022-11-06 23:36:12,624] [radarr.py:147]             [INFO]     | 1 Movie already exist in Radarr                                                                    |
[2022-11-06 23:36:12,643] [builder.py:2147]           [INFO]     |                                                                                                    |
[2022-11-06 23:36:12,644] [util.py:216]               [INFO]     |===================== Updating Details of Pirates of the Caribbean Collection ======================|
[2022-11-06 23:36:12,644] [builder.py:2149]           [INFO]     |                                                                                                    |
[2022-11-06 23:36:12,644] [builder.py:2156]           [INFO]     | Detail: tmdb_summary updated Collection Summary                                                    |
[2022-11-06 23:36:12,645] [builder.py:2258]           [DEBUG]    | 1 posters found:                                                                                   |
[2022-11-06 23:36:12,645] [builder.py:2260]           [DEBUG]    | Method: url_poster Poster: https://theposterdb.com/api/assets/12474                                |
[2022-11-06 23:36:12,646] [builder.py:2327]           [INFO]     | No background collection detail or asset folder found                                              |
[2022-11-06 23:36:12,646] [library.py:147]            [INFO]     | Detail: poster update not needed                                                                   |
[2022-11-06 23:36:12,824] [plex_meta_manager.py:880]  [INFO]     |                                                                                                    |
[2022-11-06 23:36:12,824] [util.py:209]               [INFO]     |====================================================================================================|
[2022-11-06 23:36:12,825] [util.py:216]               [INFO]     |                            Finished Pirates of the Caribbean Collection                            |
[2022-11-06 23:36:12,825] [util.py:216]               [INFO]     |                                    Collection Run Time: 0:00:02                                    |
[2022-11-06 23:36:12,826] [util.py:220]               [INFO]     |====================================================================================================|
