[2022-11-23 01:36:51,434] [util.py:209]               [INFO]     |====================================================================================================|
[2022-11-23 01:36:51,435] [util.py:216]               [INFO]     |                                 Adult Swim Collection in TV Shows                                  |
[2022-11-23 01:36:51,435] [util.py:220]               [INFO]     |====================================================================================================|
[2022-11-23 01:36:51,436] [plex_meta_manager.py:750]  [INFO]     |                                                                                                    |
[2022-11-23 01:36:51,436] [util.py:216]               [INFO]     |================================= Validating Adult Swim Attributes =================================|
[2022-11-23 01:36:51,436] [builder.py:265]            [DEBUG]    |                                                                                                    |
[2022-11-23 01:36:51,436] [builder.py:266]            [DEBUG]    | Validating Method: template                                                                        |
[2022-11-23 01:36:51,437] [meta.py:83]                [DEBUG]    | Value: ordereddict([('name', 'network'), ('network', 80), ('poster', 'https://theposterdb.com/api/assets/98825')]) |
[2022-11-23 01:36:51,437] [builder.py:330]            [DEBUG]    |                                                                                                    |
[2022-11-23 01:36:51,437] [builder.py:331]            [DEBUG]    | Validating Method: sync_mode                                                                       |
[2022-11-23 01:36:51,437] [builder.py:335]            [DEBUG]    | Value: sync                                                                                        |
[2022-11-23 01:36:51,438] [builder.py:453]            [DEBUG]    |                                                                                                    |
[2022-11-23 01:36:51,438] [builder.py:454]            [DEBUG]    | Validating Method: collection_order                                                                |
[2022-11-23 01:36:51,438] [builder.py:455]            [DEBUG]    | Value: alpha                                                                                       |
[2022-11-23 01:36:51,438] [builder.py:472]            [DEBUG]    |                                                                                                    |
[2022-11-23 01:36:51,439] [builder.py:473]            [DEBUG]    | Validating Method: tmdb_network                                                                    |
[2022-11-23 01:36:51,439] [builder.py:474]            [DEBUG]    | Value: 80                                                                                          |
[2022-11-23 01:36:51,570] [builder.py:472]            [DEBUG]    |                                                                                                    |
[2022-11-23 01:36:51,570] [builder.py:473]            [DEBUG]    | Validating Method: url_poster                                                                      |
[2022-11-23 01:36:51,571] [builder.py:474]            [DEBUG]    | Value: https://theposterdb.com/api/assets/98825                                                    |
[2022-11-23 01:36:51,571] [builder.py:472]            [DEBUG]    |                                                                                                    |
[2022-11-23 01:36:51,571] [builder.py:473]            [DEBUG]    | Validating Method: sort_title                                                                      |
[2022-11-23 01:36:51,571] [builder.py:474]            [DEBUG]    | Value: +2_Adult Swim                                                                               |
[2022-11-23 01:36:51,633] [builder.py:619]            [INFO]     |                                                                                                    |
[2022-11-23 01:36:51,633] [builder.py:620]            [INFO]     | Validation Successful                                                                              |
[2022-11-23 01:36:51,634] [plex_meta_manager.py:758]  [INFO]     |                                                                                                    |
[2022-11-23 01:36:51,634] [util.py:216]               [INFO]     |================================== Running Adult Swim Collection ===================================|
[2022-11-23 01:36:51,634] [plex_meta_manager.py:773]  [INFO]     |                                                                                                    |
[2022-11-23 01:36:51,635] [plex_meta_manager.py:774]  [INFO]     | Sync Mode: sync                                                                                    |
[2022-11-23 01:36:51,635] [builder.py:1275]           [DEBUG]    |                                                                                                    |
[2022-11-23 01:36:51,635] [builder.py:1276]           [DEBUG]    | Builder: tmdb_network: 80                                                                          |
[2022-11-23 01:36:51,635] [builder.py:1277]           [INFO]     |                                                                                                    |
[2022-11-23 01:36:52,733] [tmdb.py:282]               [INFO]     | Processing TMDb Network: (80) Adult Swim (123 Shows)                                               |
[2022-11-23 01:36:52,734] [builder.py:1282]           [DEBUG]    |                                                                                                    |
[2022-11-23 01:36:52,734] [builder.py:1283]           [DEBUG]    | 123 IDs Found: [(60625, 'tmdb_show'), (89456, 'tmdb_show'), (195382, 'tmdb_show'), (84553, 'tmdb_show'), (61593, 'tmdb_show'), (709, 'tmdb_show'), (74387, 'tmdb_show'), (2723, 'tmdb_show'), (202282, 'tmdb_show'), (251, 'tmdb_show'), (2604, 'tmdb_show'), (56590, 'tmdb_show'), (126506, 'tmdb_show'), (292, 'tmdb_show'), (38165, 'tmdb_show'), (5895, 'tmdb_show'), (76345, 'tmdb_show'), (2418, 'tmdb_show'), (33056, 'tmdb_show'), (1229, 'tmdb_show'), (41676, 'tmdb_show'), (653, 'tmdb_show'), (2798, 'tmdb_show'), (61949, 'tmdb_show'), (106480, 'tmdb_show'), (79356, 'tmdb_show'), (60874, 'tmdb_show'), (334, 'tmdb_show'), (40064, 'tmdb_show'), (61161, 'tmdb_show'), (2274, 'tmdb_show'), (539, 'tmdb_show'), (3108, 'tmdb_show'), (32612, 'tmdb_show'), (39680, 'tmdb_show'), (2073, 'tmdb_show'), (48000, 'tmdb_show'), (39479, 'tmdb_show'), (39106, 'tmdb_show'), (122486, 'tmdb_show'), (108891, 'tmdb_show'), (79864, 'tmdb_show'), (17425, 'tmdb_show'), (32752, 'tmdb_show'), (41821, 'tmdb_show'), (63214, 'tmdb_show'), (68380, 'tmdb_show'), (85000, 'tmdb_show'), (72031, 'tmdb_show'), (96372, 'tmdb_show'), (40520, 'tmdb_show'), (2718, 'tmdb_show'), (2980, 'tmdb_show'), (3043, 'tmdb_show'), (1542, 'tmdb_show'), (99858, 'tmdb_show'), (51658, 'tmdb_show'), (11936, 'tmdb_show'), (88477, 'tmdb_show'), (93241, 'tmdb_show'), (21554, 'tmdb_show'), (272, 'tmdb_show'), (2590, 'tmdb_show'), (132922, 'tmdb_show'), (106925, 'tmdb_show'), (23475, 'tmdb_show'), (72874, 'tmdb_show'), (481, 'tmdb_show'), (78672, 'tmdb_show'), (6318, 'tmdb_show'), (101252, 'tmdb_show'), (74501, 'tmdb_show'), (87234, 'tmdb_show'), (67352, 'tmdb_show'), (14769, 'tmdb_show'), (76246, 'tmdb_show'), (112954, 'tmdb_show'), (65520, 'tmdb_show'), (86501, 'tmdb_show'), (112870, 'tmdb_show'), (3185, 'tmdb_show'), (2788, 'tmdb_show'), (20942, 'tmdb_show'), (5124, 'tmdb_show'), (34255, 'tmdb_show'), (5070, 'tmdb_show'), (8778, 'tmdb_show'), (31548, 'tmdb_show'), (2166, 'tmdb_show'), (103243, 'tmdb_show'), (6991, 'tmdb_show'), (112923, 'tmdb_show'), (80810, 'tmdb_show'), (112921, 'tmdb_show'), (205504, 'tmdb_show'), (67083, 'tmdb_show'), (64643, 'tmdb_show'), (8188, 'tmdb_show'), (62077, 'tmdb_show'), (72786, 'tmdb_show'), (120516, 'tmdb_show'), (8151, 'tmdb_show'), (202284, 'tmdb_show'), (138883, 'tmdb_show'), (129221, 'tmdb_show'), (98620, 'tmdb_show'), (34002, 'tmdb_show'), (5415, 'tmdb_show'), (91219, 'tmdb_show'), (127477, 'tmdb_show'), (103796, 'tmdb_show'), (91731, 'tmdb_show'), (78407, 'tmdb_show'), (35368, 'tmdb_show'), (32661, 'tmdb_show'), (31550, 'tmdb_show'), (30736, 'tmdb_show'), (25426, 'tmdb_show'), (19755, 'tmdb_show'), (18369, 'tmdb_show'), (15475, 'tmdb_show'), (11417, 'tmdb_show'), (4649, 'tmdb_show')] |
[2022-11-23 01:36:52,735] [builder.py:1284]           [DEBUG]    |                                                                                                    |
[2022-11-23 01:36:52,897] [builder.py:1361]           [ERROR]    | Convert Error: No TVDb ID Found for TMDb ID: 76345                                                 |
[2022-11-23 01:36:53,172] [builder.py:1361]           [ERROR]    | Convert Error: No TVDb ID Found for TMDb ID: 112954                                                |
[2022-11-23 01:36:53,297] [builder.py:1361]           [ERROR]    | Convert Error: No TVDb ID Found for TMDb ID: 112870                                                |
[2022-11-23 01:36:53,412] [builder.py:1361]           [ERROR]    | Convert Error: No TVDb ID Found for TMDb ID: 112923                                                |
[2022-11-23 01:36:53,522] [builder.py:1361]           [ERROR]    | Convert Error: No TVDb ID Found for TMDb ID: 112921                                                |
[2022-11-23 01:36:53,622] [builder.py:1361]           [ERROR]    | Convert Error: No TVDb ID Found for TMDb ID: 67083                                                 |
[2022-11-23 01:36:53,845] [builder.py:1361]           [ERROR]    | Convert Error: No TVDb ID Found for TMDb ID: 5415                                                  |
[2022-11-23 01:36:53,976] [builder.py:1361]           [ERROR]    | Convert Error: No TVDb ID Found for TMDb ID: 91731                                                 |
[2022-11-23 01:36:54,080] [builder.py:1361]           [ERROR]    | Convert Error: No TVDb ID Found for TMDb ID: 78407                                                 |
[2022-11-23 01:36:54,186] [builder.py:1361]           [ERROR]    | Convert Error: No TVDb ID Found for TMDb ID: 25426                                                 |
[2022-11-23 01:36:54,343] [builder.py:1361]           [ERROR]    | Convert Error: No TVDb ID Found for TMDb ID: 19755                                                 |
[2022-11-23 01:36:54,449] [builder.py:1361]           [ERROR]    | Convert Error: No TVDb ID Found for TMDb ID: 15475                                                 |
[2022-11-23 01:36:54,558] [builder.py:1361]           [ERROR]    | Convert Error: No TVDb ID Found for TMDb ID: 4649                                                  |
[2022-11-23 01:36:54,559] [builder.py:1697]           [INFO]     |                                                                                                    |
[2022-11-23 01:36:54,559] [util.py:216]               [INFO]     |================================= Adding to Adult Swim Collection ==================================|
[2022-11-23 01:36:54,559] [builder.py:1699]           [INFO]     |                                                                                                    |
[2022-11-23 01:36:54,560] [builder.py:1709]           [INFO]     | 1/3 | Adult Swim Collection | = | Rick and Morty                                                   |
[2022-11-23 01:36:54,560] [builder.py:1709]           [INFO]     | 2/3 | Adult Swim Collection | = | Primal                                                           |
[2022-11-23 01:36:54,560] [builder.py:1709]           [INFO]     | 3/3 | Adult Swim Collection | = | Samurai Jack                                                     |
[2022-11-23 01:36:54,561] [builder.py:1734]           [INFO]     |                                                                                                    |
[2022-11-23 01:36:54,561] [builder.py:1735]           [INFO]     | 3 Shows Processed                                                                                  |
[2022-11-23 01:36:54,561] [builder.py:1969]           [INFO]     |                                                                                                    |
[2022-11-23 01:36:54,562] [util.py:216]               [INFO]     |============================== Missing Shows from Library: Adult Swim ==============================|
[2022-11-23 01:36:54,562] [builder.py:1971]           [INFO]     |                                                                                                    |
[2022-11-23 01:36:54,776] [builder.py:1982]           [INFO]     | Adult Swim Collection | ? | Housing Complex C (TVDB: 420753)                                       |
[2022-11-23 01:36:55,125] [builder.py:1982]           [INFO]     | Adult Swim Collection | ? | Blade Runner: Black Lotus (TVDB: 356155)                               |
[2022-11-23 01:36:55,390] [builder.py:1982]           [INFO]     | Adult Swim Collection | ? | Mr. Pickles (TVDB: 277953)                                             |
[2022-11-23 01:36:56,064] [builder.py:1982]           [INFO]     | Adult Swim Collection | ? | Robot Chicken (TVDB: 75734)                                            |
[2022-11-23 01:36:56,426] [builder.py:1982]           [INFO]     | Adult Swim Collection | ? | Final Space (TVDB: 332353)                                             |
[2022-11-23 01:36:56,586] [builder.py:1982]           [INFO]     | Adult Swim Collection | ? | Rick and Morty: The Anime (TVDB: 420279)                               |
[2022-11-23 01:36:57,209] [builder.py:1982]           [INFO]     | Adult Swim Collection | ? | Aqua Teen Hunger Force (TVDB: 77120)                                   |
[2022-11-23 01:36:57,548] [builder.py:1982]           [INFO]     | Adult Swim Collection | ? | The Boondocks (TVDB: 74413)                                            |
[2022-11-23 01:36:57,831] [builder.py:1982]           [INFO]     | Adult Swim Collection | ? | The Eric André Show (TVDB: 259184)                                     |
[2022-11-23 01:36:58,040] [builder.py:1982]           [INFO]     | Adult Swim Collection | ? | Smiling Friends (TVDB: 379403)                                         |
[2022-11-23 01:36:58,332] [builder.py:1982]           [INFO]     | Adult Swim Collection | ? | Moral Orel (TVDB: 79302)                                               |
[2022-11-23 01:36:58,569] [builder.py:1982]           [INFO]     | Adult Swim Collection | ? | ThunderCats (2011) (TVDB: 241431)                                      |
[2022-11-23 01:36:58,922] [builder.py:1982]           [INFO]     | Adult Swim Collection | ? | FLCL (TVDB: 78878)                                                     |
[2022-11-23 01:36:59,415] [builder.py:1982]           [INFO]     | Adult Swim Collection | ? | The Venture Bros. (TVDB: 72306)                                        |
[2022-11-23 01:36:59,827] [builder.py:1982]           [INFO]     | Adult Swim Collection | ? | Childrens Hospital (TVDB: 139941)                                      |
[2022-11-23 01:37:00,229] [builder.py:1982]           [INFO]     | Adult Swim Collection | ? | Tim and Eric Awesome Show, Great Job! (TVDB: 79905)                    |
[2022-11-23 01:37:00,826] [builder.py:1982]           [INFO]     | Adult Swim Collection | ? | Beware the Batman (TVDB: 258331)                                       |
[2022-11-23 01:37:01,231] [builder.py:1982]           [INFO]     | Adult Swim Collection | ? | Metalocalypse (TVDB: 79563)                                            |
[2022-11-23 01:37:01,662] [builder.py:1982]           [INFO]     | Adult Swim Collection | ? | Space Ghost Coast to Coast (TVDB: 79171)                               |
[2022-11-23 01:37:01,891] [builder.py:1982]           [INFO]     | Adult Swim Collection | ? | Mike Tyson Mysteries (TVDB: 277954)                                    |
[2022-11-23 01:37:02,129] [builder.py:1982]           [INFO]     | Adult Swim Collection | ? | Fena: Pirate Princess (TVDB: 386570)                                   |
[2022-11-23 01:37:02,368] [builder.py:1982]           [INFO]     | Adult Swim Collection | ? | Tuca & Bertie (TVDB: 361005)                                           |
[2022-11-23 01:37:02,619] [builder.py:1982]           [INFO]     | Adult Swim Collection | ? | Space Dandy (TVDB: 272849)                                             |
[2022-11-23 01:37:03,004] [builder.py:1982]           [INFO]     | Adult Swim Collection | ? | Sealab 2021 (TVDB: 76884)                                              |
[2022-11-23 01:37:03,269] [builder.py:1982]           [INFO]     | Adult Swim Collection | ? | Black Dynamite (TVDB: 250821)                                          |
[2022-11-23 01:37:03,507] [builder.py:1982]           [INFO]     | Adult Swim Collection | ? | Black Jesus (TVDB: 282016)                                             |
[2022-11-23 01:37:03,831] [builder.py:1982]           [INFO]     | Adult Swim Collection | ? | Home Movies (TVDB: 75318)                                              |
[2022-11-23 01:37:04,539] [builder.py:1982]           [INFO]     | Adult Swim Collection | ? | Squidbillies (TVDB: 79017)                                             |
[2022-11-23 01:37:04,860] [builder.py:1982]           [INFO]     | Adult Swim Collection | ? | Superjail! (TVDB: 83306)                                               |
[2022-11-23 01:37:05,126] [builder.py:1982]           [INFO]     | Adult Swim Collection | ? | Check It Out! with Dr. Steve Brule (TVDB: 163751)                      |
[2022-11-23 01:37:05,387] [builder.py:1982]           [INFO]     | Adult Swim Collection | ? | China, IL (TVDB: 251507)                                               |
[2022-11-23 01:37:05,590] [builder.py:1982]           [INFO]     | Adult Swim Collection | ? | Mission Hill (TVDB: 75255)                                             |
[2022-11-23 01:37:05,826] [builder.py:1982]           [INFO]     | Adult Swim Collection | ? | Your Pretty Face is Going to Hell (TVDB: 268386)                       |
[2022-11-23 01:37:06,205] [builder.py:1982]           [INFO]     | Adult Swim Collection | ? | Off the Air (TVDB: 249792)                                             |
[2022-11-23 01:37:06,463] [builder.py:1982]           [INFO]     | Adult Swim Collection | ? | NTSF:SD:SUV:: (TVDB: 248261)                                           |
[2022-11-23 01:37:06,729] [builder.py:1982]           [INFO]     | Adult Swim Collection | ? | Birdgirl (TVDB: 398876)                                                |
[2022-11-23 01:37:06,931] [builder.py:1982]           [INFO]     | Adult Swim Collection | ? | Shenmue the Animation (TVDB: 402726)                                   |
[2022-11-23 01:37:07,224] [builder.py:1982]           [INFO]     | Adult Swim Collection | ? | Joe Pera Talks with You (TVDB: 347590)                                 |
[2022-11-23 01:37:07,444] [builder.py:1982]           [INFO]     | Adult Swim Collection | ? | Delocated (TVDB: 85190)                                                |
[2022-11-23 01:37:07,665] [builder.py:1982]           [INFO]     | Adult Swim Collection | ? | Eagleheart (TVDB: 228751)                                              |
[2022-11-23 01:37:07,891] [builder.py:1982]           [INFO]     | Adult Swim Collection | ? | The Heart, She Holler (TVDB: 252567)                                   |
[2022-11-23 01:37:08,270] [builder.py:1982]           [INFO]     | Adult Swim Collection | ? | SuperMansion (TVDB: 300147)                                            |
[2022-11-23 01:37:08,545] [builder.py:1982]           [INFO]     | Adult Swim Collection | ? | Dream Corp LLC (TVDB: 317998)                                          |
[2022-11-23 01:37:08,792] [builder.py:1982]           [INFO]     | Adult Swim Collection | ? | The Shivering Truth (TVDB: 353366)                                     |
[2022-11-23 01:37:09,049] [builder.py:1982]           [INFO]     | Adult Swim Collection | ? | Decker (TVDB: 285378)                                                  |
[2022-11-23 01:37:09,277] [builder.py:1982]           [INFO]     | Adult Swim Collection | ? | Momma Named Me Sheriff (TVDB: 372586)                                  |
[2022-11-23 01:37:09,527] [builder.py:1982]           [INFO]     | Adult Swim Collection | ? | Loiter Squad (TVDB: 256596)                                            |
[2022-11-23 01:37:09,735] [builder.py:1982]           [INFO]     | Adult Swim Collection | ? | Tom Goes to the Mayor (TVDB: 75221)                                    |
[2022-11-23 01:37:09,934] [builder.py:1982]           [INFO]     | Adult Swim Collection | ? | Lucy, The Daughter of the Devil (TVDB: 79019)                          |
[2022-11-23 01:37:10,175] [builder.py:1982]           [INFO]     | Adult Swim Collection | ? | 12 oz. Mouse (TVDB: 79159)                                             |
[2022-11-23 01:37:10,442] [builder.py:1982]           [INFO]     | Adult Swim Collection | ? | Frisky Dingo (TVDB: 79930)                                             |
[2022-11-23 01:37:10,694] [builder.py:1982]           [INFO]     | Adult Swim Collection | ? | Three Busy Debras (TVDB: 377540)                                       |
[2022-11-23 01:37:10,934] [builder.py:1982]           [INFO]     | Adult Swim Collection | ? | Newsreaders (TVDB: 265579)                                             |
[2022-11-23 01:37:11,125] [builder.py:1982]           [INFO]     | Adult Swim Collection | ? | Minoriteam (TVDB: 79402)                                               |
[2022-11-23 01:37:11,325] [builder.py:1982]           [INFO]     | Adult Swim Collection | ? | Lazor Wulf (TVDB: 361911)                                              |
[2022-11-23 01:37:11,503] [builder.py:1982]           [INFO]     | Adult Swim Collection | ? | Uzumaki: Spiral into Horror (TVDB: 369026)                             |
[2022-11-23 01:37:11,712] [builder.py:1982]           [INFO]     | Adult Swim Collection | ? | Titan Maximum (TVDB: 116421)                                           |
[2022-11-23 01:37:11,766] [builder.py:1977]           [ERROR]    | TVDb Error: Could not find a TVDb Series using TVDb Series ID: 79396                               |
[2022-11-23 01:37:11,993] [builder.py:1982]           [INFO]     | Adult Swim Collection | ? | Stroker and Hoop (TVDB: 79207)                                         |
[2022-11-23 01:37:12,204] [builder.py:1982]           [INFO]     | Adult Swim Collection | ? | Teenage Euthanasia (TVDB: 357909)                                      |
[2022-11-23 01:37:12,429] [builder.py:1982]           [INFO]     | Adult Swim Collection | ? | YOLO: Crystal Fantasy (TVDB: 379568)                                   |
[2022-11-23 01:37:12,708] [builder.py:1982]           [INFO]     | Adult Swim Collection | ? | IGPX: Immortal Grand Prix (TVDB: 73011)                                |
[2022-11-23 01:37:12,959] [builder.py:1982]           [INFO]     | Adult Swim Collection | ? | Tim and Eric's Bedtime Stories (TVDB: 275104)                          |
[2022-11-23 01:37:13,238] [builder.py:1982]           [INFO]     | Adult Swim Collection | ? | The Brak Show (TVDB: 77118)                                            |
[2022-11-23 01:37:13,449] [builder.py:1982]           [INFO]     | Adult Swim Collection | ? | Ballmastrz: 9009 (TVDB: 344021)                                        |
[2022-11-23 01:37:13,685] [builder.py:1982]           [INFO]     | Adult Swim Collection | ? | Assy McGee (TVDB: 82661)                                               |
[2022-11-23 01:37:13,884] [builder.py:1982]           [INFO]     | Adult Swim Collection | ? | Beef House (TVDB: 377541)                                              |
[2022-11-23 01:37:14,080] [builder.py:1982]           [INFO]     | Adult Swim Collection | ? | The Jellies (TVDB: 336685)                                             |
[2022-11-23 01:37:14,285] [builder.py:1982]           [INFO]     | Adult Swim Collection | ? | Tropical Cop Tales (TVDB: 350875)                                      |
[2022-11-23 01:37:14,484] [builder.py:1982]           [INFO]     | Adult Swim Collection | ? | Million Dollar Extreme Presents: World Peace (TVDB: 315254)            |
[2022-11-23 01:37:14,734] [builder.py:1982]           [INFO]     | Adult Swim Collection | ? | Xavier: Renegade Angel (TVDB: 80923)                                   |
[2022-11-23 01:37:14,948] [builder.py:1982]           [INFO]     | Adult Swim Collection | ? | Hot Streets (TVDB: 339577)                                             |
[2022-11-23 01:37:15,118] [builder.py:1982]           [INFO]     | Adult Swim Collection | ? | King Star King (TVDB: 277952)                                          |
[2022-11-23 01:37:15,336] [builder.py:1982]           [INFO]     | Adult Swim Collection | ? | Tigtone (TVDB: 347654)                                                 |
[2022-11-23 01:37:15,523] [builder.py:1982]           [INFO]     | Adult Swim Collection | ? | The Bob Clampett Show (TVDB: 72930)                                    |
[2022-11-23 01:37:15,707] [builder.py:1982]           [INFO]     | Adult Swim Collection | ? | Perfect Hair Forever (TVDB: 79196)                                     |
[2022-11-23 01:37:15,902] [builder.py:1982]           [INFO]     | Adult Swim Collection | ? | G.I. Joe: Resolute (TVDB: 100491)                                      |
[2022-11-23 01:37:16,081] [builder.py:1982]           [INFO]     | Adult Swim Collection | ? | Saul of the Mole Men (TVDB: 79906)                                     |
[2022-11-23 01:37:16,242] [builder.py:1982]           [INFO]     | Adult Swim Collection | ? | Mongo Wrestling Alliance (TVDB: 225291)                                |
[2022-11-23 01:37:16,431] [builder.py:1982]           [INFO]     | Adult Swim Collection | ? | Fat Guy Stuck In Internet (TVDB: 82388)                                |
[2022-11-23 01:37:16,623] [builder.py:1982]           [INFO]     | Adult Swim Collection | ? | Saddle Rash (TVDB: 79208)                                              |
[2022-11-23 01:37:16,862] [builder.py:1982]           [INFO]     | Adult Swim Collection | ? | Mary Shelley's Frankenhole (TVDB: 172221)                              |
[2022-11-23 01:37:17,073] [builder.py:1982]           [INFO]     | Adult Swim Collection | ? | Cartoon Planet (TVDB: 76957)                                           |
[2022-11-23 01:37:17,295] [builder.py:1982]           [INFO]     | Adult Swim Collection | ? | JJ Villard's Fairy Tales (TVDB: 379608)                                |
[2022-11-23 01:37:17,497] [builder.py:1982]           [INFO]     | Adult Swim Collection | ? | The Drinky Crow Show (TVDB: 83931)                                     |
[2022-11-23 01:37:17,667] [builder.py:1982]           [INFO]     | Adult Swim Collection | ? | Mostly 4 Millennials (TVDB: 328617)                                    |
[2022-11-23 01:37:17,813] [builder.py:1982]           [INFO]     | Adult Swim Collection | ? | Royal Crackers (TVDB: 403176)                                          |
[2022-11-23 01:37:18,003] [builder.py:1982]           [INFO]     | Adult Swim Collection | ? | Neon Joe, Werewolf Hunter (TVDB: 281642)                               |
[2022-11-23 01:37:18,184] [builder.py:1982]           [INFO]     | Adult Swim Collection | ? | Young Person's Guide to History (TVDB: 83930)                          |
[2022-11-23 01:37:18,366] [builder.py:1982]           [INFO]     | Adult Swim Collection | ? | The Jack and Triumph Show (TVDB: 291766)                               |
[2022-11-23 01:37:18,581] [builder.py:1982]           [INFO]     | Adult Swim Collection | ? | Apollo Gauntlet (TVDB: 320739)                                         |
[2022-11-23 01:37:18,769] [builder.py:1982]           [INFO]     | Adult Swim Collection | ? | The Greatest Event in Television History (TVDB: 263711)                |
[2022-11-23 01:37:18,946] [builder.py:1982]           [INFO]     | Adult Swim Collection | ? | The Xtacles (TVDB: 83707)                                              |
[2022-11-23 01:37:19,143] [builder.py:1982]           [INFO]     | Adult Swim Collection | ? | Ninja Kamui (TVDB: 420280)                                             |
[2022-11-23 01:37:19,323] [builder.py:1982]           [INFO]     | Adult Swim Collection | ? | Gemusetto (TVDB: 365476)                                               |
[2022-11-23 01:37:19,526] [builder.py:1982]           [INFO]     | Adult Swim Collection | ? | Sand Whale and Me (TVDB: 325357)                                       |
[2022-11-23 01:37:19,711] [builder.py:1982]           [INFO]     | Adult Swim Collection | ? | Don't Feed the Humans (TVDB: 304854)                                   |
[2022-11-23 01:37:19,923] [builder.py:1982]           [INFO]     | Adult Swim Collection | ? | Soul Quest Overdrive (TVDB: 249055)                                    |
[2022-11-23 01:37:20,106] [builder.py:1982]           [INFO]     | Adult Swim Collection | ? | Our Bodies with Tim & Eric (TVDB: 366915)                              |
[2022-11-23 01:37:20,277] [builder.py:1982]           [INFO]     | Adult Swim Collection | ? | Dawaland (TVDB: 336501)                                                |
[2022-11-23 01:37:20,454] [builder.py:1982]           [INFO]     | Adult Swim Collection | ? | Dickie (TVDB: 376071)                                                  |
[2022-11-23 01:37:20,634] [builder.py:1982]           [INFO]     | Adult Swim Collection | ? | Southies (TVDB: 254250)                                                |
[2022-11-23 01:37:20,818] [builder.py:1982]           [INFO]     | Adult Swim Collection | ? | Paid Programming: Icelandic Ultra Blue (TVDB: 248938)                  |
[2022-11-23 01:37:20,973] [builder.py:1982]           [INFO]     | Adult Swim Collection | ? | Cheyenne Cinnamon and the Fantabulous Unicorn of Sugar Town Candy Fudge (TVDB: 155981) |
[2022-11-23 01:37:21,310] [builder.py:1982]           [INFO]     | Adult Swim Collection | ? | Carl's Pissed (TVDB: 85372)                                            |
[2022-11-23 01:37:21,476] [builder.py:1982]           [INFO]     | Adult Swim Collection | ? | The Rising Son (TVDB: 92081)                                           |
[2022-11-23 01:37:21,641] [builder.py:1982]           [INFO]     | Adult Swim Collection | ? | Welcome to Eltingville (TVDB: 122721)                                  |
[2022-11-23 01:37:21,641] [builder.py:1986]           [INFO]     |                                                                                                    |
[2022-11-23 01:37:21,641] [builder.py:1987]           [INFO]     | 106 Shows Missing                                                                                  |
[2022-11-23 01:37:21,731] [builder.py:2147]           [INFO]     |                                                                                                    |
[2022-11-23 01:37:21,731] [util.py:216]               [INFO]     |============================ Updating Details of Adult Swim Collection =============================|
[2022-11-23 01:37:21,731] [builder.py:2149]           [INFO]     |                                                                                                    |
[2022-11-23 01:37:21,740] [builder.py:2258]           [DEBUG]    | 1 posters found:                                                                                   |
[2022-11-23 01:37:21,740] [builder.py:2260]           [DEBUG]    | Method: url_poster Poster: https://theposterdb.com/api/assets/98825                                |
[2022-11-23 01:37:21,740] [builder.py:2327]           [INFO]     | No background collection detail or asset folder found                                              |
[2022-11-23 01:37:21,741] [library.py:147]            [INFO]     | Detail: poster update not needed                                                                   |
[2022-11-23 01:37:21,799] [plex_meta_manager.py:880]  [INFO]     |                                                                                                    |
[2022-11-23 01:37:21,799] [util.py:209]               [INFO]     |====================================================================================================|
[2022-11-23 01:37:21,800] [util.py:216]               [INFO]     |                                   Finished Adult Swim Collection                                   |
[2022-11-23 01:37:21,800] [util.py:216]               [INFO]     |                                    Collection Run Time: 0:00:30                                    |
[2022-11-23 01:37:21,800] [util.py:220]               [INFO]     |====================================================================================================|
