[2022-01-16 14:55:44,779] [util.py:209]               [INFO]     |====================================================================================================|
[2022-01-16 14:55:44,779] [util.py:216]               [INFO]     |                                 Sean Connery Collection in Movies                                  |
[2022-01-16 14:55:44,780] [util.py:220]               [INFO]     |====================================================================================================|
[2022-01-16 14:55:44,780] [plex_meta_manager.py:750]  [INFO]     |                                                                                                    |
[2022-01-16 14:55:44,781] [util.py:216]               [INFO]     |================================ Validating Sean Connery Attributes ================================|
[2022-01-16 14:55:44,781] [builder.py:265]            [DEBUG]    |                                                                                                    |
[2022-01-16 14:55:44,781] [builder.py:266]            [DEBUG]    | Validating Method: template                                                                        |
[2022-01-16 14:55:44,782] [meta.py:83]                [DEBUG]    | Value: ordereddict([('name', 'people'), ('person', 738)])                                          |
[2022-01-16 14:55:44,782] [builder.py:367]            [DEBUG]    |                                                                                                    |
[2022-01-16 14:55:44,782] [builder.py:368]            [DEBUG]    | Validating Method: tmdb_person                                                                     |
[2022-01-16 14:55:44,783] [builder.py:372]            [DEBUG]    | Value: 738                                                                                         |
[2022-01-16 14:55:44,929] [builder.py:453]            [DEBUG]    |                                                                                                    |
[2022-01-16 14:55:44,929] [builder.py:454]            [DEBUG]    | Validating Method: collection_order                                                                |
[2022-01-16 14:55:44,930] [builder.py:455]            [DEBUG]    | Value: release                                                                                     |
[2022-01-16 14:55:44,930] [builder.py:472]            [DEBUG]    |                                                                                                    |
[2022-01-16 14:55:44,930] [builder.py:473]            [DEBUG]    | Validating Method: actor                                                                           |
[2022-01-16 14:55:44,930] [builder.py:474]            [DEBUG]    | Value: tmdb                                                                                        |
[2022-01-16 14:55:44,972] [builder.py:472]            [DEBUG]    |                                                                                                    |
[2022-01-16 14:55:44,972] [builder.py:473]            [DEBUG]    | Validating Method: sort_title                                                                      |
[2022-01-16 14:55:44,972] [builder.py:474]            [DEBUG]    | Value: ++_Sean Connery                                                                             |
[2022-01-16 14:55:44,977] [plex.py:685]               [DEBUG]    | Looking for: Sean Connery                                                                          |
[2022-01-16 14:55:44,977] [builder.py:619]            [INFO]     |                                                                                                    |
[2022-01-16 14:55:44,978] [builder.py:620]            [INFO]     | Validation Successful                                                                              |
[2022-01-16 14:55:44,979] [plex_meta_manager.py:758]  [INFO]     |                                                                                                    |
[2022-01-16 14:55:44,979] [util.py:216]               [INFO]     |================================= Running Sean Connery Collection ==================================|
[2022-01-16 14:55:44,980] [plex_meta_manager.py:773]  [INFO]     |                                                                                                    |
[2022-01-16 14:55:44,980] [plex_meta_manager.py:774]  [INFO]     | Sync Mode: append                                                                                  |
[2022-01-16 14:55:44,980] [builder.py:1275]           [DEBUG]    |                                                                                                    |
[2022-01-16 14:55:44,980] [builder.py:1276]           [DEBUG]    | Builder: plex_search: (1, 'Plex Movie Search\nSort By: title.asc\nFilter:\n  Match any of the following:\n    Actor is Sean Connery', '?type=1&sort=titleSort&push=1&actor=25592&pop=1') |
[2022-01-16 14:55:44,981] [builder.py:1277]           [INFO]     |                                                                                                    |
[2022-01-16 14:55:44,981] [util.py:161]               [INFO]     | Plex Movie Search                                                                                  |
[2022-01-16 14:55:44,981] [util.py:161]               [INFO]     | Sort By: title.asc                                                                                 |
[2022-01-16 14:55:44,981] [util.py:161]               [INFO]     | Filter:                                                                                            |
[2022-01-16 14:55:44,982] [util.py:161]               [INFO]     |   Match any of the following:                                                                      |
[2022-01-16 14:55:44,982] [util.py:161]               [INFO]     |     Actor is Sean Connery                                                                          |
[2022-01-16 14:55:44,990] [plex.py:746]               [DEBUG]    |                                                                                                    |
[2022-01-16 14:55:44,990] [plex.py:747]               [DEBUG]    | 1 Keys Found: [(32642, 'ratingKey')]                                                               |
[2022-01-16 14:55:44,991] [builder.py:1282]           [DEBUG]    |                                                                                                    |
[2022-01-16 14:55:44,991] [builder.py:1283]           [DEBUG]    | 1 IDs Found: [(32642, 'ratingKey')]                                                                |
[2022-01-16 14:55:44,991] [builder.py:1284]           [DEBUG]    |                                                                                                    |
[2022-01-16 14:55:45,025] [builder.py:1697]           [INFO]     |                                                                                                    |
[2022-01-16 14:55:45,026] [util.py:216]               [INFO]     |================================ Adding to Sean Connery Collection =================================|
[2022-01-16 14:55:45,026] [builder.py:1699]           [INFO]     |                                                                                                    |
[2022-01-16 14:55:45,027] [builder.py:1709]           [INFO]     | 1/1 | Sean Connery Collection | + | Indiana Jones and the Last Crusade (1989)                      |
[2022-01-16 14:55:45,156] [builder.py:1734]           [INFO]     |                                                                                                    |
[2022-01-16 14:55:45,157] [builder.py:1735]           [INFO]     | 1 Movie Processed                                                                                  |
[2022-01-16 14:55:45,162] [builder.py:2147]           [INFO]     |                                                                                                    |
[2022-01-16 14:55:45,175] [util.py:216]               [INFO]     |=========================== Updating Details of Sean Connery Collection ============================|
[2022-01-16 14:55:45,176] [builder.py:2149]           [INFO]     |                                                                                                    |
[2022-01-16 14:55:45,176] [builder.py:2156]           [INFO]     | Detail: tmdb_person updated Collection Summary                                                     |
[2022-01-16 14:55:45,177] [builder.py:2193]           [INFO]     | Detail: sort_title updated Collection Sort Title to ++_Sean Connery                                |
[2022-01-16 14:55:45,178] [builder.py:2235]           [DEBUG]    | {'summary.value': 'Sir Thomas Sean Connery (25 August 1930 – 31 October 2020) was a Scottish actor and producer who won an Academy Award, two BAFTA Awards (one being a BAFTA Academy Fellowship Award), and three Golden Globes, including the Cecil B. DeMille Award and a Henrietta Award.\n\nConnery was the first actor to portray the character James Bond in film, starring in seven Bond films (every film from Dr. No to You Only Live Twice, plus Diamonds Are Forever and Never Say Never Again), between 1962 and 1983. In 1988, Connery won the Academy Award for Best Supporting Actor for his role in The Untouchables. His films also include Marnie (1964), Murder on the Orient Express (1974), The Man Who Would Be King (1975), A Bridge Too Far (1977), Highlander (1986), Indiana Jones and the Last Crusade (1989), The Hunt for Red October (1990), Dragonheart (1996), The Rock (1996), and Finding Forrester (2000).\n\nConnery was polled in a 2004 The Sunday Herald as "The Greatest Living Scot" and in a 2011 EuroMillions survey as "Scotland\'s Greatest Living National Treasure". He was voted by People magazine as both the “Sexiest Man Alive" in 1989 and the "Sexiest Man of the Century” in 1999. He received a lifetime achievement award in the United States with a Kennedy Center Honor in 1999. Connery was knighted in the 2000 New Year Honours for services to film drama.\n\nOn 31 October 2020, it was announced that Connery had died at the age of 90.\n\nDescription above from the Wikipedia article Sean Connery, licensed under CC-BY-SA, full list of contributors on Wikipedia', 'summary.locked': 1, 'titleSort.value': '++_Sean Connery', 'titleSort.locked': 1} |
[2022-01-16 14:55:45,199] [builder.py:2237]           [INFO]     | Details: have been updated                                                                         |
[2022-01-16 14:55:45,200] [builder.py:2258]           [DEBUG]    | 1 posters found:                                                                                   |
[2022-01-16 14:55:45,200] [builder.py:2260]           [DEBUG]    | Method: tmdb_person Poster: https://image.tmdb.org/t/p/original/jYCw9CzHbBkdVpTXGtnmbaCStoL.jpg    |
[2022-01-16 14:55:45,200] [builder.py:2327]           [INFO]     | No background collection detail or asset folder found                                              |
[2022-01-16 14:55:45,236] [library.py:145]            [INFO]     | Detail: tmdb_person updated poster to [URL] https://image.tmdb.org/t/p/original/jYCw9CzHbBkdVpTXGtnmbaCStoL.jpg |
[2022-01-16 14:55:45,446] [plex_meta_manager.py:880]  [INFO]     |                                                                                                    |
[2022-01-16 14:55:45,447] [util.py:209]               [INFO]     |====================================================================================================|
[2022-01-16 14:55:45,447] [util.py:216]               [INFO]     |                                  Finished Sean Connery Collection                                  |
[2022-01-16 14:55:45,448] [util.py:216]               [INFO]     |                                    Collection Run Time: 0:00:00                                    |
[2022-01-16 14:55:45,448] [util.py:220]               [INFO]     |====================================================================================================|
