[2022-01-16 14:55:08,911] [util.py:209]               [INFO]     |====================================================================================================|
[2022-01-16 14:55:08,911] [util.py:216]               [INFO]     |                                 James Cameron Collection in Movies                                 |
[2022-01-16 14:55:08,912] [util.py:220]               [INFO]     |====================================================================================================|
[2022-01-16 14:55:08,912] [plex_meta_manager.py:750]  [INFO]     |                                                                                                    |
[2022-01-16 14:55:08,913] [util.py:216]               [INFO]     |=============================== Validating James Cameron Attributes ================================|
[2022-01-16 14:55:08,913] [builder.py:265]            [DEBUG]    |                                                                                                    |
[2022-01-16 14:55:08,913] [builder.py:266]            [DEBUG]    | Validating Method: template                                                                        |
[2022-01-16 14:55:08,914] [meta.py:83]                [DEBUG]    | Value: ordereddict([('name', 'people'), ('person', 2710)])                                         |
[2022-01-16 14:55:08,914] [builder.py:367]            [DEBUG]    |                                                                                                    |
[2022-01-16 14:55:08,914] [builder.py:368]            [DEBUG]    | Validating Method: tmdb_person                                                                     |
[2022-01-16 14:55:08,915] [builder.py:372]            [DEBUG]    | Value: 2710                                                                                        |
[2022-01-16 14:55:09,054] [builder.py:453]            [DEBUG]    |                                                                                                    |
[2022-01-16 14:55:09,055] [builder.py:454]            [DEBUG]    | Validating Method: collection_order                                                                |
[2022-01-16 14:55:09,055] [builder.py:455]            [DEBUG]    | Value: release                                                                                     |
[2022-01-16 14:55:09,056] [builder.py:472]            [DEBUG]    |                                                                                                    |
[2022-01-16 14:55:09,056] [builder.py:473]            [DEBUG]    | Validating Method: director                                                                        |
[2022-01-16 14:55:09,056] [builder.py:474]            [DEBUG]    | Value: tmdb                                                                                        |
[2022-01-16 14:55:09,066] [builder.py:472]            [DEBUG]    |                                                                                                    |
[2022-01-16 14:55:09,067] [builder.py:473]            [DEBUG]    | Validating Method: actor                                                                           |
[2022-01-16 14:55:09,067] [builder.py:474]            [DEBUG]    | Value: tmdb                                                                                        |
[2022-01-16 14:55:09,102] [util.py:162]               [DEBUG]    | Traceback (most recent call last):                                                                 |
[2022-01-16 14:55:09,102] [util.py:162]               [DEBUG]    |   File "E:\Plex Media Manager\Plex-Meta-Manager\plex_meta_manager.py", line 757, in run_collection |
[2022-01-16 14:55:09,103] [util.py:162]               [DEBUG]    |     builder = CollectionBuilder(config, library, metadata, mapping_name, no_missing, collection_attrs) |
[2022-01-16 14:55:09,103] [util.py:162]               [DEBUG]    |   File "E:\Plex Media Manager\Plex-Meta-Manager\modules\builder.py", line 543, in __init__         |
[2022-01-16 14:55:09,103] [util.py:162]               [DEBUG]    |     self._plex(method_name, method_data)                                                           |
[2022-01-16 14:55:09,104] [util.py:162]               [DEBUG]    |   File "E:\Plex Media Manager\Plex-Meta-Manager\modules\builder.py", line 1075, in _plex           |
[2022-01-16 14:55:09,104] [util.py:162]               [DEBUG]    |     self.builders.append(("plex_search", self.build_filter("plex_search", {"any": {method_name: method_data}}))) |
[2022-01-16 14:55:09,104] [util.py:162]               [DEBUG]    |   File "E:\Plex Media Manager\Plex-Meta-Manager\modules\builder.py", line 1582, in build_filter    |
[2022-01-16 14:55:09,104] [util.py:162]               [DEBUG]    |     built_filter, filter_text = _filter(base_dict, is_all=base_all)                                |
[2022-01-16 14:55:09,104] [util.py:162]               [DEBUG]    |   File "E:\Plex Media Manager\Plex-Meta-Manager\modules\builder.py", line 1532, in _filter         |
[2022-01-16 14:55:09,105] [util.py:162]               [DEBUG]    |     validation = self.validate_attribute(attr, modifier, final_attr, _data, validate, pairs=True)  |
[2022-01-16 14:55:09,105] [util.py:162]               [DEBUG]    |   File "E:\Plex Media Manager\Plex-Meta-Manager\modules\builder.py", line 1648, in validate_attribute |
[2022-01-16 14:55:09,105] [util.py:162]               [DEBUG]    |     raise Failed(error)                                                                            |
[2022-01-16 14:55:09,105] [util.py:162]               [DEBUG]    | modules.util.Failed: Plex Error: actor: James Cameron not found                                    |
[2022-01-16 14:55:09,106] [util.py:162]               [DEBUG]    |                                                                                                    |
[2022-01-16 14:55:09,106] [util.py:159]               [ERROR]    | Plex Error: actor: James Cameron not found                                                         |
[2022-01-16 14:55:09,106] [plex_meta_manager.py:880]  [INFO]     |                                                                                                    |
[2022-01-16 14:55:09,107] [util.py:209]               [INFO]     |====================================================================================================|
[2022-01-16 14:55:09,107] [util.py:216]               [INFO]     |                                 Finished James Cameron Collection                                  |
[2022-01-16 14:55:09,107] [util.py:216]               [INFO]     |                                    Collection Run Time: 0:00:00                                    |
[2022-01-16 14:55:09,108] [util.py:220]               [INFO]     |====================================================================================================|
