[2022-10-28 01:16:49,093] [util.py:209]               [INFO]     |====================================================================================================|
[2022-10-28 01:16:49,093] [util.py:216]               [INFO]     |                               Best Blockbusters Collection in Movies                               |
[2022-10-28 01:16:49,093] [util.py:220]               [INFO]     |====================================================================================================|
[2022-10-28 01:16:49,093] [plex_meta_manager.py:750]  [INFO]     |                                                                                                    |
[2022-10-28 01:16:49,094] [util.py:216]               [INFO]     |============================= Validating Best Blockbusters Attributes ==============================|
[2022-10-28 01:16:49,094] [builder.py:265]            [DEBUG]    |                                                                                                    |
[2022-10-28 01:16:49,094] [builder.py:266]            [DEBUG]    | Validating Method: template                                                                        |
[2022-10-28 01:16:49,095] [meta.py:83]                [DEBUG]    | Value: ordereddict([('name', 'Holiday'), ('poster', './config/posters/paintings/summers_blockbuster.jpg')]) |
[2022-10-28 01:16:49,095] [builder.py:273]            [DEBUG]    |                                                                                                    |
[2022-10-28 01:16:49,095] [builder.py:274]            [DEBUG]    | Validating Method: delete_not_scheduled                                                            |
[2022-10-28 01:16:49,095] [builder.py:275]            [DEBUG]    | Value: True                                                                                        |
[2022-10-28 01:16:49,096] [builder.py:279]            [DEBUG]    |                                                                                                    |
[2022-10-28 01:16:49,096] [builder.py:280]            [DEBUG]    | Validating Method: schedule                                                                        |
[2022-10-28 01:16:49,096] [builder.py:284]            [DEBUG]    | Value: range(06/25-07/15)                                                                          |
[2022-10-28 01:16:49,099] [plex.py:685]               [DEBUG]    | Looking for: Best Blockbusters                                                                     |
[2022-10-28 01:16:49,099] [util.py:161]               [INFO]     |                                                                                                    |
[2022-10-28 01:16:49,099] [util.py:161]               [INFO]     | Scheduled between June 25th and July 15th                                                          |
[2022-10-28 01:16:49,099] [util.py:161]               [INFO]     |                                                                                                    |
[2022-10-28 01:16:49,100] [util.py:161]               [INFO]     | Collection Best Blockbusters not scheduled to run and could not be found to delete                 |
[2022-10-28 01:16:49,100] [plex_meta_manager.py:880]  [INFO]     |                                                                                                    |
[2022-10-28 01:16:49,100] [util.py:209]               [INFO]     |====================================================================================================|
[2022-10-28 01:16:49,100] [util.py:216]               [INFO]     |                               Finished Best Blockbusters Collection                                |
[2022-10-28 01:16:49,101] [util.py:216]               [INFO]     |                                    Collection Run Time: 0:00:00                                    |
[2022-10-28 01:16:49,102] [util.py:220]               [INFO]     |====================================================================================================|
