[2022-11-07 00:11:36,746] [util.py:209]               [INFO]     |====================================================================================================|
[2022-11-07 00:11:36,746] [util.py:216]               [INFO]     |                                 Studio Ghibli Collection in Movies                                 |
[2022-11-07 00:11:36,747] [util.py:220]               [INFO]     |====================================================================================================|
[2022-11-07 00:11:36,747] [plex_meta_manager.py:750]  [INFO]     |                                                                                                    |
[2022-11-07 00:11:36,747] [util.py:216]               [INFO]     |=============================== Validating Studio Ghibli Attributes ================================|
[2022-11-07 00:11:36,748] [builder.py:265]            [DEBUG]    |                                                                                                    |
[2022-11-07 00:11:36,748] [builder.py:266]            [DEBUG]    | Validating Method: template                                                                        |
[2022-11-07 00:11:36,748] [meta.py:83]                [DEBUG]    | Value: ordereddict([('name', 'Studio'), ('studio', 'Studio Ghibli'), ('poster', 'https://theposterdb.com/api/assets/32223')]) |
[2022-11-07 00:11:36,749] [builder.py:453]            [DEBUG]    |                                                                                                    |
[2022-11-07 00:11:36,749] [builder.py:454]            [DEBUG]    | Validating Method: collection_order                                                                |
[2022-11-07 00:11:36,749] [builder.py:455]            [DEBUG]    | Value: alpha                                                                                       |
[2022-11-07 00:11:36,750] [builder.py:472]            [DEBUG]    |                                                                                                    |
[2022-11-07 00:11:36,750] [builder.py:473]            [DEBUG]    | Validating Method: summary                                                                         |
[2022-11-07 00:11:36,750] [builder.py:474]            [DEBUG]    | Value: Studio Ghibli Inc. is a Japanese animation film studio headquartered in Koganei, Tokyo. The studio is best known for its animated feature films, and has also produced several short films, television commercials, and one television film. The studio’s mascot and most recognizable symbol is the character, Totoro, a giant cat-like spirit from the 1988 classic, My Neighbor Totoro. |
[2022-11-07 00:11:36,751] [builder.py:472]            [DEBUG]    |                                                                                                    |
[2022-11-07 00:11:36,751] [builder.py:473]            [DEBUG]    | Validating Method: radarr_add_missing                                                              |
[2022-11-07 00:11:36,751] [builder.py:474]            [DEBUG]    | Value: True                                                                                        |
[2022-11-07 00:11:36,751] [builder.py:472]            [DEBUG]    |                                                                                                    |
[2022-11-07 00:11:36,752] [builder.py:473]            [DEBUG]    | Validating Method: plex_search                                                                     |
[2022-11-07 00:11:36,752] [builder.py:474]            [DEBUG]    | Value: {'studio': 'Studio Ghibli'}                                                                 |
[2022-11-07 00:11:36,752] [builder.py:472]            [DEBUG]    |                                                                                                    |
[2022-11-07 00:11:36,752] [builder.py:473]            [DEBUG]    | Validating Method: url_poster                                                                      |
[2022-11-07 00:11:36,753] [builder.py:474]            [DEBUG]    | Value: https://theposterdb.com/api/assets/32223                                                    |
[2022-11-07 00:11:36,753] [builder.py:472]            [DEBUG]    |                                                                                                    |
[2022-11-07 00:11:36,753] [builder.py:473]            [DEBUG]    | Validating Method: sort_title                                                                      |
[2022-11-07 00:11:36,753] [builder.py:474]            [DEBUG]    | Value: 00000e_Studio Ghibli                                                                        |
[2022-11-07 00:11:36,921] [builder.py:619]            [INFO]     |                                                                                                    |
[2022-11-07 00:11:36,922] [builder.py:620]            [INFO]     | Validation Successful                                                                              |
[2022-11-07 00:11:36,922] [plex_meta_manager.py:758]  [INFO]     |                                                                                                    |
[2022-11-07 00:11:36,923] [util.py:216]               [INFO]     |================================= Running Studio Ghibli Collection =================================|
[2022-11-07 00:11:36,923] [plex_meta_manager.py:773]  [INFO]     |                                                                                                    |
[2022-11-07 00:11:36,923] [plex_meta_manager.py:774]  [INFO]     | Sync Mode: append                                                                                  |
[2022-11-07 00:11:36,924] [builder.py:1275]           [DEBUG]    |                                                                                                    |
[2022-11-07 00:11:36,924] [builder.py:1276]           [DEBUG]    | Builder: plex_search: (1, 'Plex Movie Search\nSort By: title.asc\nFilter:\n  Match all of the following:\n    Match any of the following:\n      Studio contains Studio Ghibli', '?type=1&sort=titleSort&push=1&studio=Studio%20Ghibli&pop=1') |
[2022-11-07 00:11:36,924] [builder.py:1277]           [INFO]     |                                                                                                    |
[2022-11-07 00:11:36,925] [util.py:161]               [INFO]     | Plex Movie Search                                                                                  |
[2022-11-07 00:11:36,925] [util.py:161]               [INFO]     | Sort By: title.asc                                                                                 |
[2022-11-07 00:11:36,925] [util.py:161]               [INFO]     | Filter:                                                                                            |
[2022-11-07 00:11:36,926] [util.py:161]               [INFO]     |   Match all of the following:                                                                      |
[2022-11-07 00:11:36,926] [util.py:161]               [INFO]     |     Match any of the following:                                                                    |
[2022-11-07 00:11:36,926] [util.py:161]               [INFO]     |       Studio contains Studio Ghibli                                                                |
[2022-11-07 00:11:36,963] [plex.py:748]               [DEBUG]    |                                                                                                    |
[2022-11-07 00:11:36,963] [plex.py:749]               [DEBUG]    | 13 Keys Found: [(99018, 'ratingKey'), (100167, 'ratingKey'), (102200, 'ratingKey'), (101181, 'ratingKey'), (102146, 'ratingKey'), (102144, 'ratingKey'), (100603, 'ratingKey'), (100510, 'ratingKey'), (100660, 'ratingKey'), (100439, 'ratingKey'), (100527, 'ratingKey'), (102159, 'ratingKey'), (102330, 'ratingKey')] |
[2022-11-07 00:11:36,964] [builder.py:1282]           [DEBUG]    |                                                                                                    |
[2022-11-07 00:11:36,964] [builder.py:1283]           [DEBUG]    | 13 IDs Found: [(99018, 'ratingKey'), (100167, 'ratingKey'), (102200, 'ratingKey'), (101181, 'ratingKey'), (102146, 'ratingKey'), (102144, 'ratingKey'), (100603, 'ratingKey'), (100510, 'ratingKey'), (100660, 'ratingKey'), (100439, 'ratingKey'), (100527, 'ratingKey'), (102159, 'ratingKey'), (102330, 'ratingKey')] |
[2022-11-07 00:11:36,964] [builder.py:1284]           [DEBUG]    |                                                                                                    |
[2022-11-07 00:11:40,557] [builder.py:1697]           [INFO]     |                                                                                                    |
[2022-11-07 00:11:40,558] [util.py:216]               [INFO]     |================================ Adding to Studio Ghibli Collection ================================|
[2022-11-07 00:11:40,558] [builder.py:1699]           [INFO]     |                                                                                                    |
[2022-11-07 00:11:40,558] [builder.py:1709]           [INFO]     |  1/13 | Studio Ghibli Collection | = | Castle in the Sky (1986)                                    |
[2022-11-07 00:11:40,559] [builder.py:1709]           [INFO]     |  2/13 | Studio Ghibli Collection | = | From Up on Poppy Hill (2011)                                |
[2022-11-07 00:11:40,559] [builder.py:1709]           [INFO]     |  3/13 | Studio Ghibli Collection | = | Grave of the Fireflies (1988)                               |
[2022-11-07 00:11:40,560] [builder.py:1709]           [INFO]     |  4/13 | Studio Ghibli Collection | = | Howl's Moving Castle (2004)                                 |
[2022-11-07 00:11:40,560] [builder.py:1709]           [INFO]     |  5/13 | Studio Ghibli Collection | = | Kiki's Delivery Service (1989)                              |
[2022-11-07 00:11:40,560] [builder.py:1709]           [INFO]     |  6/13 | Studio Ghibli Collection | = | My Neighbor Totoro (1988)                                   |
[2022-11-07 00:11:40,561] [builder.py:1709]           [INFO]     |  7/13 | Studio Ghibli Collection | = | My Neighbors the Yamadas (1999)                             |
[2022-11-07 00:11:40,561] [builder.py:1709]           [INFO]     |  8/13 | Studio Ghibli Collection | = | Ocean Waves (1993)                                          |
[2022-11-07 00:11:40,562] [builder.py:1709]           [INFO]     |  9/13 | Studio Ghibli Collection | = | Only Yesterday (1991)                                       |
[2022-11-07 00:11:40,562] [builder.py:1709]           [INFO]     | 10/13 | Studio Ghibli Collection | = | Pom Poko (1994)                                             |
[2022-11-07 00:11:40,562] [builder.py:1709]           [INFO]     | 11/13 | Studio Ghibli Collection | = | Porco Rosso (1992)                                          |
[2022-11-07 00:11:40,563] [builder.py:1709]           [INFO]     | 12/13 | Studio Ghibli Collection | = | Spirited Away (2001)                                        |
[2022-11-07 00:11:40,563] [builder.py:1709]           [INFO]     | 13/13 | Studio Ghibli Collection | = | Tales from Earthsea (2006)                                  |
[2022-11-07 00:11:40,563] [builder.py:1734]           [INFO]     |                                                                                                    |
[2022-11-07 00:11:40,564] [builder.py:1735]           [INFO]     | 13 Movies Processed                                                                                |
[2022-11-07 00:11:40,569] [builder.py:2147]           [INFO]     |                                                                                                    |
[2022-11-07 00:11:40,569] [util.py:216]               [INFO]     |=========================== Updating Details of Studio Ghibli Collection ===========================|
[2022-11-07 00:11:40,569] [builder.py:2149]           [INFO]     |                                                                                                    |
[2022-11-07 00:11:40,570] [builder.py:2156]           [INFO]     | Detail: summary updated Collection Summary                                                         |
[2022-11-07 00:11:40,570] [builder.py:2258]           [DEBUG]    | 1 posters found:                                                                                   |
[2022-11-07 00:11:40,571] [builder.py:2260]           [DEBUG]    | Method: url_poster Poster: https://theposterdb.com/api/assets/32223                                |
[2022-11-07 00:11:40,571] [builder.py:2327]           [INFO]     | No background collection detail or asset folder found                                              |
[2022-11-07 00:11:40,572] [library.py:147]            [INFO]     | Detail: poster update not needed                                                                   |
[2022-11-07 00:11:40,734] [plex_meta_manager.py:880]  [INFO]     |                                                                                                    |
[2022-11-07 00:11:40,734] [util.py:209]               [INFO]     |====================================================================================================|
[2022-11-07 00:11:40,735] [util.py:216]               [INFO]     |                                 Finished Studio Ghibli Collection                                  |
[2022-11-07 00:11:40,735] [util.py:216]               [INFO]     |                                    Collection Run Time: 0:00:03                                    |
[2022-11-07 00:11:40,735] [util.py:220]               [INFO]     |====================================================================================================|
