[2022-11-06 23:20:04,962] [util.py:209]               [INFO]     |====================================================================================================|
[2022-11-06 23:20:04,963] [util.py:216]               [INFO]     |                                 Blade Runner Collection in Movies                                  |
[2022-11-06 23:20:04,963] [util.py:220]               [INFO]     |====================================================================================================|
[2022-11-06 23:20:04,963] [plex_meta_manager.py:750]  [INFO]     |                                                                                                    |
[2022-11-06 23:20:04,964] [util.py:216]               [INFO]     |================================ Validating Blade Runner Attributes ================================|
[2022-11-06 23:20:04,964] [builder.py:265]            [DEBUG]    |                                                                                                    |
[2022-11-06 23:20:04,965] [builder.py:266]            [DEBUG]    | Validating Method: template                                                                        |
[2022-11-06 23:20:04,965] [meta.py:83]                [DEBUG]    | Value: ordereddict([('name', 'Movie'), ('collection', 422837), ('summary', None), (422837, None), ('poster', 'https://theposterdb.com/api/assets/6081')]) |
[2022-11-06 23:20:04,965] [builder.py:330]            [DEBUG]    |                                                                                                    |
[2022-11-06 23:20:04,965] [builder.py:331]            [DEBUG]    | Validating Method: sync_mode                                                                       |
[2022-11-06 23:20:04,966] [builder.py:335]            [DEBUG]    | Value: sync                                                                                        |
[2022-11-06 23:20:04,966] [builder.py:453]            [DEBUG]    |                                                                                                    |
[2022-11-06 23:20:04,966] [builder.py:454]            [DEBUG]    | Validating Method: collection_order                                                                |
[2022-11-06 23:20:04,966] [builder.py:455]            [DEBUG]    | Value: release                                                                                     |
[2022-11-06 23:20:04,967] [builder.py:472]            [DEBUG]    |                                                                                                    |
[2022-11-06 23:20:04,967] [builder.py:473]            [DEBUG]    | Validating Method: url_poster                                                                      |
[2022-11-06 23:20:04,967] [builder.py:474]            [DEBUG]    | Value: https://theposterdb.com/api/assets/6081                                                     |
[2022-11-06 23:20:04,967] [builder.py:472]            [DEBUG]    |                                                                                                    |
[2022-11-06 23:20:04,968] [builder.py:473]            [DEBUG]    | Validating Method: tmdb_collection                                                                 |
[2022-11-06 23:20:04,968] [builder.py:474]            [DEBUG]    | Value: 422837                                                                                      |
[2022-11-06 23:20:05,081] [builder.py:472]            [DEBUG]    |                                                                                                    |
[2022-11-06 23:20:05,082] [builder.py:473]            [DEBUG]    | Validating Method: sort_title                                                                      |
[2022-11-06 23:20:05,082] [builder.py:474]            [DEBUG]    | Value: 00000f_Blade Runner                                                                         |
[2022-11-06 23:20:05,082] [builder.py:472]            [DEBUG]    |                                                                                                    |
[2022-11-06 23:20:05,083] [builder.py:473]            [DEBUG]    | Validating Method: radarr_add_missing                                                              |
[2022-11-06 23:20:05,083] [builder.py:474]            [DEBUG]    | Value: True                                                                                        |
[2022-11-06 23:20:05,240] [builder.py:619]            [INFO]     |                                                                                                    |
[2022-11-06 23:20:05,240] [builder.py:620]            [INFO]     | Validation Successful                                                                              |
[2022-11-06 23:20:05,241] [plex_meta_manager.py:758]  [INFO]     |                                                                                                    |
[2022-11-06 23:20:05,241] [util.py:216]               [INFO]     |================================= Running Blade Runner Collection ==================================|
[2022-11-06 23:20:05,242] [plex_meta_manager.py:773]  [INFO]     |                                                                                                    |
[2022-11-06 23:20:05,242] [plex_meta_manager.py:774]  [INFO]     | Sync Mode: sync                                                                                    |
[2022-11-06 23:20:05,242] [builder.py:1275]           [DEBUG]    |                                                                                                    |
[2022-11-06 23:20:05,242] [builder.py:1276]           [DEBUG]    | Builder: tmdb_collection: 422837                                                                   |
[2022-11-06 23:20:05,243] [builder.py:1277]           [INFO]     |                                                                                                    |
[2022-11-06 23:20:05,243] [tmdb.py:323]               [INFO]     | Processing TMDb Collection: (422837) Blade Runner Collection (2 Items)                             |
[2022-11-06 23:20:05,243] [builder.py:1282]           [DEBUG]    |                                                                                                    |
[2022-11-06 23:20:05,244] [builder.py:1283]           [DEBUG]    | 2 IDs Found: [(78, 'tmdb'), (335984, 'tmdb')]                                                      |
[2022-11-06 23:20:05,244] [builder.py:1284]           [DEBUG]    |                                                                                                    |
[2022-11-06 23:20:05,299] [builder.py:1697]           [INFO]     |                                                                                                    |
[2022-11-06 23:20:05,300] [util.py:216]               [INFO]     |================================ Adding to Blade Runner Collection =================================|
[2022-11-06 23:20:05,300] [builder.py:1699]           [INFO]     |                                                                                                    |
[2022-11-06 23:20:05,300] [builder.py:1709]           [INFO]     | 1/2 | Blade Runner Collection | = | Blade Runner (1982)                                            |
[2022-11-06 23:20:05,301] [builder.py:1709]           [INFO]     | 2/2 | Blade Runner Collection | = | Blade Runner 2049 (2017)                                       |
[2022-11-06 23:20:05,301] [builder.py:1734]           [INFO]     |                                                                                                    |
[2022-11-06 23:20:05,301] [builder.py:1735]           [INFO]     | 2 Movies Processed                                                                                 |
[2022-11-06 23:20:05,306] [builder.py:2147]           [INFO]     |                                                                                                    |
[2022-11-06 23:20:05,306] [util.py:216]               [INFO]     |=========================== Updating Details of Blade Runner Collection ============================|
[2022-11-06 23:20:05,306] [builder.py:2149]           [INFO]     |                                                                                                    |
[2022-11-06 23:20:05,307] [builder.py:2258]           [DEBUG]    | 1 posters found:                                                                                   |
[2022-11-06 23:20:05,307] [builder.py:2260]           [DEBUG]    | Method: url_poster Poster: https://theposterdb.com/api/assets/6081                                 |
[2022-11-06 23:20:05,307] [builder.py:2327]           [INFO]     | No background collection detail or asset folder found                                              |
[2022-11-06 23:20:05,313] [library.py:147]            [INFO]     | Detail: poster update not needed                                                                   |
[2022-11-06 23:20:05,458] [plex_meta_manager.py:880]  [INFO]     |                                                                                                    |
[2022-11-06 23:20:05,458] [util.py:209]               [INFO]     |====================================================================================================|
[2022-11-06 23:20:05,458] [util.py:216]               [INFO]     |                                  Finished Blade Runner Collection                                  |
[2022-11-06 23:20:05,459] [util.py:216]               [INFO]     |                                    Collection Run Time: 0:00:00                                    |
[2022-11-06 23:20:05,459] [util.py:220]               [INFO]     |====================================================================================================|
