[2022-01-16 14:54:34,701] [util.py:209]               [INFO]     |====================================================================================================|
[2022-01-16 14:54:34,701] [util.py:216]               [INFO]     |                                   Brad Pitt Collection in Movies                                   |
[2022-01-16 14:54:34,702] [util.py:220]               [INFO]     |====================================================================================================|
[2022-01-16 14:54:34,702] [plex_meta_manager.py:750]  [INFO]     |                                                                                                    |
[2022-01-16 14:54:34,703] [util.py:216]               [INFO]     |================================= Validating Brad Pitt Attributes ==================================|
[2022-01-16 14:54:34,704] [builder.py:265]            [DEBUG]    |                                                                                                    |
[2022-01-16 14:54:34,704] [builder.py:266]            [DEBUG]    | Validating Method: template                                                                        |
[2022-01-16 14:54:34,704] [meta.py:83]                [DEBUG]    | Value: ordereddict([('name', 'people'), ('person', 287)])                                          |
[2022-01-16 14:54:34,705] [builder.py:367]            [DEBUG]    |                                                                                                    |
[2022-01-16 14:54:34,705] [builder.py:368]            [DEBUG]    | Validating Method: tmdb_person                                                                     |
[2022-01-16 14:54:34,705] [builder.py:372]            [DEBUG]    | Value: 287                                                                                         |
[2022-01-16 14:54:34,857] [builder.py:453]            [DEBUG]    |                                                                                                    |
[2022-01-16 14:54:34,858] [builder.py:454]            [DEBUG]    | Validating Method: collection_order                                                                |
[2022-01-16 14:54:34,858] [builder.py:455]            [DEBUG]    | Value: release                                                                                     |
[2022-01-16 14:54:34,858] [builder.py:472]            [DEBUG]    |                                                                                                    |
[2022-01-16 14:54:34,859] [builder.py:473]            [DEBUG]    | Validating Method: actor                                                                           |
[2022-01-16 14:54:34,859] [builder.py:474]            [DEBUG]    | Value: tmdb                                                                                        |
[2022-01-16 14:54:34,898] [builder.py:472]            [DEBUG]    |                                                                                                    |
[2022-01-16 14:54:34,899] [builder.py:473]            [DEBUG]    | Validating Method: sort_title                                                                      |
[2022-01-16 14:54:34,899] [builder.py:474]            [DEBUG]    | Value: ++_Brad Pitt                                                                                |
[2022-01-16 14:54:34,903] [plex.py:685]               [DEBUG]    | Looking for: Brad Pitt                                                                             |
[2022-01-16 14:54:34,904] [builder.py:619]            [INFO]     |                                                                                                    |
[2022-01-16 14:54:34,904] [builder.py:620]            [INFO]     | Validation Successful                                                                              |
[2022-01-16 14:54:34,906] [plex_meta_manager.py:758]  [INFO]     |                                                                                                    |
[2022-01-16 14:54:34,907] [util.py:216]               [INFO]     |=================================== Running Brad Pitt Collection ===================================|
[2022-01-16 14:54:34,907] [plex_meta_manager.py:773]  [INFO]     |                                                                                                    |
[2022-01-16 14:54:34,908] [plex_meta_manager.py:774]  [INFO]     | Sync Mode: append                                                                                  |
[2022-01-16 14:54:34,908] [builder.py:1275]           [DEBUG]    |                                                                                                    |
[2022-01-16 14:54:34,909] [builder.py:1276]           [DEBUG]    | Builder: plex_search: (1, 'Plex Movie Search\nSort By: title.asc\nFilter:\n  Match any of the following:\n    Actor is Brad Pitt', '?type=1&sort=titleSort&push=1&actor=16581&pop=1') |
[2022-01-16 14:54:34,909] [builder.py:1277]           [INFO]     |                                                                                                    |
[2022-01-16 14:54:34,909] [util.py:161]               [INFO]     | Plex Movie Search                                                                                  |
[2022-01-16 14:54:34,910] [util.py:161]               [INFO]     | Sort By: title.asc                                                                                 |
[2022-01-16 14:54:34,910] [util.py:161]               [INFO]     | Filter:                                                                                            |
[2022-01-16 14:54:34,910] [util.py:161]               [INFO]     |   Match any of the following:                                                                      |
[2022-01-16 14:54:34,910] [util.py:161]               [INFO]     |     Actor is Brad Pitt                                                                             |
[2022-01-16 14:54:34,934] [plex.py:746]               [DEBUG]    |                                                                                                    |
[2022-01-16 14:54:34,934] [plex.py:747]               [DEBUG]    | 5 Keys Found: [(31244, 'ratingKey'), (32422, 'ratingKey'), (32417, 'ratingKey'), (32418, 'ratingKey'), (32427, 'ratingKey')] |
[2022-01-16 14:54:34,935] [builder.py:1282]           [DEBUG]    |                                                                                                    |
[2022-01-16 14:54:34,935] [builder.py:1283]           [DEBUG]    | 5 IDs Found: [(31244, 'ratingKey'), (32422, 'ratingKey'), (32417, 'ratingKey'), (32418, 'ratingKey'), (32427, 'ratingKey')] |
[2022-01-16 14:54:34,935] [builder.py:1284]           [DEBUG]    |                                                                                                    |
[2022-01-16 14:54:35,368] [builder.py:1697]           [INFO]     |                                                                                                    |
[2022-01-16 14:54:35,368] [util.py:216]               [INFO]     |================================== Adding to Brad Pitt Collection ==================================|
[2022-01-16 14:54:35,369] [builder.py:1699]           [INFO]     |                                                                                                    |
[2022-01-16 14:54:35,369] [builder.py:1709]           [INFO]     | 1/5 | Brad Pitt Collection | + | The Assassination of Jesse James by the Coward Robert Ford (2007) |
[2022-01-16 14:54:35,486] [builder.py:1709]           [INFO]     | 2/5 | Brad Pitt Collection | + | Fight Club (1999)                                                 |
[2022-01-16 14:54:35,592] [builder.py:1709]           [INFO]     | 3/5 | Brad Pitt Collection | + | Inglourious Basterds (2009)                                       |
[2022-01-16 14:54:35,741] [builder.py:1709]           [INFO]     | 4/5 | Brad Pitt Collection | + | Once Upon a Time... In Hollywood (2019)                           |
[2022-01-16 14:54:35,872] [builder.py:1709]           [INFO]     | 5/5 | Brad Pitt Collection | + | Thelma & Louise (1991)                                            |
[2022-01-16 14:54:36,242] [builder.py:1734]           [INFO]     |                                                                                                    |
[2022-01-16 14:54:36,242] [builder.py:1735]           [INFO]     | 5 Movies Processed                                                                                 |
[2022-01-16 14:54:36,247] [builder.py:2147]           [INFO]     |                                                                                                    |
[2022-01-16 14:54:36,247] [util.py:216]               [INFO]     |============================= Updating Details of Brad Pitt Collection =============================|
[2022-01-16 14:54:36,248] [builder.py:2149]           [INFO]     |                                                                                                    |
[2022-01-16 14:54:36,248] [builder.py:2156]           [INFO]     | Detail: tmdb_person updated Collection Summary                                                     |
[2022-01-16 14:54:36,249] [builder.py:2193]           [INFO]     | Detail: sort_title updated Collection Sort Title to ++_Brad Pitt                                   |
[2022-01-16 14:54:36,249] [builder.py:2235]           [DEBUG]    | {'summary.value': "William Bradley Pitt is an American actor and film producer. He has received multiple awards, including two Golden Globe Awards and an Academy Award for his acting, in addition to another Academy Award and a Primetime Emmy Award as producer under his production company, Plan B Entertainment.\n\nPitt first gained recognition as a cowboy hitchhiker in the road movie Thelma & Louise (1991). His first leading roles in big-budget productions came with the drama films A River Runs Through It (1992) and Legends of the Fall (1994), and the horror film Interview with the Vampire (1994). He gave critically acclaimed performances in the crime thriller Seven (1995) and the science fiction film 12 Monkeys (1995), the latter earning him a Golden Globe Award for Best Supporting Actor and an Academy Award nomination.\n\nHe starred in Fight Club (1999) and the heist film Ocean's Eleven (2001), as well as its sequels, Ocean's Twelve (2004) and Ocean's Thirteen (2007). His greatest commercial successes have been Ocean's Eleven (2001), Troy (2004), Mr. & Mrs. Smith (2005), World War Z (2013), and Once Upon a Time in Hollywood (2019), for which he won a second Golden Globe Award and the Academy Award for Best Supporting Actor. Pitt's other Academy Award nominated performances were in The Curious Case of Benjamin Button (2008) and Moneyball (2011). He produced The Departed (2006) and 12 Years a Slave (2013), both of which won the Academy Award for Best Picture, and also The Tree of Life (2011), Moneyball (2011), and The Big Short (2015), all of which were nominated for Best Picture.\n\nAs a public figure, Pitt has been cited as one of the most influential and powerful people in the American entertainment industry. For a number of years, he was cited as the world's most attractive man by various media outlets, and his personal life is the subject of wide publicity. From 2000 to 2005, he was married to the actress Jennifer Aniston, and from 2014 to 2019, he was married to the actress Angelina Jolie. Pitt and Jolie have six children together, three of whom were adopted internationally.", 'summary.locked': 1, 'titleSort.value': '++_Brad Pitt', 'titleSort.locked': 1} |
[2022-01-16 14:54:36,264] [builder.py:2237]           [INFO]     | Details: have been updated                                                                         |
[2022-01-16 14:54:36,265] [builder.py:2258]           [DEBUG]    | 1 posters found:                                                                                   |
[2022-01-16 14:54:36,265] [builder.py:2260]           [DEBUG]    | Method: tmdb_person Poster: https://image.tmdb.org/t/p/original/oTB9vGIBacH5aQNS0pUM74QSWuf.jpg    |
[2022-01-16 14:54:36,266] [builder.py:2327]           [INFO]     | No background collection detail or asset folder found                                              |
[2022-01-16 14:54:36,292] [library.py:145]            [INFO]     | Detail: tmdb_person updated poster to [URL] https://image.tmdb.org/t/p/original/oTB9vGIBacH5aQNS0pUM74QSWuf.jpg |
[2022-01-16 14:54:36,453] [plex_meta_manager.py:880]  [INFO]     |                                                                                                    |
[2022-01-16 14:54:36,453] [util.py:209]               [INFO]     |====================================================================================================|
[2022-01-16 14:54:36,454] [util.py:216]               [INFO]     |                                   Finished Brad Pitt Collection                                    |
[2022-01-16 14:54:36,454] [util.py:216]               [INFO]     |                                    Collection Run Time: 0:00:01                                    |
[2022-01-16 14:54:36,455] [util.py:220]               [INFO]     |====================================================================================================|
