[2022-11-23 01:02:18,205] [util.py:209]               [INFO]     |====================================================================================================|
[2022-11-23 01:02:18,206] [util.py:216]               [INFO]     |                          Celebrating Italian Cinema Collection in Movies                           |
[2022-11-23 01:02:18,206] [util.py:220]               [INFO]     |====================================================================================================|
[2022-11-23 01:02:18,206] [plex_meta_manager.py:750]  [INFO]     |                                                                                                    |
[2022-11-23 01:02:18,207] [util.py:216]               [INFO]     |========================= Validating Celebrating Italian Cinema Attributes =========================|
[2022-11-23 01:02:18,207] [builder.py:265]            [DEBUG]    |                                                                                                    |
[2022-11-23 01:02:18,207] [builder.py:266]            [DEBUG]    | Validating Method: template                                                                        |
[2022-11-23 01:02:18,207] [meta.py:83]                [DEBUG]    | Value: ordereddict([('name', 'Holiday'), ('poster', './config/posters/paintings/italian.jpg')])    |
[2022-11-23 01:02:18,208] [builder.py:273]            [DEBUG]    |                                                                                                    |
[2022-11-23 01:02:18,208] [builder.py:274]            [DEBUG]    | Validating Method: delete_not_scheduled                                                            |
[2022-11-23 01:02:18,208] [builder.py:275]            [DEBUG]    | Value: True                                                                                        |
[2022-11-23 01:02:18,208] [builder.py:279]            [DEBUG]    |                                                                                                    |
[2022-11-23 01:02:18,208] [builder.py:280]            [DEBUG]    | Validating Method: schedule                                                                        |
[2022-11-23 01:02:18,209] [builder.py:284]            [DEBUG]    | Value: range(07/30-08/05)                                                                          |
[2022-11-23 01:02:18,212] [plex.py:687]               [DEBUG]    | Looking for: Celebrating Italian Cinema                                                            |
[2022-11-23 01:02:18,212] [util.py:161]               [INFO]     |                                                                                                    |
[2022-11-23 01:02:18,213] [util.py:161]               [INFO]     | Scheduled between July 30th and August 5th                                                         |
[2022-11-23 01:02:18,213] [util.py:161]               [INFO]     |                                                                                                    |
[2022-11-23 01:02:18,213] [util.py:161]               [INFO]     | Collection Celebrating Italian Cinema not scheduled to run and could not be found to delete        |
[2022-11-23 01:02:18,214] [plex_meta_manager.py:880]  [INFO]     |                                                                                                    |
[2022-11-23 01:02:18,214] [util.py:209]               [INFO]     |====================================================================================================|
[2022-11-23 01:02:18,214] [util.py:216]               [INFO]     |                           Finished Celebrating Italian Cinema Collection                           |
[2022-11-23 01:02:18,214] [util.py:216]               [INFO]     |                                    Collection Run Time: 0:00:00                                    |
[2022-11-23 01:02:18,215] [util.py:220]               [INFO]     |====================================================================================================|
