[2022-11-23 01:01:11,361] [util.py:209]               [INFO]     |====================================================================================================|
[2022-11-23 01:01:11,361] [util.py:216]               [INFO]     |                                    Mad Max Collection in Movies                                    |
[2022-11-23 01:01:11,362] [util.py:220]               [INFO]     |====================================================================================================|
[2022-11-23 01:01:11,362] [plex_meta_manager.py:750]  [INFO]     |                                                                                                    |
[2022-11-23 01:01:11,363] [util.py:216]               [INFO]     |================================== Validating Mad Max Attributes ===================================|
[2022-11-23 01:01:11,363] [builder.py:265]            [DEBUG]    |                                                                                                    |
[2022-11-23 01:01:11,363] [builder.py:266]            [DEBUG]    | Validating Method: template                                                                        |
[2022-11-23 01:01:11,363] [meta.py:83]                [DEBUG]    | Value: ordereddict([('name', 'Movie'), ('collection', 8945), ('summary', 8945), ('poster', 'https://theposterdb.com/api/assets/14944')]) |
[2022-11-23 01:01:11,364] [builder.py:330]            [DEBUG]    |                                                                                                    |
[2022-11-23 01:01:11,364] [builder.py:331]            [DEBUG]    | Validating Method: sync_mode                                                                       |
[2022-11-23 01:01:11,364] [builder.py:335]            [DEBUG]    | Value: sync                                                                                        |
[2022-11-23 01:01:11,364] [builder.py:453]            [DEBUG]    |                                                                                                    |
[2022-11-23 01:01:11,364] [builder.py:454]            [DEBUG]    | Validating Method: collection_order                                                                |
[2022-11-23 01:01:11,365] [builder.py:455]            [DEBUG]    | Value: release                                                                                     |
[2022-11-23 01:01:11,365] [builder.py:472]            [DEBUG]    |                                                                                                    |
[2022-11-23 01:01:11,365] [builder.py:473]            [DEBUG]    | Validating Method: url_poster                                                                      |
[2022-11-23 01:01:11,365] [builder.py:474]            [DEBUG]    | Value: https://theposterdb.com/api/assets/14944                                                    |
[2022-11-23 01:01:11,365] [builder.py:472]            [DEBUG]    |                                                                                                    |
[2022-11-23 01:01:11,366] [builder.py:473]            [DEBUG]    | Validating Method: tmdb_collection                                                                 |
[2022-11-23 01:01:11,366] [builder.py:474]            [DEBUG]    | Value: 8945                                                                                        |
[2022-11-23 01:01:12,490] [builder.py:472]            [DEBUG]    |                                                                                                    |
[2022-11-23 01:01:12,490] [builder.py:473]            [DEBUG]    | Validating Method: tmdb_summary                                                                    |
[2022-11-23 01:01:12,491] [builder.py:474]            [DEBUG]    | Value: 8945                                                                                        |
[2022-11-23 01:01:12,491] [builder.py:472]            [DEBUG]    |                                                                                                    |
[2022-11-23 01:01:12,491] [builder.py:473]            [DEBUG]    | Validating Method: sort_title                                                                      |
[2022-11-23 01:01:12,492] [builder.py:474]            [DEBUG]    | Value: 00000f_Mad Max                                                                              |
[2022-11-23 01:01:12,492] [builder.py:472]            [DEBUG]    |                                                                                                    |
[2022-11-23 01:01:12,492] [builder.py:473]            [DEBUG]    | Validating Method: radarr_add_missing                                                              |
[2022-11-23 01:01:12,492] [builder.py:474]            [DEBUG]    | Value: True                                                                                        |
[2022-11-23 01:01:12,628] [builder.py:619]            [INFO]     |                                                                                                    |
[2022-11-23 01:01:12,629] [builder.py:620]            [INFO]     | Validation Successful                                                                              |
[2022-11-23 01:01:12,630] [plex_meta_manager.py:758]  [INFO]     |                                                                                                    |
[2022-11-23 01:01:12,630] [util.py:216]               [INFO]     |==================================== Running Mad Max Collection ====================================|
[2022-11-23 01:01:12,630] [plex_meta_manager.py:773]  [INFO]     |                                                                                                    |
[2022-11-23 01:01:12,630] [plex_meta_manager.py:774]  [INFO]     | Sync Mode: sync                                                                                    |
[2022-11-23 01:01:12,631] [builder.py:1275]           [DEBUG]    |                                                                                                    |
[2022-11-23 01:01:12,631] [builder.py:1276]           [DEBUG]    | Builder: tmdb_collection: 8945                                                                     |
[2022-11-23 01:01:12,631] [builder.py:1277]           [INFO]     |                                                                                                    |
[2022-11-23 01:01:12,632] [tmdb.py:323]               [INFO]     | Processing TMDb Collection: (8945) Mad Max Collection (6 Items)                                    |
[2022-11-23 01:01:12,632] [builder.py:1282]           [DEBUG]    |                                                                                                    |
[2022-11-23 01:01:12,632] [builder.py:1283]           [DEBUG]    | 6 IDs Found: [(8810, 'tmdb'), (9355, 'tmdb'), (9659, 'tmdb'), (76341, 'tmdb'), (340023, 'tmdb'), (786892, 'tmdb')] |
[2022-11-23 01:01:12,633] [builder.py:1284]           [DEBUG]    |                                                                                                    |
[2022-11-23 01:01:12,722] [builder.py:1697]           [INFO]     |                                                                                                    |
[2022-11-23 01:01:12,723] [util.py:216]               [INFO]     |=================================== Adding to Mad Max Collection ===================================|
[2022-11-23 01:01:12,723] [builder.py:1699]           [INFO]     |                                                                                                    |
[2022-11-23 01:01:12,724] [builder.py:1709]           [INFO]     | 1/4 | Mad Max Collection | = | The Road Warrior (1981)                                             |
[2022-11-23 01:01:12,724] [builder.py:1709]           [INFO]     | 2/4 | Mad Max Collection | = | Mad Max Beyond Thunderdome (1985)                                   |
[2022-11-23 01:01:12,724] [builder.py:1709]           [INFO]     | 3/4 | Mad Max Collection | = | Mad Max (1979)                                                      |
[2022-11-23 01:01:12,724] [builder.py:1709]           [INFO]     | 4/4 | Mad Max Collection | = | Mad Max: Fury Road (2015)                                           |
[2022-11-23 01:01:12,725] [builder.py:1734]           [INFO]     |                                                                                                    |
[2022-11-23 01:01:12,725] [builder.py:1735]           [INFO]     | 4 Movies Processed                                                                                 |
[2022-11-23 01:01:12,725] [builder.py:1929]           [INFO]     |                                                                                                    |
[2022-11-23 01:01:12,726] [util.py:216]               [INFO]     |=============================== Missing Movies from Library: Mad Max ===============================|
[2022-11-23 01:01:12,726] [builder.py:1931]           [INFO]     |                                                                                                    |
[2022-11-23 01:01:12,919] [builder.py:1943]           [INFO]     | Mad Max Collection | ? | Mad Max: The Wasteland (TMDb: 340023)                                     |
[2022-11-23 01:01:13,096] [builder.py:1943]           [INFO]     | Mad Max Collection | ? | Furiosa (2024) (TMDb: 786892)                                             |
[2022-11-23 01:01:13,096] [builder.py:1947]           [INFO]     |                                                                                                    |
[2022-11-23 01:01:13,097] [builder.py:1948]           [INFO]     | 2 Movies Missing                                                                                   |
[2022-11-23 01:01:13,105] [radarr.py:46]              [INFO]     |                                                                                                    |
[2022-11-23 01:01:13,105] [util.py:216]               [INFO]     |===================================== Adding Missing to Radarr =====================================|
[2022-11-23 01:01:13,105] [radarr.py:48]              [DEBUG]    |                                                                                                    |
[2022-11-23 01:01:13,106] [radarr.py:49]              [DEBUG]    | Radarr Adds: [340023, 786892]                                                                      |
[2022-11-23 01:01:13,978] [radarr.py:138]             [INFO]     |                                                                                                    |
[2022-11-23 01:01:13,978] [radarr.py:146]             [INFO]     | Skipped: In Cache | 340023                                                                         |
[2022-11-23 01:01:13,978] [radarr.py:146]             [INFO]     | Skipped: In Cache | 786892                                                                         |
[2022-11-23 01:01:13,979] [radarr.py:147]             [INFO]     | 2 Movies already exist in Radarr                                                                   |
[2022-11-23 01:01:13,994] [builder.py:2147]           [INFO]     |                                                                                                    |
[2022-11-23 01:01:13,995] [util.py:216]               [INFO]     |============================== Updating Details of Mad Max Collection ==============================|
[2022-11-23 01:01:13,995] [builder.py:2149]           [INFO]     |                                                                                                    |
[2022-11-23 01:01:13,995] [builder.py:2156]           [INFO]     | Detail: tmdb_summary updated Collection Summary                                                    |
[2022-11-23 01:01:13,996] [builder.py:2258]           [DEBUG]    | 1 posters found:                                                                                   |
[2022-11-23 01:01:13,996] [builder.py:2260]           [DEBUG]    | Method: url_poster Poster: https://theposterdb.com/api/assets/14944                                |
[2022-11-23 01:01:13,996] [builder.py:2327]           [INFO]     | No background collection detail or asset folder found                                              |
[2022-11-23 01:01:13,998] [library.py:147]            [INFO]     | Detail: poster update not needed                                                                   |
[2022-11-23 01:01:14,133] [plex_meta_manager.py:880]  [INFO]     |                                                                                                    |
[2022-11-23 01:01:14,133] [util.py:209]               [INFO]     |====================================================================================================|
[2022-11-23 01:01:14,134] [util.py:216]               [INFO]     |                                    Finished Mad Max Collection                                     |
[2022-11-23 01:01:14,134] [util.py:216]               [INFO]     |                                    Collection Run Time: 0:00:02                                    |
[2022-11-23 01:01:14,134] [util.py:220]               [INFO]     |====================================================================================================|
