[2022-10-28 01:00:47,413] [util.py:209]               [INFO]     |====================================================================================================|
[2022-10-28 01:00:47,413] [util.py:216]               [INFO]     |                                    Ip Man Collection in Movies                                     |
[2022-10-28 01:00:47,414] [util.py:220]               [INFO]     |====================================================================================================|
[2022-10-28 01:00:47,414] [plex_meta_manager.py:750]  [INFO]     |                                                                                                    |
[2022-10-28 01:00:47,414] [util.py:216]               [INFO]     |=================================== Validating Ip Man Attributes ===================================|
[2022-10-28 01:00:47,415] [builder.py:265]            [DEBUG]    |                                                                                                    |
[2022-10-28 01:00:47,415] [builder.py:266]            [DEBUG]    | Validating Method: template                                                                        |
[2022-10-28 01:00:47,415] [meta.py:83]                [DEBUG]    | Value: ordereddict([('name', 'Movie'), ('collection', 70068), ('summary', 70068), ('poster', 'https://theposterdb.com/api/assets/116682')]) |
[2022-10-28 01:00:47,416] [builder.py:330]            [DEBUG]    |                                                                                                    |
[2022-10-28 01:00:47,416] [builder.py:331]            [DEBUG]    | Validating Method: sync_mode                                                                       |
[2022-10-28 01:00:47,416] [builder.py:335]            [DEBUG]    | Value: sync                                                                                        |
[2022-10-28 01:00:47,416] [builder.py:453]            [DEBUG]    |                                                                                                    |
[2022-10-28 01:00:47,417] [builder.py:454]            [DEBUG]    | Validating Method: collection_order                                                                |
[2022-10-28 01:00:47,417] [builder.py:455]            [DEBUG]    | Value: release                                                                                     |
[2022-10-28 01:00:47,417] [builder.py:472]            [DEBUG]    |                                                                                                    |
[2022-10-28 01:00:47,417] [builder.py:473]            [DEBUG]    | Validating Method: url_poster                                                                      |
[2022-10-28 01:00:47,417] [builder.py:474]            [DEBUG]    | Value: https://theposterdb.com/api/assets/116682                                                   |
[2022-10-28 01:00:47,418] [builder.py:472]            [DEBUG]    |                                                                                                    |
[2022-10-28 01:00:47,418] [builder.py:473]            [DEBUG]    | Validating Method: tmdb_collection                                                                 |
[2022-10-28 01:00:47,418] [builder.py:474]            [DEBUG]    | Value: 70068                                                                                       |
[2022-10-28 01:00:47,510] [builder.py:472]            [DEBUG]    |                                                                                                    |
[2022-10-28 01:00:47,510] [builder.py:473]            [DEBUG]    | Validating Method: tmdb_summary                                                                    |
[2022-10-28 01:00:47,511] [builder.py:474]            [DEBUG]    | Value: 70068                                                                                       |
[2022-10-28 01:00:47,511] [builder.py:472]            [DEBUG]    |                                                                                                    |
[2022-10-28 01:00:47,511] [builder.py:473]            [DEBUG]    | Validating Method: sort_title                                                                      |
[2022-10-28 01:00:47,511] [builder.py:474]            [DEBUG]    | Value: 00000f_Ip Man                                                                               |
[2022-10-28 01:00:47,512] [builder.py:472]            [DEBUG]    |                                                                                                    |
[2022-10-28 01:00:47,512] [builder.py:473]            [DEBUG]    | Validating Method: radarr_add_missing                                                              |
[2022-10-28 01:00:47,512] [builder.py:474]            [DEBUG]    | Value: True                                                                                        |
[2022-10-28 01:00:47,647] [builder.py:619]            [INFO]     |                                                                                                    |
[2022-10-28 01:00:47,648] [builder.py:620]            [INFO]     | Validation Successful                                                                              |
[2022-10-28 01:00:47,649] [plex_meta_manager.py:758]  [INFO]     |                                                                                                    |
[2022-10-28 01:00:47,649] [util.py:216]               [INFO]     |==================================== Running Ip Man Collection =====================================|
[2022-10-28 01:00:47,650] [plex_meta_manager.py:773]  [INFO]     |                                                                                                    |
[2022-10-28 01:00:47,650] [plex_meta_manager.py:774]  [INFO]     | Sync Mode: sync                                                                                    |
[2022-10-28 01:00:47,650] [builder.py:1275]           [DEBUG]    |                                                                                                    |
[2022-10-28 01:00:47,650] [builder.py:1276]           [DEBUG]    | Builder: tmdb_collection: 70068                                                                    |
[2022-10-28 01:00:47,651] [builder.py:1277]           [INFO]     |                                                                                                    |
[2022-10-28 01:00:47,651] [tmdb.py:321]               [INFO]     | Processing TMDb Collection: (70068) Ip Man Collection (4 Items)                                    |
[2022-10-28 01:00:47,651] [builder.py:1282]           [DEBUG]    |                                                                                                    |
[2022-10-28 01:00:47,652] [builder.py:1283]           [DEBUG]    | 4 IDs Found: [(14756, 'tmdb'), (37472, 'tmdb'), (365222, 'tmdb'), (449924, 'tmdb')]                |
[2022-10-28 01:00:47,652] [builder.py:1284]           [DEBUG]    |                                                                                                    |
[2022-10-28 01:00:47,706] [builder.py:1697]           [INFO]     |                                                                                                    |
[2022-10-28 01:00:47,706] [util.py:216]               [INFO]     |=================================== Adding to Ip Man Collection ====================================|
[2022-10-28 01:00:47,707] [builder.py:1699]           [INFO]     |                                                                                                    |
[2022-10-28 01:00:47,707] [builder.py:1709]           [INFO]     | 1/4 | Ip Man Collection | = | Ip Man (2008)                                                        |
[2022-10-28 01:00:47,707] [builder.py:1709]           [INFO]     | 2/4 | Ip Man Collection | = | Ip Man 2 (2010)                                                      |
[2022-10-28 01:00:47,708] [builder.py:1709]           [INFO]     | 3/4 | Ip Man Collection | = | Ip Man 3 (2015)                                                      |
[2022-10-28 01:00:47,708] [builder.py:1709]           [INFO]     | 4/4 | Ip Man Collection | = | Ip Man 4: The Finale (2019)                                          |
[2022-10-28 01:00:47,709] [builder.py:1734]           [INFO]     |                                                                                                    |
[2022-10-28 01:00:47,709] [builder.py:1735]           [INFO]     | 4 Movies Processed                                                                                 |
[2022-10-28 01:00:47,713] [builder.py:2147]           [INFO]     |                                                                                                    |
[2022-10-28 01:00:47,713] [util.py:216]               [INFO]     |============================== Updating Details of Ip Man Collection ===============================|
[2022-10-28 01:00:47,713] [builder.py:2149]           [INFO]     |                                                                                                    |
[2022-10-28 01:00:47,714] [builder.py:2156]           [INFO]     | Detail: tmdb_summary updated Collection Summary                                                    |
[2022-10-28 01:00:47,714] [builder.py:2258]           [DEBUG]    | 1 posters found:                                                                                   |
[2022-10-28 01:00:47,715] [builder.py:2260]           [DEBUG]    | Method: url_poster Poster: https://theposterdb.com/api/assets/116682                               |
[2022-10-28 01:00:47,715] [builder.py:2327]           [INFO]     | No background collection detail or asset folder found                                              |
[2022-10-28 01:00:47,716] [library.py:147]            [INFO]     | Detail: poster update not needed                                                                   |
[2022-10-28 01:00:47,848] [plex_meta_manager.py:880]  [INFO]     |                                                                                                    |
[2022-10-28 01:00:47,848] [util.py:209]               [INFO]     |====================================================================================================|
[2022-10-28 01:00:47,849] [util.py:216]               [INFO]     |                                     Finished Ip Man Collection                                     |
[2022-10-28 01:00:47,849] [util.py:216]               [INFO]     |                                    Collection Run Time: 0:00:00                                    |
[2022-10-28 01:00:47,849] [util.py:220]               [INFO]     |====================================================================================================|
