[2022-11-23 17:31:40,283] [util.py:209]               [INFO]     |====================================================================================================|
[2022-11-23 17:31:40,283] [util.py:216]               [INFO]     |                                  Home Alone Collection in Movies                                   |
[2022-11-23 17:31:40,283] [util.py:220]               [INFO]     |====================================================================================================|
[2022-11-23 17:31:40,284] [plex_meta_manager.py:750]  [INFO]     |                                                                                                    |
[2022-11-23 17:31:40,285] [util.py:216]               [INFO]     |================================= Validating Home Alone Attributes =================================|
[2022-11-23 17:31:40,285] [builder.py:265]            [DEBUG]    |                                                                                                    |
[2022-11-23 17:31:40,285] [builder.py:266]            [DEBUG]    | Validating Method: template                                                                        |
[2022-11-23 17:31:40,285] [meta.py:83]                [DEBUG]    | Value: ordereddict([('name', 'Movie'), ('collection', 9888), ('summary', 9888), ('poster', 'https://theposterdb.com/api/assets/23878')]) |
[2022-11-23 17:31:40,286] [builder.py:330]            [DEBUG]    |                                                                                                    |
[2022-11-23 17:31:40,286] [builder.py:331]            [DEBUG]    | Validating Method: sync_mode                                                                       |
[2022-11-23 17:31:40,286] [builder.py:335]            [DEBUG]    | Value: sync                                                                                        |
[2022-11-23 17:31:40,287] [builder.py:453]            [DEBUG]    |                                                                                                    |
[2022-11-23 17:31:40,287] [builder.py:454]            [DEBUG]    | Validating Method: collection_order                                                                |
[2022-11-23 17:31:40,287] [builder.py:455]            [DEBUG]    | Value: release                                                                                     |
[2022-11-23 17:31:40,287] [builder.py:472]            [DEBUG]    |                                                                                                    |
[2022-11-23 17:31:40,288] [builder.py:473]            [DEBUG]    | Validating Method: url_poster                                                                      |
[2022-11-23 17:31:40,288] [builder.py:474]            [DEBUG]    | Value: https://theposterdb.com/api/assets/23878                                                    |
[2022-11-23 17:31:40,288] [builder.py:472]            [DEBUG]    |                                                                                                    |
[2022-11-23 17:31:40,288] [builder.py:473]            [DEBUG]    | Validating Method: tmdb_collection                                                                 |
[2022-11-23 17:31:40,289] [builder.py:474]            [DEBUG]    | Value: 9888                                                                                        |
[2022-11-23 17:31:40,314] [builder.py:472]            [DEBUG]    |                                                                                                    |
[2022-11-23 17:31:40,315] [builder.py:473]            [DEBUG]    | Validating Method: tmdb_summary                                                                    |
[2022-11-23 17:31:40,315] [builder.py:474]            [DEBUG]    | Value: 9888                                                                                        |
[2022-11-23 17:31:40,315] [builder.py:472]            [DEBUG]    |                                                                                                    |
[2022-11-23 17:31:40,315] [builder.py:473]            [DEBUG]    | Validating Method: sort_title                                                                      |
[2022-11-23 17:31:40,316] [builder.py:474]            [DEBUG]    | Value: 00000f_Home Alone                                                                           |
[2022-11-23 17:31:40,316] [builder.py:472]            [DEBUG]    |                                                                                                    |
[2022-11-23 17:31:40,316] [builder.py:473]            [DEBUG]    | Validating Method: radarr_add_missing                                                              |
[2022-11-23 17:31:40,317] [builder.py:474]            [DEBUG]    | Value: True                                                                                        |
[2022-11-23 17:31:40,457] [builder.py:619]            [INFO]     |                                                                                                    |
[2022-11-23 17:31:40,457] [builder.py:620]            [INFO]     | Validation Successful                                                                              |
[2022-11-23 17:31:40,458] [plex_meta_manager.py:758]  [INFO]     |                                                                                                    |
[2022-11-23 17:31:40,459] [util.py:216]               [INFO]     |================================== Running Home Alone Collection ===================================|
[2022-11-23 17:31:40,459] [plex_meta_manager.py:773]  [INFO]     |                                                                                                    |
[2022-11-23 17:31:40,459] [plex_meta_manager.py:774]  [INFO]     | Sync Mode: sync                                                                                    |
[2022-11-23 17:31:40,460] [builder.py:1275]           [DEBUG]    |                                                                                                    |
[2022-11-23 17:31:40,460] [builder.py:1276]           [DEBUG]    | Builder: tmdb_collection: 9888                                                                     |
[2022-11-23 17:31:40,460] [builder.py:1277]           [INFO]     |                                                                                                    |
[2022-11-23 17:31:40,461] [tmdb.py:323]               [INFO]     | Processing TMDb Collection: (9888) Home Alone Collection (6 Items)                                 |
[2022-11-23 17:31:40,461] [builder.py:1282]           [DEBUG]    |                                                                                                    |
[2022-11-23 17:31:40,461] [builder.py:1283]           [DEBUG]    | 6 IDs Found: [(771, 'tmdb'), (772, 'tmdb'), (9714, 'tmdb'), (12536, 'tmdb'), (654974, 'tmdb'), (134375, 'tmdb')] |
[2022-11-23 17:31:40,462] [builder.py:1284]           [DEBUG]    |                                                                                                    |
[2022-11-23 17:31:40,567] [builder.py:1697]           [INFO]     |                                                                                                    |
[2022-11-23 17:31:40,568] [util.py:216]               [INFO]     |================================= Adding to Home Alone Collection ==================================|
[2022-11-23 17:31:40,568] [builder.py:1699]           [INFO]     |                                                                                                    |
[2022-11-23 17:31:40,569] [builder.py:1709]           [INFO]     | 1/6 | Home Alone Collection | = | Home Alone (1990)                                                |
[2022-11-23 17:31:40,569] [builder.py:1709]           [INFO]     | 2/6 | Home Alone Collection | = | Home Alone 2: Lost in New York (1992)                            |
[2022-11-23 17:31:40,569] [builder.py:1709]           [INFO]     | 3/6 | Home Alone Collection | = | Home Alone 3 (1997)                                              |
[2022-11-23 17:31:40,570] [builder.py:1709]           [INFO]     | 4/6 | Home Alone Collection | = | Home Alone 4 (2002)                                              |
[2022-11-23 17:31:40,570] [builder.py:1709]           [INFO]     | 5/6 | Home Alone Collection | = | Home Sweet Home Alone (2021)                                     |
[2022-11-23 17:31:40,570] [builder.py:1709]           [INFO]     | 6/6 | Home Alone Collection | = | Home Alone: The Holiday Heist (2012)                             |
[2022-11-23 17:31:40,571] [builder.py:1734]           [INFO]     |                                                                                                    |
[2022-11-23 17:31:40,571] [builder.py:1735]           [INFO]     | 6 Movies Processed                                                                                 |
[2022-11-23 17:31:40,575] [builder.py:2147]           [INFO]     |                                                                                                    |
[2022-11-23 17:31:40,576] [util.py:216]               [INFO]     |============================ Updating Details of Home Alone Collection =============================|
[2022-11-23 17:31:40,576] [builder.py:2149]           [INFO]     |                                                                                                    |
[2022-11-23 17:31:40,576] [builder.py:2156]           [INFO]     | Detail: tmdb_summary updated Collection Summary                                                    |
[2022-11-23 17:31:40,577] [builder.py:2258]           [DEBUG]    | 1 posters found:                                                                                   |
[2022-11-23 17:31:40,577] [builder.py:2260]           [DEBUG]    | Method: url_poster Poster: https://theposterdb.com/api/assets/23878                                |
[2022-11-23 17:31:40,578] [builder.py:2327]           [INFO]     | No background collection detail or asset folder found                                              |
[2022-11-23 17:31:40,579] [library.py:147]            [INFO]     | Detail: poster update not needed                                                                   |
[2022-11-23 17:31:40,718] [plex_meta_manager.py:880]  [INFO]     |                                                                                                    |
[2022-11-23 17:31:40,718] [util.py:209]               [INFO]     |====================================================================================================|
[2022-11-23 17:31:40,719] [util.py:216]               [INFO]     |                                   Finished Home Alone Collection                                   |
[2022-11-23 17:31:40,720] [util.py:216]               [INFO]     |                                    Collection Run Time: 0:00:00                                    |
[2022-11-23 17:31:40,720] [util.py:220]               [INFO]     |====================================================================================================|
