[2022-01-16 15:04:37,930] [util.py:209]               [INFO]     |====================================================================================================|
[2022-01-16 15:04:37,930] [util.py:216]               [INFO]     |                              Thanksgiving Movies Collection in Movies                              |
[2022-01-16 15:04:37,931] [util.py:220]               [INFO]     |====================================================================================================|
[2022-01-16 15:04:37,931] [plex_meta_manager.py:750]  [INFO]     |                                                                                                    |
[2022-01-16 15:04:37,932] [util.py:216]               [INFO]     |============================ Validating Thanksgiving Movies Attributes =============================|
[2022-01-16 15:04:37,932] [builder.py:265]            [DEBUG]    |                                                                                                    |
[2022-01-16 15:04:37,932] [builder.py:266]            [DEBUG]    | Validating Method: template                                                                        |
[2022-01-16 15:04:37,933] [meta.py:83]                [DEBUG]    | Value: ordereddict([('name', 'Holiday'), ('holiday', 'Thanksgiving'), ('poster', 'https://theposterdb.com/api/assets/112251')]) |
[2022-01-16 15:04:37,933] [builder.py:279]            [DEBUG]    |                                                                                                    |
[2022-01-16 15:04:37,933] [builder.py:280]            [DEBUG]    | Validating Method: schedule                                                                        |
[2022-01-16 15:04:37,934] [builder.py:284]            [DEBUG]    | Value: range(10/01-10/31)                                                                          |
[2022-01-16 15:04:37,934] [util.py:161]               [INFO]     |                                                                                                    |
[2022-01-16 15:04:37,934] [util.py:161]               [INFO]     | Scheduled between October 1st and October 31st                                                     |
[2022-01-16 15:04:37,935] [util.py:161]               [INFO]     |                                                                                                    |
[2022-01-16 15:04:37,935] [util.py:161]               [INFO]     | Collection Thanksgiving Movies not scheduled to run                                                |
[2022-01-16 15:04:37,935] [plex_meta_manager.py:880]  [INFO]     |                                                                                                    |
[2022-01-16 15:04:37,936] [util.py:209]               [INFO]     |====================================================================================================|
[2022-01-16 15:04:37,936] [util.py:216]               [INFO]     |                              Finished Thanksgiving Movies Collection                               |
[2022-01-16 15:04:37,936] [util.py:216]               [INFO]     |                                    Collection Run Time: 0:00:00                                    |
[2022-01-16 15:04:37,937] [util.py:220]               [INFO]     |====================================================================================================|
