[2022-11-07 00:05:03,660] [util.py:209]               [INFO]     |====================================================================================================|
[2022-11-07 00:05:03,660] [util.py:216]               [INFO]     |                                    Batman Collection in Movies                                     |
[2022-11-07 00:05:03,661] [util.py:220]               [INFO]     |====================================================================================================|
[2022-11-07 00:05:03,661] [plex_meta_manager.py:750]  [INFO]     |                                                                                                    |
[2022-11-07 00:05:03,661] [util.py:216]               [INFO]     |=================================== Validating Batman Attributes ===================================|
[2022-11-07 00:05:03,662] [builder.py:265]            [DEBUG]    |                                                                                                    |
[2022-11-07 00:05:03,662] [builder.py:266]            [DEBUG]    | Validating Method: template                                                                        |
[2022-11-07 00:05:03,662] [meta.py:83]                [DEBUG]    | Value: ordereddict([('name', 'Movie'), ('collection', 120794), (263, None), ('summary', 120794), ('poster', 'https://theposterdb.com/api/assets/27394')]) |
[2022-11-07 00:05:03,662] [builder.py:330]            [DEBUG]    |                                                                                                    |
[2022-11-07 00:05:03,663] [builder.py:331]            [DEBUG]    | Validating Method: sync_mode                                                                       |
[2022-11-07 00:05:03,663] [builder.py:335]            [DEBUG]    | Value: sync                                                                                        |
[2022-11-07 00:05:03,663] [builder.py:453]            [DEBUG]    |                                                                                                    |
[2022-11-07 00:05:03,663] [builder.py:454]            [DEBUG]    | Validating Method: collection_order                                                                |
[2022-11-07 00:05:03,663] [builder.py:455]            [DEBUG]    | Value: release                                                                                     |
[2022-11-07 00:05:03,664] [builder.py:472]            [DEBUG]    |                                                                                                    |
[2022-11-07 00:05:03,664] [builder.py:473]            [DEBUG]    | Validating Method: url_poster                                                                      |
[2022-11-07 00:05:03,664] [builder.py:474]            [DEBUG]    | Value: https://theposterdb.com/api/assets/27394                                                    |
[2022-11-07 00:05:03,664] [builder.py:472]            [DEBUG]    |                                                                                                    |
[2022-11-07 00:05:03,665] [builder.py:473]            [DEBUG]    | Validating Method: tmdb_collection                                                                 |
[2022-11-07 00:05:03,665] [builder.py:474]            [DEBUG]    | Value: 120794                                                                                      |
[2022-11-07 00:05:04,784] [builder.py:472]            [DEBUG]    |                                                                                                    |
[2022-11-07 00:05:04,785] [builder.py:473]            [DEBUG]    | Validating Method: tmdb_summary                                                                    |
[2022-11-07 00:05:04,785] [builder.py:474]            [DEBUG]    | Value: 120794                                                                                      |
[2022-11-07 00:05:04,785] [builder.py:472]            [DEBUG]    |                                                                                                    |
[2022-11-07 00:05:04,786] [builder.py:473]            [DEBUG]    | Validating Method: sort_title                                                                      |
[2022-11-07 00:05:04,786] [builder.py:474]            [DEBUG]    | Value: 00000f_Batman                                                                               |
[2022-11-07 00:05:04,787] [builder.py:472]            [DEBUG]    |                                                                                                    |
[2022-11-07 00:05:04,787] [builder.py:473]            [DEBUG]    | Validating Method: radarr_add_missing                                                              |
[2022-11-07 00:05:04,787] [builder.py:474]            [DEBUG]    | Value: True                                                                                        |
[2022-11-07 00:05:04,923] [builder.py:619]            [INFO]     |                                                                                                    |
[2022-11-07 00:05:04,924] [builder.py:620]            [INFO]     | Validation Successful                                                                              |
[2022-11-07 00:05:04,924] [plex_meta_manager.py:758]  [INFO]     |                                                                                                    |
[2022-11-07 00:05:04,925] [util.py:216]               [INFO]     |==================================== Running Batman Collection =====================================|
[2022-11-07 00:05:04,925] [plex_meta_manager.py:773]  [INFO]     |                                                                                                    |
[2022-11-07 00:05:04,925] [plex_meta_manager.py:774]  [INFO]     | Sync Mode: sync                                                                                    |
[2022-11-07 00:05:04,926] [builder.py:1275]           [DEBUG]    |                                                                                                    |
[2022-11-07 00:05:04,926] [builder.py:1276]           [DEBUG]    | Builder: tmdb_collection: 120794                                                                   |
[2022-11-07 00:05:04,926] [builder.py:1277]           [INFO]     |                                                                                                    |
[2022-11-07 00:05:04,926] [tmdb.py:323]               [INFO]     | Processing TMDb Collection: (120794) Batman Collection (4 Items)                                   |
[2022-11-07 00:05:04,927] [builder.py:1282]           [DEBUG]    |                                                                                                    |
[2022-11-07 00:05:04,927] [builder.py:1283]           [DEBUG]    | 4 IDs Found: [(268, 'tmdb'), (364, 'tmdb'), (414, 'tmdb'), (415, 'tmdb')]                          |
[2022-11-07 00:05:04,927] [builder.py:1284]           [DEBUG]    |                                                                                                    |
[2022-11-07 00:05:04,997] [builder.py:1697]           [INFO]     |                                                                                                    |
[2022-11-07 00:05:04,997] [util.py:216]               [INFO]     |=================================== Adding to Batman Collection ====================================|
[2022-11-07 00:05:04,998] [builder.py:1699]           [INFO]     |                                                                                                    |
[2022-11-07 00:05:04,998] [builder.py:1709]           [INFO]     | 1/3 | Batman Collection | = | Batman (1989)                                                        |
[2022-11-07 00:05:04,998] [builder.py:1709]           [INFO]     | 2/3 | Batman Collection | = | Batman Forever (1995)                                                |
[2022-11-07 00:05:04,999] [builder.py:1709]           [INFO]     | 3/3 | Batman Collection | = | Batman & Robin (1997)                                                |
[2022-11-07 00:05:04,999] [builder.py:1734]           [INFO]     |                                                                                                    |
[2022-11-07 00:05:04,999] [builder.py:1735]           [INFO]     | 3 Movies Processed                                                                                 |
[2022-11-07 00:05:05,000] [builder.py:1929]           [INFO]     |                                                                                                    |
[2022-11-07 00:05:05,000] [util.py:216]               [INFO]     |=============================== Missing Movies from Library: Batman ================================|
[2022-11-07 00:05:05,001] [builder.py:1931]           [INFO]     |                                                                                                    |
[2022-11-07 00:05:06,839] [builder.py:1943]           [INFO]     | Batman Collection | ? | Batman Returns (1992) (TMDb: 364)                                          |
[2022-11-07 00:05:06,839] [builder.py:1947]           [INFO]     |                                                                                                    |
[2022-11-07 00:05:06,840] [builder.py:1948]           [INFO]     | 1 Movie Missing                                                                                    |
[2022-11-07 00:05:06,841] [radarr.py:46]              [INFO]     |                                                                                                    |
[2022-11-07 00:05:06,841] [util.py:216]               [INFO]     |===================================== Adding Missing to Radarr =====================================|
[2022-11-07 00:05:06,842] [radarr.py:48]              [DEBUG]    |                                                                                                    |
[2022-11-07 00:05:06,842] [radarr.py:49]              [DEBUG]    | Radarr Adds: [364]                                                                                 |
[2022-11-07 00:05:07,788] [radarr.py:138]             [INFO]     |                                                                                                    |
[2022-11-07 00:05:07,788] [radarr.py:146]             [INFO]     | Skipped: In Cache | 364                                                                            |
[2022-11-07 00:05:07,788] [radarr.py:147]             [INFO]     | 1 Movie already exist in Radarr                                                                    |
[2022-11-07 00:05:07,805] [builder.py:2147]           [INFO]     |                                                                                                    |
[2022-11-07 00:05:07,806] [util.py:216]               [INFO]     |============================== Updating Details of Batman Collection ===============================|
[2022-11-07 00:05:07,806] [builder.py:2149]           [INFO]     |                                                                                                    |
[2022-11-07 00:05:07,806] [builder.py:2156]           [INFO]     | Detail: tmdb_summary updated Collection Summary                                                    |
[2022-11-07 00:05:07,807] [builder.py:2258]           [DEBUG]    | 1 posters found:                                                                                   |
[2022-11-07 00:05:07,807] [builder.py:2260]           [DEBUG]    | Method: url_poster Poster: https://theposterdb.com/api/assets/27394                                |
[2022-11-07 00:05:07,807] [builder.py:2327]           [INFO]     | No background collection detail or asset folder found                                              |
[2022-11-07 00:05:07,808] [library.py:147]            [INFO]     | Detail: poster update not needed                                                                   |
[2022-11-07 00:05:07,959] [plex_meta_manager.py:880]  [INFO]     |                                                                                                    |
[2022-11-07 00:05:07,960] [util.py:209]               [INFO]     |====================================================================================================|
[2022-11-07 00:05:07,961] [util.py:216]               [INFO]     |                                     Finished Batman Collection                                     |
[2022-11-07 00:05:07,961] [util.py:216]               [INFO]     |                                    Collection Run Time: 0:00:04                                    |
[2022-11-07 00:05:07,961] [util.py:220]               [INFO]     |====================================================================================================|
