[2022-03-17 08:07:02,978] [util.py:209]               [INFO]     |====================================================================================================|
[2022-03-17 08:07:02,979] [util.py:216]               [INFO]     |                                  30's Movies Collection in Movies                                  |
[2022-03-17 08:07:02,979] [util.py:220]               [INFO]     |====================================================================================================|
[2022-03-17 08:07:02,980] [plex_meta_manager.py:750]  [INFO]     |                                                                                                    |
[2022-03-17 08:07:02,981] [util.py:216]               [INFO]     |================================ Validating 30's Movies Attributes =================================|
[2022-03-17 08:07:02,982] [builder.py:265]            [DEBUG]    |                                                                                                    |
[2022-03-17 08:07:02,982] [builder.py:266]            [DEBUG]    | Validating Method: template                                                                        |
[2022-03-17 08:07:02,982] [meta.py:83]                [DEBUG]    | Value: ordereddict([('name', 'Decade'), ('year', 1930), ('poster', 'https://theposterdb.com/api/assets/105675')]) |
[2022-03-17 08:07:02,983] [builder.py:453]            [DEBUG]    |                                                                                                    |
[2022-03-17 08:07:02,983] [builder.py:454]            [DEBUG]    | Validating Method: collection_order                                                                |
[2022-03-17 08:07:02,983] [builder.py:455]            [DEBUG]    | Value: alpha                                                                                       |
[2022-03-17 08:07:02,984] [builder.py:472]            [DEBUG]    |                                                                                                    |
[2022-03-17 08:07:02,984] [builder.py:473]            [DEBUG]    | Validating Method: plex_search                                                                     |
[2022-03-17 08:07:02,984] [builder.py:474]            [DEBUG]    | Value: {'decade': 1930}                                                                            |
[2022-03-17 08:07:02,984] [builder.py:472]            [DEBUG]    |                                                                                                    |
[2022-03-17 08:07:02,985] [builder.py:473]            [DEBUG]    | Validating Method: sort_title                                                                      |
[2022-03-17 08:07:02,985] [builder.py:474]            [DEBUG]    | Value: 00000d_30's Movies                                                                          |
[2022-03-17 08:07:02,986] [builder.py:472]            [DEBUG]    |                                                                                                    |
[2022-03-17 08:07:02,986] [builder.py:473]            [DEBUG]    | Validating Method: url_poster                                                                      |
[2022-03-17 08:07:02,986] [builder.py:474]            [DEBUG]    | Value: https://theposterdb.com/api/assets/105675                                                   |
[2022-03-17 08:07:03,083] [builder.py:619]            [INFO]     |                                                                                                    |
[2022-03-17 08:07:03,083] [builder.py:620]            [INFO]     | Validation Successful                                                                              |
[2022-03-17 08:07:03,084] [plex_meta_manager.py:758]  [INFO]     |                                                                                                    |
[2022-03-17 08:07:03,085] [util.py:216]               [INFO]     |================================== Running 30's Movies Collection ==================================|
[2022-03-17 08:07:03,085] [plex_meta_manager.py:773]  [INFO]     |                                                                                                    |
[2022-03-17 08:07:03,086] [plex_meta_manager.py:774]  [INFO]     | Sync Mode: append                                                                                  |
[2022-03-17 08:07:03,086] [builder.py:1275]           [DEBUG]    |                                                                                                    |
[2022-03-17 08:07:03,086] [builder.py:1276]           [DEBUG]    | Builder: plex_search: (1, 'Plex Movie Search\nSort By: title.asc\nFilter:\n  Match all of the following:\n    Match any of the following:\n      Decade is 1930', '?type=1&sort=titleSort&push=1&decade=1930&pop=1') |
[2022-03-17 08:07:03,087] [builder.py:1277]           [INFO]     |                                                                                                    |
[2022-03-17 08:07:03,087] [util.py:161]               [INFO]     | Plex Movie Search                                                                                  |
[2022-03-17 08:07:03,088] [util.py:161]               [INFO]     | Sort By: title.asc                                                                                 |
[2022-03-17 08:07:03,088] [util.py:161]               [INFO]     | Filter:                                                                                            |
[2022-03-17 08:07:03,088] [util.py:161]               [INFO]     |   Match all of the following:                                                                      |
[2022-03-17 08:07:03,089] [util.py:161]               [INFO]     |     Match any of the following:                                                                    |
[2022-03-17 08:07:03,089] [util.py:161]               [INFO]     |       Decade is 1930                                                                               |
[2022-03-17 08:07:03,123] [plex.py:746]               [DEBUG]    |                                                                                                    |
[2022-03-17 08:07:03,123] [plex.py:747]               [DEBUG]    | 8 Keys Found: [(37074, 'ratingKey'), (33831, 'ratingKey'), (35821, 'ratingKey'), (35929, 'ratingKey'), (36085, 'ratingKey'), (33823, 'ratingKey'), (33650, 'ratingKey'), (35952, 'ratingKey')] |
[2022-03-17 08:07:03,124] [builder.py:1282]           [DEBUG]    |                                                                                                    |
[2022-03-17 08:07:03,124] [builder.py:1283]           [DEBUG]    | 8 IDs Found: [(37074, 'ratingKey'), (33831, 'ratingKey'), (35821, 'ratingKey'), (35929, 'ratingKey'), (36085, 'ratingKey'), (33823, 'ratingKey'), (33650, 'ratingKey'), (35952, 'ratingKey')] |
[2022-03-17 08:07:03,124] [builder.py:1284]           [DEBUG]    |                                                                                                    |
[2022-03-17 08:07:03,318] [builder.py:1697]           [INFO]     |                                                                                                    |
[2022-03-17 08:07:03,319] [util.py:216]               [INFO]     |================================= Adding to 30's Movies Collection =================================|
[2022-03-17 08:07:03,320] [builder.py:1699]           [INFO]     |                                                                                                    |
[2022-03-17 08:07:03,320] [builder.py:1709]           [INFO]     | 1/8 | 30's Movies Collection | + | The Bride of Frankenstein (1935)                                |
[2022-03-17 08:07:03,452] [builder.py:1709]           [INFO]     | 2/8 | 30's Movies Collection | = | City Lights (1931)                                              |
[2022-03-17 08:07:03,453] [builder.py:1709]           [INFO]     | 3/8 | 30's Movies Collection | = | Frankenstein (1931)                                             |
[2022-03-17 08:07:03,454] [builder.py:1709]           [INFO]     | 4/8 | 30's Movies Collection | = | The Invisible Man (1933)                                        |
[2022-03-17 08:07:03,454] [builder.py:1709]           [INFO]     | 5/8 | 30's Movies Collection | = | King Kong (1933)                                                |
[2022-03-17 08:07:03,455] [builder.py:1709]           [INFO]     | 6/8 | 30's Movies Collection | = | Modern Times (1936)                                             |
[2022-03-17 08:07:03,455] [builder.py:1709]           [INFO]     | 7/8 | 30's Movies Collection | = | Snow White and the Seven Dwarfs (1937)                          |
[2022-03-17 08:07:03,456] [builder.py:1709]           [INFO]     | 8/8 | 30's Movies Collection | = | Vampyr (1932)                                                   |
[2022-03-17 08:07:03,456] [builder.py:1734]           [INFO]     |                                                                                                    |
[2022-03-17 08:07:03,456] [builder.py:1735]           [INFO]     | 8 Movies Processed                                                                                 |
[2022-03-17 08:07:03,461] [builder.py:2147]           [INFO]     |                                                                                                    |
[2022-03-17 08:07:03,462] [util.py:216]               [INFO]     |============================ Updating Details of 30's Movies Collection ============================|
[2022-03-17 08:07:03,462] [builder.py:2149]           [INFO]     |                                                                                                    |
[2022-03-17 08:07:03,471] [builder.py:2258]           [DEBUG]    | 2 posters found:                                                                                   |
[2022-03-17 08:07:03,472] [builder.py:2260]           [DEBUG]    | Method: url_poster Poster: https://theposterdb.com/api/assets/105675                               |
[2022-03-17 08:07:03,472] [builder.py:2260]           [DEBUG]    | Method: asset_directory Poster: {'attribute': 'asset_directory', 'location': "E:\\Plex Media Manager\\Plex-Meta-Manager\\config\\assets\\30's Movies\\poster.png", 'prefix': "30's Movies's ", 'is_poster': True, 'is_url': False, 'compare': 1441478, 'message': "30's Movies's poster to [File] E:\\Plex Media Manager\\Plex-Meta-Manager\\config\\assets\\30's Movies\\poster.png"} |
[2022-03-17 08:07:03,472] [builder.py:2327]           [INFO]     | No background collection detail or asset folder found                                              |
[2022-03-17 08:07:03,528] [library.py:145]            [INFO]     | Detail: asset_directory updated 30's Movies's poster to [File] E:\Plex Media Manager\Plex-Meta-Manager\config\assets\30's Movies\poster.png |
[2022-03-17 08:07:03,721] [plex_meta_manager.py:880]  [INFO]     |                                                                                                    |
[2022-03-17 08:07:03,721] [util.py:209]               [INFO]     |====================================================================================================|
[2022-03-17 08:07:03,722] [util.py:216]               [INFO]     |                                  Finished 30's Movies Collection                                   |
[2022-03-17 08:07:03,723] [util.py:216]               [INFO]     |                                    Collection Run Time: 0:00:00                                    |
[2022-03-17 08:07:03,723] [util.py:220]               [INFO]     |====================================================================================================|
