[2022-11-23 01:01:15,149] [util.py:209]               [INFO]     |====================================================================================================|
[2022-11-23 01:01:15,149] [util.py:216]               [INFO]     |                                 Men In Black Collection in Movies                                  |
[2022-11-23 01:01:15,150] [util.py:220]               [INFO]     |====================================================================================================|
[2022-11-23 01:01:15,150] [plex_meta_manager.py:750]  [INFO]     |                                                                                                    |
[2022-11-23 01:01:15,150] [util.py:216]               [INFO]     |================================ Validating Men In Black Attributes ================================|
[2022-11-23 01:01:15,151] [builder.py:265]            [DEBUG]    |                                                                                                    |
[2022-11-23 01:01:15,151] [builder.py:266]            [DEBUG]    | Validating Method: template                                                                        |
[2022-11-23 01:01:15,151] [meta.py:83]                [DEBUG]    | Value: ordereddict([('name', 'Movie'), ('collection', 86055), ('summary', 86055), ('poster', 'https://theposterdb.com/api/assets/103970')]) |
[2022-11-23 01:01:15,152] [builder.py:330]            [DEBUG]    |                                                                                                    |
[2022-11-23 01:01:15,152] [builder.py:331]            [DEBUG]    | Validating Method: sync_mode                                                                       |
[2022-11-23 01:01:15,152] [builder.py:335]            [DEBUG]    | Value: sync                                                                                        |
[2022-11-23 01:01:15,152] [builder.py:453]            [DEBUG]    |                                                                                                    |
[2022-11-23 01:01:15,152] [builder.py:454]            [DEBUG]    | Validating Method: collection_order                                                                |
[2022-11-23 01:01:15,153] [builder.py:455]            [DEBUG]    | Value: release                                                                                     |
[2022-11-23 01:01:15,153] [builder.py:472]            [DEBUG]    |                                                                                                    |
[2022-11-23 01:01:15,153] [builder.py:473]            [DEBUG]    | Validating Method: url_poster                                                                      |
[2022-11-23 01:01:15,153] [builder.py:474]            [DEBUG]    | Value: https://theposterdb.com/api/assets/103970                                                   |
[2022-11-23 01:01:15,154] [builder.py:472]            [DEBUG]    |                                                                                                    |
[2022-11-23 01:01:15,154] [builder.py:473]            [DEBUG]    | Validating Method: tmdb_collection                                                                 |
[2022-11-23 01:01:15,154] [builder.py:474]            [DEBUG]    | Value: 86055                                                                                       |
[2022-11-23 01:01:15,285] [builder.py:472]            [DEBUG]    |                                                                                                    |
[2022-11-23 01:01:15,285] [builder.py:473]            [DEBUG]    | Validating Method: tmdb_summary                                                                    |
[2022-11-23 01:01:15,286] [builder.py:474]            [DEBUG]    | Value: 86055                                                                                       |
[2022-11-23 01:01:15,286] [builder.py:472]            [DEBUG]    |                                                                                                    |
[2022-11-23 01:01:15,286] [builder.py:473]            [DEBUG]    | Validating Method: sort_title                                                                      |
[2022-11-23 01:01:15,286] [builder.py:474]            [DEBUG]    | Value: 00000f_Men In Black                                                                         |
[2022-11-23 01:01:15,287] [builder.py:472]            [DEBUG]    |                                                                                                    |
[2022-11-23 01:01:15,287] [builder.py:473]            [DEBUG]    | Validating Method: radarr_add_missing                                                              |
[2022-11-23 01:01:15,287] [builder.py:474]            [DEBUG]    | Value: True                                                                                        |
[2022-11-23 01:01:15,422] [builder.py:619]            [INFO]     |                                                                                                    |
[2022-11-23 01:01:15,422] [builder.py:620]            [INFO]     | Validation Successful                                                                              |
[2022-11-23 01:01:15,423] [plex_meta_manager.py:758]  [INFO]     |                                                                                                    |
[2022-11-23 01:01:15,423] [util.py:216]               [INFO]     |================================= Running Men In Black Collection ==================================|
[2022-11-23 01:01:15,424] [plex_meta_manager.py:773]  [INFO]     |                                                                                                    |
[2022-11-23 01:01:15,424] [plex_meta_manager.py:774]  [INFO]     | Sync Mode: sync                                                                                    |
[2022-11-23 01:01:15,424] [builder.py:1275]           [DEBUG]    |                                                                                                    |
[2022-11-23 01:01:15,424] [builder.py:1276]           [DEBUG]    | Builder: tmdb_collection: 86055                                                                    |
[2022-11-23 01:01:15,425] [builder.py:1277]           [INFO]     |                                                                                                    |
[2022-11-23 01:01:15,425] [tmdb.py:323]               [INFO]     | Processing TMDb Collection: (86055) Men In Black Collection (3 Items)                              |
[2022-11-23 01:01:15,425] [builder.py:1282]           [DEBUG]    |                                                                                                    |
[2022-11-23 01:01:15,425] [builder.py:1283]           [DEBUG]    | 3 IDs Found: [(607, 'tmdb'), (608, 'tmdb'), (41154, 'tmdb')]                                       |
[2022-11-23 01:01:15,426] [builder.py:1284]           [DEBUG]    |                                                                                                    |
[2022-11-23 01:01:15,501] [builder.py:1697]           [INFO]     |                                                                                                    |
[2022-11-23 01:01:15,501] [util.py:216]               [INFO]     |================================ Adding to Men In Black Collection =================================|
[2022-11-23 01:01:15,502] [builder.py:1699]           [INFO]     |                                                                                                    |
[2022-11-23 01:01:15,502] [builder.py:1709]           [INFO]     | 1/3 | Men In Black Collection | = | Men in Black (1997)                                            |
[2022-11-23 01:01:15,502] [builder.py:1709]           [INFO]     | 2/3 | Men In Black Collection | = | Men in Black II (2002)                                         |
[2022-11-23 01:01:15,503] [builder.py:1709]           [INFO]     | 3/3 | Men In Black Collection | = | Men in Black 3 (2012)                                          |
[2022-11-23 01:01:15,503] [builder.py:1734]           [INFO]     |                                                                                                    |
[2022-11-23 01:01:15,503] [builder.py:1735]           [INFO]     | 3 Movies Processed                                                                                 |
[2022-11-23 01:01:15,507] [builder.py:2147]           [INFO]     |                                                                                                    |
[2022-11-23 01:01:15,508] [util.py:216]               [INFO]     |=========================== Updating Details of Men In Black Collection ============================|
[2022-11-23 01:01:15,508] [builder.py:2149]           [INFO]     |                                                                                                    |
[2022-11-23 01:01:15,508] [builder.py:2156]           [INFO]     | Detail: tmdb_summary updated Collection Summary                                                    |
[2022-11-23 01:01:15,509] [builder.py:2258]           [DEBUG]    | 1 posters found:                                                                                   |
[2022-11-23 01:01:15,509] [builder.py:2260]           [DEBUG]    | Method: url_poster Poster: https://theposterdb.com/api/assets/103970                               |
[2022-11-23 01:01:15,509] [builder.py:2327]           [INFO]     | No background collection detail or asset folder found                                              |
[2022-11-23 01:01:15,510] [library.py:147]            [INFO]     | Detail: poster update not needed                                                                   |
[2022-11-23 01:01:15,644] [plex_meta_manager.py:880]  [INFO]     |                                                                                                    |
[2022-11-23 01:01:15,644] [util.py:209]               [INFO]     |====================================================================================================|
[2022-11-23 01:01:15,645] [util.py:216]               [INFO]     |                                  Finished Men In Black Collection                                  |
[2022-11-23 01:01:15,645] [util.py:216]               [INFO]     |                                    Collection Run Time: 0:00:00                                    |
[2022-11-23 01:01:15,645] [util.py:220]               [INFO]     |====================================================================================================|
