[2022-10-28 01:00:32,747] [util.py:209]               [INFO]     |====================================================================================================|
[2022-10-28 01:00:32,747] [util.py:216]               [INFO]     |                             Chronicles of Riddick Collection in Movies                             |
[2022-10-28 01:00:32,747] [util.py:220]               [INFO]     |====================================================================================================|
[2022-10-28 01:00:32,748] [plex_meta_manager.py:750]  [INFO]     |                                                                                                    |
[2022-10-28 01:00:32,748] [util.py:216]               [INFO]     |=========================== Validating Chronicles of Riddick Attributes ============================|
[2022-10-28 01:00:32,749] [builder.py:265]            [DEBUG]    |                                                                                                    |
[2022-10-28 01:00:32,749] [builder.py:266]            [DEBUG]    | Validating Method: template                                                                        |
[2022-10-28 01:00:32,749] [meta.py:83]                [DEBUG]    | Value: ordereddict([('name', 'Movie'), ('collection', 2794), ('summary', 2794), ('poster', 'https://theposterdb.com/api/assets/22252')]) |
[2022-10-28 01:00:32,749] [builder.py:330]            [DEBUG]    |                                                                                                    |
[2022-10-28 01:00:32,749] [builder.py:331]            [DEBUG]    | Validating Method: sync_mode                                                                       |
[2022-10-28 01:00:32,750] [builder.py:335]            [DEBUG]    | Value: sync                                                                                        |
[2022-10-28 01:00:32,750] [builder.py:453]            [DEBUG]    |                                                                                                    |
[2022-10-28 01:00:32,750] [builder.py:454]            [DEBUG]    | Validating Method: collection_order                                                                |
[2022-10-28 01:00:32,750] [builder.py:455]            [DEBUG]    | Value: release                                                                                     |
[2022-10-28 01:00:32,751] [builder.py:472]            [DEBUG]    |                                                                                                    |
[2022-10-28 01:00:32,751] [builder.py:473]            [DEBUG]    | Validating Method: url_poster                                                                      |
[2022-10-28 01:00:32,751] [builder.py:474]            [DEBUG]    | Value: https://theposterdb.com/api/assets/22252                                                    |
[2022-10-28 01:00:32,751] [builder.py:472]            [DEBUG]    |                                                                                                    |
[2022-10-28 01:00:32,751] [builder.py:473]            [DEBUG]    | Validating Method: tmdb_collection                                                                 |
[2022-10-28 01:00:32,752] [builder.py:474]            [DEBUG]    | Value: 2794                                                                                        |
[2022-10-28 01:00:32,849] [builder.py:472]            [DEBUG]    |                                                                                                    |
[2022-10-28 01:00:32,850] [builder.py:473]            [DEBUG]    | Validating Method: tmdb_summary                                                                    |
[2022-10-28 01:00:32,851] [builder.py:474]            [DEBUG]    | Value: 2794                                                                                        |
[2022-10-28 01:00:32,851] [builder.py:472]            [DEBUG]    |                                                                                                    |
[2022-10-28 01:00:32,851] [builder.py:473]            [DEBUG]    | Validating Method: sort_title                                                                      |
[2022-10-28 01:00:32,851] [builder.py:474]            [DEBUG]    | Value: 00000f_Chronicles of Riddick                                                                |
[2022-10-28 01:00:32,852] [builder.py:472]            [DEBUG]    |                                                                                                    |
[2022-10-28 01:00:32,852] [builder.py:473]            [DEBUG]    | Validating Method: radarr_add_missing                                                              |
[2022-10-28 01:00:32,852] [builder.py:474]            [DEBUG]    | Value: True                                                                                        |
[2022-10-28 01:00:32,990] [builder.py:619]            [INFO]     |                                                                                                    |
[2022-10-28 01:00:32,990] [builder.py:620]            [INFO]     | Validation Successful                                                                              |
[2022-10-28 01:00:32,991] [plex_meta_manager.py:758]  [INFO]     |                                                                                                    |
[2022-10-28 01:00:32,992] [util.py:216]               [INFO]     |============================= Running Chronicles of Riddick Collection =============================|
[2022-10-28 01:00:32,992] [plex_meta_manager.py:773]  [INFO]     |                                                                                                    |
[2022-10-28 01:00:32,992] [plex_meta_manager.py:774]  [INFO]     | Sync Mode: sync                                                                                    |
[2022-10-28 01:00:32,992] [builder.py:1275]           [DEBUG]    |                                                                                                    |
[2022-10-28 01:00:32,993] [builder.py:1276]           [DEBUG]    | Builder: tmdb_collection: 2794                                                                     |
[2022-10-28 01:00:32,993] [builder.py:1277]           [INFO]     |                                                                                                    |
[2022-10-28 01:00:32,993] [tmdb.py:321]               [INFO]     | Processing TMDb Collection: (2794) The Chronicles of Riddick Collection (4 Items)                  |
[2022-10-28 01:00:32,994] [builder.py:1282]           [DEBUG]    |                                                                                                    |
[2022-10-28 01:00:32,994] [builder.py:1283]           [DEBUG]    | 4 IDs Found: [(2787, 'tmdb'), (2789, 'tmdb'), (87421, 'tmdb'), (374771, 'tmdb')]                   |
[2022-10-28 01:00:32,994] [builder.py:1284]           [DEBUG]    |                                                                                                    |
[2022-10-28 01:00:33,037] [builder.py:1697]           [INFO]     |                                                                                                    |
[2022-10-28 01:00:33,038] [util.py:216]               [INFO]     |============================ Adding to Chronicles of Riddick Collection ============================|
[2022-10-28 01:00:33,038] [builder.py:1699]           [INFO]     |                                                                                                    |
[2022-10-28 01:00:33,039] [builder.py:1709]           [INFO]     | 1/3 | Chronicles of Riddick Collection | = | Pitch Black (2000)                                    |
[2022-10-28 01:00:33,039] [builder.py:1709]           [INFO]     | 2/3 | Chronicles of Riddick Collection | = | The Chronicles of Riddick (2004)                      |
[2022-10-28 01:00:33,040] [builder.py:1709]           [INFO]     | 3/3 | Chronicles of Riddick Collection | = | Riddick (2013)                                        |
[2022-10-28 01:00:33,040] [builder.py:1734]           [INFO]     |                                                                                                    |
[2022-10-28 01:00:33,041] [builder.py:1735]           [INFO]     | 3 Movies Processed                                                                                 |
[2022-10-28 01:00:33,041] [builder.py:1929]           [INFO]     |                                                                                                    |
[2022-10-28 01:00:33,041] [util.py:216]               [INFO]     |======================== Missing Movies from Library: Chronicles of Riddick ========================|
[2022-10-28 01:00:33,042] [builder.py:1931]           [INFO]     |                                                                                                    |
[2022-10-28 01:00:33,161] [builder.py:1943]           [INFO]     | Chronicles of Riddick Collection | ? | Riddick 4: Furya (TMDb: 374771)                             |
[2022-10-28 01:00:33,161] [builder.py:1947]           [INFO]     |                                                                                                    |
[2022-10-28 01:00:33,162] [builder.py:1948]           [INFO]     | 1 Movie Missing                                                                                    |
[2022-10-28 01:00:33,167] [radarr.py:44]              [INFO]     |                                                                                                    |
[2022-10-28 01:00:33,167] [util.py:216]               [INFO]     |===================================== Adding Missing to Radarr =====================================|
[2022-10-28 01:00:33,168] [radarr.py:46]              [DEBUG]    |                                                                                                    |
[2022-10-28 01:00:33,168] [radarr.py:47]              [DEBUG]    | Radarr Adds: [374771]                                                                              |
[2022-10-28 01:00:33,934] [radarr.py:136]             [INFO]     |                                                                                                    |
[2022-10-28 01:00:33,935] [radarr.py:144]             [INFO]     | Skipped: In Cache | 374771                                                                         |
[2022-10-28 01:00:33,935] [radarr.py:145]             [INFO]     | 1 Movie already exist in Radarr                                                                    |
[2022-10-28 01:00:33,949] [builder.py:2147]           [INFO]     |                                                                                                    |
[2022-10-28 01:00:33,949] [util.py:216]               [INFO]     |======================= Updating Details of Chronicles of Riddick Collection =======================|
[2022-10-28 01:00:33,950] [builder.py:2149]           [INFO]     |                                                                                                    |
[2022-10-28 01:00:33,950] [builder.py:2156]           [INFO]     | Detail: tmdb_summary updated Collection Summary                                                    |
[2022-10-28 01:00:33,951] [builder.py:2258]           [DEBUG]    | 1 posters found:                                                                                   |
[2022-10-28 01:00:33,951] [builder.py:2260]           [DEBUG]    | Method: url_poster Poster: https://theposterdb.com/api/assets/22252                                |
[2022-10-28 01:00:33,951] [builder.py:2327]           [INFO]     | No background collection detail or asset folder found                                              |
[2022-10-28 01:00:33,952] [library.py:147]            [INFO]     | Detail: poster update not needed                                                                   |
[2022-10-28 01:00:34,083] [plex_meta_manager.py:880]  [INFO]     |                                                                                                    |
[2022-10-28 01:00:34,084] [util.py:209]               [INFO]     |====================================================================================================|
[2022-10-28 01:00:34,085] [util.py:216]               [INFO]     |                             Finished Chronicles of Riddick Collection                              |
[2022-10-28 01:00:34,085] [util.py:216]               [INFO]     |                                    Collection Run Time: 0:00:01                                    |
[2022-10-28 01:00:34,085] [util.py:220]               [INFO]     |====================================================================================================|
