[2022-11-23 01:01:40,242] [util.py:209]               [INFO]     |====================================================================================================|
[2022-11-23 01:01:40,243] [util.py:216]               [INFO]     |                               Wallace & Gromit Collection in Movies                                |
[2022-11-23 01:01:40,243] [util.py:220]               [INFO]     |====================================================================================================|
[2022-11-23 01:01:40,243] [plex_meta_manager.py:750]  [INFO]     |                                                                                                    |
[2022-11-23 01:01:40,244] [util.py:216]               [INFO]     |============================== Validating Wallace & Gromit Attributes ==============================|
[2022-11-23 01:01:40,244] [builder.py:265]            [DEBUG]    |                                                                                                    |
[2022-11-23 01:01:40,244] [builder.py:266]            [DEBUG]    | Validating Method: template                                                                        |
[2022-11-23 01:01:40,245] [meta.py:83]                [DEBUG]    | Value: ordereddict([('name', 'Movie'), ('collection', 529), ('summary', 529), ('poster', 'https://theposterdb.com/api/assets/167813')]) |
[2022-11-23 01:01:40,245] [builder.py:330]            [DEBUG]    |                                                                                                    |
[2022-11-23 01:01:40,245] [builder.py:331]            [DEBUG]    | Validating Method: sync_mode                                                                       |
[2022-11-23 01:01:40,245] [builder.py:335]            [DEBUG]    | Value: sync                                                                                        |
[2022-11-23 01:01:40,246] [builder.py:453]            [DEBUG]    |                                                                                                    |
[2022-11-23 01:01:40,246] [builder.py:454]            [DEBUG]    | Validating Method: collection_order                                                                |
[2022-11-23 01:01:40,246] [builder.py:455]            [DEBUG]    | Value: release                                                                                     |
[2022-11-23 01:01:40,246] [builder.py:472]            [DEBUG]    |                                                                                                    |
[2022-11-23 01:01:40,246] [builder.py:473]            [DEBUG]    | Validating Method: url_poster                                                                      |
[2022-11-23 01:01:40,247] [builder.py:474]            [DEBUG]    | Value: https://theposterdb.com/api/assets/167813                                                   |
[2022-11-23 01:01:40,247] [builder.py:472]            [DEBUG]    |                                                                                                    |
[2022-11-23 01:01:40,247] [builder.py:473]            [DEBUG]    | Validating Method: tmdb_collection                                                                 |
[2022-11-23 01:01:40,247] [builder.py:474]            [DEBUG]    | Value: 529                                                                                         |
[2022-11-23 01:01:40,625] [builder.py:472]            [DEBUG]    |                                                                                                    |
[2022-11-23 01:01:40,625] [builder.py:473]            [DEBUG]    | Validating Method: tmdb_summary                                                                    |
[2022-11-23 01:01:40,625] [builder.py:474]            [DEBUG]    | Value: 529                                                                                         |
[2022-11-23 01:01:40,626] [builder.py:472]            [DEBUG]    |                                                                                                    |
[2022-11-23 01:01:40,626] [builder.py:473]            [DEBUG]    | Validating Method: sort_title                                                                      |
[2022-11-23 01:01:40,626] [builder.py:474]            [DEBUG]    | Value: 00000f_Wallace & Gromit                                                                     |
[2022-11-23 01:01:40,626] [builder.py:472]            [DEBUG]    |                                                                                                    |
[2022-11-23 01:01:40,627] [builder.py:473]            [DEBUG]    | Validating Method: radarr_add_missing                                                              |
[2022-11-23 01:01:40,627] [builder.py:474]            [DEBUG]    | Value: True                                                                                        |
[2022-11-23 01:01:40,766] [builder.py:619]            [INFO]     |                                                                                                    |
[2022-11-23 01:01:40,766] [builder.py:620]            [INFO]     | Validation Successful                                                                              |
[2022-11-23 01:01:40,768] [plex_meta_manager.py:758]  [INFO]     |                                                                                                    |
[2022-11-23 01:01:40,768] [util.py:216]               [INFO]     |=============================== Running Wallace & Gromit Collection ================================|
[2022-11-23 01:01:40,768] [plex_meta_manager.py:773]  [INFO]     |                                                                                                    |
[2022-11-23 01:01:40,769] [plex_meta_manager.py:774]  [INFO]     | Sync Mode: sync                                                                                    |
[2022-11-23 01:01:40,769] [builder.py:1275]           [DEBUG]    |                                                                                                    |
[2022-11-23 01:01:40,769] [builder.py:1276]           [DEBUG]    | Builder: tmdb_collection: 529                                                                      |
[2022-11-23 01:01:40,770] [builder.py:1277]           [INFO]     |                                                                                                    |
[2022-11-23 01:01:40,770] [tmdb.py:323]               [INFO]     | Processing TMDb Collection: (529) Wallace & Gromit Collection (4 Items)                            |
[2022-11-23 01:01:40,770] [builder.py:1282]           [DEBUG]    |                                                                                                    |
[2022-11-23 01:01:40,771] [builder.py:1283]           [DEBUG]    | 4 IDs Found: [(530, 'tmdb'), (531, 'tmdb'), (532, 'tmdb'), (14447, 'tmdb')]                        |
[2022-11-23 01:01:40,771] [builder.py:1284]           [DEBUG]    |                                                                                                    |
[2022-11-23 01:01:40,814] [builder.py:1697]           [INFO]     |                                                                                                    |
[2022-11-23 01:01:40,815] [util.py:216]               [INFO]     |============================== Adding to Wallace & Gromit Collection ===============================|
[2022-11-23 01:01:40,815] [builder.py:1699]           [INFO]     |                                                                                                    |
[2022-11-23 01:01:40,816] [builder.py:1709]           [INFO]     | 1/4 | Wallace & Gromit Collection | = | A Grand Day Out (1990)                                     |
[2022-11-23 01:01:40,816] [builder.py:1709]           [INFO]     | 2/4 | Wallace & Gromit Collection | = | The Wrong Trousers (1993)                                  |
[2022-11-23 01:01:40,816] [builder.py:1709]           [INFO]     | 3/4 | Wallace & Gromit Collection | = | A Close Shave (1995)                                       |
[2022-11-23 01:01:40,816] [builder.py:1709]           [INFO]     | 4/4 | Wallace & Gromit Collection | = | A Matter of Loaf and Death (2008)                          |
[2022-11-23 01:01:40,817] [builder.py:1734]           [INFO]     |                                                                                                    |
[2022-11-23 01:01:40,817] [builder.py:1735]           [INFO]     | 4 Movies Processed                                                                                 |
[2022-11-23 01:01:40,821] [builder.py:2147]           [INFO]     |                                                                                                    |
[2022-11-23 01:01:40,821] [util.py:216]               [INFO]     |========================= Updating Details of Wallace & Gromit Collection ==========================|
[2022-11-23 01:01:40,822] [builder.py:2149]           [INFO]     |                                                                                                    |
[2022-11-23 01:01:40,822] [builder.py:2156]           [INFO]     | Detail: tmdb_summary updated Collection Summary                                                    |
[2022-11-23 01:01:40,823] [builder.py:2258]           [DEBUG]    | 1 posters found:                                                                                   |
[2022-11-23 01:01:40,823] [builder.py:2260]           [DEBUG]    | Method: url_poster Poster: https://theposterdb.com/api/assets/167813                               |
[2022-11-23 01:01:40,823] [builder.py:2327]           [INFO]     | No background collection detail or asset folder found                                              |
[2022-11-23 01:01:40,824] [library.py:147]            [INFO]     | Detail: poster update not needed                                                                   |
[2022-11-23 01:01:40,962] [plex_meta_manager.py:880]  [INFO]     |                                                                                                    |
[2022-11-23 01:01:40,963] [util.py:209]               [INFO]     |====================================================================================================|
[2022-11-23 01:01:40,964] [util.py:216]               [INFO]     |                                Finished Wallace & Gromit Collection                                |
[2022-11-23 01:01:40,964] [util.py:216]               [INFO]     |                                    Collection Run Time: 0:00:00                                    |
[2022-11-23 01:01:40,964] [util.py:220]               [INFO]     |====================================================================================================|
