[2022-11-23 17:32:45,847] [util.py:209]               [INFO]     |====================================================================================================|
[2022-11-23 17:32:45,848] [util.py:216]               [INFO]     |                           Celebrating Memorial Day Collection in Movies                            |
[2022-11-23 17:32:45,848] [util.py:220]               [INFO]     |====================================================================================================|
[2022-11-23 17:32:45,848] [plex_meta_manager.py:750]  [INFO]     |                                                                                                    |
[2022-11-23 17:32:45,849] [util.py:216]               [INFO]     |========================== Validating Celebrating Memorial Day Attributes ==========================|
[2022-11-23 17:32:45,849] [builder.py:265]            [DEBUG]    |                                                                                                    |
[2022-11-23 17:32:45,849] [builder.py:266]            [DEBUG]    | Validating Method: template                                                                        |
[2022-11-23 17:32:45,850] [meta.py:83]                [DEBUG]    | Value: ordereddict([('name', 'Holiday'), ('poster', './config/posters/paintings/memorial_day_2.jpg')]) |
[2022-11-23 17:32:45,850] [builder.py:273]            [DEBUG]    |                                                                                                    |
[2022-11-23 17:32:45,850] [builder.py:274]            [DEBUG]    | Validating Method: delete_not_scheduled                                                            |
[2022-11-23 17:32:45,850] [builder.py:275]            [DEBUG]    | Value: True                                                                                        |
[2022-11-23 17:32:45,851] [builder.py:279]            [DEBUG]    |                                                                                                    |
[2022-11-23 17:32:45,851] [builder.py:280]            [DEBUG]    | Validating Method: schedule                                                                        |
[2022-11-23 17:32:45,851] [builder.py:284]            [DEBUG]    | Value: range(05/18-05/31)                                                                          |
[2022-11-23 17:32:45,854] [plex.py:687]               [DEBUG]    | Looking for: Celebrating Memorial Day                                                              |
[2022-11-23 17:32:45,854] [util.py:161]               [INFO]     |                                                                                                    |
[2022-11-23 17:32:45,855] [util.py:161]               [INFO]     | Scheduled between May 18th and May 31st                                                            |
[2022-11-23 17:32:45,855] [util.py:161]               [INFO]     |                                                                                                    |
[2022-11-23 17:32:45,855] [util.py:161]               [INFO]     | Collection Celebrating Memorial Day not scheduled to run and could not be found to delete          |
[2022-11-23 17:32:45,856] [plex_meta_manager.py:880]  [INFO]     |                                                                                                    |
[2022-11-23 17:32:45,857] [util.py:209]               [INFO]     |====================================================================================================|
[2022-11-23 17:32:45,857] [util.py:216]               [INFO]     |                            Finished Celebrating Memorial Day Collection                            |
[2022-11-23 17:32:45,857] [util.py:216]               [INFO]     |                                    Collection Run Time: 0:00:00                                    |
[2022-11-23 17:32:45,858] [util.py:220]               [INFO]     |====================================================================================================|
