[2022-10-28 01:16:49,104] [util.py:209]               [INFO]     |====================================================================================================|
[2022-10-28 01:16:49,104] [util.py:216]               [INFO]     |                           Celebrating Korean Cinema Collection in Movies                           |
[2022-10-28 01:16:49,105] [util.py:220]               [INFO]     |====================================================================================================|
[2022-10-28 01:16:49,105] [plex_meta_manager.py:750]  [INFO]     |                                                                                                    |
[2022-10-28 01:16:49,105] [util.py:216]               [INFO]     |========================= Validating Celebrating Korean Cinema Attributes ==========================|
[2022-10-28 01:16:49,106] [builder.py:265]            [DEBUG]    |                                                                                                    |
[2022-10-28 01:16:49,106] [builder.py:266]            [DEBUG]    | Validating Method: template                                                                        |
[2022-10-28 01:16:49,106] [meta.py:83]                [DEBUG]    | Value: ordereddict([('name', 'Holiday'), ('poster', './config/posters/paintings/korean_cinema.jpg')]) |
[2022-10-28 01:16:49,106] [builder.py:273]            [DEBUG]    |                                                                                                    |
[2022-10-28 01:16:49,107] [builder.py:274]            [DEBUG]    | Validating Method: delete_not_scheduled                                                            |
[2022-10-28 01:16:49,107] [builder.py:275]            [DEBUG]    | Value: True                                                                                        |
[2022-10-28 01:16:49,107] [builder.py:279]            [DEBUG]    |                                                                                                    |
[2022-10-28 01:16:49,107] [builder.py:280]            [DEBUG]    | Validating Method: schedule                                                                        |
[2022-10-28 01:16:49,108] [builder.py:284]            [DEBUG]    | Value: range(07/16-07/21)                                                                          |
[2022-10-28 01:16:49,111] [plex.py:685]               [DEBUG]    | Looking for: Celebrating Korean Cinema                                                             |
[2022-10-28 01:16:49,111] [util.py:161]               [INFO]     |                                                                                                    |
[2022-10-28 01:16:49,111] [util.py:161]               [INFO]     | Scheduled between July 16th and July 21st                                                          |
[2022-10-28 01:16:49,111] [util.py:161]               [INFO]     |                                                                                                    |
[2022-10-28 01:16:49,112] [util.py:161]               [INFO]     | Collection Celebrating Korean Cinema not scheduled to run and could not be found to delete         |
[2022-10-28 01:16:49,112] [plex_meta_manager.py:880]  [INFO]     |                                                                                                    |
[2022-10-28 01:16:49,112] [util.py:209]               [INFO]     |====================================================================================================|
[2022-10-28 01:16:49,112] [util.py:216]               [INFO]     |                           Finished Celebrating Korean Cinema Collection                            |
[2022-10-28 01:16:49,113] [util.py:216]               [INFO]     |                                    Collection Run Time: 0:00:00                                    |
[2022-10-28 01:16:49,113] [util.py:220]               [INFO]     |====================================================================================================|
