[2022-10-28 01:38:54,170] [util.py:209]               [INFO]     |====================================================================================================|
[2022-10-28 01:38:54,170] [util.py:216]               [INFO]     |                                     FX Collection in TV Shows                                      |
[2022-10-28 01:38:54,171] [util.py:220]               [INFO]     |====================================================================================================|
[2022-10-28 01:38:54,171] [plex_meta_manager.py:750]  [INFO]     |                                                                                                    |
[2022-10-28 01:38:54,171] [util.py:216]               [INFO]     |===================================== Validating FX Attributes =====================================|
[2022-10-28 01:38:54,172] [builder.py:265]            [DEBUG]    |                                                                                                    |
[2022-10-28 01:38:54,172] [builder.py:266]            [DEBUG]    | Validating Method: template                                                                        |
[2022-10-28 01:38:54,172] [meta.py:83]                [DEBUG]    | Value: ordereddict([('name', 'network'), ('network', 88), ('poster', 'https://theposterdb.com/api/assets/193493')]) |
[2022-10-28 01:38:54,173] [builder.py:330]            [DEBUG]    |                                                                                                    |
[2022-10-28 01:38:54,173] [builder.py:331]            [DEBUG]    | Validating Method: sync_mode                                                                       |
[2022-10-28 01:38:54,173] [builder.py:335]            [DEBUG]    | Value: sync                                                                                        |
[2022-10-28 01:38:54,173] [builder.py:453]            [DEBUG]    |                                                                                                    |
[2022-10-28 01:38:54,174] [builder.py:454]            [DEBUG]    | Validating Method: collection_order                                                                |
[2022-10-28 01:38:54,174] [builder.py:455]            [DEBUG]    | Value: alpha                                                                                       |
[2022-10-28 01:38:54,174] [builder.py:472]            [DEBUG]    |                                                                                                    |
[2022-10-28 01:38:54,174] [builder.py:473]            [DEBUG]    | Validating Method: tmdb_network                                                                    |
[2022-10-28 01:38:54,175] [builder.py:474]            [DEBUG]    | Value: 88                                                                                          |
[2022-10-28 01:38:54,268] [builder.py:472]            [DEBUG]    |                                                                                                    |
[2022-10-28 01:38:54,269] [builder.py:473]            [DEBUG]    | Validating Method: url_poster                                                                      |
[2022-10-28 01:38:54,269] [builder.py:474]            [DEBUG]    | Value: https://theposterdb.com/api/assets/193493                                                   |
[2022-10-28 01:38:54,269] [builder.py:472]            [DEBUG]    |                                                                                                    |
[2022-10-28 01:38:54,269] [builder.py:473]            [DEBUG]    | Validating Method: sort_title                                                                      |
[2022-10-28 01:38:54,270] [builder.py:474]            [DEBUG]    | Value: +2_FX                                                                                       |
[2022-10-28 01:38:54,332] [builder.py:619]            [INFO]     |                                                                                                    |
[2022-10-28 01:38:54,332] [builder.py:620]            [INFO]     | Validation Successful                                                                              |
[2022-10-28 01:38:54,333] [plex_meta_manager.py:758]  [INFO]     |                                                                                                    |
[2022-10-28 01:38:54,333] [util.py:216]               [INFO]     |====================================== Running FX Collection =======================================|
[2022-10-28 01:38:54,333] [plex_meta_manager.py:773]  [INFO]     |                                                                                                    |
[2022-10-28 01:38:54,333] [plex_meta_manager.py:774]  [INFO]     | Sync Mode: sync                                                                                    |
[2022-10-28 01:38:54,334] [builder.py:1275]           [DEBUG]    |                                                                                                    |
[2022-10-28 01:38:54,334] [builder.py:1276]           [DEBUG]    | Builder: tmdb_network: 88                                                                          |
[2022-10-28 01:38:54,334] [builder.py:1277]           [INFO]     |                                                                                                    |
[2022-10-28 01:38:55,076] [tmdb.py:280]               [INFO]     | Processing TMDb Network: (88) FX (88 Shows)                                                        |
[2022-10-28 01:38:55,077] [builder.py:1282]           [DEBUG]    |                                                                                                    |
[2022-10-28 01:38:55,077] [builder.py:1283]           [DEBUG]    | 88 IDs Found: [(1413, 'tmdb_show'), (60622, 'tmdb_show'), (1409, 'tmdb_show'), (2710, 'tmdb_show'), (76231, 'tmdb_show'), (10283, 'tmdb_show'), (47640, 'tmdb_show'), (111800, 'tmdb_show'), (3750, 'tmdb_show'), (46533, 'tmdb_show'), (71694, 'tmdb_show'), (1436, 'tmdb_show'), (1414, 'tmdb_show'), (79084, 'tmdb_show'), (4920, 'tmdb_show'), (83631, 'tmdb_show'), (67195, 'tmdb_show'), (65495, 'tmdb_show'), (42878, 'tmdb_show'), (64513, 'tmdb_show'), (65708, 'tmdb_show'), (31497, 'tmdb_show'), (61118, 'tmdb_show'), (4344, 'tmdb_show'), (76177, 'tmdb_show'), (517, 'tmdb_show'), (81358, 'tmdb_show'), (66859, 'tmdb_show'), (60972, 'tmdb_show'), (39525, 'tmdb_show'), (47141, 'tmdb_show'), (32962, 'tmdb_show'), (64551, 'tmdb_show'), (110344, 'tmdb_show'), (126929, 'tmdb_show'), (61871, 'tmdb_show'), (69851, 'tmdb_show'), (105763, 'tmdb_show'), (2933, 'tmdb_show'), (284, 'tmdb_show'), (62936, 'tmdb_show'), (4564, 'tmdb_show'), (869, 'tmdb_show'), (46405, 'tmdb_show'), (93290, 'tmdb_show'), (63349, 'tmdb_show'), (79413, 'tmdb_show'), (33400, 'tmdb_show'), (60782, 'tmdb_show'), (81131, 'tmdb_show'), (35092, 'tmdb_show'), (44220, 'tmdb_show'), (1936, 'tmdb_show'), (60697, 'tmdb_show'), (3929, 'tmdb_show'), (62180, 'tmdb_show'), (6860, 'tmdb_show'), (42370, 'tmdb_show'), (61211, 'tmdb_show'), (201304, 'tmdb_show'), (122185, 'tmdb_show'), (117532, 'tmdb_show'), (127393, 'tmdb_show'), (44992, 'tmdb_show'), (14822, 'tmdb_show'), (107597, 'tmdb_show'), (100120, 'tmdb_show'), (29882, 'tmdb_show'), (206319, 'tmdb_show'), (35241, 'tmdb_show'), (1543, 'tmdb_show'), (23292, 'tmdb_show'), (10061, 'tmdb_show'), (47316, 'tmdb_show'), (134095, 'tmdb_show'), (36362, 'tmdb_show'), (131141, 'tmdb_show'), (10890, 'tmdb_show'), (201581, 'tmdb_show'), (157972, 'tmdb_show'), (131142, 'tmdb_show'), (93324, 'tmdb_show'), (196977, 'tmdb_show'), (194935, 'tmdb_show'), (34343, 'tmdb_show'), (30614, 'tmdb_show'), (29815, 'tmdb_show'), (16771, 'tmdb_show')] |
[2022-10-28 01:38:55,077] [builder.py:1284]           [DEBUG]    |                                                                                                    |
[2022-10-28 01:38:55,276] [builder.py:1361]           [ERROR]    | Convert Error: No TVDb ID Found for TMDb ID: 105763                                                |
[2022-10-28 01:38:55,389] [builder.py:1361]           [ERROR]    | Convert Error: No TVDb ID Found for TMDb ID: 29882                                                 |
[2022-10-28 01:38:55,492] [builder.py:1361]           [ERROR]    | Convert Error: No TVDb ID Found for TMDb ID: 35241                                                 |
[2022-10-28 01:38:55,596] [builder.py:1361]           [ERROR]    | Convert Error: No TVDb ID Found for TMDb ID: 23292                                                 |
[2022-10-28 01:38:55,708] [builder.py:1361]           [ERROR]    | Convert Error: No TVDb ID Found for TMDb ID: 93324                                                 |
[2022-10-28 01:38:55,846] [builder.py:1361]           [ERROR]    | Convert Error: No TVDb ID Found for TMDb ID: 34343                                                 |
[2022-10-28 01:38:55,984] [builder.py:1361]           [ERROR]    | Convert Error: No TVDb ID Found for TMDb ID: 16771                                                 |
[2022-10-28 01:38:55,985] [builder.py:1697]           [INFO]     |                                                                                                    |
[2022-10-28 01:38:55,985] [util.py:216]               [INFO]     |===================================== Adding to FX Collection ======================================|
[2022-10-28 01:38:55,986] [builder.py:1699]           [INFO]     |                                                                                                    |
[2022-10-28 01:38:55,986] [builder.py:1709]           [INFO]     | 1/3 | FX Collection | = | American Horror Story                                                    |
[2022-10-28 01:38:55,986] [builder.py:1709]           [INFO]     | 2/3 | FX Collection | = | Fargo                                                                    |
[2022-10-28 01:38:55,987] [builder.py:1709]           [INFO]     | 3/3 | FX Collection | = | What We Do in the Shadows                                                |
[2022-10-28 01:38:55,987] [builder.py:1734]           [INFO]     |                                                                                                    |
[2022-10-28 01:38:55,987] [builder.py:1735]           [INFO]     | 3 Shows Processed                                                                                  |
[2022-10-28 01:38:55,987] [builder.py:1969]           [INFO]     |                                                                                                    |
[2022-10-28 01:38:55,988] [util.py:216]               [INFO]     |================================== Missing Shows from Library: FX ==================================|
[2022-10-28 01:38:55,988] [builder.py:1971]           [INFO]     |                                                                                                    |
[2022-10-28 01:38:56,537] [builder.py:1982]           [INFO]     | FX Collection | ? | Sons of Anarchy (TVDB: 82696)                                                  |
[2022-10-28 01:38:57,263] [builder.py:1982]           [INFO]     | FX Collection | ? | It's Always Sunny in Philadelphia (TVDB: 75805)                                |
[2022-10-28 01:38:57,578] [builder.py:1982]           [INFO]     | FX Collection | ? | Mayans M.C. (TVDB: 349659)                                                     |
[2022-10-28 01:38:58,212] [builder.py:1982]           [INFO]     | FX Collection | ? | Archer (2009) (TVDB: 110381)                                                   |
[2022-10-28 01:38:58,545] [builder.py:1982]           [INFO]     | FX Collection | ? | The Strain (TVDB: 276564)                                                      |
[2022-10-28 01:38:58,752] [builder.py:1982]           [INFO]     | FX Collection | ? | The Old Man (TVDB: 367392)                                                     |
[2022-10-28 01:38:59,153] [builder.py:1982]           [INFO]     | FX Collection | ? | Nip/Tuck (TVDB: 72201)                                                         |
[2022-10-28 01:38:59,672] [builder.py:1982]           [INFO]     | FX Collection | ? | The Americans (TVDB: 261690)                                                   |
[2022-10-28 01:38:59,998] [builder.py:1982]           [INFO]     | FX Collection | ? | Snowfall (2017) (TVDB: 328092)                                                 |
[2022-10-28 01:39:00,438] [builder.py:1982]           [INFO]     | FX Collection | ? | Justified (TVDB: 134241)                                                       |
[2022-10-28 01:39:00,992] [builder.py:1982]           [INFO]     | FX Collection | ? | The Shield (TVDB: 78261)                                                       |
[2022-10-28 01:39:01,351] [builder.py:1982]           [INFO]     | FX Collection | ? | Pose (TVDB: 346026)                                                            |
[2022-10-28 01:39:01,691] [builder.py:1982]           [INFO]     | FX Collection | ? | Damages (TVDB: 80367)                                                          |
[2022-10-28 01:39:02,052] [builder.py:1982]           [INFO]     | FX Collection | ? | Legion (TVDB: 320724)                                                          |
[2022-10-28 01:39:02,415] [builder.py:1982]           [INFO]     | FX Collection | ? | Atlanta (TVDB: 313999)                                                         |
[2022-10-28 01:39:02,765] [builder.py:1982]           [INFO]     | FX Collection | ? | Anger Management (TVDB: 253350)                                                |
[2022-10-28 01:39:03,157] [builder.py:1982]           [INFO]     | FX Collection | ? | American Crime Story (TVDB: 289108)                                            |
[2022-10-28 01:39:03,391] [builder.py:1982]           [INFO]     | FX Collection | ? | Taboo (2017) (TVDB: 292157)                                                    |
[2022-10-28 01:39:03,715] [builder.py:1982]           [INFO]     | FX Collection | ? | The League (TVDB: 114701)                                                      |
[2022-10-28 01:39:04,080] [builder.py:1982]           [INFO]     | FX Collection | ? | You're the Worst (TVDB: 281776)                                                |
[2022-10-28 01:39:04,478] [builder.py:1982]           [INFO]     | FX Collection | ? | Rescue Me (TVDB: 73741)                                                        |
[2022-10-28 01:39:04,702] [builder.py:1982]           [INFO]     | FX Collection | ? | Trust (2018) (TVDB: 340523)                                                    |
[2022-10-28 01:39:05,376] [builder.py:1982]           [INFO]     | FX Collection | ? | The Ultimate Fighter (TVDB: 75382)                                             |
[2022-10-28 01:39:05,710] [builder.py:1982]           [INFO]     | FX Collection | ? | Mr Inbetween (TVDB: 349743)                                                    |
[2022-10-28 01:39:06,034] [builder.py:1982]           [INFO]     | FX Collection | ? | Better Things (TVDB: 313270)                                                   |
[2022-10-28 01:39:06,288] [builder.py:1982]           [INFO]     | FX Collection | ? | Tyrant (TVDB: 268094)                                                          |
[2022-10-28 01:39:06,561] [builder.py:1982]           [INFO]     | FX Collection | ? | Wilfred (US) (TVDB: 239761)                                                    |
[2022-10-28 01:39:06,787] [builder.py:1982]           [INFO]     | FX Collection | ? | The Bridge (2013) (TVDB: 264085)                                               |
[2022-10-28 01:39:07,182] [builder.py:1982]           [INFO]     | FX Collection | ? | Louie (TVDB: 155201)                                                           |
[2022-10-28 01:39:07,504] [builder.py:1982]           [INFO]     | FX Collection | ? | Baskets (TVDB: 303069)                                                         |
[2022-10-28 01:39:07,706] [builder.py:1982]           [INFO]     | FX Collection | ? | Black Narcissus (TVDB: 382164)                                                 |
[2022-10-28 01:39:07,961] [builder.py:1982]           [INFO]     | FX Collection | ? | Welcome to Wrexham (TVDB: 403119)                                              |
[2022-10-28 01:39:08,248] [builder.py:1982]           [INFO]     | FX Collection | ? | Man Seeking Woman (TVDB: 283346)                                               |
[2022-10-28 01:39:08,470] [builder.py:1982]           [INFO]     | FX Collection | ? | Feud (TVDB: 322466)                                                            |
[2022-10-28 01:39:08,730] [builder.py:1982]           [INFO]     | FX Collection | ? | The Riches (TVDB: 79876)                                                       |
[2022-10-28 01:39:08,960] [builder.py:1982]           [INFO]     | FX Collection | ? | Dirt (TVDB: 79679)                                                             |
[2022-10-28 01:39:09,184] [builder.py:1982]           [INFO]     | FX Collection | ? | Sex&Drugs&Rock&Roll (TVDB: 283345)                                             |
[2022-10-28 01:39:09,405] [builder.py:1982]           [INFO]     | FX Collection | ? | Over There (TVDB: 72045)                                                       |
[2022-10-28 01:39:09,620] [builder.py:1982]           [INFO]     | FX Collection | ? | Son of the Beach (TVDB: 78853)                                                 |
[2022-10-28 01:39:09,842] [builder.py:1982]           [INFO]     | FX Collection | ? | Legit (2013) (TVDB: 264450)                                                    |
[2022-10-28 01:39:10,112] [builder.py:1982]           [INFO]     | FX Collection | ? | Breeders (TVDB: 363777)                                                        |
[2022-10-28 01:39:10,330] [builder.py:1982]           [INFO]     | FX Collection | ? | The Bastard Executioner (TVDB: 279227)                                         |
[2022-10-28 01:39:10,573] [builder.py:1982]           [INFO]     | FX Collection | ? | The New York Times Presents (TVDB: 362237)                                     |
[2022-10-28 01:39:10,781] [builder.py:1982]           [INFO]     | FX Collection | ? | Terriers (TVDB: 180791)                                                        |
[2022-10-28 01:39:11,000] [builder.py:1982]           [INFO]     | FX Collection | ? | Married (TVDB: 280756)                                                         |
[2022-10-28 01:39:11,215] [builder.py:1982]           [INFO]     | FX Collection | ? | Fosse/Verdon (TVDB: 357907)                                                    |
[2022-10-28 01:39:11,430] [builder.py:1982]           [INFO]     | FX Collection | ? | Lights Out (TVDB: 194051)                                                      |
[2022-10-28 01:39:11,672] [builder.py:1982]           [INFO]     | FX Collection | ? | The Booth at the End (TVDB: 240971)                                            |
[2022-10-28 01:39:11,842] [builder.py:1982]           [INFO]     | FX Collection | ? | Harsh Realm (TVDB: 71768)                                                      |
[2022-10-28 01:39:12,079] [builder.py:1982]           [INFO]     | FX Collection | ? | Chozen (TVDB: 275126)                                                          |
[2022-10-28 01:39:12,316] [builder.py:1982]           [INFO]     | FX Collection | ? | Thief (TVDB: 74334)                                                            |
[2022-10-28 01:39:12,500] [builder.py:1982]           [INFO]     | FX Collection | ? | The Comedians (2015) (TVDB: 290176)                                            |
[2022-10-28 01:39:12,671] [builder.py:1982]           [INFO]     | FX Collection | ? | Pretty/Handsome (TVDB: 367958)                                                 |
[2022-10-28 01:39:12,844] [builder.py:1982]           [INFO]     | FX Collection | ? | Unsupervised (TVDB: 254561)                                                    |
[2022-10-28 01:39:13,053] [builder.py:1982]           [INFO]     | FX Collection | ? | Partners (2014) (TVDB: 281664)                                                 |
[2022-10-28 01:39:13,244] [builder.py:1982]           [INFO]     | FX Collection | ? | Justified: City Primeval (TVDB: 414677)                                        |
[2022-10-28 01:39:13,431] [builder.py:1982]           [INFO]     | FX Collection | ? | Pride (2021) (TVDB: 400252)                                                    |
[2022-10-28 01:39:13,612] [builder.py:1982]           [INFO]     | FX Collection | ? | Hip Hop Uncovered (TVDB: 393673)                                               |
[2022-10-28 01:39:13,778] [builder.py:1982]           [INFO]     | FX Collection | ? | The Choe Show (TVDB: 404367)                                                   |
[2022-10-28 01:39:13,957] [builder.py:1982]           [INFO]     | FX Collection | ? | Brand X with Russell Brand (TVDB: 259286)                                      |
[2022-10-28 01:39:14,144] [builder.py:1982]           [INFO]     | FX Collection | ? | Lucky (TVDB: 70876)                                                            |
[2022-10-28 01:39:14,325] [builder.py:1982]           [INFO]     | FX Collection | ? | A Wilderness of Error (TVDB: 386156)                                           |
[2022-10-28 01:39:14,486] [builder.py:1982]           [INFO]     | FX Collection | ? | The Most Dangerous Animal of All (TVDB: 375356)                                |
[2022-10-28 01:39:14,659] [builder.py:1982]           [INFO]     | FX Collection | ? | Children of the Underground (TVDB: 420841)                                     |
[2022-10-28 01:39:14,857] [builder.py:1982]           [INFO]     | FX Collection | ? | 30 Days (TVDB: 78818)                                                          |
[2022-10-28 01:39:15,038] [builder.py:1982]           [INFO]     | FX Collection | ? | Starved (TVDB: 78858)                                                          |
[2022-10-28 01:39:15,222] [builder.py:1982]           [INFO]     | FX Collection | ? | Saint George (TVDB: 277844)                                                    |
[2022-10-28 01:39:15,270] [builder.py:1977]           [ERROR]    | TVDb Error: Could not find a TVDb Series using TVDb Series ID: 410207                              |
[2022-10-28 01:39:15,852] [builder.py:1982]           [INFO]     | FX Collection | ? | UFC Primetime (TVDB: 247926)                                                   |
[2022-10-28 01:39:16,001] [builder.py:1982]           [INFO]     | FX Collection | ? | American Sports Story (TVDB: 408693)                                           |
[2022-10-28 01:39:16,160] [builder.py:1982]           [INFO]     | FX Collection | ? | Black. White. (TVDB: 79262)                                                    |
[2022-10-28 01:39:16,301] [builder.py:1982]           [INFO]     | FX Collection | ? | Dear Mama (TVDB: 419932)                                                       |
[2022-10-28 01:39:16,525] [builder.py:1982]           [INFO]     | FX Collection | ? | Great Expectations (2022) (TVDB: 411028)                                       |
[2022-10-28 01:39:16,687] [builder.py:1982]           [INFO]     | FX Collection | ? | American Love Story (TVDB: 408694)                                             |
[2022-10-28 01:39:16,875] [builder.py:1982]           [INFO]     | FX Collection | ? | The Sterling Affairs (TVDB: 418670)                                            |
[2022-10-28 01:39:17,038] [builder.py:1982]           [INFO]     | FX Collection | ? | Swan Boy (TVDB: 410765)                                                        |
[2022-10-28 01:39:17,191] [builder.py:1982]           [INFO]     | FX Collection | ? | Todd TV (TVDB: 73678)                                                          |
[2022-10-28 01:39:17,388] [builder.py:1982]           [INFO]     | FX Collection | ? | Maggie... At Home With (TVDB: 71427)                                           |
[2022-10-28 01:39:17,389] [builder.py:1986]           [INFO]     |                                                                                                    |
[2022-10-28 01:39:17,389] [builder.py:1987]           [INFO]     | 77 Shows Missing                                                                                   |
[2022-10-28 01:39:17,526] [builder.py:2147]           [INFO]     |                                                                                                    |
[2022-10-28 01:39:17,526] [util.py:216]               [INFO]     |================================ Updating Details of FX Collection =================================|
[2022-10-28 01:39:17,527] [builder.py:2149]           [INFO]     |                                                                                                    |
[2022-10-28 01:39:17,527] [builder.py:2258]           [DEBUG]    | 1 posters found:                                                                                   |
[2022-10-28 01:39:17,527] [builder.py:2260]           [DEBUG]    | Method: url_poster Poster: https://theposterdb.com/api/assets/193493                               |
[2022-10-28 01:39:17,528] [builder.py:2327]           [INFO]     | No background collection detail or asset folder found                                              |
[2022-10-28 01:39:17,528] [library.py:147]            [INFO]     | Detail: poster update not needed                                                                   |
[2022-10-28 01:39:17,588] [plex_meta_manager.py:880]  [INFO]     |                                                                                                    |
[2022-10-28 01:39:17,589] [util.py:209]               [INFO]     |====================================================================================================|
[2022-10-28 01:39:17,589] [util.py:216]               [INFO]     |                                       Finished FX Collection                                       |
[2022-10-28 01:39:17,590] [util.py:216]               [INFO]     |                                    Collection Run Time: 0:00:23                                    |
[2022-10-28 01:39:17,590] [util.py:220]               [INFO]     |====================================================================================================|
