[2022-07-13 01:19:46,167] [util.py:209]               [INFO]     |====================================================================================================|
[2022-07-13 01:19:46,167] [util.py:216]               [INFO]     |                                   Workplace Collection in Anime                                    |
[2022-07-13 01:19:46,168] [util.py:220]               [INFO]     |====================================================================================================|
[2022-07-13 01:19:46,168] [plex_meta_manager.py:750]  [INFO]     |                                                                                                    |
[2022-07-13 01:19:46,168] [util.py:216]               [INFO]     |================================= Validating Workplace Attributes ==================================|
[2022-07-13 01:19:46,169] [builder.py:265]            [DEBUG]    |                                                                                                    |
[2022-07-13 01:19:46,169] [builder.py:266]            [DEBUG]    | Validating Method: template                                                                        |
[2022-07-13 01:19:46,169] [meta.py:83]                [DEBUG]    | Value: ordereddict([('name', 'Anime'), ('mal_id', 48), ('poster', None)])                          |
[2022-07-13 01:19:46,169] [builder.py:330]            [DEBUG]    |                                                                                                    |
[2022-07-13 01:19:46,170] [builder.py:331]            [DEBUG]    | Validating Method: sync_mode                                                                       |
[2022-07-13 01:19:46,170] [builder.py:335]            [DEBUG]    | Value: sync                                                                                        |
[2022-07-13 01:19:46,170] [builder.py:453]            [DEBUG]    |                                                                                                    |
[2022-07-13 01:19:46,170] [builder.py:454]            [DEBUG]    | Validating Method: collection_order                                                                |
[2022-07-13 01:19:46,171] [builder.py:455]            [DEBUG]    | Value: alpha                                                                                       |
[2022-07-13 01:19:46,171] [builder.py:472]            [DEBUG]    |                                                                                                    |
[2022-07-13 01:19:46,171] [builder.py:473]            [DEBUG]    | Validating Method: mal_genre                                                                       |
[2022-07-13 01:19:46,171] [builder.py:474]            [DEBUG]    | Value: {'genre_id': 48, 'limit': 999}                                                              |
[2022-07-13 01:19:46,172] [builder.py:472]            [DEBUG]    |                                                                                                    |
[2022-07-13 01:19:46,172] [builder.py:473]            [DEBUG]    | Validating Method: sort_title                                                                      |
[2022-07-13 01:19:46,172] [builder.py:474]            [DEBUG]    | Value: +++_Workplace                                                                               |
[2022-07-13 01:19:46,172] [builder.py:472]            [DEBUG]    |                                                                                                    |
[2022-07-13 01:19:46,173] [builder.py:473]            [DEBUG]    | Validating Method: sonarr_add_existing                                                             |
[2022-07-13 01:19:46,173] [builder.py:474]            [DEBUG]    | Value: True                                                                                        |
[2022-07-13 01:19:46,176] [plex.py:685]               [DEBUG]    | Looking for: Workplace                                                                             |
[2022-07-13 01:19:46,176] [builder.py:619]            [INFO]     |                                                                                                    |
[2022-07-13 01:19:46,177] [builder.py:620]            [INFO]     | Validation Successful                                                                              |
[2022-07-13 01:19:46,177] [plex_meta_manager.py:758]  [INFO]     |                                                                                                    |
[2022-07-13 01:19:46,177] [util.py:216]               [INFO]     |=================================== Running Workplace Collection ===================================|
[2022-07-13 01:19:46,178] [plex_meta_manager.py:773]  [INFO]     |                                                                                                    |
[2022-07-13 01:19:46,178] [plex_meta_manager.py:774]  [INFO]     | Sync Mode: sync                                                                                    |
[2022-07-13 01:19:46,178] [builder.py:1275]           [DEBUG]    |                                                                                                    |
[2022-07-13 01:19:46,178] [builder.py:1276]           [DEBUG]    | Builder: mal_genre: {'genre_id': 48, 'limit': 999}                                                 |
[2022-07-13 01:19:46,178] [builder.py:1277]           [INFO]     |                                                                                                    |
[2022-07-13 01:19:46,179] [mal.py:223]                [INFO]     | Processing MyAnimeList Genre ID: 48                                                                |
[2022-07-13 01:19:51,520] [mal.py:239]                [DEBUG]    |                                                                                                    |
[2022-07-13 01:19:51,521] [mal.py:240]                [DEBUG]    | 127 MyAnimeList IDs Found: [35968, 245, 22147, 34618, 25835, 6956, 31953, 9289, 34984, 42351, 10521, 34914, 25879, 329, 21273, 34012, 18119, 23309, 12431, 40620, 38349, 36904, 46093, 33094, 35241, 34494, 36873, 31630, 24031, 29787, 32948, 36317, 37985, 32977, 31715, 30206, 12815, 49605, 14175, 1589, 40215, 48804, 41762, 31848, 37964, 37458, 50185, 38337, 29163, 37804, 49385, 5984, 49519, 242, 30056, 45489, 33280, 37490, 34420, 36513, 1372, 49160, 28981, 39590, 1592, 38333, 1577, 1738, 33447, 41556, 798, 49869, 31139, 2014, 3000, 38527, 37747, 39972, 2013, 36784, 33245, 799, 2011, 42883, 39382, 35923, 32946, 2010, 4162, 3535, 39979, 37646, 810, 43001, 6312, 1843, 44040, 18205, 35113, 16906, 3482, 38549, 35004, 39581, 35332, 24527, 48845, 50762, 18155, 24437, 5472, 33044, 34409, 50522, 14519, 40423, 48495, 42090, 50141, 40141, 51132, 51211, 51997, 51076, 50523, 51246, 47581] |
[2022-07-13 01:19:51,522] [convert.py:100]            [ERROR]    | Convert Error: AniDB ID not found for MyAnimeList ID: 31715                                        |
[2022-07-13 01:19:51,522] [convert.py:100]            [ERROR]    | Convert Error: AniDB ID not found for MyAnimeList ID: 30206                                        |
[2022-07-13 01:19:51,523] [convert.py:78]             [ERROR]    | Convert Error: No TVDb ID or IMDb ID found for AniDB ID: 16920                                     |
[2022-07-13 01:19:51,523] [convert.py:78]             [ERROR]    | Convert Error: No TVDb ID or IMDb ID found for AniDB ID: 14061                                     |
[2022-07-13 01:19:51,523] [convert.py:100]            [ERROR]    | Convert Error: AniDB ID not found for MyAnimeList ID: 30056                                        |
[2022-07-13 01:19:51,531] [convert.py:100]            [ERROR]    | Convert Error: AniDB ID not found for MyAnimeList ID: 49869                                        |
[2022-07-13 01:19:51,532] [convert.py:100]            [ERROR]    | Convert Error: AniDB ID not found for MyAnimeList ID: 38527                                        |
[2022-07-13 01:19:51,532] [convert.py:100]            [ERROR]    | Convert Error: AniDB ID not found for MyAnimeList ID: 39972                                        |
[2022-07-13 01:19:51,533] [convert.py:78]             [ERROR]    | Convert Error: No TVDb ID or IMDb ID found for AniDB ID: 13396                                     |
[2022-07-13 01:19:51,533] [convert.py:100]            [ERROR]    | Convert Error: AniDB ID not found for MyAnimeList ID: 4162                                         |
[2022-07-13 01:19:51,533] [convert.py:78]             [ERROR]    | Convert Error: No TVDb ID or IMDb ID found for AniDB ID: 14973                                     |
[2022-07-13 01:19:51,533] [convert.py:78]             [ERROR]    | Convert Error: No TVDb ID or IMDb ID found for AniDB ID: 15748                                     |
[2022-07-13 01:19:51,534] [convert.py:100]            [ERROR]    | Convert Error: AniDB ID not found for MyAnimeList ID: 6312                                         |
[2022-07-13 01:19:51,534] [convert.py:100]            [ERROR]    | Convert Error: AniDB ID not found for MyAnimeList ID: 1843                                         |
[2022-07-13 01:19:51,534] [convert.py:78]             [ERROR]    | Convert Error: No TVDb ID or IMDb ID found for AniDB ID: 12983                                     |
[2022-07-13 01:19:51,534] [convert.py:78]             [ERROR]    | Convert Error: No TVDb ID or IMDb ID found for AniDB ID: 3199                                      |
[2022-07-13 01:19:51,535] [convert.py:78]             [ERROR]    | Convert Error: No TVDb ID or IMDb ID found for AniDB ID: 14505                                     |
[2022-07-13 01:19:51,535] [convert.py:78]             [ERROR]    | Convert Error: No TVDb ID or IMDb ID found for AniDB ID: 12912                                     |
[2022-07-13 01:19:51,535] [convert.py:78]             [ERROR]    | Convert Error: No TVDb ID or IMDb ID found for AniDB ID: 14821                                     |
[2022-07-13 01:19:51,535] [convert.py:100]            [ERROR]    | Convert Error: AniDB ID not found for MyAnimeList ID: 24527                                        |
[2022-07-13 01:19:51,536] [convert.py:78]             [ERROR]    | Convert Error: No TVDb ID or IMDb ID found for AniDB ID: 16675                                     |
[2022-07-13 01:19:51,537] [convert.py:78]             [ERROR]    | Convert Error: No TVDb ID or IMDb ID found for AniDB ID: 17129                                     |
[2022-07-13 01:19:51,537] [convert.py:78]             [ERROR]    | Convert Error: No TVDb ID or IMDb ID found for AniDB ID: 9786                                      |
[2022-07-13 01:19:51,537] [convert.py:100]            [ERROR]    | Convert Error: AniDB ID not found for MyAnimeList ID: 5472                                         |
[2022-07-13 01:19:51,537] [convert.py:78]             [ERROR]    | Convert Error: No TVDb ID or IMDb ID found for AniDB ID: 12024                                     |
[2022-07-13 01:19:51,538] [convert.py:78]             [ERROR]    | Convert Error: No TVDb ID or IMDb ID found for AniDB ID: 12555                                     |
[2022-07-13 01:19:51,538] [convert.py:78]             [ERROR]    | Convert Error: No TVDb ID or IMDb ID found for AniDB ID: 17021                                     |
[2022-07-13 01:19:51,538] [convert.py:78]             [ERROR]    | Convert Error: No TVDb ID or IMDb ID found for AniDB ID: 16085                                     |
[2022-07-13 01:19:51,538] [convert.py:78]             [ERROR]    | Convert Error: No TVDb ID or IMDb ID found for AniDB ID: 15581                                     |
[2022-07-13 01:19:51,539] [convert.py:100]            [ERROR]    | Convert Error: AniDB ID not found for MyAnimeList ID: 50141                                        |
[2022-07-13 01:19:51,539] [convert.py:78]             [ERROR]    | Convert Error: No TVDb ID or IMDb ID found for AniDB ID: 15027                                     |
[2022-07-13 01:19:51,539] [convert.py:78]             [ERROR]    | Convert Error: No TVDb ID or IMDb ID found for AniDB ID: 17123                                     |
[2022-07-13 01:19:51,539] [convert.py:100]            [ERROR]    | Convert Error: AniDB ID not found for MyAnimeList ID: 51211                                        |
[2022-07-13 01:19:51,540] [convert.py:78]             [ERROR]    | Convert Error: No TVDb ID or IMDb ID found for AniDB ID: 17306                                     |
[2022-07-13 01:19:51,540] [convert.py:100]            [ERROR]    | Convert Error: AniDB ID not found for MyAnimeList ID: 51076                                        |
[2022-07-13 01:19:51,540] [convert.py:100]            [ERROR]    | Convert Error: AniDB ID not found for MyAnimeList ID: 50523                                        |
[2022-07-13 01:19:51,540] [convert.py:100]            [ERROR]    | Convert Error: AniDB ID not found for MyAnimeList ID: 51246                                        |
[2022-07-13 01:19:51,541] [convert.py:100]            [ERROR]    | Convert Error: AniDB ID not found for MyAnimeList ID: 47581                                        |
[2022-07-13 01:19:51,541] [builder.py:1282]           [DEBUG]    |                                                                                                    |
[2022-07-13 01:19:51,541] [builder.py:1283]           [DEBUG]    | 89 IDs Found: [(341425, 'tvdb'), (79071, 'tvdb'), (280330, 'tvdb'), (332162, 'tvdb'), (284564, 'tvdb'), (145211, 'tvdb'), (309532, 'tvdb'), (246521, 'tvdb'), (337122, 'tvdb'), (401874, 'tvdb'), (145211, 'tvdb'), (309532, 'tvdb'), (145211, 'tvdb'), (75796, 'tvdb'), (278818, 'tvdb'), (329820, 'tvdb'), (269682, 'tvdb'), (279985, 'tvdb'), (256705, 'tvdb'), (401234, 'tvdb'), (341425, 'tvdb'), (346744, 'tvdb'), (395198, 'tvdb'), (317802, 'tvdb'), (332979, 'tvdb'), (321536, 'tvdb'), (347160, 'tvdb'), (305077, 'tvdb'), (282060, 'tvdb'), (278818, 'tvdb'), (309202, 'tvdb'), (353219, 'tvdb'), (346744, 'tvdb'), (310436, 'tvdb'), (257881, 'tvdb'), (408734, 'tvdb'), (229756, 'tmdb'), (81091, 'tvdb'), (346744, 'tvdb'), (329820, 'tvdb'), (392212, 'tvdb'), (304493, 'tvdb'), (358331, 'tvdb'), (348601, 'tvdb'), (278818, 'tvdb'), (295892, 'tvdb'), (411002, 'tvdb'), (88481, 'tvdb'), (407862, 'tvdb'), (81239, 'tvdb'), (346744, 'tvdb'), (486727, 'tmdb'), (305077, 'tvdb'), (344974, 'tvdb'), (345230, 'tvdb'), (80054, 'tvdb'), (412391, 'tvdb'), (293647, 'tvdb'), (368553, 'tvdb'), (79990, 'tvdb'), (278818, 'tvdb'), (80054, 'tvdb'), (82628, 'tvdb'), (320001, 'tvdb'), (394118, 'tvdb'), (80050, 'tvdb'), (293647, 'tvdb'), (80054, 'tvdb'), (80054, 'tvdb'), (293647, 'tvdb'), (51106, 'tmdb'), (340518, 'tvdb'), (293647, 'tvdb'), (72900, 'tvdb'), (80054, 'tvdb'), (389235, 'tvdb'), (358331, 'tvdb'), (293647, 'tvdb'), (80054, 'tvdb'), (83479, 'tvdb'), (340518, 'tvdb'), (80076, 'tvdb'), (394705, 'tvdb'), (283243, 'tvdb'), (265988, 'tvdb'), (283243, 'tvdb'), (283243, 'tvdb'), (83479, 'tvdb'), (370501, 'tvdb')] |
[2022-07-13 01:19:51,541] [builder.py:1284]           [DEBUG]    |                                                                                                    |
[2022-07-13 01:19:51,543] [plex_meta_manager.py:797]  [INFO]     |                                                                                                    |
[2022-07-13 01:19:51,544] [plex_meta_manager.py:798]  [INFO]     | Collection Minimum: 1 not met for Workplace Collection                                             |
[2022-07-13 01:19:51,544] [builder.py:1929]           [INFO]     |                                                                                                    |
[2022-07-13 01:19:51,544] [util.py:216]               [INFO]     |============================== Missing Movies from Library: Workplace ==============================|
[2022-07-13 01:19:51,544] [builder.py:1931]           [INFO]     |                                                                                                    |
[2022-07-13 01:19:51,545] [builder.py:1943]           [INFO]     | Workplace Collection | ? | Hanasaku Iroha: Home Sweet Home (2013) (TMDb: 229756)                   |
[2022-07-13 01:19:51,546] [builder.py:1943]           [INFO]     | Workplace Collection | ? | Is the Order a Rabbit?? Dear My Sister (2017) (TMDb: 486727)            |
[2022-07-13 01:19:51,547] [builder.py:1943]           [INFO]     | Workplace Collection | ? | You're Under Arrest: The Movie (1999) (TMDb: 51106)                     |
[2022-07-13 01:19:51,547] [builder.py:1947]           [INFO]     |                                                                                                    |
[2022-07-13 01:19:51,547] [builder.py:1948]           [INFO]     | 3 Movies Missing                                                                                   |
[2022-07-13 01:19:52,246] [builder.py:1969]           [INFO]     |                                                                                                    |
[2022-07-13 01:19:52,247] [util.py:216]               [INFO]     |============================== Missing Shows from Library: Workplace ===============================|
[2022-07-13 01:19:52,247] [builder.py:1971]           [INFO]     |                                                                                                    |
[2022-07-13 01:19:52,835] [builder.py:1982]           [INFO]     | Workplace Collection | ? | Wotakoi: Love Is Hard for Otaku (TVDB: 341425)                          |
[2022-07-13 01:19:53,457] [builder.py:1982]           [INFO]     | Workplace Collection | ? | Great Teacher Onizuka (TVDB: 79071)                                     |
[2022-07-13 01:19:54,000] [builder.py:1982]           [INFO]     | Workplace Collection | ? | Amagi Brilliant Park (TVDB: 280330)                                     |
[2022-07-13 01:19:55,144] [builder.py:1982]           [INFO]     | Workplace Collection | ? | BLEND-S (TVDB: 332162)                                                  |
[2022-07-13 01:19:55,581] [builder.py:1982]           [INFO]     | Workplace Collection | ? | Shirobako (TVDB: 284564)                                                |
[2022-07-13 01:19:56,076] [builder.py:1982]           [INFO]     | Workplace Collection | ? | Wagnaria!! (TVDB: 145211)                                               |
[2022-07-13 01:19:56,913] [builder.py:1982]           [INFO]     | Workplace Collection | ? | New Game! (TVDB: 309532)                                                |
[2022-07-13 01:19:57,324] [builder.py:1982]           [INFO]     | Workplace Collection | ? | Hanasaku Iroha: Blossoms for Tomorrow (TVDB: 246521)                    |
[2022-07-13 01:19:57,745] [builder.py:1982]           [INFO]     | Workplace Collection | ? | After the Rain (TVDB: 337122)                                           |
[2022-07-13 01:19:58,164] [builder.py:1982]           [INFO]     | Workplace Collection | ? | My Senpai Is Annoying (TVDB: 401874)                                    |
[2022-07-13 01:19:58,566] [builder.py:1982]           [INFO]     | Workplace Collection | ? | Planetes (TVDB: 75796)                                                  |
[2022-07-13 01:19:59,078] [builder.py:1982]           [INFO]     | Workplace Collection | ? | Is the Order a Rabbit? (TVDB: 278818)                                   |
[2022-07-13 01:19:59,516] [builder.py:1982]           [INFO]     | Workplace Collection | ? | Restaurant to Another World (TVDB: 329820)                              |
[2022-07-13 01:19:59,949] [builder.py:1982]           [INFO]     | Workplace Collection | ? | Servant x Service (TVDB: 269682)                                        |
[2022-07-13 01:20:00,399] [builder.py:1982]           [INFO]     | Workplace Collection | ? | Rail Wars! (TVDB: 279985)                                               |
[2022-07-13 01:20:00,851] [builder.py:1982]           [INFO]     | Workplace Collection | ? | Space Brothers (TVDB: 256705)                                           |
[2022-07-13 01:20:01,257] [builder.py:1982]           [INFO]     | Workplace Collection | ? | Life Lessons with Uramichi Oniisan (TVDB: 401234)                       |
[2022-07-13 01:20:02,138] [builder.py:1982]           [INFO]     | Workplace Collection | ? | Aggretsuko (TVDB: 346744)                                               |
[2022-07-13 01:20:02,875] [builder.py:1982]           [INFO]     | Workplace Collection | ? | The Aquatope on White Sand (TVDB: 395198)                               |
[2022-07-13 01:20:03,363] [builder.py:1982]           [INFO]     | Workplace Collection | ? | WWW.Working!! (TVDB: 317802)                                            |
[2022-07-13 01:20:03,841] [builder.py:1982]           [INFO]     | Workplace Collection | ? | Konohana Kitan (TVDB: 332979)                                           |
[2022-07-13 01:20:04,647] [builder.py:1982]           [INFO]     | Workplace Collection | ? | Sakura Quest (TVDB: 321536)                                             |
[2022-07-13 01:20:05,421] [builder.py:1982]           [INFO]     | Workplace Collection | ? | Back Street Girls -GOKUDOLLS- (TVDB: 347160)                            |
[2022-07-13 01:20:06,558] [builder.py:1982]           [INFO]     | Workplace Collection | ? | Ace Attorney (TVDB: 305077)                                             |
[2022-07-13 01:20:07,153] [builder.py:1982]           [INFO]     | Workplace Collection | ? | Denki-gai (TVDB: 282060)                                                |
[2022-07-13 01:20:08,294] [builder.py:1982]           [INFO]     | Workplace Collection | ? | The Great Passage (TVDB: 309202)                                        |
[2022-07-13 01:20:08,681] [builder.py:1982]           [INFO]     | Workplace Collection | ? | Skull-face Bookseller Honda-san (TVDB: 353219)                          |
[2022-07-13 01:20:09,159] [builder.py:1982]           [INFO]     | Workplace Collection | ? | Aggressive Retsuko (TVDB: 310436)                                       |
[2022-07-13 01:20:09,567] [builder.py:1982]           [INFO]     | Workplace Collection | ? | Polar Bear's Café (TVDB: 257881)                                        |
[2022-07-13 01:20:11,209] [builder.py:1982]           [INFO]     | Workplace Collection | ? | Ganbare Douki-chan (TVDB: 408734)                                       |
[2022-07-13 01:20:11,629] [builder.py:1982]           [INFO]     | Workplace Collection | ? | Bartender (TVDB: 81091)                                                 |
[2022-07-13 01:20:12,058] [builder.py:1982]           [INFO]     | Workplace Collection | ? | Heaven's Design Team (TVDB: 392212)                                     |
[2022-07-13 01:20:12,460] [builder.py:1982]           [INFO]     | Workplace Collection | ? | Ojisan and Marshmallow (TVDB: 304493)                                   |
[2022-07-13 01:20:12,922] [builder.py:1982]           [INFO]     | Workplace Collection | ? | Midnight Occult Civil Servants (TVDB: 358331)                           |
[2022-07-13 01:20:13,449] [builder.py:1982]           [INFO]     | Workplace Collection | ? | Holmes of Kyoto (TVDB: 348601)                                          |
[2022-07-13 01:20:14,708] [builder.py:1982]           [INFO]     | Workplace Collection | ? | Seiyu's Life! (TVDB: 295892)                                            |
[2022-07-13 01:20:15,186] [builder.py:1982]           [INFO]     | Workplace Collection | ? | Miss Kuroitsu From the Monster Development Department (TVDB: 411002)    |
[2022-07-13 01:20:15,568] [builder.py:1982]           [INFO]     | Workplace Collection | ? | Ristorante Paradiso (TVDB: 88481)                                       |
[2022-07-13 01:20:16,105] [builder.py:1982]           [INFO]     | Workplace Collection | ? | Police in a Pod (2022) (TVDB: 407862)                                   |
[2022-07-13 01:20:16,622] [builder.py:1982]           [INFO]     | Workplace Collection | ? | Gokusen (2004) (TVDB: 81239)                                            |
[2022-07-13 01:20:17,057] [builder.py:1982]           [INFO]     | Workplace Collection | ? | Isekai Izakaya: Japanese Food From Another World (TVDB: 344974)         |
[2022-07-13 01:20:17,495] [builder.py:1982]           [INFO]     | Workplace Collection | ? | Yotsuiro Biyori (TVDB: 345230)                                          |
[2022-07-13 01:20:18,002] [builder.py:1982]           [INFO]     | Workplace Collection | ? | You're Under Arrest! (TVDB: 80054)                                      |
[2022-07-13 01:20:18,461] [builder.py:1982]           [INFO]     | Workplace Collection | ? | Miss Shachiku and the Little Baby Ghost (TVDB: 412391)                  |
[2022-07-13 01:20:18,943] [builder.py:1982]           [INFO]     | Workplace Collection | ? | Rainy Cocoa (TVDB: 293647)                                              |
[2022-07-13 01:20:19,375] [builder.py:1982]           [INFO]     | Workplace Collection | ? | Africa no Salaryman (TVDB: 368553)                                      |
[2022-07-13 01:20:21,479] [builder.py:1982]           [INFO]     | Workplace Collection | ? | Hataraki Man (TVDB: 79990)                                              |
[2022-07-13 01:20:22,168] [builder.py:1982]           [INFO]     | Workplace Collection | ? | Ramen Fighter Miki (TVDB: 82628)                                        |
[2022-07-13 01:20:22,909] [builder.py:1982]           [INFO]     | Workplace Collection | ? | Piacevole! My Italian Cooking (TVDB: 320001)                            |
[2022-07-13 01:20:23,055] [builder.py:1977]           [ERROR]    | TVDb Error: Could not find a TVDb Series using TVDb Series ID: 394118                              |
[2022-07-13 01:20:23,423] [builder.py:1982]           [INFO]     | Workplace Collection | ? | Yomigaeru Sora: Rescue Wings (TVDB: 80050)                              |
[2022-07-13 01:20:23,837] [builder.py:1982]           [INFO]     | Workplace Collection | ? | Working Buddies! (TVDB: 340518)                                         |
[2022-07-13 01:20:24,200] [builder.py:1982]           [INFO]     | Workplace Collection | ? | Kokoro Library (TVDB: 72900)                                            |
[2022-07-13 01:20:24,878] [builder.py:1982]           [INFO]     | Workplace Collection | ? | That is the Bottleneck (TVDB: 389235)                                   |
[2022-07-13 01:20:25,464] [builder.py:1982]           [INFO]     | Workplace Collection | ? | Neko Ramen (TVDB: 83479)                                                |
[2022-07-13 01:20:26,015] [builder.py:1982]           [INFO]     | Workplace Collection | ? | Android Ana Maico 2010 (TVDB: 80076)                                    |
[2022-07-13 01:20:26,541] [builder.py:1982]           [INFO]     | Workplace Collection | ? | ABCiee Working Diary (TVDB: 394705)                                     |
[2022-07-13 01:20:27,627] [builder.py:1982]           [INFO]     | Workplace Collection | ? | World Fool News (TVDB: 283243)                                          |
[2022-07-13 01:20:28,146] [builder.py:1982]           [INFO]     | Workplace Collection | ? | Line Offline Salaryman (TVDB: 265988)                                   |
[2022-07-13 01:20:28,916] [builder.py:1982]           [INFO]     | Workplace Collection | ? | Taeko's Everyday Life (TVDB: 370501)                                    |
[2022-07-13 01:20:28,916] [builder.py:1986]           [INFO]     |                                                                                                    |
[2022-07-13 01:20:28,916] [builder.py:1987]           [INFO]     | 59 Shows Missing                                                                                   |
[2022-07-13 01:20:29,644] [plex_meta_manager.py:843]  [INFO]     |                                                                                                    |
[2022-07-13 01:20:29,645] [util.py:216]               [INFO]     |========================================== No Items Found ==========================================|
[2022-07-13 01:20:29,645] [plex_meta_manager.py:880]  [INFO]     |                                                                                                    |
[2022-07-13 01:20:29,646] [util.py:209]               [INFO]     |====================================================================================================|
[2022-07-13 01:20:29,646] [util.py:216]               [INFO]     |                                   Finished Workplace Collection                                    |
[2022-07-13 01:20:29,646] [util.py:216]               [INFO]     |                                    Collection Run Time: 0:00:43                                    |
[2022-07-13 01:20:29,646] [util.py:220]               [INFO]     |====================================================================================================|
