[2022-10-28 01:00:34,663] [util.py:209]               [INFO]     |====================================================================================================|
[2022-10-28 01:00:34,663] [util.py:216]               [INFO]     |                                 The Conjuring Collection in Movies                                 |
[2022-10-28 01:00:34,663] [util.py:220]               [INFO]     |====================================================================================================|
[2022-10-28 01:00:34,664] [plex_meta_manager.py:750]  [INFO]     |                                                                                                    |
[2022-10-28 01:00:34,664] [util.py:216]               [INFO]     |=============================== Validating The Conjuring Attributes ================================|
[2022-10-28 01:00:34,664] [builder.py:265]            [DEBUG]    |                                                                                                    |
[2022-10-28 01:00:34,665] [builder.py:266]            [DEBUG]    | Validating Method: template                                                                        |
[2022-10-28 01:00:34,665] [meta.py:83]                [DEBUG]    | Value: ordereddict([('name', 'Movie'), ('collection', 313086), ('summary 313086', None), ('movie', 439079), ('poster', 'https://theposterdb.com/api/assets/156081')]) |
[2022-10-28 01:00:34,665] [builder.py:330]            [DEBUG]    |                                                                                                    |
[2022-10-28 01:00:34,665] [builder.py:331]            [DEBUG]    | Validating Method: sync_mode                                                                       |
[2022-10-28 01:00:34,666] [builder.py:335]            [DEBUG]    | Value: sync                                                                                        |
[2022-10-28 01:00:34,666] [builder.py:453]            [DEBUG]    |                                                                                                    |
[2022-10-28 01:00:34,666] [builder.py:454]            [DEBUG]    | Validating Method: collection_order                                                                |
[2022-10-28 01:00:34,666] [builder.py:455]            [DEBUG]    | Value: release                                                                                     |
[2022-10-28 01:00:34,666] [builder.py:472]            [DEBUG]    |                                                                                                    |
[2022-10-28 01:00:34,667] [builder.py:473]            [DEBUG]    | Validating Method: url_poster                                                                      |
[2022-10-28 01:00:34,667] [builder.py:474]            [DEBUG]    | Value: https://theposterdb.com/api/assets/156081                                                   |
[2022-10-28 01:00:34,667] [builder.py:472]            [DEBUG]    |                                                                                                    |
[2022-10-28 01:00:34,667] [builder.py:473]            [DEBUG]    | Validating Method: tmdb_collection                                                                 |
[2022-10-28 01:00:34,668] [builder.py:474]            [DEBUG]    | Value: 313086                                                                                      |
[2022-10-28 01:00:34,759] [builder.py:472]            [DEBUG]    |                                                                                                    |
[2022-10-28 01:00:34,760] [builder.py:473]            [DEBUG]    | Validating Method: sort_title                                                                      |
[2022-10-28 01:00:34,760] [builder.py:474]            [DEBUG]    | Value: 00000f_The Conjuring                                                                        |
[2022-10-28 01:00:34,760] [builder.py:472]            [DEBUG]    |                                                                                                    |
[2022-10-28 01:00:34,761] [builder.py:473]            [DEBUG]    | Validating Method: radarr_add_missing                                                              |
[2022-10-28 01:00:34,761] [builder.py:474]            [DEBUG]    | Value: True                                                                                        |
[2022-10-28 01:00:34,895] [builder.py:619]            [INFO]     |                                                                                                    |
[2022-10-28 01:00:34,896] [builder.py:620]            [INFO]     | Validation Successful                                                                              |
[2022-10-28 01:00:34,897] [plex_meta_manager.py:758]  [INFO]     |                                                                                                    |
[2022-10-28 01:00:34,897] [util.py:216]               [INFO]     |================================= Running The Conjuring Collection =================================|
[2022-10-28 01:00:34,898] [plex_meta_manager.py:773]  [INFO]     |                                                                                                    |
[2022-10-28 01:00:34,898] [plex_meta_manager.py:774]  [INFO]     | Sync Mode: sync                                                                                    |
[2022-10-28 01:00:34,898] [builder.py:1275]           [DEBUG]    |                                                                                                    |
[2022-10-28 01:00:34,898] [builder.py:1276]           [DEBUG]    | Builder: tmdb_collection: 313086                                                                   |
[2022-10-28 01:00:34,899] [builder.py:1277]           [INFO]     |                                                                                                    |
[2022-10-28 01:00:34,899] [tmdb.py:321]               [INFO]     | Processing TMDb Collection: (313086) The Conjuring Collection (3 Items)                            |
[2022-10-28 01:00:34,899] [builder.py:1282]           [DEBUG]    |                                                                                                    |
[2022-10-28 01:00:34,900] [builder.py:1283]           [DEBUG]    | 3 IDs Found: [(138843, 'tmdb'), (259693, 'tmdb'), (423108, 'tmdb')]                                |
[2022-10-28 01:00:34,900] [builder.py:1284]           [DEBUG]    |                                                                                                    |
[2022-10-28 01:00:34,959] [builder.py:1697]           [INFO]     |                                                                                                    |
[2022-10-28 01:00:34,960] [util.py:216]               [INFO]     |================================ Adding to The Conjuring Collection ================================|
[2022-10-28 01:00:34,960] [builder.py:1699]           [INFO]     |                                                                                                    |
[2022-10-28 01:00:34,960] [builder.py:1709]           [INFO]     | 1/3 | The Conjuring Collection | = | The Conjuring (2013)                                          |
[2022-10-28 01:00:34,961] [builder.py:1709]           [INFO]     | 2/3 | The Conjuring Collection | = | The Conjuring 2 (2016)                                        |
[2022-10-28 01:00:34,961] [builder.py:1709]           [INFO]     | 3/3 | The Conjuring Collection | = | The Conjuring: The Devil Made Me Do It (2021)                 |
[2022-10-28 01:00:34,961] [builder.py:1734]           [INFO]     |                                                                                                    |
[2022-10-28 01:00:34,962] [builder.py:1735]           [INFO]     | 3 Movies Processed                                                                                 |
[2022-10-28 01:00:34,965] [builder.py:2147]           [INFO]     |                                                                                                    |
[2022-10-28 01:00:34,965] [util.py:216]               [INFO]     |=========================== Updating Details of The Conjuring Collection ===========================|
[2022-10-28 01:00:34,966] [builder.py:2149]           [INFO]     |                                                                                                    |
[2022-10-28 01:00:34,967] [builder.py:2258]           [DEBUG]    | 1 posters found:                                                                                   |
[2022-10-28 01:00:34,967] [builder.py:2260]           [DEBUG]    | Method: url_poster Poster: https://theposterdb.com/api/assets/156081                               |
[2022-10-28 01:00:34,967] [builder.py:2327]           [INFO]     | No background collection detail or asset folder found                                              |
[2022-10-28 01:00:34,968] [library.py:147]            [INFO]     | Detail: poster update not needed                                                                   |
[2022-10-28 01:00:35,099] [plex_meta_manager.py:880]  [INFO]     |                                                                                                    |
[2022-10-28 01:00:35,099] [util.py:209]               [INFO]     |====================================================================================================|
[2022-10-28 01:00:35,100] [util.py:216]               [INFO]     |                                 Finished The Conjuring Collection                                  |
[2022-10-28 01:00:35,100] [util.py:216]               [INFO]     |                                    Collection Run Time: 0:00:00                                    |
[2022-10-28 01:00:35,100] [util.py:220]               [INFO]     |====================================================================================================|
