[2022-11-06 11:52:15,336] [util.py:209]               [INFO]     |====================================================================================================|
[2022-11-06 11:52:15,337] [util.py:216]               [INFO]     |                                    Mystery Collection in Movies                                    |
[2022-11-06 11:52:15,337] [util.py:220]               [INFO]     |====================================================================================================|
[2022-11-06 11:52:15,338] [plex_meta_manager.py:750]  [INFO]     |                                                                                                    |
[2022-11-06 11:52:15,338] [util.py:216]               [INFO]     |================================== Validating Mystery Attributes ===================================|
[2022-11-06 11:52:15,339] [builder.py:265]            [DEBUG]    |                                                                                                    |
[2022-11-06 11:52:15,339] [builder.py:266]            [DEBUG]    | Validating Method: template                                                                        |
[2022-11-06 11:52:15,339] [meta.py:83]                [DEBUG]    | Value: ordereddict([('name', 'Genre'), ('genre', 'Mystery'), ('poster', 'https://theposterdb.com/api/assets/53060')]) |
[2022-11-06 11:52:15,340] [builder.py:453]            [DEBUG]    |                                                                                                    |
[2022-11-06 11:52:15,340] [builder.py:454]            [DEBUG]    | Validating Method: collection_order                                                                |
[2022-11-06 11:52:15,340] [builder.py:455]            [DEBUG]    | Value: alpha                                                                                       |
[2022-11-06 11:52:15,340] [builder.py:472]            [DEBUG]    |                                                                                                    |
[2022-11-06 11:52:15,341] [builder.py:473]            [DEBUG]    | Validating Method: summary                                                                         |
[2022-11-06 11:52:15,341] [builder.py:474]            [DEBUG]    | Value: A Mystery film centers on a person of authority, usually a detective, that is trying to solve a mysterious crime. The main protagonist uses clues, investigation, and logical reasoning. The biggest element in these films is a sense of “whodunit” suspense, usually created through visual cues and unusual plot twists. |
[2022-11-06 11:52:15,341] [builder.py:472]            [DEBUG]    |                                                                                                    |
[2022-11-06 11:52:15,342] [builder.py:473]            [DEBUG]    | Validating Method: plex_search                                                                     |
[2022-11-06 11:52:15,342] [builder.py:474]            [DEBUG]    | Value: {'genre': 'Mystery'}                                                                        |
[2022-11-06 11:52:15,391] [builder.py:472]            [DEBUG]    |                                                                                                    |
[2022-11-06 11:52:15,391] [builder.py:473]            [DEBUG]    | Validating Method: url_poster                                                                      |
[2022-11-06 11:52:15,391] [builder.py:474]            [DEBUG]    | Value: https://theposterdb.com/api/assets/53060                                                    |
[2022-11-06 11:52:15,392] [builder.py:472]            [DEBUG]    |                                                                                                    |
[2022-11-06 11:52:15,392] [builder.py:473]            [DEBUG]    | Validating Method: sort_title                                                                      |
[2022-11-06 11:52:15,393] [builder.py:474]            [DEBUG]    | Value: 00000d_Mystery                                                                              |
[2022-11-06 11:52:16,361] [builder.py:619]            [INFO]     |                                                                                                    |
[2022-11-06 11:52:16,361] [builder.py:620]            [INFO]     | Validation Successful                                                                              |
[2022-11-06 11:52:16,371] [plex_meta_manager.py:758]  [INFO]     |                                                                                                    |
[2022-11-06 11:52:16,371] [util.py:216]               [INFO]     |==================================== Running Mystery Collection ====================================|
[2022-11-06 11:52:16,372] [plex_meta_manager.py:773]  [INFO]     |                                                                                                    |
[2022-11-06 11:52:16,372] [plex_meta_manager.py:774]  [INFO]     | Sync Mode: append                                                                                  |
[2022-11-06 11:52:16,373] [builder.py:1275]           [DEBUG]    |                                                                                                    |
[2022-11-06 11:52:16,373] [builder.py:1276]           [DEBUG]    | Builder: plex_search: (1, 'Plex Movie Search\nSort By: title.asc\nFilter:\n  Match all of the following:\n    Match any of the following:\n      Genre is Mystery', '?type=1&sort=titleSort&push=1&genre=519&pop=1') |
[2022-11-06 11:52:16,373] [builder.py:1277]           [INFO]     |                                                                                                    |
[2022-11-06 11:52:16,373] [util.py:161]               [INFO]     | Plex Movie Search                                                                                  |
[2022-11-06 11:52:16,374] [util.py:161]               [INFO]     | Sort By: title.asc                                                                                 |
[2022-11-06 11:52:16,374] [util.py:161]               [INFO]     | Filter:                                                                                            |
[2022-11-06 11:52:16,374] [util.py:161]               [INFO]     |   Match all of the following:                                                                      |
[2022-11-06 11:52:16,375] [util.py:161]               [INFO]     |     Match any of the following:                                                                    |
[2022-11-06 11:52:16,375] [util.py:161]               [INFO]     |       Genre is Mystery                                                                             |
[2022-11-06 11:52:17,000] [plex.py:748]               [DEBUG]    |                                                                                                    |
[2022-11-06 11:52:17,000] [plex.py:749]               [DEBUG]    | 209 Keys Found: [(111654, 'ratingKey'), (96836, 'ratingKey'), (117417, 'ratingKey'), (118110, 'ratingKey'), (99182, 'ratingKey'), (99245, 'ratingKey'), (113116, 'ratingKey'), (118111, 'ratingKey'), (117398, 'ratingKey'), (113374, 'ratingKey'), (117800, 'ratingKey'), (117346, 'ratingKey'), (99290, 'ratingKey'), (118084, 'ratingKey'), (99375, 'ratingKey'), (113416, 'ratingKey'), (99379, 'ratingKey'), (112127, 'ratingKey'), (104174, 'ratingKey'), (99629, 'ratingKey'), (117183, 'ratingKey'), (100173, 'ratingKey'), (111684, 'ratingKey'), (99400, 'ratingKey'), (117211, 'ratingKey'), (112989, 'ratingKey'), (117770, 'ratingKey'), (99405, 'ratingKey'), (104185, 'ratingKey'), (113176, 'ratingKey'), (116700, 'ratingKey'), (117209, 'ratingKey'), (99444, 'ratingKey'), (117189, 'ratingKey'), (104189, 'ratingKey'), (99653, 'ratingKey'), (117510, 'ratingKey'), (116698, 'ratingKey'), (113389, 'ratingKey'), (99636, 'ratingKey'), (108589, 'ratingKey'), (113403, 'ratingKey'), (117134, 'ratingKey'), (104222, 'ratingKey'), (116637, 'ratingKey'), (117130, 'ratingKey'), (99670, 'ratingKey'), (113388, 'ratingKey'), (104300, 'ratingKey'), (104218, 'ratingKey'), (116849, 'ratingKey'), (101027, 'ratingKey'), (99719, 'ratingKey'), (99730, 'ratingKey'), (99724, 'ratingKey'), (100227, 'ratingKey'), (104310, 'ratingKey'), (117588, 'ratingKey'), (117536, 'ratingKey'), (117071, 'ratingKey'), (116993, 'ratingKey'), (116724, 'ratingKey'), (99838, 'ratingKey'), (116606, 'ratingKey'), (104330, 'ratingKey'), (99909, 'ratingKey'), (99902, 'ratingKey'), (99908, 'ratingKey'), (99911, 'ratingKey'), (99915, 'ratingKey'), (99918, 'ratingKey'), (99919, 'ratingKey'), (115765, 'ratingKey'), (116790, 'ratingKey'), (116648, 'ratingKey'), (116607, 'ratingKey'), (100172, 'ratingKey'), (102132, 'ratingKey'), (105204, 'ratingKey'), (115714, 'ratingKey'), (104349, 'ratingKey'), (112820, 'ratingKey'), (115515, 'ratingKey'), (101094, 'ratingKey'), (115327, 'ratingKey'), (115329, 'ratingKey'), (113019, 'ratingKey'), (113059, 'ratingKey'), (113060, 'ratingKey'), (112938, 'ratingKey'), (115601, 'ratingKey'), (116289, 'ratingKey'), (115542, 'ratingKey'), (104365, 'ratingKey'), (100275, 'ratingKey'), (102208, 'ratingKey'), (104224, 'ratingKey'), (116559, 'ratingKey'), (113255, 'ratingKey'), (100511, 'ratingKey'), (100464, 'ratingKey'), (100377, 'ratingKey'), (101139, 'ratingKey'), (102136, 'ratingKey'), (116556, 'ratingKey'), (104407, 'ratingKey'), (102215, 'ratingKey'), (104389, 'ratingKey'), (101166, 'ratingKey'), (100632, 'ratingKey'), (112548, 'ratingKey'), (112348, 'ratingKey'), (118658, 'ratingKey'), (100352, 'ratingKey'), (113190, 'ratingKey'), (112497, 'ratingKey'), (116489, 'ratingKey'), (113175, 'ratingKey'), (116480, 'ratingKey'), (101384, 'ratingKey'), (104452, 'ratingKey'), (101401, 'ratingKey'), (100236, 'ratingKey'), (114591, 'ratingKey'), (116473, 'ratingKey'), (116370, 'ratingKey'), (100576, 'ratingKey'), (114528, 'ratingKey'), (101466, 'ratingKey'), (101462, 'ratingKey'), (114482, 'ratingKey'), (114481, 'ratingKey'), (100338, 'ratingKey'), (100669, 'ratingKey'), (112489, 'ratingKey'), (112473, 'ratingKey'), (114220, 'ratingKey'), (112429, 'ratingKey'), (116439, 'ratingKey'), (112428, 'ratingKey'), (112400, 'ratingKey'), (118328, 'ratingKey'), (101633, 'ratingKey'), (41412, 'ratingKey'), (80122, 'ratingKey'), (41118, 'ratingKey'), (102335, 'ratingKey'), (104602, 'ratingKey'), (100593, 'ratingKey'), (101705, 'ratingKey'), (41382, 'ratingKey'), (96855, 'ratingKey'), (37798, 'ratingKey'), (3733, 'ratingKey'), (37766, 'ratingKey'), (101460, 'ratingKey'), (37114, 'ratingKey'), (75752, 'ratingKey'), (101765, 'ratingKey'), (96844, 'ratingKey'), (78505, 'ratingKey'), (101767, 'ratingKey'), (37702, 'ratingKey'), (105875, 'ratingKey'), (101804, 'ratingKey'), (104992, 'ratingKey'), (105137, 'ratingKey'), (78648, 'ratingKey'), (101836, 'ratingKey'), (39706, 'ratingKey'), (40781, 'ratingKey'), (101855, 'ratingKey'), (104263, 'ratingKey'), (105138, 'ratingKey'), (105950, 'ratingKey'), (76198, 'ratingKey'), (76995, 'ratingKey'), (39807, 'ratingKey'), (101868, 'ratingKey'), (100294, 'ratingKey'), (100688, 'ratingKey'), (102159, 'ratingKey'), (100743, 'ratingKey'), (115800, 'ratingKey'), (101960, 'ratingKey'), (101970, 'ratingKey'), (98594, 'ratingKey'), (115966, 'ratingKey'), (113766, 'ratingKey'), (102070, 'ratingKey'), (105947, 'ratingKey'), (113761, 'ratingKey'), (105241, 'ratingKey'), (102075, 'ratingKey'), (102080, 'ratingKey'), (115926, 'ratingKey'), (102092, 'ratingKey'), (100913, 'ratingKey'), (111057, 'ratingKey'), (105921, 'ratingKey'), (113543, 'ratingKey'), (105207, 'ratingKey'), (102102, 'ratingKey'), (100919, 'ratingKey'), (100929, 'ratingKey'), (112698, 'ratingKey'), (100935, 'ratingKey'), (102109, 'ratingKey'), (113476, 'ratingKey')] |
[2022-11-06 11:52:17,004] [builder.py:1282]           [DEBUG]    |                                                                                                    |
[2022-11-06 11:52:17,004] [builder.py:1283]           [DEBUG]    | 209 IDs Found: [(111654, 'ratingKey'), (96836, 'ratingKey'), (117417, 'ratingKey'), (118110, 'ratingKey'), (99182, 'ratingKey'), (99245, 'ratingKey'), (113116, 'ratingKey'), (118111, 'ratingKey'), (117398, 'ratingKey'), (113374, 'ratingKey'), (117800, 'ratingKey'), (117346, 'ratingKey'), (99290, 'ratingKey'), (118084, 'ratingKey'), (99375, 'ratingKey'), (113416, 'ratingKey'), (99379, 'ratingKey'), (112127, 'ratingKey'), (104174, 'ratingKey'), (99629, 'ratingKey'), (117183, 'ratingKey'), (100173, 'ratingKey'), (111684, 'ratingKey'), (99400, 'ratingKey'), (117211, 'ratingKey'), (112989, 'ratingKey'), (117770, 'ratingKey'), (99405, 'ratingKey'), (104185, 'ratingKey'), (113176, 'ratingKey'), (116700, 'ratingKey'), (117209, 'ratingKey'), (99444, 'ratingKey'), (117189, 'ratingKey'), (104189, 'ratingKey'), (99653, 'ratingKey'), (117510, 'ratingKey'), (116698, 'ratingKey'), (113389, 'ratingKey'), (99636, 'ratingKey'), (108589, 'ratingKey'), (113403, 'ratingKey'), (117134, 'ratingKey'), (104222, 'ratingKey'), (116637, 'ratingKey'), (117130, 'ratingKey'), (99670, 'ratingKey'), (113388, 'ratingKey'), (104300, 'ratingKey'), (104218, 'ratingKey'), (116849, 'ratingKey'), (101027, 'ratingKey'), (99719, 'ratingKey'), (99730, 'ratingKey'), (99724, 'ratingKey'), (100227, 'ratingKey'), (104310, 'ratingKey'), (117588, 'ratingKey'), (117536, 'ratingKey'), (117071, 'ratingKey'), (116993, 'ratingKey'), (116724, 'ratingKey'), (99838, 'ratingKey'), (116606, 'ratingKey'), (104330, 'ratingKey'), (99909, 'ratingKey'), (99902, 'ratingKey'), (99908, 'ratingKey'), (99911, 'ratingKey'), (99915, 'ratingKey'), (99918, 'ratingKey'), (99919, 'ratingKey'), (115765, 'ratingKey'), (116790, 'ratingKey'), (116648, 'ratingKey'), (116607, 'ratingKey'), (100172, 'ratingKey'), (102132, 'ratingKey'), (105204, 'ratingKey'), (115714, 'ratingKey'), (104349, 'ratingKey'), (112820, 'ratingKey'), (115515, 'ratingKey'), (101094, 'ratingKey'), (115327, 'ratingKey'), (115329, 'ratingKey'), (113019, 'ratingKey'), (113059, 'ratingKey'), (113060, 'ratingKey'), (112938, 'ratingKey'), (115601, 'ratingKey'), (116289, 'ratingKey'), (115542, 'ratingKey'), (104365, 'ratingKey'), (100275, 'ratingKey'), (102208, 'ratingKey'), (104224, 'ratingKey'), (116559, 'ratingKey'), (113255, 'ratingKey'), (100511, 'ratingKey'), (100464, 'ratingKey'), (100377, 'ratingKey'), (101139, 'ratingKey'), (102136, 'ratingKey'), (116556, 'ratingKey'), (104407, 'ratingKey'), (102215, 'ratingKey'), (104389, 'ratingKey'), (101166, 'ratingKey'), (100632, 'ratingKey'), (112548, 'ratingKey'), (112348, 'ratingKey'), (118658, 'ratingKey'), (100352, 'ratingKey'), (113190, 'ratingKey'), (112497, 'ratingKey'), (116489, 'ratingKey'), (113175, 'ratingKey'), (116480, 'ratingKey'), (101384, 'ratingKey'), (104452, 'ratingKey'), (101401, 'ratingKey'), (100236, 'ratingKey'), (114591, 'ratingKey'), (116473, 'ratingKey'), (116370, 'ratingKey'), (100576, 'ratingKey'), (114528, 'ratingKey'), (101466, 'ratingKey'), (101462, 'ratingKey'), (114482, 'ratingKey'), (114481, 'ratingKey'), (100338, 'ratingKey'), (100669, 'ratingKey'), (112489, 'ratingKey'), (112473, 'ratingKey'), (114220, 'ratingKey'), (112429, 'ratingKey'), (116439, 'ratingKey'), (112428, 'ratingKey'), (112400, 'ratingKey'), (118328, 'ratingKey'), (101633, 'ratingKey'), (41412, 'ratingKey'), (80122, 'ratingKey'), (41118, 'ratingKey'), (102335, 'ratingKey'), (104602, 'ratingKey'), (100593, 'ratingKey'), (101705, 'ratingKey'), (41382, 'ratingKey'), (96855, 'ratingKey'), (37798, 'ratingKey'), (3733, 'ratingKey'), (37766, 'ratingKey'), (101460, 'ratingKey'), (37114, 'ratingKey'), (75752, 'ratingKey'), (101765, 'ratingKey'), (96844, 'ratingKey'), (78505, 'ratingKey'), (101767, 'ratingKey'), (37702, 'ratingKey'), (105875, 'ratingKey'), (101804, 'ratingKey'), (104992, 'ratingKey'), (105137, 'ratingKey'), (78648, 'ratingKey'), (101836, 'ratingKey'), (39706, 'ratingKey'), (40781, 'ratingKey'), (101855, 'ratingKey'), (104263, 'ratingKey'), (105138, 'ratingKey'), (105950, 'ratingKey'), (76198, 'ratingKey'), (76995, 'ratingKey'), (39807, 'ratingKey'), (101868, 'ratingKey'), (100294, 'ratingKey'), (100688, 'ratingKey'), (102159, 'ratingKey'), (100743, 'ratingKey'), (115800, 'ratingKey'), (101960, 'ratingKey'), (101970, 'ratingKey'), (98594, 'ratingKey'), (115966, 'ratingKey'), (113766, 'ratingKey'), (102070, 'ratingKey'), (105947, 'ratingKey'), (113761, 'ratingKey'), (105241, 'ratingKey'), (102075, 'ratingKey'), (102080, 'ratingKey'), (115926, 'ratingKey'), (102092, 'ratingKey'), (100913, 'ratingKey'), (111057, 'ratingKey'), (105921, 'ratingKey'), (113543, 'ratingKey'), (105207, 'ratingKey'), (102102, 'ratingKey'), (100919, 'ratingKey'), (100929, 'ratingKey'), (112698, 'ratingKey'), (100935, 'ratingKey'), (102109, 'ratingKey'), (113476, 'ratingKey')] |
[2022-11-06 11:52:17,005] [builder.py:1284]           [DEBUG]    |                                                                                                    |
[2022-11-06 11:52:21,945] [builder.py:1697]           [INFO]     |                                                                                                    |
[2022-11-06 11:52:21,946] [util.py:216]               [INFO]     |=================================== Adding to Mystery Collection ===================================|
[2022-11-06 11:52:21,946] [builder.py:1699]           [INFO]     |                                                                                                    |
[2022-11-06 11:52:21,947] [builder.py:1709]           [INFO]     |   1/209 | Mystery Collection | = | 10 Cloverfield Lane (2016)                                      |
[2022-11-06 11:52:21,947] [builder.py:1709]           [INFO]     |   2/209 | Mystery Collection | = | 2001: A Space Odyssey (1968)                                    |
[2022-11-06 11:52:21,947] [builder.py:1709]           [INFO]     |   3/209 | Mystery Collection | = | The Abyss (1989)                                                |
[2022-11-06 11:52:21,948] [builder.py:1709]           [INFO]     |   4/209 | Mystery Collection | = | Alien: Covenant (2017)                                          |
[2022-11-06 11:52:21,948] [builder.py:1709]           [INFO]     |   5/209 | Mystery Collection | = | Alone (2020)                                                    |
[2022-11-06 11:52:21,948] [builder.py:1709]           [INFO]     |   6/209 | Mystery Collection | = | Animal World (2018)                                             |
[2022-11-06 11:52:21,949] [builder.py:1709]           [INFO]     |   7/209 | Mystery Collection | = | Annabelle Comes Home (2019)                                     |
[2022-11-06 11:52:21,949] [builder.py:1709]           [INFO]     |   8/209 | Mystery Collection | = | Annihilation (2018)                                             |
[2022-11-06 11:52:21,949] [builder.py:1709]           [INFO]     |   9/209 | Mystery Collection | = | Antlers (2021)                                                  |
[2022-11-06 11:52:21,949] [builder.py:1709]           [INFO]     |  10/209 | Mystery Collection | = | Apocalypse Now (1979)                                           |
[2022-11-06 11:52:21,950] [builder.py:1709]           [INFO]     |  11/209 | Mystery Collection | = | Arrival (2016)                                                  |
[2022-11-06 11:52:21,950] [builder.py:1709]           [INFO]     |  12/209 | Mystery Collection | = | The Babadook (2014)                                             |
[2022-11-06 11:52:21,950] [builder.py:1709]           [INFO]     |  13/209 | Mystery Collection | = | Bacurau (2019)                                                  |
[2022-11-06 11:52:21,951] [builder.py:1709]           [INFO]     |  14/209 | Mystery Collection | = | The Batman (2022)                                               |
[2022-11-06 11:52:21,951] [builder.py:1709]           [INFO]     |  15/209 | Mystery Collection | = | The Birds (1963)                                                |
[2022-11-06 11:52:21,951] [builder.py:1709]           [INFO]     |  16/209 | Mystery Collection | = | Black Box (2020)                                                |
[2022-11-06 11:52:21,952] [builder.py:1709]           [INFO]     |  17/209 | Mystery Collection | = | Black Box (2021)                                                |
[2022-11-06 11:52:21,952] [builder.py:1709]           [INFO]     |  18/209 | Mystery Collection | = | Blade Runner 2049 (2017)                                        |
[2022-11-06 11:52:21,953] [builder.py:1709]           [INFO]     |  19/209 | Mystery Collection | = | The Blair Witch Project (1999)                                  |
[2022-11-06 11:52:21,953] [builder.py:1709]           [INFO]     |  20/209 | Mystery Collection | = | Bliss (2019)                                                    |
[2022-11-06 11:52:21,954] [builder.py:1709]           [INFO]     |  21/209 | Mystery Collection | = | The Block Island Sound (2020)                                   |
[2022-11-06 11:52:21,954] [builder.py:1709]           [INFO]     |  22/209 | Mystery Collection | = | Bloody Hell (2020)                                              |
[2022-11-06 11:52:21,955] [builder.py:1709]           [INFO]     |  23/209 | Mystery Collection | = | Bodies Bodies Bodies (2022)                                     |
[2022-11-06 11:52:21,955] [builder.py:1709]           [INFO]     |  24/209 | Mystery Collection | = | Border (2018)                                                   |
[2022-11-06 11:52:21,955] [builder.py:1709]           [INFO]     |  25/209 | Mystery Collection | = | The Bourne Identity (2002)                                      |
[2022-11-06 11:52:21,956] [builder.py:1709]           [INFO]     |  26/209 | Mystery Collection | = | The Bourne Supremacy (2004)                                     |
[2022-11-06 11:52:21,956] [builder.py:1709]           [INFO]     |  27/209 | Mystery Collection | = | The Bourne Ultimatum (2007)                                     |
[2022-11-06 11:52:21,956] [builder.py:1709]           [INFO]     |  28/209 | Mystery Collection | = | The Boy Behind the Door (2021)                                  |
[2022-11-06 11:52:21,957] [builder.py:1709]           [INFO]     |  29/209 | Mystery Collection | = | Broadcast Signal Intrusion (2021)                               |
[2022-11-06 11:52:21,957] [builder.py:1709]           [INFO]     |  30/209 | Mystery Collection | = | Burning (2018)                                                  |
[2022-11-06 11:52:21,957] [builder.py:1709]           [INFO]     |  31/209 | Mystery Collection | = | The Cabin in the Woods (2012)                                   |
[2022-11-06 11:52:21,958] [builder.py:1709]           [INFO]     |  32/209 | Mystery Collection | = | The Cabinet of Dr. Caligari (1920)                              |
[2022-11-06 11:52:21,958] [builder.py:1709]           [INFO]     |  33/209 | Mystery Collection | = | Calvary (2014)                                                  |
[2022-11-06 11:52:21,959] [builder.py:1709]           [INFO]     |  34/209 | Mystery Collection | = | Candyman (2021)                                                 |
[2022-11-06 11:52:21,959] [builder.py:1709]           [INFO]     |  35/209 | Mystery Collection | = | Caveat (2021)                                                   |
[2022-11-06 11:52:21,960] [builder.py:1709]           [INFO]     |  36/209 | Mystery Collection | = | Changeling (2008)                                               |
[2022-11-06 11:52:21,960] [builder.py:1709]           [INFO]     |  37/209 | Mystery Collection | = | Chinatown (1974)                                                |
[2022-11-06 11:52:21,960] [builder.py:1709]           [INFO]     |  38/209 | Mystery Collection | = | Chip 'n Dale: Rescue Rangers (2022)                             |
[2022-11-06 11:52:21,961] [builder.py:1709]           [INFO]     |  39/209 | Mystery Collection | = | Citizen Kane (1941)                                             |
[2022-11-06 11:52:21,961] [builder.py:1709]           [INFO]     |  40/209 | Mystery Collection | = | A Close Shave (1995)                                            |
[2022-11-06 11:52:21,962] [builder.py:1709]           [INFO]     |  41/209 | Mystery Collection | = | The Clovehitch Killer (2018)                                    |
[2022-11-06 11:52:21,962] [builder.py:1709]           [INFO]     |  42/209 | Mystery Collection | = | Coco (2017)                                                     |
[2022-11-06 11:52:21,963] [builder.py:1709]           [INFO]     |  43/209 | Mystery Collection | = | Color Out of Space (2020)                                       |
[2022-11-06 11:52:21,963] [builder.py:1709]           [INFO]     |  44/209 | Mystery Collection | = | Colorful (2010)                                                 |
[2022-11-06 11:52:21,963] [builder.py:1709]           [INFO]     |  45/209 | Mystery Collection | = | Come Play (2020)                                                |
[2022-11-06 11:52:21,964] [builder.py:1709]           [INFO]     |  46/209 | Mystery Collection | = | The Conjuring (2013)                                            |
[2022-11-06 11:52:21,964] [builder.py:1709]           [INFO]     |  47/209 | Mystery Collection | = | The Conjuring 2 (2016)                                          |
[2022-11-06 11:52:21,964] [builder.py:1709]           [INFO]     |  48/209 | Mystery Collection | = | The Conjuring: The Devil Made Me Do It (2021)                   |
[2022-11-06 11:52:21,965] [builder.py:1709]           [INFO]     |  49/209 | Mystery Collection | = | Contact (1997)                                                  |
[2022-11-06 11:52:21,965] [builder.py:1709]           [INFO]     |  50/209 | Mystery Collection | = | The Conversation (1974)                                         |
[2022-11-06 11:52:21,966] [builder.py:1709]           [INFO]     |  51/209 | Mystery Collection | = | The Curse of La Llorona (2019)                                  |
[2022-11-06 11:52:21,966] [builder.py:1709]           [INFO]     |  52/209 | Mystery Collection | = | The Cursed (2022)                                               |
[2022-11-06 11:52:21,969] [builder.py:1709]           [INFO]     |  53/209 | Mystery Collection | = | Daniel Isn't Real (2019)                                        |
[2022-11-06 11:52:21,970] [builder.py:1709]           [INFO]     |  54/209 | Mystery Collection | = | The Dark and the Wicked (2020)                                  |
[2022-11-06 11:52:21,970] [builder.py:1709]           [INFO]     |  55/209 | Mystery Collection | = | A Dark Song (2016)                                              |
[2022-11-06 11:52:21,970] [builder.py:1709]           [INFO]     |  56/209 | Mystery Collection | = | Dawn of the Beast (2021)                                        |
[2022-11-06 11:52:21,971] [builder.py:1709]           [INFO]     |  57/209 | Mystery Collection | = | The Dead Center (2019)                                          |
[2022-11-06 11:52:21,971] [builder.py:1709]           [INFO]     |  58/209 | Mystery Collection | = | Death on the Nile (2022)                                        |
[2022-11-06 11:52:21,972] [builder.py:1709]           [INFO]     |  59/209 | Mystery Collection | = | Donnie Darko (2001)                                             |
[2022-11-06 11:52:21,972] [builder.py:1709]           [INFO]     |  60/209 | Mystery Collection | = | Dora and the Lost City of Gold (2019)                           |
[2022-11-06 11:52:21,973] [builder.py:1709]           [INFO]     |  61/209 | Mystery Collection | = | The Empty Man (2020)                                            |
[2022-11-06 11:52:21,973] [builder.py:1709]           [INFO]     |  62/209 | Mystery Collection | = | Escape Room: Tournament of Champions (2021)                     |
[2022-11-06 11:52:21,974] [builder.py:1709]           [INFO]     |  63/209 | Mystery Collection | = | Eyes Wide Shut (1999)                                           |
[2022-11-06 11:52:21,974] [builder.py:1709]           [INFO]     |  64/209 | Mystery Collection | = | The Father (2020)                                               |
[2022-11-06 11:52:21,975] [builder.py:1709]           [INFO]     |  65/209 | Mystery Collection | = | Fear Street: Part One - 1994 (2021)                             |
[2022-11-06 11:52:21,975] [builder.py:1709]           [INFO]     |  66/209 | Mystery Collection | = | Fear Street: Part Three - 1666 (2021)                           |
[2022-11-06 11:52:21,976] [builder.py:1709]           [INFO]     |  67/209 | Mystery Collection | = | Fear Street: Part Two - 1978 (2021)                             |
[2022-11-06 11:52:21,976] [builder.py:1709]           [INFO]     |  68/209 | Mystery Collection | = | Flashback (2021)                                                |
[2022-11-06 11:52:21,977] [builder.py:1709]           [INFO]     |  69/209 | Mystery Collection | = | Flowers in the Attic (2014)                                     |
[2022-11-06 11:52:21,977] [builder.py:1709]           [INFO]     |  70/209 | Mystery Collection | = | Following (1999)                                                |
[2022-11-06 11:52:21,977] [builder.py:1709]           [INFO]     |  71/209 | Mystery Collection | = | Frank (2014)                                                    |
[2022-11-06 11:52:21,978] [builder.py:1709]           [INFO]     |  72/209 | Mystery Collection | = | Freaks (2019)                                                   |
[2022-11-06 11:52:21,978] [builder.py:1709]           [INFO]     |  73/209 | Mystery Collection | = | Game Night (2018)                                               |
[2022-11-06 11:52:21,979] [builder.py:1709]           [INFO]     |  74/209 | Mystery Collection | = | Get Out (2017)                                                  |
[2022-11-06 11:52:21,979] [builder.py:1709]           [INFO]     |  75/209 | Mystery Collection | = | Ghost in the Shell (1995)                                       |
[2022-11-06 11:52:21,980] [builder.py:1709]           [INFO]     |  76/209 | Mystery Collection | = | Ghost in the Shell 2: Innocence (2004)                          |
[2022-11-06 11:52:21,981] [builder.py:1709]           [INFO]     |  77/209 | Mystery Collection | = | Ghost in the Shell 2.0 (2008)                                   |
[2022-11-06 11:52:21,981] [builder.py:1709]           [INFO]     |  78/209 | Mystery Collection | = | Girl in the Picture (2022)                                      |
[2022-11-06 11:52:21,982] [builder.py:1709]           [INFO]     |  79/209 | Mystery Collection | = | The Girl Who Leapt Through Time (2006)                          |
[2022-11-06 11:52:21,984] [builder.py:1709]           [INFO]     |  80/209 | Mystery Collection | = | Gone Girl (2014)                                                |
[2022-11-06 11:52:21,984] [builder.py:1709]           [INFO]     |  81/209 | Mystery Collection | = | The Great Mouse Detective (1986)                                |
[2022-11-06 11:52:21,985] [builder.py:1709]           [INFO]     |  82/209 | Mystery Collection | = | The Green Mile (1999)                                           |
[2022-11-06 11:52:21,985] [builder.py:1709]           [INFO]     |  83/209 | Mystery Collection | = | Gretel & Hansel (2020)                                          |
[2022-11-06 11:52:21,985] [builder.py:1709]           [INFO]     |  84/209 | Mystery Collection | = | The Grudge (2004)                                               |
[2022-11-06 11:52:21,986] [builder.py:1709]           [INFO]     |  85/209 | Mystery Collection | = | Harry Potter and the Chamber of Secrets (2002)                  |
[2022-11-06 11:52:21,987] [builder.py:1709]           [INFO]     |  86/209 | Mystery Collection | = | Harry Potter and the Deathly Hallows: Part 1 (2010)             |
[2022-11-06 11:52:21,987] [builder.py:1709]           [INFO]     |  87/209 | Mystery Collection | = | Harry Potter and the Deathly Hallows: Part 2 (2011)             |
[2022-11-06 11:52:21,988] [builder.py:1709]           [INFO]     |  88/209 | Mystery Collection | = | Harry Potter and the Goblet of Fire (2005)                      |
[2022-11-06 11:52:21,988] [builder.py:1709]           [INFO]     |  89/209 | Mystery Collection | = | Harry Potter and the Half-Blood Prince (2009)                   |
[2022-11-06 11:52:21,989] [builder.py:1709]           [INFO]     |  90/209 | Mystery Collection | = | Harry Potter and the Order of the Phoenix (2007)                |
[2022-11-06 11:52:21,989] [builder.py:1709]           [INFO]     |  91/209 | Mystery Collection | = | Harry Potter and the Prisoner of Azkaban (2004)                 |
[2022-11-06 11:52:21,990] [builder.py:1709]           [INFO]     |  92/209 | Mystery Collection | = | The Hateful Eight (2015)                                        |
[2022-11-06 11:52:21,990] [builder.py:1709]           [INFO]     |  93/209 | Mystery Collection | = | Hereditary (2018)                                               |
[2022-11-06 11:52:21,991] [builder.py:1709]           [INFO]     |  94/209 | Mystery Collection | = | High and Low (1963)                                             |
[2022-11-06 11:52:21,992] [builder.py:1709]           [INFO]     |  95/209 | Mystery Collection | = | The Hole in the Ground (2019)                                   |
[2022-11-06 11:52:21,992] [builder.py:1709]           [INFO]     |  96/209 | Mystery Collection | = | Host (2020)                                                     |
[2022-11-06 11:52:21,993] [builder.py:1709]           [INFO]     |  97/209 | Mystery Collection | = | The House of the Devil (2009)                                   |
[2022-11-06 11:52:21,993] [builder.py:1709]           [INFO]     |  98/209 | Mystery Collection | = | Hubie Halloween (2020)                                          |
[2022-11-06 11:52:21,994] [builder.py:1709]           [INFO]     |  99/209 | Mystery Collection | = | Hugo (2011)                                                     |
[2022-11-06 11:52:21,995] [builder.py:1709]           [INFO]     | 100/209 | Mystery Collection | = | Hunter Hunter (2020)                                            |
[2022-11-06 11:52:21,995] [builder.py:1709]           [INFO]     | 101/209 | Mystery Collection | = | I See You (2019)                                                |
[2022-11-06 11:52:21,996] [builder.py:1709]           [INFO]     | 102/209 | Mystery Collection | = | I, Robot (2004)                                                 |
[2022-11-06 11:52:21,996] [builder.py:1709]           [INFO]     | 103/209 | Mystery Collection | = | I'm Thinking of Ending Things (2020)                            |
[2022-11-06 11:52:21,997] [builder.py:1709]           [INFO]     | 104/209 | Mystery Collection | = | Incantation (2022)                                              |
[2022-11-06 11:52:21,999] [builder.py:1709]           [INFO]     | 105/209 | Mystery Collection | = | Initiation (2021)                                               |
[2022-11-06 11:52:21,999] [builder.py:1709]           [INFO]     | 106/209 | Mystery Collection | = | The Innocents (2021)                                            |
[2022-11-06 11:52:22,000] [builder.py:1709]           [INFO]     | 107/209 | Mystery Collection | = | Insidious (2011)                                                |
[2022-11-06 11:52:22,001] [builder.py:1709]           [INFO]     | 108/209 | Mystery Collection | = | Insidious: Chapter 2 (2013)                                     |
[2022-11-06 11:52:22,001] [builder.py:1709]           [INFO]     | 109/209 | Mystery Collection | = | Insidious: Chapter 3 (2015)                                     |
[2022-11-06 11:52:22,002] [builder.py:1709]           [INFO]     | 110/209 | Mystery Collection | = | Insomnia (2002)                                                 |
[2022-11-06 11:52:22,003] [builder.py:1709]           [INFO]     | 111/209 | Mystery Collection | = | Invasion of the Body Snatchers (1978)                           |
[2022-11-06 11:52:22,003] [builder.py:1709]           [INFO]     | 112/209 | Mystery Collection | = | The Invisible Man (2020)                                        |
[2022-11-06 11:52:22,004] [builder.py:1709]           [INFO]     | 113/209 | Mystery Collection | = | It Comes at Night (2017)                                        |
[2022-11-06 11:52:22,004] [builder.py:1709]           [INFO]     | 114/209 | Mystery Collection | = | It Follows (2015)                                               |
[2022-11-06 11:52:22,005] [builder.py:1709]           [INFO]     | 115/209 | Mystery Collection | = | Kimi (2022)                                                     |
[2022-11-06 11:52:22,005] [builder.py:1709]           [INFO]     | 116/209 | Mystery Collection | = | The King's Man (2021)                                           |
[2022-11-06 11:52:22,006] [builder.py:1709]           [INFO]     | 117/209 | Mystery Collection | = | Knives Out (2019)                                               |
[2022-11-06 11:52:22,006] [builder.py:1709]           [INFO]     | 118/209 | Mystery Collection | = | Last Night in Soho (2021)                                       |
[2022-11-06 11:52:22,007] [builder.py:1709]           [INFO]     | 119/209 | Mystery Collection | = | Last Seen Alive (2022)                                          |
[2022-11-06 11:52:22,008] [builder.py:1709]           [INFO]     | 120/209 | Mystery Collection | = | The Lighthouse (2019)                                           |
[2022-11-06 11:52:22,009] [builder.py:1709]           [INFO]     | 121/209 | Mystery Collection | = | The Lives of Others (2006)                                      |
[2022-11-06 11:52:22,009] [builder.py:1709]           [INFO]     | 122/209 | Mystery Collection | = | The Lodge (2020)                                                |
[2022-11-06 11:52:22,010] [builder.py:1709]           [INFO]     | 123/209 | Mystery Collection | = | Lupin III: The First (2019)                                     |
[2022-11-06 11:52:22,011] [builder.py:1709]           [INFO]     | 124/209 | Mystery Collection | = | Malignant (2021)                                                |
[2022-11-06 11:52:22,012] [builder.py:1709]           [INFO]     | 125/209 | Mystery Collection | = | The Manor (2021)                                                |
[2022-11-06 11:52:22,012] [builder.py:1709]           [INFO]     | 126/209 | Mystery Collection | = | Master (2022)                                                   |
[2022-11-06 11:52:22,013] [builder.py:1709]           [INFO]     | 127/209 | Mystery Collection | = | A Matter of Loaf and Death (2008)                               |
[2022-11-06 11:52:22,015] [builder.py:1709]           [INFO]     | 128/209 | Mystery Collection | = | The Maze Runner (2014)                                          |
[2022-11-06 11:52:22,016] [builder.py:1709]           [INFO]     | 129/209 | Mystery Collection | = | Memento (2000)                                                  |
[2022-11-06 11:52:22,016] [builder.py:1709]           [INFO]     | 130/209 | Mystery Collection | = | Memories of Murder (2003)                                       |
[2022-11-06 11:52:22,017] [builder.py:1709]           [INFO]     | 131/209 | Mystery Collection | = | Men in Black II (2002)                                          |
[2022-11-06 11:52:22,017] [builder.py:1709]           [INFO]     | 132/209 | Mystery Collection | = | Midsommar (2019)                                                |
[2022-11-06 11:52:22,018] [builder.py:1709]           [INFO]     | 133/209 | Mystery Collection | = | Mind Game (2004)                                                |
[2022-11-06 11:52:22,019] [builder.py:1709]           [INFO]     | 134/209 | Mystery Collection | = | Mother (2009)                                                   |
[2022-11-06 11:52:22,019] [builder.py:1709]           [INFO]     | 135/209 | Mystery Collection | = | National Treasure (2004)                                        |
[2022-11-06 11:52:22,020] [builder.py:1709]           [INFO]     | 136/209 | Mystery Collection | = | National Treasure: Book of Secrets (2007)                       |
[2022-11-06 11:52:22,021] [builder.py:1709]           [INFO]     | 137/209 | Mystery Collection | = | The Night House (2021)                                          |
[2022-11-06 11:52:22,021] [builder.py:1709]           [INFO]     | 138/209 | Mystery Collection | = | Nightmare Alley (2021)                                          |
[2022-11-06 11:52:22,022] [builder.py:1709]           [INFO]     | 139/209 | Mystery Collection | = | No Exit (2022)                                                  |
[2022-11-06 11:52:22,023] [builder.py:1709]           [INFO]     | 140/209 | Mystery Collection | = | No One Gets Out Alive (2021)                                    |
[2022-11-06 11:52:22,023] [builder.py:1709]           [INFO]     | 141/209 | Mystery Collection | = | Nocturne (2020)                                                 |
[2022-11-06 11:52:22,024] [builder.py:1709]           [INFO]     | 142/209 | Mystery Collection | = | Nope (2022)                                                     |
[2022-11-06 11:52:22,025] [builder.py:1709]           [INFO]     | 143/209 | Mystery Collection | = | North by Northwest (1959)                                       |
[2022-11-06 11:52:22,025] [builder.py:1709]           [INFO]     | 144/209 | Mystery Collection | = | Old (2021)                                                      |
[2022-11-06 11:52:22,026] [builder.py:1709]           [INFO]     | 145/209 | Mystery Collection | = | Oldboy (2003)                                                   |
[2022-11-06 11:52:22,026] [builder.py:1709]           [INFO]     | 146/209 | Mystery Collection | = | The Outfit (2022)                                               |
[2022-11-06 11:52:22,027] [builder.py:1709]           [INFO]     | 147/209 | Mystery Collection | = | Paprika (2006)                                                  |
[2022-11-06 11:52:22,028] [builder.py:1709]           [INFO]     | 148/209 | Mystery Collection | = | Penguin Highway (2018)                                          |
[2022-11-06 11:52:22,029] [builder.py:1709]           [INFO]     | 149/209 | Mystery Collection | = | Perfect Blue (1998)                                             |
[2022-11-06 11:52:22,030] [builder.py:1709]           [INFO]     | 150/209 | Mystery Collection | = | Pig (2021)                                                      |
[2022-11-06 11:52:22,031] [builder.py:1709]           [INFO]     | 151/209 | Mystery Collection | = | Possessor (2020)                                                |
[2022-11-06 11:52:22,032] [builder.py:1709]           [INFO]     | 152/209 | Mystery Collection | = | The Prestige (2006)                                             |
[2022-11-06 11:52:22,033] [builder.py:1709]           [INFO]     | 153/209 | Mystery Collection | = | Prometheus (2012)                                               |
[2022-11-06 11:52:22,033] [builder.py:1709]           [INFO]     | 154/209 | Mystery Collection | = | Promising Young Woman (2020)                                    |
[2022-11-06 11:52:22,034] [builder.py:1709]           [INFO]     | 155/209 | Mystery Collection | = | Psycho (1960)                                                   |
[2022-11-06 11:52:22,034] [builder.py:1709]           [INFO]     | 156/209 | Mystery Collection | = | Rascal Does Not Dream of a Dreaming Girl (2019)                 |
[2022-11-06 11:52:22,035] [builder.py:1709]           [INFO]     | 157/209 | Mystery Collection | = | Ready or Not (2019)                                             |
[2022-11-06 11:52:22,036] [builder.py:1709]           [INFO]     | 158/209 | Mystery Collection | = | Rear Window (1954)                                              |
[2022-11-06 11:52:22,037] [builder.py:1709]           [INFO]     | 159/209 | Mystery Collection | = | The Red Violin (1998)                                           |
[2022-11-06 11:52:22,038] [builder.py:1709]           [INFO]     | 160/209 | Mystery Collection | = | Relic (2020)                                                    |
[2022-11-06 11:52:22,038] [builder.py:1709]           [INFO]     | 161/209 | Mystery Collection | = | The Rental (2020)                                               |
[2022-11-06 11:52:22,039] [builder.py:1709]           [INFO]     | 162/209 | Mystery Collection | = | The Rescuers Down Under (1990)                                  |
[2022-11-06 11:52:22,040] [builder.py:1709]           [INFO]     | 163/209 | Mystery Collection | = | Resident Evil: Welcome to Raccoon City (2021)                   |
[2022-11-06 11:52:22,041] [builder.py:1709]           [INFO]     | 164/209 | Mystery Collection | = | Resurrection (2022)                                             |
[2022-11-06 11:52:22,042] [builder.py:1709]           [INFO]     | 165/209 | Mystery Collection | = | The Ring (2002)                                                 |
[2022-11-06 11:52:22,043] [builder.py:1709]           [INFO]     | 166/209 | Mystery Collection | = | Ringu (1998)                                                    |
[2022-11-06 11:52:22,044] [builder.py:1709]           [INFO]     | 167/209 | Mystery Collection | = | The Ritual (2017)                                               |
[2022-11-06 11:52:22,046] [builder.py:1709]           [INFO]     | 168/209 | Mystery Collection | = | Run (2020)                                                      |
[2022-11-06 11:52:22,046] [builder.py:1709]           [INFO]     | 169/209 | Mystery Collection | = | Sahara (2005)                                                   |
[2022-11-06 11:52:22,047] [builder.py:1709]           [INFO]     | 170/209 | Mystery Collection | = | Scream (1996)                                                   |
[2022-11-06 11:52:22,048] [builder.py:1709]           [INFO]     | 171/209 | Mystery Collection | = | Scream (2022)                                                   |
[2022-11-06 11:52:22,048] [builder.py:1709]           [INFO]     | 172/209 | Mystery Collection | = | Se7en (1995)                                                    |
[2022-11-06 11:52:22,049] [builder.py:1709]           [INFO]     | 173/209 | Mystery Collection | = | Sea Fever (2020)                                                |
[2022-11-06 11:52:22,050] [builder.py:1709]           [INFO]     | 174/209 | Mystery Collection | = | The Secret of NIMH (1982)                                       |
[2022-11-06 11:52:22,051] [builder.py:1709]           [INFO]     | 175/209 | Mystery Collection | = | See for Me (2022)                                               |
[2022-11-06 11:52:22,052] [builder.py:1709]           [INFO]     | 176/209 | Mystery Collection | = | Sherlock Holmes (2009)                                          |
[2022-11-06 11:52:22,052] [builder.py:1709]           [INFO]     | 177/209 | Mystery Collection | = | Shooter (2007)                                                  |
[2022-11-06 11:52:22,053] [builder.py:1709]           [INFO]     | 178/209 | Mystery Collection | = | Shutter Island (2010)                                           |
[2022-11-06 11:52:22,054] [builder.py:1709]           [INFO]     | 179/209 | Mystery Collection | = | Sinister (2012)                                                 |
[2022-11-06 11:52:22,055] [builder.py:1709]           [INFO]     | 180/209 | Mystery Collection | = | The Sixth Sense (1999)                                          |
[2022-11-06 11:52:22,055] [builder.py:1709]           [INFO]     | 181/209 | Mystery Collection | = | Soylent Green (1973)                                            |
[2022-11-06 11:52:22,056] [builder.py:1709]           [INFO]     | 182/209 | Mystery Collection | = | Spirited Away (2001)                                            |
[2022-11-06 11:52:22,057] [builder.py:1709]           [INFO]     | 183/209 | Mystery Collection | = | Star Trek: Generations (1994)                                   |
[2022-11-06 11:52:22,058] [builder.py:1709]           [INFO]     | 184/209 | Mystery Collection | = | Star Trek: The Motion Picture (1979)                            |
[2022-11-06 11:52:22,059] [builder.py:1709]           [INFO]     | 185/209 | Mystery Collection | = | Synchronic (2020)                                               |
[2022-11-06 11:52:22,060] [builder.py:1709]           [INFO]     | 186/209 | Mystery Collection | = | A Tale of Two Sisters (2003)                                    |
[2022-11-06 11:52:22,061] [builder.py:1709]           [INFO]     | 187/209 | Mystery Collection | = | The Thing (1982)                                                |
[2022-11-06 11:52:22,062] [builder.py:1709]           [INFO]     | 188/209 | Mystery Collection | = | The Tragedy of Macbeth (2021)                                   |
[2022-11-06 11:52:22,063] [builder.py:1709]           [INFO]     | 189/209 | Mystery Collection | = | Us (2019)                                                       |
[2022-11-06 11:52:22,064] [builder.py:1709]           [INFO]     | 190/209 | Mystery Collection | = | The Usual Suspects (1995)                                       |
[2022-11-06 11:52:22,065] [builder.py:1709]           [INFO]     | 191/209 | Mystery Collection | = | V/H/S/94 (2021)                                                 |
[2022-11-06 11:52:22,066] [builder.py:1709]           [INFO]     | 192/209 | Mystery Collection | = | Vertigo (1958)                                                  |
[2022-11-06 11:52:22,067] [builder.py:1709]           [INFO]     | 193/209 | Mystery Collection | = | The Vigil (2019)                                                |
[2022-11-06 11:52:22,068] [builder.py:1709]           [INFO]     | 194/209 | Mystery Collection | = | The Wailing (2016)                                              |
[2022-11-06 11:52:22,068] [builder.py:1709]           [INFO]     | 195/209 | Mystery Collection | = | Wallace & Gromit: The Curse of the Were-Rabbit (2005)           |
[2022-11-06 11:52:22,069] [builder.py:1709]           [INFO]     | 196/209 | Mystery Collection | = | Watcher (2022)                                                  |
[2022-11-06 11:52:22,070] [builder.py:1709]           [INFO]     | 197/209 | Mystery Collection | = | Werewolves Within (2021)                                        |
[2022-11-06 11:52:22,071] [builder.py:1709]           [INFO]     | 198/209 | Mystery Collection | = | When Marnie Was There (2014)                                    |
[2022-11-06 11:52:22,072] [builder.py:1709]           [INFO]     | 199/209 | Mystery Collection | = | Where the Crawdads Sing (2022)                                  |
[2022-11-06 11:52:22,072] [builder.py:1709]           [INFO]     | 200/209 | Mystery Collection | = | Wild Indian (2021)                                              |
[2022-11-06 11:52:22,073] [builder.py:1709]           [INFO]     | 201/209 | Mystery Collection | = | The Witch (2015)                                                |
[2022-11-06 11:52:22,074] [builder.py:1709]           [INFO]     | 202/209 | Mystery Collection | = | Witness for the Prosecution (1958)                              |
[2022-11-06 11:52:22,075] [builder.py:1709]           [INFO]     | 203/209 | Mystery Collection | = | The Wolf Man (1941)                                             |
[2022-11-06 11:52:22,076] [builder.py:1709]           [INFO]     | 204/209 | Mystery Collection | = | The Wolf of Snow Hollow (2020)                                  |
[2022-11-06 11:52:22,077] [builder.py:1709]           [INFO]     | 205/209 | Mystery Collection | = | The Wrong Trousers (1993)                                       |
[2022-11-06 11:52:22,078] [builder.py:1709]           [INFO]     | 206/209 | Mystery Collection | = | X (2022)                                                        |
[2022-11-06 11:52:22,079] [builder.py:1709]           [INFO]     | 207/209 | Mystery Collection | = | X-Men Origins: Wolverine (2009)                                 |
[2022-11-06 11:52:22,080] [builder.py:1709]           [INFO]     | 208/209 | Mystery Collection | = | Zodiac (2007)                                                   |
[2022-11-06 11:52:22,081] [builder.py:1709]           [INFO]     | 209/209 | Mystery Collection | = | Zootopia (2016)                                                 |
[2022-11-06 11:52:22,082] [builder.py:1734]           [INFO]     |                                                                                                    |
[2022-11-06 11:52:22,082] [builder.py:1735]           [INFO]     | 209 Movies Processed                                                                               |
[2022-11-06 11:52:22,090] [builder.py:2147]           [INFO]     |                                                                                                    |
[2022-11-06 11:52:22,090] [util.py:216]               [INFO]     |============================== Updating Details of Mystery Collection ==============================|
[2022-11-06 11:52:22,092] [builder.py:2149]           [INFO]     |                                                                                                    |
[2022-11-06 11:52:22,092] [builder.py:2156]           [INFO]     | Detail: summary updated Collection Summary                                                         |
[2022-11-06 11:52:22,093] [builder.py:2258]           [DEBUG]    | 1 posters found:                                                                                   |
[2022-11-06 11:52:22,093] [builder.py:2260]           [DEBUG]    | Method: url_poster Poster: https://theposterdb.com/api/assets/53060                                |
[2022-11-06 11:52:22,093] [builder.py:2327]           [INFO]     | No background collection detail or asset folder found                                              |
[2022-11-06 11:52:22,094] [library.py:147]            [INFO]     | Detail: poster update not needed                                                                   |
[2022-11-06 11:52:22,948] [plex_meta_manager.py:880]  [INFO]     |                                                                                                    |
[2022-11-06 11:52:22,949] [util.py:209]               [INFO]     |====================================================================================================|
[2022-11-06 11:52:22,949] [util.py:216]               [INFO]     |                                    Finished Mystery Collection                                     |
[2022-11-06 11:52:22,950] [util.py:216]               [INFO]     |                                    Collection Run Time: 0:00:07                                    |
[2022-11-06 11:52:22,950] [util.py:220]               [INFO]     |====================================================================================================|
