[2022-01-25 10:13:09,078] [util.py:209]               [INFO]     |====================================================================================================|
[2022-01-25 10:13:09,079] [util.py:216]               [INFO]     |                                 Marvel Cinematic Universe Playlist                                 |
[2022-01-25 10:13:09,080] [util.py:220]               [INFO]     |====================================================================================================|
[2022-01-25 10:13:09,080] [plex_meta_manager.py:928]  [INFO]     |                                                                                                    |
[2022-01-25 10:13:09,984] [util.py:216]               [INFO]     |========================= Validating Marvel Cinematic Universe Attributes ==========================|
[2022-01-25 10:13:09,986] [builder.py:330]            [DEBUG]    |                                                                                                    |
[2022-01-25 10:13:09,986] [builder.py:331]            [DEBUG]    | Validating Method: sync_mode                                                                       |
[2022-01-25 10:13:09,987] [builder.py:335]            [DEBUG]    | Value: sync                                                                                        |
[2022-01-25 10:13:09,987] [builder.py:472]            [DEBUG]    |                                                                                                    |
[2022-01-25 10:13:09,987] [builder.py:473]            [DEBUG]    | Validating Method: trakt_list                                                                      |
[2022-01-25 10:13:09,988] [builder.py:474]            [DEBUG]    | Value: https://trakt.tv/users/donxy/lists/marvel-cinematic-universe?sort=rank,asc                  |
[2022-01-25 10:13:10,162] [trakt.py:176]              [ERROR]    | Trakt Error: No TVDb ID found for Marvel's Agents of S.H.I.E.L.D.: Slingshot (2016)                |
[2022-01-25 10:13:10,163] [builder.py:472]            [DEBUG]    |                                                                                                    |
[2022-01-25 10:13:10,163] [builder.py:473]            [DEBUG]    | Validating Method: summary                                                                         |
[2022-01-25 10:13:10,164] [builder.py:474]            [DEBUG]    | Value: Marvel Cinematic Universe In Order                                                          |
[2022-01-25 10:13:10,262] [builder.py:619]            [INFO]     |                                                                                                    |
[2022-01-25 10:13:10,263] [builder.py:620]            [INFO]     | Validation Successful                                                                              |
[2022-01-25 10:13:10,263] [plex_meta_manager.py:970]  [INFO]     |                                                                                                    |
[2022-01-25 10:13:10,264] [util.py:216]               [INFO]     |============================ Running Marvel Cinematic Universe Playlist ============================|
[2022-01-25 10:13:10,264] [plex_meta_manager.py:980]  [INFO]     |                                                                                                    |
[2022-01-25 10:13:10,265] [plex_meta_manager.py:981]  [INFO]     | Sync Mode: sync                                                                                    |
[2022-01-25 10:13:10,265] [plex_meta_manager.py:991]  [DEBUG]    |                                                                                                    |
[2022-01-25 10:13:10,266] [plex_meta_manager.py:992]  [DEBUG]    | Builder: trakt_list: https://trakt.tv/users/donxy/lists/marvel-cinematic-universe?sort=rank,asc    |
[2022-01-25 10:13:10,266] [plex_meta_manager.py:993]  [INFO]     |                                                                                                    |
[2022-01-25 10:13:10,266] [trakt.py:231]              [INFO]     | Processing Trakt List: https://trakt.tv/users/donxy/lists/marvel-cinematic-universe?sort=rank,asc  |
[2022-01-25 10:13:10,652] [trakt.py:176]              [ERROR]    | Trakt Error: No TVDb ID found for Marvel's Agents of S.H.I.E.L.D.: Slingshot (2016)                |
[2022-01-25 10:13:10,654] [plex_meta_manager.py:999]  [DEBUG]    |                                                                                                    |
[2022-01-25 10:13:10,654] [plex_meta_manager.py:1000] [DEBUG]    | 196 IDs Found: [(1771, 'tmdb'), ('281485_1', 'tvdb_season'), ('281485_2', 'tvdb_season'), (211387, 'tmdb'), (299537, 'tmdb'), (1726, 'tmdb'), (10138, 'tmdb'), (1724, 'tmdb'), (76535, 'tmdb'), (10195, 'tmdb'), (76122, 'tmdb'), (24428, 'tmdb'), (119569, 'tmdb'), (68721, 'tmdb'), (253980, 'tmdb'), ('263365_1_1', 'tvdb_episode'), ('263365_1_2', 'tvdb_episode'), ('263365_1_3', 'tvdb_episode'), ('263365_1_4', 'tvdb_episode'), ('263365_1_5', 'tvdb_episode'), ('263365_1_6', 'tvdb_episode'), ('263365_1_7', 'tvdb_episode'), (76338, 'tmdb'), ('263365_1_8', 'tvdb_episode'), ('263365_1_9', 'tvdb_episode'), ('263365_1_10', 'tvdb_episode'), ('263365_1_11', 'tvdb_episode'), ('263365_1_12', 'tvdb_episode'), ('263365_1_13', 'tvdb_episode'), ('263365_1_14', 'tvdb_episode'), ('263365_1_15', 'tvdb_episode'), ('263365_1_16', 'tvdb_episode'), (100402, 'tmdb'), ('263365_1_17', 'tvdb_episode'), ('263365_1_18', 'tvdb_episode'), ('263365_1_19', 'tvdb_episode'), ('263365_1_20', 'tvdb_episode'), ('263365_1_21', 'tvdb_episode'), ('263365_1_22', 'tvdb_episode'), ('263365_2_1', 'tvdb_episode'), ('263365_2_2', 'tvdb_episode'), (118340, 'tmdb'), ('263365_2_3', 'tvdb_episode'), (283995, 'tmdb'), ('281662_1', 'tvdb_season'), ('284190_1', 'tvdb_season'), ('263365_2_4', 'tvdb_episode'), ('263365_2_5', 'tvdb_episode'), ('263365_2_6', 'tvdb_episode'), ('263365_2_7', 'tvdb_episode'), ('263365_2_8', 'tvdb_episode'), ('263365_2_9', 'tvdb_episode'), ('263365_2_10', 'tvdb_episode'), ('263365_2_11', 'tvdb_episode'), ('263365_2_12', 'tvdb_episode'), ('263365_2_13', 'tvdb_episode'), ('263365_2_14', 'tvdb_episode'), ('263365_2_15', 'tvdb_episode'), ('263365_2_16', 'tvdb_episode'), ('263365_2_17', 'tvdb_episode'), ('263365_2_18', 'tvdb_episode'), ('263365_2_19', 'tvdb_episode'), (99861, 'tmdb'), ('263365_2_20', 'tvdb_episode'), ('263365_2_21', 'tvdb_episode'), ('263365_2_22', 'tvdb_episode'), ('299405_1', 'tvdb_season'), (102899, 'tmdb'), ('263365_3_1', 'tvdb_episode'), ('263365_3_2', 'tvdb_episode'), ('263365_3_3', 'tvdb_episode'), ('263365_3_4', 'tvdb_episode'), ('263365_3_5', 'tvdb_episode'), ('263365_3_6', 'tvdb_episode'), ('263365_3_7', 'tvdb_episode'), ('263365_3_8', 'tvdb_episode'), ('281662_2', 'tvdb_season'), ('304219_1', 'tvdb_season'), ('263365_3_9', 'tvdb_episode'), ('263365_3_10', 'tvdb_episode'), ('263365_3_11', 'tvdb_episode'), ('263365_3_12', 'tvdb_episode'), ('263365_3_13', 'tvdb_episode'), ('263365_3_14', 'tvdb_episode'), ('263365_3_15', 'tvdb_episode'), ('263365_3_16', 'tvdb_episode'), ('263365_3_17', 'tvdb_episode'), ('263365_3_18', 'tvdb_episode'), ('299405_2', 'tvdb_season'), ('263365_3_19', 'tvdb_episode'), (271110, 'tmdb'), ('263365_3_20', 'tvdb_episode'), ('263365_3_21', 'tvdb_episode'), ('263365_3_22', 'tvdb_episode'), (284054, 'tmdb'), (497698, 'tmdb'), ('317953_1', 'tvdb_season'), ('320558_1', 'tvdb_season'), (315635, 'tmdb'), ('263365_0_8', 'tvdb_episode'), ('263365_0_9', 'tvdb_episode'), ('263365_0_10', 'tvdb_episode'), ('263365_0_11', 'tvdb_episode'), ('263365_0_12', 'tvdb_episode'), ('326490_1', 'tvdb_season'), ('331980_1', 'tvdb_season'), (284052, 'tmdb'), ('341455_1', 'tvdb_season'), ('263365_4_1', 'tvdb_episode'), ('263365_4_2', 'tvdb_episode'), ('263365_4_3', 'tvdb_episode'), ('263365_4_4', 'tvdb_episode'), ('263365_4_5', 'tvdb_episode'), ('263365_4_6', 'tvdb_episode'), ('263365_4_7', 'tvdb_episode'), ('263365_4_8', 'tvdb_episode'), ('263365_4_9', 'tvdb_episode'), ('263365_4_10', 'tvdb_episode'), ('263365_4_11', 'tvdb_episode'), ('263365_4_12', 'tvdb_episode'), ('284190_2', 'tvdb_season'), ('263365_4_13', 'tvdb_episode'), ('263365_4_14', 'tvdb_episode'), ('263365_4_15', 'tvdb_episode'), ('263365_4_16', 'tvdb_episode'), ('263365_4_17', 'tvdb_episode'), ('263365_4_18', 'tvdb_episode'), ('263365_4_19', 'tvdb_episode'), ('263365_4_20', 'tvdb_episode'), ('263365_4_21', 'tvdb_episode'), ('263365_4_22', 'tvdb_episode'), ('263365_5_1', 'tvdb_episode'), ('263365_5_2', 'tvdb_episode'), ('263365_5_3', 'tvdb_episode'), ('263365_5_4', 'tvdb_episode'), ('263365_5_5', 'tvdb_episode'), ('263365_5_6', 'tvdb_episode'), ('263365_5_7', 'tvdb_episode'), ('263365_5_8', 'tvdb_episode'), ('263365_5_9', 'tvdb_episode'), ('263365_5_10', 'tvdb_episode'), ('263365_5_11', 'tvdb_episode'), ('263365_5_12', 'tvdb_episode'), ('263365_5_13', 'tvdb_episode'), ('304219_2', 'tvdb_season'), ('281662_3', 'tvdb_season'), ('341455_2', 'tvdb_season'), (284053, 'tmdb'), ('332027_1', 'tvdb_season'), ('317953_2', 'tvdb_season'), ('332027_2', 'tvdb_season'), ('331980_2', 'tvdb_season'), ('284190_3', 'tvdb_season'), ('263365_5_14', 'tvdb_episode'), ('263365_5_15', 'tvdb_episode'), ('263365_5_16', 'tvdb_episode'), ('263365_5_17', 'tvdb_episode'), ('263365_5_18', 'tvdb_episode'), (363088, 'tmdb'), (299536, 'tmdb'), ('263365_5_19', 'tvdb_episode'), ('263365_5_20', 'tvdb_episode'), ('263365_5_21', 'tvdb_episode'), ('263365_5_22', 'tvdb_episode'), ('332027_3', 'tvdb_season'), ('263365_6', 'tvdb_season'), ('263365_7', 'tvdb_season'), ('364038_1', 'tvdb_season'), (299534, 'tmdb'), ('362472_1', 'tvdb_season'), ('362392_1', 'tvdb_season'), ('362496_1', 'tvdb_season'), (429617, 'tmdb'), ('372497_1', 'tvdb_season'), ('367146_1', 'tvdb_season'), (634649, 'tmdb'), (367147, 'tvdb'), (566525, 'tmdb'), (524434, 'tmdb'), (368612, 'tvdb'), (368611, 'tvdb'), (453395, 'tmdb'), (368613, 'tvdb'), (616037, 'tmdb'), ('393205_1', 'tvdb_season'), (505642, 'tmdb'), ('393203_1', 'tvdb_season'), (609681, 'tmdb'), (774752, 'tmdb'), (640146, 'tmdb'), ('393204_1', 'tvdb_season'), (447365, 'tmdb'), (617126, 'tmdb'), (617127, 'tmdb'), (533535, 'tmdb'), (822119, 'tmdb')] |
[2022-01-25 10:13:12,210] [builder.py:1697]           [INFO]     |                                                                                                    |
[2022-01-25 10:13:12,210] [util.py:216]               [INFO]     |=========================== Adding to Marvel Cinematic Universe Playlist ===========================|
[2022-01-25 10:13:12,211] [builder.py:1699]           [INFO]     |                                                                                                    |
[2022-01-25 10:13:12,211] [builder.py:1709]           [INFO]     |  1/26 | Marvel Cinematic Universe Playlist | = | Captain America: The First Avenger (2011)         |
[2022-01-25 10:13:12,212] [builder.py:1709]           [INFO]     |  2/26 | Marvel Cinematic Universe Playlist | = | Captain Marvel (2019)                             |
[2022-01-25 10:13:12,212] [builder.py:1709]           [INFO]     |  3/26 | Marvel Cinematic Universe Playlist | = | Iron Man (2008)                                   |
[2022-01-25 10:13:12,213] [builder.py:1709]           [INFO]     |  4/26 | Marvel Cinematic Universe Playlist | = | Iron Man 2 (2010)                                 |
[2022-01-25 10:13:12,213] [builder.py:1709]           [INFO]     |  5/26 | Marvel Cinematic Universe Playlist | = | The Incredible Hulk (2008)                        |
[2022-01-25 10:13:12,214] [builder.py:1709]           [INFO]     |  6/26 | Marvel Cinematic Universe Playlist | = | Thor (2011)                                       |
[2022-01-25 10:13:12,214] [builder.py:1709]           [INFO]     |  7/26 | Marvel Cinematic Universe Playlist | = | The Avengers (2012)                               |
[2022-01-25 10:13:12,215] [builder.py:1709]           [INFO]     |  8/26 | Marvel Cinematic Universe Playlist | = | Iron Man 3 (2013)                                 |
[2022-01-25 10:13:12,215] [builder.py:1709]           [INFO]     |  9/26 | Marvel Cinematic Universe Playlist | = | Thor: The Dark World (2013)                       |
[2022-01-25 10:13:12,216] [builder.py:1709]           [INFO]     | 10/26 | Marvel Cinematic Universe Playlist | = | Captain America: The Winter Soldier (2014)        |
[2022-01-25 10:13:12,216] [builder.py:1709]           [INFO]     | 11/26 | Marvel Cinematic Universe Playlist | = | Guardians of the Galaxy (2014)                    |
[2022-01-25 10:13:12,217] [builder.py:1709]           [INFO]     | 12/26 | Marvel Cinematic Universe Playlist | = | Guardians of the Galaxy Vol. 2 (2017)             |
[2022-01-25 10:13:12,217] [builder.py:1709]           [INFO]     | 13/26 | Marvel Cinematic Universe Playlist | = | Avengers: Age of Ultron (2015)                    |
[2022-01-25 10:13:12,218] [builder.py:1709]           [INFO]     | 14/26 | Marvel Cinematic Universe Playlist | = | Ant-Man (2015)                                    |
[2022-01-25 10:13:12,218] [builder.py:1709]           [INFO]     | 15/26 | Marvel Cinematic Universe Playlist | = | Captain America: Civil War (2016)                 |
[2022-01-25 10:13:12,219] [builder.py:1709]           [INFO]     | 16/26 | Marvel Cinematic Universe Playlist | = | Black Panther (2018)                              |
[2022-01-25 10:13:12,219] [builder.py:1709]           [INFO]     | 17/26 | Marvel Cinematic Universe Playlist | = | Black Widow (2021)                                |
[2022-01-25 10:13:12,220] [builder.py:1709]           [INFO]     | 18/26 | Marvel Cinematic Universe Playlist | = | Spider-Man: Homecoming (2017)                     |
[2022-01-25 10:13:12,220] [builder.py:1709]           [INFO]     | 19/26 | Marvel Cinematic Universe Playlist | = | Doctor Strange (2016)                             |
[2022-01-25 10:13:12,221] [builder.py:1709]           [INFO]     | 20/26 | Marvel Cinematic Universe Playlist | = | Thor: Ragnarok (2017)                             |
[2022-01-25 10:13:12,221] [builder.py:1709]           [INFO]     | 21/26 | Marvel Cinematic Universe Playlist | = | Ant-Man and the Wasp (2018)                       |
[2022-01-25 10:13:12,222] [builder.py:1709]           [INFO]     | 22/26 | Marvel Cinematic Universe Playlist | = | Avengers: Infinity War (2018)                     |
[2022-01-25 10:13:12,223] [builder.py:1709]           [INFO]     | 23/26 | Marvel Cinematic Universe Playlist | = | Avengers: Endgame (2019)                          |
[2022-01-25 10:13:12,223] [builder.py:1709]           [INFO]     | 24/26 | Marvel Cinematic Universe Playlist | = | Spider-Man: Far from Home (2019)                  |
[2022-01-25 10:13:12,224] [builder.py:1709]           [INFO]     | 25/26 | Marvel Cinematic Universe Playlist | = | Shang-Chi and the Legend of the Ten Rings (2021)  |
[2022-01-25 10:13:12,224] [builder.py:1709]           [INFO]     | 26/26 | Marvel Cinematic Universe Playlist | = | Eternals (2021)                                   |
[2022-01-25 10:13:12,225] [builder.py:1734]           [INFO]     |                                                                                                    |
[2022-01-25 10:13:12,225] [builder.py:1735]           [INFO]     | 26 Items Processed                                                                                 |
[2022-01-25 10:13:12,226] [builder.py:1929]           [INFO]     |                                                                                                    |
[2022-01-25 10:13:12,226] [util.py:216]               [INFO]     |====================== Missing Movies from Library: Marvel Cinematic Universe ======================|
[2022-01-25 10:13:12,227] [builder.py:1931]           [INFO]     |                                                                                                    |
[2022-01-25 10:13:12,569] [builder.py:1943]           [INFO]     | Marvel Cinematic Universe Playlist | ? | Marvel One-Shot: Agent Carter (2013) (TMDb: 211387)       |
[2022-01-25 10:13:12,879] [builder.py:1943]           [INFO]     | Marvel Cinematic Universe Playlist | ? | A Funny Thing Happened on the Way to Thor's Hammer (2011) (TMDb: 76535) |
[2022-01-25 10:13:13,192] [builder.py:1943]           [INFO]     | Marvel Cinematic Universe Playlist | ? | Marvel One-Shot: The Consultant (2011) (TMDb: 76122)      |
[2022-01-25 10:13:13,497] [builder.py:1943]           [INFO]     | Marvel Cinematic Universe Playlist | ? | Marvel One-Shot: Item 47 (2012) (TMDb: 119569)            |
[2022-01-25 10:13:13,821] [builder.py:1943]           [INFO]     | Marvel Cinematic Universe Playlist | ? | Marvel One-Shot: All Hail the King (2014) (TMDb: 253980)  |
[2022-01-25 10:13:13,825] [builder.py:1943]           [INFO]     | Marvel Cinematic Universe Playlist | ? | Spider-Man: No Way Home (2021) (TMDb: 634649)             |
[2022-01-25 10:13:14,117] [builder.py:1943]           [INFO]     | Marvel Cinematic Universe Playlist | ? | Doctor Strange in the Multiverse of Madness (2022) (TMDb: 453395) |
[2022-01-25 10:13:14,424] [builder.py:1943]           [INFO]     | Marvel Cinematic Universe Playlist | ? | Thor: Love and Thunder (2022) (TMDb: 616037)              |
[2022-01-25 10:13:15,042] [builder.py:1943]           [INFO]     | Marvel Cinematic Universe Playlist | ? | Black Panther: Wakanda Forever (2022) (TMDb: 505642)      |
[2022-01-25 10:13:15,341] [builder.py:1943]           [INFO]     | Marvel Cinematic Universe Playlist | ? | The Marvels (2023) (TMDb: 609681)                         |
[2022-01-25 10:13:15,652] [builder.py:1943]           [INFO]     | Marvel Cinematic Universe Playlist | ? | The Guardians of the Galaxy Holiday Special (TMDb: 774752) |
[2022-01-25 10:13:15,936] [builder.py:1943]           [INFO]     | Marvel Cinematic Universe Playlist | ? | Ant-Man and the Wasp: Quantumania (2023) (TMDb: 640146)   |
[2022-01-25 10:13:16,258] [builder.py:1943]           [INFO]     | Marvel Cinematic Universe Playlist | ? | Guardians of the Galaxy Vol. 3 (2023) (TMDb: 447365)      |
[2022-01-25 10:13:16,691] [builder.py:1943]           [INFO]     | Marvel Cinematic Universe Playlist | ? | Fantastic Four (TMDb: 617126)                             |
[2022-01-25 10:13:17,187] [builder.py:1943]           [INFO]     | Marvel Cinematic Universe Playlist | ? | Blade (TMDb: 617127)                                      |
[2022-01-25 10:13:17,529] [builder.py:1943]           [INFO]     | Marvel Cinematic Universe Playlist | ? | Deadpool 3 (TMDb: 533535)                                 |
[2022-01-25 10:13:17,840] [builder.py:1943]           [INFO]     | Marvel Cinematic Universe Playlist | ? | Captain America 4 (TMDb: 822119)                          |
[2022-01-25 10:13:17,841] [builder.py:1947]           [INFO]     |                                                                                                    |
[2022-01-25 10:13:17,841] [builder.py:1948]           [INFO]     | 17 Movies Missing                                                                                  |
[2022-01-25 10:13:18,012] [builder.py:2147]           [INFO]     |                                                                                                    |
[2022-01-25 10:13:18,013] [util.py:216]               [INFO]     |====================== Updating Details of Marvel Cinematic Universe Playlist ======================|
[2022-01-25 10:13:18,014] [builder.py:2149]           [INFO]     |                                                                                                    |
[2022-01-25 10:13:18,014] [builder.py:2156]           [INFO]     | Detail: summary updated Playlist Summary                                                           |
[2022-01-25 10:13:18,015] [builder.py:2294]           [INFO]     | No poster playlist detail or asset folder found                                                    |
[2022-01-25 10:13:18,016] [builder.py:2327]           [INFO]     | No background playlist detail or asset folder found                                                |
[2022-01-25 10:13:18,112] [builder.py:2333]           [INFO]     |                                                                                                    |
[2022-01-25 10:13:18,113] [util.py:216]               [INFO]     |============================ Sorting Marvel Cinematic Universe Playlist ============================|
[2022-01-25 10:13:18,114] [builder.py:2335]           [INFO]     |                                                                                                    |
[2022-01-25 10:13:18,114] [builder.py:2344]           [INFO]     | Moving Captain America: The First Avenger (2011) to the beginning                                  |
[2022-01-25 10:13:18,119] [builder.py:2344]           [INFO]     | Moving Captain Marvel (2019) after Captain America: The First Avenger (2011)                       |
[2022-01-25 10:13:18,122] [builder.py:2344]           [INFO]     | Moving Iron Man (2008) after Captain Marvel (2019)                                                 |
[2022-01-25 10:13:18,128] [builder.py:2344]           [INFO]     | Moving Iron Man 2 (2010) after Iron Man (2008)                                                     |
[2022-01-25 10:13:18,132] [builder.py:2344]           [INFO]     | Moving The Incredible Hulk (2008) after Iron Man 2 (2010)                                          |
[2022-01-25 10:13:18,137] [builder.py:2344]           [INFO]     | Moving Thor (2011) after The Incredible Hulk (2008)                                                |
[2022-01-25 10:13:18,141] [builder.py:2344]           [INFO]     | Moving The Avengers (2012) after Thor (2011)                                                       |
[2022-01-25 10:13:18,145] [builder.py:2344]           [INFO]     | Moving Iron Man 3 (2013) after The Avengers (2012)                                                 |
[2022-01-25 10:13:18,149] [builder.py:2344]           [INFO]     | Moving Thor: The Dark World (2013) after Iron Man 3 (2013)                                         |
[2022-01-25 10:13:18,154] [builder.py:2344]           [INFO]     | Moving Captain America: The Winter Soldier (2014) after Thor: The Dark World (2013)                |
[2022-01-25 10:13:18,158] [builder.py:2344]           [INFO]     | Moving Guardians of the Galaxy (2014) after Captain America: The Winter Soldier (2014)             |
[2022-01-25 10:13:18,162] [builder.py:2344]           [INFO]     | Moving Guardians of the Galaxy Vol. 2 (2017) after Guardians of the Galaxy (2014)                  |
[2022-01-25 10:13:18,166] [builder.py:2344]           [INFO]     | Moving Avengers: Age of Ultron (2015) after Guardians of the Galaxy Vol. 2 (2017)                  |
[2022-01-25 10:13:18,170] [builder.py:2344]           [INFO]     | Moving Ant-Man (2015) after Avengers: Age of Ultron (2015)                                         |
[2022-01-25 10:13:18,174] [builder.py:2344]           [INFO]     | Moving Captain America: Civil War (2016) after Ant-Man (2015)                                      |
[2022-01-25 10:13:18,179] [builder.py:2344]           [INFO]     | Moving Black Panther (2018) after Captain America: Civil War (2016)                                |
[2022-01-25 10:13:18,184] [builder.py:2344]           [INFO]     | Moving Black Widow (2021) after Black Panther (2018)                                               |
[2022-01-25 10:13:18,188] [builder.py:2344]           [INFO]     | Moving Spider-Man: Homecoming (2017) after Black Widow (2021)                                      |
[2022-01-25 10:13:18,192] [builder.py:2344]           [INFO]     | Moving Doctor Strange (2016) after Spider-Man: Homecoming (2017)                                   |
[2022-01-25 10:13:18,196] [builder.py:2344]           [INFO]     | Moving Thor: Ragnarok (2017) after Doctor Strange (2016)                                           |
[2022-01-25 10:13:18,202] [builder.py:2344]           [INFO]     | Moving Ant-Man and the Wasp (2018) after Thor: Ragnarok (2017)                                     |
[2022-01-25 10:13:18,207] [builder.py:2344]           [INFO]     | Moving Avengers: Infinity War (2018) after Ant-Man and the Wasp (2018)                             |
[2022-01-25 10:13:18,214] [builder.py:2344]           [INFO]     | Moving Avengers: Endgame (2019) after Avengers: Infinity War (2018)                                |
[2022-01-25 10:13:18,221] [builder.py:2344]           [INFO]     | Moving Spider-Man: Far from Home (2019) after Avengers: Endgame (2019)                             |
[2022-01-25 10:13:18,226] [builder.py:2344]           [INFO]     | Moving Shang-Chi and the Legend of the Ten Rings (2021) after Spider-Man: Far from Home (2019)     |
[2022-01-25 10:13:18,230] [builder.py:2344]           [INFO]     | Moving Eternals (2021) after Shang-Chi and the Legend of the Ten Rings (2021)                      |
[2022-01-25 10:13:18,234] [builder.py:2370]           [INFO]     |                                                                                                    |
[2022-01-25 10:13:18,235] [util.py:216]               [INFO]     |==================================== Syncing Playlist to Users =====================================|
[2022-01-25 10:13:18,235] [builder.py:2372]           [INFO]     |                                                                                                    |
[2022-01-25 10:13:32,493] [builder.py:2379]           [INFO]     | Playlist: Marvel Cinematic Universe synced to Madeleine Cole                                       |
[2022-01-25 10:13:33,655] [builder.py:2379]           [INFO]     | Playlist: Marvel Cinematic Universe synced to mitzibott@gmail.com                                  |
[2022-01-25 10:13:34,587] [builder.py:2379]           [INFO]     | Playlist: Marvel Cinematic Universe synced to stephaniechan1210@gmail.com                          |
[2022-01-25 10:13:34,588] [plex_meta_manager.py:1202] [INFO]     |                                                                                                    |
[2022-01-25 10:13:34,588] [util.py:209]               [INFO]     |====================================================================================================|
[2022-01-25 10:13:34,590] [util.py:216]               [INFO]     |                            Finished Marvel Cinematic Universe Playlist                             |
[2022-01-25 10:13:34,590] [util.py:216]               [INFO]     |                                     Playlist Run Time: 0:00:25                                     |
[2022-01-25 10:13:34,592] [util.py:220]               [INFO]     |====================================================================================================|
