[2022-01-16 14:55:00,395] [util.py:209]               [INFO]     |====================================================================================================|
[2022-01-16 14:55:00,395] [util.py:216]               [INFO]     |                                George Clooney Collection in Movies                                 |
[2022-01-16 14:55:00,396] [util.py:220]               [INFO]     |====================================================================================================|
[2022-01-16 14:55:00,396] [plex_meta_manager.py:750]  [INFO]     |                                                                                                    |
[2022-01-16 14:55:00,397] [util.py:216]               [INFO]     |=============================== Validating George Clooney Attributes ===============================|
[2022-01-16 14:55:00,397] [builder.py:265]            [DEBUG]    |                                                                                                    |
[2022-01-16 14:55:00,397] [builder.py:266]            [DEBUG]    | Validating Method: template                                                                        |
[2022-01-16 14:55:00,398] [meta.py:83]                [DEBUG]    | Value: ordereddict([('name', 'people'), ('person', 1461)])                                         |
[2022-01-16 14:55:00,398] [builder.py:367]            [DEBUG]    |                                                                                                    |
[2022-01-16 14:55:00,398] [builder.py:368]            [DEBUG]    | Validating Method: tmdb_person                                                                     |
[2022-01-16 14:55:00,398] [builder.py:372]            [DEBUG]    | Value: 1461                                                                                        |
[2022-01-16 14:55:00,535] [builder.py:453]            [DEBUG]    |                                                                                                    |
[2022-01-16 14:55:00,535] [builder.py:454]            [DEBUG]    | Validating Method: collection_order                                                                |
[2022-01-16 14:55:00,536] [builder.py:455]            [DEBUG]    | Value: release                                                                                     |
[2022-01-16 14:55:00,536] [builder.py:472]            [DEBUG]    |                                                                                                    |
[2022-01-16 14:55:00,536] [builder.py:473]            [DEBUG]    | Validating Method: actor                                                                           |
[2022-01-16 14:55:00,537] [builder.py:474]            [DEBUG]    | Value: tmdb                                                                                        |
[2022-01-16 14:55:00,604] [builder.py:472]            [DEBUG]    |                                                                                                    |
[2022-01-16 14:55:00,604] [builder.py:473]            [DEBUG]    | Validating Method: sort_title                                                                      |
[2022-01-16 14:55:00,604] [builder.py:474]            [DEBUG]    | Value: ++_George Clooney                                                                           |
[2022-01-16 14:55:00,609] [plex.py:685]               [DEBUG]    | Looking for: George Clooney                                                                        |
[2022-01-16 14:55:00,610] [builder.py:619]            [INFO]     |                                                                                                    |
[2022-01-16 14:55:00,610] [builder.py:620]            [INFO]     | Validation Successful                                                                              |
[2022-01-16 14:55:00,611] [plex_meta_manager.py:758]  [INFO]     |                                                                                                    |
[2022-01-16 14:55:00,611] [util.py:216]               [INFO]     |================================ Running George Clooney Collection =================================|
[2022-01-16 14:55:00,612] [plex_meta_manager.py:773]  [INFO]     |                                                                                                    |
[2022-01-16 14:55:00,612] [plex_meta_manager.py:774]  [INFO]     | Sync Mode: append                                                                                  |
[2022-01-16 14:55:00,612] [builder.py:1275]           [DEBUG]    |                                                                                                    |
[2022-01-16 14:55:00,613] [builder.py:1276]           [DEBUG]    | Builder: plex_search: (1, 'Plex Movie Search\nSort By: title.asc\nFilter:\n  Match any of the following:\n    Actor is George Clooney', '?type=1&sort=titleSort&push=1&actor=25091&pop=1') |
[2022-01-16 14:55:00,613] [builder.py:1277]           [INFO]     |                                                                                                    |
[2022-01-16 14:55:00,613] [util.py:161]               [INFO]     | Plex Movie Search                                                                                  |
[2022-01-16 14:55:00,614] [util.py:161]               [INFO]     | Sort By: title.asc                                                                                 |
[2022-01-16 14:55:00,614] [util.py:161]               [INFO]     | Filter:                                                                                            |
[2022-01-16 14:55:00,614] [util.py:161]               [INFO]     |   Match any of the following:                                                                      |
[2022-01-16 14:55:00,614] [util.py:161]               [INFO]     |     Actor is George Clooney                                                                        |
[2022-01-16 14:55:00,622] [plex.py:746]               [DEBUG]    |                                                                                                    |
[2022-01-16 14:55:00,623] [plex.py:747]               [DEBUG]    | 1 Keys Found: [(32210, 'ratingKey')]                                                               |
[2022-01-16 14:55:00,623] [builder.py:1282]           [DEBUG]    |                                                                                                    |
[2022-01-16 14:55:00,623] [builder.py:1283]           [DEBUG]    | 1 IDs Found: [(32210, 'ratingKey')]                                                                |
[2022-01-16 14:55:00,623] [builder.py:1284]           [DEBUG]    |                                                                                                    |
[2022-01-16 14:55:00,649] [builder.py:1697]           [INFO]     |                                                                                                    |
[2022-01-16 14:55:00,650] [util.py:216]               [INFO]     |=============================== Adding to George Clooney Collection ================================|
[2022-01-16 14:55:00,650] [builder.py:1699]           [INFO]     |                                                                                                    |
[2022-01-16 14:55:00,651] [builder.py:1709]           [INFO]     | 1/1 | George Clooney Collection | + | Fantastic Mr. Fox (2009)                                     |
[2022-01-16 14:55:00,803] [builder.py:1734]           [INFO]     |                                                                                                    |
[2022-01-16 14:55:00,803] [builder.py:1735]           [INFO]     | 1 Movie Processed                                                                                  |
[2022-01-16 14:55:00,808] [builder.py:2147]           [INFO]     |                                                                                                    |
[2022-01-16 14:55:00,808] [util.py:216]               [INFO]     |========================== Updating Details of George Clooney Collection ===========================|
[2022-01-16 14:55:00,809] [builder.py:2149]           [INFO]     |                                                                                                    |
[2022-01-16 14:55:00,809] [builder.py:2156]           [INFO]     | Detail: tmdb_person updated Collection Summary                                                     |
[2022-01-16 14:55:00,810] [builder.py:2193]           [INFO]     | Detail: sort_title updated Collection Sort Title to ++_George Clooney                              |
[2022-01-16 14:55:00,810] [builder.py:2235]           [DEBUG]    | {'summary.value': "An American actor, film director, producer, and screenwriter. He has received three Golden Globe Awards for his work as an actor and two Academy Awards—one for acting and the other for producing. Clooney is also noted for his political activism and has served as one of the United Nations Messengers of Peace since January 31, 2008. Born in Lexington, Kentucky, as son of Nick Clooney, a TV newscaster of many years, who hosted a talk show at Cincinnati and often invited George into the studios already at the age of 5. Avoiding competition with his father, he quit his job as broadcast journalist after a short time. Studied a few years at Northern Kentucky University. Failed to join the Cincinnati Reds baseball team. He came to acting when his cousin, Miguel Ferrer, got him a small part in a feature film. After that, he moved to L.A. in 1982 and tried a whole year to get a role while he slept in a friend's closet. His first movie, together with Charlie Sheen, stayed unreleased but got him the producers' attention for later contracts.", 'summary.locked': 1, 'titleSort.value': '++_George Clooney', 'titleSort.locked': 1} |
[2022-01-16 14:55:00,823] [builder.py:2237]           [INFO]     | Details: have been updated                                                                         |
[2022-01-16 14:55:00,824] [builder.py:2258]           [DEBUG]    | 1 posters found:                                                                                   |
[2022-01-16 14:55:00,824] [builder.py:2260]           [DEBUG]    | Method: tmdb_person Poster: https://image.tmdb.org/t/p/original/kHiVY6r1k6juXrNetAYk2jILqn9.jpg    |
[2022-01-16 14:55:00,825] [builder.py:2327]           [INFO]     | No background collection detail or asset folder found                                              |
[2022-01-16 14:55:00,885] [library.py:145]            [INFO]     | Detail: tmdb_person updated poster to [URL] https://image.tmdb.org/t/p/original/kHiVY6r1k6juXrNetAYk2jILqn9.jpg |
[2022-01-16 14:55:01,050] [plex_meta_manager.py:880]  [INFO]     |                                                                                                    |
[2022-01-16 14:55:01,051] [util.py:209]               [INFO]     |====================================================================================================|
[2022-01-16 14:55:01,052] [util.py:216]               [INFO]     |                                 Finished George Clooney Collection                                 |
[2022-01-16 14:55:01,052] [util.py:216]               [INFO]     |                                    Collection Run Time: 0:00:00                                    |
[2022-01-16 14:55:01,053] [util.py:220]               [INFO]     |====================================================================================================|
