[2022-06-02 15:49:20,211] [util.py:209]               [INFO]     |====================================================================================================|
[2022-06-02 15:49:20,211] [util.py:216]               [INFO]     |                                 Vampire Anime Collection in Anime                                  |
[2022-06-02 15:49:20,211] [util.py:220]               [INFO]     |====================================================================================================|
[2022-06-02 15:49:20,212] [plex_meta_manager.py:750]  [INFO]     |                                                                                                    |
[2022-06-02 15:49:20,212] [util.py:216]               [INFO]     |=============================== Validating Vampire Anime Attributes ================================|
[2022-06-02 15:49:20,212] [builder.py:255]            [DEBUG]    |                                                                                                    |
[2022-06-02 15:49:20,212] [builder.py:256]            [DEBUG]    | Validating Method: name                                                                            |
[2022-06-02 15:49:20,213] [builder.py:259]            [DEBUG]    | Value: Vampire                                                                                     |
[2022-06-02 15:49:20,213] [builder.py:330]            [DEBUG]    |                                                                                                    |
[2022-06-02 15:49:20,213] [builder.py:331]            [DEBUG]    | Validating Method: sync_mode                                                                       |
[2022-06-02 15:49:20,213] [builder.py:335]            [DEBUG]    | Value: sync                                                                                        |
[2022-06-02 15:49:20,213] [builder.py:453]            [DEBUG]    |                                                                                                    |
[2022-06-02 15:49:20,214] [builder.py:454]            [DEBUG]    | Validating Method: collection_order                                                                |
[2022-06-02 15:49:20,214] [builder.py:455]            [DEBUG]    | Value: custom                                                                                      |
[2022-06-02 15:49:20,214] [builder.py:472]            [DEBUG]    |                                                                                                    |
[2022-06-02 15:49:20,214] [builder.py:473]            [DEBUG]    | Validating Method: mal_genre                                                                       |
[2022-06-02 15:49:20,215] [builder.py:474]            [DEBUG]    | Value: ordereddict([('genre_id', 32)])                                                             |
[2022-06-02 15:49:20,215] [builder.py:689]            [WARNING]  | Collection Warning: mal_genre limit attribute not found using 0 as default                         |
[2022-06-02 15:49:20,215] [builder.py:472]            [DEBUG]    |                                                                                                    |
[2022-06-02 15:49:20,215] [builder.py:473]            [DEBUG]    | Validating Method: url_poster                                                                      |
[2022-06-02 15:49:20,216] [builder.py:474]            [DEBUG]    | Value: https://i.imgur.com/OGYjkd7.png                                                             |
[2022-06-02 15:49:20,219] [plex.py:685]               [DEBUG]    | Looking for: Vampire                                                                               |
[2022-06-02 15:49:20,219] [builder.py:619]            [INFO]     |                                                                                                    |
[2022-06-02 15:49:20,220] [builder.py:620]            [INFO]     | Validation Successful                                                                              |
[2022-06-02 15:49:20,220] [plex_meta_manager.py:758]  [INFO]     |                                                                                                    |
[2022-06-02 15:49:20,220] [util.py:216]               [INFO]     |================================= Running Vampire Anime Collection =================================|
[2022-06-02 15:49:20,221] [plex_meta_manager.py:773]  [INFO]     |                                                                                                    |
[2022-06-02 15:49:20,222] [plex_meta_manager.py:774]  [INFO]     | Sync Mode: sync                                                                                    |
[2022-06-02 15:49:20,222] [builder.py:1275]           [DEBUG]    |                                                                                                    |
[2022-06-02 15:49:20,222] [builder.py:1276]           [DEBUG]    | Builder: mal_genre: {'genre_id': 32, 'limit': 0}                                                   |
[2022-06-02 15:49:20,223] [builder.py:1277]           [INFO]     |                                                                                                    |
[2022-06-02 15:49:20,223] [mal.py:223]                [INFO]     | Processing MyAnimeList Genre ID: 32                                                                |
[2022-06-02 15:49:26,491] [mal.py:239]                [DEBUG]    |                                                                                                    |
[2022-06-02 15:49:26,491] [mal.py:240]                [DEBUG]    | 145 MyAnimeList IDs Found: [14719, 5081, 26243, 777, 24439, 28927, 270, 11633, 2993, 17074, 18277, 3457, 7724, 9260, 31181, 31758, 31757, 4214, 34451, 48580, 33988, 150, 35247, 4752, 10490, 17513, 31229, 29785, 41345, 35928, 37569, 6747, 36999, 49114, 33286, 27, 469, 543, 169, 29974, 9750, 48471, 29976, 41265, 8536, 32668, 666, 37449, 18441, 405, 33985, 1498, 37579, 10681, 5039, 11077, 30321, 30714, 50346, 35823, 31378, 732, 2130, 665, 343, 40485, 10083, 41833, 3603, 31756, 553, 39567, 37598, 11005, 6904, 8422, 30915, 27417, 690, 9874, 39518, 48567, 15933, 941, 7728, 39990, 4188, 10197, 9347, 6920, 37364, 40486, 20919, 36803, 36796, 49316, 10934, 1384, 34751, 37997, 621, 34830, 14117, 1952, 258, 50768, 8211, 9723, 600, 4082, 39421, 3125, 50287, 10325, 347, 1489, 2592, 605, 12579, 11031, 1805, 599, 50770, 1806, 3801, 1765, 40762, 49430, 7723, 4853, 40780, 3743, 4561, 4266, 12483, 11795, 4420, 22983, 34222, 21831, 22985, 32789, 10594, 32790, 35266] |
[2022-06-02 15:49:26,491] [convert.py:100]            [ERROR]    | Convert Error: AniDB ID not found for MyAnimeList ID: 9260                                         |
[2022-06-02 15:49:26,492] [convert.py:100]            [ERROR]    | Convert Error: AniDB ID not found for MyAnimeList ID: 31758                                        |
[2022-06-02 15:49:26,492] [convert.py:100]            [ERROR]    | Convert Error: AniDB ID not found for MyAnimeList ID: 31757                                        |
[2022-06-02 15:49:26,502] [convert.py:100]            [ERROR]    | Convert Error: AniDB ID not found for MyAnimeList ID: 11077                                        |
[2022-06-02 15:49:26,503] [convert.py:100]            [ERROR]    | Convert Error: AniDB ID not found for MyAnimeList ID: 30714                                        |
[2022-06-02 15:49:26,503] [convert.py:78]             [ERROR]    | Convert Error: No TVDb ID or IMDb ID found for AniDB ID: 16971                                     |
[2022-06-02 15:49:26,503] [convert.py:100]            [ERROR]    | Convert Error: AniDB ID not found for MyAnimeList ID: 35823                                        |
[2022-06-02 15:49:26,504] [convert.py:78]             [ERROR]    | Convert Error: No TVDb ID or IMDb ID found for AniDB ID: 15126                                     |
[2022-06-02 15:49:26,504] [convert.py:100]            [ERROR]    | Convert Error: AniDB ID not found for MyAnimeList ID: 10083                                        |
[2022-06-02 15:49:26,505] [convert.py:100]            [ERROR]    | Convert Error: AniDB ID not found for MyAnimeList ID: 31756                                        |
[2022-06-02 15:49:26,505] [convert.py:100]            [ERROR]    | Convert Error: AniDB ID not found for MyAnimeList ID: 6904                                         |
[2022-06-02 15:49:26,506] [convert.py:100]            [ERROR]    | Convert Error: AniDB ID not found for MyAnimeList ID: 8422                                         |
[2022-06-02 15:49:26,507] [convert.py:100]            [ERROR]    | Convert Error: AniDB ID not found for MyAnimeList ID: 30915                                        |
[2022-06-02 15:49:26,507] [convert.py:78]             [ERROR]    | Convert Error: No TVDb ID or IMDb ID found for AniDB ID: 11491                                     |
[2022-06-02 15:49:26,507] [convert.py:78]             [ERROR]    | Convert Error: No TVDb ID or IMDb ID found for AniDB ID: 14747                                     |
[2022-06-02 15:49:26,508] [convert.py:78]             [ERROR]    | Convert Error: No TVDb ID or IMDb ID found for AniDB ID: 9476                                      |
[2022-06-02 15:49:26,508] [convert.py:100]            [ERROR]    | Convert Error: AniDB ID not found for MyAnimeList ID: 7728                                         |
[2022-06-02 15:49:26,508] [convert.py:78]             [ERROR]    | Convert Error: No TVDb ID or IMDb ID found for AniDB ID: 14219                                     |
[2022-06-02 15:49:26,508] [convert.py:78]             [ERROR]    | Convert Error: No TVDb ID or IMDb ID found for AniDB ID: 15130                                     |
[2022-06-02 15:49:26,509] [convert.py:100]            [ERROR]    | Convert Error: AniDB ID not found for MyAnimeList ID: 20919                                        |
[2022-06-02 15:49:26,509] [convert.py:78]             [ERROR]    | Convert Error: No TVDb ID or IMDb ID found for AniDB ID: 12797                                     |
[2022-06-02 15:49:26,509] [convert.py:100]            [ERROR]    | Convert Error: AniDB ID not found for MyAnimeList ID: 36796                                        |
[2022-06-02 15:49:26,510] [convert.py:78]             [ERROR]    | Convert Error: No TVDb ID or IMDb ID found for AniDB ID: 16412                                     |
[2022-06-02 15:49:26,510] [convert.py:100]            [ERROR]    | Convert Error: AniDB ID not found for MyAnimeList ID: 34751                                        |
[2022-06-02 15:49:26,510] [convert.py:78]             [ERROR]    | Convert Error: No TVDb ID or IMDb ID found for AniDB ID: 14124                                     |
[2022-06-02 15:49:26,510] [convert.py:78]             [ERROR]    | Convert Error: No TVDb ID or IMDb ID found for AniDB ID: 12763                                     |
[2022-06-02 15:49:26,511] [convert.py:100]            [ERROR]    | Convert Error: AniDB ID not found for MyAnimeList ID: 14117                                        |
[2022-06-02 15:49:26,511] [convert.py:100]            [ERROR]    | Convert Error: AniDB ID not found for MyAnimeList ID: 50768                                        |
[2022-06-02 15:49:26,511] [convert.py:100]            [ERROR]    | Convert Error: AniDB ID not found for MyAnimeList ID: 8211                                         |
[2022-06-02 15:49:26,512] [convert.py:100]            [ERROR]    | Convert Error: AniDB ID not found for MyAnimeList ID: 9723                                         |
[2022-06-02 15:49:26,512] [convert.py:100]            [ERROR]    | Convert Error: AniDB ID not found for MyAnimeList ID: 4082                                         |
[2022-06-02 15:49:26,512] [convert.py:78]             [ERROR]    | Convert Error: No TVDb ID or IMDb ID found for AniDB ID: 14716                                     |
[2022-06-02 15:49:26,512] [convert.py:78]             [ERROR]    | Convert Error: No TVDb ID or IMDb ID found for AniDB ID: 16956                                     |
[2022-06-02 15:49:26,513] [convert.py:100]            [ERROR]    | Convert Error: AniDB ID not found for MyAnimeList ID: 10325                                        |
[2022-06-02 15:49:26,513] [convert.py:100]            [ERROR]    | Convert Error: AniDB ID not found for MyAnimeList ID: 1489                                         |
[2022-06-02 15:49:26,514] [convert.py:100]            [ERROR]    | Convert Error: AniDB ID not found for MyAnimeList ID: 12579                                        |
[2022-06-02 15:49:26,514] [convert.py:100]            [ERROR]    | Convert Error: AniDB ID not found for MyAnimeList ID: 11031                                        |
[2022-06-02 15:49:26,514] [convert.py:100]            [ERROR]    | Convert Error: AniDB ID not found for MyAnimeList ID: 50770                                        |
[2022-06-02 15:49:26,515] [convert.py:78]             [ERROR]    | Convert Error: No TVDb ID or IMDb ID found for AniDB ID: 1263                                      |
[2022-06-02 15:49:26,515] [convert.py:100]            [ERROR]    | Convert Error: AniDB ID not found for MyAnimeList ID: 40762                                        |
[2022-06-02 15:49:26,516] [convert.py:100]            [ERROR]    | Convert Error: AniDB ID not found for MyAnimeList ID: 49430                                        |
[2022-06-02 15:49:26,516] [convert.py:100]            [ERROR]    | Convert Error: AniDB ID not found for MyAnimeList ID: 40780                                        |
[2022-06-02 15:49:26,516] [convert.py:78]             [ERROR]    | Convert Error: No TVDb ID or IMDb ID found for AniDB ID: 4393                                      |
[2022-06-02 15:49:26,516] [convert.py:100]            [ERROR]    | Convert Error: AniDB ID not found for MyAnimeList ID: 4561                                         |
[2022-06-02 15:49:26,517] [convert.py:78]             [ERROR]    | Convert Error: No TVDb ID or IMDb ID found for AniDB ID: 711                                       |
[2022-06-02 15:49:26,517] [convert.py:78]             [ERROR]    | Convert Error: No TVDb ID or IMDb ID found for AniDB ID: 8017                                      |
[2022-06-02 15:49:26,517] [convert.py:78]             [ERROR]    | Convert Error: No TVDb ID or IMDb ID found for AniDB ID: 7889                                      |
[2022-06-02 15:49:26,517] [convert.py:100]            [ERROR]    | Convert Error: AniDB ID not found for MyAnimeList ID: 4420                                         |
[2022-06-02 15:49:26,517] [convert.py:100]            [ERROR]    | Convert Error: AniDB ID not found for MyAnimeList ID: 22983                                        |
[2022-06-02 15:49:26,518] [convert.py:78]             [ERROR]    | Convert Error: No TVDb ID or IMDb ID found for AniDB ID: 12465                                     |
[2022-06-02 15:49:26,518] [convert.py:78]             [ERROR]    | Convert Error: No TVDb ID or IMDb ID found for AniDB ID: 10378                                     |
[2022-06-02 15:49:26,518] [convert.py:100]            [ERROR]    | Convert Error: AniDB ID not found for MyAnimeList ID: 22985                                        |
[2022-06-02 15:49:26,519] [convert.py:100]            [ERROR]    | Convert Error: AniDB ID not found for MyAnimeList ID: 32789                                        |
[2022-06-02 15:49:26,519] [convert.py:100]            [ERROR]    | Convert Error: AniDB ID not found for MyAnimeList ID: 10594                                        |
[2022-06-02 15:49:26,519] [convert.py:78]             [ERROR]    | Convert Error: No TVDb ID or IMDb ID found for AniDB ID: 13130                                     |
[2022-06-02 15:49:26,519] [convert.py:100]            [ERROR]    | Convert Error: AniDB ID not found for MyAnimeList ID: 35266                                        |
[2022-06-02 15:49:26,520] [builder.py:1282]           [DEBUG]    |                                                                                                    |
[2022-06-02 15:49:26,520] [builder.py:1283]           [DEBUG]    | 89 IDs Found: [(262954, 'tvdb'), (102261, 'tvdb'), (289906, 'tvdb'), (263688, 'tvdb'), (289886, 'tvdb'), (289906, 'tvdb'), (71278, 'tvdb'), (269875, 'tvdb'), (81184, 'tvdb'), (102261, 'tvdb'), (272129, 'tvdb'), (81816, 'tvdb'), (172941, 'tvdb'), (102261, 'tvdb'), (81184, 'tvdb'), (289886, 'tvdb'), (400133, 'tvdb'), (316931, 'tvdb'), (78960, 'tvdb'), (102261, 'tvdb'), (81816, 'tvdb'), (249864, 'tvdb'), (272312, 'tvdb'), (307110, 'tvdb'), (296713, 'tvdb'), (386818, 'tvdb'), (341434, 'tvdb'), (346947, 'tvdb'), (128171, 'tvdb'), (102261, 'tvdb'), (400133, 'tvdb'), (272129, 'tvdb'), (78967, 'tvdb'), (79192, 'tvdb'), (15999, 'tmdb'), (74522, 'tvdb'), (272312, 'tvdb'), (249874, 'tvdb'), (401855, 'tvdb'), (299490, 'tvdb'), (397250, 'tvdb'), (196231, 'tvdb'), (381355, 'tmdb'), (83950, 'tvdb'), (272129, 'tvdb'), (269875, 'tvdb'), (919, 'tmdb'), (316837, 'tvdb'), (79412, 'tvdb'), (352212, 'tvdb'), (171823, 'tmdb'), (83408, 'tvdb'), (272129, 'tvdb'), (289906, 'tvdb'), (9463, 'tmdb'), (81877, 'tvdb'), (83950, 'tvdb'), (78971, 'tvdb'), (400015, 'tvdb'), (83950, 'tvdb'), (78855, 'tvdb'), (368757, 'tvdb'), (346945, 'tvdb'), (257746, 'tvdb'), (70862, 'tvdb'), (260851, 'tvdb'), (400032, 'tvdb'), (82721, 'tvdb'), (371849, 'tvdb'), (305488, 'tvdb'), (249642, 'tvdb'), (196231, 'tvdb'), (249846, 'tvdb'), (249874, 'tvdb'), (70862, 'tvdb'), (82070, 'tvdb'), (82119, 'tvdb'), (83347, 'tvdb'), (182691, 'tvdb'), (85308, 'tvdb'), (79227, 'tvdb'), (88799, 'tmdb'), (103571, 'tvdb'), (149421, 'tvdb'), (144961, 'tvdb'), (149421, 'tvdb'), (90450, 'tmdb'), (163891, 'tvdb'), (147231, 'tvdb')] |
[2022-06-02 15:49:26,520] [builder.py:1284]           [DEBUG]    |                                                                                                    |
[2022-06-02 15:49:26,524] [plex_meta_manager.py:797]  [INFO]     |                                                                                                    |
[2022-06-02 15:49:26,524] [plex_meta_manager.py:798]  [INFO]     | Collection Minimum: 1 not met for Vampire Anime Collection                                         |
[2022-06-02 15:49:26,524] [builder.py:1929]           [INFO]     |                                                                                                    |
[2022-06-02 15:49:26,525] [util.py:216]               [INFO]     |=============================== Missing Movies from Library: Vampire ===============================|
[2022-06-02 15:49:26,525] [builder.py:1931]           [INFO]     |                                                                                                    |
[2022-06-02 15:49:26,927] [builder.py:1943]           [INFO]     | Vampire Collection | ? | Vampire Hunter D: Bloodlust (2000) (TMDb: 15999)                          |
[2022-06-02 15:49:26,928] [builder.py:1943]           [INFO]     | Vampire Collection | ? | Noblesse: Awakening (2016) (TMDb: 381355)                                 |
[2022-06-02 15:49:26,929] [builder.py:1943]           [INFO]     | Vampire Collection | ? | Blood: The Last Vampire (2000) (TMDb: 919)                                |
[2022-06-02 15:49:26,930] [builder.py:1943]           [INFO]     | Vampire Collection | ? | Blood-C: The Last Dark (2012) (TMDb: 171823)                              |
[2022-06-02 15:49:26,931] [builder.py:1943]           [INFO]     | Vampire Collection | ? | Vampire Hunter D (1985) (TMDb: 9463)                                      |
[2022-06-02 15:49:26,931] [builder.py:1943]           [INFO]     | Vampire Collection | ? | Kimera (1996) (TMDb: 88799)                                               |
[2022-06-02 15:49:27,377] [builder.py:1943]           [INFO]     | Vampire Collection | ? | The Tomb of Dracula (1980) (TMDb: 90450)                                  |
[2022-06-02 15:49:27,378] [builder.py:1947]           [INFO]     |                                                                                                    |
[2022-06-02 15:49:27,378] [builder.py:1948]           [INFO]     | 7 Movies Missing                                                                                   |
[2022-06-02 15:49:27,705] [builder.py:1969]           [INFO]     |                                                                                                    |
[2022-06-02 15:49:27,706] [util.py:216]               [INFO]     |=============================== Missing Shows from Library: Vampire ================================|
[2022-06-02 15:49:27,706] [builder.py:1971]           [INFO]     |                                                                                                    |
[2022-06-02 15:49:29,050] [builder.py:1982]           [INFO]     | Vampire Collection | ? | JoJo's Bizarre Adventure (2012) (TVDB: 262954)                            |
[2022-06-02 15:49:29,950] [builder.py:1982]           [INFO]     | Vampire Collection | ? | Monogatari (TVDB: 102261)                                                 |
[2022-06-02 15:49:30,418] [builder.py:1982]           [INFO]     | Vampire Collection | ? | Seraph of the End (TVDB: 289906)                                          |
[2022-06-02 15:49:31,329] [builder.py:1982]           [INFO]     | Vampire Collection | ? | Hellsing Ultimate (TVDB: 263688)                                          |
[2022-06-02 15:49:33,015] [builder.py:1982]           [INFO]     | Vampire Collection | ? | Blood Blockade Battlefront (TVDB: 289886)                                 |
[2022-06-02 15:49:33,791] [builder.py:1982]           [INFO]     | Vampire Collection | ? | Hellsing (TVDB: 71278)                                                    |
[2022-06-02 15:49:34,193] [builder.py:1982]           [INFO]     | Vampire Collection | ? | Blood Lad (TVDB: 269875)                                                  |
[2022-06-02 15:49:34,717] [builder.py:1982]           [INFO]     | Vampire Collection | ? | Rosario + Vampire (TVDB: 81184)                                           |
[2022-06-02 15:49:36,130] [builder.py:1982]           [INFO]     | Vampire Collection | ? | Strike the Blood (TVDB: 272129)                                           |
[2022-06-02 15:49:39,660] [builder.py:1982]           [INFO]     | Vampire Collection | ? | Vampire Knight (TVDB: 81816)                                              |
[2022-06-02 15:49:40,251] [builder.py:1982]           [INFO]     | Vampire Collection | ? | Shiki (TVDB: 172941)                                                      |
[2022-06-02 15:49:41,964] [builder.py:1982]           [INFO]     | Vampire Collection | ? | The Case Study of Vanitas (TVDB: 400133)                                  |
[2022-06-02 15:49:42,903] [builder.py:1982]           [INFO]     | Vampire Collection | ? | Interviews with Monster Girls (TVDB: 316931)                              |
[2022-06-02 15:49:43,438] [builder.py:1982]           [INFO]     | Vampire Collection | ? | Blood+ (TVDB: 78960)                                                      |
[2022-06-02 15:49:44,056] [builder.py:1982]           [INFO]     | Vampire Collection | ? | Blood-C (TVDB: 249864)                                                    |
[2022-06-02 15:49:44,494] [builder.py:1982]           [INFO]     | Vampire Collection | ? | Diabolik Lovers (TVDB: 272312)                                            |
[2022-06-02 15:49:45,659] [builder.py:1982]           [INFO]     | Vampire Collection | ? | Servamp (TVDB: 307110)                                                    |
[2022-06-02 15:49:46,023] [builder.py:1982]           [INFO]     | Vampire Collection | ? | Actually, I Am (TVDB: 296713)                                             |
[2022-06-02 15:49:46,766] [builder.py:1982]           [INFO]     | Vampire Collection | ? | Noblesse (TVDB: 386818)                                                   |
[2022-06-02 15:49:47,866] [builder.py:1982]           [INFO]     | Vampire Collection | ? | Devils' Line (TVDB: 341434)                                               |
[2022-06-02 15:49:48,235] [builder.py:1982]           [INFO]     | Vampire Collection | ? | Sirius the Jaeger (TVDB: 346947)                                          |
[2022-06-02 15:49:49,605] [builder.py:1982]           [INFO]     | Vampire Collection | ? | Dance in the Vampire Bund (TVDB: 128171)                                  |
[2022-06-02 15:49:51,638] [builder.py:1982]           [INFO]     | Vampire Collection | ? | Trinity Blood (TVDB: 78967)                                               |
[2022-06-02 15:49:51,999] [builder.py:1982]           [INFO]     | Vampire Collection | ? | Karin (TVDB: 79192)                                                       |
[2022-06-02 15:49:52,388] [builder.py:1982]           [INFO]     | Vampire Collection | ? | Lunar Legend Tsukihime (TVDB: 74522)                                      |
[2022-06-02 15:49:53,093] [builder.py:1982]           [INFO]     | Vampire Collection | ? | A Dark Rabbit Has Seven Lives (TVDB: 249874)                              |
[2022-06-02 15:49:53,515] [builder.py:1982]           [INFO]     | Vampire Collection | ? | Irina: The Vampire Cosmonaut (TVDB: 401855)                               |
[2022-06-02 15:49:53,870] [builder.py:1982]           [INFO]     | Vampire Collection | ? | Dance with Devils (TVDB: 299490)                                          |
[2022-06-02 15:49:54,458] [builder.py:1982]           [INFO]     | Vampire Collection | ? | Mars Red (TVDB: 397250)                                                   |
[2022-06-02 15:49:54,984] [builder.py:1982]           [INFO]     | Vampire Collection | ? | Fortune Arterial: Akai Yakusoku (TVDB: 196231)                            |
[2022-06-02 15:49:55,480] [builder.py:1982]           [INFO]     | Vampire Collection | ? | JoJo's Bizarre Adventure (TVDB: 83950)                                    |
[2022-06-02 15:49:58,695] [builder.py:1982]           [INFO]     | Vampire Collection | ? | Bloodivores (TVDB: 316837)                                                |
[2022-06-02 15:49:59,414] [builder.py:1982]           [INFO]     | Vampire Collection | ? | Black Blood Brothers (TVDB: 79412)                                        |
[2022-06-02 15:50:01,017] [builder.py:1982]           [INFO]     | Vampire Collection | ? | Ms. Vampire Who Lives in My Neighborhood. (TVDB: 352212)                  |
[2022-06-02 15:50:01,401] [builder.py:1982]           [INFO]     | Vampire Collection | ? | Kurozuka (TVDB: 83408)                                                    |
[2022-06-02 15:50:01,813] [builder.py:1982]           [INFO]     | Vampire Collection | ? | Princess Resurrection (TVDB: 81877)                                       |
[2022-06-02 15:50:02,256] [builder.py:1982]           [INFO]     | Vampire Collection | ? | Moon Phase (TVDB: 78971)                                                  |
[2022-06-02 15:50:02,750] [builder.py:1982]           [INFO]     | Vampire Collection | ? | The Vampire Dies in No Time (TVDB: 400015)                                |
[2022-06-02 15:50:03,277] [builder.py:1977]           [ERROR]    | TVDb Error: Could not find a TVDb Series using TVDb Series ID: 78855                               |
[2022-06-02 15:50:03,957] [builder.py:1982]           [INFO]     | Vampire Collection | ? | Special 7: Special Crime Investigation Unit (TVDB: 368757)                |
[2022-06-02 15:50:04,352] [builder.py:1982]           [INFO]     | Vampire Collection | ? | Phantom in the Twilight (TVDB: 346945)                                    |
[2022-06-02 15:50:04,931] [builder.py:1982]           [INFO]     | Vampire Collection | ? | Holy Knight (TVDB: 257746)                                                |
[2022-06-02 15:50:05,477] [builder.py:1982]           [INFO]     | Vampire Collection | ? | Vampire Princess Miyu (TVDB: 70862)                                       |
[2022-06-02 15:50:06,058] [builder.py:1982]           [INFO]     | Vampire Collection | ? | Touhou Musou Kakyou (TVDB: 260851)                                        |
[2022-06-02 15:50:06,789] [builder.py:1982]           [INFO]     | Vampire Collection | ? | Visual Prison (TVDB: 400032)                                              |
[2022-06-02 15:50:07,942] [builder.py:1982]           [INFO]     | Vampire Collection | ? | Magical Pokan (TVDB: 82721)                                               |
[2022-06-02 15:50:08,303] [builder.py:1982]           [INFO]     | Vampire Collection | ? | Vlad Love (TVDB: 371849)                                                  |
[2022-06-02 15:50:08,925] [builder.py:1982]           [INFO]     | Vampire Collection | ? | Negima!? Magister Negi Magi (TVDB: 305488)                                |
[2022-06-02 15:50:09,333] [builder.py:1982]           [INFO]     | Vampire Collection | ? | Nyanpire (TVDB: 249642)                                                   |
[2022-06-02 15:50:10,001] [builder.py:1982]           [INFO]     | Vampire Collection | ? | Blade (2011) (TVDB: 249846)                                               |
[2022-06-02 15:50:10,640] [builder.py:1982]           [INFO]     | Vampire Collection | ? | Nightwalker: Midnight Detective (TVDB: 82070)                             |
[2022-06-02 15:50:11,772] [builder.py:1982]           [INFO]     | Vampire Collection | ? | Night Warriors: Darkstalkers' Revenge (TVDB: 82119)                       |
[2022-06-02 15:50:12,199] [builder.py:1982]           [INFO]     | Vampire Collection | ? | Lament of the Lamb (TVDB: 83347)                                          |
[2022-06-02 15:50:13,173] [builder.py:1982]           [INFO]     | Vampire Collection | ? | Legend of Duo (TVDB: 182691)                                              |
[2022-06-02 15:50:14,648] [builder.py:1982]           [INFO]     | Vampire Collection | ? | Tokimeki Tonight (TVDB: 85308)                                            |
[2022-06-02 15:50:15,016] [builder.py:1982]           [INFO]     | Vampire Collection | ? | Wild Arms: Twilight Venom (TVDB: 79227)                                   |
[2022-06-02 15:50:15,353] [builder.py:1982]           [INFO]     | Vampire Collection | ? | I'm Gonna Be An Angel (TVDB: 103571)                                      |
[2022-06-02 15:50:15,647] [builder.py:1982]           [INFO]     | Vampire Collection | ? | Master of Mosquiton '99 (TVDB: 149421)                                    |
[2022-06-02 15:50:16,734] [builder.py:1982]           [INFO]     | Vampire Collection | ? | Phantom Quest Corp. (TVDB: 144961)                                        |
[2022-06-02 15:50:18,400] [builder.py:1982]           [INFO]     | Vampire Collection | ? | Hipira-kun (TVDB: 163891)                                                 |
[2022-06-02 15:50:22,623] [builder.py:1982]           [INFO]     | Vampire Collection | ? | Don Dracula (TVDB: 147231)                                                |
[2022-06-02 15:50:22,624] [builder.py:1986]           [INFO]     |                                                                                                    |
[2022-06-02 15:50:22,624] [builder.py:1987]           [INFO]     | 60 Shows Missing                                                                                   |
[2022-06-02 15:50:22,953] [plex_meta_manager.py:843]  [INFO]     |                                                                                                    |
[2022-06-02 15:50:22,954] [util.py:216]               [INFO]     |========================================== No Items Found ==========================================|
[2022-06-02 15:50:22,954] [plex_meta_manager.py:880]  [INFO]     |                                                                                                    |
[2022-06-02 15:50:22,955] [util.py:209]               [INFO]     |====================================================================================================|
[2022-06-02 15:50:22,955] [util.py:216]               [INFO]     |                                 Finished Vampire Anime Collection                                  |
[2022-06-02 15:50:22,955] [util.py:216]               [INFO]     |                                    Collection Run Time: 0:01:02                                    |
[2022-06-02 15:50:22,955] [util.py:220]               [INFO]     |====================================================================================================|
