[2022-11-07 00:06:11,159] [util.py:209]               [INFO]     |====================================================================================================|
[2022-11-07 00:06:11,160] [util.py:216]               [INFO]     |                                    Hellboy Collection in Movies                                    |
[2022-11-07 00:06:11,160] [util.py:220]               [INFO]     |====================================================================================================|
[2022-11-07 00:06:11,160] [plex_meta_manager.py:750]  [INFO]     |                                                                                                    |
[2022-11-07 00:06:11,161] [util.py:216]               [INFO]     |================================== Validating Hellboy Attributes ===================================|
[2022-11-07 00:06:11,161] [builder.py:265]            [DEBUG]    |                                                                                                    |
[2022-11-07 00:06:11,161] [builder.py:266]            [DEBUG]    | Validating Method: template                                                                        |
[2022-11-07 00:06:11,162] [meta.py:83]                [DEBUG]    | Value: ordereddict([('name', 'Movie'), ('collection', 17235), ('summary', 17235), ('movie', 456740), ('poster', 'https://theposterdb.com/api/assets/11245')]) |
[2022-11-07 00:06:11,162] [builder.py:330]            [DEBUG]    |                                                                                                    |
[2022-11-07 00:06:11,163] [builder.py:331]            [DEBUG]    | Validating Method: sync_mode                                                                       |
[2022-11-07 00:06:11,163] [builder.py:335]            [DEBUG]    | Value: sync                                                                                        |
[2022-11-07 00:06:11,163] [builder.py:453]            [DEBUG]    |                                                                                                    |
[2022-11-07 00:06:11,163] [builder.py:454]            [DEBUG]    | Validating Method: collection_order                                                                |
[2022-11-07 00:06:11,164] [builder.py:455]            [DEBUG]    | Value: release                                                                                     |
[2022-11-07 00:06:11,164] [builder.py:472]            [DEBUG]    |                                                                                                    |
[2022-11-07 00:06:11,164] [builder.py:473]            [DEBUG]    | Validating Method: url_poster                                                                      |
[2022-11-07 00:06:11,164] [builder.py:474]            [DEBUG]    | Value: https://theposterdb.com/api/assets/11245                                                    |
[2022-11-07 00:06:11,165] [builder.py:472]            [DEBUG]    |                                                                                                    |
[2022-11-07 00:06:11,165] [builder.py:473]            [DEBUG]    | Validating Method: tmdb_collection                                                                 |
[2022-11-07 00:06:11,165] [builder.py:474]            [DEBUG]    | Value: 17235                                                                                       |
[2022-11-07 00:06:11,568] [builder.py:472]            [DEBUG]    |                                                                                                    |
[2022-11-07 00:06:11,569] [builder.py:473]            [DEBUG]    | Validating Method: tmdb_summary                                                                    |
[2022-11-07 00:06:11,569] [builder.py:474]            [DEBUG]    | Value: 17235                                                                                       |
[2022-11-07 00:06:11,569] [builder.py:472]            [DEBUG]    |                                                                                                    |
[2022-11-07 00:06:11,570] [builder.py:473]            [DEBUG]    | Validating Method: sort_title                                                                      |
[2022-11-07 00:06:11,570] [builder.py:474]            [DEBUG]    | Value: 00000f_Hellboy                                                                              |
[2022-11-07 00:06:11,570] [builder.py:472]            [DEBUG]    |                                                                                                    |
[2022-11-07 00:06:11,570] [builder.py:473]            [DEBUG]    | Validating Method: radarr_add_missing                                                              |
[2022-11-07 00:06:11,571] [builder.py:474]            [DEBUG]    | Value: True                                                                                        |
[2022-11-07 00:06:11,707] [builder.py:619]            [INFO]     |                                                                                                    |
[2022-11-07 00:06:11,708] [builder.py:620]            [INFO]     | Validation Successful                                                                              |
[2022-11-07 00:06:11,709] [plex_meta_manager.py:758]  [INFO]     |                                                                                                    |
[2022-11-07 00:06:11,709] [util.py:216]               [INFO]     |==================================== Running Hellboy Collection ====================================|
[2022-11-07 00:06:11,709] [plex_meta_manager.py:773]  [INFO]     |                                                                                                    |
[2022-11-07 00:06:11,710] [plex_meta_manager.py:774]  [INFO]     | Sync Mode: sync                                                                                    |
[2022-11-07 00:06:11,710] [builder.py:1275]           [DEBUG]    |                                                                                                    |
[2022-11-07 00:06:11,710] [builder.py:1276]           [DEBUG]    | Builder: tmdb_collection: 17235                                                                    |
[2022-11-07 00:06:11,711] [builder.py:1277]           [INFO]     |                                                                                                    |
[2022-11-07 00:06:11,711] [tmdb.py:323]               [INFO]     | Processing TMDb Collection: (17235) Hellboy Collection (2 Items)                                   |
[2022-11-07 00:06:11,711] [builder.py:1282]           [DEBUG]    |                                                                                                    |
[2022-11-07 00:06:11,712] [builder.py:1283]           [DEBUG]    | 2 IDs Found: [(1487, 'tmdb'), (11253, 'tmdb')]                                                     |
[2022-11-07 00:06:11,712] [builder.py:1284]           [DEBUG]    |                                                                                                    |
[2022-11-07 00:06:11,758] [builder.py:1697]           [INFO]     |                                                                                                    |
[2022-11-07 00:06:11,758] [util.py:216]               [INFO]     |=================================== Adding to Hellboy Collection ===================================|
[2022-11-07 00:06:11,759] [builder.py:1699]           [INFO]     |                                                                                                    |
[2022-11-07 00:06:11,760] [builder.py:1709]           [INFO]     | 1/2 | Hellboy Collection | = | Hellboy (2004)                                                      |
[2022-11-07 00:06:11,760] [builder.py:1709]           [INFO]     | 2/2 | Hellboy Collection | = | Hellboy II: The Golden Army (2008)                                  |
[2022-11-07 00:06:11,760] [builder.py:1734]           [INFO]     |                                                                                                    |
[2022-11-07 00:06:11,761] [builder.py:1735]           [INFO]     | 2 Movies Processed                                                                                 |
[2022-11-07 00:06:11,764] [builder.py:2147]           [INFO]     |                                                                                                    |
[2022-11-07 00:06:11,765] [util.py:216]               [INFO]     |============================== Updating Details of Hellboy Collection ==============================|
[2022-11-07 00:06:11,765] [builder.py:2149]           [INFO]     |                                                                                                    |
[2022-11-07 00:06:11,766] [builder.py:2156]           [INFO]     | Detail: tmdb_summary updated Collection Summary                                                    |
[2022-11-07 00:06:11,766] [builder.py:2258]           [DEBUG]    | 1 posters found:                                                                                   |
[2022-11-07 00:06:11,767] [builder.py:2260]           [DEBUG]    | Method: url_poster Poster: https://theposterdb.com/api/assets/11245                                |
[2022-11-07 00:06:11,767] [builder.py:2327]           [INFO]     | No background collection detail or asset folder found                                              |
[2022-11-07 00:06:11,768] [library.py:147]            [INFO]     | Detail: poster update not needed                                                                   |
[2022-11-07 00:06:11,901] [plex_meta_manager.py:880]  [INFO]     |                                                                                                    |
[2022-11-07 00:06:11,902] [util.py:209]               [INFO]     |====================================================================================================|
[2022-11-07 00:06:11,902] [util.py:216]               [INFO]     |                                    Finished Hellboy Collection                                     |
[2022-11-07 00:06:11,902] [util.py:216]               [INFO]     |                                    Collection Run Time: 0:00:00                                    |
[2022-11-07 00:06:11,903] [util.py:220]               [INFO]     |====================================================================================================|
