[2022-01-16 16:42:10,176] [util.py:209]               [INFO]     |====================================================================================================|
[2022-01-16 16:42:10,177] [util.py:216]               [INFO]     |                                 IMDb Top 250 Collection in Movies                                  |
[2022-01-16 16:42:10,177] [util.py:220]               [INFO]     |====================================================================================================|
[2022-01-16 16:42:10,179] [plex_meta_manager.py:750]  [INFO]     |                                                                                                    |
[2022-01-16 16:42:10,180] [util.py:216]               [INFO]     |================================ Validating IMDb Top 250 Attributes ================================|
[2022-01-16 16:42:10,181] [builder.py:472]            [DEBUG]    |                                                                                                    |
[2022-01-16 16:42:10,181] [builder.py:473]            [DEBUG]    | Validating Method: imdb_list                                                                       |
[2022-01-16 16:42:10,181] [builder.py:474]            [DEBUG]    | Value: https://www.imdb.com/search/title/?groups=top_250&count=250&sort=user_rating,desc           |
[2022-01-16 16:42:11,803] [builder.py:472]            [DEBUG]    |                                                                                                    |
[2022-01-16 16:42:11,804] [builder.py:473]            [DEBUG]    | Validating Method: sort_title                                                                      |
[2022-01-16 16:42:11,804] [builder.py:474]            [DEBUG]    | Value: ++++++++_IMDb Top 250                                                                       |
[2022-01-16 16:42:12,163] [builder.py:619]            [INFO]     |                                                                                                    |
[2022-01-16 16:42:12,163] [builder.py:620]            [INFO]     | Validation Successful                                                                              |
[2022-01-16 16:42:12,166] [plex_meta_manager.py:758]  [INFO]     |                                                                                                    |
[2022-01-16 16:42:12,166] [util.py:216]               [INFO]     |================================= Running IMDb Top 250 Collection ==================================|
[2022-01-16 16:42:12,167] [plex_meta_manager.py:773]  [INFO]     |                                                                                                    |
[2022-01-16 16:42:12,167] [plex_meta_manager.py:774]  [INFO]     | Sync Mode: append                                                                                  |
[2022-01-16 16:42:12,167] [builder.py:1275]           [DEBUG]    |                                                                                                    |
[2022-01-16 16:42:12,168] [builder.py:1276]           [DEBUG]    | Builder: imdb_list: {'url': 'https://www.imdb.com/search/title/?groups=top_250&count=250&sort=user_rating,desc', 'limit': 0} |
[2022-01-16 16:42:12,168] [builder.py:1277]           [INFO]     |                                                                                                    |
[2022-01-16 16:42:12,168] [imdb.py:158]               [INFO]     | Processing IMDb List: https://www.imdb.com/search/title/?groups=top_250&count=250&sort=user_rating,desc |
[2022-01-16 16:42:17,268] [imdb.py:127]               [DEBUG]    | 250 IMDb IDs Found: ['tt15097216', 'tt0111161', 'tt0068646', 'tt0468569', 'tt0071562', 'tt0050083', 'tt0167260', 'tt0110912', 'tt0108052', 'tt1375666', 'tt0137523', 'tt0120737', 'tt0109830', 'tt0060196', 'tt10872600', 'tt0167261', 'tt0133093', 'tt0099685', 'tt0080684', 'tt0073486', 'tt6751668', 'tt0816692', 'tt0317248', 'tt0245429', 'tt0120815', 'tt0120689', 'tt0118799', 'tt0114369', 'tt0102926', 'tt0076759', 'tt0056058', 'tt0047478', 'tt0038650', 'tt2582802', 'tt1675434', 'tt0482571', 'tt0407887', 'tt0253474', 'tt0172495', 'tt0120586', 'tt0114814', 'tt0110413', 'tt0110357', 'tt0103064', 'tt0095765', 'tt0095327', 'tt0088763', 'tt0064116', 'tt0054215', 'tt0047396', 'tt0034583', 'tt0027977', 'tt0021749', 'tt8503618', 'tt8267604', 'tt7286456', 'tt5311514', 'tt5074352', 'tt4633694', 'tt4154796', 'tt4154756', 'tt2380307', 'tt1853728', 'tt1345836', 'tt1187043', 'tt0986264', 'tt0910970', 'tt0405094', 'tt0364569', 'tt0209144', 'tt0119698', 'tt0082971', 'tt0081505', 'tt0078788', 'tt0078748', 'tt0057565', 'tt0057012', 'tt0051201', 'tt0050825', 'tt0048473', 'tt0043014', 'tt0032553', 'tt8579674', 'tt3417422', 'tt2106476', 'tt1832382', 'tt1255953', 'tt10272386', 'tt0361748', 'tt0338013', 'tt0211915', 'tt0180093', 'tt0169547', 'tt0119217', 'tt0118849', 'tt0114709', 'tt0112573', 'tt0105236', 'tt0093058', 'tt0091251', 'tt0090605', 'tt0087843', 'tt0086879', 'tt0086250', 'tt0086190', 'tt0082096', 'tt0071411', 'tt0070735', 'tt0066921', 'tt0062622', 'tt0056172', 'tt0053604', 'tt0053125', 'tt0052357', 'tt0045152', 'tt0044741', 'tt0040522', 'tt0036775', 'tt0033467', 'tt0022100', 'tt0017136', 'tt0012349', 'tt8108198', 'tt6966692', 'tt5323662', 'tt4729430', 'tt1954470', 'tt1305806', 'tt1130884', 'tt11032374', 'tt1049413', 'tt0993846', 'tt0476735', 'tt0469494', 'tt0457430', 'tt0435761', 'tt0372784', 'tt0363163', 'tt0347149', 'tt0268978', 'tt0208092', 'tt0120735', 'tt0119488', 'tt0116231', 'tt0113277', 'tt0112641', 'tt0105695', 'tt0097576', 'tt0096283', 'tt0095016', 'tt0089881', 'tt0081398', 'tt0077711', 'tt0075314', 'tt0071853', 'tt0071315', 'tt0065234', 'tt0059578', 'tt0057115', 'tt0056592', 'tt0055630', 'tt0055031', 'tt0053291', 'tt0050986', 'tt0050976', 'tt0046912', 'tt0046438', 'tt0042876', 'tt0042192', 'tt0040897', 'tt0035446', 'tt0015864', 'tt0015324', 'tt5027774', 'tt4016934', 'tt3315342', 'tt3170832', 'tt3011894', 'tt2278388', 'tt2267998', 'tt2119532', 'tt2096673', 'tt2024544', 'tt1979320', 'tt1950186', 'tt1895587', 'tt1392214', 'tt1392190', 'tt1291584', 'tt1205489', 'tt1201607', 'tt1160419', 'tt1028532', 'tt0978762', 'tt0892769', 'tt0758758', 'tt0477348', 'tt0434409', 'tt0405159', 'tt0395169', 'tt0381681', 'tt0353969', 'tt0266697', 'tt0266543', 'tt0264464', 'tt0245712', 'tt0198781', 'tt0169858', 'tt0167404', 'tt0120382', 'tt0118715', 'tt0118694', 'tt0117951', 'tt0116282', 'tt0113247', 'tt0112471', 'tt0107290', 'tt0107207', 'tt0097165', 'tt0093779', 'tt0092005', 'tt0091763', 'tt0087544', 'tt0084787', 'tt0083922', 'tt0083658', 'tt0080678', 'tt0079944', 'tt0079470', 'tt0077416', 'tt0075148', 'tt0074958', 'tt0072684', 'tt0061512', 'tt0060827', 'tt0060107', 'tt0058946', 'tt0053198', 'tt0052618', 'tt0050783', 'tt0050212', 'tt0047296', 'tt0046268', 'tt0041959', 'tt0032976', 'tt0031679', 'tt0031381', 'tt0025316', 'tt0019254', 'tt0017925'] |
[2022-01-16 16:42:17,268] [builder.py:1282]           [DEBUG]    |                                                                                                    |
[2022-01-16 16:42:17,269] [builder.py:1283]           [DEBUG]    | 250 IDs Found: [('tt15097216', 'imdb'), ('tt0111161', 'imdb'), ('tt0068646', 'imdb'), ('tt0468569', 'imdb'), ('tt0071562', 'imdb'), ('tt0050083', 'imdb'), ('tt0167260', 'imdb'), ('tt0110912', 'imdb'), ('tt0108052', 'imdb'), ('tt1375666', 'imdb'), ('tt0137523', 'imdb'), ('tt0120737', 'imdb'), ('tt0109830', 'imdb'), ('tt0060196', 'imdb'), ('tt10872600', 'imdb'), ('tt0167261', 'imdb'), ('tt0133093', 'imdb'), ('tt0099685', 'imdb'), ('tt0080684', 'imdb'), ('tt0073486', 'imdb'), ('tt6751668', 'imdb'), ('tt0816692', 'imdb'), ('tt0317248', 'imdb'), ('tt0245429', 'imdb'), ('tt0120815', 'imdb'), ('tt0120689', 'imdb'), ('tt0118799', 'imdb'), ('tt0114369', 'imdb'), ('tt0102926', 'imdb'), ('tt0076759', 'imdb'), ('tt0056058', 'imdb'), ('tt0047478', 'imdb'), ('tt0038650', 'imdb'), ('tt2582802', 'imdb'), ('tt1675434', 'imdb'), ('tt0482571', 'imdb'), ('tt0407887', 'imdb'), ('tt0253474', 'imdb'), ('tt0172495', 'imdb'), ('tt0120586', 'imdb'), ('tt0114814', 'imdb'), ('tt0110413', 'imdb'), ('tt0110357', 'imdb'), ('tt0103064', 'imdb'), ('tt0095765', 'imdb'), ('tt0095327', 'imdb'), ('tt0088763', 'imdb'), ('tt0064116', 'imdb'), ('tt0054215', 'imdb'), ('tt0047396', 'imdb'), ('tt0034583', 'imdb'), ('tt0027977', 'imdb'), ('tt0021749', 'imdb'), ('tt8503618', 'imdb'), ('tt8267604', 'imdb'), ('tt7286456', 'imdb'), ('tt5311514', 'imdb'), ('tt5074352', 'imdb'), ('tt4633694', 'imdb'), ('tt4154796', 'imdb'), ('tt4154756', 'imdb'), ('tt2380307', 'imdb'), ('tt1853728', 'imdb'), ('tt1345836', 'imdb'), ('tt1187043', 'imdb'), ('tt0986264', 'imdb'), ('tt0910970', 'imdb'), ('tt0405094', 'imdb'), ('tt0364569', 'imdb'), ('tt0209144', 'imdb'), ('tt0119698', 'imdb'), ('tt0082971', 'imdb'), ('tt0081505', 'imdb'), ('tt0078788', 'imdb'), ('tt0078748', 'imdb'), ('tt0057565', 'imdb'), ('tt0057012', 'imdb'), ('tt0051201', 'imdb'), ('tt0050825', 'imdb'), ('tt0048473', 'imdb'), ('tt0043014', 'imdb'), ('tt0032553', 'imdb'), ('tt8579674', 'imdb'), ('tt3417422', 'imdb'), ('tt2106476', 'imdb'), ('tt1832382', 'imdb'), ('tt1255953', 'imdb'), ('tt10272386', 'imdb'), ('tt0361748', 'imdb'), ('tt0338013', 'imdb'), ('tt0211915', 'imdb'), ('tt0180093', 'imdb'), ('tt0169547', 'imdb'), ('tt0119217', 'imdb'), ('tt0118849', 'imdb'), ('tt0114709', 'imdb'), ('tt0112573', 'imdb'), ('tt0105236', 'imdb'), ('tt0093058', 'imdb'), ('tt0091251', 'imdb'), ('tt0090605', 'imdb'), ('tt0087843', 'imdb'), ('tt0086879', 'imdb'), ('tt0086250', 'imdb'), ('tt0086190', 'imdb'), ('tt0082096', 'imdb'), ('tt0071411', 'imdb'), ('tt0070735', 'imdb'), ('tt0066921', 'imdb'), ('tt0062622', 'imdb'), ('tt0056172', 'imdb'), ('tt0053604', 'imdb'), ('tt0053125', 'imdb'), ('tt0052357', 'imdb'), ('tt0045152', 'imdb'), ('tt0044741', 'imdb'), ('tt0040522', 'imdb'), ('tt0036775', 'imdb'), ('tt0033467', 'imdb'), ('tt0022100', 'imdb'), ('tt0017136', 'imdb'), ('tt0012349', 'imdb'), ('tt8108198', 'imdb'), ('tt6966692', 'imdb'), ('tt5323662', 'imdb'), ('tt4729430', 'imdb'), ('tt1954470', 'imdb'), ('tt1305806', 'imdb'), ('tt1130884', 'imdb'), ('tt11032374', 'imdb'), ('tt1049413', 'imdb'), ('tt0993846', 'imdb'), ('tt0476735', 'imdb'), ('tt0469494', 'imdb'), ('tt0457430', 'imdb'), ('tt0435761', 'imdb'), ('tt0372784', 'imdb'), ('tt0363163', 'imdb'), ('tt0347149', 'imdb'), ('tt0268978', 'imdb'), ('tt0208092', 'imdb'), ('tt0120735', 'imdb'), ('tt0119488', 'imdb'), ('tt0116231', 'imdb'), ('tt0113277', 'imdb'), ('tt0112641', 'imdb'), ('tt0105695', 'imdb'), ('tt0097576', 'imdb'), ('tt0096283', 'imdb'), ('tt0095016', 'imdb'), ('tt0089881', 'imdb'), ('tt0081398', 'imdb'), ('tt0077711', 'imdb'), ('tt0075314', 'imdb'), ('tt0071853', 'imdb'), ('tt0071315', 'imdb'), ('tt0065234', 'imdb'), ('tt0059578', 'imdb'), ('tt0057115', 'imdb'), ('tt0056592', 'imdb'), ('tt0055630', 'imdb'), ('tt0055031', 'imdb'), ('tt0053291', 'imdb'), ('tt0050986', 'imdb'), ('tt0050976', 'imdb'), ('tt0046912', 'imdb'), ('tt0046438', 'imdb'), ('tt0042876', 'imdb'), ('tt0042192', 'imdb'), ('tt0040897', 'imdb'), ('tt0035446', 'imdb'), ('tt0015864', 'imdb'), ('tt0015324', 'imdb'), ('tt5027774', 'imdb'), ('tt4016934', 'imdb'), ('tt3315342', 'imdb'), ('tt3170832', 'imdb'), ('tt3011894', 'imdb'), ('tt2278388', 'imdb'), ('tt2267998', 'imdb'), ('tt2119532', 'imdb'), ('tt2096673', 'imdb'), ('tt2024544', 'imdb'), ('tt1979320', 'imdb'), ('tt1950186', 'imdb'), ('tt1895587', 'imdb'), ('tt1392214', 'imdb'), ('tt1392190', 'imdb'), ('tt1291584', 'imdb'), ('tt1205489', 'imdb'), ('tt1201607', 'imdb'), ('tt1160419', 'imdb'), ('tt1028532', 'imdb'), ('tt0978762', 'imdb'), ('tt0892769', 'imdb'), ('tt0758758', 'imdb'), ('tt0477348', 'imdb'), ('tt0434409', 'imdb'), ('tt0405159', 'imdb'), ('tt0395169', 'imdb'), ('tt0381681', 'imdb'), ('tt0353969', 'imdb'), ('tt0266697', 'imdb'), ('tt0266543', 'imdb'), ('tt0264464', 'imdb'), ('tt0245712', 'imdb'), ('tt0198781', 'imdb'), ('tt0169858', 'imdb'), ('tt0167404', 'imdb'), ('tt0120382', 'imdb'), ('tt0118715', 'imdb'), ('tt0118694', 'imdb'), ('tt0117951', 'imdb'), ('tt0116282', 'imdb'), ('tt0113247', 'imdb'), ('tt0112471', 'imdb'), ('tt0107290', 'imdb'), ('tt0107207', 'imdb'), ('tt0097165', 'imdb'), ('tt0093779', 'imdb'), ('tt0092005', 'imdb'), ('tt0091763', 'imdb'), ('tt0087544', 'imdb'), ('tt0084787', 'imdb'), ('tt0083922', 'imdb'), ('tt0083658', 'imdb'), ('tt0080678', 'imdb'), ('tt0079944', 'imdb'), ('tt0079470', 'imdb'), ('tt0077416', 'imdb'), ('tt0075148', 'imdb'), ('tt0074958', 'imdb'), ('tt0072684', 'imdb'), ('tt0061512', 'imdb'), ('tt0060827', 'imdb'), ('tt0060107', 'imdb'), ('tt0058946', 'imdb'), ('tt0053198', 'imdb'), ('tt0052618', 'imdb'), ('tt0050783', 'imdb'), ('tt0050212', 'imdb'), ('tt0047296', 'imdb'), ('tt0046268', 'imdb'), ('tt0041959', 'imdb'), ('tt0032976', 'imdb'), ('tt0031679', 'imdb'), ('tt0031381', 'imdb'), ('tt0025316', 'imdb'), ('tt0019254', 'imdb'), ('tt0017925', 'imdb')] |
[2022-01-16 16:42:17,270] [builder.py:1284]           [DEBUG]    |                                                                                                    |
[2022-01-16 16:42:19,730] [builder.py:1697]           [INFO]     |                                                                                                    |
[2022-01-16 16:42:19,731] [util.py:216]               [INFO]     |================================ Adding to IMDb Top 250 Collection =================================|
[2022-01-16 16:42:19,731] [builder.py:1699]           [INFO]     |                                                                                                    |
[2022-01-16 16:42:19,731] [builder.py:1709]           [INFO]     |  1/59 | IMDb Top 250 Collection | = | The Godfather (1972)                                         |
[2022-01-16 16:42:19,732] [builder.py:1709]           [INFO]     |  2/59 | IMDb Top 250 Collection | = | The Dark Knight (2008)                                       |
[2022-01-16 16:42:19,732] [builder.py:1709]           [INFO]     |  3/59 | IMDb Top 250 Collection | = | The Godfather: Part II (1974)                                |
[2022-01-16 16:42:19,733] [builder.py:1709]           [INFO]     |  4/59 | IMDb Top 250 Collection | = | Pulp Fiction (1994)                                          |
[2022-01-16 16:42:19,733] [builder.py:1709]           [INFO]     |  5/59 | IMDb Top 250 Collection | = | Inception (2010)                                             |
[2022-01-16 16:42:19,734] [builder.py:1709]           [INFO]     |  6/59 | IMDb Top 250 Collection | = | Fight Club (1999)                                            |
[2022-01-16 16:42:19,734] [builder.py:1709]           [INFO]     |  7/59 | IMDb Top 250 Collection | = | The Lord of the Rings: The Fellowship of the Ring (2001)     |
[2022-01-16 16:42:19,735] [builder.py:1709]           [INFO]     |  8/59 | IMDb Top 250 Collection | = | The Matrix (1999)                                            |
[2022-01-16 16:42:19,736] [builder.py:1709]           [INFO]     |  9/59 | IMDb Top 250 Collection | = | Star Wars: Episode V - The Empire Strikes Back (1980)        |
[2022-01-16 16:42:19,737] [builder.py:1709]           [INFO]     | 10/59 | IMDb Top 250 Collection | = | Parasite (2019)                                              |
[2022-01-16 16:42:19,738] [builder.py:1709]           [INFO]     | 11/59 | IMDb Top 250 Collection | = | Interstellar (2014)                                          |
[2022-01-16 16:42:19,738] [builder.py:1709]           [INFO]     | 12/59 | IMDb Top 250 Collection | = | Spirited Away (2001)                                         |
[2022-01-16 16:42:19,739] [builder.py:1709]           [INFO]     | 13/59 | IMDb Top 250 Collection | = | Star Wars: Episode IV - A New Hope (1977)                    |
[2022-01-16 16:42:19,739] [builder.py:1709]           [INFO]     | 14/59 | IMDb Top 250 Collection | = | The Prestige (2006)                                          |
[2022-01-16 16:42:19,740] [builder.py:1709]           [INFO]     | 15/59 | IMDb Top 250 Collection | = | The Departed (2006)                                          |
[2022-01-16 16:42:19,740] [builder.py:1709]           [INFO]     | 16/59 | IMDb Top 250 Collection | = | Gladiator (2000)                                             |
[2022-01-16 16:42:19,741] [builder.py:1709]           [INFO]     | 17/59 | IMDb Top 250 Collection | = | Terminator 2: Judgment Day (1991)                            |
[2022-01-16 16:42:19,743] [builder.py:1709]           [INFO]     | 18/59 | IMDb Top 250 Collection | = | Casablanca (1942)                                            |
[2022-01-16 16:42:19,743] [builder.py:1709]           [INFO]     | 19/59 | IMDb Top 250 Collection | = | Your Name. (2016)                                            |
[2022-01-16 16:42:19,744] [builder.py:1709]           [INFO]     | 20/59 | IMDb Top 250 Collection | = | Spider-Man: Into the Spider-Verse (2018)                     |
[2022-01-16 16:42:19,744] [builder.py:1709]           [INFO]     | 21/59 | IMDb Top 250 Collection | = | Coco (2017)                                                  |
[2022-01-16 16:42:19,745] [builder.py:1709]           [INFO]     | 22/59 | IMDb Top 250 Collection | = | The Dark Knight Rises (2012)                                 |
[2022-01-16 16:42:19,745] [builder.py:1709]           [INFO]     | 23/59 | IMDb Top 250 Collection | = | WALL·E (2008)                                                |
[2022-01-16 16:42:19,746] [builder.py:1709]           [INFO]     | 24/59 | IMDb Top 250 Collection | = | Oldboy (2003)                                                |
[2022-01-16 16:42:19,746] [builder.py:1709]           [INFO]     | 25/59 | IMDb Top 250 Collection | = | Princess Mononoke (1997)                                     |
[2022-01-16 16:42:19,746] [builder.py:1709]           [INFO]     | 26/59 | IMDb Top 250 Collection | = | Indiana Jones and the Raiders of the Lost Ark (1981)         |
[2022-01-16 16:42:19,747] [builder.py:1709]           [INFO]     | 27/59 | IMDb Top 250 Collection | = | The Shining (1980)                                           |
[2022-01-16 16:42:19,747] [builder.py:1709]           [INFO]     | 28/59 | IMDb Top 250 Collection | = | Apocalypse Now (1979)                                        |
[2022-01-16 16:42:19,748] [builder.py:1709]           [INFO]     | 29/59 | IMDb Top 250 Collection | = | Alien (1979)                                                 |
[2022-01-16 16:42:19,748] [builder.py:1709]           [INFO]     | 30/59 | IMDb Top 250 Collection | = | Dr. Strangelove or: How I Learned to Stop Worrying and Love the Bomb (1964) |
[2022-01-16 16:42:19,748] [builder.py:1709]           [INFO]     | 31/59 | IMDb Top 250 Collection | = | Inglourious Basterds (2009)                                  |
[2022-01-16 16:42:19,749] [builder.py:1709]           [INFO]     | 32/59 | IMDb Top 250 Collection | = | Toy Story (1995)                                             |
[2022-01-16 16:42:19,750] [builder.py:1709]           [INFO]     | 33/59 | IMDb Top 250 Collection | = | Full Metal Jacket (1987)                                     |
[2022-01-16 16:42:19,750] [builder.py:1709]           [INFO]     | 34/59 | IMDb Top 250 Collection | = | Aliens (1986)                                                |
[2022-01-16 16:42:19,751] [builder.py:1709]           [INFO]     | 35/59 | IMDb Top 250 Collection | = | Star Wars: Episode VI - Return of the Jedi (1983)            |
[2022-01-16 16:42:19,751] [builder.py:1709]           [INFO]     | 36/59 | IMDb Top 250 Collection | = | 2001: A Space Odyssey (1968)                                 |
[2022-01-16 16:42:19,752] [builder.py:1709]           [INFO]     | 37/59 | IMDb Top 250 Collection | = | Citizen Kane (1941)                                          |
[2022-01-16 16:42:19,752] [builder.py:1709]           [INFO]     | 38/59 | IMDb Top 250 Collection | = | Up (2009)                                                    |
[2022-01-16 16:42:19,753] [builder.py:1709]           [INFO]     | 39/59 | IMDb Top 250 Collection | = | Pan's Labyrinth (2006)                                       |
[2022-01-16 16:42:19,753] [builder.py:1709]           [INFO]     | 40/59 | IMDb Top 250 Collection | = | Toy Story 3 (2010)                                           |
[2022-01-16 16:42:19,754] [builder.py:1709]           [INFO]     | 41/59 | IMDb Top 250 Collection | = | Batman Begins (2005)                                         |
[2022-01-16 16:42:19,754] [builder.py:1709]           [INFO]     | 42/59 | IMDb Top 250 Collection | = | Howl's Moving Castle (2004)                                  |
[2022-01-16 16:42:19,755] [builder.py:1709]           [INFO]     | 43/59 | IMDb Top 250 Collection | = | Indiana Jones and the Last Crusade (1989)                    |
[2022-01-16 16:42:19,755] [builder.py:1709]           [INFO]     | 44/59 | IMDb Top 250 Collection | = | My Neighbor Totoro (1988)                                    |
[2022-01-16 16:42:19,756] [builder.py:1709]           [INFO]     | 45/59 | IMDb Top 250 Collection | = | Taxi Driver (1976)                                           |
[2022-01-16 16:42:19,757] [builder.py:1709]           [INFO]     | 46/59 | IMDb Top 250 Collection | = | The Handmaiden (2016)                                        |
[2022-01-16 16:42:19,759] [builder.py:1709]           [INFO]     | 47/59 | IMDb Top 250 Collection | = | The Grand Budapest Hotel (2014)                              |
[2022-01-16 16:42:19,760] [builder.py:1709]           [INFO]     | 48/59 | IMDb Top 250 Collection | = | Gone Girl (2014)                                             |
[2022-01-16 16:42:19,760] [builder.py:1709]           [INFO]     | 49/59 | IMDb Top 250 Collection | = | Inside Out (2015)                                            |
[2022-01-16 16:42:19,761] [builder.py:1709]           [INFO]     | 50/59 | IMDb Top 250 Collection | = | Mad Max: Fury Road (2015)                                    |
[2022-01-16 16:42:19,761] [builder.py:1709]           [INFO]     | 51/59 | IMDb Top 250 Collection | = | Dune (2021)                                                  |
[2022-01-16 16:42:19,762] [builder.py:1709]           [INFO]     | 52/59 | IMDb Top 250 Collection | = | How to Train Your Dragon (2010)                              |
[2022-01-16 16:42:19,762] [builder.py:1709]           [INFO]     | 53/59 | IMDb Top 250 Collection | = | Memories of Murder (2003)                                    |
[2022-01-16 16:42:19,764] [builder.py:1709]           [INFO]     | 54/59 | IMDb Top 250 Collection | = | Kill Bill: Vol. 1 (2003)                                     |
[2022-01-16 16:42:19,764] [builder.py:1709]           [INFO]     | 55/59 | IMDb Top 250 Collection | = | Finding Nemo (2003)                                          |
[2022-01-16 16:42:19,765] [builder.py:1709]           [INFO]     | 56/59 | IMDb Top 250 Collection | = | Monsters, Inc. (2001)                                        |
[2022-01-16 16:42:19,765] [builder.py:1709]           [INFO]     | 57/59 | IMDb Top 250 Collection | = | The Princess Bride (1987)                                    |
[2022-01-16 16:42:19,766] [builder.py:1709]           [INFO]     | 58/59 | IMDb Top 250 Collection | = | Nausicaä of the Valley of the Wind (1984)                    |
[2022-01-16 16:42:19,767] [builder.py:1709]           [INFO]     | 59/59 | IMDb Top 250 Collection | = | Blade Runner (1982)                                          |
[2022-01-16 16:42:19,767] [builder.py:1734]           [INFO]     |                                                                                                    |
[2022-01-16 16:42:19,768] [builder.py:1735]           [INFO]     | 59 Movies Processed                                                                                |
[2022-01-16 16:42:19,768] [builder.py:1929]           [INFO]     |                                                                                                    |
[2022-01-16 16:42:19,768] [util.py:216]               [INFO]     |============================ Missing Movies from Library: IMDb Top 250 =============================|
[2022-01-16 16:42:19,769] [builder.py:1931]           [INFO]     |                                                                                                    |
[2022-01-16 16:42:19,819] [builder.py:1943]           [INFO]     | IMDb Top 250 Collection | ? | Jai Bhim (2021) (TMDb: 855400)                                       |
[2022-01-16 16:42:19,865] [builder.py:1943]           [INFO]     | IMDb Top 250 Collection | ? | The Shawshank Redemption (1994) (TMDb: 278)                          |
[2022-01-16 16:42:19,915] [builder.py:1943]           [INFO]     | IMDb Top 250 Collection | ? | 12 Angry Men (1957) (TMDb: 389)                                      |
[2022-01-16 16:42:19,919] [builder.py:1943]           [INFO]     | IMDb Top 250 Collection | ? | The Lord of the Rings: The Return of the King (2003) (TMDb: 122)     |
[2022-01-16 16:42:19,971] [builder.py:1943]           [INFO]     | IMDb Top 250 Collection | ? | Schindler's List (1993) (TMDb: 424)                                  |
[2022-01-16 16:42:20,019] [builder.py:1943]           [INFO]     | IMDb Top 250 Collection | ? | Forrest Gump (1994) (TMDb: 13)                                       |
[2022-01-16 16:42:20,068] [builder.py:1943]           [INFO]     | IMDb Top 250 Collection | ? | The Good, the Bad and the Ugly (1966) (TMDb: 429)                    |
[2022-01-16 16:42:20,071] [builder.py:1943]           [INFO]     | IMDb Top 250 Collection | ? | Spider-Man: No Way Home (2021) (TMDb: 634649)                        |
[2022-01-16 16:42:20,075] [builder.py:1943]           [INFO]     | IMDb Top 250 Collection | ? | The Lord of the Rings: The Two Towers (2002) (TMDb: 121)             |
[2022-01-16 16:42:20,123] [builder.py:1943]           [INFO]     | IMDb Top 250 Collection | ? | GoodFellas (1990) (TMDb: 769)                                        |
[2022-01-16 16:42:20,172] [builder.py:1943]           [INFO]     | IMDb Top 250 Collection | ? | One Flew Over the Cuckoo's Nest (1975) (TMDb: 510)                   |
[2022-01-16 16:42:20,230] [builder.py:1943]           [INFO]     | IMDb Top 250 Collection | ? | City of God (2002) (TMDb: 598)                                       |
[2022-01-16 16:42:20,305] [builder.py:1943]           [INFO]     | IMDb Top 250 Collection | ? | Saving Private Ryan (1998) (TMDb: 857)                               |
[2022-01-16 16:42:20,308] [builder.py:1943]           [INFO]     | IMDb Top 250 Collection | ? | The Green Mile (1999) (TMDb: 497)                                    |
[2022-01-16 16:42:20,378] [builder.py:1943]           [INFO]     | IMDb Top 250 Collection | ? | Life Is Beautiful (1997) (TMDb: 637)                                 |
[2022-01-16 16:42:20,428] [builder.py:1943]           [INFO]     | IMDb Top 250 Collection | ? | Se7en (1995) (TMDb: 807)                                             |
[2022-01-16 16:42:20,475] [builder.py:1943]           [INFO]     | IMDb Top 250 Collection | ? | The Silence of the Lambs (1991) (TMDb: 274)                          |
[2022-01-16 16:42:20,521] [builder.py:1943]           [INFO]     | IMDb Top 250 Collection | ? | Harakiri (1962) (TMDb: 14537)                                        |
[2022-01-16 16:42:20,591] [builder.py:1943]           [INFO]     | IMDb Top 250 Collection | ? | Seven Samurai (1954) (TMDb: 346)                                     |
[2022-01-16 16:42:20,641] [builder.py:1943]           [INFO]     | IMDb Top 250 Collection | ? | It's a Wonderful Life (1946) (TMDb: 1585)                            |
[2022-01-16 16:42:20,691] [builder.py:1943]           [INFO]     | IMDb Top 250 Collection | ? | Whiplash (2014) (TMDb: 244786)                                       |
[2022-01-16 16:42:20,742] [builder.py:1943]           [INFO]     | IMDb Top 250 Collection | ? | The Intouchables (2011) (TMDb: 77338)                                |
[2022-01-16 16:42:20,789] [builder.py:1943]           [INFO]     | IMDb Top 250 Collection | ? | The Pianist (2002) (TMDb: 423)                                       |
[2022-01-16 16:42:20,837] [builder.py:1943]           [INFO]     | IMDb Top 250 Collection | ? | American History X (1998) (TMDb: 73)                                 |
[2022-01-16 16:42:20,888] [builder.py:1943]           [INFO]     | IMDb Top 250 Collection | ? | The Usual Suspects (1995) (TMDb: 629)                                |
[2022-01-16 16:42:20,943] [builder.py:1943]           [INFO]     | IMDb Top 250 Collection | ? | Léon: The Professional (1994) (TMDb: 101)                            |
[2022-01-16 16:42:20,994] [builder.py:1943]           [INFO]     | IMDb Top 250 Collection | ? | The Lion King (1994) (TMDb: 8587)                                    |
[2022-01-16 16:42:21,043] [builder.py:1943]           [INFO]     | IMDb Top 250 Collection | ? | Cinema Paradiso (1988) (TMDb: 11216)                                 |
[2022-01-16 16:42:21,090] [builder.py:1943]           [INFO]     | IMDb Top 250 Collection | ? | Grave of the Fireflies (1988) (TMDb: 12477)                          |
[2022-01-16 16:42:21,140] [builder.py:1943]           [INFO]     | IMDb Top 250 Collection | ? | Back to the Future (1985) (TMDb: 105)                                |
[2022-01-16 16:42:21,190] [builder.py:1943]           [INFO]     | IMDb Top 250 Collection | ? | Once Upon a Time in the West (1968) (TMDb: 335)                      |
[2022-01-16 16:42:21,238] [builder.py:1943]           [INFO]     | IMDb Top 250 Collection | ? | Psycho (1960) (TMDb: 539)                                            |
[2022-01-16 16:42:21,284] [builder.py:1943]           [INFO]     | IMDb Top 250 Collection | ? | Rear Window (1954) (TMDb: 567)                                       |
[2022-01-16 16:42:21,329] [builder.py:1943]           [INFO]     | IMDb Top 250 Collection | ? | Modern Times (1936) (TMDb: 3082)                                     |
[2022-01-16 16:42:21,376] [builder.py:1943]           [INFO]     | IMDb Top 250 Collection | ? | City Lights (1931) (TMDb: 901)                                       |
[2022-01-16 16:42:21,424] [builder.py:1943]           [INFO]     | IMDb Top 250 Collection | ? | Hamilton (2020) (TMDb: 556574)                                       |
[2022-01-16 16:42:21,472] [builder.py:1943]           [INFO]     | IMDb Top 250 Collection | ? | Capernaum (2018) (TMDb: 517814)                                      |
[2022-01-16 16:42:21,550] [builder.py:1943]           [INFO]     | IMDb Top 250 Collection | ? | Joker (2019) (TMDb: 475557)                                          |
[2022-01-16 16:42:21,597] [builder.py:1943]           [INFO]     | IMDb Top 250 Collection | ? | Dangal (2016) (TMDb: 360814)                                         |
[2022-01-16 16:42:21,607] [builder.py:1943]           [INFO]     | IMDb Top 250 Collection | ? | Avengers: Endgame (2019) (TMDb: 299534)                              |
[2022-01-16 16:42:21,615] [builder.py:1943]           [INFO]     | IMDb Top 250 Collection | ? | Avengers: Infinity War (2018) (TMDb: 299536)                         |
[2022-01-16 16:42:21,671] [builder.py:1943]           [INFO]     | IMDb Top 250 Collection | ? | Django Unchained (2012) (TMDb: 68718)                                |
[2022-01-16 16:42:21,728] [builder.py:1943]           [INFO]     | IMDb Top 250 Collection | ? | 3 Idiots (2009) (TMDb: 20453)                                        |
[2022-01-16 16:42:21,779] [builder.py:1943]           [INFO]     | IMDb Top 250 Collection | ? | Like Stars on Earth (2007) (TMDb: 7508)                              |
[2022-01-16 16:42:21,832] [builder.py:1943]           [INFO]     | IMDb Top 250 Collection | ? | The Lives of Others (2006) (TMDb: 582)                               |
[2022-01-16 16:42:21,883] [builder.py:1943]           [INFO]     | IMDb Top 250 Collection | ? | Memento (2000) (TMDb: 77)                                            |
[2022-01-16 16:42:21,927] [builder.py:1943]           [INFO]     | IMDb Top 250 Collection | ? | High and Low (1963) (TMDb: 12493)                                    |
[2022-01-16 16:42:21,980] [builder.py:1943]           [INFO]     | IMDb Top 250 Collection | ? | Witness for the Prosecution (1957) (TMDb: 37257)                     |
[2022-01-16 16:42:22,026] [builder.py:1943]           [INFO]     | IMDb Top 250 Collection | ? | Paths of Glory (1957) (TMDb: 975)                                    |
[2022-01-16 16:42:22,074] [builder.py:1943]           [INFO]     | IMDb Top 250 Collection | ? | Pather Panchali (1955) (TMDb: 5801)                                  |
[2022-01-16 16:42:22,127] [builder.py:1943]           [INFO]     | IMDb Top 250 Collection | ? | Sunset Boulevard (1950) (TMDb: 599)                                  |
[2022-01-16 16:42:22,175] [builder.py:1943]           [INFO]     | IMDb Top 250 Collection | ? | The Great Dictator (1940) (TMDb: 914)                                |
[2022-01-16 16:42:22,223] [builder.py:1943]           [INFO]     | IMDb Top 250 Collection | ? | 1917 (2019) (TMDb: 530915)                                           |
[2022-01-16 16:42:22,280] [builder.py:1943]           [INFO]     | IMDb Top 250 Collection | ? | Drishyam (2013) (TMDb: 244049)                                       |
[2022-01-16 16:42:22,329] [builder.py:1943]           [INFO]     | IMDb Top 250 Collection | ? | The Hunt (2012) (TMDb: 103663)                                       |
[2022-01-16 16:42:22,381] [builder.py:1943]           [INFO]     | IMDb Top 250 Collection | ? | A Separation (2011) (TMDb: 60243)                                    |
[2022-01-16 16:42:22,428] [builder.py:1943]           [INFO]     | IMDb Top 250 Collection | ? | Incendies (2010) (TMDb: 46738)                                       |
[2022-01-16 16:42:22,478] [builder.py:1943]           [INFO]     | IMDb Top 250 Collection | ? | The Father (2021) (TMDb: 600354)                                     |
[2022-01-16 16:42:22,533] [builder.py:1943]           [INFO]     | IMDb Top 250 Collection | ? | Eternal Sunshine of the Spotless Mind (2004) (TMDb: 38)              |
[2022-01-16 16:42:22,582] [builder.py:1943]           [INFO]     | IMDb Top 250 Collection | ? | Amélie (2001) (TMDb: 194)                                            |
[2022-01-16 16:42:22,631] [builder.py:1943]           [INFO]     | IMDb Top 250 Collection | ? | Requiem for a Dream (2000) (TMDb: 641)                               |
[2022-01-16 16:42:22,680] [builder.py:1943]           [INFO]     | IMDb Top 250 Collection | ? | American Beauty (1999) (TMDb: 14)                                    |
[2022-01-16 16:42:22,726] [builder.py:1943]           [INFO]     | IMDb Top 250 Collection | ? | Good Will Hunting (1997) (TMDb: 489)                                 |
[2022-01-16 16:42:22,771] [builder.py:1943]           [INFO]     | IMDb Top 250 Collection | ? | Children of Heaven (1997) (TMDb: 21334)                              |
[2022-01-16 16:42:22,835] [builder.py:1943]           [INFO]     | IMDb Top 250 Collection | ? | Braveheart (1995) (TMDb: 197)                                        |
[2022-01-16 16:42:22,887] [builder.py:1943]           [INFO]     | IMDb Top 250 Collection | ? | Reservoir Dogs (1992) (TMDb: 500)                                    |
[2022-01-16 16:42:22,944] [builder.py:1943]           [INFO]     | IMDb Top 250 Collection | ? | Come and See (1985) (TMDb: 25237)                                    |
[2022-01-16 16:42:22,995] [builder.py:1943]           [INFO]     | IMDb Top 250 Collection | ? | Once Upon a Time in America (1984) (TMDb: 311)                       |
[2022-01-16 16:42:23,043] [builder.py:1943]           [INFO]     | IMDb Top 250 Collection | ? | Amadeus (1984) (TMDb: 279)                                           |
[2022-01-16 16:42:23,088] [builder.py:1943]           [INFO]     | IMDb Top 250 Collection | ? | Scarface (1983) (TMDb: 111)                                          |
[2022-01-16 16:42:23,136] [builder.py:1943]           [INFO]     | IMDb Top 250 Collection | ? | Das Boot (1981) (TMDb: 387)                                          |
[2022-01-16 16:42:23,183] [builder.py:1943]           [INFO]     | IMDb Top 250 Collection | ? | Dersu Uzala (1975) (TMDb: 9764)                                      |
[2022-01-16 16:42:23,229] [builder.py:1943]           [INFO]     | IMDb Top 250 Collection | ? | The Sting (1973) (TMDb: 9277)                                        |
[2022-01-16 16:42:23,297] [builder.py:1943]           [INFO]     | IMDb Top 250 Collection | ? | A Clockwork Orange (1971) (TMDb: 185)                                |
[2022-01-16 16:42:23,349] [builder.py:1943]           [INFO]     | IMDb Top 250 Collection | ? | Lawrence of Arabia (1962) (TMDb: 947)                                |
[2022-01-16 16:42:23,399] [builder.py:1943]           [INFO]     | IMDb Top 250 Collection | ? | The Apartment (1960) (TMDb: 284)                                     |
[2022-01-16 16:42:23,445] [builder.py:1943]           [INFO]     | IMDb Top 250 Collection | ? | North by Northwest (1959) (TMDb: 213)                                |
[2022-01-16 16:42:23,496] [builder.py:1943]           [INFO]     | IMDb Top 250 Collection | ? | Vertigo (1958) (TMDb: 426)                                           |
[2022-01-16 16:42:23,547] [builder.py:1943]           [INFO]     | IMDb Top 250 Collection | ? | Singin' in the Rain (1952) (TMDb: 872)                               |
[2022-01-16 16:42:23,602] [builder.py:1943]           [INFO]     | IMDb Top 250 Collection | ? | Ikiru (1952) (TMDb: 3782)                                            |
[2022-01-16 16:42:23,662] [builder.py:1943]           [INFO]     | IMDb Top 250 Collection | ? | Bicycle Thieves (1948) (TMDb: 5156)                                  |
[2022-01-16 16:42:23,719] [builder.py:1943]           [INFO]     | IMDb Top 250 Collection | ? | Double Indemnity (1944) (TMDb: 996)                                  |
[2022-01-16 16:42:23,765] [builder.py:1943]           [INFO]     | IMDb Top 250 Collection | ? | M (1931) (TMDb: 832)                                                 |
[2022-01-16 16:42:23,810] [builder.py:1943]           [INFO]     | IMDb Top 250 Collection | ? | Metropolis (1927) (TMDb: 19)                                         |
[2022-01-16 16:42:23,859] [builder.py:1943]           [INFO]     | IMDb Top 250 Collection | ? | The Kid (1921) (TMDb: 10098)                                         |
[2022-01-16 16:42:23,908] [builder.py:1943]           [INFO]     | IMDb Top 250 Collection | ? | Andhadhun (2018) (TMDb: 534780)                                      |
[2022-01-16 16:42:23,961] [builder.py:1943]           [INFO]     | IMDb Top 250 Collection | ? | Green Book (2018) (TMDb: 490132)                                     |
[2022-01-16 16:42:24,009] [builder.py:1943]           [INFO]     | IMDb Top 250 Collection | ? | A Silent Voice: The Movie (2016) (TMDb: 378064)                      |
[2022-01-16 16:42:24,058] [builder.py:1943]           [INFO]     | IMDb Top 250 Collection | ? | Klaus (2019) (TMDb: 508965)                                          |
[2022-01-16 16:42:24,106] [builder.py:1943]           [INFO]     | IMDb Top 250 Collection | ? | Gangs of Wasseypur - Part 1 (2012) (TMDb: 117691)                    |
[2022-01-16 16:42:24,155] [builder.py:1943]           [INFO]     | IMDb Top 250 Collection | ? | The Secret in Their Eyes (2009) (TMDb: 25376)                        |
[2022-01-16 16:42:24,205] [builder.py:1943]           [INFO]     | IMDb Top 250 Collection | ? | Shutter Island (2010) (TMDb: 11324)                                  |
[2022-01-16 16:42:24,255] [builder.py:1943]           [INFO]     | IMDb Top 250 Collection | ? | Demon Slayer -Kimetsu no Yaiba- The Movie: Mugen Train (2020) (TMDb: 635302) |
[2022-01-16 16:42:24,311] [builder.py:1943]           [INFO]     | IMDb Top 250 Collection | ? | The Wolf of Wall Street (2013) (TMDb: 106646)                        |
[2022-01-16 16:42:24,358] [builder.py:1943]           [INFO]     | IMDb Top 250 Collection | ? | My Father and My Son (2005) (TMDb: 13393)                            |
[2022-01-16 16:42:24,407] [builder.py:1943]           [INFO]     | IMDb Top 250 Collection | ? | There Will Be Blood (2007) (TMDb: 7345)                              |
[2022-01-16 16:42:24,456] [builder.py:1943]           [INFO]     | IMDb Top 250 Collection | ? | Downfall (2004) (TMDb: 613)                                          |
[2022-01-16 16:42:24,505] [builder.py:1943]           [INFO]     | IMDb Top 250 Collection | ? | A Beautiful Mind (2001) (TMDb: 453)                                  |
[2022-01-16 16:42:24,554] [builder.py:1943]           [INFO]     | IMDb Top 250 Collection | ? | Snatch (2000) (TMDb: 107)                                            |
[2022-01-16 16:42:24,602] [builder.py:1943]           [INFO]     | IMDb Top 250 Collection | ? | Lock, Stock and Two Smoking Barrels (1998) (TMDb: 100)               |
[2022-01-16 16:42:24,651] [builder.py:1943]           [INFO]     | IMDb Top 250 Collection | ? | L.A. Confidential (1997) (TMDb: 2118)                                |
[2022-01-16 16:42:24,698] [builder.py:1943]           [INFO]     | IMDb Top 250 Collection | ? | The Bandit (1996) (TMDb: 26900)                                      |
[2022-01-16 16:42:24,747] [builder.py:1943]           [INFO]     | IMDb Top 250 Collection | ? | Heat (1995) (TMDb: 949)                                              |
[2022-01-16 16:42:24,798] [builder.py:1943]           [INFO]     | IMDb Top 250 Collection | ? | Casino (1995) (TMDb: 524)                                            |
[2022-01-16 16:42:24,912] [builder.py:1943]           [INFO]     | IMDb Top 250 Collection | ? | Unforgiven (1992) (TMDb: 33)                                         |
[2022-01-16 16:42:24,962] [builder.py:1943]           [INFO]     | IMDb Top 250 Collection | ? | Die Hard (1988) (TMDb: 562)                                          |
[2022-01-16 16:42:25,013] [builder.py:1943]           [INFO]     | IMDb Top 250 Collection | ? | Ran (1985) (TMDb: 11645)                                             |
[2022-01-16 16:42:25,060] [builder.py:1943]           [INFO]     | IMDb Top 250 Collection | ? | Raging Bull (1980) (TMDb: 1578)                                      |
[2022-01-16 16:42:25,107] [builder.py:1943]           [INFO]     | IMDb Top 250 Collection | ? | Autumn Sonata (1978) (TMDb: 12761)                                   |
[2022-01-16 16:42:25,151] [builder.py:1943]           [INFO]     | IMDb Top 250 Collection | ? | Monty Python and the Holy Grail (1975) (TMDb: 762)                   |
[2022-01-16 16:42:25,201] [builder.py:1943]           [INFO]     | IMDb Top 250 Collection | ? | Chinatown (1974) (TMDb: 829)                                         |
[2022-01-16 16:42:25,247] [builder.py:1943]           [INFO]     | IMDb Top 250 Collection | ? | Z (1969) (TMDb: 2721)                                                |
[2022-01-16 16:42:25,297] [builder.py:1943]           [INFO]     | IMDb Top 250 Collection | ? | For a Few Dollars More (1965) (TMDb: 938)                            |
[2022-01-16 16:42:25,344] [builder.py:1943]           [INFO]     | IMDb Top 250 Collection | ? | The Great Escape (1963) (TMDb: 5925)                                 |
[2022-01-16 16:42:25,394] [builder.py:1943]           [INFO]     | IMDb Top 250 Collection | ? | To Kill a Mockingbird (1962) (TMDb: 595)                             |
[2022-01-16 16:42:25,440] [builder.py:1943]           [INFO]     | IMDb Top 250 Collection | ? | Yojimbo (1961) (TMDb: 11878)                                         |
[2022-01-16 16:42:25,484] [builder.py:1943]           [INFO]     | IMDb Top 250 Collection | ? | Judgment at Nuremberg (1961) (TMDb: 821)                             |
[2022-01-16 16:42:25,534] [builder.py:1943]           [INFO]     | IMDb Top 250 Collection | ? | Some Like It Hot (1959) (TMDb: 239)                                  |
[2022-01-16 16:42:25,582] [builder.py:1943]           [INFO]     | IMDb Top 250 Collection | ? | Wild Strawberries (1957) (TMDb: 614)                                 |
[2022-01-16 16:42:25,629] [builder.py:1943]           [INFO]     | IMDb Top 250 Collection | ? | The Seventh Seal (1957) (TMDb: 490)                                  |
[2022-01-16 16:42:25,676] [builder.py:1943]           [INFO]     | IMDb Top 250 Collection | ? | Dial M for Murder (1954) (TMDb: 521)                                 |
[2022-01-16 16:42:25,725] [builder.py:1943]           [INFO]     | IMDb Top 250 Collection | ? | Tokyo Story (1953) (TMDb: 18148)                                     |
[2022-01-16 16:42:25,769] [builder.py:1943]           [INFO]     | IMDb Top 250 Collection | ? | Rashomon (1950) (TMDb: 548)                                          |
[2022-01-16 16:42:25,823] [builder.py:1943]           [INFO]     | IMDb Top 250 Collection | ? | All About Eve (1950) (TMDb: 705)                                     |
[2022-01-16 16:42:25,870] [builder.py:1943]           [INFO]     | IMDb Top 250 Collection | ? | The Treasure of the Sierra Madre (1948) (TMDb: 3090)                 |
[2022-01-16 16:42:25,917] [builder.py:1943]           [INFO]     | IMDb Top 250 Collection | ? | To Be or Not to Be (1942) (TMDb: 198)                                |
[2022-01-16 16:42:25,982] [builder.py:1943]           [INFO]     | IMDb Top 250 Collection | ? | The Gold Rush (1925) (TMDb: 962)                                     |
[2022-01-16 16:42:26,029] [builder.py:1943]           [INFO]     | IMDb Top 250 Collection | ? | Sherlock Jr. (1924) (TMDb: 992)                                      |
[2022-01-16 16:42:26,084] [builder.py:1943]           [INFO]     | IMDb Top 250 Collection | ? | Three Billboards Outside Ebbing, Missouri (2017) (TMDb: 359940)      |
[2022-01-16 16:42:26,134] [builder.py:1943]           [INFO]     | IMDb Top 250 Collection | ? | Logan (2017) (TMDb: 263115)                                          |
[2022-01-16 16:42:26,183] [builder.py:1943]           [INFO]     | IMDb Top 250 Collection | ? | Room (2015) (TMDb: 264644)                                           |
[2022-01-16 16:42:26,232] [builder.py:1943]           [INFO]     | IMDb Top 250 Collection | ? | Wild Tales (2014) (TMDb: 265195)                                     |
[2022-01-16 16:42:26,326] [builder.py:1943]           [INFO]     | IMDb Top 250 Collection | ? | Hacksaw Ridge (2016) (TMDb: 324786)                                  |
[2022-01-16 16:42:26,374] [builder.py:1943]           [INFO]     | IMDb Top 250 Collection | ? | 12 Years a Slave (2013) (TMDb: 76203)                                |
[2022-01-16 16:42:26,421] [builder.py:1943]           [INFO]     | IMDb Top 250 Collection | ? | Rush (2013) (TMDb: 96721)                                            |
[2022-01-16 16:42:26,472] [builder.py:1943]           [INFO]     | IMDb Top 250 Collection | ? | Ford v Ferrari (2019) (TMDb: 359724)                                 |
[2022-01-16 16:42:26,525] [builder.py:1943]           [INFO]     | IMDb Top 250 Collection | ? | Spotlight (2015) (TMDb: 314365)                                      |
[2022-01-16 16:42:26,582] [builder.py:1943]           [INFO]     | IMDb Top 250 Collection | ? | Prisoners (2013) (TMDb: 146233)                                      |
[2022-01-16 16:42:26,631] [builder.py:1943]           [INFO]     | IMDb Top 250 Collection | ? | Warrior (2011) (TMDb: 59440)                                         |
[2022-01-16 16:42:26,677] [builder.py:1943]           [INFO]     | IMDb Top 250 Collection | ? | Gran Torino (2008) (TMDb: 13223)                                     |
[2022-01-16 16:42:26,682] [builder.py:1943]           [INFO]     | IMDb Top 250 Collection | ? | Harry Potter and the Deathly Hallows: Part 2 (2011) (TMDb: 12445)    |
[2022-01-16 16:42:26,730] [builder.py:1943]           [INFO]     | IMDb Top 250 Collection | ? | Hachi: A Dog's Tale (2009) (TMDb: 28178)                             |
[2022-01-16 16:42:26,779] [builder.py:1943]           [INFO]     | IMDb Top 250 Collection | ? | Mary and Max (2009) (TMDb: 24238)                                    |
[2022-01-16 16:42:26,829] [builder.py:1943]           [INFO]     | IMDb Top 250 Collection | ? | Into the Wild (2007) (TMDb: 5915)                                    |
[2022-01-16 16:42:26,879] [builder.py:1943]           [INFO]     | IMDb Top 250 Collection | ? | No Country for Old Men (2007) (TMDb: 6977)                           |
[2022-01-16 16:42:26,933] [builder.py:1943]           [INFO]     | IMDb Top 250 Collection | ? | V for Vendetta (2006) (TMDb: 752)                                    |
[2022-01-16 16:42:26,987] [builder.py:1943]           [INFO]     | IMDb Top 250 Collection | ? | Million Dollar Baby (2004) (TMDb: 70)                                |
[2022-01-16 16:42:27,037] [builder.py:1943]           [INFO]     | IMDb Top 250 Collection | ? | Hotel Rwanda (2004) (TMDb: 205)                                      |
[2022-01-16 16:42:27,082] [builder.py:1943]           [INFO]     | IMDb Top 250 Collection | ? | Before Sunset (2004) (TMDb: 80)                                      |
[2022-01-16 16:42:27,136] [builder.py:1943]           [INFO]     | IMDb Top 250 Collection | ? | Catch Me If You Can (2002) (TMDb: 640)                               |
[2022-01-16 16:42:27,179] [builder.py:1943]           [INFO]     | IMDb Top 250 Collection | ? | Amores Perros (2000) (TMDb: 55)                                      |
[2022-01-16 16:42:27,226] [builder.py:1943]           [INFO]     | IMDb Top 250 Collection | ? | Neon Genesis Evangelion: The End of Evangelion (1997) (TMDb: 18491)  |
[2022-01-16 16:42:27,277] [builder.py:1943]           [INFO]     | IMDb Top 250 Collection | ? | The Sixth Sense (1999) (TMDb: 745)                                   |
[2022-01-16 16:42:27,327] [builder.py:1943]           [INFO]     | IMDb Top 250 Collection | ? | The Truman Show (1998) (TMDb: 37165)                                 |
[2022-01-16 16:42:27,376] [builder.py:1943]           [INFO]     | IMDb Top 250 Collection | ? | The Big Lebowski (1998) (TMDb: 115)                                  |
[2022-01-16 16:42:27,424] [builder.py:1943]           [INFO]     | IMDb Top 250 Collection | ? | In the Mood for Love (2000) (TMDb: 843)                              |
[2022-01-16 16:42:27,471] [builder.py:1943]           [INFO]     | IMDb Top 250 Collection | ? | Trainspotting (1996) (TMDb: 627)                                     |
[2022-01-16 16:42:27,518] [builder.py:1943]           [INFO]     | IMDb Top 250 Collection | ? | Fargo (1996) (TMDb: 275)                                             |
[2022-01-16 16:42:27,567] [builder.py:1943]           [INFO]     | IMDb Top 250 Collection | ? | La Haine (1995) (TMDb: 406)                                          |
[2022-01-16 16:42:27,616] [builder.py:1943]           [INFO]     | IMDb Top 250 Collection | ? | Before Sunrise (1995) (TMDb: 76)                                     |
[2022-01-16 16:42:27,620] [builder.py:1943]           [INFO]     | IMDb Top 250 Collection | ? | Jurassic Park (1993) (TMDb: 329)                                     |
[2022-01-16 16:42:27,669] [builder.py:1943]           [INFO]     | IMDb Top 250 Collection | ? | In the Name of the Father (1993) (TMDb: 7984)                        |
[2022-01-16 16:42:27,718] [builder.py:1943]           [INFO]     | IMDb Top 250 Collection | ? | Dead Poets Society (1989) (TMDb: 207)                                |
[2022-01-16 16:42:27,780] [builder.py:1943]           [INFO]     | IMDb Top 250 Collection | ? | Stand by Me (1986) (TMDb: 235)                                       |
[2022-01-16 16:42:27,830] [builder.py:1943]           [INFO]     | IMDb Top 250 Collection | ? | Platoon (1986) (TMDb: 792)                                           |
[2022-01-16 16:42:27,884] [builder.py:1943]           [INFO]     | IMDb Top 250 Collection | ? | The Thing (1982) (TMDb: 1091)                                        |
[2022-01-16 16:42:27,936] [builder.py:1943]           [INFO]     | IMDb Top 250 Collection | ? | Fanny and Alexander (1982) (TMDb: 5961)                              |
[2022-01-16 16:42:27,985] [builder.py:1943]           [INFO]     | IMDb Top 250 Collection | ? | The Elephant Man (1980) (TMDb: 1955)                                 |
[2022-01-16 16:42:28,030] [builder.py:1943]           [INFO]     | IMDb Top 250 Collection | ? | Stalker (1979) (TMDb: 1398)                                          |
[2022-01-16 16:42:28,075] [builder.py:1943]           [INFO]     | IMDb Top 250 Collection | ? | Life of Brian (1979) (TMDb: 583)                                     |
[2022-01-16 16:42:28,125] [builder.py:1943]           [INFO]     | IMDb Top 250 Collection | ? | The Deer Hunter (1978) (TMDb: 11778)                                 |
[2022-01-16 16:42:28,172] [builder.py:1943]           [INFO]     | IMDb Top 250 Collection | ? | Rocky (1976) (TMDb: 1366)                                            |
[2022-01-16 16:42:28,220] [builder.py:1943]           [INFO]     | IMDb Top 250 Collection | ? | Network (1976) (TMDb: 10774)                                         |
[2022-01-16 16:42:28,265] [builder.py:1943]           [INFO]     | IMDb Top 250 Collection | ? | Barry Lyndon (1975) (TMDb: 3175)                                     |
[2022-01-16 16:42:28,389] [builder.py:1943]           [INFO]     | IMDb Top 250 Collection | ? | Cool Hand Luke (1967) (TMDb: 903)                                    |
[2022-01-16 16:42:28,437] [builder.py:1943]           [INFO]     | IMDb Top 250 Collection | ? | Persona (1966) (TMDb: 797)                                           |
[2022-01-16 16:42:28,490] [builder.py:1943]           [INFO]     | IMDb Top 250 Collection | ? | Andrei Rublev (1966) (TMDb: 895)                                     |
[2022-01-16 16:42:28,538] [builder.py:1943]           [INFO]     | IMDb Top 250 Collection | ? | The Battle of Algiers (1966) (TMDb: 17295)                           |
[2022-01-16 16:42:28,594] [builder.py:1943]           [INFO]     | IMDb Top 250 Collection | ? | The 400 Blows (1959) (TMDb: 147)                                     |
[2022-01-16 16:42:28,644] [builder.py:1943]           [INFO]     | IMDb Top 250 Collection | ? | Ben-Hur (1959) (TMDb: 665)                                           |
[2022-01-16 16:42:28,694] [builder.py:1943]           [INFO]     | IMDb Top 250 Collection | ? | Nights of Cabiria (1957) (TMDb: 19426)                               |
[2022-01-16 16:42:28,741] [builder.py:1943]           [INFO]     | IMDb Top 250 Collection | ? | The Bridge on the River Kwai (1957) (TMDb: 826)                      |
[2022-01-16 16:42:28,826] [builder.py:1943]           [INFO]     | IMDb Top 250 Collection | ? | On the Waterfront (1954) (TMDb: 654)                                 |
[2022-01-16 16:42:28,883] [builder.py:1943]           [INFO]     | IMDb Top 250 Collection | ? | The Wages of Fear (1953) (TMDb: 204)                                 |
[2022-01-16 16:42:28,929] [builder.py:1943]           [INFO]     | IMDb Top 250 Collection | ? | The Third Man (1949) (TMDb: 1092)                                    |
[2022-01-16 16:42:28,977] [builder.py:1943]           [INFO]     | IMDb Top 250 Collection | ? | Rebecca (1940) (TMDb: 223)                                           |
[2022-01-16 16:42:29,025] [builder.py:1943]           [INFO]     | IMDb Top 250 Collection | ? | Mr. Smith Goes to Washington (1939) (TMDb: 3083)                     |
[2022-01-16 16:42:29,075] [builder.py:1943]           [INFO]     | IMDb Top 250 Collection | ? | Gone with the Wind (1940) (TMDb: 770)                                |
[2022-01-16 16:42:29,119] [builder.py:1943]           [INFO]     | IMDb Top 250 Collection | ? | It Happened One Night (1934) (TMDb: 3078)                            |
[2022-01-16 16:42:29,170] [builder.py:1943]           [INFO]     | IMDb Top 250 Collection | ? | The Passion of Joan of Arc (1928) (TMDb: 780)                        |
[2022-01-16 16:42:29,215] [builder.py:1943]           [INFO]     | IMDb Top 250 Collection | ? | The General (1926) (TMDb: 961)                                       |
[2022-01-16 16:42:29,216] [builder.py:1947]           [INFO]     |                                                                                                    |
[2022-01-16 16:42:29,218] [builder.py:1948]           [INFO]     | 191 Movies Missing                                                                                 |
[2022-01-16 16:42:29,273] [builder.py:2147]           [INFO]     |                                                                                                    |
[2022-01-16 16:42:29,275] [util.py:216]               [INFO]     |=========================== Updating Details of IMDb Top 250 Collection ============================|
[2022-01-16 16:42:29,275] [builder.py:2149]           [INFO]     |                                                                                                    |
[2022-01-16 16:42:29,275] [builder.py:2294]           [INFO]     | No poster collection detail or asset folder found                                                  |
[2022-01-16 16:42:29,276] [builder.py:2327]           [INFO]     | No background collection detail or asset folder found                                              |
[2022-01-16 16:42:29,623] [plex_meta_manager.py:880]  [INFO]     |                                                                                                    |
[2022-01-16 16:42:29,624] [util.py:209]               [INFO]     |====================================================================================================|
[2022-01-16 16:42:29,624] [util.py:216]               [INFO]     |                                  Finished IMDb Top 250 Collection                                  |
[2022-01-16 16:42:29,624] [util.py:216]               [INFO]     |                                    Collection Run Time: 0:00:19                                    |
[2022-01-16 16:42:29,625] [util.py:220]               [INFO]     |====================================================================================================|
