[2022-11-06 10:29:32,071] [util.py:209]               [INFO]     |====================================================================================================|
[2022-11-06 10:29:32,071] [util.py:216]               [INFO]     |                                   John Wick Collection in Movies                                   |
[2022-11-06 10:29:32,072] [util.py:220]               [INFO]     |====================================================================================================|
[2022-11-06 10:29:32,072] [plex_meta_manager.py:750]  [INFO]     |                                                                                                    |
[2022-11-06 10:29:32,072] [util.py:216]               [INFO]     |================================= Validating John Wick Attributes ==================================|
[2022-11-06 10:29:32,073] [builder.py:265]            [DEBUG]    |                                                                                                    |
[2022-11-06 10:29:32,073] [builder.py:266]            [DEBUG]    | Validating Method: template                                                                        |
[2022-11-06 10:29:32,073] [meta.py:83]                [DEBUG]    | Value: ordereddict([('name', 'Movie'), ('collection', 404609), ('summary', 404609), ('poster', 'https://theposterdb.com/api/assets/13285')]) |
[2022-11-06 10:29:32,073] [builder.py:330]            [DEBUG]    |                                                                                                    |
[2022-11-06 10:29:32,074] [builder.py:331]            [DEBUG]    | Validating Method: sync_mode                                                                       |
[2022-11-06 10:29:32,074] [builder.py:335]            [DEBUG]    | Value: sync                                                                                        |
[2022-11-06 10:29:32,074] [builder.py:453]            [DEBUG]    |                                                                                                    |
[2022-11-06 10:29:32,074] [builder.py:454]            [DEBUG]    | Validating Method: collection_order                                                                |
[2022-11-06 10:29:32,074] [builder.py:455]            [DEBUG]    | Value: release                                                                                     |
[2022-11-06 10:29:32,075] [builder.py:472]            [DEBUG]    |                                                                                                    |
[2022-11-06 10:29:32,075] [builder.py:473]            [DEBUG]    | Validating Method: url_poster                                                                      |
[2022-11-06 10:29:32,075] [builder.py:474]            [DEBUG]    | Value: https://theposterdb.com/api/assets/13285                                                    |
[2022-11-06 10:29:32,075] [builder.py:472]            [DEBUG]    |                                                                                                    |
[2022-11-06 10:29:32,076] [builder.py:473]            [DEBUG]    | Validating Method: tmdb_collection                                                                 |
[2022-11-06 10:29:32,076] [builder.py:474]            [DEBUG]    | Value: 404609                                                                                      |
[2022-11-06 10:29:32,211] [builder.py:472]            [DEBUG]    |                                                                                                    |
[2022-11-06 10:29:32,211] [builder.py:473]            [DEBUG]    | Validating Method: tmdb_summary                                                                    |
[2022-11-06 10:29:32,211] [builder.py:474]            [DEBUG]    | Value: 404609                                                                                      |
[2022-11-06 10:29:32,212] [builder.py:472]            [DEBUG]    |                                                                                                    |
[2022-11-06 10:29:32,212] [builder.py:473]            [DEBUG]    | Validating Method: sort_title                                                                      |
[2022-11-06 10:29:32,212] [builder.py:474]            [DEBUG]    | Value: 00000f_John Wick                                                                            |
[2022-11-06 10:29:32,213] [builder.py:472]            [DEBUG]    |                                                                                                    |
[2022-11-06 10:29:32,213] [builder.py:473]            [DEBUG]    | Validating Method: radarr_add_missing                                                              |
[2022-11-06 10:29:32,213] [builder.py:474]            [DEBUG]    | Value: True                                                                                        |
[2022-11-06 10:29:32,376] [builder.py:619]            [INFO]     |                                                                                                    |
[2022-11-06 10:29:32,377] [builder.py:620]            [INFO]     | Validation Successful                                                                              |
[2022-11-06 10:29:32,378] [plex_meta_manager.py:758]  [INFO]     |                                                                                                    |
[2022-11-06 10:29:32,378] [util.py:216]               [INFO]     |=================================== Running John Wick Collection ===================================|
[2022-11-06 10:29:32,378] [plex_meta_manager.py:773]  [INFO]     |                                                                                                    |
[2022-11-06 10:29:32,379] [plex_meta_manager.py:774]  [INFO]     | Sync Mode: sync                                                                                    |
[2022-11-06 10:29:32,379] [builder.py:1275]           [DEBUG]    |                                                                                                    |
[2022-11-06 10:29:32,379] [builder.py:1276]           [DEBUG]    | Builder: tmdb_collection: 404609                                                                   |
[2022-11-06 10:29:32,380] [builder.py:1277]           [INFO]     |                                                                                                    |
[2022-11-06 10:29:32,380] [tmdb.py:323]               [INFO]     | Processing TMDb Collection: (404609) John Wick Collection (4 Items)                                |
[2022-11-06 10:29:32,380] [builder.py:1282]           [DEBUG]    |                                                                                                    |
[2022-11-06 10:29:32,381] [builder.py:1283]           [DEBUG]    | 4 IDs Found: [(245891, 'tmdb'), (324552, 'tmdb'), (458156, 'tmdb'), (603692, 'tmdb')]              |
[2022-11-06 10:29:32,381] [builder.py:1284]           [DEBUG]    |                                                                                                    |
[2022-11-06 10:29:32,441] [builder.py:1697]           [INFO]     |                                                                                                    |
[2022-11-06 10:29:32,441] [util.py:216]               [INFO]     |================================== Adding to John Wick Collection ==================================|
[2022-11-06 10:29:32,442] [builder.py:1699]           [INFO]     |                                                                                                    |
[2022-11-06 10:29:32,442] [builder.py:1709]           [INFO]     | 1/3 | John Wick Collection | = | John Wick (2014)                                                  |
[2022-11-06 10:29:32,442] [builder.py:1709]           [INFO]     | 2/3 | John Wick Collection | = | John Wick: Chapter 2 (2017)                                       |
[2022-11-06 10:29:32,443] [builder.py:1709]           [INFO]     | 3/3 | John Wick Collection | = | John Wick: Chapter 3 - Parabellum (2019)                          |
[2022-11-06 10:29:32,443] [builder.py:1734]           [INFO]     |                                                                                                    |
[2022-11-06 10:29:32,443] [builder.py:1735]           [INFO]     | 3 Movies Processed                                                                                 |
[2022-11-06 10:29:32,443] [builder.py:1929]           [INFO]     |                                                                                                    |
[2022-11-06 10:29:32,444] [util.py:216]               [INFO]     |============================== Missing Movies from Library: John Wick ==============================|
[2022-11-06 10:29:32,444] [builder.py:1931]           [INFO]     |                                                                                                    |
[2022-11-06 10:29:32,604] [builder.py:1943]           [INFO]     | John Wick Collection | ? | John Wick: Chapter 4 (2023) (TMDb: 603692)                              |
[2022-11-06 10:29:32,604] [builder.py:1947]           [INFO]     |                                                                                                    |
[2022-11-06 10:29:32,604] [builder.py:1948]           [INFO]     | 1 Movie Missing                                                                                    |
[2022-11-06 10:29:32,611] [radarr.py:46]              [INFO]     |                                                                                                    |
[2022-11-06 10:29:32,611] [util.py:216]               [INFO]     |===================================== Adding Missing to Radarr =====================================|
[2022-11-06 10:29:32,611] [radarr.py:48]              [DEBUG]    |                                                                                                    |
[2022-11-06 10:29:32,612] [radarr.py:49]              [DEBUG]    | Radarr Adds: [603692]                                                                              |
[2022-11-06 10:29:33,396] [radarr.py:138]             [INFO]     |                                                                                                    |
[2022-11-06 10:29:33,396] [radarr.py:146]             [INFO]     | Skipped: In Cache | 603692                                                                         |
[2022-11-06 10:29:33,396] [radarr.py:147]             [INFO]     | 1 Movie already exist in Radarr                                                                    |
[2022-11-06 10:29:33,411] [builder.py:2147]           [INFO]     |                                                                                                    |
[2022-11-06 10:29:33,412] [util.py:216]               [INFO]     |============================= Updating Details of John Wick Collection =============================|
[2022-11-06 10:29:33,412] [builder.py:2149]           [INFO]     |                                                                                                    |
[2022-11-06 10:29:33,412] [builder.py:2156]           [INFO]     | Detail: tmdb_summary updated Collection Summary                                                    |
[2022-11-06 10:29:33,413] [builder.py:2258]           [DEBUG]    | 1 posters found:                                                                                   |
[2022-11-06 10:29:33,413] [builder.py:2260]           [DEBUG]    | Method: url_poster Poster: https://theposterdb.com/api/assets/13285                                |
[2022-11-06 10:29:33,413] [builder.py:2327]           [INFO]     | No background collection detail or asset folder found                                              |
[2022-11-06 10:29:33,414] [library.py:147]            [INFO]     | Detail: poster update not needed                                                                   |
[2022-11-06 10:29:33,548] [plex_meta_manager.py:880]  [INFO]     |                                                                                                    |
[2022-11-06 10:29:33,549] [util.py:209]               [INFO]     |====================================================================================================|
[2022-11-06 10:29:33,549] [util.py:216]               [INFO]     |                                   Finished John Wick Collection                                    |
[2022-11-06 10:29:33,549] [util.py:216]               [INFO]     |                                    Collection Run Time: 0:00:01                                    |
[2022-11-06 10:29:33,550] [util.py:220]               [INFO]     |====================================================================================================|
