[2022-01-16 14:54:11,157] [util.py:209]               [INFO]     |====================================================================================================|
[2022-01-16 14:54:11,157] [util.py:216]               [INFO]     |                                   Al Pacino Collection in Movies                                   |
[2022-01-16 14:54:11,158] [util.py:220]               [INFO]     |====================================================================================================|
[2022-01-16 14:54:11,158] [plex_meta_manager.py:750]  [INFO]     |                                                                                                    |
[2022-01-16 14:54:11,159] [util.py:216]               [INFO]     |================================= Validating Al Pacino Attributes ==================================|
[2022-01-16 14:54:11,159] [builder.py:265]            [DEBUG]    |                                                                                                    |
[2022-01-16 14:54:11,159] [builder.py:266]            [DEBUG]    | Validating Method: template                                                                        |
[2022-01-16 14:54:11,159] [meta.py:83]                [DEBUG]    | Value: ordereddict([('name', 'people'), ('person', 1158)])                                         |
[2022-01-16 14:54:11,160] [builder.py:367]            [DEBUG]    |                                                                                                    |
[2022-01-16 14:54:11,160] [builder.py:368]            [DEBUG]    | Validating Method: tmdb_person                                                                     |
[2022-01-16 14:54:11,160] [builder.py:372]            [DEBUG]    | Value: 1158                                                                                        |
[2022-01-16 14:54:11,301] [builder.py:453]            [DEBUG]    |                                                                                                    |
[2022-01-16 14:54:11,302] [builder.py:454]            [DEBUG]    | Validating Method: collection_order                                                                |
[2022-01-16 14:54:11,302] [builder.py:455]            [DEBUG]    | Value: release                                                                                     |
[2022-01-16 14:54:11,302] [builder.py:472]            [DEBUG]    |                                                                                                    |
[2022-01-16 14:54:11,303] [builder.py:473]            [DEBUG]    | Validating Method: actor                                                                           |
[2022-01-16 14:54:11,303] [builder.py:474]            [DEBUG]    | Value: tmdb                                                                                        |
[2022-01-16 14:54:11,351] [builder.py:472]            [DEBUG]    |                                                                                                    |
[2022-01-16 14:54:11,352] [builder.py:473]            [DEBUG]    | Validating Method: sort_title                                                                      |
[2022-01-16 14:54:11,352] [builder.py:474]            [DEBUG]    | Value: ++_Al Pacino                                                                                |
[2022-01-16 14:54:11,356] [plex.py:685]               [DEBUG]    | Looking for: Al Pacino                                                                             |
[2022-01-16 14:54:11,356] [builder.py:619]            [INFO]     |                                                                                                    |
[2022-01-16 14:54:11,356] [builder.py:620]            [INFO]     | Validation Successful                                                                              |
[2022-01-16 14:54:11,365] [plex_meta_manager.py:758]  [INFO]     |                                                                                                    |
[2022-01-16 14:54:11,366] [util.py:216]               [INFO]     |=================================== Running Al Pacino Collection ===================================|
[2022-01-16 14:54:11,366] [plex_meta_manager.py:773]  [INFO]     |                                                                                                    |
[2022-01-16 14:54:11,367] [plex_meta_manager.py:774]  [INFO]     | Sync Mode: append                                                                                  |
[2022-01-16 14:54:11,367] [builder.py:1275]           [DEBUG]    |                                                                                                    |
[2022-01-16 14:54:11,368] [builder.py:1276]           [DEBUG]    | Builder: plex_search: (1, 'Plex Movie Search\nSort By: title.asc\nFilter:\n  Match any of the following:\n    Actor is Al Pacino', '?type=1&sort=titleSort&push=1&actor=23845&pop=1') |
[2022-01-16 14:54:11,368] [builder.py:1277]           [INFO]     |                                                                                                    |
[2022-01-16 14:54:11,368] [util.py:161]               [INFO]     | Plex Movie Search                                                                                  |
[2022-01-16 14:54:11,368] [util.py:161]               [INFO]     | Sort By: title.asc                                                                                 |
[2022-01-16 14:54:11,369] [util.py:161]               [INFO]     | Filter:                                                                                            |
[2022-01-16 14:54:11,369] [util.py:161]               [INFO]     |   Match any of the following:                                                                      |
[2022-01-16 14:54:11,369] [util.py:161]               [INFO]     |     Actor is Al Pacino                                                                             |
[2022-01-16 14:54:11,392] [plex.py:746]               [DEBUG]    |                                                                                                    |
[2022-01-16 14:54:11,392] [plex.py:747]               [DEBUG]    | 5 Keys Found: [(32377, 'ratingKey'), (32381, 'ratingKey'), (32386, 'ratingKey'), (32353, 'ratingKey'), (32418, 'ratingKey')] |
[2022-01-16 14:54:11,393] [builder.py:1282]           [DEBUG]    |                                                                                                    |
[2022-01-16 14:54:11,393] [builder.py:1283]           [DEBUG]    | 5 IDs Found: [(32377, 'ratingKey'), (32381, 'ratingKey'), (32386, 'ratingKey'), (32353, 'ratingKey'), (32418, 'ratingKey')] |
[2022-01-16 14:54:11,393] [builder.py:1284]           [DEBUG]    |                                                                                                    |
[2022-01-16 14:54:11,566] [builder.py:1697]           [INFO]     |                                                                                                    |
[2022-01-16 14:54:11,567] [util.py:216]               [INFO]     |================================== Adding to Al Pacino Collection ==================================|
[2022-01-16 14:54:11,567] [builder.py:1699]           [INFO]     |                                                                                                    |
[2022-01-16 14:54:11,568] [builder.py:1709]           [INFO]     | 1/5 | Al Pacino Collection | + | The Godfather (1972)                                              |
[2022-01-16 14:54:11,702] [builder.py:1709]           [INFO]     | 2/5 | Al Pacino Collection | + | The Godfather: Part II (1974)                                     |
[2022-01-16 14:54:11,822] [builder.py:1709]           [INFO]     | 3/5 | Al Pacino Collection | + | The Godfather: Part III (1990)                                    |
[2022-01-16 14:54:11,956] [builder.py:1709]           [INFO]     | 4/5 | Al Pacino Collection | + | Insomnia (2002)                                                   |
[2022-01-16 14:54:12,099] [builder.py:1709]           [INFO]     | 5/5 | Al Pacino Collection | + | Once Upon a Time... In Hollywood (2019)                           |
[2022-01-16 14:54:12,224] [builder.py:1734]           [INFO]     |                                                                                                    |
[2022-01-16 14:54:12,224] [builder.py:1735]           [INFO]     | 5 Movies Processed                                                                                 |
[2022-01-16 14:54:12,229] [builder.py:2147]           [INFO]     |                                                                                                    |
[2022-01-16 14:54:12,230] [util.py:216]               [INFO]     |============================= Updating Details of Al Pacino Collection =============================|
[2022-01-16 14:54:12,230] [builder.py:2149]           [INFO]     |                                                                                                    |
[2022-01-16 14:54:12,231] [builder.py:2156]           [INFO]     | Detail: tmdb_person updated Collection Summary                                                     |
[2022-01-16 14:54:12,233] [builder.py:2193]           [INFO]     | Detail: sort_title updated Collection Sort Title to ++_Al Pacino                                   |
[2022-01-16 14:54:12,234] [builder.py:2235]           [DEBUG]    | {'summary.value': "Alfredo James Pacino (born April 25, 1940) is an American actor and filmmaker. In a career spanning over five decades, he has received many awards and nominations, including an Academy Award, two Tony Awards, and two Primetime Emmy Awards. He is one of the few performers to have received the Triple Crown of Acting. He has also been honored with the AFI Life Achievement Award, the Cecil B. DeMille Award, and the National Medal of Arts.\n\nA method actor and former student of the HB Studio and the Actors Studio, where he was taught by Charlie Laughton and Lee Strasberg, Pacino's film debut came at the age of 29 with a minor role in Me, Natalie (1969). He gained favorable notice for his first lead role as a heroin addict in The Panic in Needle Park (1971). Wide acclaim and recognition came with his breakthrough role as Michael Corleone in Francis Ford Coppola's The Godfather (1972), for which he received his first Oscar nomination, and he would reprise the role in the sequels The Godfather Part II (1974) and The Godfather Part III (1990). His portrayal of Michael Corleone is regarded as one of the greatest in film history.\n\nPacino received nominations for the Academy Award for Best Actor for Serpico (1973), The Godfather Part II, Dog Day Afternoon (1975), and ...And Justice for All (1979), ultimately winning it for playing a blind military veteran in Scent of a Woman (1992). For his performances in The Godfather, Dick Tracy (1990), Glengarry Glen Ross (1992), and The Irishman (2019), he earned Best Supporting Actor Oscar nominations. Other notable portrayals include Tony Montana in Scarface (1983), Carlito Brigante in Carlito's Way (1993), Benjamin Ruggiero in Donnie Brasco (1997), and Lowell Bergman in The Insider (1999). He has also starred in the thrillers Heat (1995), The Devil's Advocate (1997), Insomnia (2002), and appeared in Once Upon a Time in Hollywood (2019).\n\nOn television, Pacino has acted in several productions for HBO, including Angels in America (2003) and the Jack Kevorkian biopic You Don't Know Jack (2010), winning a Primetime Emmy Award for Outstanding Lead Actor in a Miniseries or a Movie for each. Pacino currently stars in the Amazon Video web television series Hunters (2020–present).\n\nHe has also had an extensive career on stage. He is a two-time Tony Award winner, in 1969 and 1977, for his performances in Does a Tiger Wear a Necktie? and The Basic Training of Pavlo Hummel.\n\nPacino made his filmmaking debut with Looking for Richard (1996), directing and starring in this documentary about Richard III; Pacino had played the lead role on stage in 1977. He has also acted as Shylock in a 2004 feature film adaptation and 2010 stage production of The Merchant of Venice. Pacino directed and starred in Chinese Coffee (2000), Wilde Salomé (2011), and Salomé (2013). Since 1994, he has been the joint president of the Actors Studio.\n\n\u200bFrom Wikipedia, the free encyclopedia", 'summary.locked': 1, 'titleSort.value': '++_Al Pacino', 'titleSort.locked': 1} |
[2022-01-16 14:54:12,251] [builder.py:2237]           [INFO]     | Details: have been updated                                                                         |
[2022-01-16 14:54:12,252] [builder.py:2258]           [DEBUG]    | 1 posters found:                                                                                   |
[2022-01-16 14:54:12,252] [builder.py:2260]           [DEBUG]    | Method: tmdb_person Poster: https://image.tmdb.org/t/p/original/fMDFeVf0pjopTJbyRSLFwNDm8Wr.jpg    |
[2022-01-16 14:54:12,252] [builder.py:2327]           [INFO]     | No background collection detail or asset folder found                                              |
[2022-01-16 14:54:24,373] [library.py:145]            [INFO]     | Detail: tmdb_person updated poster to [URL] https://image.tmdb.org/t/p/original/fMDFeVf0pjopTJbyRSLFwNDm8Wr.jpg |
[2022-01-16 14:54:24,521] [plex_meta_manager.py:880]  [INFO]     |                                                                                                    |
[2022-01-16 14:54:24,522] [util.py:209]               [INFO]     |====================================================================================================|
[2022-01-16 14:54:24,523] [util.py:216]               [INFO]     |                                   Finished Al Pacino Collection                                    |
[2022-01-16 14:54:24,523] [util.py:216]               [INFO]     |                                    Collection Run Time: 0:00:13                                    |
[2022-01-16 14:54:24,524] [util.py:220]               [INFO]     |====================================================================================================|
