[2022-06-02 14:48:05,120] [util.py:209]               [INFO]     |====================================================================================================|
[2022-06-02 14:48:05,120] [util.py:216]               [INFO]     |                                   Cars Anime Collection in Anime                                   |
[2022-06-02 14:48:05,121] [util.py:220]               [INFO]     |====================================================================================================|
[2022-06-02 14:48:05,121] [plex_meta_manager.py:750]  [INFO]     |                                                                                                    |
[2022-06-02 14:48:05,121] [util.py:216]               [INFO]     |================================= Validating Cars Anime Attributes =================================|
[2022-06-02 14:48:05,122] [builder.py:255]            [DEBUG]    |                                                                                                    |
[2022-06-02 14:48:05,122] [builder.py:256]            [DEBUG]    | Validating Method: name                                                                            |
[2022-06-02 14:48:05,122] [builder.py:259]            [DEBUG]    | Value: Cars                                                                                        |
[2022-06-02 14:48:05,122] [builder.py:330]            [DEBUG]    |                                                                                                    |
[2022-06-02 14:48:05,123] [builder.py:331]            [DEBUG]    | Validating Method: sync_mode                                                                       |
[2022-06-02 14:48:05,123] [builder.py:335]            [DEBUG]    | Value: sync                                                                                        |
[2022-06-02 14:48:05,123] [builder.py:453]            [DEBUG]    |                                                                                                    |
[2022-06-02 14:48:05,123] [builder.py:454]            [DEBUG]    | Validating Method: collection_order                                                                |
[2022-06-02 14:48:05,124] [builder.py:455]            [DEBUG]    | Value: custom                                                                                      |
[2022-06-02 14:48:05,124] [builder.py:472]            [DEBUG]    |                                                                                                    |
[2022-06-02 14:48:05,124] [builder.py:473]            [DEBUG]    | Validating Method: mal_genre                                                                       |
[2022-06-02 14:48:05,124] [builder.py:474]            [DEBUG]    | Value: ordereddict([('genre_id', 3)])                                                              |
[2022-06-02 14:48:05,125] [builder.py:689]            [WARNING]  | Collection Warning: mal_genre limit attribute not found using 0 as default                         |
[2022-06-02 14:48:05,125] [builder.py:472]            [DEBUG]    |                                                                                                    |
[2022-06-02 14:48:05,125] [builder.py:473]            [DEBUG]    | Validating Method: url_poster                                                                      |
[2022-06-02 14:48:05,125] [builder.py:474]            [DEBUG]    | Value: https://i.imgur.com/V78wL7P.png                                                             |
[2022-06-02 14:48:05,129] [plex.py:685]               [DEBUG]    | Looking for: Cars                                                                                  |
[2022-06-02 14:48:05,129] [builder.py:619]            [INFO]     |                                                                                                    |
[2022-06-02 14:48:05,129] [builder.py:620]            [INFO]     | Validation Successful                                                                              |
[2022-06-02 14:48:05,129] [plex_meta_manager.py:758]  [INFO]     |                                                                                                    |
[2022-06-02 14:48:05,130] [util.py:216]               [INFO]     |================================== Running Cars Anime Collection ===================================|
[2022-06-02 14:48:05,130] [plex_meta_manager.py:773]  [INFO]     |                                                                                                    |
[2022-06-02 14:48:05,130] [plex_meta_manager.py:774]  [INFO]     | Sync Mode: sync                                                                                    |
[2022-06-02 14:48:05,131] [builder.py:1275]           [DEBUG]    |                                                                                                    |
[2022-06-02 14:48:05,131] [builder.py:1276]           [DEBUG]    | Builder: mal_genre: {'genre_id': 3, 'limit': 0}                                                    |
[2022-06-02 14:48:05,131] [builder.py:1277]           [INFO]     |                                                                                                    |
[2022-06-02 14:48:05,131] [mal.py:223]                [INFO]     | Processing MyAnimeList Genre ID: 3                                                                 |
[2022-06-02 14:48:11,110] [mal.py:239]                [DEBUG]    |                                                                                                    |
[2022-06-02 14:48:11,110] [mal.py:240]                [DEBUG]    | 171 MyAnimeList IDs Found: [6675, 185, 186, 18, 187, 15059, 40532, 22507, 1212, 822, 40196, 2608, 5228, 821, 19613, 3931, 30652, 28881, 388, 30952, 36009, 917, 3270, 6162, 1445, 44235, 1410, 377, 2705, 12725, 11483, 31883, 3101, 16331, 1391, 41146, 2706, 14989, 378, 50695, 1733, 3571, 47410, 2709, 50846, 13427, 6055, 9646, 40651, 10869, 20355, 1393, 1392, 1395, 1394, 12745, 7160, 3800, 4103, 3116, 3550, 15961, 7048, 34367, 2740, 32058, 2466, 6838, 32384, 3434, 8898, 5002, 12361, 18841, 9858, 9857, 3808, 10562, 35541, 34930, 33540, 49146, 2741, 4905, 10967, 9748, 9881, 30766, 33871, 3458, 9759, 28103, 34625, 34510, 20115, 37143, 24575, 34310, 31698, 13553, 31898, 35542, 20125, 27457, 38378, 32660, 27459, 35543, 38819, 34511, 37752, 35642, 38766, 38626, 27569, 30892, 32221, 33670, 41384, 33124, 38424, 41638, 19547, 38070, 39117, 32408, 38525, 34472, 35033, 24441, 27463, 37750, 35545, 37749, 39820, 38379, 37751, 37142, 38071, 39271, 38526, 38072, 44053, 41115, 38631, 40441, 37695, 38611, 38074, 38075, 38800, 38073, 42740, 36811, 41635, 38612, 42654, 40495, 40030, 42660, 38614, 38613, 41117, 42761, 42760, 42329, 51755, 50238, 51752, 51754, 44035] |
[2022-06-02 14:48:11,117] [convert.py:100]            [ERROR]    | Convert Error: AniDB ID not found for MyAnimeList ID: 19613                                        |
[2022-06-02 14:48:11,118] [convert.py:100]            [ERROR]    | Convert Error: AniDB ID not found for MyAnimeList ID: 28881                                        |
[2022-06-02 14:48:11,118] [convert.py:100]            [ERROR]    | Convert Error: AniDB ID not found for MyAnimeList ID: 30952                                        |
[2022-06-02 14:48:11,118] [convert.py:100]            [ERROR]    | Convert Error: AniDB ID not found for MyAnimeList ID: 3270                                         |
[2022-06-02 14:48:11,118] [convert.py:78]             [ERROR]    | Convert Error: No TVDb ID or IMDb ID found for AniDB ID: 6766                                      |
[2022-06-02 14:48:11,119] [convert.py:78]             [ERROR]    | Convert Error: No TVDb ID or IMDb ID found for AniDB ID: 16007                                     |
[2022-06-02 14:48:11,119] [convert.py:100]            [ERROR]    | Convert Error: AniDB ID not found for MyAnimeList ID: 1410                                         |
[2022-06-02 14:48:11,119] [convert.py:100]            [ERROR]    | Convert Error: AniDB ID not found for MyAnimeList ID: 12725                                        |
[2022-06-02 14:48:11,120] [convert.py:100]            [ERROR]    | Convert Error: AniDB ID not found for MyAnimeList ID: 11483                                        |
[2022-06-02 14:48:11,120] [convert.py:78]             [ERROR]    | Convert Error: No TVDb ID or IMDb ID found for AniDB ID: 9504                                      |
[2022-06-02 14:48:11,120] [convert.py:78]             [ERROR]    | Convert Error: No TVDb ID or IMDb ID found for AniDB ID: 15372                                     |
[2022-06-02 14:48:11,120] [convert.py:78]             [ERROR]    | Convert Error: No TVDb ID or IMDb ID found for AniDB ID: 17094                                     |
[2022-06-02 14:48:11,121] [convert.py:78]             [ERROR]    | Convert Error: No TVDb ID or IMDb ID found for AniDB ID: 16380                                     |
[2022-06-02 14:48:11,121] [convert.py:100]            [ERROR]    | Convert Error: AniDB ID not found for MyAnimeList ID: 50846                                        |
[2022-06-02 14:48:11,121] [convert.py:78]             [ERROR]    | Convert Error: No TVDb ID or IMDb ID found for AniDB ID: 3208                                      |
[2022-06-02 14:48:11,121] [convert.py:100]            [ERROR]    | Convert Error: AniDB ID not found for MyAnimeList ID: 40651                                        |
[2022-06-02 14:48:11,122] [convert.py:100]            [ERROR]    | Convert Error: AniDB ID not found for MyAnimeList ID: 20355                                        |
[2022-06-02 14:48:11,122] [convert.py:78]             [ERROR]    | Convert Error: No TVDb ID or IMDb ID found for AniDB ID: 4786                                      |
[2022-06-02 14:48:11,122] [convert.py:78]             [ERROR]    | Convert Error: No TVDb ID or IMDb ID found for AniDB ID: 3051                                      |
[2022-06-02 14:48:11,123] [convert.py:78]             [ERROR]    | Convert Error: No TVDb ID or IMDb ID found for AniDB ID: 3044                                      |
[2022-06-02 14:48:11,123] [convert.py:78]             [ERROR]    | Convert Error: No TVDb ID or IMDb ID found for AniDB ID: 3156                                      |
[2022-06-02 14:48:11,123] [convert.py:78]             [ERROR]    | Convert Error: No TVDb ID or IMDb ID found for AniDB ID: 7693                                      |
[2022-06-02 14:48:11,123] [convert.py:100]            [ERROR]    | Convert Error: AniDB ID not found for MyAnimeList ID: 34367                                        |
[2022-06-02 14:48:11,124] [convert.py:78]             [ERROR]    | Convert Error: No TVDb ID or IMDb ID found for AniDB ID: 12128                                     |
[2022-06-02 14:48:11,201] [convert.py:100]            [ERROR]    | Convert Error: AniDB ID not found for MyAnimeList ID: 32384                                        |
[2022-06-02 14:48:11,201] [convert.py:78]             [ERROR]    | Convert Error: No TVDb ID or IMDb ID found for AniDB ID: 2705                                      |
[2022-06-02 14:48:11,201] [convert.py:78]             [ERROR]    | Convert Error: No TVDb ID or IMDb ID found for AniDB ID: 5262                                      |
[2022-06-02 14:48:11,202] [convert.py:78]             [ERROR]    | Convert Error: No TVDb ID or IMDb ID found for AniDB ID: 4779                                      |
[2022-06-02 14:48:11,202] [convert.py:100]            [ERROR]    | Convert Error: AniDB ID not found for MyAnimeList ID: 12361                                        |
[2022-06-02 14:48:11,202] [convert.py:100]            [ERROR]    | Convert Error: AniDB ID not found for MyAnimeList ID: 18841                                        |
[2022-06-02 14:48:11,203] [convert.py:78]             [ERROR]    | Convert Error: No TVDb ID or IMDb ID found for AniDB ID: 7203                                      |
[2022-06-02 14:48:11,203] [convert.py:100]            [ERROR]    | Convert Error: AniDB ID not found for MyAnimeList ID: 9857                                         |
[2022-06-02 14:48:11,203] [convert.py:78]             [ERROR]    | Convert Error: No TVDb ID or IMDb ID found for AniDB ID: 3489                                      |
[2022-06-02 14:48:11,203] [convert.py:78]             [ERROR]    | Convert Error: No TVDb ID or IMDb ID found for AniDB ID: 13804                                     |
[2022-06-02 14:48:11,204] [convert.py:78]             [ERROR]    | Convert Error: No TVDb ID or IMDb ID found for AniDB ID: 14023                                     |
[2022-06-02 14:48:11,204] [convert.py:100]            [ERROR]    | Convert Error: AniDB ID not found for MyAnimeList ID: 33540                                        |
[2022-06-02 14:48:11,204] [convert.py:100]            [ERROR]    | Convert Error: AniDB ID not found for MyAnimeList ID: 49146                                        |
[2022-06-02 14:48:11,205] [convert.py:78]             [ERROR]    | Convert Error: No TVDb ID or IMDb ID found for AniDB ID: 6072                                      |
[2022-06-02 14:48:11,205] [convert.py:78]             [ERROR]    | Convert Error: No TVDb ID or IMDb ID found for AniDB ID: 5942                                      |
[2022-06-02 14:48:11,205] [convert.py:100]            [ERROR]    | Convert Error: AniDB ID not found for MyAnimeList ID: 9748                                         |
[2022-06-02 14:48:11,205] [convert.py:78]             [ERROR]    | Convert Error: No TVDb ID or IMDb ID found for AniDB ID: 11239                                     |
[2022-06-02 14:48:11,206] [convert.py:100]            [ERROR]    | Convert Error: AniDB ID not found for MyAnimeList ID: 33871                                        |
[2022-06-02 14:48:11,206] [convert.py:78]             [ERROR]    | Convert Error: No TVDb ID or IMDb ID found for AniDB ID: 11267                                     |
[2022-06-02 14:48:11,206] [convert.py:78]             [ERROR]    | Convert Error: No TVDb ID or IMDb ID found for AniDB ID: 12702                                     |
[2022-06-02 14:48:11,207] [convert.py:78]             [ERROR]    | Convert Error: No TVDb ID or IMDb ID found for AniDB ID: 12692                                     |
[2022-06-02 14:48:11,207] [convert.py:78]             [ERROR]    | Convert Error: No TVDb ID or IMDb ID found for AniDB ID: 4956                                      |
[2022-06-02 14:48:11,207] [convert.py:100]            [ERROR]    | Convert Error: AniDB ID not found for MyAnimeList ID: 37143                                        |
[2022-06-02 14:48:11,207] [convert.py:100]            [ERROR]    | Convert Error: AniDB ID not found for MyAnimeList ID: 24575                                        |
[2022-06-02 14:48:11,208] [convert.py:78]             [ERROR]    | Convert Error: No TVDb ID or IMDb ID found for AniDB ID: 12515                                     |
[2022-06-02 14:48:11,208] [convert.py:78]             [ERROR]    | Convert Error: No TVDb ID or IMDb ID found for AniDB ID: 11653                                     |
[2022-06-02 14:48:11,209] [convert.py:100]            [ERROR]    | Convert Error: AniDB ID not found for MyAnimeList ID: 31898                                        |
[2022-06-02 14:48:11,209] [convert.py:78]             [ERROR]    | Convert Error: No TVDb ID or IMDb ID found for AniDB ID: 13821                                     |
[2022-06-02 14:48:11,209] [convert.py:78]             [ERROR]    | Convert Error: No TVDb ID or IMDb ID found for AniDB ID: 5520                                      |
[2022-06-02 14:48:11,210] [convert.py:100]            [ERROR]    | Convert Error: AniDB ID not found for MyAnimeList ID: 27457                                        |
[2022-06-02 14:48:11,210] [convert.py:100]            [ERROR]    | Convert Error: AniDB ID not found for MyAnimeList ID: 38378                                        |
[2022-06-02 14:48:11,210] [convert.py:100]            [ERROR]    | Convert Error: AniDB ID not found for MyAnimeList ID: 32660                                        |
[2022-06-02 14:48:11,210] [convert.py:100]            [ERROR]    | Convert Error: AniDB ID not found for MyAnimeList ID: 27459                                        |
[2022-06-02 14:48:11,211] [convert.py:78]             [ERROR]    | Convert Error: No TVDb ID or IMDb ID found for AniDB ID: 13822                                     |
[2022-06-02 14:48:11,211] [convert.py:100]            [ERROR]    | Convert Error: AniDB ID not found for MyAnimeList ID: 38819                                        |
[2022-06-02 14:48:11,211] [convert.py:100]            [ERROR]    | Convert Error: AniDB ID not found for MyAnimeList ID: 34511                                        |
[2022-06-02 14:48:11,211] [convert.py:78]             [ERROR]    | Convert Error: No TVDb ID or IMDb ID found for AniDB ID: 13827                                     |
[2022-06-02 14:48:11,212] [convert.py:78]             [ERROR]    | Convert Error: No TVDb ID or IMDb ID found for AniDB ID: 12792                                     |
[2022-06-02 14:48:11,212] [convert.py:100]            [ERROR]    | Convert Error: AniDB ID not found for MyAnimeList ID: 38766                                        |
[2022-06-02 14:48:11,212] [convert.py:100]            [ERROR]    | Convert Error: AniDB ID not found for MyAnimeList ID: 38626                                        |
[2022-06-02 14:48:11,213] [convert.py:78]             [ERROR]    | Convert Error: No TVDb ID or IMDb ID found for AniDB ID: 9792                                      |
[2022-06-02 14:48:11,213] [convert.py:78]             [ERROR]    | Convert Error: No TVDb ID or IMDb ID found for AniDB ID: 11940                                     |
[2022-06-02 14:48:11,213] [convert.py:100]            [ERROR]    | Convert Error: AniDB ID not found for MyAnimeList ID: 32221                                        |
[2022-06-02 14:48:11,213] [convert.py:100]            [ERROR]    | Convert Error: AniDB ID not found for MyAnimeList ID: 33670                                        |
[2022-06-02 14:48:11,214] [convert.py:78]             [ERROR]    | Convert Error: No TVDb ID or IMDb ID found for AniDB ID: 15418                                     |
[2022-06-02 14:48:11,214] [convert.py:78]             [ERROR]    | Convert Error: No TVDb ID or IMDb ID found for AniDB ID: 12975                                     |
[2022-06-02 14:48:11,214] [convert.py:100]            [ERROR]    | Convert Error: AniDB ID not found for MyAnimeList ID: 38424                                        |
[2022-06-02 14:48:11,214] [convert.py:100]            [ERROR]    | Convert Error: AniDB ID not found for MyAnimeList ID: 41638                                        |
[2022-06-02 14:48:11,215] [convert.py:78]             [ERROR]    | Convert Error: No TVDb ID or IMDb ID found for AniDB ID: 9716                                      |
[2022-06-02 14:48:11,215] [convert.py:78]             [ERROR]    | Convert Error: No TVDb ID or IMDb ID found for AniDB ID: 12722                                     |
[2022-06-02 14:48:11,215] [convert.py:78]             [ERROR]    | Convert Error: No TVDb ID or IMDb ID found for AniDB ID: 13233                                     |
[2022-06-02 14:48:11,216] [convert.py:100]            [ERROR]    | Convert Error: AniDB ID not found for MyAnimeList ID: 32408                                        |
[2022-06-02 14:48:11,216] [convert.py:78]             [ERROR]    | Convert Error: No TVDb ID or IMDb ID found for AniDB ID: 13278                                     |
[2022-06-02 14:48:11,216] [convert.py:100]            [ERROR]    | Convert Error: AniDB ID not found for MyAnimeList ID: 34472                                        |
[2022-06-02 14:48:11,216] [convert.py:78]             [ERROR]    | Convert Error: No TVDb ID or IMDb ID found for AniDB ID: 13866                                     |
[2022-06-02 14:48:11,217] [convert.py:78]             [ERROR]    | Convert Error: No TVDb ID or IMDb ID found for AniDB ID: 2970                                      |
[2022-06-02 14:48:11,217] [convert.py:78]             [ERROR]    | Convert Error: No TVDb ID or IMDb ID found for AniDB ID: 12449                                     |
[2022-06-02 14:48:11,217] [convert.py:78]             [ERROR]    | Convert Error: No TVDb ID or IMDb ID found for AniDB ID: 13823                                     |
[2022-06-02 14:48:11,217] [convert.py:78]             [ERROR]    | Convert Error: No TVDb ID or IMDb ID found for AniDB ID: 13825                                     |
[2022-06-02 14:48:11,218] [convert.py:78]             [ERROR]    | Convert Error: No TVDb ID or IMDb ID found for AniDB ID: 13828                                     |
[2022-06-02 14:48:11,218] [convert.py:100]            [ERROR]    | Convert Error: AniDB ID not found for MyAnimeList ID: 39820                                        |
[2022-06-02 14:48:11,221] [convert.py:100]            [ERROR]    | Convert Error: AniDB ID not found for MyAnimeList ID: 38379                                        |
[2022-06-02 14:48:11,221] [convert.py:78]             [ERROR]    | Convert Error: No TVDb ID or IMDb ID found for AniDB ID: 13824                                     |
[2022-06-02 14:48:11,221] [convert.py:100]            [ERROR]    | Convert Error: AniDB ID not found for MyAnimeList ID: 37142                                        |
[2022-06-02 14:48:11,221] [convert.py:78]             [ERROR]    | Convert Error: No TVDb ID or IMDb ID found for AniDB ID: 13094                                     |
[2022-06-02 14:48:11,222] [convert.py:100]            [ERROR]    | Convert Error: AniDB ID not found for MyAnimeList ID: 39271                                        |
[2022-06-02 14:48:11,222] [convert.py:100]            [ERROR]    | Convert Error: AniDB ID not found for MyAnimeList ID: 38526                                        |
[2022-06-02 14:48:11,222] [convert.py:78]             [ERROR]    | Convert Error: No TVDb ID or IMDb ID found for AniDB ID: 13095                                     |
[2022-06-02 14:48:11,222] [convert.py:100]            [ERROR]    | Convert Error: AniDB ID not found for MyAnimeList ID: 44053                                        |
[2022-06-02 14:48:11,222] [convert.py:100]            [ERROR]    | Convert Error: AniDB ID not found for MyAnimeList ID: 41115                                        |
[2022-06-02 14:48:11,223] [convert.py:100]            [ERROR]    | Convert Error: AniDB ID not found for MyAnimeList ID: 38631                                        |
[2022-06-02 14:48:11,223] [convert.py:100]            [ERROR]    | Convert Error: AniDB ID not found for MyAnimeList ID: 40441                                        |
[2022-06-02 14:48:11,223] [convert.py:100]            [ERROR]    | Convert Error: AniDB ID not found for MyAnimeList ID: 37695                                        |
[2022-06-02 14:48:11,224] [convert.py:100]            [ERROR]    | Convert Error: AniDB ID not found for MyAnimeList ID: 38611                                        |
[2022-06-02 14:48:11,224] [convert.py:78]             [ERROR]    | Convert Error: No TVDb ID or IMDb ID found for AniDB ID: 13096                                     |
[2022-06-02 14:48:11,224] [convert.py:100]            [ERROR]    | Convert Error: AniDB ID not found for MyAnimeList ID: 38075                                        |
[2022-06-02 14:48:11,224] [convert.py:100]            [ERROR]    | Convert Error: AniDB ID not found for MyAnimeList ID: 38800                                        |
[2022-06-02 14:48:11,225] [convert.py:78]             [ERROR]    | Convert Error: No TVDb ID or IMDb ID found for AniDB ID: 13093                                     |
[2022-06-02 14:48:11,225] [convert.py:100]            [ERROR]    | Convert Error: AniDB ID not found for MyAnimeList ID: 42740                                        |
[2022-06-02 14:48:11,225] [convert.py:100]            [ERROR]    | Convert Error: AniDB ID not found for MyAnimeList ID: 36811                                        |
[2022-06-02 14:48:11,226] [convert.py:100]            [ERROR]    | Convert Error: AniDB ID not found for MyAnimeList ID: 41635                                        |
[2022-06-02 14:48:11,226] [convert.py:100]            [ERROR]    | Convert Error: AniDB ID not found for MyAnimeList ID: 38612                                        |
[2022-06-02 14:48:11,226] [convert.py:100]            [ERROR]    | Convert Error: AniDB ID not found for MyAnimeList ID: 42654                                        |
[2022-06-02 14:48:11,226] [convert.py:100]            [ERROR]    | Convert Error: AniDB ID not found for MyAnimeList ID: 40495                                        |
[2022-06-02 14:48:11,227] [convert.py:100]            [ERROR]    | Convert Error: AniDB ID not found for MyAnimeList ID: 40030                                        |
[2022-06-02 14:48:11,227] [convert.py:100]            [ERROR]    | Convert Error: AniDB ID not found for MyAnimeList ID: 42660                                        |
[2022-06-02 14:48:11,227] [convert.py:100]            [ERROR]    | Convert Error: AniDB ID not found for MyAnimeList ID: 38614                                        |
[2022-06-02 14:48:11,227] [convert.py:100]            [ERROR]    | Convert Error: AniDB ID not found for MyAnimeList ID: 38613                                        |
[2022-06-02 14:48:11,228] [convert.py:100]            [ERROR]    | Convert Error: AniDB ID not found for MyAnimeList ID: 41117                                        |
[2022-06-02 14:48:11,228] [convert.py:100]            [ERROR]    | Convert Error: AniDB ID not found for MyAnimeList ID: 42761                                        |
[2022-06-02 14:48:11,229] [convert.py:100]            [ERROR]    | Convert Error: AniDB ID not found for MyAnimeList ID: 42760                                        |
[2022-06-02 14:48:11,229] [convert.py:100]            [ERROR]    | Convert Error: AniDB ID not found for MyAnimeList ID: 42329                                        |
[2022-06-02 14:48:11,229] [convert.py:100]            [ERROR]    | Convert Error: AniDB ID not found for MyAnimeList ID: 51755                                        |
[2022-06-02 14:48:11,229] [convert.py:100]            [ERROR]    | Convert Error: AniDB ID not found for MyAnimeList ID: 50238                                        |
[2022-06-02 14:48:11,230] [convert.py:100]            [ERROR]    | Convert Error: AniDB ID not found for MyAnimeList ID: 51752                                        |
[2022-06-02 14:48:11,230] [convert.py:100]            [ERROR]    | Convert Error: AniDB ID not found for MyAnimeList ID: 51754                                        |
[2022-06-02 14:48:11,230] [convert.py:100]            [ERROR]    | Convert Error: AniDB ID not found for MyAnimeList ID: 44035                                        |
[2022-06-02 14:48:11,230] [builder.py:1282]           [DEBUG]    |                                                                                                    |
[2022-06-02 14:48:11,231] [builder.py:1283]           [DEBUG]    | 49 IDs Found: [(71883, 'tmdb'), (70900, 'tvdb'), (70900, 'tvdb'), (70900, 'tvdb'), (80741, 'tmdb'), (70900, 'tvdb'), (371000, 'tvdb'), (70900, 'tvdb'), (80131, 'tvdb'), (70900, 'tvdb'), (369146, 'tvdb'), (81658, 'tvdb'), (34384, 'tmdb'), (327796, 'tmdb'), (19263, 'tmdb'), (306267, 'tvdb'), (79139, 'tvdb'), (332978, 'tvdb'), (115051, 'tvdb'), (77777, 'tvdb'), (73571, 'tvdb'), (276357, 'tvdb'), (304987, 'tvdb'), (258124, 'tvdb'), (82595, 'tvdb'), (276357, 'tvdb'), (263259, 'tvdb'), (73571, 'tvdb'), (73571, 'tvdb'), (77777, 'tvdb'), (276357, 'tvdb'), (261605, 'tvdb'), (273151, 'tvdb'), (262502, 'tvdb'), (82595, 'tvdb'), (82595, 'tvdb'), (82595, 'tvdb'), (82595, 'tvdb'), (240711, 'tvdb'), (249820, 'tvdb'), (250577, 'tvdb'), (250972, 'tvdb'), (138691, 'tvdb'), (261250, 'tvdb'), (250972, 'tvdb'), (250856, 'tvdb'), (84622, 'tvdb'), (82595, 'tvdb'), (928685, 'tmdb')] |
[2022-06-02 14:48:11,231] [builder.py:1284]           [DEBUG]    |                                                                                                    |
[2022-06-02 14:48:11,232] [plex_meta_manager.py:797]  [INFO]     |                                                                                                    |
[2022-06-02 14:48:11,232] [plex_meta_manager.py:798]  [INFO]     | Collection Minimum: 1 not met for Cars Anime Collection                                            |
[2022-06-02 14:48:11,233] [builder.py:1929]           [INFO]     |                                                                                                    |
[2022-06-02 14:48:11,233] [util.py:216]               [INFO]     |================================ Missing Movies from Library: Cars =================================|
[2022-06-02 14:48:11,233] [builder.py:1931]           [INFO]     |                                                                                                    |
[2022-06-02 14:48:11,686] [builder.py:1943]           [INFO]     | Cars Collection | ? | Redline (2010) (TMDb: 71883)                                                 |
[2022-06-02 14:48:11,828] [builder.py:1943]           [INFO]     | Cars Collection | ? | Initial D: Third Stage (2001) (TMDb: 80741)                                  |
[2022-06-02 14:48:11,912] [builder.py:1943]           [INFO]     | Cars Collection | ? | Initial D Extra Stage 2 (2008) (TMDb: 34384)                                 |
[2022-06-02 14:48:12,045] [builder.py:1943]           [INFO]     | Cars Collection | ? | Initial D Battle Stage (2003) (TMDb: 327796)                                 |
[2022-06-02 14:48:12,130] [builder.py:1943]           [INFO]     | Cars Collection | ? | Initial D Battle Stage 2 (2007) (TMDb: 19263)                                |
[2022-06-02 14:48:12,215] [builder.py:1943]           [INFO]     | Cars Collection | ? | Racing Circuit Romance Twin (1989) (TMDb: 928685)                            |
[2022-06-02 14:48:12,215] [builder.py:1947]           [INFO]     |                                                                                                    |
[2022-06-02 14:48:12,215] [builder.py:1948]           [INFO]     | 6 Movies Missing                                                                                   |
[2022-06-02 14:48:12,220] [builder.py:1969]           [INFO]     |                                                                                                    |
[2022-06-02 14:48:12,220] [util.py:216]               [INFO]     |================================= Missing Shows from Library: Cars =================================|
[2022-06-02 14:48:12,220] [builder.py:1971]           [INFO]     |                                                                                                    |
[2022-06-02 14:48:12,631] [builder.py:1982]           [INFO]     | Cars Collection | ? | Initial D (TVDB: 70900)                                                      |
[2022-06-02 14:48:12,968] [builder.py:1982]           [INFO]     | Cars Collection | ? | Appare-Ranman! (TVDB: 371000)                                                |
[2022-06-02 14:48:13,276] [builder.py:1982]           [INFO]     | Cars Collection | ? | Oban Star-Racers (TVDB: 80131)                                               |
[2022-06-02 14:48:13,831] [builder.py:1982]           [INFO]     | Cars Collection | ? | Kandagawa Jet Girls (TVDB: 369146)                                           |
[2022-06-02 14:48:14,111] [builder.py:1982]           [INFO]     | Cars Collection | ? | Wangan Midnight (TVDB: 81658)                                                |
[2022-06-02 14:48:14,392] [builder.py:1982]           [INFO]     | Cars Collection | ? | Long Riders! (TVDB: 306267)                                                  |
[2022-06-02 14:48:14,917] [builder.py:1982]           [INFO]     | Cars Collection | ? | Capeta (TVDB: 79139)                                                         |
[2022-06-02 14:48:15,433] [builder.py:1982]           [INFO]     | Cars Collection | ? | Two Car (TVDB: 332978)                                                       |
[2022-06-02 14:48:15,585] [builder.py:1977]           [ERROR]    | TVDb Error: Could not find a TVDb Series using TVDb Series ID: 115051                              |
[2022-06-02 14:48:15,875] [builder.py:1982]           [INFO]     | Cars Collection | ? | Speed Racer (TVDB: 77777)                                                    |
[2022-06-02 14:48:16,457] [builder.py:1982]           [INFO]     | Cars Collection | ? | eX-Driver (TVDB: 73571)                                                      |
[2022-06-02 14:48:16,807] [builder.py:1982]           [INFO]     | Cars Collection | ? | Let's & Go!! (TVDB: 276357)                                                  |
[2022-06-02 14:48:17,260] [builder.py:1982]           [INFO]     | Cars Collection | ? | Bakuon!! (TVDB: 304987)                                                      |
[2022-06-02 14:48:17,600] [builder.py:1982]           [INFO]     | Cars Collection | ? | F-Zero: GP Legend (TVDB: 258124)                                             |
[2022-06-02 14:48:18,353] [builder.py:1982]           [INFO]     | Cars Collection | ? | Future GPX Cyber Formula (TVDB: 82595)                                       |
[2022-06-02 14:48:19,366] [builder.py:1982]           [INFO]     | Cars Collection | ? | Hyper Speed Transforming Gyrozetter (TVDB: 263259)                           |
[2022-06-02 14:48:19,766] [builder.py:1977]           [ERROR]    | TVDb Error: Could not find a TVDb Series using TVDb Series ID: 261605                              |
[2022-06-02 14:48:20,005] [builder.py:1982]           [INFO]     | Cars Collection | ? | Goddamn (TVDB: 273151)                                                       |
[2022-06-02 14:48:20,594] [builder.py:1982]           [INFO]     | Cars Collection | ? | Scan2Go (TVDB: 262502)                                                       |
[2022-06-02 14:48:21,246] [builder.py:1982]           [INFO]     | Cars Collection | ? | Arrow Emblem Grand Prix no Taka (TVDB: 240711)                               |
[2022-06-02 14:48:21,829] [builder.py:1982]           [INFO]     | Cars Collection | ? | Dash! Yonkuro (TVDB: 249820)                                                 |
[2022-06-02 14:48:22,194] [builder.py:1982]           [INFO]     | Cars Collection | ? | Crush Gear Turbo (TVDB: 250577)                                              |
[2022-06-02 14:48:22,871] [builder.py:1982]           [INFO]     | Cars Collection | ? | Monkey Turn (TVDB: 250972)                                                   |
[2022-06-02 14:48:23,466] [builder.py:1982]           [INFO]     | Cars Collection | ? | Gall Force (TVDB: 138691)                                                    |
[2022-06-02 14:48:23,792] [builder.py:1982]           [INFO]     | Cars Collection | ? | Machine Hayabusa (TVDB: 261250)                                              |
[2022-06-02 14:48:24,130] [builder.py:1982]           [INFO]     | Cars Collection | ? | Supercar Gattiger (TVDB: 250856)                                             |
[2022-06-02 14:48:24,394] [builder.py:1982]           [INFO]     | Cars Collection | ? | Pi Po Pa Po Patrol (TVDB: 84622)                                             |
[2022-06-02 14:48:24,395] [builder.py:1986]           [INFO]     |                                                                                                    |
[2022-06-02 14:48:24,395] [builder.py:1987]           [INFO]     | 25 Shows Missing                                                                                   |
[2022-06-02 14:48:24,400] [plex_meta_manager.py:843]  [INFO]     |                                                                                                    |
[2022-06-02 14:48:24,401] [util.py:216]               [INFO]     |========================================== No Items Found ==========================================|
[2022-06-02 14:48:24,401] [plex_meta_manager.py:880]  [INFO]     |                                                                                                    |
[2022-06-02 14:48:24,401] [util.py:209]               [INFO]     |====================================================================================================|
[2022-06-02 14:48:24,401] [util.py:216]               [INFO]     |                                   Finished Cars Anime Collection                                   |
[2022-06-02 14:48:24,402] [util.py:216]               [INFO]     |                                    Collection Run Time: 0:00:19                                    |
[2022-06-02 14:48:24,402] [util.py:220]               [INFO]     |====================================================================================================|
