[2022-10-25 01:01:23,077] [util.py:209]               [INFO]     |====================================================================================================|
[2022-10-25 01:01:23,078] [util.py:216]               [INFO]     |                                 Transformers Collection in Movies                                  |
[2022-10-25 01:01:23,078] [util.py:220]               [INFO]     |====================================================================================================|
[2022-10-25 01:01:23,078] [plex_meta_manager.py:750]  [INFO]     |                                                                                                    |
[2022-10-25 01:01:23,079] [util.py:216]               [INFO]     |================================ Validating Transformers Attributes ================================|
[2022-10-25 01:01:23,079] [builder.py:265]            [DEBUG]    |                                                                                                    |
[2022-10-25 01:01:23,080] [builder.py:266]            [DEBUG]    | Validating Method: template                                                                        |
[2022-10-25 01:01:23,080] [meta.py:83]                [DEBUG]    | Value: ordereddict([('name', 'Movie'), ('collection', 8650), ('summary 8650', None), ('poster', 'https://theposterdb.com/api/assets/13251')]) |
[2022-10-25 01:01:23,080] [builder.py:330]            [DEBUG]    |                                                                                                    |
[2022-10-25 01:01:23,080] [builder.py:331]            [DEBUG]    | Validating Method: sync_mode                                                                       |
[2022-10-25 01:01:23,081] [builder.py:335]            [DEBUG]    | Value: sync                                                                                        |
[2022-10-25 01:01:23,081] [builder.py:453]            [DEBUG]    |                                                                                                    |
[2022-10-25 01:01:23,081] [builder.py:454]            [DEBUG]    | Validating Method: collection_order                                                                |
[2022-10-25 01:01:23,081] [builder.py:455]            [DEBUG]    | Value: release                                                                                     |
[2022-10-25 01:01:23,082] [builder.py:472]            [DEBUG]    |                                                                                                    |
[2022-10-25 01:01:23,082] [builder.py:473]            [DEBUG]    | Validating Method: url_poster                                                                      |
[2022-10-25 01:01:23,082] [builder.py:474]            [DEBUG]    | Value: https://theposterdb.com/api/assets/13251                                                    |
[2022-10-25 01:01:23,082] [builder.py:472]            [DEBUG]    |                                                                                                    |
[2022-10-25 01:01:23,083] [builder.py:473]            [DEBUG]    | Validating Method: tmdb_collection                                                                 |
[2022-10-25 01:01:23,083] [builder.py:474]            [DEBUG]    | Value: 8650                                                                                        |
[2022-10-25 01:01:23,195] [builder.py:472]            [DEBUG]    |                                                                                                    |
[2022-10-25 01:01:23,195] [builder.py:473]            [DEBUG]    | Validating Method: sort_title                                                                      |
[2022-10-25 01:01:23,195] [builder.py:474]            [DEBUG]    | Value: 00000f_Transformers                                                                         |
[2022-10-25 01:01:23,196] [builder.py:472]            [DEBUG]    |                                                                                                    |
[2022-10-25 01:01:23,196] [builder.py:473]            [DEBUG]    | Validating Method: radarr_add_missing                                                              |
[2022-10-25 01:01:23,196] [builder.py:474]            [DEBUG]    | Value: True                                                                                        |
[2022-10-25 01:01:23,363] [builder.py:619]            [INFO]     |                                                                                                    |
[2022-10-25 01:01:23,364] [builder.py:620]            [INFO]     | Validation Successful                                                                              |
[2022-10-25 01:01:23,365] [plex_meta_manager.py:758]  [INFO]     |                                                                                                    |
[2022-10-25 01:01:23,366] [util.py:216]               [INFO]     |================================= Running Transformers Collection ==================================|
[2022-10-25 01:01:23,366] [plex_meta_manager.py:773]  [INFO]     |                                                                                                    |
[2022-10-25 01:01:23,367] [plex_meta_manager.py:774]  [INFO]     | Sync Mode: sync                                                                                    |
[2022-10-25 01:01:23,367] [builder.py:1275]           [DEBUG]    |                                                                                                    |
[2022-10-25 01:01:23,367] [builder.py:1276]           [DEBUG]    | Builder: tmdb_collection: 8650                                                                     |
[2022-10-25 01:01:23,367] [builder.py:1277]           [INFO]     |                                                                                                    |
[2022-10-25 01:01:23,368] [tmdb.py:321]               [INFO]     | Processing TMDb Collection: (8650) Transformers Collection (5 Items)                               |
[2022-10-25 01:01:23,368] [builder.py:1282]           [DEBUG]    |                                                                                                    |
[2022-10-25 01:01:23,368] [builder.py:1283]           [DEBUG]    | 5 IDs Found: [(1858, 'tmdb'), (8373, 'tmdb'), (38356, 'tmdb'), (91314, 'tmdb'), (335988, 'tmdb')]  |
[2022-10-25 01:01:23,369] [builder.py:1284]           [DEBUG]    |                                                                                                    |
[2022-10-25 01:01:23,490] [builder.py:1697]           [INFO]     |                                                                                                    |
[2022-10-25 01:01:23,491] [util.py:216]               [INFO]     |================================ Adding to Transformers Collection =================================|
[2022-10-25 01:01:23,491] [builder.py:1699]           [INFO]     |                                                                                                    |
[2022-10-25 01:01:23,491] [builder.py:1709]           [INFO]     | 1/5 | Transformers Collection | = | Transformers (2007)                                            |
[2022-10-25 01:01:23,492] [builder.py:1709]           [INFO]     | 2/5 | Transformers Collection | = | Transformers: Revenge of the Fallen (2009)                     |
[2022-10-25 01:01:23,492] [builder.py:1709]           [INFO]     | 3/5 | Transformers Collection | = | Transformers: Dark of the Moon (2011)                          |
[2022-10-25 01:01:23,492] [builder.py:1709]           [INFO]     | 4/5 | Transformers Collection | = | Transformers: Age of Extinction (2014)                         |
[2022-10-25 01:01:23,493] [builder.py:1709]           [INFO]     | 5/5 | Transformers Collection | = | Transformers: The Last Knight (2017)                           |
[2022-10-25 01:01:23,493] [builder.py:1734]           [INFO]     |                                                                                                    |
[2022-10-25 01:01:23,494] [builder.py:1735]           [INFO]     | 5 Movies Processed                                                                                 |
[2022-10-25 01:01:23,498] [builder.py:2147]           [INFO]     |                                                                                                    |
[2022-10-25 01:01:23,498] [util.py:216]               [INFO]     |=========================== Updating Details of Transformers Collection ============================|
[2022-10-25 01:01:23,498] [builder.py:2149]           [INFO]     |                                                                                                    |
[2022-10-25 01:01:23,499] [builder.py:2258]           [DEBUG]    | 1 posters found:                                                                                   |
[2022-10-25 01:01:23,499] [builder.py:2260]           [DEBUG]    | Method: url_poster Poster: https://theposterdb.com/api/assets/13251                                |
[2022-10-25 01:01:23,499] [builder.py:2327]           [INFO]     | No background collection detail or asset folder found                                              |
[2022-10-25 01:01:23,500] [library.py:147]            [INFO]     | Detail: poster update not needed                                                                   |
[2022-10-25 01:01:23,668] [plex_meta_manager.py:880]  [INFO]     |                                                                                                    |
[2022-10-25 01:01:23,668] [util.py:209]               [INFO]     |====================================================================================================|
[2022-10-25 01:01:23,669] [util.py:216]               [INFO]     |                                  Finished Transformers Collection                                  |
[2022-10-25 01:01:23,670] [util.py:216]               [INFO]     |                                    Collection Run Time: 0:00:00                                    |
[2022-10-25 01:01:23,670] [util.py:220]               [INFO]     |====================================================================================================|
