[2022-01-16 14:54:47,014] [util.py:209]               [INFO]     |====================================================================================================|
[2022-01-16 14:54:47,014] [util.py:216]               [INFO]     |                                  Chris Pratt Collection in Movies                                  |
[2022-01-16 14:54:47,014] [util.py:220]               [INFO]     |====================================================================================================|
[2022-01-16 14:54:47,015] [plex_meta_manager.py:750]  [INFO]     |                                                                                                    |
[2022-01-16 14:54:47,015] [util.py:216]               [INFO]     |================================ Validating Chris Pratt Attributes =================================|
[2022-01-16 14:54:47,016] [builder.py:265]            [DEBUG]    |                                                                                                    |
[2022-01-16 14:54:47,016] [builder.py:266]            [DEBUG]    | Validating Method: template                                                                        |
[2022-01-16 14:54:47,016] [meta.py:83]                [DEBUG]    | Value: ordereddict([('name', 'people'), ('person', 73457)])                                        |
[2022-01-16 14:54:47,017] [builder.py:367]            [DEBUG]    |                                                                                                    |
[2022-01-16 14:54:47,017] [builder.py:368]            [DEBUG]    | Validating Method: tmdb_person                                                                     |
[2022-01-16 14:54:47,017] [builder.py:372]            [DEBUG]    | Value: 73457                                                                                       |
[2022-01-16 14:54:47,150] [builder.py:453]            [DEBUG]    |                                                                                                    |
[2022-01-16 14:54:47,150] [builder.py:454]            [DEBUG]    | Validating Method: collection_order                                                                |
[2022-01-16 14:54:47,150] [builder.py:455]            [DEBUG]    | Value: release                                                                                     |
[2022-01-16 14:54:47,151] [builder.py:472]            [DEBUG]    |                                                                                                    |
[2022-01-16 14:54:47,151] [builder.py:473]            [DEBUG]    | Validating Method: actor                                                                           |
[2022-01-16 14:54:47,151] [builder.py:474]            [DEBUG]    | Value: tmdb                                                                                        |
[2022-01-16 14:54:47,186] [builder.py:472]            [DEBUG]    |                                                                                                    |
[2022-01-16 14:54:47,187] [builder.py:473]            [DEBUG]    | Validating Method: sort_title                                                                      |
[2022-01-16 14:54:47,187] [builder.py:474]            [DEBUG]    | Value: ++_Chris Pratt                                                                              |
[2022-01-16 14:54:47,191] [plex.py:685]               [DEBUG]    | Looking for: Chris Pratt                                                                           |
[2022-01-16 14:54:47,192] [builder.py:619]            [INFO]     |                                                                                                    |
[2022-01-16 14:54:47,192] [builder.py:620]            [INFO]     | Validation Successful                                                                              |
[2022-01-16 14:54:47,193] [plex_meta_manager.py:758]  [INFO]     |                                                                                                    |
[2022-01-16 14:54:47,194] [util.py:216]               [INFO]     |================================== Running Chris Pratt Collection ==================================|
[2022-01-16 14:54:47,194] [plex_meta_manager.py:773]  [INFO]     |                                                                                                    |
[2022-01-16 14:54:47,194] [plex_meta_manager.py:774]  [INFO]     | Sync Mode: append                                                                                  |
[2022-01-16 14:54:47,195] [builder.py:1275]           [DEBUG]    |                                                                                                    |
[2022-01-16 14:54:47,195] [builder.py:1276]           [DEBUG]    | Builder: plex_search: (1, 'Plex Movie Search\nSort By: title.asc\nFilter:\n  Match any of the following:\n    Actor is Chris Pratt', '?type=1&sort=titleSort&push=1&actor=21847&pop=1') |
[2022-01-16 14:54:47,195] [builder.py:1277]           [INFO]     |                                                                                                    |
[2022-01-16 14:54:47,195] [util.py:161]               [INFO]     | Plex Movie Search                                                                                  |
[2022-01-16 14:54:47,196] [util.py:161]               [INFO]     | Sort By: title.asc                                                                                 |
[2022-01-16 14:54:47,196] [util.py:161]               [INFO]     | Filter:                                                                                            |
[2022-01-16 14:54:47,196] [util.py:161]               [INFO]     |   Match any of the following:                                                                      |
[2022-01-16 14:54:47,196] [util.py:161]               [INFO]     |     Actor is Chris Pratt                                                                           |
[2022-01-16 14:54:47,205] [plex.py:746]               [DEBUG]    |                                                                                                    |
[2022-01-16 14:54:47,205] [plex.py:747]               [DEBUG]    | 1 Keys Found: [(31923, 'ratingKey')]                                                               |
[2022-01-16 14:54:47,205] [builder.py:1282]           [DEBUG]    |                                                                                                    |
[2022-01-16 14:54:47,206] [builder.py:1283]           [DEBUG]    | 1 IDs Found: [(31923, 'ratingKey')]                                                                |
[2022-01-16 14:54:47,206] [builder.py:1284]           [DEBUG]    |                                                                                                    |
[2022-01-16 14:54:47,228] [builder.py:1697]           [INFO]     |                                                                                                    |
[2022-01-16 14:54:47,229] [util.py:216]               [INFO]     |================================= Adding to Chris Pratt Collection =================================|
[2022-01-16 14:54:47,229] [builder.py:1699]           [INFO]     |                                                                                                    |
[2022-01-16 14:54:47,230] [builder.py:1709]           [INFO]     | 1/1 | Chris Pratt Collection | + | Onward (2020)                                                   |
[2022-01-16 14:54:47,375] [builder.py:1734]           [INFO]     |                                                                                                    |
[2022-01-16 14:54:47,376] [builder.py:1735]           [INFO]     | 1 Movie Processed                                                                                  |
[2022-01-16 14:54:47,381] [builder.py:2147]           [INFO]     |                                                                                                    |
[2022-01-16 14:54:47,381] [util.py:216]               [INFO]     |============================ Updating Details of Chris Pratt Collection ============================|
[2022-01-16 14:54:47,382] [builder.py:2149]           [INFO]     |                                                                                                    |
[2022-01-16 14:54:47,382] [builder.py:2156]           [INFO]     | Detail: tmdb_person updated Collection Summary                                                     |
[2022-01-16 14:54:47,382] [builder.py:2193]           [INFO]     | Detail: sort_title updated Collection Sort Title to ++_Chris Pratt                                 |
[2022-01-16 14:54:47,383] [builder.py:2235]           [DEBUG]    | {'summary.value': "Christopher Michael Pratt (born 21 June 1979) is an American actor, known for starring in both television and action films. He rose to prominence for his television roles, particularly in the NBC sitcom Parks and Recreation (2009–2015), for which he received critical acclaim and was nominated for the Critics' Choice Television Award for Best Supporting Actor in a Comedy Series in 2013. He also starred earlier in his career as Bright Abbott in The WB drama series Everwood (2002–2006) and had roles in Wanted (2008), Jennifer's Body (2009), Moneyball (2011), The Five-Year Engagement (2012), Zero Dark Thirty (2013), Delivery Man (2013), and Her (2013).\n\nPratt achieved leading man status in 2014, starring in two critically and commercially successful films: The Lego Movie as Emmet Brickowski, and Marvel Studios' Guardians of the Galaxy as Star-Lord. He starred in Jurassic World (2015) and Jurassic World: Fallen Kingdom (2018), and he reprised his Marvel role in Guardians of the Galaxy Vol. 2 (2017), Avengers: Infinity War (2018), Avengers: Endgame (2019), and the planned Guardians of the Galaxy Vol. 3. Meanwhile, in 2016 he was part of an ensemble cast in The Magnificent Seven and the male lead in Passengers.\n\nDescription above is from the Wikipedia article Chris Pratt, licensed under CC-BY-SA, full list of contributors on Wikipedia.", 'summary.locked': 1, 'titleSort.value': '++_Chris Pratt', 'titleSort.locked': 1} |
[2022-01-16 14:54:47,398] [builder.py:2237]           [INFO]     | Details: have been updated                                                                         |
[2022-01-16 14:54:47,399] [builder.py:2258]           [DEBUG]    | 1 posters found:                                                                                   |
[2022-01-16 14:54:47,399] [builder.py:2260]           [DEBUG]    | Method: tmdb_person Poster: https://image.tmdb.org/t/p/original/gXKyT1YU5RWWPaE1je3ht58eUZr.jpg    |
[2022-01-16 14:54:47,399] [builder.py:2327]           [INFO]     | No background collection detail or asset folder found                                              |
[2022-01-16 14:54:47,424] [library.py:145]            [INFO]     | Detail: tmdb_person updated poster to [URL] https://image.tmdb.org/t/p/original/gXKyT1YU5RWWPaE1je3ht58eUZr.jpg |
[2022-01-16 14:54:47,567] [plex_meta_manager.py:880]  [INFO]     |                                                                                                    |
[2022-01-16 14:54:47,568] [util.py:209]               [INFO]     |====================================================================================================|
[2022-01-16 14:54:47,568] [util.py:216]               [INFO]     |                                  Finished Chris Pratt Collection                                   |
[2022-01-16 14:54:47,569] [util.py:216]               [INFO]     |                                    Collection Run Time: 0:00:00                                    |
[2022-01-16 14:54:47,569] [util.py:220]               [INFO]     |====================================================================================================|
