[2022-06-02 15:36:22,639] [util.py:209]               [INFO]     |====================================================================================================|
[2022-06-02 15:36:22,640] [util.py:216]               [INFO]     |                                  Space Anime Collection in Anime                                   |
[2022-06-02 15:36:22,640] [util.py:220]               [INFO]     |====================================================================================================|
[2022-06-02 15:36:22,640] [plex_meta_manager.py:750]  [INFO]     |                                                                                                    |
[2022-06-02 15:36:22,641] [util.py:216]               [INFO]     |================================ Validating Space Anime Attributes =================================|
[2022-06-02 15:36:22,641] [builder.py:255]            [DEBUG]    |                                                                                                    |
[2022-06-02 15:36:22,641] [builder.py:256]            [DEBUG]    | Validating Method: name                                                                            |
[2022-06-02 15:36:22,642] [builder.py:259]            [DEBUG]    | Value: Space                                                                                       |
[2022-06-02 15:36:22,642] [builder.py:330]            [DEBUG]    |                                                                                                    |
[2022-06-02 15:36:22,642] [builder.py:331]            [DEBUG]    | Validating Method: sync_mode                                                                       |
[2022-06-02 15:36:22,642] [builder.py:335]            [DEBUG]    | Value: sync                                                                                        |
[2022-06-02 15:36:22,643] [builder.py:453]            [DEBUG]    |                                                                                                    |
[2022-06-02 15:36:22,643] [builder.py:454]            [DEBUG]    | Validating Method: collection_order                                                                |
[2022-06-02 15:36:22,643] [builder.py:455]            [DEBUG]    | Value: custom                                                                                      |
[2022-06-02 15:36:22,643] [builder.py:472]            [DEBUG]    |                                                                                                    |
[2022-06-02 15:36:22,644] [builder.py:473]            [DEBUG]    | Validating Method: mal_genre                                                                       |
[2022-06-02 15:36:22,644] [builder.py:474]            [DEBUG]    | Value: ordereddict([('genre_id', 29)])                                                             |
[2022-06-02 15:36:22,644] [builder.py:689]            [WARNING]  | Collection Warning: mal_genre limit attribute not found using 0 as default                         |
[2022-06-02 15:36:22,645] [builder.py:472]            [DEBUG]    |                                                                                                    |
[2022-06-02 15:36:22,645] [builder.py:473]            [DEBUG]    | Validating Method: url_poster                                                                      |
[2022-06-02 15:36:22,645] [builder.py:474]            [DEBUG]    | Value: https://i.imgur.com/gjiafpT.png                                                             |
[2022-06-02 15:36:22,648] [plex.py:685]               [DEBUG]    | Looking for: Space                                                                                 |
[2022-06-02 15:36:22,648] [builder.py:619]            [INFO]     |                                                                                                    |
[2022-06-02 15:36:22,648] [builder.py:620]            [INFO]     | Validation Successful                                                                              |
[2022-06-02 15:36:22,648] [plex_meta_manager.py:758]  [INFO]     |                                                                                                    |
[2022-06-02 15:36:22,649] [util.py:216]               [INFO]     |================================== Running Space Anime Collection ==================================|
[2022-06-02 15:36:22,650] [plex_meta_manager.py:773]  [INFO]     |                                                                                                    |
[2022-06-02 15:36:22,650] [plex_meta_manager.py:774]  [INFO]     | Sync Mode: sync                                                                                    |
[2022-06-02 15:36:22,650] [builder.py:1275]           [DEBUG]    |                                                                                                    |
[2022-06-02 15:36:22,651] [builder.py:1276]           [DEBUG]    | Builder: mal_genre: {'genre_id': 29, 'limit': 0}                                                   |
[2022-06-02 15:36:22,651] [builder.py:1277]           [INFO]     |                                                                                                    |
[2022-06-02 15:36:22,651] [mal.py:223]                [INFO]     | Processing MyAnimeList Genre ID: 29                                                                |
[2022-06-02 15:36:47,367] [mal.py:239]                [DEBUG]    |                                                                                                    |
[2022-06-02 15:36:47,367] [mal.py:240]                [DEBUG]    | 517 MyAnimeList IDs Found: [1, 5, 20057, 27655, 820, 39198, 329, 19775, 22687, 31251, 2581, 4565, 42192, 12431, 16668, 93, 23327, 90, 256, 400, 32681, 3927, 3572, 33051, 48471, 80, 24893, 949, 12029, 2002, 94, 1088, 6336, 18295, 31430, 180, 31433, 58, 696, 1002, 28013, 49357, 8917, 21677, 85, 10937, 96, 2158, 6288, 2273, 15863, 82, 181, 17269, 218, 31973, 539, 290, 32878, 91, 4037, 569, 474, 1089, 87, 95, 593, 1034, 84, 28149, 86, 3014, 22689, 1090, 17919, 1000, 92, 1491, 396, 38707, 3016, 32792, 10808, 5310, 483, 1133, 1025, 1091, 1092, 23259, 1397, 88, 540, 36267, 37914, 7222, 37765, 1650, 5307, 8115, 89, 36369, 113, 1747, 39506, 1241, 35759, 1006, 397, 1215, 432, 3371, 1602, 2582, 854, 888, 36371, 33064, 36370, 36000, 33797, 34391, 2451, 33221, 184, 541, 4066, 3665, 1301, 159, 39478, 1080, 39592, 398, 37764, 1184, 1211, 1980, 1459, 219, 1101, 342, 930, 1917, 3907, 3015, 909, 1916, 14817, 544, 42886, 23249, 1398, 4454, 864, 294, 1967, 1262, 28495, 1249, 1490, 35949, 1147, 2294, 1380, 3626, 1968, 1969, 1941, 1901, 3288, 9782, 35224, 2269, 38982, 34532, 2560, 2202, 5072, 2452, 2725, 9241, 37988, 1248, 1168, 1399, 1302, 1226, 2695, 36077, 2761, 5032, 1124, 1942, 1651, 1081, 3258, 32906, 1112, 1111, 2722, 295, 31861, 1553, 1179, 22583, 6209, 4650, 2060, 10581, 2203, 9170, 33025, 7248, 33024, 3079, 1443, 1645, 2598, 10351, 35730, 1652, 1185, 2516, 7279, 38716, 8939, 2669, 38373, 39674, 2331, 4646, 2361, 2470, 1676, 927, 865, 25635, 15177, 40389, 3256, 711, 38273, 1444, 2929, 7060, 3963, 887, 38717, 3964, 3602, 2668, 1377, 3059, 25383, 5031, 1495, 1460, 1466, 7144, 2760, 40055, 1544, 33205, 3067, 13479, 40097, 3072, 925, 2717, 2987, 2793, 2420, 1381, 1811, 40554, 36436, 13427, 3071, 31331, 37866, 3069, 8839, 30246, 38530, 33541, 51805, 399, 2484, 1287, 2696, 3820, 2770, 1227, 5723, 2061, 2250, 38714, 1662, 3635, 10869, 30850, 1458, 3821, 2062, 3444, 2622, 1625, 18449, 2998, 50021, 36760, 6653, 49163, 4150, 1411, 2088, 31454, 1236, 33661, 6511, 2681, 3854, 2070, 28339, 2056, 7336, 23931, 3399, 2974, 3609, 32898, 1620, 1677, 49073, 6437, 4773, 4240, 10735, 2065, 39115, 11411, 1737, 1155, 38903, 5742, 40948, 14007, 3818, 3675, 5755, 2482, 6734, 1867, 5763, 3676, 6733, 11299, 19825, 23835, 2066, 44025, 6735, 19977, 37915, 30473, 6331, 7536, 40890, 47409, 1986, 7156, 43204, 4411, 4929, 13983, 3070, 30234, 10355, 4371, 7122, 3735, 4250, 5289, 6513, 36136, 20951, 4934, 5322, 12951, 4536, 6078, 37643, 5629, 4183, 3235, 32563, 28733, 3183, 37082, 3969, 50855, 11307, 4083, 30481, 39362, 10224, 23595, 2599, 5990, 11357, 16822, 51569, 5628, 2906, 3294, 2600, 36164, 39363, 34140, 9385, 6448, 30483, 3817, 18795, 21037, 43205, 39333, 9376, 37787, 43206, 29716, 17621, 6074, 8753, 48951, 42870, 10701, 9389, 6073, 42380, 12897, 12799, 30122, 8716, 18305, 16786, 22427, 34153, 24073, 16696, 14529, 29727, 41203, 18703, 37550, 23829, 38498, 42343, 49311, 33217, 37279, 13499, 18271, 33866, 32856, 18307, 19899, 32773, 10653, 16810, 16778, 16814, 16748, 33176, 36764, 33086, 30029, 39361, 16818, 24355, 40430, 36293, 38407, 30634, 19517, 33422, 28021, 18283, 44570, 16796, 35691, 16830, 35511, 16790, 38312, 29497, 41635, 38911, 37351, 26239, 37071, 39028, 36759, 36818, 41926, 50087, 43627, 42895, 51050, 50973, 43621, 42215, 51531, 45302, 51937, 44741] |
[2022-06-02 15:36:47,376] [convert.py:100]            [ERROR]    | Convert Error: AniDB ID not found for MyAnimeList ID: 4037                                         |
[2022-06-02 15:36:47,378] [convert.py:78]             [ERROR]    | Convert Error: No TVDb ID or IMDb ID found for AniDB ID: 10456                                     |
[2022-06-02 15:36:47,382] [convert.py:78]             [ERROR]    | Convert Error: No TVDb ID or IMDb ID found for AniDB ID: 14091                                     |
[2022-06-02 15:36:47,383] [convert.py:100]            [ERROR]    | Convert Error: AniDB ID not found for MyAnimeList ID: 37765                                        |
[2022-06-02 15:36:47,384] [convert.py:100]            [ERROR]    | Convert Error: AniDB ID not found for MyAnimeList ID: 36369                                        |
[2022-06-02 15:36:47,385] [convert.py:100]            [ERROR]    | Convert Error: AniDB ID not found for MyAnimeList ID: 36371                                        |
[2022-06-02 15:36:47,385] [convert.py:78]             [ERROR]    | Convert Error: No TVDb ID or IMDb ID found for AniDB ID: 12051                                     |
[2022-06-02 15:36:47,385] [convert.py:100]            [ERROR]    | Convert Error: AniDB ID not found for MyAnimeList ID: 36370                                        |
[2022-06-02 15:36:47,386] [convert.py:100]            [ERROR]    | Convert Error: AniDB ID not found for MyAnimeList ID: 39478                                        |
[2022-06-02 15:36:47,389] [convert.py:78]             [ERROR]    | Convert Error: No TVDb ID or IMDb ID found for AniDB ID: 15728                                     |
[2022-06-02 15:36:47,389] [convert.py:100]            [ERROR]    | Convert Error: AniDB ID not found for MyAnimeList ID: 4454                                         |
[2022-06-02 15:36:47,391] [convert.py:78]             [ERROR]    | Convert Error: No TVDb ID or IMDb ID found for AniDB ID: 13288                                     |
[2022-06-02 15:36:47,391] [convert.py:100]            [ERROR]    | Convert Error: AniDB ID not found for MyAnimeList ID: 1147                                         |
[2022-06-02 15:36:47,391] [convert.py:100]            [ERROR]    | Convert Error: AniDB ID not found for MyAnimeList ID: 2294                                         |
[2022-06-02 15:36:47,394] [convert.py:100]            [ERROR]    | Convert Error: AniDB ID not found for MyAnimeList ID: 2269                                         |
[2022-06-02 15:36:47,394] [convert.py:78]             [ERROR]    | Convert Error: No TVDb ID or IMDb ID found for AniDB ID: 14587                                     |
[2022-06-02 15:36:47,395] [convert.py:78]             [ERROR]    | Convert Error: No TVDb ID or IMDb ID found for AniDB ID: 14382                                     |
[2022-06-02 15:36:47,396] [convert.py:100]            [ERROR]    | Convert Error: AniDB ID not found for MyAnimeList ID: 5072                                         |
[2022-06-02 15:36:47,397] [convert.py:100]            [ERROR]    | Convert Error: AniDB ID not found for MyAnimeList ID: 1168                                         |
[2022-06-02 15:36:47,400] [convert.py:100]            [ERROR]    | Convert Error: AniDB ID not found for MyAnimeList ID: 6209                                         |
[2022-06-02 15:36:47,401] [convert.py:100]            [ERROR]    | Convert Error: AniDB ID not found for MyAnimeList ID: 4650                                         |
[2022-06-02 15:36:47,402] [convert.py:100]            [ERROR]    | Convert Error: AniDB ID not found for MyAnimeList ID: 10581                                        |
[2022-06-02 15:36:47,402] [convert.py:100]            [ERROR]    | Convert Error: AniDB ID not found for MyAnimeList ID: 9170                                         |
[2022-06-02 15:36:47,402] [convert.py:78]             [ERROR]    | Convert Error: No TVDb ID or IMDb ID found for AniDB ID: 12033                                     |
[2022-06-02 15:36:47,402] [convert.py:100]            [ERROR]    | Convert Error: AniDB ID not found for MyAnimeList ID: 7248                                         |
[2022-06-02 15:36:47,403] [convert.py:100]            [ERROR]    | Convert Error: AniDB ID not found for MyAnimeList ID: 33024                                        |
[2022-06-02 15:36:47,403] [convert.py:100]            [ERROR]    | Convert Error: AniDB ID not found for MyAnimeList ID: 10351                                        |
[2022-06-02 15:36:47,403] [convert.py:100]            [ERROR]    | Convert Error: AniDB ID not found for MyAnimeList ID: 38716                                        |
[2022-06-02 15:36:47,404] [convert.py:78]             [ERROR]    | Convert Error: No TVDb ID or IMDb ID found for AniDB ID: 7952                                      |
[2022-06-02 15:36:47,405] [convert.py:78]             [ERROR]    | Convert Error: No TVDb ID or IMDb ID found for AniDB ID: 14408                                     |
[2022-06-02 15:36:47,405] [convert.py:78]             [ERROR]    | Convert Error: No TVDb ID or IMDb ID found for AniDB ID: 14812                                     |
[2022-06-02 15:36:47,405] [convert.py:100]            [ERROR]    | Convert Error: AniDB ID not found for MyAnimeList ID: 25635                                        |
[2022-06-02 15:36:47,406] [convert.py:78]             [ERROR]    | Convert Error: No TVDb ID or IMDb ID found for AniDB ID: 9337                                      |
[2022-06-02 15:36:47,406] [convert.py:100]            [ERROR]    | Convert Error: AniDB ID not found for MyAnimeList ID: 40389                                        |
[2022-06-02 15:36:47,407] [convert.py:78]             [ERROR]    | Convert Error: No TVDb ID or IMDb ID found for AniDB ID: 14383                                     |
[2022-06-02 15:36:47,407] [convert.py:100]            [ERROR]    | Convert Error: AniDB ID not found for MyAnimeList ID: 38717                                        |
[2022-06-02 15:36:47,408] [convert.py:78]             [ERROR]    | Convert Error: No TVDb ID or IMDb ID found for AniDB ID: 10737                                     |
[2022-06-02 15:36:47,409] [convert.py:78]             [ERROR]    | Convert Error: No TVDb ID or IMDb ID found for AniDB ID: 14991                                     |
[2022-06-02 15:36:47,409] [convert.py:78]             [ERROR]    | Convert Error: No TVDb ID or IMDb ID found for AniDB ID: 12090                                     |
[2022-06-02 15:36:47,410] [convert.py:78]             [ERROR]    | Convert Error: No TVDb ID or IMDb ID found for AniDB ID: 15007                                     |
[2022-06-02 15:36:47,411] [convert.py:78]             [ERROR]    | Convert Error: No TVDb ID or IMDb ID found for AniDB ID: 2361                                      |
[2022-06-02 15:36:47,411] [convert.py:100]            [ERROR]    | Convert Error: AniDB ID not found for MyAnimeList ID: 1381                                         |
[2022-06-02 15:36:47,412] [convert.py:78]             [ERROR]    | Convert Error: No TVDb ID or IMDb ID found for AniDB ID: 15157                                     |
[2022-06-02 15:36:47,412] [convert.py:78]             [ERROR]    | Convert Error: No TVDb ID or IMDb ID found for AniDB ID: 13482                                     |
[2022-06-02 15:36:47,413] [convert.py:100]            [ERROR]    | Convert Error: AniDB ID not found for MyAnimeList ID: 31331                                        |
[2022-06-02 15:36:47,414] [convert.py:100]            [ERROR]    | Convert Error: AniDB ID not found for MyAnimeList ID: 37866                                        |
[2022-06-02 15:36:47,415] [convert.py:100]            [ERROR]    | Convert Error: AniDB ID not found for MyAnimeList ID: 30246                                        |
[2022-06-02 15:36:47,416] [convert.py:78]             [ERROR]    | Convert Error: No TVDb ID or IMDb ID found for AniDB ID: 14446                                     |
[2022-06-02 15:36:47,416] [convert.py:100]            [ERROR]    | Convert Error: AniDB ID not found for MyAnimeList ID: 51805                                        |
[2022-06-02 15:36:47,416] [convert.py:78]             [ERROR]    | Convert Error: No TVDb ID or IMDb ID found for AniDB ID: 3965                                      |
[2022-06-02 15:36:47,417] [convert.py:100]            [ERROR]    | Convert Error: AniDB ID not found for MyAnimeList ID: 5723                                         |
[2022-06-02 15:36:47,418] [convert.py:100]            [ERROR]    | Convert Error: AniDB ID not found for MyAnimeList ID: 38714                                        |
[2022-06-02 15:36:47,418] [convert.py:78]             [ERROR]    | Convert Error: No TVDb ID or IMDb ID found for AniDB ID: 3139                                      |
[2022-06-02 15:36:47,418] [convert.py:100]            [ERROR]    | Convert Error: AniDB ID not found for MyAnimeList ID: 3635                                         |
[2022-06-02 15:36:47,419] [convert.py:78]             [ERROR]    | Convert Error: No TVDb ID or IMDb ID found for AniDB ID: 3958                                      |
[2022-06-02 15:36:47,419] [convert.py:78]             [ERROR]    | Convert Error: No TVDb ID or IMDb ID found for AniDB ID: 2347                                      |
[2022-06-02 15:36:47,420] [convert.py:100]            [ERROR]    | Convert Error: AniDB ID not found for MyAnimeList ID: 1625                                         |
[2022-06-02 15:36:47,421] [convert.py:78]             [ERROR]    | Convert Error: No TVDb ID or IMDb ID found for AniDB ID: 9778                                      |
[2022-06-02 15:36:47,421] [convert.py:78]             [ERROR]    | Convert Error: No TVDb ID or IMDb ID found for AniDB ID: 13842                                     |
[2022-06-02 15:36:47,422] [convert.py:78]             [ERROR]    | Convert Error: No TVDb ID or IMDb ID found for AniDB ID: 16377                                     |
[2022-06-02 15:36:47,422] [convert.py:78]             [ERROR]    | Convert Error: No TVDb ID or IMDb ID found for AniDB ID: 3967                                      |
[2022-06-02 15:36:47,422] [convert.py:78]             [ERROR]    | Convert Error: No TVDb ID or IMDb ID found for AniDB ID: 3988                                      |
[2022-06-02 15:36:47,422] [convert.py:78]             [ERROR]    | Convert Error: No TVDb ID or IMDb ID found for AniDB ID: 11984                                     |
[2022-06-02 15:36:47,423] [convert.py:78]             [ERROR]    | Convert Error: No TVDb ID or IMDb ID found for AniDB ID: 12270                                     |
[2022-06-02 15:36:47,423] [convert.py:100]            [ERROR]    | Convert Error: AniDB ID not found for MyAnimeList ID: 2681                                         |
[2022-06-02 15:36:47,423] [convert.py:100]            [ERROR]    | Convert Error: AniDB ID not found for MyAnimeList ID: 2070                                         |
[2022-06-02 15:36:47,424] [convert.py:78]             [ERROR]    | Convert Error: No TVDb ID or IMDb ID found for AniDB ID: 11398                                     |
[2022-06-02 15:36:47,424] [convert.py:78]             [ERROR]    | Convert Error: No TVDb ID or IMDb ID found for AniDB ID: 4027                                      |
[2022-06-02 15:36:47,424] [convert.py:78]             [ERROR]    | Convert Error: No TVDb ID or IMDb ID found for AniDB ID: 10607                                     |
[2022-06-02 15:36:47,425] [convert.py:100]            [ERROR]    | Convert Error: AniDB ID not found for MyAnimeList ID: 32898                                        |
[2022-06-02 15:36:47,425] [convert.py:100]            [ERROR]    | Convert Error: AniDB ID not found for MyAnimeList ID: 1677                                         |
[2022-06-02 15:36:47,425] [convert.py:78]             [ERROR]    | Convert Error: No TVDb ID or IMDb ID found for AniDB ID: 14032                                     |
[2022-06-02 15:36:47,426] [convert.py:100]            [ERROR]    | Convert Error: AniDB ID not found for MyAnimeList ID: 6437                                         |
[2022-06-02 15:36:47,426] [convert.py:100]            [ERROR]    | Convert Error: AniDB ID not found for MyAnimeList ID: 10735                                        |
[2022-06-02 15:36:47,426] [convert.py:100]            [ERROR]    | Convert Error: AniDB ID not found for MyAnimeList ID: 39115                                        |
[2022-06-02 15:36:47,427] [convert.py:78]             [ERROR]    | Convert Error: No TVDb ID or IMDb ID found for AniDB ID: 6294                                      |
[2022-06-02 15:36:47,427] [convert.py:78]             [ERROR]    | Convert Error: No TVDb ID or IMDb ID found for AniDB ID: 14561                                     |
[2022-06-02 15:36:47,427] [convert.py:100]            [ERROR]    | Convert Error: AniDB ID not found for MyAnimeList ID: 5742                                         |
[2022-06-02 15:36:47,428] [convert.py:100]            [ERROR]    | Convert Error: AniDB ID not found for MyAnimeList ID: 40948                                        |
[2022-06-02 15:36:47,428] [convert.py:78]             [ERROR]    | Convert Error: No TVDb ID or IMDb ID found for AniDB ID: 11207                                     |
[2022-06-02 15:36:47,428] [convert.py:78]             [ERROR]    | Convert Error: No TVDb ID or IMDb ID found for AniDB ID: 3966                                      |
[2022-06-02 15:36:47,430] [convert.py:78]             [ERROR]    | Convert Error: No TVDb ID or IMDb ID found for AniDB ID: 5250                                      |
[2022-06-02 15:36:47,430] [convert.py:78]             [ERROR]    | Convert Error: No TVDb ID or IMDb ID found for AniDB ID: 3350                                      |
[2022-06-02 15:36:47,431] [convert.py:78]             [ERROR]    | Convert Error: No TVDb ID or IMDb ID found for AniDB ID: 2447                                      |
[2022-06-02 15:36:47,431] [convert.py:100]            [ERROR]    | Convert Error: AniDB ID not found for MyAnimeList ID: 11299                                        |
[2022-06-02 15:36:47,431] [convert.py:78]             [ERROR]    | Convert Error: No TVDb ID or IMDb ID found for AniDB ID: 10005                                     |
[2022-06-02 15:36:47,431] [convert.py:78]             [ERROR]    | Convert Error: No TVDb ID or IMDb ID found for AniDB ID: 10599                                     |
[2022-06-02 15:36:47,432] [convert.py:78]             [ERROR]    | Convert Error: No TVDb ID or IMDb ID found for AniDB ID: 15852                                     |
[2022-06-02 15:36:47,432] [convert.py:78]             [ERROR]    | Convert Error: No TVDb ID or IMDb ID found for AniDB ID: 7466                                      |
[2022-06-02 15:36:47,433] [convert.py:78]             [ERROR]    | Convert Error: No TVDb ID or IMDb ID found for AniDB ID: 14092                                     |
[2022-06-02 15:36:47,434] [convert.py:100]            [ERROR]    | Convert Error: AniDB ID not found for MyAnimeList ID: 40890                                        |
[2022-06-02 15:36:47,434] [convert.py:78]             [ERROR]    | Convert Error: No TVDb ID or IMDb ID found for AniDB ID: 16040                                     |
[2022-06-02 15:36:47,435] [convert.py:100]            [ERROR]    | Convert Error: AniDB ID not found for MyAnimeList ID: 43204                                        |
[2022-06-02 15:36:47,435] [convert.py:100]            [ERROR]    | Convert Error: AniDB ID not found for MyAnimeList ID: 13983                                        |
[2022-06-02 15:36:47,436] [convert.py:78]             [ERROR]    | Convert Error: No TVDb ID or IMDb ID found for AniDB ID: 11393                                     |
[2022-06-02 15:36:47,436] [convert.py:78]             [ERROR]    | Convert Error: No TVDb ID or IMDb ID found for AniDB ID: 5317                                      |
[2022-06-02 15:36:47,437] [convert.py:78]             [ERROR]    | Convert Error: No TVDb ID or IMDb ID found for AniDB ID: 2222                                      |
[2022-06-02 15:36:47,438] [convert.py:78]             [ERROR]    | Convert Error: No TVDb ID or IMDb ID found for AniDB ID: 7876                                      |
[2022-06-02 15:36:47,438] [convert.py:100]            [ERROR]    | Convert Error: AniDB ID not found for MyAnimeList ID: 36136                                        |
[2022-06-02 15:36:47,438] [convert.py:78]             [ERROR]    | Convert Error: No TVDb ID or IMDb ID found for AniDB ID: 10207                                     |
[2022-06-02 15:36:47,438] [convert.py:78]             [ERROR]    | Convert Error: No TVDb ID or IMDb ID found for AniDB ID: 2010                                      |
[2022-06-02 15:36:47,439] [convert.py:78]             [ERROR]    | Convert Error: No TVDb ID or IMDb ID found for AniDB ID: 10758                                     |
[2022-06-02 15:36:47,439] [convert.py:78]             [ERROR]    | Convert Error: No TVDb ID or IMDb ID found for AniDB ID: 4677                                      |
[2022-06-02 15:36:47,439] [convert.py:78]             [ERROR]    | Convert Error: No TVDb ID or IMDb ID found for AniDB ID: 4207                                      |
[2022-06-02 15:36:47,439] [convert.py:78]             [ERROR]    | Convert Error: No TVDb ID or IMDb ID found for AniDB ID: 13802                                     |
[2022-06-02 15:36:47,439] [convert.py:78]             [ERROR]    | Convert Error: No TVDb ID or IMDb ID found for AniDB ID: 10082                                     |
[2022-06-02 15:36:47,440] [convert.py:78]             [ERROR]    | Convert Error: No TVDb ID or IMDb ID found for AniDB ID: 13306                                     |
[2022-06-02 15:36:47,440] [convert.py:100]            [ERROR]    | Convert Error: AniDB ID not found for MyAnimeList ID: 37082                                        |
[2022-06-02 15:36:47,441] [convert.py:78]             [ERROR]    | Convert Error: No TVDb ID or IMDb ID found for AniDB ID: 17141                                     |
[2022-06-02 15:36:47,441] [convert.py:78]             [ERROR]    | Convert Error: No TVDb ID or IMDb ID found for AniDB ID: 2875                                      |
[2022-06-02 15:36:47,441] [convert.py:100]            [ERROR]    | Convert Error: AniDB ID not found for MyAnimeList ID: 30481                                        |
[2022-06-02 15:36:47,442] [convert.py:100]            [ERROR]    | Convert Error: AniDB ID not found for MyAnimeList ID: 39362                                        |
[2022-06-02 15:36:47,442] [convert.py:100]            [ERROR]    | Convert Error: AniDB ID not found for MyAnimeList ID: 23595                                        |
[2022-06-02 15:36:47,442] [convert.py:78]             [ERROR]    | Convert Error: No TVDb ID or IMDb ID found for AniDB ID: 4328                                      |
[2022-06-02 15:36:47,442] [convert.py:78]             [ERROR]    | Convert Error: No TVDb ID or IMDb ID found for AniDB ID: 11205                                     |
[2022-06-02 15:36:47,443] [convert.py:78]             [ERROR]    | Convert Error: No TVDb ID or IMDb ID found for AniDB ID: 11274                                     |
[2022-06-02 15:36:47,443] [convert.py:78]             [ERROR]    | Convert Error: No TVDb ID or IMDb ID found for AniDB ID: 16704                                     |
[2022-06-02 15:36:47,443] [convert.py:78]             [ERROR]    | Convert Error: No TVDb ID or IMDb ID found for AniDB ID: 4922                                      |
[2022-06-02 15:36:47,443] [convert.py:78]             [ERROR]    | Convert Error: No TVDb ID or IMDb ID found for AniDB ID: 13609                                     |
[2022-06-02 15:36:47,445] [convert.py:100]            [ERROR]    | Convert Error: AniDB ID not found for MyAnimeList ID: 39363                                        |
[2022-06-02 15:36:47,446] [convert.py:78]             [ERROR]    | Convert Error: No TVDb ID or IMDb ID found for AniDB ID: 12432                                     |
[2022-06-02 15:36:47,446] [convert.py:100]            [ERROR]    | Convert Error: AniDB ID not found for MyAnimeList ID: 30483                                        |
[2022-06-02 15:36:47,446] [convert.py:78]             [ERROR]    | Convert Error: No TVDb ID or IMDb ID found for AniDB ID: 1705                                      |
[2022-06-02 15:36:47,447] [convert.py:100]            [ERROR]    | Convert Error: AniDB ID not found for MyAnimeList ID: 18795                                        |
[2022-06-02 15:36:47,447] [convert.py:78]             [ERROR]    | Convert Error: No TVDb ID or IMDb ID found for AniDB ID: 11299                                     |
[2022-06-02 15:36:47,447] [convert.py:100]            [ERROR]    | Convert Error: AniDB ID not found for MyAnimeList ID: 43205                                        |
[2022-06-02 15:36:47,447] [convert.py:100]            [ERROR]    | Convert Error: AniDB ID not found for MyAnimeList ID: 39333                                        |
[2022-06-02 15:36:47,448] [convert.py:78]             [ERROR]    | Convert Error: No TVDb ID or IMDb ID found for AniDB ID: 14054                                     |
[2022-06-02 15:36:47,448] [convert.py:100]            [ERROR]    | Convert Error: AniDB ID not found for MyAnimeList ID: 43206                                        |
[2022-06-02 15:36:47,448] [convert.py:100]            [ERROR]    | Convert Error: AniDB ID not found for MyAnimeList ID: 29716                                        |
[2022-06-02 15:36:47,448] [convert.py:78]             [ERROR]    | Convert Error: No TVDb ID or IMDb ID found for AniDB ID: 8548                                      |
[2022-06-02 15:36:47,449] [convert.py:78]             [ERROR]    | Convert Error: No TVDb ID or IMDb ID found for AniDB ID: 4943                                      |
[2022-06-02 15:36:47,449] [convert.py:78]             [ERROR]    | Convert Error: No TVDb ID or IMDb ID found for AniDB ID: 3162                                      |
[2022-06-02 15:36:47,449] [convert.py:78]             [ERROR]    | Convert Error: No TVDb ID or IMDb ID found for AniDB ID: 16414                                     |
[2022-06-02 15:36:47,449] [convert.py:78]             [ERROR]    | Convert Error: No TVDb ID or IMDb ID found for AniDB ID: 15726                                     |
[2022-06-02 15:36:47,450] [convert.py:78]             [ERROR]    | Convert Error: No TVDb ID or IMDb ID found for AniDB ID: 2365                                      |
[2022-06-02 15:36:47,450] [convert.py:78]             [ERROR]    | Convert Error: No TVDb ID or IMDb ID found for AniDB ID: 5323                                      |
[2022-06-02 15:36:47,450] [convert.py:100]            [ERROR]    | Convert Error: AniDB ID not found for MyAnimeList ID: 42380                                        |
[2022-06-02 15:36:47,450] [convert.py:78]             [ERROR]    | Convert Error: No TVDb ID or IMDb ID found for AniDB ID: 1882                                      |
[2022-06-02 15:36:53,630] [convert.py:78]             [ERROR]    | Convert Error: No TVDb ID or IMDb ID found for AniDB ID: 8849                                      |
[2022-06-02 15:36:53,631] [convert.py:78]             [ERROR]    | Convert Error: No TVDb ID or IMDb ID found for AniDB ID: 12840                                     |
[2022-06-02 15:36:53,631] [convert.py:78]             [ERROR]    | Convert Error: No TVDb ID or IMDb ID found for AniDB ID: 9629                                      |
[2022-06-02 15:36:53,633] [convert.py:78]             [ERROR]    | Convert Error: No TVDb ID or IMDb ID found for AniDB ID: 12630                                     |
[2022-06-02 15:36:53,633] [convert.py:100]            [ERROR]    | Convert Error: AniDB ID not found for MyAnimeList ID: 34153                                        |
[2022-06-02 15:36:53,633] [convert.py:78]             [ERROR]    | Convert Error: No TVDb ID or IMDb ID found for AniDB ID: 10836                                     |
[2022-06-02 15:36:53,634] [convert.py:78]             [ERROR]    | Convert Error: No TVDb ID or IMDb ID found for AniDB ID: 9707                                      |
[2022-06-02 15:36:53,634] [convert.py:100]            [ERROR]    | Convert Error: AniDB ID not found for MyAnimeList ID: 14529                                        |
[2022-06-02 15:36:53,634] [convert.py:100]            [ERROR]    | Convert Error: AniDB ID not found for MyAnimeList ID: 29727                                        |
[2022-06-02 15:36:53,635] [convert.py:100]            [ERROR]    | Convert Error: AniDB ID not found for MyAnimeList ID: 41203                                        |
[2022-06-02 15:36:53,635] [convert.py:78]             [ERROR]    | Convert Error: No TVDb ID or IMDb ID found for AniDB ID: 9885                                      |
[2022-06-02 15:36:53,635] [convert.py:100]            [ERROR]    | Convert Error: AniDB ID not found for MyAnimeList ID: 37550                                        |
[2022-06-02 15:36:53,635] [convert.py:78]             [ERROR]    | Convert Error: No TVDb ID or IMDb ID found for AniDB ID: 6059                                      |
[2022-06-02 15:36:53,636] [convert.py:100]            [ERROR]    | Convert Error: AniDB ID not found for MyAnimeList ID: 38498                                        |
[2022-06-02 15:36:53,636] [convert.py:100]            [ERROR]    | Convert Error: AniDB ID not found for MyAnimeList ID: 42343                                        |
[2022-06-02 15:36:53,636] [convert.py:100]            [ERROR]    | Convert Error: AniDB ID not found for MyAnimeList ID: 49311                                        |
[2022-06-02 15:36:53,636] [convert.py:78]             [ERROR]    | Convert Error: No TVDb ID or IMDb ID found for AniDB ID: 12751                                     |
[2022-06-02 15:36:53,637] [convert.py:100]            [ERROR]    | Convert Error: AniDB ID not found for MyAnimeList ID: 37279                                        |
[2022-06-02 15:36:53,637] [convert.py:78]             [ERROR]    | Convert Error: No TVDb ID or IMDb ID found for AniDB ID: 10052                                     |
[2022-06-02 15:36:53,637] [convert.py:78]             [ERROR]    | Convert Error: No TVDb ID or IMDb ID found for AniDB ID: 9592                                      |
[2022-06-02 15:36:53,637] [convert.py:100]            [ERROR]    | Convert Error: AniDB ID not found for MyAnimeList ID: 33866                                        |
[2022-06-02 15:36:53,638] [convert.py:100]            [ERROR]    | Convert Error: AniDB ID not found for MyAnimeList ID: 32856                                        |
[2022-06-02 15:36:53,638] [convert.py:78]             [ERROR]    | Convert Error: No TVDb ID or IMDb ID found for AniDB ID: 9634                                      |
[2022-06-02 15:36:53,638] [convert.py:78]             [ERROR]    | Convert Error: No TVDb ID or IMDb ID found for AniDB ID: 7071                                      |
[2022-06-02 15:36:53,639] [convert.py:78]             [ERROR]    | Convert Error: No TVDb ID or IMDb ID found for AniDB ID: 13220                                     |
[2022-06-02 15:36:53,639] [convert.py:78]             [ERROR]    | Convert Error: No TVDb ID or IMDb ID found for AniDB ID: 4084                                      |
[2022-06-02 15:36:53,639] [convert.py:78]             [ERROR]    | Convert Error: No TVDb ID or IMDb ID found for AniDB ID: 9609                                      |
[2022-06-02 15:36:53,639] [convert.py:78]             [ERROR]    | Convert Error: No TVDb ID or IMDb ID found for AniDB ID: 9635                                      |
[2022-06-02 15:36:53,640] [convert.py:100]            [ERROR]    | Convert Error: AniDB ID not found for MyAnimeList ID: 16814                                        |
[2022-06-02 15:36:53,640] [convert.py:78]             [ERROR]    | Convert Error: No TVDb ID or IMDb ID found for AniDB ID: 9608                                      |
[2022-06-02 15:36:53,640] [convert.py:78]             [ERROR]    | Convert Error: No TVDb ID or IMDb ID found for AniDB ID: 8666                                      |
[2022-06-02 15:36:53,640] [convert.py:100]            [ERROR]    | Convert Error: AniDB ID not found for MyAnimeList ID: 36764                                        |
[2022-06-02 15:36:53,641] [convert.py:78]             [ERROR]    | Convert Error: No TVDb ID or IMDb ID found for AniDB ID: 12055                                     |
[2022-06-02 15:36:53,641] [convert.py:78]             [ERROR]    | Convert Error: No TVDb ID or IMDb ID found for AniDB ID: 7164                                      |
[2022-06-02 15:36:53,641] [convert.py:100]            [ERROR]    | Convert Error: AniDB ID not found for MyAnimeList ID: 39361                                        |
[2022-06-02 15:36:53,641] [convert.py:78]             [ERROR]    | Convert Error: No TVDb ID or IMDb ID found for AniDB ID: 9611                                      |
[2022-06-02 15:36:53,641] [convert.py:100]            [ERROR]    | Convert Error: AniDB ID not found for MyAnimeList ID: 24355                                        |
[2022-06-02 15:36:53,642] [convert.py:100]            [ERROR]    | Convert Error: AniDB ID not found for MyAnimeList ID: 40430                                        |
[2022-06-02 15:36:53,642] [convert.py:100]            [ERROR]    | Convert Error: AniDB ID not found for MyAnimeList ID: 36293                                        |
[2022-06-02 15:36:53,642] [convert.py:100]            [ERROR]    | Convert Error: AniDB ID not found for MyAnimeList ID: 38407                                        |
[2022-06-02 15:36:53,643] [convert.py:78]             [ERROR]    | Convert Error: No TVDb ID or IMDb ID found for AniDB ID: 10051                                     |
[2022-06-02 15:36:53,643] [convert.py:78]             [ERROR]    | Convert Error: No TVDb ID or IMDb ID found for AniDB ID: 7867                                      |
[2022-06-02 15:36:53,643] [convert.py:100]            [ERROR]    | Convert Error: AniDB ID not found for MyAnimeList ID: 33422                                        |
[2022-06-02 15:36:53,644] [convert.py:78]             [ERROR]    | Convert Error: No TVDb ID or IMDb ID found for AniDB ID: 8100                                      |
[2022-06-02 15:36:53,644] [convert.py:78]             [ERROR]    | Convert Error: No TVDb ID or IMDb ID found for AniDB ID: 9631                                      |
[2022-06-02 15:36:53,644] [convert.py:78]             [ERROR]    | Convert Error: No TVDb ID or IMDb ID found for AniDB ID: 14869                                     |
[2022-06-02 15:36:53,645] [convert.py:78]             [ERROR]    | Convert Error: No TVDb ID or IMDb ID found for AniDB ID: 9642                                      |
[2022-06-02 15:36:53,645] [convert.py:78]             [ERROR]    | Convert Error: No TVDb ID or IMDb ID found for AniDB ID: 15579                                     |
[2022-06-02 15:36:53,645] [convert.py:100]            [ERROR]    | Convert Error: AniDB ID not found for MyAnimeList ID: 16830                                        |
[2022-06-02 15:36:53,645] [convert.py:78]             [ERROR]    | Convert Error: No TVDb ID or IMDb ID found for AniDB ID: 14325                                     |
[2022-06-02 15:36:53,645] [convert.py:78]             [ERROR]    | Convert Error: No TVDb ID or IMDb ID found for AniDB ID: 13184                                     |
[2022-06-02 15:36:53,646] [convert.py:78]             [ERROR]    | Convert Error: No TVDb ID or IMDb ID found for AniDB ID: 15669                                     |
[2022-06-02 15:36:53,646] [convert.py:100]            [ERROR]    | Convert Error: AniDB ID not found for MyAnimeList ID: 29497                                        |
[2022-06-02 15:36:53,646] [convert.py:100]            [ERROR]    | Convert Error: AniDB ID not found for MyAnimeList ID: 41635                                        |
[2022-06-02 15:36:53,647] [convert.py:100]            [ERROR]    | Convert Error: AniDB ID not found for MyAnimeList ID: 38911                                        |
[2022-06-02 15:36:53,647] [convert.py:100]            [ERROR]    | Convert Error: AniDB ID not found for MyAnimeList ID: 37351                                        |
[2022-06-02 15:36:53,647] [convert.py:100]            [ERROR]    | Convert Error: AniDB ID not found for MyAnimeList ID: 26239                                        |
[2022-06-02 15:36:53,648] [convert.py:100]            [ERROR]    | Convert Error: AniDB ID not found for MyAnimeList ID: 37071                                        |
[2022-06-02 15:36:53,648] [convert.py:100]            [ERROR]    | Convert Error: AniDB ID not found for MyAnimeList ID: 39028                                        |
[2022-06-02 15:36:53,648] [convert.py:78]             [ERROR]    | Convert Error: No TVDb ID or IMDb ID found for AniDB ID: 16338                                     |
[2022-06-02 15:36:53,648] [convert.py:78]             [ERROR]    | Convert Error: No TVDb ID or IMDb ID found for AniDB ID: 16306                                     |
[2022-06-02 15:36:53,649] [convert.py:100]            [ERROR]    | Convert Error: AniDB ID not found for MyAnimeList ID: 41926                                        |
[2022-06-02 15:36:53,649] [convert.py:100]            [ERROR]    | Convert Error: AniDB ID not found for MyAnimeList ID: 50087                                        |
[2022-06-02 15:36:53,649] [convert.py:100]            [ERROR]    | Convert Error: AniDB ID not found for MyAnimeList ID: 43627                                        |
[2022-06-02 15:36:53,650] [convert.py:100]            [ERROR]    | Convert Error: AniDB ID not found for MyAnimeList ID: 42895                                        |
[2022-06-02 15:36:53,650] [convert.py:100]            [ERROR]    | Convert Error: AniDB ID not found for MyAnimeList ID: 51050                                        |
[2022-06-02 15:36:53,650] [convert.py:100]            [ERROR]    | Convert Error: AniDB ID not found for MyAnimeList ID: 50973                                        |
[2022-06-02 15:36:53,650] [convert.py:100]            [ERROR]    | Convert Error: AniDB ID not found for MyAnimeList ID: 43621                                        |
[2022-06-02 15:36:53,651] [convert.py:100]            [ERROR]    | Convert Error: AniDB ID not found for MyAnimeList ID: 42215                                        |
[2022-06-02 15:36:53,651] [convert.py:100]            [ERROR]    | Convert Error: AniDB ID not found for MyAnimeList ID: 51531                                        |
[2022-06-02 15:36:53,651] [convert.py:100]            [ERROR]    | Convert Error: AniDB ID not found for MyAnimeList ID: 45302                                        |
[2022-06-02 15:36:53,651] [convert.py:100]            [ERROR]    | Convert Error: AniDB ID not found for MyAnimeList ID: 51937                                        |
[2022-06-02 15:36:53,652] [convert.py:100]            [ERROR]    | Convert Error: AniDB ID not found for MyAnimeList ID: 44741                                        |
[2022-06-02 15:36:53,652] [builder.py:1282]           [DEBUG]    |                                                                                                    |
[2022-06-02 15:36:53,652] [builder.py:1283]           [DEBUG]    | 304 IDs Found: [(76885, 'tvdb'), (11299, 'tmdb'), (272849, 'tvdb'), (279827, 'tvdb'), (81618, 'tvdb'), (361456, 'tvdb'), (75796, 'tvdb'), (278154, 'tvdb'), (279828, 'tvdb'), (299497, 'tvdb'), (80675, 'tvdb'), (23452, 'tmdb'), (388645, 'tvdb'), (256705, 'tvdb'), (268289, 'tvdb'), (254931, 'tvdb'), (272849, 'tvdb'), (79327, 'tvdb'), (37910, 'tmdb'), (75911, 'tvdb'), (307323, 'tvdb'), (80675, 'tvdb'), (81086, 'tvdb'), (299497, 'tvdb'), (401855, 'tvdb'), (76547, 'tvdb'), (278154, 'tvdb'), (81073, 'tvdb'), (259675, 'tvdb'), (79999, 'tvdb'), (74890, 'tvdb'), (73038, 'tvdb'), (142601, 'tvdb'), (268289, 'tvdb'), (279828, 'tvdb'), (71744, 'tvdb'), (343237, 'tvdb'), (76664, 'tvdb'), (79620, 'tvdb'), (81073, 'tvdb'), (304475, 'tvdb'), (393190, 'tvdb'), (254663, 'tvdb'), (276893, 'tvdb'), (71535, 'tvdb'), (329365, 'tmdb'), (80398, 'tvdb'), (80241, 'tvdb'), (37048, 'tmdb'), (22914, 'tmdb'), (268284, 'tvdb'), (80785, 'tvdb'), (71744, 'tvdb'), (192577, 'tmdb'), (71313, 'tvdb'), (305171, 'tvdb'), (80009, 'tvdb'), (72025, 'tvdb'), (319455, 'tvdb'), (79327, 'tvdb'), (71279, 'tvdb'), (81832, 'tvdb'), (14132, 'tmdb'), (16157, 'tmdb'), (71585, 'tvdb'), (72393, 'tvdb'), (20043, 'tmdb'), (80783, 'tvdb'), (290220, 'tvdb'), (72352, 'tvdb'), (154738, 'tmdb'), (39228, 'tmdb'), (227891, 'tvdb'), (100151, 'tvdb'), (71584, 'tvdb'), (100171, 'tvdb'), (72025, 'tvdb'), (360445, 'tvdb'), (154727, 'tmdb'), (142601, 'tvdb'), (252621, 'tvdb'), (48625, 'tmdb'), (80817, 'tvdb'), (79064, 'tvdb'), (72427, 'tvdb'), (39229, 'tmdb'), (39230, 'tmdb'), (283929, 'tvdb'), (72347, 'tvdb'), (16308, 'tmdb'), (80009, 'tvdb'), (344222, 'tvdb'), (60964, 'tmdb'), (85230, 'tvdb'), (84572, 'tvdb'), (61591, 'tmdb'), (71536, 'tvdb'), (79782, 'tvdb'), (79878, 'tvdb'), (370895, 'tvdb'), (254931, 'tvdb'), (278154, 'tvdb'), (34935, 'tmdb'), (72025, 'tvdb'), (254931, 'tvdb'), (82706, 'tvdb'), (268996, 'tvdb'), (81109, 'tvdb'), (90521, 'tvdb'), (113571, 'tvdb'), (72719, 'tvdb'), (352875, 'tvdb'), (324711, 'tvdb'), (305171, 'tvdb'), (82971, 'tvdb'), (404114, 'tmdb'), (79115, 'tvdb'), (80009, 'tvdb'), (83364, 'tvdb'), (268996, 'tvdb'), (15227, 'tmdb'), (75000, 'tvdb'), (74924, 'tvdb'), (319976, 'tvdb'), (72025, 'tvdb'), (553610, 'tmdb'), (73181, 'tvdb'), (81832, 'tvdb'), (248918, 'tvdb'), (81723, 'tvdb'), (36613, 'tmdb'), (34194, 'tmdb'), (78884, 'tvdb'), (103791, 'tvdb'), (81104, 'tvdb'), (227491, 'tvdb'), (81618, 'tvdb'), (79853, 'tvdb'), (81103, 'tvdb'), (254663, 'tvdb'), (31769, 'tmdb'), (267963, 'tmdb'), (72347, 'tvdb'), (254931, 'tvdb'), (79161, 'tvdb'), (19256, 'tmdb'), (74309, 'tvdb'), (278154, 'tvdb'), (79174, 'tvdb'), (82883, 'tvdb'), (37326, 'tmdb'), (79327, 'tvdb'), (19257, 'tmdb'), (30606, 'tmdb'), (80003, 'tvdb'), (28214, 'tmdb'), (121611, 'tvdb'), (111608, 'tmdb'), (327718, 'tvdb'), (66628, 'tmdb'), (42137, 'tmdb'), (81850, 'tmdb'), (80009, 'tvdb'), (195141, 'tvdb'), (344222, 'tvdb'), (79174, 'tvdb'), (72347, 'tvdb'), (59717, 'tmdb'), (82443, 'tvdb'), (86161, 'tmdb'), (496349, 'tmdb'), (67851, 'tmdb'), (137151, 'tvdb'), (72025, 'tvdb'), (90741, 'tvdb'), (85230, 'tvdb'), (81506, 'tvdb'), (67253, 'tmdb'), (309151, 'tvdb'), (71744, 'tvdb'), (71744, 'tvdb'), (76729, 'tmdb'), (79161, 'tvdb'), (80009, 'tvdb'), (180581, 'tvdb'), (83295, 'tvdb'), (271540, 'tmdb'), (141521, 'tmdb'), (79765, 'tvdb'), (251825, 'tvdb'), (80443, 'tvdb'), (79888, 'tvdb'), (103691, 'tvdb'), (330088, 'tvdb'), (85230, 'tvdb'), (72796, 'tvdb'), (87111, 'tvdb'), (129811, 'tvdb'), (161704, 'tmdb'), (72219, 'tvdb'), (137151, 'tvdb'), (70525, 'tvdb'), (394253, 'tmdb'), (81741, 'tvdb'), (72776, 'tvdb'), (85536, 'tvdb'), (90521, 'tvdb'), (48101, 'tmdb'), (80443, 'tvdb'), (80003, 'tvdb'), (76547, 'tvdb'), (71585, 'tvdb'), (72719, 'tvdb'), (71585, 'tvdb'), (57123, 'tmdb'), (162072, 'tmdb'), (83403, 'tvdb'), (83587, 'tvdb'), (137151, 'tvdb'), (83403, 'tvdb'), (81736, 'tvdb'), (252853, 'tvdb'), (47556, 'tmdb'), (67841, 'tmdb'), (85415, 'tvdb'), (65665, 'tmdb'), (256705, 'tvdb'), (49734, 'tmdb'), (71475, 'tvdb'), (82883, 'tvdb'), (57635, 'tmdb'), (87251, 'tvdb'), (138036, 'tmdb'), (261605, 'tvdb'), (51686, 'tmdb'), (175066, 'tmdb'), (662780, 'tmdb'), (309151, 'tvdb'), (72025, 'tvdb'), (81437, 'tvdb'), (76731, 'tmdb'), (82965, 'tvdb'), (25525, 'tmdb'), (256873, 'tvdb'), (138691, 'tvdb'), (166706, 'tmdb'), (262502, 'tvdb'), (362102, 'tmdb'), (213261, 'tvdb'), (138691, 'tvdb'), (67090, 'tmdb'), (98161, 'tvdb'), (411004, 'tvdb'), (79109, 'tmdb'), (120121, 'tvdb'), (81953, 'tvdb'), (73925, 'tvdb'), (82883, 'tvdb'), (187695, 'tmdb'), (251752, 'tvdb'), (131589, 'tmdb'), (83414, 'tvdb'), (166751, 'tvdb'), (269072, 'tvdb'), (251593, 'tvdb'), (138691, 'tvdb'), (160981, 'tvdb'), (160061, 'tvdb'), (251825, 'tvdb'), (100171, 'tvdb'), (92171, 'tvdb'), (223491, 'tvdb'), (100171, 'tvdb'), (138691, 'tvdb'), (699971, 'tmdb'), (455224, 'tmdb'), (138691, 'tvdb'), (187795, 'tmdb'), (183801, 'tvdb'), (394829, 'tmdb'), (136061, 'tvdb'), (227741, 'tvdb'), (123007, 'tmdb'), (126741, 'tmdb'), (85230, 'tvdb'), (232511, 'tvdb'), (372508, 'tmdb'), (213281, 'tvdb'), (164361, 'tvdb'), (213231, 'tvdb'), (227841, 'tvdb'), (335066, 'tmdb'), (72217, 'tvdb'), (81153, 'tvdb'), (213411, 'tvdb'), (103691, 'tvdb'), (251752, 'tvdb'), (262007, 'tvdb'), (103691, 'tvdb'), (264931, 'tmdb'), (204401, 'tvdb'), (269072, 'tvdb'), (72219, 'tvdb'), (166196, 'tmdb')] |
[2022-06-02 15:36:53,652] [builder.py:1284]           [DEBUG]    |                                                                                                    |
[2022-06-02 15:36:53,660] [plex_meta_manager.py:797]  [INFO]     |                                                                                                    |
[2022-06-02 15:36:53,661] [plex_meta_manager.py:798]  [INFO]     | Collection Minimum: 1 not met for Space Anime Collection                                           |
[2022-06-02 15:36:53,661] [builder.py:1929]           [INFO]     |                                                                                                    |
[2022-06-02 15:36:53,661] [util.py:216]               [INFO]     |================================ Missing Movies from Library: Space ================================|
[2022-06-02 15:36:53,661] [builder.py:1931]           [INFO]     |                                                                                                    |
[2022-06-02 15:36:53,663] [builder.py:1943]           [INFO]     | Space Collection | ? | Cowboy Bebop: The Movie (2001) (TMDb: 11299)                                |
[2022-06-02 15:36:53,664] [builder.py:1943]           [INFO]     | Space Collection | ? | Gurren Lagann the Movie: The Lights in the Sky Are Stars (2009) (TMDb: 23452) |
[2022-06-02 15:36:53,664] [builder.py:1943]           [INFO]     | Space Collection | ? | Voices of a Distant Star (2002) (TMDb: 37910)                               |
[2022-06-02 15:36:53,665] [builder.py:1943]           [INFO]     | Space Collection | ? | Mobile Suit Gundam: The Origin I - Blue-Eyed Casval (2015) (TMDb: 329365)   |
[2022-06-02 15:36:53,666] [builder.py:1943]           [INFO]     | Space Collection | ? | Mobile Suit Gundam 00: A Wakening of the Trailblazer (2010) (TMDb: 37048)   |
[2022-06-02 15:36:53,666] [builder.py:1943]           [INFO]     | Space Collection | ? | Mobile Suit Gundam Wing: Endless Waltz (1998) (TMDb: 22914)                 |
[2022-06-02 15:36:54,085] [builder.py:1943]           [INFO]     | Space Collection | ? | Space Pirate Captain Harlock (2013) (TMDb: 192577)                          |
[2022-06-02 15:36:54,086] [builder.py:1943]           [INFO]     | Space Collection | ? | Macross: Do You Remember Love? (1984) (TMDb: 14132)                         |
[2022-06-02 15:36:54,087] [builder.py:1943]           [INFO]     | Space Collection | ? | Mobile Suit Gundam: Char's Counterattack (1988) (TMDb: 16157)               |
[2022-06-02 15:36:54,088] [builder.py:1943]           [INFO]     | Space Collection | ? | Royal Space Force - The Wings Of Honneamise (1987) (TMDb: 20043)            |
[2022-06-02 15:36:54,088] [builder.py:1943]           [INFO]     | Space Collection | ? | Legend of the Galactic Heroes: My Conquest Is the Sea of Stars (1988) (TMDb: 154738) |
[2022-06-02 15:36:54,089] [builder.py:1943]           [INFO]     | Space Collection | ? | Mobile Suit Gundam I (1981) (TMDb: 39228)                                   |
[2022-06-02 15:36:54,090] [builder.py:1943]           [INFO]     | Space Collection | ? | Legend of the Galactic Heroes: Overture to a New War (1993) (TMDb: 154727)  |
[2022-06-02 15:36:54,091] [builder.py:1943]           [INFO]     | Space Collection | ? | Macross Frontier: The False Songstress (2009) (TMDb: 48625)                 |
[2022-06-02 15:36:54,091] [builder.py:1943]           [INFO]     | Space Collection | ? | Mobile Suit Gundam II: Soldiers of Sorrow (1981) (TMDb: 39229)              |
[2022-06-02 15:36:54,092] [builder.py:1943]           [INFO]     | Space Collection | ? | Mobile Suit Gundam III: Encounters in Space (1982) (TMDb: 39230)            |
[2022-06-02 15:36:54,093] [builder.py:1943]           [INFO]     | Space Collection | ? | Mobile Suit Gundam F91 (1991) (TMDb: 16308)                                 |
[2022-06-02 15:36:54,093] [builder.py:1943]           [INFO]     | Space Collection | ? | Macross Frontier: The Wings of Farewell (2011) (TMDb: 60964)                |
[2022-06-02 15:36:54,482] [builder.py:1943]           [INFO]     | Space Collection | ? | Welcome to the Space Show (2010) (TMDb: 61591)                              |
[2022-06-02 15:36:54,483] [builder.py:1943]           [INFO]     | Space Collection | ? | Tenchi Muyo! In Love (1996) (TMDb: 34935)                                   |
[2022-06-02 15:36:54,483] [builder.py:1943]           [INFO]     | Space Collection | ? | Mobile Suit Gundam Thunderbolt: December Sky (2016) (TMDb: 404114)          |
[2022-06-02 15:36:55,264] [builder.py:1943]           [INFO]     | Space Collection | ? | Galaxy Express 999: The Movie (1979) (TMDb: 15227)                          |
[2022-06-02 15:36:55,266] [builder.py:1943]           [INFO]     | Space Collection | ? | Mobile Suit Gundam Narrative (2018) (TMDb: 553610)                          |
[2022-06-02 15:36:55,266] [builder.py:1943]           [INFO]     | Space Collection | ? | Martian Successor Nadesico: The Motion Picture - Prince of Darkness (1998) (TMDb: 36613) |
[2022-06-02 15:36:55,267] [builder.py:1943]           [INFO]     | Space Collection | ? | Tenchi the Movie 2: The Daughter of Darkness (1997) (TMDb: 34194)           |
[2022-06-02 15:36:56,927] [builder.py:1943]           [INFO]     | Space Collection | ? | Venus Wars (1989) (TMDb: 31769)                                             |
[2022-06-02 15:36:56,928] [builder.py:1943]           [INFO]     | Space Collection | ? | Space Battleship Yamato 2199: Odyssey of the Celestial Ark (2014) (TMDb: 267963) |
[2022-06-02 15:36:56,929] [builder.py:1943]           [INFO]     | Space Collection | ? | Mobile Suit Zeta Gundam A New Translation I: Heir to the Stars (2005) (TMDb: 19256) |
[2022-06-02 15:36:56,929] [builder.py:1943]           [INFO]     | Space Collection | ? | Blue Gender: The Warrior (2002) (TMDb: 37326)                               |
[2022-06-02 15:36:56,930] [builder.py:1943]           [INFO]     | Space Collection | ? | Mobile Suit Zeta Gundam A New Translation II: Lovers (2005) (TMDb: 19257)   |
[2022-06-02 15:36:56,930] [builder.py:1943]           [INFO]     | Space Collection | ? | Mobile Suit Zeta Gundam A New Translation III: Love is the Pulse of the Stars (2006) (TMDb: 30606) |
[2022-06-02 15:36:56,931] [builder.py:1943]           [INFO]     | Space Collection | ? | They Were Eleven (1986) (TMDb: 28214)                                       |
[2022-06-02 15:36:57,643] [builder.py:1943]           [INFO]     | Space Collection | ? | Five Numbers! (2011) (TMDb: 111608)                                         |
[2022-06-02 15:36:57,644] [builder.py:1943]           [INFO]     | Space Collection | ? | Toward the Terra (1980) (TMDb: 66628)                                       |
[2022-06-02 15:36:58,100] [builder.py:1943]           [INFO]     | Space Collection | ? | Space Pirate Captain Harlock: Arcadia of My Youth (1982) (TMDb: 42137)      |
[2022-06-02 15:36:59,851] [builder.py:1943]           [INFO]     | Space Collection | ? | Space Adventure Cobra: The Movie (1982) (TMDb: 81850)                       |
[2022-06-02 15:37:00,236] [builder.py:1943]           [INFO]     | Space Collection | ? | Adieu Galaxy Express 999 (1981) (TMDb: 59717)                               |
[2022-06-02 15:37:00,237] [builder.py:1943]           [INFO]     | Space Collection | ? | Mobile Suit Gundam 0083: Afterglow of Zeon (1992) (TMDb: 86161)             |
[2022-06-02 15:37:00,238] [builder.py:1943]           [INFO]     | Space Collection | ? | Macross Delta the Movie: Passionate Walkre (2018) (TMDb: 496349)           |
[2022-06-02 15:37:00,238] [builder.py:1943]           [INFO]     | Space Collection | ? | Space Runaway Ideon: Be Invoked (1982) (TMDb: 67851)                        |
[2022-06-02 15:37:00,907] [builder.py:1943]           [INFO]     | Space Collection | ? | Lily C.A.T. (1987) (TMDb: 67253)                                            |
[2022-06-02 15:37:01,232] [builder.py:1943]           [INFO]     | Space Collection | ? | Crusher Joe (1983) (TMDb: 76729)                                            |
[2022-06-02 15:37:01,233] [builder.py:1943]           [INFO]     | Space Collection | ? | Space Brothers: Number Zero (2014) (TMDb: 271540)                           |
[2022-06-02 15:37:01,234] [builder.py:1943]           [INFO]     | Space Collection | ? | Gall Force: Eternal Story (1986) (TMDb: 141521)                             |
[2022-06-02 15:37:01,574] [builder.py:1943]           [INFO]     | Space Collection | ? | Doraemon: Nobita's Little Star Wars (1985) (TMDb: 161704)                   |
[2022-06-02 15:37:02,516] [builder.py:1943]           [INFO]     | Space Collection | ? | Space Pirate Captain Harlock: Mystery Of The Arcadia (1978) (TMDb: 394253)  |
[2022-06-02 15:37:02,517] [builder.py:1943]           [INFO]     | Space Collection | ? | Space Battleship Yamato (1977) (TMDb: 48101)                                |
[2022-06-02 15:37:03,187] [builder.py:1943]           [INFO]     | Space Collection | ? | Galaxy Express 999: Eternal Fantasy (1998) (TMDb: 57123)                    |
[2022-06-02 15:37:03,187] [builder.py:1943]           [INFO]     | Space Collection | ? | Doraemon: Nobita Drifts in the Universe (1999) (TMDb: 162072)               |
[2022-06-02 15:37:03,188] [builder.py:1943]           [INFO]     | Space Collection | ? | Space Battleship Yamato Resurrection (2009) (TMDb: 47556)                   |
[2022-06-02 15:37:03,189] [builder.py:1943]           [INFO]     | Space Collection | ? | Space Runaway Ideon: Contact (1982) (TMDb: 67841)                           |
[2022-06-02 15:37:03,189] [builder.py:1943]           [INFO]     | Space Collection | ? | Farewell to Space Battleship Yamato (1978) (TMDb: 65665)                    |
[2022-06-02 15:37:03,190] [builder.py:1943]           [INFO]     | Space Collection | ? | Space Battleship Yamato - Final Chapter (1983) (TMDb: 49734)                |
[2022-06-02 15:37:06,820] [builder.py:1943]           [INFO]     | Space Collection | ? | Phoenix 2772 (1980) (TMDb: 57635)                                           |
[2022-06-02 15:37:07,687] [builder.py:1943]           [INFO]     | Space Collection | ? | Bounty Dog (1994) (TMDb: 138036)                                            |
[2022-06-02 15:37:07,688] [builder.py:1943]           [INFO]     | Space Collection | ? | Space Battleship Yamato: The New Voyage (1979) (TMDb: 51686)                |
[2022-06-02 15:37:07,688] [builder.py:1943]           [INFO]     | Space Collection | ? | Be Forever Yamato (1980) (TMDb: 175066)                                     |
[2022-06-02 15:37:07,689] [builder.py:1943]           [INFO]     | Space Collection | ? | Gundam Neo Experience 0087: Green Diver (2001) (TMDb: 662780)               |
[2022-06-02 15:37:08,088] [builder.py:1943]           [INFO]     | Space Collection | ? | Odin: Starlight Mutiny (1985) (TMDb: 76731)                                 |
[2022-06-02 15:37:09,097] [builder.py:1943]           [INFO]     | Space Collection | ? | Lensman (1984) (TMDb: 25525)                                                |
[2022-06-02 15:37:09,493] [builder.py:1943]           [INFO]     | Space Collection | ? | Roots Search (1986) (TMDb: 166706)                                          |
[2022-06-02 15:37:09,830] [builder.py:1943]           [INFO]     | Space Collection | ? | The Laws Of The Universe - Part 0 (2015) (TMDb: 362102)                     |
[2022-06-02 15:37:09,830] [builder.py:1943]           [INFO]     | Space Collection | ? | Big Wars (1993) (TMDb: 67090)                                               |
[2022-06-02 15:37:11,438] [builder.py:1943]           [INFO]     | Space Collection | ? | Galaxy Express 999: Claire of Glass (1980) (TMDb: 79109)                    |
[2022-06-02 15:37:11,797] [builder.py:1943]           [INFO]     | Space Collection | ? | Cyborg 009: Legend of the Super Galaxy (1980) (TMDb: 187695)                |
[2022-06-02 15:37:11,798] [builder.py:1943]           [INFO]     | Space Collection | ? | The Humanoid (1986) (TMDb: 131589)                                          |
[2022-06-02 15:37:12,203] [builder.py:1943]           [INFO]     | Space Collection | ? | Galaxy Express 999: Can You Love Like a Mother?!! (1980) (TMDb: 699971)     |
[2022-06-02 15:37:17,000] [builder.py:1943]           [INFO]     | Space Collection | ? | Sleep Tight My Baby, Cradled in the Sky (2014) (TMDb: 455224)               |
[2022-06-02 15:37:17,001] [builder.py:1943]           [INFO]     | Space Collection | ? | Armored Trooper VOTOMS: Pailsen Files The Movie (2009) (TMDb: 187795)       |
[2022-06-02 15:37:18,878] [builder.py:1943]           [INFO]     | Space Collection | ? | Arei's Mirror ~ Way to Virgin Space (1985) (TMDb: 394829)                   |
[2022-06-02 15:37:18,879] [builder.py:1943]           [INFO]     | Space Collection | ? | Negadon: The Monster from Mars (2005) (TMDb: 123007)                        |
[2022-06-02 15:37:18,880] [builder.py:1943]           [INFO]     | Space Collection | ? | Space Warriors Baldios (1981) (TMDb: 126741)                                |
[2022-06-02 15:37:18,881] [builder.py:1943]           [INFO]     | Space Collection | ? | Beast Wars II: Lio Convoy's Close Call! (1998) (TMDb: 372508)               |
[2022-06-02 15:37:18,881] [builder.py:1943]           [INFO]     | Space Collection | ? | Maps: Legendary Space Wanderers (1987) (TMDb: 335066)                       |
[2022-06-02 15:37:18,882] [builder.py:1943]           [INFO]     | Space Collection | ? | Six God Combination GodMars: The Movie (1982) (TMDb: 264931)                |
[2022-06-02 15:37:18,882] [builder.py:1943]           [INFO]     | Space Collection | ? | Phoenix Robot Phoenix-King (1984) (TMDb: 166196)                            |
[2022-06-02 15:37:18,882] [builder.py:1947]           [INFO]     |                                                                                                    |
[2022-06-02 15:37:18,883] [builder.py:1948]           [INFO]     | 76 Movies Missing                                                                                  |
[2022-06-02 15:37:19,150] [builder.py:1969]           [INFO]     |                                                                                                    |
[2022-06-02 15:37:19,150] [util.py:216]               [INFO]     |================================ Missing Shows from Library: Space =================================|
[2022-06-02 15:37:19,151] [builder.py:1971]           [INFO]     |                                                                                                    |
[2022-06-02 15:37:20,777] [builder.py:1982]           [INFO]     | Space Collection | ? | Cowboy Bebop (TVDB: 76885)                                                  |
[2022-06-02 15:37:21,736] [builder.py:1982]           [INFO]     | Space Collection | ? | Space Dandy (TVDB: 272849)                                                  |
[2022-06-02 15:37:22,201] [builder.py:1982]           [INFO]     | Space Collection | ? | Aldnoah.Zero (TVDB: 279827)                                                 |
[2022-06-02 15:37:24,510] [builder.py:1982]           [INFO]     | Space Collection | ? | Legend of the Galactic Heroes (TVDB: 81618)                                 |
[2022-06-02 15:37:25,298] [builder.py:1982]           [INFO]     | Space Collection | ? | Astra Lost in Space (TVDB: 361456)                                          |
[2022-06-02 15:37:25,726] [builder.py:1982]           [INFO]     | Space Collection | ? | Planetes (TVDB: 75796)                                                      |
[2022-06-02 15:37:26,523] [builder.py:1982]           [INFO]     | Space Collection | ? | Knights of Sidonia (TVDB: 278154)                                           |
[2022-06-02 15:37:26,953] [builder.py:1982]           [INFO]     | Space Collection | ? | Terra Formars (TVDB: 279828)                                                |
[2022-06-02 15:37:27,586] [builder.py:1982]           [INFO]     | Space Collection | ? | Mobile Suit Gundam: Iron-Blooded Orphans (TVDB: 299497)                     |
[2022-06-02 15:37:28,272] [builder.py:1982]           [INFO]     | Space Collection | ? | Mobile Suit Gundam 00 (TVDB: 80675)                                         |
[2022-06-02 15:37:30,365] [builder.py:1982]           [INFO]     | Space Collection | ? | EDENS ZERO (TVDB: 388645)                                                   |
[2022-06-02 15:37:31,016] [builder.py:1982]           [INFO]     | Space Collection | ? | Space Brothers (TVDB: 256705)                                               |
[2022-06-02 15:37:31,728] [builder.py:1982]           [INFO]     | Space Collection | ? | Valvrave the Liberator (TVDB: 268289)                                       |
[2022-06-02 15:37:32,895] [builder.py:1982]           [INFO]     | Space Collection | ? | Mobile Suit Gundam SEED (TVDB: 254931)                                      |
[2022-06-02 15:37:33,396] [builder.py:1982]           [INFO]     | Space Collection | ? | Mobile Suit Gundam Wing (TVDB: 79327)                                       |
[2022-06-02 15:37:33,777] [builder.py:1982]           [INFO]     | Space Collection | ? | Outlaw Star (TVDB: 75911)                                                   |
[2022-06-02 15:37:34,860] [builder.py:1982]           [INFO]     | Space Collection | ? | Space Patrol Luluco (TVDB: 307323)                                          |
[2022-06-02 15:37:36,065] [builder.py:1982]           [INFO]     | Space Collection | ? | Macross Frontier (TVDB: 81086)                                              |
[2022-06-02 15:37:37,085] [builder.py:1982]           [INFO]     | Space Collection | ? | Irina: The Vampire Cosmonaut (TVDB: 401855)                                 |
[2022-06-02 15:37:37,766] [builder.py:1982]           [INFO]     | Space Collection | ? | Mobile Suit Gundam (TVDB: 76547)                                            |
[2022-06-02 15:37:38,206] [builder.py:1982]           [INFO]     | Space Collection | ? | Gunbuster (TVDB: 81073)                                                     |
[2022-06-02 15:37:39,239] [builder.py:1982]           [INFO]     | Space Collection | ? | Star Blazers [Space Battleship Yamato] 2199 (TVDB: 259675)                  |
[2022-06-02 15:37:39,880] [builder.py:1982]           [INFO]     | Space Collection | ? | Heroic Age (TVDB: 79999)                                                    |
[2022-06-02 15:37:41,555] [builder.py:1982]           [INFO]     | Space Collection | ? | Mobile Suit Gundam SEED Destiny (TVDB: 74890)                               |
[2022-06-02 15:37:42,545] [builder.py:1982]           [INFO]     | Space Collection | ? | Macross (TVDB: 73038)                                                       |
[2022-06-02 15:37:45,768] [builder.py:1982]           [INFO]     | Space Collection | ? | Mobile Suit Gundam Unicorn RE:0096 (TVDB: 142601)                           |
[2022-06-02 15:37:46,216] [builder.py:1982]           [INFO]     | Space Collection | ? | VanDread (TVDB: 71744)                                                      |
[2022-06-02 15:37:46,645] [builder.py:1982]           [INFO]     | Space Collection | ? | Legend of the Galactic Heroes: Die Neue These (TVDB: 343237)                |
[2022-06-02 15:37:47,036] [builder.py:1982]           [INFO]     | Space Collection | ? | Blue Gender (TVDB: 76664)                                                   |
[2022-06-02 15:37:47,790] [builder.py:1982]           [INFO]     | Space Collection | ? | Tenchi Muyo! Tenchi Universe (TVDB: 79620)                                  |
[2022-06-02 15:37:48,093] [builder.py:1982]           [INFO]     | Space Collection | ? | Macross Delta (TVDB: 304475)                                                |
[2022-06-02 15:37:48,848] [builder.py:1982]           [INFO]     | Space Collection | ? | Star Wars: Visions (TVDB: 393190)                                           |
[2022-06-02 15:37:49,228] [builder.py:1982]           [INFO]     | Space Collection | ? | Bodacious Space Pirates (TVDB: 254663)                                      |
[2022-06-02 15:37:49,575] [builder.py:1982]           [INFO]     | Space Collection | ? | Captain Earth (TVDB: 276893)                                                |
[2022-06-02 15:37:50,555] [builder.py:1982]           [INFO]     | Space Collection | ? | Mobile Suit Zeta Gundam (TVDB: 71535)                                       |
[2022-06-02 15:37:51,914] [builder.py:1982]           [INFO]     | Space Collection | ? | Mobile Fighter G Gundam (TVDB: 80398)                                       |
[2022-06-02 15:37:52,873] [builder.py:1982]           [INFO]     | Space Collection | ? | Toward the Terra (TVDB: 80241)                                              |
[2022-06-02 15:37:53,211] [builder.py:1982]           [INFO]     | Space Collection | ? | Majestic Prince (TVDB: 268284)                                              |
[2022-06-02 15:37:54,108] [builder.py:1982]           [INFO]     | Space Collection | ? | Mobile Suit Gundam 0080: War in the Pocket (TVDB: 80785)                    |
[2022-06-02 15:37:55,075] [builder.py:1982]           [INFO]     | Space Collection | ? | Martian Successor Nadesico (TVDB: 71313)                                    |
[2022-06-02 15:37:55,657] [builder.py:1982]           [INFO]     | Space Collection | ? | Mobile Suit Gundam Thunderbolt (TVDB: 305171)                               |
[2022-06-02 15:37:56,425] [builder.py:1982]           [INFO]     | Space Collection | ? | Tenchi Muyo! Ryo-Ohki (TVDB: 80009)                                         |
[2022-06-02 15:37:57,776] [builder.py:1982]           [INFO]     | Space Collection | ? | Crest of the Stars (TVDB: 72025)                                            |
[2022-06-02 15:37:58,238] [builder.py:1982]           [INFO]     | Space Collection | ? | lDLIVE (TVDB: 319455)                                                      |
[2022-06-02 15:37:58,541] [builder.py:1982]           [INFO]     | Space Collection | ? | The Irresponsible Captain Tylor (TVDB: 71279)                               |
[2022-06-02 15:37:58,895] [builder.py:1982]           [INFO]     | Space Collection | ? | Macross Plus (TVDB: 81832)                                                  |
[2022-06-02 15:37:59,350] [builder.py:1982]           [INFO]     | Space Collection | ? | Turn A Gundam (TVDB: 71585)                                                 |
[2022-06-02 15:37:59,944] [builder.py:1982]           [INFO]     | Space Collection | ? | Infinite Ryvius (TVDB: 72393)                                               |
[2022-06-02 15:38:00,440] [builder.py:1982]           [INFO]     | Space Collection | ? | Mobile Suit Gundam 0083: Stardust Memory (TVDB: 80783)                      |
[2022-06-02 15:38:02,142] [builder.py:1982]           [INFO]     | Space Collection | ? | Japan Animator Expo (TVDB: 290220)                                          |
[2022-06-02 15:38:02,509] [builder.py:1982]           [INFO]     | Space Collection | ? | Mobile Suit Gundam ZZ (TVDB: 72352)                                         |
[2022-06-02 15:38:02,865] [builder.py:1982]           [INFO]     | Space Collection | ? | Wish Upon the Pleiades (TVDB: 227891)                                       |
[2022-06-02 15:38:03,682] [builder.py:1977]           [ERROR]    | TVDb Error: Could not find a TVDb Series using TVDb Series ID: 100151                              |
[2022-06-02 15:38:04,397] [builder.py:1982]           [INFO]     | Space Collection | ? | After War Gundam X (TVDB: 71584)                                            |
[2022-06-02 15:38:04,769] [builder.py:1982]           [INFO]     | Space Collection | ? | Galaxy Express 999 (TVDB: 100171)                                           |
[2022-06-02 15:38:05,239] [builder.py:1982]           [INFO]     | Space Collection | ? | RobiHachi (TVDB: 360445)                                                    |
[2022-06-02 15:38:06,011] [builder.py:1982]           [INFO]     | Space Collection | ? | Mobile Suit Gundam AGE (TVDB: 252621)                                       |
[2022-06-02 15:38:06,710] [builder.py:1982]           [INFO]     | Space Collection | ? | Kurau: Phantom Memory (TVDB: 80817)                                         |
[2022-06-02 15:38:07,038] [builder.py:1982]           [INFO]     | Space Collection | ? | Tenchi Muyo! GXP (TVDB: 79064)                                              |
[2022-06-02 15:38:07,766] [builder.py:1982]           [INFO]     | Space Collection | ? | The Legend of Black Heaven (TVDB: 72427)                                    |
[2022-06-02 15:38:09,050] [builder.py:1982]           [INFO]     | Space Collection | ? | Gundam Reconguista in G (TVDB: 283929)                                      |
[2022-06-02 15:38:09,450] [builder.py:1982]           [INFO]     | Space Collection | ? | Macross 7 (TVDB: 72347)                                                     |
[2022-06-02 15:38:10,270] [builder.py:1982]           [INFO]     | Space Collection | ? | Space Battleship Tiramisu (TVDB: 344222)                                    |
[2022-06-02 15:38:10,390] [builder.py:1977]           [ERROR]    | TVDb Error: Could not find a TVDb Series using TVDb Series ID: 85230                               |
[2022-06-02 15:38:11,039] [builder.py:1982]           [INFO]     | Space Collection | ? | The Girl Who Leapt Through Space (TVDB: 84572)                              |
[2022-06-02 15:38:11,841] [builder.py:1982]           [INFO]     | Space Collection | ? | Mobile Suit Victory Gundam (TVDB: 71536)                                    |
[2022-06-02 15:38:12,235] [builder.py:1982]           [INFO]     | Space Collection | ? | Stellvia of the Universe (TVDB: 79782)                                      |
[2022-06-02 15:38:12,911] [builder.py:1982]           [INFO]     | Space Collection | ? | Freedom (TVDB: 79878)                                                       |
[2022-06-02 15:38:13,541] [builder.py:1982]           [INFO]     | Space Collection | ? | Phantasy Star Online 2: Episode Oracle (TVDB: 370895)                       |
[2022-06-02 15:38:14,495] [builder.py:1982]           [INFO]     | Space Collection | ? | Iria: Zeiram the Animation (TVDB: 82706)                                    |
[2022-06-02 15:38:15,816] [builder.py:1982]           [INFO]     | Space Collection | ? | Legend of the Galactic Heroes Gaiden (TVDB: 268996)                         |
[2022-06-02 15:38:16,205] [builder.py:1982]           [INFO]     | Space Collection | ? | Strain: Strategic Armored Infantry (TVDB: 81109)                            |
[2022-06-02 15:38:17,410] [builder.py:1982]           [INFO]     | Space Collection | ? | Armored Trooper VOTOMS (TVDB: 90521)                                        |
[2022-06-02 15:38:18,009] [builder.py:1982]           [INFO]     | Space Collection | ? | Soul Link (TVDB: 113571)                                                    |
[2022-06-02 15:38:18,716] [builder.py:1982]           [INFO]     | Space Collection | ? | Pilot Candidate (TVDB: 72719)                                               |
[2022-06-02 15:38:19,057] [builder.py:1982]           [INFO]     | Space Collection | ? | Between the Sky and Sea (TVDB: 352875)                                      |
[2022-06-02 15:38:19,441] [builder.py:1982]           [INFO]     | Space Collection | ? | ID-0 (TVDB: 324711)                                                         |
[2022-06-02 15:38:20,202] [builder.py:1982]           [INFO]     | Space Collection | ? | Space Adventure Cobra (TVDB: 82971)                                         |
[2022-06-02 15:38:21,186] [builder.py:1982]           [INFO]     | Space Collection | ? | Xenosaga: The Animation (TVDB: 79115)                                       |
[2022-06-02 15:38:21,641] [builder.py:1982]           [INFO]     | Space Collection | ? | Tytania (TVDB: 83364)                                                       |
[2022-06-02 15:38:21,962] [builder.py:1982]           [INFO]     | Space Collection | ? | The Melody of Oblivion (TVDB: 75000)                                        |
[2022-06-02 15:38:22,634] [builder.py:1982]           [INFO]     | Space Collection | ? | Yukikaze (TVDB: 74924)                                                      |
[2022-06-02 15:38:23,106] [builder.py:1982]           [INFO]     | Space Collection | ? | Mobile Suit Gundam: The Origin - Advent of the Red Comet (TVDB: 319976)     |
[2022-06-02 15:38:24,140] [builder.py:1982]           [INFO]     | Space Collection | ? | Lost Universe (TVDB: 73181)                                                 |
[2022-06-02 15:38:24,494] [builder.py:1982]           [INFO]     | Space Collection | ? | Trava: Fist Planet (TVDB: 248918)                                           |
[2022-06-02 15:38:25,229] [builder.py:1982]           [INFO]     | Space Collection | ? | Tekkaman Blade (TVDB: 81723)                                                |
[2022-06-02 15:38:26,004] [builder.py:1982]           [INFO]     | Space Collection | ? | Starship Operators (TVDB: 78884)                                            |
[2022-06-02 15:38:26,331] [builder.py:1982]           [INFO]     | Space Collection | ? | Space Runaway Ideon (TVDB: 103791)                                          |
[2022-06-02 15:38:27,540] [builder.py:1982]           [INFO]     | Space Collection | ? | Mobile Suit Gundam: MS IGLOO (TVDB: 81104)                                  |
[2022-06-02 15:38:29,368] [builder.py:1982]           [INFO]     | Space Collection | ? | Thunder Jet (TVDB: 227491)                                                  |
[2022-06-02 15:38:29,692] [builder.py:1982]           [INFO]     | Space Collection | ? | Geneshaft (TVDB: 79853)                                                     |
[2022-06-02 15:38:30,096] [builder.py:1977]           [ERROR]    | TVDb Error: Could not find a TVDb Series using TVDb Series ID: 81103                               |
[2022-06-02 15:38:30,505] [builder.py:1982]           [INFO]     | Space Collection | ? | Divergence Eve (TVDB: 79161)                                                |
[2022-06-02 15:38:31,535] [builder.py:1982]           [INFO]     | Space Collection | ? | Macross II (TVDB: 74309)                                                    |
[2022-06-02 15:38:32,150] [builder.py:1982]           [INFO]     | Space Collection | ? | Zone of the Enders: Dolores (TVDB: 79174)                                   |
[2022-06-02 15:38:32,544] [builder.py:1982]           [INFO]     | Space Collection | ? | The Galaxy Railways (TVDB: 82883)                                           |
[2022-06-02 15:38:32,945] [builder.py:1982]           [INFO]     | Space Collection | ? | Moonlight Mile (TVDB: 80003)                                                |
[2022-06-02 15:38:33,406] [builder.py:1982]           [INFO]     | Space Collection | ? | Gundam Evolve (TVDB: 121611)                                                |
[2022-06-02 15:38:33,836] [builder.py:1982]           [INFO]     | Space Collection | ? | Mobile Suit Gundam: Twilight Axis (TVDB: 327718)                            |
[2022-06-02 15:38:34,921] [builder.py:1982]           [INFO]     | Space Collection | ? | Super Robot Wars: Original Generation - The Inspector (TVDB: 195141)        |
[2022-06-02 15:38:36,158] [builder.py:1982]           [INFO]     | Space Collection | ? | Angel Links (TVDB: 82443)                                                   |
[2022-06-02 15:38:38,153] [builder.py:1982]           [INFO]     | Space Collection | ? | Cobra the Animation (TVDB: 137151)                                          |
[2022-06-02 15:38:39,784] [builder.py:1982]           [INFO]     | Space Collection | ? | Rocket Girls (TVDB: 90741)                                                  |
[2022-06-02 15:38:40,497] [builder.py:1982]           [INFO]     | Space Collection | ? | Space Pirate Captain Herlock - The Endless Odyssey (TVDB: 81506)            |
[2022-06-02 15:38:40,849] [builder.py:1982]           [INFO]     | Space Collection | ? | Bishoujo Yuugi Unit Crane Game Girls (TVDB: 309151)                         |
[2022-06-02 15:38:41,413] [builder.py:1982]           [INFO]     | Space Collection | ? | Queen Emeraldas (TVDB: 180581)                                              |
[2022-06-02 15:38:42,325] [builder.py:1982]           [INFO]     | Space Collection | ? | Shingu: Secret of the Stellar Wars (TVDB: 83295)                            |
[2022-06-02 15:38:42,708] [builder.py:1982]           [INFO]     | Space Collection | ? | Arcadia of My Youth: Endless Orbit SSX (TVDB: 79765)                        |
[2022-06-02 15:38:43,617] [builder.py:1982]           [INFO]     | Space Collection | ? | Blue Comet SPT Layzner (TVDB: 251825)                                       |
[2022-06-02 15:38:44,229] [builder.py:1982]           [INFO]     | Space Collection | ? | Sol Bianca (TVDB: 80443)                                                    |
[2022-06-02 15:38:44,866] [builder.py:1982]           [INFO]     | Space Collection | ? | Harlock Saga (TVDB: 79888)                                                  |
[2022-06-02 15:38:45,690] [builder.py:1982]           [INFO]     | Space Collection | ? | Heavy Metal L-Gaim (TVDB: 103691)                                           |
[2022-06-02 15:38:46,124] [builder.py:1982]           [INFO]     | Space Collection | ? | Irresponsible Galaxy Tylor (TVDB: 330088)                                   |
[2022-06-02 15:38:46,541] [builder.py:1982]           [INFO]     | Space Collection | ? | Battle Athletes (TVDB: 72796)                                               |
[2022-06-02 15:38:47,114] [builder.py:1982]           [INFO]     | Space Collection | ? | Starship Troopers (TVDB: 87111)                                             |
[2022-06-02 15:38:47,894] [builder.py:1982]           [INFO]     | Space Collection | ? | To (TVDB: 129811)                                                           |
[2022-06-02 15:38:48,427] [builder.py:1982]           [INFO]     | Space Collection | ? | Ulysses 31 (TVDB: 72219)                                                    |
[2022-06-02 15:38:48,924] [builder.py:1982]           [INFO]     | Space Collection | ? | Saber Rider and the Star Sheriffs (TVDB: 70525)                             |
[2022-06-02 15:38:49,034] [builder.py:1977]           [ERROR]    | TVDb Error: Could not find a TVDb Series using TVDb Series ID: 81741                               |
[2022-06-02 15:38:49,398] [builder.py:1982]           [INFO]     | Space Collection | ? | Transformers: Energon (TVDB: 72776)                                         |
[2022-06-02 15:38:49,965] [builder.py:1982]           [INFO]     | Space Collection | ? | Metal Armor Dragonar (TVDB: 85536)                                          |
[2022-06-02 15:38:50,287] [builder.py:1982]           [INFO]     | Space Collection | ? | Space Symphony Maetel (TVDB: 83403)                                         |
[2022-06-02 15:38:50,923] [builder.py:1982]           [INFO]     | Space Collection | ? | Ninja Robots (TVDB: 83587)                                                  |
[2022-06-02 15:38:51,284] [builder.py:1982]           [INFO]     | Space Collection | ? | Tekkaman Blade 2 (TVDB: 81736)                                              |
[2022-06-02 15:38:52,353] [builder.py:1982]           [INFO]     | Space Collection | ? | Hakugei - Legend of the Moby Dick (TVDB: 252853)                            |
[2022-06-02 15:38:54,792] [builder.py:1982]           [INFO]     | Space Collection | ? | Super Robot Wars: Original Generation - The Animation (TVDB: 85415)         |
[2022-06-02 15:38:55,698] [builder.py:1982]           [INFO]     | Space Collection | ? | Transformers: The Headmasters (TVDB: 71475)                                 |
[2022-06-02 15:38:56,073] [builder.py:1982]           [INFO]     | Space Collection | ? | Spirit of Wonder (TVDB: 87251)                                              |
[2022-06-02 15:38:56,513] [builder.py:1977]           [ERROR]    | TVDb Error: Could not find a TVDb Series using TVDb Series ID: 261605                              |
[2022-06-02 15:38:57,752] [builder.py:1982]           [INFO]     | Space Collection | ? | Gear Fighter Dendoh (TVDB: 81437)                                           |
[2022-06-02 15:38:58,510] [builder.py:1982]           [INFO]     | Space Collection | ? | Crusher Joe (TVDB: 82965)                                                   |
[2022-06-02 15:38:59,249] [builder.py:1982]           [INFO]     | Space Collection | ? | The Star Hand Kid (TVDB: 256873)                                            |
[2022-06-02 15:38:59,599] [builder.py:1982]           [INFO]     | Space Collection | ? | Gall Force (TVDB: 138691)                                                   |
[2022-06-02 15:38:59,944] [builder.py:1982]           [INFO]     | Space Collection | ? | Scan2Go (TVDB: 262502)                                                      |
[2022-06-02 15:39:00,384] [builder.py:1982]           [INFO]     | Space Collection | ? | Tekkaman: The Space Knight (TVDB: 213261)                                   |
[2022-06-02 15:39:00,721] [builder.py:1982]           [INFO]     | Space Collection | ? | The Phoenix (TVDB: 98161)                                                   |
[2022-06-02 15:39:01,070] [builder.py:1982]           [INFO]     | Space Collection | ? | Ancient Girl's Frame (TVDB: 411004)                                         |
[2022-06-02 15:39:01,347] [builder.py:1982]           [INFO]     | Space Collection | ? | VS Knight Lamune & 40 Fire (TVDB: 120121)                                   |
[2022-06-02 15:39:02,042] [builder.py:1982]           [INFO]     | Space Collection | ? | Starzinger (TVDB: 81953)                                                    |
[2022-06-02 15:39:02,437] [builder.py:1982]           [INFO]     | Space Collection | ? | Beast Wars Neo: Super Lifeform Transformers (TVDB: 73925)                   |
[2022-06-02 15:39:02,882] [builder.py:1982]           [INFO]     | Space Collection | ? | God Mars (TVDB: 251752)                                                     |
[2022-06-02 15:39:03,354] [builder.py:1982]           [INFO]     | Space Collection | ? | Vehicle Force Voltron (TVDB: 83414)                                         |
[2022-06-02 15:39:03,995] [builder.py:1982]           [INFO]     | Space Collection | ? | Maps (TVDB: 166751)                                                         |
[2022-06-02 15:39:04,297] [builder.py:1982]           [INFO]     | Space Collection | ? | Yamato Takeru (TVDB: 269072)                                                |
[2022-06-02 15:39:05,186] [builder.py:1982]           [INFO]     | Space Collection | ? | Galaxy Cyclone Braiger (TVDB: 251593)                                       |
[2022-06-02 15:39:05,777] [builder.py:1982]           [INFO]     | Space Collection | ? | Space Warrior Baldios (TVDB: 160981)                                        |
[2022-06-02 15:39:06,432] [builder.py:1982]           [INFO]     | Space Collection | ? | Melty Lancer (TVDB: 160061)                                                 |
[2022-06-02 15:39:06,715] [builder.py:1982]           [INFO]     | Space Collection | ? | Thundersub (TVDB: 92171)                                                    |
[2022-06-02 15:39:07,316] [builder.py:1982]           [INFO]     | Space Collection | ? | Machine Robo: Revenge of Cronos (TVDB: 223491)                              |
[2022-06-02 15:39:08,787] [builder.py:1982]           [INFO]     | Space Collection | ? | Planetary Robot: Danguard Ace (TVDB: 183801)                                |
[2022-06-02 15:39:10,062] [builder.py:1982]           [INFO]     | Space Collection | ? | Future Robo Daltanious (TVDB: 136061)                                       |
[2022-06-02 15:39:10,733] [builder.py:1982]           [INFO]     | Space Collection | ? | Next War Chronicle EHRGEIZ (TVDB: 227741)                                   |
[2022-06-02 15:39:11,284] [builder.py:1982]           [INFO]     | Space Collection | ? | Shooting Star Machine Gakusaver (TVDB: 232511)                              |
[2022-06-02 15:39:11,601] [builder.py:1982]           [INFO]     | Space Collection | ? | Invincible Robo Trider G7 (TVDB: 213281)                                    |
[2022-06-02 15:39:12,293] [builder.py:1982]           [INFO]     | Space Collection | ? | Dancouga  Super Beast Machine God (TVDB: 164361)                           |
[2022-06-02 15:39:12,916] [builder.py:1982]           [INFO]     | Space Collection | ? | Space Emperor God Sigma (TVDB: 213231)                                      |
[2022-06-02 15:39:14,064] [builder.py:1982]           [INFO]     | Space Collection | ? | Magma Taishi (TVDB: 227841)                                                 |
[2022-06-02 15:39:14,360] [builder.py:1982]           [INFO]     | Space Collection | ? | Thunderbirds 2086 (TVDB: 72217)                                             |
[2022-06-02 15:39:15,005] [builder.py:1982]           [INFO]     | Space Collection | ? | Once Upon a Time... Space (TVDB: 81153)                                     |
[2022-06-02 15:39:15,294] [builder.py:1982]           [INFO]     | Space Collection | ? | Daikengo the Guardian of Space (TVDB: 213411)                               |
[2022-06-02 15:39:15,972] [builder.py:1982]           [INFO]     | Space Collection | ? | Mechander Robo (TVDB: 262007)                                               |
[2022-06-02 15:39:17,204] [builder.py:1982]           [INFO]     | Space Collection | ? | Prince Planet (TVDB: 204401)                                                |
[2022-06-02 15:39:17,204] [builder.py:1986]           [INFO]     |                                                                                                    |
[2022-06-02 15:39:17,204] [builder.py:1987]           [INFO]     | 157 Shows Missing                                                                                  |
[2022-06-02 15:39:17,489] [plex_meta_manager.py:843]  [INFO]     |                                                                                                    |
[2022-06-02 15:39:17,490] [util.py:216]               [INFO]     |========================================== No Items Found ==========================================|
[2022-06-02 15:39:17,490] [plex_meta_manager.py:880]  [INFO]     |                                                                                                    |
[2022-06-02 15:39:17,490] [util.py:209]               [INFO]     |====================================================================================================|
[2022-06-02 15:39:17,490] [util.py:216]               [INFO]     |                                  Finished Space Anime Collection                                   |
[2022-06-02 15:39:17,491] [util.py:216]               [INFO]     |                                    Collection Run Time: 0:02:54                                    |
[2022-06-02 15:39:17,491] [util.py:220]               [INFO]     |====================================================================================================|
