[2022-10-25 01:00:55,644] [util.py:209]               [INFO]     |====================================================================================================|
[2022-10-25 01:00:55,644] [util.py:216]               [INFO]     |                                 Jurassic Park Collection in Movies                                 |
[2022-10-25 01:00:55,645] [util.py:220]               [INFO]     |====================================================================================================|
[2022-10-25 01:00:55,645] [plex_meta_manager.py:750]  [INFO]     |                                                                                                    |
[2022-10-25 01:00:55,645] [util.py:216]               [INFO]     |=============================== Validating Jurassic Park Attributes ================================|
[2022-10-25 01:00:55,646] [builder.py:265]            [DEBUG]    |                                                                                                    |
[2022-10-25 01:00:55,646] [builder.py:266]            [DEBUG]    | Validating Method: template                                                                        |
[2022-10-25 01:00:55,646] [meta.py:83]                [DEBUG]    | Value: ordereddict([('name', 'Movie'), ('collection', 328), ('summary', 328), ('poster', 'https://theposterdb.com/api/assets/13234')]) |
[2022-10-25 01:00:55,646] [builder.py:330]            [DEBUG]    |                                                                                                    |
[2022-10-25 01:00:55,647] [builder.py:331]            [DEBUG]    | Validating Method: sync_mode                                                                       |
[2022-10-25 01:00:55,647] [builder.py:335]            [DEBUG]    | Value: sync                                                                                        |
[2022-10-25 01:00:55,647] [builder.py:453]            [DEBUG]    |                                                                                                    |
[2022-10-25 01:00:55,647] [builder.py:454]            [DEBUG]    | Validating Method: collection_order                                                                |
[2022-10-25 01:00:55,648] [builder.py:455]            [DEBUG]    | Value: release                                                                                     |
[2022-10-25 01:00:55,648] [builder.py:472]            [DEBUG]    |                                                                                                    |
[2022-10-25 01:00:55,648] [builder.py:473]            [DEBUG]    | Validating Method: url_poster                                                                      |
[2022-10-25 01:00:55,648] [builder.py:474]            [DEBUG]    | Value: https://theposterdb.com/api/assets/13234                                                    |
[2022-10-25 01:00:55,649] [builder.py:472]            [DEBUG]    |                                                                                                    |
[2022-10-25 01:00:55,649] [builder.py:473]            [DEBUG]    | Validating Method: tmdb_collection                                                                 |
[2022-10-25 01:00:55,649] [builder.py:474]            [DEBUG]    | Value: 328                                                                                         |
[2022-10-25 01:00:55,751] [builder.py:472]            [DEBUG]    |                                                                                                    |
[2022-10-25 01:00:55,751] [builder.py:473]            [DEBUG]    | Validating Method: tmdb_summary                                                                    |
[2022-10-25 01:00:55,751] [builder.py:474]            [DEBUG]    | Value: 328                                                                                         |
[2022-10-25 01:00:55,752] [builder.py:472]            [DEBUG]    |                                                                                                    |
[2022-10-25 01:00:55,752] [builder.py:473]            [DEBUG]    | Validating Method: sort_title                                                                      |
[2022-10-25 01:00:55,752] [builder.py:474]            [DEBUG]    | Value: 00000f_Jurassic Park                                                                        |
[2022-10-25 01:00:55,752] [builder.py:472]            [DEBUG]    |                                                                                                    |
[2022-10-25 01:00:55,753] [builder.py:473]            [DEBUG]    | Validating Method: radarr_add_missing                                                              |
[2022-10-25 01:00:55,753] [builder.py:474]            [DEBUG]    | Value: True                                                                                        |
[2022-10-25 01:00:55,923] [builder.py:619]            [INFO]     |                                                                                                    |
[2022-10-25 01:00:55,924] [builder.py:620]            [INFO]     | Validation Successful                                                                              |
[2022-10-25 01:00:55,925] [plex_meta_manager.py:758]  [INFO]     |                                                                                                    |
[2022-10-25 01:00:55,925] [util.py:216]               [INFO]     |================================= Running Jurassic Park Collection =================================|
[2022-10-25 01:00:55,925] [plex_meta_manager.py:773]  [INFO]     |                                                                                                    |
[2022-10-25 01:00:55,926] [plex_meta_manager.py:774]  [INFO]     | Sync Mode: sync                                                                                    |
[2022-10-25 01:00:55,926] [builder.py:1275]           [DEBUG]    |                                                                                                    |
[2022-10-25 01:00:55,926] [builder.py:1276]           [DEBUG]    | Builder: tmdb_collection: 328                                                                      |
[2022-10-25 01:00:55,927] [builder.py:1277]           [INFO]     |                                                                                                    |
[2022-10-25 01:00:55,927] [tmdb.py:321]               [INFO]     | Processing TMDb Collection: (328) Jurassic Park Collection (6 Items)                               |
[2022-10-25 01:00:55,927] [builder.py:1282]           [DEBUG]    |                                                                                                    |
[2022-10-25 01:00:55,928] [builder.py:1283]           [DEBUG]    | 6 IDs Found: [(329, 'tmdb'), (330, 'tmdb'), (331, 'tmdb'), (135397, 'tmdb'), (351286, 'tmdb'), (507086, 'tmdb')] |
[2022-10-25 01:00:55,928] [builder.py:1284]           [DEBUG]    |                                                                                                    |
[2022-10-25 01:00:56,036] [builder.py:1697]           [INFO]     |                                                                                                    |
[2022-10-25 01:00:56,036] [util.py:216]               [INFO]     |================================ Adding to Jurassic Park Collection ================================|
[2022-10-25 01:00:56,037] [builder.py:1699]           [INFO]     |                                                                                                    |
[2022-10-25 01:00:56,037] [builder.py:1709]           [INFO]     | 1/6 | Jurassic Park Collection | = | Jurassic Park (1993)                                          |
[2022-10-25 01:00:56,037] [builder.py:1709]           [INFO]     | 2/6 | Jurassic Park Collection | = | The Lost World: Jurassic Park (1997)                          |
[2022-10-25 01:00:56,038] [builder.py:1709]           [INFO]     | 3/6 | Jurassic Park Collection | = | Jurassic Park III (2001)                                      |
[2022-10-25 01:00:56,038] [builder.py:1709]           [INFO]     | 4/6 | Jurassic Park Collection | = | Jurassic World (2015)                                         |
[2022-10-25 01:00:56,039] [builder.py:1709]           [INFO]     | 5/6 | Jurassic Park Collection | = | Jurassic World: Fallen Kingdom (2018)                         |
[2022-10-25 01:00:56,039] [builder.py:1709]           [INFO]     | 6/6 | Jurassic Park Collection | = | Jurassic World Dominion (2022)                                |
[2022-10-25 01:00:56,039] [builder.py:1734]           [INFO]     |                                                                                                    |
[2022-10-25 01:00:56,040] [builder.py:1735]           [INFO]     | 6 Movies Processed                                                                                 |
[2022-10-25 01:00:56,043] [builder.py:2147]           [INFO]     |                                                                                                    |
[2022-10-25 01:00:56,044] [util.py:216]               [INFO]     |=========================== Updating Details of Jurassic Park Collection ===========================|
[2022-10-25 01:00:56,044] [builder.py:2149]           [INFO]     |                                                                                                    |
[2022-10-25 01:00:56,044] [builder.py:2156]           [INFO]     | Detail: tmdb_summary updated Collection Summary                                                    |
[2022-10-25 01:00:56,045] [builder.py:2258]           [DEBUG]    | 1 posters found:                                                                                   |
[2022-10-25 01:00:56,045] [builder.py:2260]           [DEBUG]    | Method: url_poster Poster: https://theposterdb.com/api/assets/13234                                |
[2022-10-25 01:00:56,046] [builder.py:2327]           [INFO]     | No background collection detail or asset folder found                                              |
[2022-10-25 01:00:56,046] [library.py:147]            [INFO]     | Detail: poster update not needed                                                                   |
[2022-10-25 01:00:56,209] [plex_meta_manager.py:880]  [INFO]     |                                                                                                    |
[2022-10-25 01:00:56,210] [util.py:209]               [INFO]     |====================================================================================================|
[2022-10-25 01:00:56,210] [util.py:216]               [INFO]     |                                 Finished Jurassic Park Collection                                  |
[2022-10-25 01:00:56,211] [util.py:216]               [INFO]     |                                    Collection Run Time: 0:00:00                                    |
[2022-10-25 01:00:56,211] [util.py:220]               [INFO]     |====================================================================================================|
