[2022-11-06 10:28:32,523] [plex_meta_manager.py:216]  [INFO]     |                                                                                                    |
[2022-11-06 10:28:32,524] [util.py:209]               [INFO]     |====================================================================================================|
[2022-11-06 10:28:32,524] [util.py:216]               [INFO]     |                                           Movies Library                                           |
[2022-11-06 10:28:32,524] [util.py:220]               [INFO]     |====================================================================================================|
[2022-11-06 10:28:32,524] [plex_meta_manager.py:222]  [DEBUG]    |                                                                                                    |
[2022-11-06 10:28:32,525] [plex_meta_manager.py:223]  [DEBUG]    | Mapping Name: Movies                                                                               |
[2022-11-06 10:28:32,525] [plex_meta_manager.py:224]  [DEBUG]    | Folder Name: Movies                                                                                |
[2022-11-06 10:28:32,525] [plex_meta_manager.py:225]  [DEBUG]    | Missing Path: C:\Plex-Stack\Plex-Meta-Manager\config\Movies_missing.yml                            |
[2022-11-06 10:28:32,525] [plex_meta_manager.py:227]  [DEBUG]    | Asset Directory: config/assets                                                                     |
[2022-11-06 10:28:32,525] [plex_meta_manager.py:228]  [DEBUG]    | Asset Folders: False                                                                               |
[2022-11-06 10:28:32,526] [plex_meta_manager.py:229]  [DEBUG]    | Create Asset Folders: False                                                                        |
[2022-11-06 10:28:32,526] [plex_meta_manager.py:230]  [DEBUG]    | Download URL Assets: False                                                                         |
[2022-11-06 10:28:32,526] [plex_meta_manager.py:231]  [DEBUG]    | Sync Mode: append                                                                                  |
[2022-11-06 10:28:32,526] [plex_meta_manager.py:232]  [DEBUG]    | Collection Minimum: 1                                                                              |
[2022-11-06 10:28:32,527] [plex_meta_manager.py:233]  [DEBUG]    | Delete Below Minimum: True                                                                         |
[2022-11-06 10:28:32,527] [plex_meta_manager.py:234]  [DEBUG]    | Delete Not Scheduled: False                                                                        |
[2022-11-06 10:28:32,527] [plex_meta_manager.py:235]  [DEBUG]    | Default Collection Order: release                                                                  |
[2022-11-06 10:28:32,527] [plex_meta_manager.py:236]  [DEBUG]    | Missing Only Released: False                                                                       |
[2022-11-06 10:28:32,528] [plex_meta_manager.py:237]  [DEBUG]    | Only Filter Missing: False                                                                         |
[2022-11-06 10:28:32,528] [plex_meta_manager.py:238]  [DEBUG]    | Show Unmanaged: True                                                                               |
[2022-11-06 10:28:32,528] [plex_meta_manager.py:239]  [DEBUG]    | Show Filtered: False                                                                               |
[2022-11-06 10:28:32,528] [plex_meta_manager.py:240]  [DEBUG]    | Show Missing: True                                                                                 |
[2022-11-06 10:28:32,529] [plex_meta_manager.py:241]  [DEBUG]    | Show Missing Assets: False                                                                         |
[2022-11-06 10:28:32,529] [plex_meta_manager.py:242]  [DEBUG]    | Save Missing: True                                                                                 |
[2022-11-06 10:28:32,529] [plex_meta_manager.py:243]  [DEBUG]    | Clean Bundles: False                                                                               |
[2022-11-06 10:28:32,529] [plex_meta_manager.py:244]  [DEBUG]    | Empty Trash: False                                                                                 |
[2022-11-06 10:28:32,530] [plex_meta_manager.py:245]  [DEBUG]    | Optimize: False                                                                                    |
[2022-11-06 10:28:32,530] [plex_meta_manager.py:246]  [DEBUG]    | Timeout: 60                                                                                        |
[2022-11-06 10:28:32,530] [plex_meta_manager.py:256]  [INFO]     |                                                                                                    |
[2022-11-06 10:28:32,530] [util.py:216]               [INFO]     |====================================== Mapping Movies Library ======================================|
[2022-11-06 10:28:32,531] [plex_meta_manager.py:258]  [INFO]     |                                                                                                    |
[2022-11-06 10:28:32,531] [plex.py:456]               [INFO]     | Loading All Movies from Library: Movies                                                            |
[2022-11-06 10:28:36,342] [plex.py:465]               [INFO]     | Loaded 1271 Movies                                                                                 |
[2022-11-06 10:28:36,342] [library.py:248]            [INFO]     | Mapping Movie Library: Movies                                                                      |
[2022-11-06 10:28:36,342] [library.py:249]            [INFO]     |                                                                                                    |
[2022-11-06 10:28:36,869] [library.py:263]            [INFO]     |                                                                                                    |
[2022-11-06 10:28:36,870] [library.py:264]            [INFO]     | Processed 1271 Movies                                                                              |
[2022-11-06 10:28:36,882] [plex_meta_manager.py:261]  [INFO]     |                                                                                                    |
[2022-11-06 10:28:36,882] [util.py:209]               [INFO]     |====================================================================================================|
[2022-11-06 10:28:36,883] [util.py:216]               [INFO]     |                                       Running Metadata File                                        |
[2022-11-06 10:28:36,883] [util.py:216]               [INFO]     |                                          config/Movie.yml                                          |
[2022-11-06 10:28:36,883] [util.py:220]               [INFO]     |====================================================================================================|
[2022-11-06 10:28:36,883] [plex_meta_manager.py:275]  [INFO]     |                                                                                                    |
[2022-11-06 10:28:36,884] [util.py:209]               [INFO]     |====================================================================================================|
[2022-11-06 10:28:36,884] [util.py:216]               [INFO]     |                                            Collections                                             |
[2022-11-06 10:28:36,884] [util.py:220]               [INFO]     |====================================================================================================|
[2022-11-06 10:30:03,632] [plex_meta_manager.py:261]  [INFO]     |                                                                                                    |
[2022-11-06 10:30:03,632] [util.py:209]               [INFO]     |====================================================================================================|
[2022-11-06 10:30:03,632] [util.py:216]               [INFO]     |                                       Running Metadata File                                        |
[2022-11-06 10:30:03,633] [util.py:216]               [INFO]     |                                          config/Genre.yml                                          |
[2022-11-06 10:30:03,633] [util.py:220]               [INFO]     |====================================================================================================|
[2022-11-06 10:30:03,633] [plex_meta_manager.py:275]  [INFO]     |                                                                                                    |
[2022-11-06 10:30:03,633] [util.py:209]               [INFO]     |====================================================================================================|
[2022-11-06 10:30:03,633] [util.py:216]               [INFO]     |                                            Collections                                             |
[2022-11-06 10:30:03,634] [util.py:220]               [INFO]     |====================================================================================================|
