[2022-03-18 08:13:52,695] [util.py:209]               [INFO]     |====================================================================================================|
[2022-03-18 08:13:52,695] [util.py:216]               [INFO]     |                          Paranormal Movie Collection Collection in Movies                          |
[2022-03-18 08:13:52,696] [util.py:220]               [INFO]     |====================================================================================================|
[2022-03-18 08:13:52,696] [plex_meta_manager.py:750]  [INFO]     |                                                                                                    |
[2022-03-18 08:13:52,697] [util.py:216]               [INFO]     |======================== Validating Paranormal Movie Collection Attributes =========================|
[2022-03-18 08:13:52,697] [builder.py:330]            [DEBUG]    |                                                                                                    |
[2022-03-18 08:13:52,697] [builder.py:331]            [DEBUG]    | Validating Method: sync_mode                                                                       |
[2022-03-18 08:13:52,698] [builder.py:335]            [DEBUG]    | Value: sync                                                                                        |
[2022-03-18 08:13:52,698] [builder.py:389]            [DEBUG]    |                                                                                                    |
[2022-03-18 08:13:52,698] [builder.py:390]            [DEBUG]    | Validating Method: smart_label                                                                     |
[2022-03-18 08:13:52,699] [builder.py:395]            [DEBUG]    | Value: critic_rating.desc                                                                          |
[2022-03-18 08:13:52,699] [builder.py:472]            [DEBUG]    |                                                                                                    |
[2022-03-18 08:13:52,699] [builder.py:473]            [DEBUG]    | Validating Method: trakt_list                                                                      |
[2022-03-18 08:13:52,699] [builder.py:474]            [DEBUG]    | Value: https://trakt.tv/users/codedone/lists/paranormal                                            |
[2022-03-18 08:13:52,826] [builder.py:472]            [DEBUG]    |                                                                                                    |
[2022-03-18 08:13:52,827] [builder.py:473]            [DEBUG]    | Validating Method: sort_title                                                                      |
[2022-03-18 08:13:52,827] [builder.py:474]            [DEBUG]    | Value: ++++++++++++++++++_Paranormal Movie Collection                                              |
[2022-03-18 08:13:52,827] [builder.py:472]            [DEBUG]    |                                                                                                    |
[2022-03-18 08:13:52,828] [builder.py:473]            [DEBUG]    | Validating Method: summary                                                                         |
[2022-03-18 08:13:52,828] [builder.py:474]            [DEBUG]    | Value: Paranormal grene of movies from varrious trakt members.                                     |
[2022-03-18 08:13:52,828] [builder.py:472]            [DEBUG]    |                                                                                                    |
[2022-03-18 08:13:52,829] [builder.py:473]            [DEBUG]    | Validating Method: url_poster                                                                      |
[2022-03-18 08:13:52,829] [builder.py:474]            [DEBUG]    | Value: https://imgur.com/IzwpRht                                                                   |
[2022-03-18 08:13:52,833] [plex.py:685]               [DEBUG]    | Looking for: Paranormal Movie Collection                                                           |
[2022-03-18 08:13:52,833] [builder.py:619]            [INFO]     |                                                                                                    |
[2022-03-18 08:13:52,834] [builder.py:620]            [INFO]     | Validation Successful                                                                              |
[2022-03-18 08:13:52,837] [plex_meta_manager.py:758]  [INFO]     |                                                                                                    |
[2022-03-18 08:13:52,838] [util.py:216]               [INFO]     |========================== Running Paranormal Movie Collection Collection ==========================|
[2022-03-18 08:13:52,838] [plex_meta_manager.py:773]  [INFO]     |                                                                                                    |
[2022-03-18 08:13:52,838] [plex_meta_manager.py:774]  [INFO]     | Sync Mode: sync                                                                                    |
[2022-03-18 08:13:52,839] [builder.py:1275]           [DEBUG]    |                                                                                                    |
[2022-03-18 08:13:52,839] [builder.py:1276]           [DEBUG]    | Builder: trakt_list: https://trakt.tv/users/codedone/lists/paranormal                              |
[2022-03-18 08:13:52,840] [builder.py:1277]           [INFO]     |                                                                                                    |
[2022-03-18 08:13:52,840] [trakt.py:231]              [INFO]     | Processing Trakt List: https://trakt.tv/users/codedone/lists/paranormal                            |
[2022-03-18 08:13:52,955] [builder.py:1282]           [DEBUG]    |                                                                                                    |
[2022-03-18 08:13:52,955] [builder.py:1283]           [DEBUG]    | 108 IDs Found: [(23827, 'tmdb'), (41436, 'tmdb'), (72571, 'tmdb'), (82990, 'tmdb'), (227348, 'tmdb'), (146301, 'tmdb'), (524286, 'tmdb'), (138843, 'tmdb'), (259693, 'tmdb'), (25573, 'tmdb'), (381170, 'tmdb'), (371958, 'tmdb'), (139038, 'tmdb'), (184345, 'tmdb'), (50698, 'tmdb'), (134366, 'tmdb'), (521029, 'tmdb'), (396422, 'tmdb'), (250546, 'tmdb'), (49018, 'tmdb'), (280092, 'tmdb'), (91586, 'tmdb'), (406563, 'tmdb'), (242512, 'tmdb'), (335796, 'tmdb'), (609, 'tmdb'), (243688, 'tmdb'), (11133, 'tmdb'), (10306, 'tmdb'), (351211, 'tmdb'), (2667, 'tmdb'), (11531, 'tmdb'), (128748, 'tmdb'), (193612, 'tmdb'), (203834, 'tmdb'), (58428, 'tmdb'), (77949, 'tmdb'), (10065, 'tmdb'), (11449, 'tmdb'), (203835, 'tmdb'), (16235, 'tmdb'), (473902, 'tmdb'), (620, 'tmdb'), (43074, 'tmdb'), (2978, 'tmdb'), (11618, 'tmdb'), (11772, 'tmdb'), (295339, 'tmdb'), (14745, 'tmdb'), (565, 'tmdb'), (10320, 'tmdb'), (4248, 'tmdb'), (4256, 'tmdb'), (4258, 'tmdb'), (4257, 'tmdb'), (16180, 'tmdb'), (1970, 'tmdb'), (1975, 'tmdb'), (1977, 'tmdb'), (9030, 'tmdb'), (14001, 'tmdb'), (9552, 'tmdb'), (11587, 'tmdb'), (11026, 'tmdb'), (12700, 'tmdb'), (11586, 'tmdb'), (3021, 'tmdb'), (11377, 'tmdb'), (13564, 'tmdb'), (21208, 'tmdb'), (2655, 'tmdb'), (346364, 'tmdb'), (474350, 'tmdb'), (1933, 'tmdb'), (9913, 'tmdb'), (82507, 'tmdb'), (283445, 'tmdb'), (4970, 'tmdb'), (9645, 'tmdb'), (11601, 'tmdb'), (9378, 'tmdb'), (9411, 'tmdb'), (10779, 'tmdb'), (251, 'tmdb'), (132232, 'tmdb'), (48171, 'tmdb'), (234212, 'tmdb'), (159967, 'tmdb'), (16871, 'tmdb'), (10885, 'tmdb'), (24740, 'tmdb'), (6537, 'tmdb'), (4011, 'tmdb'), (745, 'tmdb'), (11804, 'tmdb'), (2046, 'tmdb'), (14098, 'tmdb'), (49126, 'tmdb'), (14223, 'tmdb'), (6933, 'tmdb'), (14254, 'tmdb'), (35250, 'tmdb'), (9966, 'tmdb'), (13788, 'tmdb'), (13550, 'tmdb'), (65086, 'tmdb'), (4247, 'tmdb'), (157547, 'tmdb')] |
[2022-03-18 08:13:52,956] [builder.py:1284]           [DEBUG]    |                                                                                                    |
[2022-03-18 08:13:53,073] [builder.py:1697]           [INFO]     |                                                                                                    |
[2022-03-18 08:13:53,073] [util.py:216]               [INFO]     |========================= Adding to Paranormal Movie Collection Collection =========================|
[2022-03-18 08:13:53,074] [builder.py:1699]           [INFO]     |                                                                                                    |
[2022-03-18 08:13:53,081] [builder.py:1709]           [INFO]     | 1/4 | Paranormal Movie Collection Collection | + | The Conjuring (2013)                            |
[2022-03-18 08:13:53,135] [builder.py:1709]           [INFO]     | 2/4 | Paranormal Movie Collection Collection | + | The Conjuring 2 (2016)                          |
[2022-03-18 08:13:53,186] [builder.py:1709]           [INFO]     | 3/4 | Paranormal Movie Collection Collection | + | Insidious (2010)                                |
[2022-03-18 08:13:53,333] [builder.py:1709]           [INFO]     | 4/4 | Paranormal Movie Collection Collection | + | It Chapter Two (2019)                           |
[2022-03-18 08:13:53,384] [builder.py:1734]           [INFO]     |                                                                                                    |
[2022-03-18 08:13:53,385] [builder.py:1735]           [INFO]     | 4 Movies Processed                                                                                 |
[2022-03-18 08:13:53,385] [builder.py:1929]           [INFO]     |                                                                                                    |
[2022-03-18 08:13:53,386] [util.py:216]               [INFO]     |===================== Missing Movies from Library: Paranormal Movie Collection =====================|
[2022-03-18 08:13:53,386] [builder.py:1931]           [INFO]     |                                                                                                    |
[2022-03-18 08:13:53,692] [builder.py:1943]           [INFO]     | Paranormal Movie Collection Collection | ? | Paranormal Activity (2007) (TMDb: 23827)              |
[2022-03-18 08:13:53,945] [builder.py:1943]           [INFO]     | Paranormal Movie Collection Collection | ? | Paranormal Activity 2 (2010) (TMDb: 41436)            |
[2022-03-18 08:13:54,202] [builder.py:1943]           [INFO]     | Paranormal Movie Collection Collection | ? | Paranormal Activity 3 (2011) (TMDb: 72571)            |
[2022-03-18 08:13:54,454] [builder.py:1943]           [INFO]     | Paranormal Movie Collection Collection | ? | Paranormal Activity 4 (2012) (TMDb: 82990)            |
[2022-03-18 08:13:54,773] [builder.py:1943]           [INFO]     | Paranormal Movie Collection Collection | ? | Paranormal Activity: The Marked Ones (2014) (TMDb: 227348) |
[2022-03-18 08:13:55,070] [builder.py:1943]           [INFO]     | Paranormal Movie Collection Collection | ? | Paranormal Activity: The Ghost Dimension (2015) (TMDb: 146301) |
[2022-03-18 08:13:55,355] [builder.py:1943]           [INFO]     | Paranormal Movie Collection Collection | ? | Paranormal Evil (2018) (TMDb: 524286)                 |
[2022-03-18 08:13:55,697] [builder.py:1943]           [INFO]     | Paranormal Movie Collection Collection | ? | Conjurer (2008) (TMDb: 25573)                         |
[2022-03-18 08:13:55,698] [builder.py:1943]           [INFO]     | Paranormal Movie Collection Collection | ? | American Conjuring (2016) (TMDb: 381170)              |
[2022-03-18 08:13:55,980] [builder.py:1943]           [INFO]     | Paranormal Movie Collection Collection | ? | Adaline (2015) (TMDb: 371958)                         |
[2022-03-18 08:13:56,239] [builder.py:1943]           [INFO]     | Paranormal Movie Collection Collection | ? | A Haunted House (2013) (TMDb: 139038)                 |
[2022-03-18 08:13:56,497] [builder.py:1943]           [INFO]     | Paranormal Movie Collection Collection | ? | A Haunted House 2 (2014) (TMDb: 184345)               |
[2022-03-18 08:13:56,747] [builder.py:1943]           [INFO]     | Paranormal Movie Collection Collection | ? | Grave Encounters (2011) (TMDb: 50698)                 |
[2022-03-18 08:13:57,098] [builder.py:1943]           [INFO]     | Paranormal Movie Collection Collection | ? | Grave Encounters 2 (2012) (TMDb: 134366)              |
[2022-03-18 08:13:57,372] [builder.py:1943]           [INFO]     | Paranormal Movie Collection Collection | ? | Annabelle Comes Home (2019) (TMDb: 521029)            |
[2022-03-18 08:13:57,716] [builder.py:1943]           [INFO]     | Paranormal Movie Collection Collection | ? | Annabelle: Creation (2017) (TMDb: 396422)             |
[2022-03-18 08:13:57,969] [builder.py:1943]           [INFO]     | Paranormal Movie Collection Collection | ? | Annabelle (2014) (TMDb: 250546)                       |
[2022-03-18 08:13:58,248] [builder.py:1943]           [INFO]     | Paranormal Movie Collection Collection | ? | Insidious: Chapter 3 (2015) (TMDb: 280092)            |
[2022-03-18 08:13:58,496] [builder.py:1943]           [INFO]     | Paranormal Movie Collection Collection | ? | Insidious: Chapter 2 (2013) (TMDb: 91586)             |
[2022-03-18 08:13:58,760] [builder.py:1943]           [INFO]     | Paranormal Movie Collection Collection | ? | Insidious: The Last Key (2018) (TMDb: 406563)         |
[2022-03-18 08:13:59,031] [builder.py:1943]           [INFO]     | Paranormal Movie Collection Collection | ? | Ouija (2014) (TMDb: 242512)                           |
[2022-03-18 08:13:59,033] [builder.py:1943]           [INFO]     | Paranormal Movie Collection Collection | ? | Ouija: Origin of Evil (2016) (TMDb: 335796)           |
[2022-03-18 08:13:59,035] [builder.py:1943]           [INFO]     | Paranormal Movie Collection Collection | ? | Poltergeist (1982) (TMDb: 609)                        |
[2022-03-18 08:13:59,447] [builder.py:1943]           [INFO]     | Paranormal Movie Collection Collection | ? | Poltergeist (2015) (TMDb: 243688)                     |
[2022-03-18 08:13:59,449] [builder.py:1943]           [INFO]     | Paranormal Movie Collection Collection | ? | Poltergeist II: The Other Side (1986) (TMDb: 11133)   |
[2022-03-18 08:13:59,726] [builder.py:1943]           [INFO]     | Paranormal Movie Collection Collection | ? | Poltergeist III (1988) (TMDb: 10306)                  |
[2022-03-18 08:14:00,028] [builder.py:1943]           [INFO]     | Paranormal Movie Collection Collection | ? | Blair Witch (2016) (TMDb: 351211)                     |
[2022-03-18 08:14:00,309] [builder.py:1943]           [INFO]     | Paranormal Movie Collection Collection | ? | The Blair Witch Project (1999) (TMDb: 2667)           |
[2022-03-18 08:14:00,638] [builder.py:1943]           [INFO]     | Paranormal Movie Collection Collection | ? | Book of Shadows: Blair Witch 2 (2000) (TMDb: 11531)   |
[2022-03-18 08:14:00,897] [builder.py:1943]           [INFO]     | Paranormal Movie Collection Collection | ? | Curse of the Blair Witch (1999) (TMDb: 128748)        |
[2022-03-18 08:14:01,184] [builder.py:1943]           [INFO]     | Paranormal Movie Collection Collection | ? | The Quiet Ones (2014) (TMDb: 193612)                  |
[2022-03-18 08:14:01,447] [builder.py:1943]           [INFO]     | Paranormal Movie Collection Collection | ? | Jessabelle (2014) (TMDb: 203834)                      |
[2022-03-18 08:14:01,714] [builder.py:1943]           [INFO]     | Paranormal Movie Collection Collection | ? | The Innkeepers (2011) (TMDb: 58428)                   |
[2022-03-18 08:14:01,962] [builder.py:1943]           [INFO]     | Paranormal Movie Collection Collection | ? | The Awakening (2011) (TMDb: 77949)                    |
[2022-03-18 08:14:01,966] [builder.py:1943]           [INFO]     | Paranormal Movie Collection Collection | ? | The Amityville Horror (2005) (TMDb: 10065)            |
[2022-03-18 08:14:01,967] [builder.py:1943]           [INFO]     | Paranormal Movie Collection Collection | ? | The Amityville Horror (1979) (TMDb: 11449)            |
[2022-03-18 08:14:02,262] [builder.py:1943]           [INFO]     | Paranormal Movie Collection Collection | ? | Amityville: The Awakening (2017) (TMDb: 203835)       |
[2022-03-18 08:14:02,265] [builder.py:1943]           [INFO]     | Paranormal Movie Collection Collection | ? | Amityville II: The Possession (1982) (TMDb: 16235)    |
[2022-03-18 08:14:02,548] [builder.py:1943]           [INFO]     | Paranormal Movie Collection Collection | ? | The Amityville Murders (2018) (TMDb: 473902)          |
[2022-03-18 08:14:02,551] [builder.py:1943]           [INFO]     | Paranormal Movie Collection Collection | ? | Ghostbusters (1984) (TMDb: 620)                       |
[2022-03-18 08:14:02,891] [builder.py:1943]           [INFO]     | Paranormal Movie Collection Collection | ? | Ghostbusters (2016) (TMDb: 43074)                     |
[2022-03-18 08:14:02,894] [builder.py:1943]           [INFO]     | Paranormal Movie Collection Collection | ? | Ghostbusters II (1989) (TMDb: 2978)                   |
[2022-03-18 08:14:03,166] [builder.py:1943]           [INFO]     | Paranormal Movie Collection Collection | ? | The Haunting (1999) (TMDb: 11618)                     |
[2022-03-18 08:14:03,527] [builder.py:1943]           [INFO]     | Paranormal Movie Collection Collection | ? | The Haunting (1963) (TMDb: 11772)                     |
[2022-03-18 08:14:03,858] [builder.py:1943]           [INFO]     | Paranormal Movie Collection Collection | ? | The Haunting of Alice D (2014) (TMDb: 295339)         |
[2022-03-18 08:14:04,128] [builder.py:1943]           [INFO]     | Paranormal Movie Collection Collection | ? | The Haunting of Molly Hartley (2008) (TMDb: 14745)    |
[2022-03-18 08:14:04,132] [builder.py:1943]           [INFO]     | Paranormal Movie Collection Collection | ? | The Ring (2002) (TMDb: 565)                           |
[2022-03-18 08:14:04,418] [builder.py:1943]           [INFO]     | Paranormal Movie Collection Collection | ? | The Ring Two (2005) (TMDb: 10320)                     |
[2022-03-18 08:14:04,675] [builder.py:1943]           [INFO]     | Paranormal Movie Collection Collection | ? | Scary Movie 2 (2001) (TMDb: 4248)                     |
[2022-03-18 08:14:04,992] [builder.py:1943]           [INFO]     | Paranormal Movie Collection Collection | ? | Scary Movie 3 (2003) (TMDb: 4256)                     |
[2022-03-18 08:14:05,277] [builder.py:1943]           [INFO]     | Paranormal Movie Collection Collection | ? | Scary Movie 5 (2013) (TMDb: 4258)                     |
[2022-03-18 08:14:05,676] [builder.py:1943]           [INFO]     | Paranormal Movie Collection Collection | ? | Scary Movie 4 (2006) (TMDb: 4257)                     |
[2022-03-18 08:14:05,989] [builder.py:1943]           [INFO]     | Paranormal Movie Collection Collection | ? | The Legend of Hell House (1973) (TMDb: 16180)         |
[2022-03-18 08:14:06,277] [builder.py:1943]           [INFO]     | Paranormal Movie Collection Collection | ? | The Grudge (2004) (TMDb: 1970)                        |
[2022-03-18 08:14:06,529] [builder.py:1943]           [INFO]     | Paranormal Movie Collection Collection | ? | The Grudge 2 (2006) (TMDb: 1975)                      |
[2022-03-18 08:14:06,820] [builder.py:1943]           [INFO]     | Paranormal Movie Collection Collection | ? | The Grudge 3 (2009) (TMDb: 1977)                      |
[2022-03-18 08:14:07,110] [builder.py:1943]           [INFO]     | Paranormal Movie Collection Collection | ? | The Eye (2008) (TMDb: 9030)                           |
[2022-03-18 08:14:07,362] [builder.py:1943]           [INFO]     | Paranormal Movie Collection Collection | ? | Dead Silence (2007) (TMDb: 14001)                     |
[2022-03-18 08:14:07,365] [builder.py:1943]           [INFO]     | Paranormal Movie Collection Collection | ? | The Exorcist (1973) (TMDb: 9552)                      |
[2022-03-18 08:14:07,367] [builder.py:1943]           [INFO]     | Paranormal Movie Collection Collection | ? | The Exorcist III (1990) (TMDb: 11587)                 |
[2022-03-18 08:14:07,369] [builder.py:1943]           [INFO]     | Paranormal Movie Collection Collection | ? | Exorcist: The Beginning (2004) (TMDb: 11026)          |
[2022-03-18 08:14:07,648] [builder.py:1943]           [INFO]     | Paranormal Movie Collection Collection | ? | Dominion: Prequel to The Exorcist (2005) (TMDb: 12700) |
[2022-03-18 08:14:07,905] [builder.py:1943]           [INFO]     | Paranormal Movie Collection Collection | ? | Exorcist II: The Heretic (1977) (TMDb: 11586)         |
[2022-03-18 08:14:07,908] [builder.py:1943]           [INFO]     | Paranormal Movie Collection Collection | ? | 1408 (2007) (TMDb: 3021)                              |
[2022-03-18 08:14:08,178] [builder.py:1943]           [INFO]     | Paranormal Movie Collection Collection | ? | House on Haunted Hill (1999) (TMDb: 11377)            |
[2022-03-18 08:14:08,506] [builder.py:1943]           [INFO]     | Paranormal Movie Collection Collection | ? | Return to House on Haunted Hill (2007) (TMDb: 13564)  |
[2022-03-18 08:14:08,509] [builder.py:1943]           [INFO]     | Paranormal Movie Collection Collection | ? | Orphan (2009) (TMDb: 21208)                           |
[2022-03-18 08:14:08,816] [builder.py:1943]           [INFO]     | Paranormal Movie Collection Collection | ? | What Lies Beneath (2000) (TMDb: 2655)                 |
[2022-03-18 08:14:09,127] [builder.py:1943]           [INFO]     | Paranormal Movie Collection Collection | ? | It (2017) (TMDb: 346364)                              |
[2022-03-18 08:14:09,130] [builder.py:1943]           [INFO]     | Paranormal Movie Collection Collection | ? | The Others (2001) (TMDb: 1933)                        |
[2022-03-18 08:14:09,133] [builder.py:1943]           [INFO]     | Paranormal Movie Collection Collection | ? | The Skeleton Key (2005) (TMDb: 9913)                  |
[2022-03-18 08:14:09,435] [builder.py:1943]           [INFO]     | Paranormal Movie Collection Collection | ? | Sinister (2012) (TMDb: 82507)                         |
[2022-03-18 08:14:09,744] [builder.py:1943]           [INFO]     | Paranormal Movie Collection Collection | ? | Sinister 2 (2015) (TMDb: 283445)                      |
[2022-03-18 08:14:09,748] [builder.py:1943]           [INFO]     | Paranormal Movie Collection Collection | ? | Gothika (2003) (TMDb: 4970)                           |
[2022-03-18 08:14:10,006] [builder.py:1943]           [INFO]     | Paranormal Movie Collection Collection | ? | Ghost Ship (2002) (TMDb: 9645)                        |
[2022-03-18 08:14:10,278] [builder.py:1943]           [INFO]     | Paranormal Movie Collection Collection | ? | Stir of Echoes (1999) (TMDb: 11601)                   |
[2022-03-18 08:14:10,565] [builder.py:1943]           [INFO]     | Paranormal Movie Collection Collection | ? | Thir13en Ghosts (2001) (TMDb: 9378)                   |
[2022-03-18 08:14:10,904] [builder.py:1943]           [INFO]     | Paranormal Movie Collection Collection | ? | Fallen (1998) (TMDb: 9411)                            |
[2022-03-18 08:14:11,192] [builder.py:1943]           [INFO]     | Paranormal Movie Collection Collection | ? | The Frighteners (1996) (TMDb: 10779)                  |
[2022-03-18 08:14:11,495] [builder.py:1943]           [INFO]     | Paranormal Movie Collection Collection | ? | Ghost (1990) (TMDb: 251)                              |
[2022-03-18 08:14:11,744] [builder.py:1943]           [INFO]     | Paranormal Movie Collection Collection | ? | Mama (2013) (TMDb: 132232)                            |
[2022-03-18 08:14:12,011] [builder.py:1943]           [INFO]     | Paranormal Movie Collection Collection | ? | The Rite (2011) (TMDb: 48171)                         |
[2022-03-18 08:14:12,316] [builder.py:1943]           [INFO]     | Paranormal Movie Collection Collection | ? | Demonic (2015) (TMDb: 234212)                         |
[2022-03-18 08:14:12,656] [builder.py:1943]           [INFO]     | Paranormal Movie Collection Collection | ? | The Nun (2013) (TMDb: 159967)                         |
[2022-03-18 08:14:12,659] [builder.py:1943]           [INFO]     | Paranormal Movie Collection Collection | ? | Drag Me to Hell (2009) (TMDb: 16871)                  |
[2022-03-18 08:14:12,970] [builder.py:1943]           [INFO]     | Paranormal Movie Collection Collection | ? | Shutter (2008) (TMDb: 10885)                          |
[2022-03-18 08:14:13,247] [builder.py:1943]           [INFO]     | Paranormal Movie Collection Collection | ? | The Entity (1982) (TMDb: 24740)                       |
[2022-03-18 08:14:13,489] [builder.py:1943]           [INFO]     | Paranormal Movie Collection Collection | ? | The Orphanage (2007) (TMDb: 6537)                     |
[2022-03-18 08:14:13,492] [builder.py:1943]           [INFO]     | Paranormal Movie Collection Collection | ? | Beetlejuice (1988) (TMDb: 4011)                       |
[2022-03-18 08:14:13,495] [builder.py:1943]           [INFO]     | Paranormal Movie Collection Collection | ? | The Sixth Sense (1999) (TMDb: 745)                    |
[2022-03-18 08:14:13,802] [builder.py:1943]           [INFO]     | Paranormal Movie Collection Collection | ? | White Noise (2005) (TMDb: 11804)                      |
[2022-03-18 08:14:14,126] [builder.py:1943]           [INFO]     | Paranormal Movie Collection Collection | ? | The Gift (2000) (TMDb: 2046)                          |
[2022-03-18 08:14:14,385] [builder.py:1943]           [INFO]     | Paranormal Movie Collection Collection | ? | 100 Feet (2008) (TMDb: 14098)                         |
[2022-03-18 08:14:14,648] [builder.py:1943]           [INFO]     | Paranormal Movie Collection Collection | ? | Audrey Rose (1977) (TMDb: 49126)                      |
[2022-03-18 08:14:14,924] [builder.py:1943]           [INFO]     | Paranormal Movie Collection Collection | ? | Wind Chill (2007) (TMDb: 14223)                       |
[2022-03-18 08:14:15,192] [builder.py:1943]           [INFO]     | Paranormal Movie Collection Collection | ? | One Missed Call (2008) (TMDb: 6933)                   |
[2022-03-18 08:14:15,195] [builder.py:1943]           [INFO]     | Paranormal Movie Collection Collection | ? | The Uninvited (2009) (TMDb: 14254)                    |
[2022-03-18 08:14:15,515] [builder.py:1943]           [INFO]     | Paranormal Movie Collection Collection | ? | The Locals (2003) (TMDb: 35250)                       |
[2022-03-18 08:14:15,765] [builder.py:1943]           [INFO]     | Paranormal Movie Collection Collection | ? | The Messengers (2007) (TMDb: 9966)                    |
[2022-03-18 08:14:16,070] [builder.py:1943]           [INFO]     | Paranormal Movie Collection Collection | ? | The Unborn (2009) (TMDb: 13788)                       |
[2022-03-18 08:14:16,357] [builder.py:1943]           [INFO]     | Paranormal Movie Collection Collection | ? | The Changeling (1980) (TMDb: 13550)                   |
[2022-03-18 08:14:16,359] [builder.py:1943]           [INFO]     | Paranormal Movie Collection Collection | ? | The Woman in Black (2012) (TMDb: 65086)               |
[2022-03-18 08:14:16,620] [builder.py:1943]           [INFO]     | Paranormal Movie Collection Collection | ? | Scary Movie (2000) (TMDb: 4247)                       |
[2022-03-18 08:14:16,622] [builder.py:1943]           [INFO]     | Paranormal Movie Collection Collection | ? | Oculus (2013) (TMDb: 157547)                          |
[2022-03-18 08:14:16,623] [builder.py:1947]           [INFO]     |                                                                                                    |
[2022-03-18 08:14:16,623] [builder.py:1948]           [INFO]     | 104 Movies Missing                                                                                 |
[2022-03-18 08:14:16,801] [plex.py:615]               [DEBUG]    | Smart Collection Test: ?type=1&sort=rating%3Adesc&label=47963                                      |
[2022-03-18 08:14:16,830] [builder.py:2147]           [INFO]     |                                                                                                    |
[2022-03-18 08:14:16,831] [util.py:216]               [INFO]     |==================== Updating Details of Paranormal Movie Collection Collection ====================|
[2022-03-18 08:14:16,832] [builder.py:2149]           [INFO]     |                                                                                                    |
[2022-03-18 08:14:16,832] [builder.py:2156]           [INFO]     | Detail: summary updated Collection Summary                                                         |
[2022-03-18 08:14:16,833] [builder.py:2193]           [INFO]     | Detail: sort_title updated Collection Sort Title to ++++++++++++++++++_Paranormal Movie Collection |
[2022-03-18 08:14:16,833] [builder.py:2235]           [DEBUG]    | {'summary.value': 'Paranormal grene of movies from varrious trakt members.', 'summary.locked': 1, 'titleSort.value': '++++++++++++++++++_Paranormal Movie Collection', 'titleSort.locked': 1} |
[2022-03-18 08:14:16,845] [builder.py:2237]           [INFO]     | Details: have been updated                                                                         |
[2022-03-18 08:14:16,846] [builder.py:2258]           [DEBUG]    | 1 posters found:                                                                                   |
[2022-03-18 08:14:16,846] [builder.py:2260]           [DEBUG]    | Method: url_poster Poster: https://imgur.com/IzwpRht                                               |
[2022-03-18 08:14:16,847] [builder.py:2327]           [INFO]     | No background collection detail or asset folder found                                              |
[2022-03-18 08:14:29,005] [library.py:145]            [INFO]     | Detail: url_poster updated poster to [URL] https://imgur.com/IzwpRht                               |
[2022-03-18 08:14:29,121] [plex_meta_manager.py:880]  [INFO]     |                                                                                                    |
[2022-03-18 08:14:29,122] [util.py:209]               [INFO]     |====================================================================================================|
[2022-03-18 08:14:29,122] [util.py:216]               [INFO]     |                          Finished Paranormal Movie Collection Collection                           |
[2022-03-18 08:14:29,123] [util.py:216]               [INFO]     |                                    Collection Run Time: 0:00:36                                    |
[2022-03-18 08:14:29,123] [util.py:220]               [INFO]     |====================================================================================================|
