[2022-11-06 10:47:56,003] [util.py:209]               [INFO]     |====================================================================================================|
[2022-11-06 10:47:56,003] [util.py:216]               [INFO]     |                                Celebrating Mom Collection in Movies                                |
[2022-11-06 10:47:56,004] [util.py:220]               [INFO]     |====================================================================================================|
[2022-11-06 10:47:56,004] [plex_meta_manager.py:750]  [INFO]     |                                                                                                    |
[2022-11-06 10:47:56,005] [util.py:216]               [INFO]     |============================== Validating Celebrating Mom Attributes ===============================|
[2022-11-06 10:47:56,005] [builder.py:265]            [DEBUG]    |                                                                                                    |
[2022-11-06 10:47:56,005] [builder.py:266]            [DEBUG]    | Validating Method: template                                                                        |
[2022-11-06 10:47:56,005] [meta.py:83]                [DEBUG]    | Value: ordereddict([('name', 'Holiday'), ('poster', './config/posters/paintings/mothers_day.jpg')]) |
[2022-11-06 10:47:56,006] [builder.py:273]            [DEBUG]    |                                                                                                    |
[2022-11-06 10:47:56,006] [builder.py:274]            [DEBUG]    | Validating Method: delete_not_scheduled                                                            |
[2022-11-06 10:47:56,006] [builder.py:275]            [DEBUG]    | Value: True                                                                                        |
[2022-11-06 10:47:56,006] [builder.py:279]            [DEBUG]    |                                                                                                    |
[2022-11-06 10:47:56,007] [builder.py:280]            [DEBUG]    | Validating Method: schedule                                                                        |
[2022-11-06 10:47:56,007] [builder.py:284]            [DEBUG]    | Value: range(05/01-05/17)                                                                          |
[2022-11-06 10:47:56,010] [plex.py:687]               [DEBUG]    | Looking for: Celebrating Mom                                                                       |
[2022-11-06 10:47:56,010] [util.py:161]               [INFO]     |                                                                                                    |
[2022-11-06 10:47:56,011] [util.py:161]               [INFO]     | Scheduled between May 1st and May 17th                                                             |
[2022-11-06 10:47:56,011] [util.py:161]               [INFO]     |                                                                                                    |
[2022-11-06 10:47:56,011] [util.py:161]               [INFO]     | Collection Celebrating Mom not scheduled to run and could not be found to delete                   |
[2022-11-06 10:47:56,011] [plex_meta_manager.py:880]  [INFO]     |                                                                                                    |
[2022-11-06 10:47:56,012] [util.py:209]               [INFO]     |====================================================================================================|
[2022-11-06 10:47:56,012] [util.py:216]               [INFO]     |                                Finished Celebrating Mom Collection                                 |
[2022-11-06 10:47:56,012] [util.py:216]               [INFO]     |                                    Collection Run Time: 0:00:00                                    |
[2022-11-06 10:47:56,012] [util.py:220]               [INFO]     |====================================================================================================|
