[2022-10-28 01:00:43,981] [util.py:209]               [INFO]     |====================================================================================================|
[2022-10-28 01:00:43,981] [util.py:216]               [INFO]     |                                   Gremlins Collection in Movies                                    |
[2022-10-28 01:00:43,982] [util.py:220]               [INFO]     |====================================================================================================|
[2022-10-28 01:00:43,982] [plex_meta_manager.py:750]  [INFO]     |                                                                                                    |
[2022-10-28 01:00:43,983] [util.py:216]               [INFO]     |================================== Validating Gremlins Attributes ==================================|
[2022-10-28 01:00:43,983] [builder.py:265]            [DEBUG]    |                                                                                                    |
[2022-10-28 01:00:43,983] [builder.py:266]            [DEBUG]    | Validating Method: template                                                                        |
[2022-10-28 01:00:43,984] [meta.py:83]                [DEBUG]    | Value: ordereddict([('name', 'Movie'), ('collection', 89151), ('summary', 89151), ('poster', 'https://theposterdb.com/api/assets/2441')]) |
[2022-10-28 01:00:43,984] [builder.py:330]            [DEBUG]    |                                                                                                    |
[2022-10-28 01:00:43,984] [builder.py:331]            [DEBUG]    | Validating Method: sync_mode                                                                       |
[2022-10-28 01:00:43,984] [builder.py:335]            [DEBUG]    | Value: sync                                                                                        |
[2022-10-28 01:00:43,985] [builder.py:453]            [DEBUG]    |                                                                                                    |
[2022-10-28 01:00:43,985] [builder.py:454]            [DEBUG]    | Validating Method: collection_order                                                                |
[2022-10-28 01:00:43,985] [builder.py:455]            [DEBUG]    | Value: release                                                                                     |
[2022-10-28 01:00:43,985] [builder.py:472]            [DEBUG]    |                                                                                                    |
[2022-10-28 01:00:43,985] [builder.py:473]            [DEBUG]    | Validating Method: url_poster                                                                      |
[2022-10-28 01:00:43,986] [builder.py:474]            [DEBUG]    | Value: https://theposterdb.com/api/assets/2441                                                     |
[2022-10-28 01:00:43,986] [builder.py:472]            [DEBUG]    |                                                                                                    |
[2022-10-28 01:00:43,986] [builder.py:473]            [DEBUG]    | Validating Method: tmdb_collection                                                                 |
[2022-10-28 01:00:43,986] [builder.py:474]            [DEBUG]    | Value: 89151                                                                                       |
[2022-10-28 01:00:44,082] [builder.py:472]            [DEBUG]    |                                                                                                    |
[2022-10-28 01:00:44,082] [builder.py:473]            [DEBUG]    | Validating Method: tmdb_summary                                                                    |
[2022-10-28 01:00:44,083] [builder.py:474]            [DEBUG]    | Value: 89151                                                                                       |
[2022-10-28 01:00:44,083] [builder.py:472]            [DEBUG]    |                                                                                                    |
[2022-10-28 01:00:44,083] [builder.py:473]            [DEBUG]    | Validating Method: sort_title                                                                      |
[2022-10-28 01:00:44,083] [builder.py:474]            [DEBUG]    | Value: 00000f_Gremlins                                                                             |
[2022-10-28 01:00:44,084] [builder.py:472]            [DEBUG]    |                                                                                                    |
[2022-10-28 01:00:44,084] [builder.py:473]            [DEBUG]    | Validating Method: radarr_add_missing                                                              |
[2022-10-28 01:00:44,084] [builder.py:474]            [DEBUG]    | Value: True                                                                                        |
[2022-10-28 01:00:44,220] [builder.py:619]            [INFO]     |                                                                                                    |
[2022-10-28 01:00:44,221] [builder.py:620]            [INFO]     | Validation Successful                                                                              |
[2022-10-28 01:00:44,222] [plex_meta_manager.py:758]  [INFO]     |                                                                                                    |
[2022-10-28 01:00:44,222] [util.py:216]               [INFO]     |=================================== Running Gremlins Collection ====================================|
[2022-10-28 01:00:44,223] [plex_meta_manager.py:773]  [INFO]     |                                                                                                    |
[2022-10-28 01:00:44,223] [plex_meta_manager.py:774]  [INFO]     | Sync Mode: sync                                                                                    |
[2022-10-28 01:00:44,223] [builder.py:1275]           [DEBUG]    |                                                                                                    |
[2022-10-28 01:00:44,223] [builder.py:1276]           [DEBUG]    | Builder: tmdb_collection: 89151                                                                    |
[2022-10-28 01:00:44,224] [builder.py:1277]           [INFO]     |                                                                                                    |
[2022-10-28 01:00:44,224] [tmdb.py:321]               [INFO]     | Processing TMDb Collection: (89151) The Gremlins Collection (2 Items)                              |
[2022-10-28 01:00:44,224] [builder.py:1282]           [DEBUG]    |                                                                                                    |
[2022-10-28 01:00:44,224] [builder.py:1283]           [DEBUG]    | 2 IDs Found: [(927, 'tmdb'), (928, 'tmdb')]                                                        |
[2022-10-28 01:00:44,225] [builder.py:1284]           [DEBUG]    |                                                                                                    |
[2022-10-28 01:00:44,267] [builder.py:1697]           [INFO]     |                                                                                                    |
[2022-10-28 01:00:44,267] [util.py:216]               [INFO]     |================================== Adding to Gremlins Collection ===================================|
[2022-10-28 01:00:44,268] [builder.py:1699]           [INFO]     |                                                                                                    |
[2022-10-28 01:00:44,268] [builder.py:1709]           [INFO]     | 1/2 | Gremlins Collection | = | Gremlins (1984)                                                    |
[2022-10-28 01:00:44,268] [builder.py:1709]           [INFO]     | 2/2 | Gremlins Collection | = | Gremlins 2: The New Batch (1990)                                   |
[2022-10-28 01:00:44,269] [builder.py:1734]           [INFO]     |                                                                                                    |
[2022-10-28 01:00:44,269] [builder.py:1735]           [INFO]     | 2 Movies Processed                                                                                 |
[2022-10-28 01:00:44,272] [builder.py:2147]           [INFO]     |                                                                                                    |
[2022-10-28 01:00:44,273] [util.py:216]               [INFO]     |============================= Updating Details of Gremlins Collection ==============================|
[2022-10-28 01:00:44,273] [builder.py:2149]           [INFO]     |                                                                                                    |
[2022-10-28 01:00:44,273] [builder.py:2156]           [INFO]     | Detail: tmdb_summary updated Collection Summary                                                    |
[2022-10-28 01:00:44,274] [builder.py:2258]           [DEBUG]    | 1 posters found:                                                                                   |
[2022-10-28 01:00:44,274] [builder.py:2260]           [DEBUG]    | Method: url_poster Poster: https://theposterdb.com/api/assets/2441                                 |
[2022-10-28 01:00:44,274] [builder.py:2327]           [INFO]     | No background collection detail or asset folder found                                              |
[2022-10-28 01:00:44,275] [library.py:147]            [INFO]     | Detail: poster update not needed                                                                   |
[2022-10-28 01:00:44,416] [plex_meta_manager.py:880]  [INFO]     |                                                                                                    |
[2022-10-28 01:00:44,416] [util.py:209]               [INFO]     |====================================================================================================|
[2022-10-28 01:00:44,417] [util.py:216]               [INFO]     |                                    Finished Gremlins Collection                                    |
[2022-10-28 01:00:44,417] [util.py:216]               [INFO]     |                                    Collection Run Time: 0:00:00                                    |
[2022-10-28 01:00:44,417] [util.py:220]               [INFO]     |====================================================================================================|
