[2022-11-23 17:32:45,942] [util.py:209]               [INFO]     |====================================================================================================|
[2022-11-23 17:32:45,942] [util.py:216]               [INFO]     |                           Spooky Season Approaches Collection in Movies                            |
[2022-11-23 17:32:45,943] [util.py:220]               [INFO]     |====================================================================================================|
[2022-11-23 17:32:45,943] [plex_meta_manager.py:750]  [INFO]     |                                                                                                    |
[2022-11-23 17:32:45,943] [util.py:216]               [INFO]     |========================== Validating Spooky Season Approaches Attributes ==========================|
[2022-11-23 17:32:45,944] [builder.py:265]            [DEBUG]    |                                                                                                    |
[2022-11-23 17:32:45,944] [builder.py:266]            [DEBUG]    | Validating Method: template                                                                        |
[2022-11-23 17:32:45,944] [meta.py:83]                [DEBUG]    | Value: ordereddict([('name', 'Holiday'), ('poster', './config/posters/paintings/halloween.jpg')])  |
[2022-11-23 17:32:45,944] [builder.py:273]            [DEBUG]    |                                                                                                    |
[2022-11-23 17:32:45,945] [builder.py:274]            [DEBUG]    | Validating Method: delete_not_scheduled                                                            |
[2022-11-23 17:32:45,945] [builder.py:275]            [DEBUG]    | Value: True                                                                                        |
[2022-11-23 17:32:45,945] [builder.py:279]            [DEBUG]    |                                                                                                    |
[2022-11-23 17:32:45,945] [builder.py:280]            [DEBUG]    | Validating Method: schedule                                                                        |
[2022-11-23 17:32:45,946] [builder.py:284]            [DEBUG]    | Value: range(09/20-11/01)                                                                          |
[2022-11-23 17:32:45,949] [plex.py:687]               [DEBUG]    | Looking for: Spooky Season Approaches                                                              |
[2022-11-23 17:32:45,949] [util.py:161]               [INFO]     |                                                                                                    |
[2022-11-23 17:32:45,949] [util.py:161]               [INFO]     | Scheduled between September 20th and November 1st                                                  |
[2022-11-23 17:32:45,950] [util.py:161]               [INFO]     |                                                                                                    |
[2022-11-23 17:32:45,950] [util.py:161]               [INFO]     | Collection Spooky Season Approaches not scheduled to run and could not be found to delete          |
[2022-11-23 17:32:45,950] [plex_meta_manager.py:880]  [INFO]     |                                                                                                    |
[2022-11-23 17:32:45,950] [util.py:209]               [INFO]     |====================================================================================================|
[2022-11-23 17:32:45,951] [util.py:216]               [INFO]     |                            Finished Spooky Season Approaches Collection                            |
[2022-11-23 17:32:45,951] [util.py:216]               [INFO]     |                                    Collection Run Time: 0:00:00                                    |
[2022-11-23 17:32:45,951] [util.py:220]               [INFO]     |====================================================================================================|
