[2022-10-25 01:25:56,916] [util.py:209]               [INFO]     |====================================================================================================|
[2022-10-25 01:25:56,916] [util.py:216]               [INFO]     |                                     A&E Collection in TV Shows                                     |
[2022-10-25 01:25:56,916] [util.py:220]               [INFO]     |====================================================================================================|
[2022-10-25 01:25:56,917] [plex_meta_manager.py:750]  [INFO]     |                                                                                                    |
[2022-10-25 01:25:56,917] [util.py:216]               [INFO]     |==================================== Validating A&E Attributes =====================================|
[2022-10-25 01:25:56,917] [builder.py:265]            [DEBUG]    |                                                                                                    |
[2022-10-25 01:25:56,918] [builder.py:266]            [DEBUG]    | Validating Method: template                                                                        |
[2022-10-25 01:25:56,918] [meta.py:83]                [DEBUG]    | Value: ordereddict([('name', 'network'), ('network', '129, 2639, 3688'), ('poster', 'https://theposterdb.com/api/assets/160188')]) |
[2022-10-25 01:25:56,918] [builder.py:330]            [DEBUG]    |                                                                                                    |
[2022-10-25 01:25:56,919] [builder.py:331]            [DEBUG]    | Validating Method: sync_mode                                                                       |
[2022-10-25 01:25:56,919] [builder.py:335]            [DEBUG]    | Value: sync                                                                                        |
[2022-10-25 01:25:56,919] [builder.py:453]            [DEBUG]    |                                                                                                    |
[2022-10-25 01:25:56,919] [builder.py:454]            [DEBUG]    | Validating Method: collection_order                                                                |
[2022-10-25 01:25:56,920] [builder.py:455]            [DEBUG]    | Value: alpha                                                                                       |
[2022-10-25 01:25:56,920] [builder.py:472]            [DEBUG]    |                                                                                                    |
[2022-10-25 01:25:56,920] [builder.py:473]            [DEBUG]    | Validating Method: tmdb_network                                                                    |
[2022-10-25 01:25:56,920] [builder.py:474]            [DEBUG]    | Value: 129, 2639, 3688                                                                             |
[2022-10-25 01:25:57,297] [builder.py:472]            [DEBUG]    |                                                                                                    |
[2022-10-25 01:25:57,297] [builder.py:473]            [DEBUG]    | Validating Method: url_poster                                                                      |
[2022-10-25 01:25:57,297] [builder.py:474]            [DEBUG]    | Value: https://theposterdb.com/api/assets/160188                                                   |
[2022-10-25 01:25:57,297] [builder.py:472]            [DEBUG]    |                                                                                                    |
[2022-10-25 01:25:57,298] [builder.py:473]            [DEBUG]    | Validating Method: sort_title                                                                      |
[2022-10-25 01:25:57,298] [builder.py:474]            [DEBUG]    | Value: +2_A&E                                                                                      |
[2022-10-25 01:25:57,301] [plex.py:685]               [DEBUG]    | Looking for: A&E                                                                                   |
[2022-10-25 01:25:57,301] [builder.py:619]            [INFO]     |                                                                                                    |
[2022-10-25 01:25:57,301] [builder.py:620]            [INFO]     | Validation Successful                                                                              |
[2022-10-25 01:25:57,304] [plex_meta_manager.py:758]  [INFO]     |                                                                                                    |
[2022-10-25 01:25:57,304] [util.py:216]               [INFO]     |====================================== Running A&E Collection ======================================|
[2022-10-25 01:25:57,304] [plex_meta_manager.py:773]  [INFO]     |                                                                                                    |
[2022-10-25 01:25:57,305] [plex_meta_manager.py:774]  [INFO]     | Sync Mode: sync                                                                                    |
[2022-10-25 01:25:57,305] [builder.py:1275]           [DEBUG]    |                                                                                                    |
[2022-10-25 01:25:57,305] [builder.py:1276]           [DEBUG]    | Builder: tmdb_network: 129                                                                         |
[2022-10-25 01:25:57,305] [builder.py:1277]           [INFO]     |                                                                                                    |
[2022-10-25 01:25:58,796] [tmdb.py:280]               [INFO]     | Processing TMDb Network: (129) A&E (240 Shows)                                                     |
[2022-10-25 01:25:58,796] [builder.py:1282]           [DEBUG]    |                                                                                                    |
[2022-10-25 01:25:58,796] [builder.py:1283]           [DEBUG]    | 240 IDs Found: [(46786, 'tmdb_show'), (43901, 'tmdb_show'), (34971, 'tmdb_show'), (39276, 'tmdb_show'), (5146, 'tmdb_show'), (33091, 'tmdb_show'), (65854, 'tmdb_show'), (64099, 'tmdb_show'), (68430, 'tmdb_show'), (96152, 'tmdb_show'), (39758, 'tmdb_show'), (62829, 'tmdb_show'), (32803, 'tmdb_show'), (32861, 'tmdb_show'), (62142, 'tmdb_show'), (19997, 'tmdb_show'), (65925, 'tmdb_show'), (68901, 'tmdb_show'), (207194, 'tmdb_show'), (4557, 'tmdb_show'), (19033, 'tmdb_show'), (1883, 'tmdb_show'), (114635, 'tmdb_show'), (12258, 'tmdb_show'), (30946, 'tmdb_show'), (1205, 'tmdb_show'), (42738, 'tmdb_show'), (31380, 'tmdb_show'), (11145, 'tmdb_show'), (71801, 'tmdb_show'), (50592, 'tmdb_show'), (3195, 'tmdb_show'), (16386, 'tmdb_show'), (37092, 'tmdb_show'), (38785, 'tmdb_show'), (7547, 'tmdb_show'), (60951, 'tmdb_show'), (155892, 'tmdb_show'), (90686, 'tmdb_show'), (122296, 'tmdb_show'), (62284, 'tmdb_show'), (97191, 'tmdb_show'), (14390, 'tmdb_show'), (63199, 'tmdb_show'), (10275, 'tmdb_show'), (119985, 'tmdb_show'), (68505, 'tmdb_show'), (42188, 'tmdb_show'), (83692, 'tmdb_show'), (14124, 'tmdb_show'), (64682, 'tmdb_show'), (13042, 'tmdb_show'), (122821, 'tmdb_show'), (106212, 'tmdb_show'), (19450, 'tmdb_show'), (11011, 'tmdb_show'), (88744, 'tmdb_show'), (62998, 'tmdb_show'), (64559, 'tmdb_show'), (204381, 'tmdb_show'), (92820, 'tmdb_show'), (12327, 'tmdb_show'), (203453, 'tmdb_show'), (3827, 'tmdb_show'), (40169, 'tmdb_show'), (203262, 'tmdb_show'), (79775, 'tmdb_show'), (203303, 'tmdb_show'), (124602, 'tmdb_show'), (119896, 'tmdb_show'), (113809, 'tmdb_show'), (77969, 'tmdb_show'), (75745, 'tmdb_show'), (16357, 'tmdb_show'), (31745, 'tmdb_show'), (75210, 'tmdb_show'), (112812, 'tmdb_show'), (102287, 'tmdb_show'), (204885, 'tmdb_show'), (123932, 'tmdb_show'), (84197, 'tmdb_show'), (128310, 'tmdb_show'), (24587, 'tmdb_show'), (12664, 'tmdb_show'), (73538, 'tmdb_show'), (80408, 'tmdb_show'), (69266, 'tmdb_show'), (62357, 'tmdb_show'), (58436, 'tmdb_show'), (46451, 'tmdb_show'), (18342, 'tmdb_show'), (74580, 'tmdb_show'), (59670, 'tmdb_show'), (3223, 'tmdb_show'), (47694, 'tmdb_show'), (39498, 'tmdb_show'), (77668, 'tmdb_show'), (96733, 'tmdb_show'), (129158, 'tmdb_show'), (8449, 'tmdb_show'), (36768, 'tmdb_show'), (133774, 'tmdb_show'), (34659, 'tmdb_show'), (8752, 'tmdb_show'), (36790, 'tmdb_show'), (7182, 'tmdb_show'), (18807, 'tmdb_show'), (42741, 'tmdb_show'), (121268, 'tmdb_show'), (72653, 'tmdb_show'), (154518, 'tmdb_show'), (27787, 'tmdb_show'), (203427, 'tmdb_show'), (29386, 'tmdb_show'), (32532, 'tmdb_show'), (14163, 'tmdb_show'), (34256, 'tmdb_show'), (205373, 'tmdb_show'), (36022, 'tmdb_show'), (117041, 'tmdb_show'), (77306, 'tmdb_show'), (117342, 'tmdb_show'), (105988, 'tmdb_show'), (63355, 'tmdb_show'), (65325, 'tmdb_show'), (38183, 'tmdb_show'), (204380, 'tmdb_show'), (72810, 'tmdb_show'), (73403, 'tmdb_show'), (91751, 'tmdb_show'), (31603, 'tmdb_show'), (204828, 'tmdb_show'), (16539, 'tmdb_show'), (178066, 'tmdb_show'), (116974, 'tmdb_show'), (133034, 'tmdb_show'), (13174, 'tmdb_show'), (155257, 'tmdb_show'), (88414, 'tmdb_show'), (42819, 'tmdb_show'), (76426, 'tmdb_show'), (129388, 'tmdb_show'), (13059, 'tmdb_show'), (70403, 'tmdb_show'), (66735, 'tmdb_show'), (57752, 'tmdb_show'), (117366, 'tmdb_show'), (80407, 'tmdb_show'), (10638, 'tmdb_show'), (42740, 'tmdb_show'), (19321, 'tmdb_show'), (34133, 'tmdb_show'), (116136, 'tmdb_show'), (37298, 'tmdb_show'), (690, 'tmdb_show'), (203655, 'tmdb_show'), (197572, 'tmdb_show'), (156740, 'tmdb_show'), (154200, 'tmdb_show'), (137535, 'tmdb_show'), (131268, 'tmdb_show'), (128829, 'tmdb_show'), (118478, 'tmdb_show'), (117294, 'tmdb_show'), (117269, 'tmdb_show'), (117040, 'tmdb_show'), (114850, 'tmdb_show'), (113343, 'tmdb_show'), (106954, 'tmdb_show'), (106520, 'tmdb_show'), (103888, 'tmdb_show'), (101609, 'tmdb_show'), (100151, 'tmdb_show'), (98186, 'tmdb_show'), (96633, 'tmdb_show'), (95641, 'tmdb_show'), (93710, 'tmdb_show'), (91076, 'tmdb_show'), (91037, 'tmdb_show'), (86403, 'tmdb_show'), (86017, 'tmdb_show'), (83397, 'tmdb_show'), (80306, 'tmdb_show'), (79446, 'tmdb_show'), (78170, 'tmdb_show'), (77307, 'tmdb_show'), (77133, 'tmdb_show'), (76268, 'tmdb_show'), (69499, 'tmdb_show'), (67323, 'tmdb_show'), (65066, 'tmdb_show'), (63003, 'tmdb_show'), (63000, 'tmdb_show'), (61515, 'tmdb_show'), (59088, 'tmdb_show'), (42818, 'tmdb_show'), (42817, 'tmdb_show'), (42816, 'tmdb_show'), (42815, 'tmdb_show'), (42814, 'tmdb_show'), (42813, 'tmdb_show'), (42811, 'tmdb_show'), (42810, 'tmdb_show'), (42809, 'tmdb_show'), (42808, 'tmdb_show'), (42806, 'tmdb_show'), (42750, 'tmdb_show'), (42749, 'tmdb_show'), (42748, 'tmdb_show'), (42747, 'tmdb_show'), (42746, 'tmdb_show'), (42745, 'tmdb_show'), (42744, 'tmdb_show'), (42742, 'tmdb_show'), (42185, 'tmdb_show'), (38694, 'tmdb_show'), (38414, 'tmdb_show'), (37887, 'tmdb_show'), (37551, 'tmdb_show'), (37358, 'tmdb_show'), (37327, 'tmdb_show'), (37212, 'tmdb_show'), (35951, 'tmdb_show'), (35506, 'tmdb_show'), (35380, 'tmdb_show'), (33695, 'tmdb_show'), (30975, 'tmdb_show'), (29055, 'tmdb_show'), (25675, 'tmdb_show'), (23856, 'tmdb_show'), (21293, 'tmdb_show'), (19100, 'tmdb_show'), (16948, 'tmdb_show'), (10899, 'tmdb_show'), (10811, 'tmdb_show'), (10754, 'tmdb_show'), (9456, 'tmdb_show'), (8006, 'tmdb_show'), (4021, 'tmdb_show'), (614, 'tmdb_show')] |
[2022-10-25 01:25:58,797] [builder.py:1284]           [DEBUG]    |                                                                                                    |
[2022-10-25 01:25:59,186] [builder.py:1361]           [ERROR]    | Convert Error: No TVDb ID Found for TMDb ID: 90686                                                 |
[2022-10-25 01:25:59,317] [builder.py:1361]           [ERROR]    | Convert Error: No TVDb ID Found for TMDb ID: 92820                                                 |
[2022-10-25 01:25:59,435] [builder.py:1361]           [ERROR]    | Convert Error: No TVDb ID Found for TMDb ID: 203303                                                |
[2022-10-25 01:25:59,551] [builder.py:1361]           [ERROR]    | Convert Error: No TVDb ID Found for TMDb ID: 124602                                                |
[2022-10-25 01:25:59,676] [builder.py:1361]           [ERROR]    | Convert Error: No TVDb ID Found for TMDb ID: 112812                                                |
[2022-10-25 01:25:59,808] [builder.py:1361]           [ERROR]    | Convert Error: No TVDb ID Found for TMDb ID: 69266                                                 |
[2022-10-25 01:25:59,923] [builder.py:1361]           [ERROR]    | Convert Error: No TVDb ID Found for TMDb ID: 58436                                                 |
[2022-10-25 01:26:00,072] [builder.py:1361]           [ERROR]    | Convert Error: No TVDb ID Found for TMDb ID: 96733                                                 |
[2022-10-25 01:26:00,183] [builder.py:1361]           [ERROR]    | Convert Error: No TVDb ID Found for TMDb ID: 36790                                                 |
[2022-10-25 01:26:00,294] [builder.py:1361]           [ERROR]    | Convert Error: No TVDb ID Found for TMDb ID: 154518                                                |
[2022-10-25 01:26:00,426] [builder.py:1361]           [ERROR]    | Convert Error: No TVDb ID Found for TMDb ID: 29386                                                 |
[2022-10-25 01:26:00,542] [builder.py:1361]           [ERROR]    | Convert Error: No TVDb ID Found for TMDb ID: 32532                                                 |
[2022-10-25 01:26:00,669] [builder.py:1361]           [ERROR]    | Convert Error: No TVDb ID Found for TMDb ID: 117041                                                |
[2022-10-25 01:26:00,795] [builder.py:1361]           [ERROR]    | Convert Error: No TVDb ID Found for TMDb ID: 77306                                                 |
[2022-10-25 01:26:00,912] [builder.py:1361]           [ERROR]    | Convert Error: No TVDb ID Found for TMDb ID: 117342                                                |
[2022-10-25 01:26:01,038] [builder.py:1361]           [ERROR]    | Convert Error: No TVDb ID Found for TMDb ID: 116974                                                |
[2022-10-25 01:26:01,181] [builder.py:1361]           [ERROR]    | Convert Error: No TVDb ID Found for TMDb ID: 13174                                                 |
[2022-10-25 01:26:01,309] [builder.py:1361]           [ERROR]    | Convert Error: No TVDb ID Found for TMDb ID: 42819                                                 |
[2022-10-25 01:26:01,559] [builder.py:1361]           [ERROR]    | Convert Error: No TVDb ID Found for TMDb ID: 117366                                                |
[2022-10-25 01:26:01,684] [builder.py:1361]           [ERROR]    | Convert Error: No TVDb ID Found for TMDb ID: 80407                                                 |
[2022-10-25 01:26:01,801] [builder.py:1361]           [ERROR]    | Convert Error: No TVDb ID Found for TMDb ID: 19321                                                 |
[2022-10-25 01:26:01,914] [builder.py:1361]           [ERROR]    | Convert Error: No TVDb ID Found for TMDb ID: 156740                                                |
[2022-10-25 01:26:02,044] [builder.py:1361]           [ERROR]    | Convert Error: No TVDb ID Found for TMDb ID: 131268                                                |
[2022-10-25 01:26:02,165] [builder.py:1361]           [ERROR]    | Convert Error: No TVDb ID Found for TMDb ID: 117294                                                |
[2022-10-25 01:26:02,275] [builder.py:1361]           [ERROR]    | Convert Error: No TVDb ID Found for TMDb ID: 117269                                                |
[2022-10-25 01:26:02,401] [builder.py:1361]           [ERROR]    | Convert Error: No TVDb ID Found for TMDb ID: 117040                                                |
[2022-10-25 01:26:02,524] [builder.py:1361]           [ERROR]    | Convert Error: No TVDb ID Found for TMDb ID: 113343                                                |
[2022-10-25 01:26:02,642] [builder.py:1361]           [ERROR]    | Convert Error: No TVDb ID Found for TMDb ID: 101609                                                |
[2022-10-25 01:26:02,761] [builder.py:1361]           [ERROR]    | Convert Error: No TVDb ID Found for TMDb ID: 98186                                                 |
[2022-10-25 01:26:02,876] [builder.py:1361]           [ERROR]    | Convert Error: No TVDb ID Found for TMDb ID: 96633                                                 |
[2022-10-25 01:26:02,995] [builder.py:1361]           [ERROR]    | Convert Error: No TVDb ID Found for TMDb ID: 93710                                                 |
[2022-10-25 01:26:03,113] [builder.py:1361]           [ERROR]    | Convert Error: No TVDb ID Found for TMDb ID: 91076                                                 |
[2022-10-25 01:26:03,226] [builder.py:1361]           [ERROR]    | Convert Error: No TVDb ID Found for TMDb ID: 91037                                                 |
[2022-10-25 01:26:03,346] [builder.py:1361]           [ERROR]    | Convert Error: No TVDb ID Found for TMDb ID: 83397                                                 |
[2022-10-25 01:26:03,466] [builder.py:1361]           [ERROR]    | Convert Error: No TVDb ID Found for TMDb ID: 80306                                                 |
[2022-10-25 01:26:03,588] [builder.py:1361]           [ERROR]    | Convert Error: No TVDb ID Found for TMDb ID: 78170                                                 |
[2022-10-25 01:26:03,807] [builder.py:1361]           [ERROR]    | Convert Error: No TVDb ID Found for TMDb ID: 77307                                                 |
[2022-10-25 01:26:03,920] [builder.py:1361]           [ERROR]    | Convert Error: No TVDb ID Found for TMDb ID: 77133                                                 |
[2022-10-25 01:26:04,049] [builder.py:1361]           [ERROR]    | Convert Error: No TVDb ID Found for TMDb ID: 76268                                                 |
[2022-10-25 01:26:04,167] [builder.py:1361]           [ERROR]    | Convert Error: No TVDb ID Found for TMDb ID: 67323                                                 |
[2022-10-25 01:26:04,304] [builder.py:1361]           [ERROR]    | Convert Error: No TVDb ID Found for TMDb ID: 63003                                                 |
[2022-10-25 01:26:04,431] [builder.py:1361]           [ERROR]    | Convert Error: No TVDb ID Found for TMDb ID: 59088                                                 |
[2022-10-25 01:26:04,549] [builder.py:1361]           [ERROR]    | Convert Error: No TVDb ID Found for TMDb ID: 42818                                                 |
[2022-10-25 01:26:04,667] [builder.py:1361]           [ERROR]    | Convert Error: No TVDb ID Found for TMDb ID: 42817                                                 |
[2022-10-25 01:26:04,781] [builder.py:1361]           [ERROR]    | Convert Error: No TVDb ID Found for TMDb ID: 42816                                                 |
[2022-10-25 01:26:04,922] [builder.py:1361]           [ERROR]    | Convert Error: No TVDb ID Found for TMDb ID: 42815                                                 |
[2022-10-25 01:26:05,039] [builder.py:1361]           [ERROR]    | Convert Error: No TVDb ID Found for TMDb ID: 42814                                                 |
[2022-10-25 01:26:05,155] [builder.py:1361]           [ERROR]    | Convert Error: No TVDb ID Found for TMDb ID: 42813                                                 |
[2022-10-25 01:26:05,293] [builder.py:1361]           [ERROR]    | Convert Error: No TVDb ID Found for TMDb ID: 42811                                                 |
[2022-10-25 01:26:05,438] [builder.py:1361]           [ERROR]    | Convert Error: No TVDb ID Found for TMDb ID: 42810                                                 |
[2022-10-25 01:26:05,558] [builder.py:1361]           [ERROR]    | Convert Error: No TVDb ID Found for TMDb ID: 42809                                                 |
[2022-10-25 01:26:05,678] [builder.py:1361]           [ERROR]    | Convert Error: No TVDb ID Found for TMDb ID: 42808                                                 |
[2022-10-25 01:26:05,812] [builder.py:1361]           [ERROR]    | Convert Error: No TVDb ID Found for TMDb ID: 42806                                                 |
[2022-10-25 01:26:05,923] [builder.py:1361]           [ERROR]    | Convert Error: No TVDb ID Found for TMDb ID: 42750                                                 |
[2022-10-25 01:26:06,043] [builder.py:1361]           [ERROR]    | Convert Error: No TVDb ID Found for TMDb ID: 42748                                                 |
[2022-10-25 01:26:06,199] [builder.py:1361]           [ERROR]    | Convert Error: No TVDb ID Found for TMDb ID: 42747                                                 |
[2022-10-25 01:26:06,322] [builder.py:1361]           [ERROR]    | Convert Error: No TVDb ID Found for TMDb ID: 42744                                                 |
[2022-10-25 01:26:06,444] [builder.py:1361]           [ERROR]    | Convert Error: No TVDb ID Found for TMDb ID: 42185                                                 |
[2022-10-25 01:26:06,582] [builder.py:1361]           [ERROR]    | Convert Error: No TVDb ID Found for TMDb ID: 38414                                                 |
[2022-10-25 01:26:06,706] [builder.py:1361]           [ERROR]    | Convert Error: No TVDb ID Found for TMDb ID: 37887                                                 |
[2022-10-25 01:26:06,819] [builder.py:1361]           [ERROR]    | Convert Error: No TVDb ID Found for TMDb ID: 37212                                                 |
[2022-10-25 01:26:06,955] [builder.py:1361]           [ERROR]    | Convert Error: No TVDb ID Found for TMDb ID: 35951                                                 |
[2022-10-25 01:26:07,063] [builder.py:1361]           [ERROR]    | Convert Error: No TVDb ID Found for TMDb ID: 35506                                                 |
[2022-10-25 01:26:07,188] [builder.py:1361]           [ERROR]    | Convert Error: No TVDb ID Found for TMDb ID: 25675                                                 |
[2022-10-25 01:26:07,310] [builder.py:1361]           [ERROR]    | Convert Error: No TVDb ID Found for TMDb ID: 23856                                                 |
[2022-10-25 01:26:07,432] [builder.py:1361]           [ERROR]    | Convert Error: No TVDb ID Found for TMDb ID: 10899                                                 |
[2022-10-25 01:26:07,587] [builder.py:1361]           [ERROR]    | Convert Error: No TVDb ID Found for TMDb ID: 9456                                                  |
[2022-10-25 01:26:07,698] [builder.py:1361]           [ERROR]    | Convert Error: No TVDb ID Found for TMDb ID: 8006                                                  |
[2022-10-25 01:26:07,806] [builder.py:1361]           [ERROR]    | Convert Error: No TVDb ID Found for TMDb ID: 4021                                                  |
[2022-10-25 01:26:07,807] [builder.py:1275]           [DEBUG]    |                                                                                                    |
[2022-10-25 01:26:07,808] [builder.py:1276]           [DEBUG]    | Builder: tmdb_network: 2639                                                                        |
[2022-10-25 01:26:07,808] [builder.py:1277]           [INFO]     |                                                                                                    |
[2022-10-25 01:26:08,056] [tmdb.py:280]               [INFO]     | Processing TMDb Network: (2639) A&E (2 Shows)                                                      |
[2022-10-25 01:26:08,056] [builder.py:1282]           [DEBUG]    |                                                                                                    |
[2022-10-25 01:26:08,056] [builder.py:1283]           [DEBUG]    | 2 IDs Found: [(81340, 'tmdb_show'), (138516, 'tmdb_show')]                                         |
[2022-10-25 01:26:08,057] [builder.py:1284]           [DEBUG]    |                                                                                                    |
[2022-10-25 01:26:08,174] [builder.py:1361]           [ERROR]    | Convert Error: No TVDb ID Found for TMDb ID: 81340                                                 |
[2022-10-25 01:26:08,290] [builder.py:1361]           [ERROR]    | Convert Error: No TVDb ID Found for TMDb ID: 138516                                                |
[2022-10-25 01:26:08,291] [builder.py:1275]           [DEBUG]    |                                                                                                    |
[2022-10-25 01:26:08,291] [builder.py:1276]           [DEBUG]    | Builder: tmdb_network: 3688                                                                        |
[2022-10-25 01:26:08,291] [builder.py:1277]           [INFO]     |                                                                                                    |
[2022-10-25 01:26:08,553] [tmdb.py:280]               [INFO]     | Processing TMDb Network: (3688) A&E (2 Shows)                                                      |
[2022-10-25 01:26:08,554] [builder.py:1282]           [DEBUG]    |                                                                                                    |
[2022-10-25 01:26:08,554] [builder.py:1283]           [DEBUG]    | 2 IDs Found: [(74868, 'tmdb_show'), (195955, 'tmdb_show')]                                         |
[2022-10-25 01:26:08,554] [builder.py:1284]           [DEBUG]    |                                                                                                    |
[2022-10-25 01:26:08,675] [builder.py:1361]           [ERROR]    | Convert Error: No TVDb ID Found for TMDb ID: 74868                                                 |
[2022-10-25 01:26:08,793] [builder.py:1361]           [ERROR]    | Convert Error: No TVDb ID Found for TMDb ID: 195955                                                |
[2022-10-25 01:26:08,794] [plex_meta_manager.py:797]  [INFO]     |                                                                                                    |
[2022-10-25 01:26:08,794] [plex_meta_manager.py:798]  [INFO]     | Collection Minimum: 1 not met for A&E Collection                                                   |
[2022-10-25 01:26:08,794] [builder.py:1969]           [INFO]     |                                                                                                    |
[2022-10-25 01:26:08,795] [util.py:216]               [INFO]     |================================= Missing Shows from Library: A&E ==================================|
[2022-10-25 01:26:08,795] [builder.py:1971]           [INFO]     |                                                                                                    |
[2022-10-25 01:26:09,234] [builder.py:1982]           [INFO]     | A&E Collection | ? | Bates Motel (TVDB: 262414)                                                    |
[2022-10-25 01:26:09,627] [builder.py:1982]           [INFO]     | A&E Collection | ? | Longmire (TVDB: 253491)                                                       |
[2022-10-25 01:26:10,110] [builder.py:1982]           [INFO]     | A&E Collection | ? | Storage Wars (TVDB: 207621)                                                   |
[2022-10-25 01:26:10,438] [builder.py:1982]           [INFO]     | A&E Collection | ? | Unforgettable (TVDB: 248861)                                                  |
[2022-10-25 01:26:11,078] [builder.py:1982]           [INFO]     | A&E Collection | ? | The First 48 (TVDB: 81275)                                                    |
[2022-10-25 01:26:11,407] [builder.py:1982]           [INFO]     | A&E Collection | ? | The Glades (TVDB: 168941)                                                     |
[2022-10-25 01:26:11,787] [builder.py:1982]           [INFO]     | A&E Collection | ? | 60 Days In (TVDB: 308045)                                                     |
[2022-10-25 01:26:12,048] [builder.py:1982]           [INFO]     | A&E Collection | ? | War & Peace (2016) (TVDB: 299408)                                             |
[2022-10-25 01:26:12,376] [builder.py:1982]           [INFO]     | A&E Collection | ? | Live PD (TVDB: 318451)                                                        |
[2022-10-25 01:26:12,675] [builder.py:1982]           [INFO]     | A&E Collection | ? | Court Cam (TVDB: 371728)                                                      |
[2022-10-25 01:26:12,919] [builder.py:1982]           [INFO]     | A&E Collection | ? | Bag of Bones (TVDB: 252870)                                                   |
[2022-10-25 01:26:13,152] [builder.py:1982]           [INFO]     | A&E Collection | ? | Bonnie & Clyde (TVDB: 270110)                                                 |
[2022-10-25 01:26:13,447] [builder.py:1982]           [INFO]     | A&E Collection | ? | Celebrity Ghost Stories (TVDB: 122701)                                        |
[2022-10-25 01:26:13,742] [builder.py:1982]           [INFO]     | A&E Collection | ? | Breakout Kings (TVDB: 219341)                                                 |
[2022-10-25 01:26:13,973] [builder.py:1982]           [INFO]     | A&E Collection | ? | The Returned (US) (TVDB: 283317)                                              |
[2022-10-25 01:26:14,212] [builder.py:1982]           [INFO]     | A&E Collection | ? | The Andromeda Strain (TVDB: 81843)                                            |
[2022-10-25 01:26:14,461] [builder.py:1982]           [INFO]     | A&E Collection | ? | Zombie House Flipping (TVDB: 306562)                                          |
[2022-10-25 01:26:14,707] [builder.py:1982]           [INFO]     | A&E Collection | ? | Leah Remini: Scientology and the Aftermath (TVDB: 319252)                     |
[2022-10-25 01:26:14,901] [builder.py:1982]           [INFO]     | A&E Collection | ? | Court Night Live (TVDB: 422959)                                               |
[2022-10-25 01:26:15,204] [builder.py:1982]           [INFO]     | A&E Collection | ? | Lovejoy (TVDB: 71764)                                                         |
[2022-10-25 01:26:15,470] [builder.py:1982]           [INFO]     | A&E Collection | ? | Damien (TVDB: 282165)                                                         |
[2022-10-25 01:26:15,826] [builder.py:1982]           [INFO]     | A&E Collection | ? | Dog the Bounty Hunter (TVDB: 75036)                                           |
[2022-10-25 01:26:16,081] [builder.py:1982]           [INFO]     | A&E Collection | ? | Killer Cases (TVDB: 392853)                                                   |
[2022-10-25 01:26:16,507] [builder.py:1982]           [INFO]     | A&E Collection | ? | Cold Case Files (TVDB: 74814)                                                 |
[2022-10-25 01:26:16,998] [builder.py:1982]           [INFO]     | A&E Collection | ? | Hoarders (TVDB: 109621)                                                       |
[2022-10-25 01:26:17,261] [builder.py:1982]           [INFO]     | A&E Collection | ? | Nero Wolfe (2001) (TVDB: 78811)                                               |
[2022-10-25 01:26:17,758] [builder.py:1982]           [INFO]     | A&E Collection | ? | Duck Dynasty (TVDB: 256825)                                                   |
[2022-10-25 01:26:18,001] [builder.py:1982]           [INFO]     | A&E Collection | ? | Steven Seagal: Lawman (TVDB: 126841)                                          |
[2022-10-25 01:26:18,626] [builder.py:1982]           [INFO]     | A&E Collection | ? | Intervention (TVDB: 75896)                                                    |
[2022-10-25 01:26:18,937] [builder.py:1982]           [INFO]     | A&E Collection | ? | Live PD: Police Patrol (TVDB: 329175)                                         |
[2022-10-25 01:26:19,275] [builder.py:1982]           [INFO]     | A&E Collection | ? | Shipping Wars (TVDB: 254669)                                                  |
[2022-10-25 01:26:19,626] [builder.py:1982]           [INFO]     | A&E Collection | ? | Gene Simmons Family Jewels (TVDB: 79406)                                      |
[2022-10-25 01:26:19,873] [builder.py:1982]           [INFO]     | A&E Collection | ? | The Beast (TVDB: 83805)                                                       |
[2022-10-25 01:26:20,129] [builder.py:1982]           [INFO]     | A&E Collection | ? | Coma (TVDB: 261272)                                                           |
[2022-10-25 01:26:20,461] [builder.py:1982]           [INFO]     | A&E Collection | ? | Beyond Scared Straight (TVDB: 219331)                                         |
[2022-10-25 01:26:20,696] [builder.py:1982]           [INFO]     | A&E Collection | ? | The Cleaner (TVDB: 82492)                                                     |
[2022-10-25 01:26:21,059] [builder.py:1982]           [INFO]     | A&E Collection | ? | Wahlburgers (TVDB: 276525)                                                    |
[2022-10-25 01:26:21,239] [builder.py:1982]           [INFO]     | A&E Collection | ? | Secrets of Playboy (TVDB: 413259)                                             |
[2022-10-25 01:26:21,454] [builder.py:1982]           [INFO]     | A&E Collection | ? | Janet Jackson. (TVDB: 414707)                                                 |
[2022-10-25 01:26:21,692] [builder.py:1982]           [INFO]     | A&E Collection | ? | Those Who Kill (US) (TVDB: 273351)                                            |
[2022-10-25 01:26:21,944] [builder.py:1982]           [INFO]     | A&E Collection | ? | America's Top Dog (TVDB: 372763)                                              |
[2022-10-25 01:26:22,171] [builder.py:1982]           [INFO]     | A&E Collection | ? | Street Justice (TVDB: 71052)                                                  |
[2022-10-25 01:26:22,451] [builder.py:1982]           [INFO]     | A&E Collection | ? | Escaping Polygamy (TVDB: 297358)                                              |
[2022-10-25 01:26:22,712] [builder.py:1982]           [INFO]     | A&E Collection | ? | Ancient Mysteries (TVDB: 226691)                                              |
[2022-10-25 01:26:22,928] [builder.py:1982]           [INFO]     | A&E Collection | ? | Biography: WWE Legends (TVDB: 397372)                                         |
[2022-10-25 01:26:23,148] [builder.py:1982]           [INFO]     | A&E Collection | ? | The Killing Season (2016) (TVDB: 318973)                                      |
[2022-10-25 01:26:23,396] [builder.py:1982]           [INFO]     | A&E Collection | ? | Storage Wars: Texas (TVDB: 251596)                                            |
[2022-10-25 01:26:23,669] [builder.py:1982]           [INFO]     | A&E Collection | ? | Live PD Presents: PD Cam (TVDB: 350050)                                       |
[2022-10-25 01:26:23,966] [builder.py:1982]           [INFO]     | A&E Collection | ? | Paranormal State (TVDB: 81408)                                                |
[2022-10-25 01:26:24,289] [builder.py:1982]           [INFO]     | A&E Collection | ? | Born This Way (TVDB: 304021)                                                  |
[2022-10-25 01:26:24,785] [builder.py:1982]           [INFO]     | A&E Collection | ? | American Justice (TVDB: 216281)                                               |
[2022-10-25 01:26:24,992] [builder.py:1982]           [INFO]     | A&E Collection | ? | WWE's Most Wanted Treasures (TVDB: 397507)                                    |
[2022-10-25 01:26:25,176] [builder.py:1982]           [INFO]     | A&E Collection | ? | The Menendez Murders: Erik Tells All (TVDB: 338565)                           |
[2022-10-25 01:26:25,366] [builder.py:1982]           [INFO]     | A&E Collection | ? | The Two Coreys (TVDB: 80360)                                                  |
[2022-10-25 01:26:25,626] [builder.py:1982]           [INFO]     | A&E Collection | ? | Inked (TVDB: 78805)                                                           |
[2022-10-25 01:26:25,888] [builder.py:1982]           [INFO]     | A&E Collection | ? | Live Rescue (TVDB: 361071)                                                    |
[2022-10-25 01:26:26,123] [builder.py:1982]           [INFO]     | A&E Collection | ? | Donnie Loves Jenny (TVDB: 289205)                                             |
[2022-10-25 01:26:26,406] [builder.py:1982]           [INFO]     | A&E Collection | ? | Nightwatch (TVDB: 290557)                                                     |
[2022-10-25 01:26:26,611] [builder.py:1982]           [INFO]     | A&E Collection | ? | WWE Rivals (TVDB: 420793)                                                     |
[2022-10-25 01:26:26,800] [builder.py:1982]           [INFO]     | A&E Collection | ? | 100 Centre Street (TVDB: 71327)                                               |
[2022-10-25 01:26:26,983] [builder.py:1982]           [INFO]     | A&E Collection | ? | Interrogation Raw (TVDB: 420401)                                              |
[2022-10-25 01:26:27,200] [builder.py:1982]           [INFO]     | A&E Collection | ? | Airline (2004) (TVDB: 81059)                                                  |
[2022-10-25 01:26:27,384] [builder.py:1982]           [INFO]     | A&E Collection | ? | Kirstie Alley's Big Life (TVDB: 150411)                                       |
[2022-10-25 01:26:27,571] [builder.py:1982]           [INFO]     | A&E Collection | ? | Origins of Hip Hop (TVDB: 420627)                                             |
[2022-10-25 01:26:27,770] [builder.py:1982]           [INFO]     | A&E Collection | ? | Cults and Extreme Belief (TVDB: 348158)                                       |
[2022-10-25 01:26:27,962] [builder.py:1982]           [INFO]     | A&E Collection | ? | I Survived a Crime (TVDB: 395266)                                             |
[2022-10-25 01:26:28,151] [builder.py:1982]           [INFO]     | A&E Collection | ? | Rescue Cam (TVDB: 391188)                                                     |
[2022-10-25 01:26:28,346] [builder.py:1982]           [INFO]     | A&E Collection | ? | Waco: Madman or Messiah (TVDB: 341252)                                        |
[2022-10-25 01:26:28,550] [builder.py:1982]           [INFO]     | A&E Collection | ? | Undercover High (TVDB: 335442)                                                |
[2022-10-25 01:26:28,802] [builder.py:1982]           [INFO]     | A&E Collection | ? | Manhunters: Fugitive Task Force (TVDB: 84133)                                 |
[2022-10-25 01:26:29,119] [builder.py:1982]           [INFO]     | A&E Collection | ? | Billy the Exterminator (TVDB: 166101)                                         |
[2022-10-25 01:26:29,307] [builder.py:1982]           [INFO]     | A&E Collection | ? | Who Killed Tupac? (TVDB: 330903)                                              |
[2022-10-25 01:26:29,535] [builder.py:1982]           [INFO]     | A&E Collection | ? | Accused: Guilty or Innocent? (TVDB: 379555)                                   |
[2022-10-25 01:26:29,721] [builder.py:1982]           [INFO]     | A&E Collection | ? | First Blood (TVDB: 421747)                                                    |
[2022-10-25 01:26:29,922] [builder.py:1982]           [INFO]     | A&E Collection | ? | Hustle & Tow (TVDB: 399989)                                                   |
[2022-10-25 01:26:30,139] [builder.py:1982]           [INFO]     | A&E Collection | ? | The Clinton Affair (TVDB: 355453)                                             |
[2022-10-25 01:26:30,330] [builder.py:1982]           [INFO]     | A&E Collection | ? | Biography: KISStory (TVDB: 405718)                                            |
[2022-10-25 01:26:30,509] [builder.py:1982]           [INFO]     | A&E Collection | ? | Moonacre (TVDB: 77426)                                                        |
[2022-10-25 01:26:30,878] [builder.py:1982]           [INFO]     | A&E Collection | ? | Sell This House (TVDB: 73497)                                                 |
[2022-10-25 01:26:31,069] [builder.py:1982]           [INFO]     | A&E Collection | ? | The Murder of Laci Peterson (TVDB: 333271)                                    |
[2022-10-25 01:26:31,275] [builder.py:1982]           [INFO]     | A&E Collection | ? | Gotti: Godfather and Son (TVDB: 348769)                                       |
[2022-10-25 01:26:31,454] [builder.py:1982]           [INFO]     | A&E Collection | ? | Neighbors With Benefits (TVDB: 293005)                                        |
[2022-10-25 01:26:31,689] [builder.py:1982]           [INFO]     | A&E Collection | ? | The Killer Speaks (TVDB: 268422)                                              |
[2022-10-25 01:26:31,882] [builder.py:1982]           [INFO]     | A&E Collection | ? | Rookies (2008) (TVDB: 93611)                                                  |
[2022-10-25 01:26:32,075] [builder.py:1982]           [INFO]     | A&E Collection | ? | The Eleven (TVDB: 336193)                                                     |
[2022-10-25 01:26:32,256] [builder.py:1982]           [INFO]     | A&E Collection | ? | Southie Rules (TVDB: 265990)                                                  |
[2022-10-25 01:26:32,477] [builder.py:1982]           [INFO]     | A&E Collection | ? | Growing Up Gotti (TVDB: 74819)                                                |
[2022-10-25 01:26:32,685] [builder.py:1982]           [INFO]     | A&E Collection | ? | Frankie's House (TVDB: 252307)                                                |
[2022-10-25 01:26:32,892] [builder.py:1982]           [INFO]     | A&E Collection | ? | The First 48: Missing Persons (TVDB: 249241)                                  |
[2022-10-25 01:26:33,094] [builder.py:1982]           [INFO]     | A&E Collection | ? | Divided States (TVDB: 343869)                                                 |
[2022-10-25 01:26:33,307] [builder.py:1982]           [INFO]     | A&E Collection | ? | The Untold Story (TVDB: 361381)                                               |
[2022-10-25 01:26:33,486] [builder.py:1982]           [INFO]     | A&E Collection | ? | Hotel Malibu (TVDB: 71370)                                                    |
[2022-10-25 01:26:33,698] [builder.py:1982]           [INFO]     | A&E Collection | ? | TVography (TVDB: 70974)                                                       |
[2022-10-25 01:26:33,910] [builder.py:1982]           [INFO]     | A&E Collection | ? | Neighborhood Wars (TVDB: 409286)                                              |
[2022-10-25 01:26:34,100] [builder.py:1982]           [INFO]     | A&E Collection | ? | Strange Days with Bob Saget (TVDB: 208081)                                    |
[2022-10-25 01:26:34,355] [builder.py:1982]           [INFO]     | A&E Collection | ? | Psychic Kids: Children of the Paranormal (TVDB: 82476)                        |
[2022-10-25 01:26:34,582] [builder.py:1982]           [INFO]     | A&E Collection | ? | Crime 360 (TVDB: 81487)                                                       |
[2022-10-25 01:26:34,792] [builder.py:1982]           [INFO]     | A&E Collection | ? | Obsessed (TVDB: 96301)                                                        |
[2022-10-25 01:26:35,023] [builder.py:1982]           [INFO]     | A&E Collection | ? | Barter Kings (TVDB: 259497)                                                   |
[2022-10-25 01:26:35,237] [builder.py:1982]           [INFO]     | A&E Collection | ? | The Gestapo (TVDB: 84624)                                                     |
[2022-10-25 01:26:35,429] [builder.py:1982]           [INFO]     | A&E Collection | ? | The Lowe Files (TVDB: 330816)                                                 |
[2022-10-25 01:26:35,685] [builder.py:1982]           [INFO]     | A&E Collection | ? | Ghostly Encounters (TVDB: 217081)                                             |
[2022-10-25 01:26:35,911] [builder.py:1982]           [INFO]     | A&E Collection | ? | Digital Addiction (TVDB: 420414)                                              |
[2022-10-25 01:26:36,231] [builder.py:1982]           [INFO]     | A&E Collection | ? | Parking Wars (TVDB: 81343)                                                    |
[2022-10-25 01:26:36,416] [builder.py:1982]           [INFO]     | A&E Collection | ? | Teach: Tony Danza (TVDB: 193511)                                              |
[2022-10-25 01:26:36,630] [builder.py:1982]           [INFO]     | A&E Collection | ? | Road Wars (2022) (TVDB: 422035)                                               |
[2022-10-25 01:26:36,817] [builder.py:1982]           [INFO]     | A&E Collection | ? | Meet the Royals (TVDB: 75013)                                                 |
[2022-10-25 01:26:37,010] [builder.py:1982]           [INFO]     | A&E Collection | ? | Extreme Unboxing (TVDB: 385920)                                               |
[2022-10-25 01:26:37,206] [builder.py:1982]           [INFO]     | A&E Collection | ? | Behind Bars: Rookie Year (TVDB: 298997)                                       |
[2022-10-25 01:26:37,407] [builder.py:1982]           [INFO]     | A&E Collection | ? | Fit to Fat to Fit (TVDB: 306214)                                              |
[2022-10-25 01:26:37,487] [builder.py:1977]           [ERROR]    | TVDb Error: Could not find a TVDb Series using TVDb Series ID: 205371                              |
[2022-10-25 01:26:37,678] [builder.py:1982]           [INFO]     | A&E Collection | ? | WWE Smack Talk (TVDB: 420794)                                                 |
[2022-10-25 01:26:37,866] [builder.py:1982]           [INFO]     | A&E Collection | ? | Akil the Fugitive Hunter (TVDB: 331425)                                       |
[2022-10-25 01:26:38,055] [builder.py:1982]           [INFO]     | A&E Collection | ? | Cursed: The Bell Witch (TVDB: 302303)                                         |
[2022-10-25 01:26:38,271] [builder.py:1982]           [INFO]     | A&E Collection | ? | 60 Days In: Narcoland (TVDB: 365846)                                          |
[2022-10-25 01:26:38,459] [builder.py:1982]           [INFO]     | A&E Collection | ? | The Jacksons: A Family Dynasty (TVDB: 139431)                                 |
[2022-10-25 01:26:38,669] [builder.py:1982]           [INFO]     | A&E Collection | ? | Biography: Bobby Brown (TVDB: 420786)                                         |
[2022-10-25 01:26:38,989] [builder.py:1982]           [INFO]     | A&E Collection | ? | The Unexplained (TVDB: 256661)                                                |
[2022-10-25 01:26:39,180] [builder.py:1982]           [INFO]     | A&E Collection | ? | Secrets of the Chippendales Murders (TVDB: 417812)                            |
[2022-10-25 01:26:39,437] [builder.py:1982]           [INFO]     | A&E Collection | ? | American Takedown (TVDB: 297276)                                              |
[2022-10-25 01:26:39,626] [builder.py:1982]           [INFO]     | A&E Collection | ? | BTK: Confession of a Serial Killer (TVDB: 414455)                             |
[2022-10-25 01:26:39,819] [builder.py:1982]           [INFO]     | A&E Collection | ? | Elizabeth Smart: Autobiography (TVDB: 337860)                                 |
[2022-10-25 01:26:39,996] [builder.py:1982]           [INFO]     | A&E Collection | ? | Minute by Minute (2001) (TVDB: 296296)                                        |
[2022-10-25 01:26:40,306] [builder.py:1982]           [INFO]     | A&E Collection | ? | Fasten Your Seatbelt (TVDB: 406564)                                           |
[2022-10-25 01:26:40,515] [builder.py:1982]           [INFO]     | A&E Collection | ? | Driving Force (TVDB: 80036)                                                   |
[2022-10-25 01:26:40,848] [builder.py:1982]           [INFO]     | A&E Collection | ? | Jep & Jessica: Growing the Dynasty (TVDB: 306038)                             |
[2022-10-25 01:26:41,077] [builder.py:1982]           [INFO]     | A&E Collection | ? | Streets of Compton (TVDB: 312835)                                             |
[2022-10-25 01:26:41,291] [builder.py:1982]           [INFO]     | A&E Collection | ? | Storage Wars New York (TVDB: 264535)                                          |
[2022-10-25 01:26:41,548] [builder.py:1982]           [INFO]     | A&E Collection | ? | Dallas SWAT (TVDB: 80341)                                                     |
[2022-10-25 01:26:41,838] [builder.py:1982]           [INFO]     | A&E Collection | ? | American Hoggers (TVDB: 252617)                                               |
[2022-10-25 01:26:42,016] [builder.py:1982]           [INFO]     | A&E Collection | ? | Travel Sick (TVDB: 74761)                                                     |
[2022-10-25 01:26:42,203] [builder.py:1982]           [INFO]     | A&E Collection | ? | Nature Gone Wild (TVDB: 394086)                                               |
[2022-10-25 01:26:42,359] [builder.py:1982]           [INFO]     | A&E Collection | ? | $100 Makeover (TVDB: 251171)                                                  |
[2022-10-25 01:26:42,561] [builder.py:1982]           [INFO]     | A&E Collection | ? | King of Cars (TVDB: 128061)                                                   |
[2022-10-25 01:26:42,758] [builder.py:1982]           [INFO]     | A&E Collection | ? | Living Smaller (TVDB: 420855)                                                 |
[2022-10-25 01:26:42,937] [builder.py:1982]           [INFO]     | A&E Collection | ? | 50/50 Flip (TVDB: 415446)                                                     |
[2022-10-25 01:26:43,118] [builder.py:1982]           [INFO]     | A&E Collection | ? | Born Behind Bars (TVDB: 349727)                                               |
[2022-10-25 01:26:43,306] [builder.py:1982]           [INFO]     | A&E Collection | ? | Triple Digit Flip (TVDB: 411218)                                              |
[2022-10-25 01:26:43,492] [builder.py:1982]           [INFO]     | A&E Collection | ? | An Animal Saved My Life (TVDB: 405033)                                        |
[2022-10-25 01:26:43,549] [builder.py:1977]           [ERROR]    | TVDb Error: Could not find a TVDb Series using TVDb Series ID: 351233                              |
[2022-10-25 01:26:43,739] [builder.py:1982]           [INFO]     | A&E Collection | ? | Pawn Stars Australia (TVDB: 298914)                                           |
[2022-10-25 01:26:43,933] [builder.py:1982]           [INFO]     | A&E Collection | ? | The Toe Bro (TVDB: 359717)                                                    |
[2022-10-25 01:26:44,125] [builder.py:1982]           [INFO]     | A&E Collection | ? | Garth Brooks: The Road I'm On (TVDB: 372636)                                  |
[2022-10-25 01:26:44,303] [builder.py:1982]           [INFO]     | A&E Collection | ? | The First 48: Killer Confessions (TVDB: 296989)                               |
[2022-10-25 01:26:44,490] [builder.py:1982]           [INFO]     | A&E Collection | ? | American Haunting (TVDB: 271934)                                              |
[2022-10-25 01:26:44,665] [builder.py:1982]           [INFO]     | A&E Collection | ? | Alaska PD (TVDB: 372733)                                                      |
[2022-10-25 01:26:44,864] [builder.py:1982]           [INFO]     | A&E Collection | ? | The First 48 Presents: Homicide Squad Atlanta (TVDB: 356224)                  |
[2022-10-25 01:26:45,074] [builder.py:1982]           [INFO]     | A&E Collection | ? | Many Sides of Jane (TVDB: 357651)                                             |
[2022-10-25 01:26:45,252] [builder.py:1982]           [INFO]     | A&E Collection | ? | Epic Ink (TVDB: 283384)                                                       |
[2022-10-25 01:26:45,466] [builder.py:1982]           [INFO]     | A&E Collection | ? | Storage Wars: Miami (TVDB: 301610)                                            |
[2022-10-25 01:26:45,668] [builder.py:1982]           [INFO]     | A&E Collection | ? | Dogs of War (TVDB: 287726)                                                    |
[2022-10-25 01:26:45,862] [builder.py:1982]           [INFO]     | A&E Collection | ? | Lachey's Bar (TVDB: 297510)                                                   |
[2022-10-25 01:26:46,064] [builder.py:1982]           [INFO]     | A&E Collection | ? | Dead Again (TVDB: 286242)                                                     |
[2022-10-25 01:26:46,249] [builder.py:1982]           [INFO]     | A&E Collection | ? | Last Chance Driving School (TVDB: 257985)                                     |
[2022-10-25 01:26:46,470] [builder.py:1982]           [INFO]     | A&E Collection | ? | Flipping Boston (TVDB: 257065)                                                |
[2022-10-25 01:26:46,643] [builder.py:1982]           [INFO]     | A&E Collection | ? | Flipped Off (TVDB: 257836)                                                    |
[2022-10-25 01:26:46,830] [builder.py:1982]           [INFO]     | A&E Collection | ? | Bordertown: Laredo (TVDB: 252574)                                             |
[2022-10-25 01:26:47,003] [builder.py:1982]           [INFO]     | A&E Collection | ? | The Ghost Prophecies (TVDB: 212401)                                           |
[2022-10-25 01:26:47,313] [builder.py:1982]           [INFO]     | A&E Collection | ? | Investigative Reports (TVDB: 280099)                                          |
[2022-10-25 01:26:47,492] [builder.py:1982]           [INFO]     | A&E Collection | ? | The Squad: Prison Police (TVDB: 181641)                                       |
[2022-10-25 01:26:47,669] [builder.py:1982]           [INFO]     | A&E Collection | ? | Fugitive Chronicles (TVDB: 155611)                                            |
[2022-10-25 01:26:47,864] [builder.py:1982]           [INFO]     | A&E Collection | ? | Heavy (TVDB: 213131)                                                          |
[2022-10-25 01:26:48,085] [builder.py:1982]           [INFO]     | A&E Collection | ? | Growing Up Twisted (TVDB: 179381)                                             |
[2022-10-25 01:26:48,293] [builder.py:1982]           [INFO]     | A&E Collection | ? | Tattoo Highway (TVDB: 96711)                                                  |
[2022-10-25 01:26:48,480] [builder.py:1982]           [INFO]     | A&E Collection | ? | The View from Daniel Pike (TVDB: 75012)                                       |
[2022-10-25 01:26:48,662] [builder.py:1982]           [INFO]     | A&E Collection | ? | The Greatest Pharaohs (TVDB: 92541)                                           |
[2022-10-25 01:26:48,849] [builder.py:1982]           [INFO]     | A&E Collection | ? | Hammertime (TVDB: 99971)                                                      |
[2022-10-25 01:26:49,041] [builder.py:1982]           [INFO]     | A&E Collection | ? | Confessions of a Matchmaker (TVDB: 271517)                                    |
[2022-10-25 01:26:49,310] [builder.py:1982]           [INFO]     | A&E Collection | ? | Flip This House (TVDB: 251597)                                                |
[2022-10-25 01:26:49,509] [builder.py:1982]           [INFO]     | A&E Collection | ? | Family Plots (TVDB: 74509)                                                    |
[2022-10-25 01:26:49,709] [builder.py:1982]           [INFO]     | A&E Collection | ? | Rollergirls (TVDB: 83819)                                                     |
[2022-10-25 01:26:49,710] [builder.py:1986]           [INFO]     |                                                                                                    |
[2022-10-25 01:26:49,710] [builder.py:1987]           [INFO]     | 169 Shows Missing                                                                                  |
[2022-10-25 01:26:49,728] [plex_meta_manager.py:880]  [INFO]     |                                                                                                    |
[2022-10-25 01:26:49,728] [util.py:209]               [INFO]     |====================================================================================================|
[2022-10-25 01:26:49,728] [util.py:216]               [INFO]     |                                      Finished A&E Collection                                       |
[2022-10-25 01:26:49,729] [util.py:216]               [INFO]     |                                    Collection Run Time: 0:00:52                                    |
[2022-10-25 01:26:49,729] [util.py:220]               [INFO]     |====================================================================================================|
