[2022-05-15 04:14:45,057] [util.py:209]               [INFO]     |====================================================================================================|
[2022-05-15 04:14:45,058] [util.py:216]               [INFO]     |                               Top Rated Movies Collection in Movies                                |
[2022-05-15 04:14:45,058] [util.py:220]               [INFO]     |====================================================================================================|
[2022-05-15 04:14:45,058] [plex_meta_manager.py:750]  [INFO]     |                                                                                                    |
[2022-05-15 04:14:45,059] [util.py:216]               [INFO]     |============================== Validating Top Rated Movies Attributes ==============================|
[2022-05-15 04:14:45,059] [builder.py:265]            [DEBUG]    |                                                                                                    |
[2022-05-15 04:14:45,059] [builder.py:266]            [DEBUG]    | Validating Method: template                                                                        |
[2022-05-15 04:14:45,059] [meta.py:83]                [DEBUG]    | Value: ordereddict([('name', 'Special Genre')])                                                    |
[2022-05-15 04:14:45,060] [builder.py:453]            [DEBUG]    |                                                                                                    |
[2022-05-15 04:14:45,060] [builder.py:454]            [DEBUG]    | Validating Method: collection_order                                                                |
[2022-05-15 04:14:45,060] [builder.py:455]            [DEBUG]    | Value: release                                                                                     |
[2022-05-15 04:14:45,060] [builder.py:472]            [DEBUG]    |                                                                                                    |
[2022-05-15 04:14:45,061] [builder.py:473]            [DEBUG]    | Validating Method: sort_title                                                                      |
[2022-05-15 04:14:45,061] [builder.py:474]            [DEBUG]    | Value: 00000b_4                                                                                    |
[2022-05-15 04:14:45,061] [builder.py:472]            [DEBUG]    |                                                                                                    |
[2022-05-15 04:14:45,061] [builder.py:473]            [DEBUG]    | Validating Method: trakt_list                                                                      |
[2022-05-15 04:14:45,061] [builder.py:474]            [DEBUG]    | Value: https://trakt.tv/users/justin/lists/imdb-top-rated-movies                                   |
[2022-05-15 04:14:45,190] [builder.py:472]            [DEBUG]    |                                                                                                    |
[2022-05-15 04:14:45,190] [builder.py:473]            [DEBUG]    | Validating Method: summary                                                                         |
[2022-05-15 04:14:45,191] [builder.py:474]            [DEBUG]    | Value: Top Rated Movies                                                                            |
[2022-05-15 04:14:45,432] [builder.py:619]            [INFO]     |                                                                                                    |
[2022-05-15 04:14:45,433] [builder.py:620]            [INFO]     | Validation Successful                                                                              |
[2022-05-15 04:14:45,433] [plex_meta_manager.py:758]  [INFO]     |                                                                                                    |
[2022-05-15 04:14:45,434] [util.py:216]               [INFO]     |=============================== Running Top Rated Movies Collection ================================|
[2022-05-15 04:14:45,434] [plex_meta_manager.py:773]  [INFO]     |                                                                                                    |
[2022-05-15 04:14:45,434] [plex_meta_manager.py:774]  [INFO]     | Sync Mode: append                                                                                  |
[2022-05-15 04:14:45,434] [builder.py:1275]           [DEBUG]    |                                                                                                    |
[2022-05-15 04:14:45,434] [builder.py:1276]           [DEBUG]    | Builder: trakt_list: https://trakt.tv/users/justin/lists/imdb-top-rated-movies                     |
[2022-05-15 04:14:45,435] [builder.py:1277]           [INFO]     |                                                                                                    |
[2022-05-15 04:14:45,435] [trakt.py:231]              [INFO]     | Processing Trakt List: https://trakt.tv/users/justin/lists/imdb-top-rated-movies                   |
[2022-05-15 04:14:45,613] [builder.py:1282]           [DEBUG]    |                                                                                                    |
[2022-05-15 04:14:45,613] [builder.py:1283]           [DEBUG]    | 250 IDs Found: [(278, 'tmdb'), (238, 'tmdb'), (155, 'tmdb'), (240, 'tmdb'), (389, 'tmdb'), (424, 'tmdb'), (122, 'tmdb'), (680, 'tmdb'), (120, 'tmdb'), (429, 'tmdb'), (13, 'tmdb'), (550, 'tmdb'), (27205, 'tmdb'), (121, 'tmdb'), (1891, 'tmdb'), (603, 'tmdb'), (769, 'tmdb'), (510, 'tmdb'), (807, 'tmdb'), (346, 'tmdb'), (1585, 'tmdb'), (274, 'tmdb'), (598, 'tmdb'), (857, 'tmdb'), (637, 'tmdb'), (497, 'tmdb'), (11, 'tmdb'), (157336, 'tmdb'), (280, 'tmdb'), (105, 'tmdb'), (129, 'tmdb'), (539, 'tmdb'), (423, 'tmdb'), (101, 'tmdb'), (496243, 'tmdb'), (8587, 'tmdb'), (73, 'tmdb'), (98, 'tmdb'), (629, 'tmdb'), (1422, 'tmdb'), (1124, 'tmdb'), (289, 'tmdb'), (244786, 'tmdb'), (77338, 'tmdb'), (3082, 'tmdb'), (14537, 'tmdb'), (335, 'tmdb'), (12477, 'tmdb'), (545611, 'tmdb'), (567, 'tmdb'), (348, 'tmdb'), (901, 'tmdb'), (11216, 'tmdb'), (77, 'tmdb'), (28, 'tmdb'), (85, 'tmdb'), (68718, 'tmdb'), (10681, 'tmdb'), (582, 'tmdb'), (599, 'tmdb'), (975, 'tmdb'), (694, 'tmdb'), (914, 'tmdb'), (37257, 'tmdb'), (299536, 'tmdb'), (679, 'tmdb'), (14, 'tmdb'), (935, 'tmdb'), (49026, 'tmdb'), (324857, 'tmdb'), (475557, 'tmdb'), (670, 'tmdb'), (197, 'tmdb'), (279, 'tmdb'), (862, 'tmdb'), (354912, 'tmdb'), (387, 'tmdb'), (16869, 'tmdb'), (128, 'tmdb'), (311, 'tmdb'), (299534, 'tmdb'), (489, 'tmdb'), (641, 'tmdb'), (10193, 'tmdb'), (872, 'tmdb'), (372058, 'tmdb'), (20453, 'tmdb'), (1892, 'tmdb'), (62, 'tmdb'), (500, 'tmdb'), (38, 'tmdb'), (12493, 'tmdb'), (15, 'tmdb'), (517814, 'tmdb'), (947, 'tmdb'), (832, 'tmdb'), (103663, 'tmdb'), (213, 'tmdb'), (426, 'tmdb'), (194, 'tmdb'), (185, 'tmdb'), (25237, 'tmdb'), (600, 'tmdb'), (996, 'tmdb'), (634649, 'tmdb'), (284, 'tmdb'), (111, 'tmdb'), (595, 'tmdb'), (103, 'tmdb'), (9277, 'tmdb'), (3782, 'tmdb'), (556574, 'tmdb'), (2118, 'tmdb'), (14160, 'tmdb'), (949, 'tmdb'), (19, 'tmdb'), (107, 'tmdb'), (60243, 'tmdb'), (562, 'tmdb'), (46738, 'tmdb'), (89, 'tmdb'), (5156, 'tmdb'), (530915, 'tmdb'), (7508, 'tmdb'), (613, 'tmdb'), (938, 'tmdb'), (272, 'tmdb'), (360814, 'tmdb'), (10098, 'tmdb'), (239, 'tmdb'), (600354, 'tmdb'), (705, 'tmdb'), (490132, 'tmdb'), (106646, 'tmdb'), (821, 'tmdb'), (33, 'tmdb'), (1417, 'tmdb'), (524, 'tmdb'), (11645, 'tmdb'), (7345, 'tmdb'), (745, 'tmdb'), (453, 'tmdb'), (762, 'tmdb'), (37165, 'tmdb'), (11878, 'tmdb'), (3090, 'tmdb'), (548, 'tmdb'), (5925, 'tmdb'), (11324, 'tmdb'), (24, 'tmdb'), (329, 'tmdb'), (6977, 'tmdb'), (1955, 'tmdb'), (12, 'tmdb'), (1578, 'tmdb'), (829, 'tmdb'), (770, 'tmdb'), (752, 'tmdb'), (150540, 'tmdb'), (100, 'tmdb'), (1091, 'tmdb'), (521, 'tmdb'), (25376, 'tmdb'), (826, 'tmdb'), (4935, 'tmdb'), (359940, 'tmdb'), (627, 'tmdb'), (13223, 'tmdb'), (59440, 'tmdb'), (275, 'tmdb'), (8392, 'tmdb'), (146233, 'tmdb'), (70, 'tmdb'), (962, 'tmdb'), (78, 'tmdb'), (654, 'tmdb'), (640, 'tmdb'), (1092, 'tmdb'), (21334, 'tmdb'), (665, 'tmdb'), (961, 'tmdb'), (76203, 'tmdb'), (614, 'tmdb'), (210577, 'tmdb'), (11778, 'tmdb'), (76, 'tmdb'), (12445, 'tmdb'), (7984, 'tmdb'), (3083, 'tmdb'), (120467, 'tmdb'), (204, 'tmdb'), (992, 'tmdb'), (264644, 'tmdb'), (3175, 'tmdb'), (11423, 'tmdb'), (490, 'tmdb'), (324786, 'tmdb'), (508965, 'tmdb'), (265195, 'tmdb'), (115, 'tmdb'), (10191, 'tmdb'), (76341, 'tmdb'), (24238, 'tmdb'), (585, 'tmdb'), (578, 'tmdb'), (5801, 'tmdb'), (780, 'tmdb'), (205, 'tmdb'), (18148, 'tmdb'), (207, 'tmdb'), (792, 'tmdb'), (1366, 'tmdb'), (359724, 'tmdb'), (235, 'tmdb'), (218, 'tmdb'), (96721, 'tmdb'), (314365, 'tmdb'), (5915, 'tmdb'), (10774, 'tmdb'), (630, 'tmdb'), (263115, 'tmdb'), (137, 'tmdb'), (2062, 'tmdb'), (9552, 'tmdb'), (80, 'tmdb'), (887, 'tmdb'), (9806, 'tmdb'), (198, 'tmdb'), (17295, 'tmdb'), (223, 'tmdb'), (596, 'tmdb'), (28178, 'tmdb'), (903, 'tmdb'), (55, 'tmdb'), (9764, 'tmdb'), (22, 'tmdb'), (147, 'tmdb'), (13393, 'tmdb'), (797, 'tmdb'), (406, 'tmdb'), (583, 'tmdb'), (15121, 'tmdb'), (3078, 'tmdb'), (290098, 'tmdb'), (783, 'tmdb'), (812, 'tmdb'), (50014, 'tmdb'), (10020, 'tmdb'), (581, 'tmdb'), (934, 'tmdb')] |
[2022-05-15 04:14:45,613] [builder.py:1284]           [DEBUG]    |                                                                                                    |
[2022-05-15 04:14:47,128] [builder.py:1697]           [INFO]     |                                                                                                    |
[2022-05-15 04:14:47,129] [util.py:216]               [INFO]     |============================== Adding to Top Rated Movies Collection ===============================|
[2022-05-15 04:14:47,129] [builder.py:1699]           [INFO]     |                                                                                                    |
[2022-05-15 04:14:47,129] [builder.py:1709]           [INFO]     |  1/75 | Top Rated Movies Collection | = | The Godfather (1972)                                     |
[2022-05-15 04:14:47,129] [builder.py:1709]           [INFO]     |  2/75 | Top Rated Movies Collection | = | The Dark Knight (2008)                                   |
[2022-05-15 04:14:47,130] [builder.py:1709]           [INFO]     |  3/75 | Top Rated Movies Collection | = | The Godfather: Part II (1974)                            |
[2022-05-15 04:14:47,130] [builder.py:1709]           [INFO]     |  4/75 | Top Rated Movies Collection | = | 12 Angry Men (1957)                                      |
[2022-05-15 04:14:47,130] [builder.py:1709]           [INFO]     |  5/75 | Top Rated Movies Collection | = | Pulp Fiction (1994)                                      |
[2022-05-15 04:14:47,131] [builder.py:1709]           [INFO]     |  6/75 | Top Rated Movies Collection | + | Forrest Gump (1994)                                      |
[2022-05-15 04:14:47,237] [builder.py:1709]           [INFO]     |  7/75 | Top Rated Movies Collection | = | Fight Club (1999)                                        |
[2022-05-15 04:14:47,237] [builder.py:1709]           [INFO]     |  8/75 | Top Rated Movies Collection | = | Inception (2010)                                         |
[2022-05-15 04:14:47,238] [builder.py:1709]           [INFO]     |  9/75 | Top Rated Movies Collection | = | One Flew Over the Cuckoo's Nest (1975)                   |
[2022-05-15 04:14:47,238] [builder.py:1709]           [INFO]     | 10/75 | Top Rated Movies Collection | = | Se7en (1995)                                             |
[2022-05-15 04:14:47,239] [builder.py:1709]           [INFO]     | 11/75 | Top Rated Movies Collection | = | Seven Samurai (1954)                                     |
[2022-05-15 04:14:47,239] [builder.py:1709]           [INFO]     | 12/75 | Top Rated Movies Collection | = | City of God (2002)                                       |
[2022-05-15 04:14:47,239] [builder.py:1709]           [INFO]     | 13/75 | Top Rated Movies Collection | = | Life Is Beautiful (1997)                                 |
[2022-05-15 04:14:47,240] [builder.py:1709]           [INFO]     | 14/75 | Top Rated Movies Collection | = | Terminator 2: Judgment Day (1991)                        |
[2022-05-15 04:14:47,240] [builder.py:1709]           [INFO]     | 15/75 | Top Rated Movies Collection | + | Back to the Future (1985)                                |
[2022-05-15 04:14:47,272] [builder.py:1709]           [INFO]     | 16/75 | Top Rated Movies Collection | = | Spirited Away (2001)                                     |
[2022-05-15 04:14:47,272] [builder.py:1709]           [INFO]     | 17/75 | Top Rated Movies Collection | = | The Pianist (2002)                                       |
[2022-05-15 04:14:47,272] [builder.py:1709]           [INFO]     | 18/75 | Top Rated Movies Collection | = | Léon: The Professional (1994)                            |
[2022-05-15 04:14:47,273] [builder.py:1709]           [INFO]     | 19/75 | Top Rated Movies Collection | = | American History X (1998)                                |
[2022-05-15 04:14:47,273] [builder.py:1709]           [INFO]     | 20/75 | Top Rated Movies Collection | = | The Usual Suspects (1995)                                |
[2022-05-15 04:14:47,274] [builder.py:1709]           [INFO]     | 21/75 | Top Rated Movies Collection | = | The Departed (2006)                                      |
[2022-05-15 04:14:47,274] [builder.py:1709]           [INFO]     | 22/75 | Top Rated Movies Collection | = | The Prestige (2006)                                      |
[2022-05-15 04:14:47,274] [builder.py:1709]           [INFO]     | 23/75 | Top Rated Movies Collection | = | Casablanca (1942)                                        |
[2022-05-15 04:14:47,275] [builder.py:1709]           [INFO]     | 24/75 | Top Rated Movies Collection | = | The Intouchables (2011)                                  |
[2022-05-15 04:14:47,275] [builder.py:1709]           [INFO]     | 25/75 | Top Rated Movies Collection | = | Modern Times (1936)                                      |
[2022-05-15 04:14:47,275] [builder.py:1709]           [INFO]     | 26/75 | Top Rated Movies Collection | = | Once Upon a Time in the West (1968)                      |
[2022-05-15 04:14:47,276] [builder.py:1709]           [INFO]     | 27/75 | Top Rated Movies Collection | = | Grave of the Fireflies (1988)                            |
[2022-05-15 04:14:47,276] [builder.py:1709]           [INFO]     | 28/75 | Top Rated Movies Collection | = | Alien (1979)                                             |
[2022-05-15 04:14:47,276] [builder.py:1709]           [INFO]     | 29/75 | Top Rated Movies Collection | = | City Lights (1931)                                       |
[2022-05-15 04:14:47,277] [builder.py:1709]           [INFO]     | 30/75 | Top Rated Movies Collection | = | Apocalypse Now (1979)                                    |
[2022-05-15 04:14:47,277] [builder.py:1709]           [INFO]     | 31/75 | Top Rated Movies Collection | = | Django Unchained (2012)                                  |
[2022-05-15 04:14:47,277] [builder.py:1709]           [INFO]     | 32/75 | Top Rated Movies Collection | = | The Lives of Others (2006)                               |
[2022-05-15 04:14:47,278] [builder.py:1709]           [INFO]     | 33/75 | Top Rated Movies Collection | = | Sunset Blvd. (1950)                                      |
[2022-05-15 04:14:47,278] [builder.py:1709]           [INFO]     | 34/75 | Top Rated Movies Collection | = | Paths of Glory (1957)                                    |
[2022-05-15 04:14:47,278] [builder.py:1709]           [INFO]     | 35/75 | Top Rated Movies Collection | = | The Great Dictator (1940)                                |
[2022-05-15 04:14:47,279] [builder.py:1709]           [INFO]     | 36/75 | Top Rated Movies Collection | = | Witness for the Prosecution (1957)                       |
[2022-05-15 04:14:47,279] [builder.py:1709]           [INFO]     | 37/75 | Top Rated Movies Collection | = | Aliens (1986)                                            |
[2022-05-15 04:14:47,279] [builder.py:1709]           [INFO]     | 38/75 | Top Rated Movies Collection | + | Dr. Strangelove or: How I Learned to Stop Worrying and Love the Bomb (1964) |
[2022-05-15 04:14:47,378] [builder.py:1709]           [INFO]     | 39/75 | Top Rated Movies Collection | = | Spider-Man: Into the Spider-Verse (2018)                 |
[2022-05-15 04:14:47,379] [builder.py:1709]           [INFO]     | 40/75 | Top Rated Movies Collection | = | Amadeus (1984)                                           |
[2022-05-15 04:14:47,380] [builder.py:1709]           [INFO]     | 41/75 | Top Rated Movies Collection | = | The Boat (1981)                                          |
[2022-05-15 04:14:47,380] [builder.py:1709]           [INFO]     | 42/75 | Top Rated Movies Collection | = | Princess Mononoke (1997)                                 |
[2022-05-15 04:14:47,380] [builder.py:1709]           [INFO]     | 43/75 | Top Rated Movies Collection | = | Once Upon a Time in America (1984)                       |
[2022-05-15 04:14:47,380] [builder.py:1709]           [INFO]     | 44/75 | Top Rated Movies Collection | = | Good Will Hunting (1997)                                 |
[2022-05-15 04:14:47,381] [builder.py:1709]           [INFO]     | 45/75 | Top Rated Movies Collection | = | Singin' in the Rain (1952)                               |
[2022-05-15 04:14:47,381] [builder.py:1709]           [INFO]     | 46/75 | Top Rated Movies Collection | = | 3 Idiots (2009)                                          |
[2022-05-15 04:14:47,381] [builder.py:1709]           [INFO]     | 47/75 | Top Rated Movies Collection | = | 2001: A Space Odyssey (1968)                             |
[2022-05-15 04:14:47,382] [builder.py:1709]           [INFO]     | 48/75 | Top Rated Movies Collection | = | Reservoir Dogs (1992)                                    |
[2022-05-15 04:14:47,382] [builder.py:1709]           [INFO]     | 49/75 | Top Rated Movies Collection | = | Eternal Sunshine of the Spotless Mind (2004)             |
[2022-05-15 04:14:47,382] [builder.py:1709]           [INFO]     | 50/75 | Top Rated Movies Collection | = | High and Low (1963)                                      |
[2022-05-15 04:14:47,383] [builder.py:1709]           [INFO]     | 51/75 | Top Rated Movies Collection | = | Capernaum (2018)                                         |
[2022-05-15 04:14:47,383] [builder.py:1709]           [INFO]     | 52/75 | Top Rated Movies Collection | = | Spider-Man: No Way Home (2021)                           |
[2022-05-15 04:14:47,383] [builder.py:1709]           [INFO]     | 53/75 | Top Rated Movies Collection | = | 1917 (2019)                                              |
[2022-05-15 04:14:47,384] [builder.py:1709]           [INFO]     | 54/75 | Top Rated Movies Collection | = | Batman Begins (2005)                                     |
[2022-05-15 04:14:47,384] [builder.py:1709]           [INFO]     | 55/75 | Top Rated Movies Collection | = | Monty Python and the Holy Grail (1975)                   |
[2022-05-15 04:14:47,384] [builder.py:1709]           [INFO]     | 56/75 | Top Rated Movies Collection | = | The Truman Show (1998)                                   |
[2022-05-15 04:14:47,385] [builder.py:1709]           [INFO]     | 57/75 | Top Rated Movies Collection | = | Yojimbo (1961)                                           |
[2022-05-15 04:14:47,385] [builder.py:1709]           [INFO]     | 58/75 | Top Rated Movies Collection | = | Kill Bill: Vol. 1 (2003)                                 |
[2022-05-15 04:14:47,385] [builder.py:1709]           [INFO]     | 59/75 | Top Rated Movies Collection | = | Raging Bull (1980)                                       |
[2022-05-15 04:14:47,385] [builder.py:1709]           [INFO]     | 60/75 | Top Rated Movies Collection | = | Chinatown (1974)                                         |
[2022-05-15 04:14:47,386] [builder.py:1709]           [INFO]     | 61/75 | Top Rated Movies Collection | = | Howl's Moving Castle (2004)                              |
[2022-05-15 04:14:47,386] [builder.py:1709]           [INFO]     | 62/75 | Top Rated Movies Collection | = | My Neighbor Totoro (1988)                                |
[2022-05-15 04:14:47,387] [builder.py:1709]           [INFO]     | 63/75 | Top Rated Movies Collection | + | Blade Runner (1982)                                      |
[2022-05-15 04:14:47,416] [builder.py:1709]           [INFO]     | 64/75 | Top Rated Movies Collection | = | Ben-Hur (1959)                                           |
[2022-05-15 04:14:47,417] [builder.py:1709]           [INFO]     | 65/75 | Top Rated Movies Collection | = | 12 Years a Slave (2013)                                  |
[2022-05-15 04:14:47,418] [builder.py:1709]           [INFO]     | 66/75 | Top Rated Movies Collection | = | Gone Girl (2014)                                         |
[2022-05-15 04:14:47,418] [builder.py:1709]           [INFO]     | 67/75 | Top Rated Movies Collection | = | The Grand Budapest Hotel (2014)                          |
[2022-05-15 04:14:47,419] [builder.py:1709]           [INFO]     | 68/75 | Top Rated Movies Collection | = | Barry Lyndon (1975)                                      |
[2022-05-15 04:14:47,419] [builder.py:1709]           [INFO]     | 69/75 | Top Rated Movies Collection | = | Memories of Murder (2003)                                |
[2022-05-15 04:14:47,419] [builder.py:1709]           [INFO]     | 70/75 | Top Rated Movies Collection | + | Ford v Ferrari (2019)                                    |
[2022-05-15 04:14:47,573] [builder.py:1709]           [INFO]     | 71/75 | Top Rated Movies Collection | = | The Terminator (1984)                                    |
[2022-05-15 04:14:47,574] [builder.py:1709]           [INFO]     | 72/75 | Top Rated Movies Collection | = | Pirates of the Caribbean: The Curse of the Black Pearl (2003) |
[2022-05-15 04:14:47,574] [builder.py:1709]           [INFO]     | 73/75 | Top Rated Movies Collection | = | Life of Brian (1979)                                     |
[2022-05-15 04:14:47,574] [builder.py:1709]           [INFO]     | 74/75 | Top Rated Movies Collection | + | Aladdin (1992)                                           |
[2022-05-15 04:14:47,614] [builder.py:1709]           [INFO]     | 75/75 | Top Rated Movies Collection | = | Beauty and the Beast (1991)                              |
[2022-05-15 04:14:47,615] [builder.py:1734]           [INFO]     |                                                                                                    |
[2022-05-15 04:14:47,615] [builder.py:1735]           [INFO]     | 75 Movies Processed                                                                                |
[2022-05-15 04:14:47,615] [builder.py:1929]           [INFO]     |                                                                                                    |
[2022-05-15 04:14:47,615] [util.py:216]               [INFO]     |========================== Missing Movies from Library: Top Rated Movies ===========================|
[2022-05-15 04:14:47,616] [builder.py:1931]           [INFO]     |                                                                                                    |
[2022-05-15 04:14:48,051] [builder.py:1943]           [INFO]     | Top Rated Movies Collection | ? | The Shawshank Redemption (1994) (TMDb: 278)                      |
[2022-05-15 04:14:49,914] [builder.py:1943]           [INFO]     | Top Rated Movies Collection | ? | Schindler's List (1993) (TMDb: 424)                              |
[2022-05-15 04:14:49,916] [builder.py:1943]           [INFO]     | Top Rated Movies Collection | ? | The Lord of the Rings: The Return of the King (2003) (TMDb: 122) |
[2022-05-15 04:14:49,919] [builder.py:1943]           [INFO]     | Top Rated Movies Collection | ? | The Lord of the Rings: The Fellowship of the Ring (2001) (TMDb: 120) |
[2022-05-15 04:14:50,088] [builder.py:1943]           [INFO]     | Top Rated Movies Collection | ? | The Good, the Bad and the Ugly (1966) (TMDb: 429)                |
[2022-05-15 04:14:50,091] [builder.py:1943]           [INFO]     | Top Rated Movies Collection | ? | The Lord of the Rings: The Two Towers (2002) (TMDb: 121)         |
[2022-05-15 04:14:50,093] [builder.py:1943]           [INFO]     | Top Rated Movies Collection | ? | The Empire Strikes Back (1980) (TMDb: 1891)                      |
[2022-05-15 04:14:50,095] [builder.py:1943]           [INFO]     | Top Rated Movies Collection | ? | The Matrix (1999) (TMDb: 603)                                    |
[2022-05-15 04:14:50,097] [builder.py:1943]           [INFO]     | Top Rated Movies Collection | ? | GoodFellas (1990) (TMDb: 769)                                    |
[2022-05-15 04:14:51,752] [builder.py:1943]           [INFO]     | Top Rated Movies Collection | ? | It's a Wonderful Life (1946) (TMDb: 1585)                        |
[2022-05-15 04:14:51,902] [builder.py:1943]           [INFO]     | Top Rated Movies Collection | ? | The Silence of the Lambs (1991) (TMDb: 274)                      |
[2022-05-15 04:14:53,074] [builder.py:1943]           [INFO]     | Top Rated Movies Collection | ? | Saving Private Ryan (1998) (TMDb: 857)                           |
[2022-05-15 04:14:53,076] [builder.py:1943]           [INFO]     | Top Rated Movies Collection | ? | The Green Mile (1999) (TMDb: 497)                                |
[2022-05-15 04:14:53,078] [builder.py:1943]           [INFO]     | Top Rated Movies Collection | ? | Star Wars (1977) (TMDb: 11)                                      |
[2022-05-15 04:14:53,751] [builder.py:1943]           [INFO]     | Top Rated Movies Collection | ? | Interstellar (2014) (TMDb: 157336)                               |
[2022-05-15 04:14:53,891] [builder.py:1943]           [INFO]     | Top Rated Movies Collection | ? | Psycho (1960) (TMDb: 539)                                        |
[2022-05-15 04:14:54,062] [builder.py:1943]           [INFO]     | Top Rated Movies Collection | ? | Parasite (2019) (TMDb: 496243)                                   |
[2022-05-15 04:14:54,336] [builder.py:1943]           [INFO]     | Top Rated Movies Collection | ? | The Lion King (1994) (TMDb: 8587)                                |
[2022-05-15 04:14:54,552] [builder.py:1943]           [INFO]     | Top Rated Movies Collection | ? | Gladiator (2000) (TMDb: 98)                                      |
[2022-05-15 04:14:54,554] [builder.py:1943]           [INFO]     | Top Rated Movies Collection | ? | Whiplash (2014) (TMDb: 244786)                                   |
[2022-05-15 04:14:54,699] [builder.py:1943]           [INFO]     | Top Rated Movies Collection | ? | Harakiri (1962) (TMDb: 14537)                                    |
[2022-05-15 04:14:54,701] [builder.py:1943]           [INFO]     | Top Rated Movies Collection | ? | Everything Everywhere All at Once (2022) (TMDb: 545611)          |
[2022-05-15 04:14:54,860] [builder.py:1943]           [INFO]     | Top Rated Movies Collection | ? | Rear Window (1954) (TMDb: 567)                                   |
[2022-05-15 04:14:56,025] [builder.py:1943]           [INFO]     | Top Rated Movies Collection | ? | Cinema Paradiso (1988) (TMDb: 11216)                             |
[2022-05-15 04:14:56,197] [builder.py:1943]           [INFO]     | Top Rated Movies Collection | ? | Memento (2000) (TMDb: 77)                                        |
[2022-05-15 04:14:56,200] [builder.py:1943]           [INFO]     | Top Rated Movies Collection | ? | Raiders of the Lost Ark (1981) (TMDb: 85)                        |
[2022-05-15 04:14:56,381] [builder.py:1943]           [INFO]     | Top Rated Movies Collection | ? | WALL·E (2008) (TMDb: 10681)                                      |
[2022-05-15 04:14:56,573] [builder.py:1943]           [INFO]     | Top Rated Movies Collection | ? | The Shining (1980) (TMDb: 694)                                   |
[2022-05-15 04:14:56,732] [builder.py:1943]           [INFO]     | Top Rated Movies Collection | ? | Avengers: Infinity War (2018) (TMDb: 299536)                     |
[2022-05-15 04:14:56,978] [builder.py:1943]           [INFO]     | Top Rated Movies Collection | ? | American Beauty (1999) (TMDb: 14)                                |
[2022-05-15 04:14:58,151] [builder.py:1943]           [INFO]     | Top Rated Movies Collection | ? | The Dark Knight Rises (2012) (TMDb: 49026)                       |
[2022-05-15 04:14:58,323] [builder.py:1943]           [INFO]     | Top Rated Movies Collection | ? | Joker (2019) (TMDb: 475557)                                      |
[2022-05-15 04:14:58,324] [builder.py:1943]           [INFO]     | Top Rated Movies Collection | ? | Oldboy (2003) (TMDb: 670)                                        |
[2022-05-15 04:14:58,462] [builder.py:1943]           [INFO]     | Top Rated Movies Collection | ? | Braveheart (1995) (TMDb: 197)                                    |
[2022-05-15 04:14:58,464] [builder.py:1943]           [INFO]     | Top Rated Movies Collection | ? | Toy Story (1995) (TMDb: 862)                                     |
[2022-05-15 04:14:58,467] [builder.py:1943]           [INFO]     | Top Rated Movies Collection | ? | Coco (2017) (TMDb: 354912)                                       |
[2022-05-15 04:14:58,608] [builder.py:1943]           [INFO]     | Top Rated Movies Collection | ? | Inglourious Basterds (2009) (TMDb: 16869)                        |
[2022-05-15 04:14:59,018] [builder.py:1943]           [INFO]     | Top Rated Movies Collection | ? | Avengers: Endgame (2019) (TMDb: 299534)                          |
[2022-05-15 04:14:59,150] [builder.py:1943]           [INFO]     | Top Rated Movies Collection | ? | Requiem for a Dream (2000) (TMDb: 641)                           |
[2022-05-15 04:14:59,152] [builder.py:1943]           [INFO]     | Top Rated Movies Collection | ? | Toy Story 3 (2010) (TMDb: 10193)                                 |
[2022-05-15 04:14:59,155] [builder.py:1943]           [INFO]     | Top Rated Movies Collection | ? | Your Name. (2016) (TMDb: 372058)                                 |
[2022-05-15 04:14:59,158] [builder.py:1943]           [INFO]     | Top Rated Movies Collection | ? | Return of the Jedi (1983) (TMDb: 1892)                           |
[2022-05-15 04:14:59,325] [builder.py:1943]           [INFO]     | Top Rated Movies Collection | ? | Citizen Kane (1941) (TMDb: 15)                                   |
[2022-05-15 04:14:59,503] [builder.py:1943]           [INFO]     | Top Rated Movies Collection | ? | Lawrence of Arabia (1962) (TMDb: 947)                            |
[2022-05-15 04:14:59,758] [builder.py:1943]           [INFO]     | Top Rated Movies Collection | ? | M (1931) (TMDb: 832)                                             |
[2022-05-15 04:14:59,908] [builder.py:1943]           [INFO]     | Top Rated Movies Collection | ? | The Hunt (2012) (TMDb: 103663)                                   |
[2022-05-15 04:15:00,355] [builder.py:1943]           [INFO]     | Top Rated Movies Collection | ? | North by Northwest (1959) (TMDb: 213)                            |
[2022-05-15 04:15:00,502] [builder.py:1943]           [INFO]     | Top Rated Movies Collection | ? | Vertigo (1958) (TMDb: 426)                                       |
[2022-05-15 04:15:00,692] [builder.py:1943]           [INFO]     | Top Rated Movies Collection | ? | Amélie (2001) (TMDb: 194)                                        |
[2022-05-15 04:15:00,832] [builder.py:1943]           [INFO]     | Top Rated Movies Collection | ? | A Clockwork Orange (1971) (TMDb: 185)                            |
[2022-05-15 04:15:00,969] [builder.py:1943]           [INFO]     | Top Rated Movies Collection | ? | Come and See (1985) (TMDb: 25237)                                |
[2022-05-15 04:15:01,370] [builder.py:1943]           [INFO]     | Top Rated Movies Collection | ? | Full Metal Jacket (1987) (TMDb: 600)                             |
[2022-05-15 04:15:02,574] [builder.py:1943]           [INFO]     | Top Rated Movies Collection | ? | Double Indemnity (1944) (TMDb: 996)                              |
[2022-05-15 04:15:03,453] [builder.py:1943]           [INFO]     | Top Rated Movies Collection | ? | The Apartment (1960) (TMDb: 284)                                 |
[2022-05-15 04:15:03,455] [builder.py:1943]           [INFO]     | Top Rated Movies Collection | ? | Scarface (1983) (TMDb: 111)                                      |
[2022-05-15 04:15:03,652] [builder.py:1943]           [INFO]     | Top Rated Movies Collection | ? | To Kill a Mockingbird (1962) (TMDb: 595)                         |
[2022-05-15 04:15:03,795] [builder.py:1943]           [INFO]     | Top Rated Movies Collection | ? | Taxi Driver (1976) (TMDb: 103)                                   |
[2022-05-15 04:15:04,206] [builder.py:1943]           [INFO]     | Top Rated Movies Collection | ? | The Sting (1973) (TMDb: 9277)                                    |
[2022-05-15 04:15:04,592] [builder.py:1943]           [INFO]     | Top Rated Movies Collection | ? | Ikiru (1952) (TMDb: 3782)                                        |
[2022-05-15 04:15:04,745] [builder.py:1943]           [INFO]     | Top Rated Movies Collection | ? | Hamilton (2020) (TMDb: 556574)                                   |
[2022-05-15 04:15:04,748] [builder.py:1943]           [INFO]     | Top Rated Movies Collection | ? | L.A. Confidential (1997) (TMDb: 2118)                            |
[2022-05-15 04:15:05,918] [builder.py:1943]           [INFO]     | Top Rated Movies Collection | ? | Up (2009) (TMDb: 14160)                                          |
[2022-05-15 04:15:05,920] [builder.py:1943]           [INFO]     | Top Rated Movies Collection | ? | Heat (1995) (TMDb: 949)                                          |
[2022-05-15 04:15:06,381] [builder.py:1943]           [INFO]     | Top Rated Movies Collection | ? | Metropolis (1927) (TMDb: 19)                                     |
[2022-05-15 04:15:06,384] [builder.py:1943]           [INFO]     | Top Rated Movies Collection | ? | Snatch (2000) (TMDb: 107)                                        |
[2022-05-15 04:15:06,548] [builder.py:1943]           [INFO]     | Top Rated Movies Collection | ? | A Separation (2011) (TMDb: 60243)                                |
[2022-05-15 04:15:06,747] [builder.py:1943]           [INFO]     | Top Rated Movies Collection | ? | Die Hard (1988) (TMDb: 562)                                      |
[2022-05-15 04:15:06,934] [builder.py:1943]           [INFO]     | Top Rated Movies Collection | ? | Incendies (2010) (TMDb: 46738)                                   |
[2022-05-15 04:15:06,936] [builder.py:1943]           [INFO]     | Top Rated Movies Collection | ? | Indiana Jones and the Last Crusade (1989) (TMDb: 89)             |
[2022-05-15 04:15:07,121] [builder.py:1943]           [INFO]     | Top Rated Movies Collection | ? | Bicycle Thieves (1948) (TMDb: 5156)                              |
[2022-05-15 04:15:07,300] [builder.py:1943]           [INFO]     | Top Rated Movies Collection | ? | Like Stars on Earth (2007) (TMDb: 7508)                          |
[2022-05-15 04:15:07,445] [builder.py:1943]           [INFO]     | Top Rated Movies Collection | ? | Downfall (2004) (TMDb: 613)                                      |
[2022-05-15 04:15:07,636] [builder.py:1943]           [INFO]     | Top Rated Movies Collection | ? | For a Few Dollars More (1965) (TMDb: 938)                        |
[2022-05-15 04:15:07,638] [builder.py:1943]           [INFO]     | Top Rated Movies Collection | ? | Dangal (2016) (TMDb: 360814)                                     |
[2022-05-15 04:15:07,826] [builder.py:1943]           [INFO]     | Top Rated Movies Collection | ? | The Kid (1921) (TMDb: 10098)                                     |
[2022-05-15 04:15:08,059] [builder.py:1943]           [INFO]     | Top Rated Movies Collection | ? | Some Like It Hot (1959) (TMDb: 239)                              |
[2022-05-15 04:15:08,272] [builder.py:1943]           [INFO]     | Top Rated Movies Collection | ? | The Father (2020) (TMDb: 600354)                                 |
[2022-05-15 04:15:08,446] [builder.py:1943]           [INFO]     | Top Rated Movies Collection | ? | All About Eve (1950) (TMDb: 705)                                 |
[2022-05-15 04:15:08,449] [builder.py:1943]           [INFO]     | Top Rated Movies Collection | ? | Green Book (2018) (TMDb: 490132)                                 |
[2022-05-15 04:15:08,452] [builder.py:1943]           [INFO]     | Top Rated Movies Collection | ? | The Wolf of Wall Street (2013) (TMDb: 106646)                    |
[2022-05-15 04:15:08,646] [builder.py:1943]           [INFO]     | Top Rated Movies Collection | ? | Judgment at Nuremberg (1961) (TMDb: 821)                         |
[2022-05-15 04:15:08,804] [builder.py:1943]           [INFO]     | Top Rated Movies Collection | ? | Unforgiven (1992) (TMDb: 33)                                     |
[2022-05-15 04:15:08,806] [builder.py:1943]           [INFO]     | Top Rated Movies Collection | ? | Pan's Labyrinth (2006) (TMDb: 1417)                              |
[2022-05-15 04:15:08,808] [builder.py:1943]           [INFO]     | Top Rated Movies Collection | ? | Casino (1995) (TMDb: 524)                                        |
[2022-05-15 04:15:08,952] [builder.py:1943]           [INFO]     | Top Rated Movies Collection | ? | Ran (1985) (TMDb: 11645)                                         |
[2022-05-15 04:15:09,437] [builder.py:1943]           [INFO]     | Top Rated Movies Collection | ? | There Will Be Blood (2007) (TMDb: 7345)                          |
[2022-05-15 04:15:09,926] [builder.py:1943]           [INFO]     | Top Rated Movies Collection | ? | The Sixth Sense (1999) (TMDb: 745)                               |
[2022-05-15 04:15:10,068] [builder.py:1943]           [INFO]     | Top Rated Movies Collection | ? | A Beautiful Mind (2001) (TMDb: 453)                              |
[2022-05-15 04:15:11,544] [builder.py:1943]           [INFO]     | Top Rated Movies Collection | ? | The Treasure of the Sierra Madre (1948) (TMDb: 3090)             |
[2022-05-15 04:15:11,694] [builder.py:1943]           [INFO]     | Top Rated Movies Collection | ? | Rashomon (1950) (TMDb: 548)                                      |
[2022-05-15 04:15:11,828] [builder.py:1943]           [INFO]     | Top Rated Movies Collection | ? | The Great Escape (1963) (TMDb: 5925)                             |
[2022-05-15 04:15:11,972] [builder.py:1943]           [INFO]     | Top Rated Movies Collection | ? | Shutter Island (2010) (TMDb: 11324)                              |
[2022-05-15 04:15:11,974] [builder.py:1943]           [INFO]     | Top Rated Movies Collection | ? | Jurassic Park (1993) (TMDb: 329)                                 |
[2022-05-15 04:15:12,140] [builder.py:1943]           [INFO]     | Top Rated Movies Collection | ? | No Country for Old Men (2007) (TMDb: 6977)                       |
[2022-05-15 04:15:12,337] [builder.py:1943]           [INFO]     | Top Rated Movies Collection | ? | The Elephant Man (1980) (TMDb: 1955)                             |
[2022-05-15 04:15:12,514] [builder.py:1943]           [INFO]     | Top Rated Movies Collection | ? | Finding Nemo (2003) (TMDb: 12)                                   |
[2022-05-15 04:15:12,819] [builder.py:1943]           [INFO]     | Top Rated Movies Collection | ? | Gone with the Wind (1939) (TMDb: 770)                            |
[2022-05-15 04:15:12,822] [builder.py:1943]           [INFO]     | Top Rated Movies Collection | ? | V for Vendetta (2006) (TMDb: 752)                                |
[2022-05-15 04:15:12,826] [builder.py:1943]           [INFO]     | Top Rated Movies Collection | ? | Inside Out (2015) (TMDb: 150540)                                 |
[2022-05-15 04:15:12,827] [builder.py:1943]           [INFO]     | Top Rated Movies Collection | ? | Lock, Stock and Two Smoking Barrels (1998) (TMDb: 100)           |
[2022-05-15 04:15:12,954] [builder.py:1943]           [INFO]     | Top Rated Movies Collection | ? | The Thing (1982) (TMDb: 1091)                                    |
[2022-05-15 04:15:13,088] [builder.py:1943]           [INFO]     | Top Rated Movies Collection | ? | Dial M for Murder (1954) (TMDb: 521)                             |
[2022-05-15 04:15:13,278] [builder.py:1943]           [INFO]     | Top Rated Movies Collection | ? | The Secret in Their Eyes (2009) (TMDb: 25376)                    |
[2022-05-15 04:15:13,569] [builder.py:1943]           [INFO]     | Top Rated Movies Collection | ? | The Bridge on the River Kwai (1957) (TMDb: 826)                  |
[2022-05-15 04:15:13,746] [builder.py:1943]           [INFO]     | Top Rated Movies Collection | ? | Three Billboards Outside Ebbing, Missouri (2017) (TMDb: 359940)  |
[2022-05-15 04:15:13,899] [builder.py:1943]           [INFO]     | Top Rated Movies Collection | ? | Trainspotting (1996) (TMDb: 627)                                 |
[2022-05-15 04:15:13,901] [builder.py:1943]           [INFO]     | Top Rated Movies Collection | ? | Gran Torino (2008) (TMDb: 13223)                                 |
[2022-05-15 04:15:13,902] [builder.py:1943]           [INFO]     | Top Rated Movies Collection | ? | Warrior (2011) (TMDb: 59440)                                     |
[2022-05-15 04:15:15,060] [builder.py:1943]           [INFO]     | Top Rated Movies Collection | ? | Fargo (1996) (TMDb: 275)                                         |
[2022-05-15 04:15:15,555] [builder.py:1943]           [INFO]     | Top Rated Movies Collection | ? | Prisoners (2013) (TMDb: 146233)                                  |
[2022-05-15 04:15:15,557] [builder.py:1943]           [INFO]     | Top Rated Movies Collection | ? | Million Dollar Baby (2004) (TMDb: 70)                            |
[2022-05-15 04:15:15,697] [builder.py:1943]           [INFO]     | Top Rated Movies Collection | ? | The Gold Rush (1925) (TMDb: 962)                                 |
[2022-05-15 04:15:15,698] [builder.py:1943]           [INFO]     | Top Rated Movies Collection | ? | On the Waterfront (1954) (TMDb: 654)                             |
[2022-05-15 04:15:16,110] [builder.py:1943]           [INFO]     | Top Rated Movies Collection | ? | Catch Me If You Can (2002) (TMDb: 640)                           |
[2022-05-15 04:15:16,582] [builder.py:1943]           [INFO]     | Top Rated Movies Collection | ? | The Third Man (1949) (TMDb: 1092)                                |
[2022-05-15 04:15:16,755] [builder.py:1943]           [INFO]     | Top Rated Movies Collection | ? | Children of Heaven (1997) (TMDb: 21334)                          |
[2022-05-15 04:15:16,907] [builder.py:1943]           [INFO]     | Top Rated Movies Collection | ? | The General (1926) (TMDb: 961)                                   |
[2022-05-15 04:15:17,082] [builder.py:1943]           [INFO]     | Top Rated Movies Collection | ? | Wild Strawberries (1957) (TMDb: 614)                             |
[2022-05-15 04:15:17,253] [builder.py:1943]           [INFO]     | Top Rated Movies Collection | ? | The Deer Hunter (1978) (TMDb: 11778)                             |
[2022-05-15 04:15:17,390] [builder.py:1943]           [INFO]     | Top Rated Movies Collection | ? | Before Sunrise (1995) (TMDb: 76)                                 |
[2022-05-15 04:15:17,392] [builder.py:1943]           [INFO]     | Top Rated Movies Collection | ? | Harry Potter and the Deathly Hallows: Part 2 (2011) (TMDb: 12445) |
[2022-05-15 04:15:17,610] [builder.py:1943]           [INFO]     | Top Rated Movies Collection | ? | In the Name of the Father (1993) (TMDb: 7984)                    |
[2022-05-15 04:15:17,789] [builder.py:1943]           [INFO]     | Top Rated Movies Collection | ? | Mr. Smith Goes to Washington (1939) (TMDb: 3083)                 |
[2022-05-15 04:15:17,927] [builder.py:1943]           [INFO]     | Top Rated Movies Collection | ? | The Wages of Fear (1953) (TMDb: 204)                             |
[2022-05-15 04:15:18,075] [builder.py:1943]           [INFO]     | Top Rated Movies Collection | ? | Sherlock Jr. (1924) (TMDb: 992)                                  |
[2022-05-15 04:15:18,078] [builder.py:1943]           [INFO]     | Top Rated Movies Collection | ? | Room (2015) (TMDb: 264644)                                       |
[2022-05-15 04:15:18,349] [builder.py:1943]           [INFO]     | Top Rated Movies Collection | ? | The Seventh Seal (1957) (TMDb: 490)                              |
[2022-05-15 04:15:18,517] [builder.py:1943]           [INFO]     | Top Rated Movies Collection | ? | Hacksaw Ridge (2016) (TMDb: 324786)                              |
[2022-05-15 04:15:18,655] [builder.py:1943]           [INFO]     | Top Rated Movies Collection | ? | Klaus (2019) (TMDb: 508965)                                      |
[2022-05-15 04:15:18,872] [builder.py:1943]           [INFO]     | Top Rated Movies Collection | ? | Wild Tales (2014) (TMDb: 265195)                                 |
[2022-05-15 04:15:19,034] [builder.py:1943]           [INFO]     | Top Rated Movies Collection | ? | The Big Lebowski (1998) (TMDb: 115)                              |
[2022-05-15 04:15:19,037] [builder.py:1943]           [INFO]     | Top Rated Movies Collection | ? | How to Train Your Dragon (2010) (TMDb: 10191)                    |
[2022-05-15 04:15:19,040] [builder.py:1943]           [INFO]     | Top Rated Movies Collection | ? | Mad Max: Fury Road (2015) (TMDb: 76341)                          |
[2022-05-15 04:15:19,209] [builder.py:1943]           [INFO]     | Top Rated Movies Collection | ? | Mary and Max (2009) (TMDb: 24238)                                |
[2022-05-15 04:15:19,213] [builder.py:1943]           [INFO]     | Top Rated Movies Collection | ? | Monsters, Inc. (2001) (TMDb: 585)                                |
[2022-05-15 04:15:19,214] [builder.py:1943]           [INFO]     | Top Rated Movies Collection | ? | Jaws (1975) (TMDb: 578)                                          |
[2022-05-15 04:15:19,359] [builder.py:1943]           [INFO]     | Top Rated Movies Collection | ? | Pather Panchali (1955) (TMDb: 5801)                              |
[2022-05-15 04:15:19,540] [builder.py:1943]           [INFO]     | Top Rated Movies Collection | ? | The Passion of Joan of Arc (1928) (TMDb: 780)                    |
[2022-05-15 04:15:19,756] [builder.py:1943]           [INFO]     | Top Rated Movies Collection | ? | Hotel Rwanda (2004) (TMDb: 205)                                  |
[2022-05-15 04:15:20,151] [builder.py:1943]           [INFO]     | Top Rated Movies Collection | ? | Tokyo Story (1953) (TMDb: 18148)                                 |
[2022-05-15 04:15:20,459] [builder.py:1943]           [INFO]     | Top Rated Movies Collection | ? | Dead Poets Society (1989) (TMDb: 207)                            |
[2022-05-15 04:15:20,662] [builder.py:1943]           [INFO]     | Top Rated Movies Collection | ? | Platoon (1986) (TMDb: 792)                                       |
[2022-05-15 04:15:20,799] [builder.py:1943]           [INFO]     | Top Rated Movies Collection | ? | Rocky (1976) (TMDb: 1366)                                        |
[2022-05-15 04:15:20,948] [builder.py:1943]           [INFO]     | Top Rated Movies Collection | ? | Stand by Me (1986) (TMDb: 235)                                   |
[2022-05-15 04:15:20,950] [builder.py:1943]           [INFO]     | Top Rated Movies Collection | ? | Rush (2013) (TMDb: 96721)                                        |
[2022-05-15 04:15:21,078] [builder.py:1943]           [INFO]     | Top Rated Movies Collection | ? | Spotlight (2015) (TMDb: 314365)                                  |
[2022-05-15 04:15:21,426] [builder.py:1943]           [INFO]     | Top Rated Movies Collection | ? | Into the Wild (2007) (TMDb: 5915)                                |
[2022-05-15 04:15:21,613] [builder.py:1943]           [INFO]     | Top Rated Movies Collection | ? | Network (1976) (TMDb: 10774)                                     |
[2022-05-15 04:15:21,769] [builder.py:1943]           [INFO]     | Top Rated Movies Collection | ? | The Wizard of Oz (1939) (TMDb: 630)                              |
[2022-05-15 04:15:22,960] [builder.py:1943]           [INFO]     | Top Rated Movies Collection | ? | Logan (2017) (TMDb: 263115)                                      |
[2022-05-15 04:15:22,961] [builder.py:1943]           [INFO]     | Top Rated Movies Collection | ? | Groundhog Day (1993) (TMDb: 137)                                 |
[2022-05-15 04:15:22,965] [builder.py:1943]           [INFO]     | Top Rated Movies Collection | ? | Ratatouille (2007) (TMDb: 2062)                                  |
[2022-05-15 04:15:23,124] [builder.py:1943]           [INFO]     | Top Rated Movies Collection | ? | The Exorcist (1973) (TMDb: 9552)                                 |
[2022-05-15 04:15:23,500] [builder.py:1943]           [INFO]     | Top Rated Movies Collection | ? | Before Sunset (2004) (TMDb: 80)                                  |
[2022-05-15 04:15:23,695] [builder.py:1943]           [INFO]     | Top Rated Movies Collection | ? | The Best Years of Our Lives (1946) (TMDb: 887)                   |
[2022-05-15 04:15:23,888] [builder.py:1943]           [INFO]     | Top Rated Movies Collection | ? | The Incredibles (2004) (TMDb: 9806)                              |
[2022-05-15 04:15:24,082] [builder.py:1943]           [INFO]     | Top Rated Movies Collection | ? | To Be or Not to Be (1942) (TMDb: 198)                            |
[2022-05-15 04:15:24,233] [builder.py:1943]           [INFO]     | Top Rated Movies Collection | ? | The Battle of Algiers (1966) (TMDb: 17295)                       |
[2022-05-15 04:15:24,809] [builder.py:1943]           [INFO]     | Top Rated Movies Collection | ? | Rebecca (1940) (TMDb: 223)                                       |
[2022-05-15 04:15:25,261] [builder.py:1943]           [INFO]     | Top Rated Movies Collection | ? | The Grapes of Wrath (1940) (TMDb: 596)                           |
[2022-05-15 04:15:25,781] [builder.py:1943]           [INFO]     | Top Rated Movies Collection | ? | Hachi: A Dog's Tale (2009) (TMDb: 28178)                         |
[2022-05-15 04:15:26,206] [builder.py:1943]           [INFO]     | Top Rated Movies Collection | ? | Cool Hand Luke (1967) (TMDb: 903)                                |
[2022-05-15 04:15:26,341] [builder.py:1943]           [INFO]     | Top Rated Movies Collection | ? | Amores Perros (2000) (TMDb: 55)                                  |
[2022-05-15 04:15:26,596] [builder.py:1943]           [INFO]     | Top Rated Movies Collection | ? | Dersu Uzala (1975) (TMDb: 9764)                                  |
[2022-05-15 04:15:26,726] [builder.py:1943]           [INFO]     | Top Rated Movies Collection | ? | The 400 Blows (1959) (TMDb: 147)                                 |
[2022-05-15 04:15:26,883] [builder.py:1943]           [INFO]     | Top Rated Movies Collection | ? | My Father and My Son (2005) (TMDb: 13393)                        |
[2022-05-15 04:15:27,034] [builder.py:1943]           [INFO]     | Top Rated Movies Collection | ? | Persona (1966) (TMDb: 797)                                       |
[2022-05-15 04:15:27,216] [builder.py:1943]           [INFO]     | Top Rated Movies Collection | ? | La Haine (1995) (TMDb: 406)                                      |
[2022-05-15 04:15:27,434] [builder.py:1943]           [INFO]     | Top Rated Movies Collection | ? | The Sound of Music (1965) (TMDb: 15121)                          |
[2022-05-15 04:15:27,577] [builder.py:1943]           [INFO]     | Top Rated Movies Collection | ? | It Happened One Night (1934) (TMDb: 3078)                        |
[2022-05-15 04:15:27,717] [builder.py:1943]           [INFO]     | Top Rated Movies Collection | ? | The Handmaiden (2016) (TMDb: 290098)                             |
[2022-05-15 04:15:27,846] [builder.py:1943]           [INFO]     | Top Rated Movies Collection | ? | Gandhi (1982) (TMDb: 783)                                        |
[2022-05-15 04:15:28,009] [builder.py:1943]           [INFO]     | Top Rated Movies Collection | ? | The Help (2011) (TMDb: 50014)                                    |
[2022-05-15 04:15:28,217] [builder.py:1943]           [INFO]     | Top Rated Movies Collection | ? | Dances with Wolves (1990) (TMDb: 581)                            |
[2022-05-15 04:15:28,457] [builder.py:1943]           [INFO]     | Top Rated Movies Collection | ? | Rififi (1955) (TMDb: 934)                                        |
[2022-05-15 04:15:28,457] [builder.py:1947]           [INFO]     |                                                                                                    |
[2022-05-15 04:15:28,458] [builder.py:1948]           [INFO]     | 175 Movies Missing                                                                                 |
[2022-05-15 04:15:28,665] [builder.py:2147]           [INFO]     |                                                                                                    |
[2022-05-15 04:15:28,665] [util.py:216]               [INFO]     |========================= Updating Details of Top Rated Movies Collection ==========================|
[2022-05-15 04:15:28,665] [builder.py:2149]           [INFO]     |                                                                                                    |
[2022-05-15 04:15:28,666] [builder.py:2156]           [INFO]     | Detail: summary updated Collection Summary                                                         |
[2022-05-15 04:15:28,666] [builder.py:2294]           [INFO]     | No poster collection detail or asset folder found                                                  |
[2022-05-15 04:15:28,666] [builder.py:2327]           [INFO]     | No background collection detail or asset folder found                                              |
[2022-05-15 04:15:28,905] [plex_meta_manager.py:880]  [INFO]     |                                                                                                    |
[2022-05-15 04:15:28,906] [util.py:209]               [INFO]     |====================================================================================================|
[2022-05-15 04:15:28,906] [util.py:216]               [INFO]     |                                Finished Top Rated Movies Collection                                |
[2022-05-15 04:15:28,906] [util.py:216]               [INFO]     |                                    Collection Run Time: 0:00:43                                    |
[2022-05-15 04:15:28,907] [util.py:220]               [INFO]     |====================================================================================================|
