[2022-10-28 01:01:02,005] [util.py:209]               [INFO]     |====================================================================================================|
[2022-10-28 01:01:02,006] [util.py:216]               [INFO]     |                                 Monty Python Collection in Movies                                  |
[2022-10-28 01:01:02,006] [util.py:220]               [INFO]     |====================================================================================================|
[2022-10-28 01:01:02,006] [plex_meta_manager.py:750]  [INFO]     |                                                                                                    |
[2022-10-28 01:01:02,007] [util.py:216]               [INFO]     |================================ Validating Monty Python Attributes ================================|
[2022-10-28 01:01:02,007] [builder.py:265]            [DEBUG]    |                                                                                                    |
[2022-10-28 01:01:02,007] [builder.py:266]            [DEBUG]    | Validating Method: template                                                                        |
[2022-10-28 01:01:02,008] [meta.py:83]                [DEBUG]    | Value: ordereddict([('name', 'Movie')])                                                            |
[2022-10-28 01:01:02,008] [builder.py:330]            [DEBUG]    |                                                                                                    |
[2022-10-28 01:01:02,008] [builder.py:331]            [DEBUG]    | Validating Method: sync_mode                                                                       |
[2022-10-28 01:01:02,008] [builder.py:335]            [DEBUG]    | Value: sync                                                                                        |
[2022-10-28 01:01:02,009] [builder.py:453]            [DEBUG]    |                                                                                                    |
[2022-10-28 01:01:02,009] [builder.py:454]            [DEBUG]    | Validating Method: collection_order                                                                |
[2022-10-28 01:01:02,009] [builder.py:455]            [DEBUG]    | Value: release                                                                                     |
[2022-10-28 01:01:02,009] [builder.py:472]            [DEBUG]    |                                                                                                    |
[2022-10-28 01:01:02,009] [builder.py:473]            [DEBUG]    | Validating Method: imdb_list                                                                       |
[2022-10-28 01:01:02,010] [builder.py:474]            [DEBUG]    | Value: https://www.imdb.com/list/ls072012494/                                                      |
[2022-10-28 01:01:03,343] [builder.py:472]            [DEBUG]    |                                                                                                    |
[2022-10-28 01:01:03,344] [builder.py:473]            [DEBUG]    | Validating Method: url_poster                                                                      |
[2022-10-28 01:01:03,344] [builder.py:474]            [DEBUG]    | Value: https://theposterdb.com/api/assets/148489                                                   |
[2022-10-28 01:01:03,344] [builder.py:472]            [DEBUG]    |                                                                                                    |
[2022-10-28 01:01:03,345] [builder.py:473]            [DEBUG]    | Validating Method: summary                                                                         |
[2022-10-28 01:01:03,345] [builder.py:474]            [DEBUG]    | Value: Monty Python is a British surreal comedy troupe who created sketch comedy television shows and movies |
[2022-10-28 01:01:03,345] [builder.py:472]            [DEBUG]    |                                                                                                    |
[2022-10-28 01:01:03,345] [builder.py:473]            [DEBUG]    | Validating Method: sort_title                                                                      |
[2022-10-28 01:01:03,346] [builder.py:474]            [DEBUG]    | Value: 00000f_Monty Python                                                                         |
[2022-10-28 01:01:03,346] [builder.py:472]            [DEBUG]    |                                                                                                    |
[2022-10-28 01:01:03,346] [builder.py:473]            [DEBUG]    | Validating Method: radarr_add_missing                                                              |
[2022-10-28 01:01:03,346] [builder.py:474]            [DEBUG]    | Value: True                                                                                        |
[2022-10-28 01:01:03,494] [builder.py:619]            [INFO]     |                                                                                                    |
[2022-10-28 01:01:03,494] [builder.py:620]            [INFO]     | Validation Successful                                                                              |
[2022-10-28 01:01:03,496] [plex_meta_manager.py:758]  [INFO]     |                                                                                                    |
[2022-10-28 01:01:03,496] [util.py:216]               [INFO]     |================================= Running Monty Python Collection ==================================|
[2022-10-28 01:01:03,496] [plex_meta_manager.py:773]  [INFO]     |                                                                                                    |
[2022-10-28 01:01:03,497] [plex_meta_manager.py:774]  [INFO]     | Sync Mode: sync                                                                                    |
[2022-10-28 01:01:03,497] [builder.py:1275]           [DEBUG]    |                                                                                                    |
[2022-10-28 01:01:03,497] [builder.py:1276]           [DEBUG]    | Builder: imdb_list: {'url': 'https://www.imdb.com/list/ls072012494/', 'limit': 0}                  |
[2022-10-28 01:01:03,497] [builder.py:1277]           [INFO]     |                                                                                                    |
[2022-10-28 01:01:03,498] [imdb.py:158]               [INFO]     | Processing IMDb List: https://www.imdb.com/list/ls072012494/                                       |
[2022-10-28 01:01:07,792] [imdb.py:127]               [DEBUG]    | 38 IMDb IDs Found: ['tt0063929', 'tt0063100', 'tt0202477', 'tt0066765', 'tt0372432', 'tt0071853', 'tt0076407', 'tt0079470', 'tt0084352', 'tt0472471', 'tt0085959', 'tt0213984', 'tt0329296', 'tt0287570', 'tt0220292', 'tt3989662', 'tt0353751', 'tt1619024', 'tt0389152', 'tt3575578', 'tt0382007', 'tt0544736', 'tt1280542', 'tt0795156', 'tt0890647', 'tt0934946', 'tt0939682', 'tt1357859', 'tt1534901', 'tt1422182', 'tt3982922', 'tt1616543', 'tt1979172', 'tt3260850', 'tt3834278', 'tt3872778', 'tt4256544', 'tt1727770'] |
[2022-10-28 01:01:07,792] [builder.py:1282]           [DEBUG]    |                                                                                                    |
[2022-10-28 01:01:07,792] [builder.py:1283]           [DEBUG]    | 38 IDs Found: [('tt0063929', 'imdb'), ('tt0063100', 'imdb'), ('tt0202477', 'imdb'), ('tt0066765', 'imdb'), ('tt0372432', 'imdb'), ('tt0071853', 'imdb'), ('tt0076407', 'imdb'), ('tt0079470', 'imdb'), ('tt0084352', 'imdb'), ('tt0472471', 'imdb'), ('tt0085959', 'imdb'), ('tt0213984', 'imdb'), ('tt0329296', 'imdb'), ('tt0287570', 'imdb'), ('tt0220292', 'imdb'), ('tt3989662', 'imdb'), ('tt0353751', 'imdb'), ('tt1619024', 'imdb'), ('tt0389152', 'imdb'), ('tt3575578', 'imdb'), ('tt0382007', 'imdb'), ('tt0544736', 'imdb'), ('tt1280542', 'imdb'), ('tt0795156', 'imdb'), ('tt0890647', 'imdb'), ('tt0934946', 'imdb'), ('tt0939682', 'imdb'), ('tt1357859', 'imdb'), ('tt1534901', 'imdb'), ('tt1422182', 'imdb'), ('tt3982922', 'imdb'), ('tt1616543', 'imdb'), ('tt1979172', 'imdb'), ('tt3260850', 'imdb'), ('tt3834278', 'imdb'), ('tt3872778', 'imdb'), ('tt4256544', 'imdb'), ('tt1727770', 'imdb')] |
[2022-10-28 01:01:07,793] [builder.py:1284]           [DEBUG]    |                                                                                                    |
[2022-10-28 01:01:07,913] [builder.py:1383]           [ERROR]    | Convert Error: No TMDb ID Found for IMDb ID: tt0372432                                             |
[2022-10-28 01:01:08,057] [builder.py:1383]           [ERROR]    | Convert Error: No TMDb ID Found for IMDb ID: tt0472471                                             |
[2022-10-28 01:01:08,178] [builder.py:1383]           [ERROR]    | Convert Error: No TMDb ID Found for IMDb ID: tt1619024                                             |
[2022-10-28 01:01:08,296] [builder.py:1383]           [ERROR]    | Convert Error: No TMDb ID Found for IMDb ID: tt3575578                                             |
[2022-10-28 01:01:08,399] [builder.py:1383]           [ERROR]    | Convert Error: No TMDb ID Found for IMDb ID: tt0382007                                             |
[2022-10-28 01:01:08,511] [builder.py:1383]           [ERROR]    | Convert Error: No TMDb ID Found for IMDb ID: tt0544736                                             |
[2022-10-28 01:01:08,609] [builder.py:1383]           [ERROR]    | Convert Error: No TMDb ID Found for IMDb ID: tt0890647                                             |
[2022-10-28 01:01:08,718] [builder.py:1383]           [ERROR]    | Convert Error: No TMDb ID Found for IMDb ID: tt1357859                                             |
[2022-10-28 01:01:08,811] [builder.py:1383]           [ERROR]    | Convert Error: No TMDb ID Found for IMDb ID: tt1534901                                             |
[2022-10-28 01:01:08,852] [builder.py:1697]           [INFO]     |                                                                                                    |
[2022-10-28 01:01:08,853] [util.py:216]               [INFO]     |================================ Adding to Monty Python Collection =================================|
[2022-10-28 01:01:08,853] [builder.py:1699]           [INFO]     |                                                                                                    |
[2022-10-28 01:01:08,854] [builder.py:1709]           [INFO]     | 1/7 | Monty Python Collection | = | And Now for Something Completely Different (1971)              |
[2022-10-28 01:01:08,854] [builder.py:1709]           [INFO]     | 2/7 | Monty Python Collection | = | Monty Python and the Holy Grail (1975)                         |
[2022-10-28 01:01:08,854] [builder.py:1709]           [INFO]     | 3/7 | Monty Python Collection | = | Life of Brian (1979)                                           |
[2022-10-28 01:01:08,855] [builder.py:1709]           [INFO]     | 4/7 | Monty Python Collection | = | The Meaning of Life (1983)                                     |
[2022-10-28 01:01:08,855] [builder.py:1709]           [INFO]     | 5/7 | Monty Python Collection | = | Not the Messiah: He's a Very Naughty Boy (2010)                |
[2022-10-28 01:01:08,855] [builder.py:1709]           [INFO]     | 6/7 | Monty Python Collection | = | The Meaning of Monty Python (2013)                             |
[2022-10-28 01:01:08,855] [builder.py:1709]           [INFO]     | 7/7 | Monty Python Collection | = | Absolutely Anything (2015)                                     |
[2022-10-28 01:01:08,856] [builder.py:1734]           [INFO]     |                                                                                                    |
[2022-10-28 01:01:08,856] [builder.py:1735]           [INFO]     | 7 Movies Processed                                                                                 |
[2022-10-28 01:01:08,856] [builder.py:1929]           [INFO]     |                                                                                                    |
[2022-10-28 01:01:08,857] [util.py:216]               [INFO]     |============================ Missing Movies from Library: Monty Python =============================|
[2022-10-28 01:01:08,857] [builder.py:1931]           [INFO]     |                                                                                                    |
[2022-10-28 01:01:09,038] [builder.py:1943]           [INFO]     | Monty Python Collection | ? | How to Irritate People (1969) (TMDb: 18809)                          |
[2022-10-28 01:01:09,156] [builder.py:1943]           [INFO]     | Monty Python Collection | ? | Monty Python's Fliegender Zirkus (1971) (TMDb: 46740)                |
[2022-10-28 01:01:09,286] [builder.py:1943]           [INFO]     | Monty Python Collection | ? | Pleasure at Her Majesty's (1976) (TMDb: 59527)                       |
[2022-10-28 01:01:09,438] [builder.py:1943]           [INFO]     | Monty Python Collection | ? | Monty Python Live at the Hollywood Bowl (1982) (TMDb: 11949)         |
[2022-10-28 01:01:09,554] [builder.py:1943]           [INFO]     | Monty Python Collection | ? | Parrot Sketch Not Included: Twenty Years of Monty Python (1989) (TMDb: 107215) |
[2022-10-28 01:01:09,683] [builder.py:1943]           [INFO]     | Monty Python Collection | ? | Life of Python (1990) (TMDb: 106983)                                 |
[2022-10-28 01:01:09,832] [builder.py:1943]           [INFO]     | Monty Python Collection | ? | Monty Python: Live at Aspen (1998) (TMDb: 84067)                     |
[2022-10-28 01:01:09,963] [builder.py:1943]           [INFO]     | Monty Python Collection | ? | Python Night: 30 Years of Monty Python (1999) (TMDb: 811555)         |
[2022-10-28 01:01:10,099] [builder.py:1943]           [INFO]     | Monty Python Collection | ? | 30 Years of Monty Python, a Revelation (1999) (TMDb: 414931)         |
[2022-10-28 01:01:10,272] [builder.py:1943]           [INFO]     | Monty Python Collection | ? | Monty Python & the Holy Grail in Lego (TMDb: 970731)                 |
[2022-10-28 01:01:10,424] [builder.py:1943]           [INFO]     | Monty Python Collection | ? | The Meaning of Making 'The Meaning of Life' (2003) (TMDb: 207235)    |
[2022-10-28 01:01:10,530] [builder.py:1943]           [INFO]     | Monty Python Collection | ? | The Roots of Monty Python (2005) (TMDb: 68914)                       |
[2022-10-28 01:01:10,672] [builder.py:1943]           [INFO]     | Monty Python Collection | ? | Monty Python's Flying Circus - Terry Jones' Personal Best (2006) (TMDb: 48978) |
[2022-10-28 01:01:10,782] [builder.py:1943]           [INFO]     | Monty Python Collection | ? | The Secret Life of Brian (2007) (TMDb: 73779)                        |
[2022-10-28 01:01:10,889] [builder.py:1943]           [INFO]     | Monty Python Collection | ? | What the Pythons Did Next... (2007) (TMDb: 739700)                   |
[2022-10-28 01:01:11,025] [builder.py:1943]           [INFO]     | Monty Python Collection | ? | Monty Python in Aberystwyth (TMDb: 564485)                           |
[2022-10-28 01:01:11,124] [builder.py:1943]           [INFO]     | Monty Python Collection | ? | A Liar's Autobiography: The Untrue Story of Monty Python's Graham Chapman (2012) (TMDb: 110392) |
[2022-10-28 01:01:11,235] [builder.py:1943]           [INFO]     | Monty Python Collection | ? | Monty Python: And Now for Something Rather Similar (2014) (TMDb: 574804) |
[2022-10-28 01:01:11,402] [builder.py:1943]           [INFO]     | Monty Python Collection | ? | Monty Python: Live (Mostly) (2014) (TMDb: 282268)                    |
[2022-10-28 01:01:11,525] [builder.py:1943]           [INFO]     | Monty Python Collection | ? | Monty Python: The Meaning of Live (2014) (TMDb: 328037)              |
[2022-10-28 01:01:11,525] [builder.py:1947]           [INFO]     |                                                                                                    |
[2022-10-28 01:01:11,526] [builder.py:1948]           [INFO]     | 20 Movies Missing                                                                                  |
[2022-10-28 01:01:11,534] [radarr.py:44]              [INFO]     |                                                                                                    |
[2022-10-28 01:01:11,534] [util.py:216]               [INFO]     |===================================== Adding Missing to Radarr =====================================|
[2022-10-28 01:01:11,534] [radarr.py:46]              [DEBUG]    |                                                                                                    |
[2022-10-28 01:01:11,535] [radarr.py:47]              [DEBUG]    | Radarr Adds: [18809, 46740, 59527, 11949, 107215, 106983, 84067, 811555, 414931, 970731, 207235, 68914, 48978, 73779, 739700, 564485, 110392, 574804, 282268, 328037] |
[2022-10-28 01:01:12,282] [radarr.py:136]             [INFO]     |                                                                                                    |
[2022-10-28 01:01:12,283] [radarr.py:144]             [INFO]     | Skipped: In Cache | 18809                                                                          |
[2022-10-28 01:01:12,283] [radarr.py:144]             [INFO]     | Skipped: In Cache | 46740                                                                          |
[2022-10-28 01:01:12,283] [radarr.py:144]             [INFO]     | Skipped: In Cache | 59527                                                                          |
[2022-10-28 01:01:12,284] [radarr.py:144]             [INFO]     | Skipped: In Cache | 11949                                                                          |
[2022-10-28 01:01:12,284] [radarr.py:144]             [INFO]     | Skipped: In Cache | 107215                                                                         |
[2022-10-28 01:01:12,284] [radarr.py:144]             [INFO]     | Skipped: In Cache | 106983                                                                         |
[2022-10-28 01:01:12,285] [radarr.py:144]             [INFO]     | Skipped: In Cache | 84067                                                                          |
[2022-10-28 01:01:12,285] [radarr.py:144]             [INFO]     | Skipped: In Cache | 811555                                                                         |
[2022-10-28 01:01:12,285] [radarr.py:144]             [INFO]     | Skipped: In Cache | 414931                                                                         |
[2022-10-28 01:01:12,285] [radarr.py:144]             [INFO]     | Skipped: In Cache | 970731                                                                         |
[2022-10-28 01:01:12,286] [radarr.py:144]             [INFO]     | Skipped: In Cache | 207235                                                                         |
[2022-10-28 01:01:12,286] [radarr.py:144]             [INFO]     | Skipped: In Cache | 68914                                                                          |
[2022-10-28 01:01:12,286] [radarr.py:144]             [INFO]     | Skipped: In Cache | 48978                                                                          |
[2022-10-28 01:01:12,287] [radarr.py:144]             [INFO]     | Skipped: In Cache | 73779                                                                          |
[2022-10-28 01:01:12,287] [radarr.py:144]             [INFO]     | Skipped: In Cache | 739700                                                                         |
[2022-10-28 01:01:12,287] [radarr.py:144]             [INFO]     | Skipped: In Cache | 564485                                                                         |
[2022-10-28 01:01:12,288] [radarr.py:144]             [INFO]     | Skipped: In Cache | 110392                                                                         |
[2022-10-28 01:01:12,288] [radarr.py:144]             [INFO]     | Skipped: In Cache | 574804                                                                         |
[2022-10-28 01:01:12,288] [radarr.py:144]             [INFO]     | Skipped: In Cache | 282268                                                                         |
[2022-10-28 01:01:12,289] [radarr.py:144]             [INFO]     | Skipped: In Cache | 328037                                                                         |
[2022-10-28 01:01:12,289] [radarr.py:145]             [INFO]     | 20 Movies already exist in Radarr                                                                  |
[2022-10-28 01:01:12,304] [builder.py:2147]           [INFO]     |                                                                                                    |
[2022-10-28 01:01:12,304] [util.py:216]               [INFO]     |=========================== Updating Details of Monty Python Collection ============================|
[2022-10-28 01:01:12,305] [builder.py:2149]           [INFO]     |                                                                                                    |
[2022-10-28 01:01:12,305] [builder.py:2156]           [INFO]     | Detail: summary updated Collection Summary                                                         |
[2022-10-28 01:01:12,306] [builder.py:2258]           [DEBUG]    | 1 posters found:                                                                                   |
[2022-10-28 01:01:12,306] [builder.py:2260]           [DEBUG]    | Method: url_poster Poster: https://theposterdb.com/api/assets/148489                               |
[2022-10-28 01:01:12,306] [builder.py:2327]           [INFO]     | No background collection detail or asset folder found                                              |
[2022-10-28 01:01:12,307] [library.py:147]            [INFO]     | Detail: poster update not needed                                                                   |
[2022-10-28 01:01:12,446] [plex_meta_manager.py:880]  [INFO]     |                                                                                                    |
[2022-10-28 01:01:12,446] [util.py:209]               [INFO]     |====================================================================================================|
[2022-10-28 01:01:12,447] [util.py:216]               [INFO]     |                                  Finished Monty Python Collection                                  |
[2022-10-28 01:01:12,447] [util.py:216]               [INFO]     |                                    Collection Run Time: 0:00:10                                    |
[2022-10-28 01:01:12,447] [util.py:220]               [INFO]     |====================================================================================================|
