[2022-11-23 17:31:47,532] [util.py:209]               [INFO]     |====================================================================================================|
[2022-11-23 17:31:47,532] [util.py:216]               [INFO]     |                                    Jumanji Collection in Movies                                    |
[2022-11-23 17:31:47,533] [util.py:220]               [INFO]     |====================================================================================================|
[2022-11-23 17:31:47,533] [plex_meta_manager.py:750]  [INFO]     |                                                                                                    |
[2022-11-23 17:31:47,541] [util.py:216]               [INFO]     |================================== Validating Jumanji Attributes ===================================|
[2022-11-23 17:31:47,541] [builder.py:265]            [DEBUG]    |                                                                                                    |
[2022-11-23 17:31:47,541] [builder.py:266]            [DEBUG]    | Validating Method: template                                                                        |
[2022-11-23 17:31:47,542] [meta.py:83]                [DEBUG]    | Value: ordereddict([('name', 'Movie'), ('collection', 495527), ('summary', 495527), ('poster', 'https://theposterdb.com/api/assets/54112')]) |
[2022-11-23 17:31:47,542] [builder.py:330]            [DEBUG]    |                                                                                                    |
[2022-11-23 17:31:47,542] [builder.py:331]            [DEBUG]    | Validating Method: sync_mode                                                                       |
[2022-11-23 17:31:47,543] [builder.py:335]            [DEBUG]    | Value: sync                                                                                        |
[2022-11-23 17:31:47,543] [builder.py:453]            [DEBUG]    |                                                                                                    |
[2022-11-23 17:31:47,543] [builder.py:454]            [DEBUG]    | Validating Method: collection_order                                                                |
[2022-11-23 17:31:47,543] [builder.py:455]            [DEBUG]    | Value: release                                                                                     |
[2022-11-23 17:31:47,544] [builder.py:472]            [DEBUG]    |                                                                                                    |
[2022-11-23 17:31:47,544] [builder.py:473]            [DEBUG]    | Validating Method: url_poster                                                                      |
[2022-11-23 17:31:47,544] [builder.py:474]            [DEBUG]    | Value: https://theposterdb.com/api/assets/54112                                                    |
[2022-11-23 17:31:47,544] [builder.py:472]            [DEBUG]    |                                                                                                    |
[2022-11-23 17:31:47,545] [builder.py:473]            [DEBUG]    | Validating Method: tmdb_collection                                                                 |
[2022-11-23 17:31:47,545] [builder.py:474]            [DEBUG]    | Value: 495527                                                                                      |
[2022-11-23 17:31:47,577] [builder.py:472]            [DEBUG]    |                                                                                                    |
[2022-11-23 17:31:47,578] [builder.py:473]            [DEBUG]    | Validating Method: tmdb_summary                                                                    |
[2022-11-23 17:31:47,578] [builder.py:474]            [DEBUG]    | Value: 495527                                                                                      |
[2022-11-23 17:31:47,578] [builder.py:472]            [DEBUG]    |                                                                                                    |
[2022-11-23 17:31:47,579] [builder.py:473]            [DEBUG]    | Validating Method: sort_title                                                                      |
[2022-11-23 17:31:47,579] [builder.py:474]            [DEBUG]    | Value: 00000f_Jumanji                                                                              |
[2022-11-23 17:31:47,579] [builder.py:472]            [DEBUG]    |                                                                                                    |
[2022-11-23 17:31:47,580] [builder.py:473]            [DEBUG]    | Validating Method: radarr_add_missing                                                              |
[2022-11-23 17:31:47,580] [builder.py:474]            [DEBUG]    | Value: True                                                                                        |
[2022-11-23 17:31:47,718] [builder.py:619]            [INFO]     |                                                                                                    |
[2022-11-23 17:31:47,718] [builder.py:620]            [INFO]     | Validation Successful                                                                              |
[2022-11-23 17:31:47,719] [plex_meta_manager.py:758]  [INFO]     |                                                                                                    |
[2022-11-23 17:31:47,719] [util.py:216]               [INFO]     |==================================== Running Jumanji Collection ====================================|
[2022-11-23 17:31:47,720] [plex_meta_manager.py:773]  [INFO]     |                                                                                                    |
[2022-11-23 17:31:47,720] [plex_meta_manager.py:774]  [INFO]     | Sync Mode: sync                                                                                    |
[2022-11-23 17:31:47,720] [builder.py:1275]           [DEBUG]    |                                                                                                    |
[2022-11-23 17:31:47,721] [builder.py:1276]           [DEBUG]    | Builder: tmdb_collection: 495527                                                                   |
[2022-11-23 17:31:47,721] [builder.py:1277]           [INFO]     |                                                                                                    |
[2022-11-23 17:31:47,721] [tmdb.py:323]               [INFO]     | Processing TMDb Collection: (495527) Jumanji Collection (3 Items)                                  |
[2022-11-23 17:31:47,722] [builder.py:1282]           [DEBUG]    |                                                                                                    |
[2022-11-23 17:31:47,722] [builder.py:1283]           [DEBUG]    | 3 IDs Found: [(8844, 'tmdb'), (353486, 'tmdb'), (512200, 'tmdb')]                                  |
[2022-11-23 17:31:47,722] [builder.py:1284]           [DEBUG]    |                                                                                                    |
[2022-11-23 17:31:47,783] [builder.py:1697]           [INFO]     |                                                                                                    |
[2022-11-23 17:31:47,784] [util.py:216]               [INFO]     |=================================== Adding to Jumanji Collection ===================================|
[2022-11-23 17:31:47,784] [builder.py:1699]           [INFO]     |                                                                                                    |
[2022-11-23 17:31:47,784] [builder.py:1709]           [INFO]     | 1/3 | Jumanji Collection | = | Jumanji (1995)                                                      |
[2022-11-23 17:31:47,785] [builder.py:1709]           [INFO]     | 2/3 | Jumanji Collection | = | Jumanji: Welcome to the Jungle (2017)                               |
[2022-11-23 17:31:47,785] [builder.py:1709]           [INFO]     | 3/3 | Jumanji Collection | = | Jumanji: The Next Level (2019)                                      |
[2022-11-23 17:31:47,785] [builder.py:1734]           [INFO]     |                                                                                                    |
[2022-11-23 17:31:47,786] [builder.py:1735]           [INFO]     | 3 Movies Processed                                                                                 |
[2022-11-23 17:31:47,790] [builder.py:2147]           [INFO]     |                                                                                                    |
[2022-11-23 17:31:47,791] [util.py:216]               [INFO]     |============================== Updating Details of Jumanji Collection ==============================|
[2022-11-23 17:31:47,791] [builder.py:2149]           [INFO]     |                                                                                                    |
[2022-11-23 17:31:47,791] [builder.py:2156]           [INFO]     | Detail: tmdb_summary updated Collection Summary                                                    |
[2022-11-23 17:31:47,792] [builder.py:2258]           [DEBUG]    | 1 posters found:                                                                                   |
[2022-11-23 17:31:47,792] [builder.py:2260]           [DEBUG]    | Method: url_poster Poster: https://theposterdb.com/api/assets/54112                                |
[2022-11-23 17:31:47,793] [builder.py:2327]           [INFO]     | No background collection detail or asset folder found                                              |
[2022-11-23 17:31:47,793] [library.py:147]            [INFO]     | Detail: poster update not needed                                                                   |
[2022-11-23 17:31:47,928] [plex_meta_manager.py:880]  [INFO]     |                                                                                                    |
[2022-11-23 17:31:47,929] [util.py:209]               [INFO]     |====================================================================================================|
[2022-11-23 17:31:47,930] [util.py:216]               [INFO]     |                                    Finished Jumanji Collection                                     |
[2022-11-23 17:31:47,930] [util.py:216]               [INFO]     |                                    Collection Run Time: 0:00:00                                    |
[2022-11-23 17:31:47,930] [util.py:220]               [INFO]     |====================================================================================================|
