[2022-03-18 14:07:49,836] [util.py:209]               [INFO]     |====================================================================================================|
[2022-03-18 14:07:49,837] [util.py:216]               [INFO]     |              Nostalgia Collection (Classics From The 80s & 90s) Collection in Movies               |
[2022-03-18 14:07:49,838] [util.py:220]               [INFO]     |====================================================================================================|
[2022-03-18 14:07:49,838] [plex_meta_manager.py:750]  [INFO]     |                                                                                                    |
[2022-03-18 14:07:49,839] [util.py:216]               [INFO]     |============= Validating Nostalgia Collection (Classics From The 80s & 90s) Attributes =============|
[2022-03-18 14:07:49,840] [builder.py:330]            [DEBUG]    |                                                                                                    |
[2022-03-18 14:07:49,840] [builder.py:331]            [DEBUG]    | Validating Method: sync_mode                                                                       |
[2022-03-18 14:07:49,841] [builder.py:335]            [DEBUG]    | Value: sync                                                                                        |
[2022-03-18 14:07:49,841] [builder.py:389]            [DEBUG]    |                                                                                                    |
[2022-03-18 14:07:49,841] [builder.py:390]            [DEBUG]    | Validating Method: smart_label                                                                     |
[2022-03-18 14:07:49,841] [builder.py:395]            [DEBUG]    | Value: critic_rating.desc                                                                          |
[2022-03-18 14:07:49,842] [builder.py:472]            [DEBUG]    |                                                                                                    |
[2022-03-18 14:07:49,842] [builder.py:473]            [DEBUG]    | Validating Method: trakt_list                                                                      |
[2022-03-18 14:07:49,842] [builder.py:474]            [DEBUG]    | Value: https://trakt.tv/users/hdlists/lists/nostalgiac-movies-from-the-80s-90s                     |
[2022-03-18 14:07:49,980] [builder.py:472]            [DEBUG]    |                                                                                                    |
[2022-03-18 14:07:49,980] [builder.py:473]            [DEBUG]    | Validating Method: summary                                                                         |
[2022-03-18 14:07:49,981] [builder.py:474]            [DEBUG]    | Value: All The Nostalgiac Movies From The 80s & 90s in One Collection                              |
[2022-03-18 14:07:49,981] [builder.py:472]            [DEBUG]    |                                                                                                    |
[2022-03-18 14:07:49,981] [builder.py:473]            [DEBUG]    | Validating Method: sort_title                                                                      |
[2022-03-18 14:07:49,982] [builder.py:474]            [DEBUG]    | Value: +3_Nostalgia Collection                                                                     |
[2022-03-18 14:07:49,982] [builder.py:472]            [DEBUG]    |                                                                                                    |
[2022-03-18 14:07:49,983] [builder.py:473]            [DEBUG]    | Validating Method: url_poster                                                                      |
[2022-03-18 14:07:49,983] [builder.py:474]            [DEBUG]    | Value: https://i.imgur.com/vE8dsdd.jpg                                                             |
[2022-03-18 14:07:49,983] [builder.py:472]            [DEBUG]    |                                                                                                    |
[2022-03-18 14:07:49,983] [builder.py:473]            [DEBUG]    | Validating Method: url_background                                                                  |
[2022-03-18 14:07:49,984] [builder.py:474]            [DEBUG]    | Value: https://i.imgur.com/frz0kly.jpg                                                             |
[2022-03-18 14:07:49,989] [plex.py:685]               [DEBUG]    | Looking for: Nostalgia Collection (Classics From The 80s & 90s)                                    |
[2022-03-18 14:07:49,989] [builder.py:619]            [INFO]     |                                                                                                    |
[2022-03-18 14:07:49,990] [builder.py:620]            [INFO]     | Validation Successful                                                                              |
[2022-03-18 14:07:49,996] [plex_meta_manager.py:758]  [INFO]     |                                                                                                    |
[2022-03-18 14:07:49,997] [util.py:216]               [INFO]     |============== Running Nostalgia Collection (Classics From The 80s & 90s) Collection ===============|
[2022-03-18 14:07:49,997] [plex_meta_manager.py:773]  [INFO]     |                                                                                                    |
[2022-03-18 14:07:49,998] [plex_meta_manager.py:774]  [INFO]     | Sync Mode: sync                                                                                    |
[2022-03-18 14:07:49,998] [builder.py:1275]           [DEBUG]    |                                                                                                    |
[2022-03-18 14:07:49,999] [builder.py:1276]           [DEBUG]    | Builder: trakt_list: https://trakt.tv/users/hdlists/lists/nostalgiac-movies-from-the-80s-90s       |
[2022-03-18 14:07:49,999] [builder.py:1277]           [INFO]     |                                                                                                    |
[2022-03-18 14:07:50,000] [trakt.py:231]              [INFO]     | Processing Trakt List: https://trakt.tv/users/hdlists/lists/nostalgiac-movies-from-the-80s-90s     |
[2022-03-18 14:07:50,129] [builder.py:1282]           [DEBUG]    |                                                                                                    |
[2022-03-18 14:07:50,129] [builder.py:1283]           [DEBUG]    | 289 IDs Found: [(9032, 'tmdb'), (11622, 'tmdb'), (10029, 'tmdb'), (73, 'tmdb'), (9812, 'tmdb'), (9631, 'tmdb'), (95, 'tmdb'), (37165, 'tmdb'), (1878, 'tmdb'), (115, 'tmdb'), (2666, 'tmdb'), (11003, 'tmdb'), (10153, 'tmdb'), (489, 'tmdb'), (9922, 'tmdb'), (597, 'tmdb'), (9770, 'tmdb'), (782, 'tmdb'), (36797, 'tmdb'), (50296, 'tmdb'), (8834, 'tmdb'), (10336, 'tmdb'), (6072, 'tmdb'), (686, 'tmdb'), (754, 'tmdb'), (1701, 'tmdb'), (330, 'tmdb'), (18, 'tmdb'), (816, 'tmdb'), (9415, 'tmdb'), (9434, 'tmdb'), (9405, 'tmdb'), (36807, 'tmdb'), (11419, 'tmdb'), (4232, 'tmdb'), (17795, 'tmdb'), (75, 'tmdb'), (9279, 'tmdb'), (2300, 'tmdb'), (454, 'tmdb'), (819, 'tmdb'), (10680, 'tmdb'), (10723, 'tmdb'), (12559, 'tmdb'), (23945, 'tmdb'), (10478, 'tmdb'), (18862, 'tmdb'), (7095, 'tmdb'), (11543, 'tmdb'), (9294, 'tmdb'), (602, 'tmdb'), (9894, 'tmdb'), (9802, 'tmdb'), (9826, 'tmdb'), (20759, 'tmdb'), (23449, 'tmdb'), (275, 'tmdb'), (9614, 'tmdb'), (13997, 'tmdb'), (36929, 'tmdb'), (10607, 'tmdb'), (9536, 'tmdb'), (63, 'tmdb'), (8844, 'tmdb'), (11862, 'tmdb'), (862, 'tmdb'), (524, 'tmdb'), (2086, 'tmdb'), (11517, 'tmdb'), (9273, 'tmdb'), (12158, 'tmdb'), (451, 'tmdb'), (2293, 'tmdb'), (9312, 'tmdb'), (37108, 'tmdb'), (26258, 'tmdb'), (9603, 'tmdb'), (11359, 'tmdb'), (11472, 'tmdb'), (9482, 'tmdb'), (414, 'tmdb'), (1572, 'tmdb'), (10474, 'tmdb'), (40508, 'tmdb'), (11008, 'tmdb'), (14819, 'tmdb'), (11017, 'tmdb'), (76, 'tmdb'), (16295, 'tmdb'), (17207, 'tmdb'), (11667, 'tmdb'), (11011, 'tmdb'), (74240, 'tmdb'), (8467, 'tmdb'), (2164, 'tmdb'), (680, 'tmdb'), (20726, 'tmdb'), (35233, 'tmdb'), (8831, 'tmdb'), (20678, 'tmdb'), (12475, 'tmdb'), (13595, 'tmdb'), (854, 'tmdb'), (31504, 'tmdb'), (8587, 'tmdb'), (11310, 'tmdb'), (11858, 'tmdb'), (306, 'tmdb'), (9359, 'tmdb'), (124029, 'tmdb'), (18885, 'tmdb'), (2778, 'tmdb'), (11067, 'tmdb'), (11164, 'tmdb'), (19092, 'tmdb'), (12778, 'tmdb'), (1587, 'tmdb'), (11317, 'tmdb'), (13962, 'tmdb'), (3049, 'tmdb'), (46094, 'tmdb'), (8873, 'tmdb'), (9559, 'tmdb'), (788, 'tmdb'), (11982, 'tmdb'), (6, 'tmdb'), (14534, 'tmdb'), (9479, 'tmdb'), (9739, 'tmdb'), (864, 'tmdb'), (18133, 'tmdb'), (1607, 'tmdb'), (23470, 'tmdb'), (5503, 'tmdb'), (11244, 'tmdb'), (9612, 'tmdb'), (8494, 'tmdb'), (21845, 'tmdb'), (13203, 'tmdb'), (9593, 'tmdb'), (329, 'tmdb'), (9607, 'tmdb'), (12121, 'tmdb'), (9516, 'tmdb'), (11566, 'tmdb'), (11528, 'tmdb'), (1499, 'tmdb'), (137, 'tmdb'), (9644, 'tmdb'), (10413, 'tmdb'), (22590, 'tmdb'), (10326, 'tmdb'), (10411, 'tmdb'), (812, 'tmdb'), (772, 'tmdb'), (10414, 'tmdb'), (14361, 'tmdb'), (14684, 'tmdb'), (500, 'tmdb'), (23939, 'tmdb'), (16314, 'tmdb'), (10206, 'tmdb'), (12251, 'tmdb'), (9349, 'tmdb'), (364, 'tmdb'), (30963, 'tmdb'), (8077, 'tmdb'), (10406, 'tmdb'), (943, 'tmdb'), (11806, 'tmdb'), (19087, 'tmdb'), (10158, 'tmdb'), (8872, 'tmdb'), (16136, 'tmdb'), (11846, 'tmdb'), (9319, 'tmdb'), (879, 'tmdb'), (4032, 'tmdb'), (10020, 'tmdb'), (11504, 'tmdb'), (20704, 'tmdb'), (9594, 'tmdb'), (19065, 'tmdb'), (1649, 'tmdb'), (280, 'tmdb'), (28597, 'tmdb'), (10249, 'tmdb'), (8367, 'tmdb'), (15413, 'tmdb'), (1406, 'tmdb'), (10276, 'tmdb'), (34376, 'tmdb'), (10750, 'tmdb'), (10379, 'tmdb'), (14362, 'tmdb'), (1497, 'tmdb'), (34598, 'tmdb'), (11933, 'tmdb'), (9399, 'tmdb'), (951, 'tmdb'), (9356, 'tmdb'), (162, 'tmdb'), (11630, 'tmdb'), (169, 'tmdb'), (771, 'tmdb'), (769, 'tmdb'), (10169, 'tmdb'), (16384, 'tmdb'), (1551, 'tmdb'), (9086, 'tmdb'), (11077, 'tmdb'), (1573, 'tmdb'), (928, 'tmdb'), (861, 'tmdb'), (1498, 'tmdb'), (16094, 'tmdb'), (9362, 'tmdb'), (9618, 'tmdb'), (183, 'tmdb'), (9494, 'tmdb'), (10222, 'tmdb'), (15138, 'tmdb'), (942, 'tmdb'), (8491, 'tmdb'), (10495, 'tmdb'), (9354, 'tmdb'), (268, 'tmdb'), (2978, 'tmdb'), (2323, 'tmdb'), (17362, 'tmdb'), (9942, 'tmdb'), (11974, 'tmdb'), (1380, 'tmdb'), (17006, 'tmdb'), (9493, 'tmdb'), (9647, 'tmdb'), (11967, 'tmdb'), (562, 'tmdb'), (11966, 'tmdb'), (13704, 'tmdb'), (9602, 'tmdb'), (2617, 'tmdb'), (16296, 'tmdb'), (4011, 'tmdb'), (11690, 'tmdb'), (12154, 'tmdb'), (865, 'tmdb'), (19324, 'tmdb'), (12919, 'tmdb'), (1547, 'tmdb'), (16620, 'tmdb'), (14671, 'tmdb'), (957, 'tmdb'), (11584, 'tmdb'), (106, 'tmdb'), (96, 'tmdb'), (941, 'tmdb'), (10019, 'tmdb'), (1825, 'tmdb'), (8388, 'tmdb'), (10136, 'tmdb'), (235, 'tmdb'), (10658, 'tmdb'), (9980, 'tmdb'), (679, 'tmdb'), (13597, 'tmdb'), (8856, 'tmdb'), (9377, 'tmdb'), (9874, 'tmdb'), (2605, 'tmdb'), (9080, 'tmdb'), (10999, 'tmdb'), (11418, 'tmdb'), (9340, 'tmdb'), (24548, 'tmdb'), (2108, 'tmdb'), (90, 'tmdb'), (218, 'tmdb'), (1885, 'tmdb'), (620, 'tmdb'), (927, 'tmdb'), (9336, 'tmdb'), (11153, 'tmdb'), (1621, 'tmdb'), (23096, 'tmdb'), (601, 'tmdb'), (10890, 'tmdb'), (11977, 'tmdb'), (348, 'tmdb')] |
[2022-03-18 14:07:50,130] [builder.py:1284]           [DEBUG]    |                                                                                                    |
[2022-03-18 14:07:51,336] [builder.py:1697]           [INFO]     |                                                                                                    |
[2022-03-18 14:07:51,336] [util.py:216]               [INFO]     |============= Adding to Nostalgia Collection (Classics From The 80s & 90s) Collection ==============|
[2022-03-18 14:07:51,337] [builder.py:1699]           [INFO]     |                                                                                                    |
[2022-03-18 14:07:51,535] [builder.py:1709]           [INFO]     |  1/36 | Nostalgia Collection (Classics From The 80s & 90s) Collection | = | American History X (1998) |
[2022-03-18 14:07:51,535] [builder.py:1709]           [INFO]     |  2/36 | Nostalgia Collection (Classics From The 80s & 90s) Collection | = | The Truman Show (1998) |
[2022-03-18 14:07:51,536] [builder.py:1709]           [INFO]     |  3/36 | Nostalgia Collection (Classics From The 80s & 90s) Collection | = | Titanic (1997)         |
[2022-03-18 14:07:51,537] [builder.py:1709]           [INFO]     |  4/36 | Nostalgia Collection (Classics From The 80s & 90s) Collection | = | Contact (1997)         |
[2022-03-18 14:07:51,538] [builder.py:1709]           [INFO]     |  5/36 | Nostalgia Collection (Classics From The 80s & 90s) Collection | = | Face/Off (1997)        |
[2022-03-18 14:07:51,538] [builder.py:1709]           [INFO]     |  6/36 | Nostalgia Collection (Classics From The 80s & 90s) Collection | = | The Lost World: Jurassic Park (1997) |
[2022-03-18 14:07:51,539] [builder.py:1709]           [INFO]     |  7/36 | Nostalgia Collection (Classics From The 80s & 90s) Collection | = | The Fifth Element (1997) |
[2022-03-18 14:07:51,541] [builder.py:1709]           [INFO]     |  8/36 | Nostalgia Collection (Classics From The 80s & 90s) Collection | = | Scream (1996)          |
[2022-03-18 14:07:51,541] [builder.py:1709]           [INFO]     |  9/36 | Nostalgia Collection (Classics From The 80s & 90s) Collection | = | The Cable Guy (1996)   |
[2022-03-18 14:07:51,542] [builder.py:1709]           [INFO]     | 10/36 | Nostalgia Collection (Classics From The 80s & 90s) Collection | = | Jumanji (1995)         |
[2022-03-18 14:07:51,543] [builder.py:1709]           [INFO]     | 11/36 | Nostalgia Collection (Classics From The 80s & 90s) Collection | = | Toy Story (1995)       |
[2022-03-18 14:07:51,544] [builder.py:1709]           [INFO]     | 12/36 | Nostalgia Collection (Classics From The 80s & 90s) Collection | = | Ace Ventura: When Nature Calls (1995) |
[2022-03-18 14:07:51,545] [builder.py:1709]           [INFO]     | 13/36 | Nostalgia Collection (Classics From The 80s & 90s) Collection | = | Leaving Las Vegas (1995) |
[2022-03-18 14:07:51,545] [builder.py:1709]           [INFO]     | 14/36 | Nostalgia Collection (Classics From The 80s & 90s) Collection | = | Pulp Fiction (1994)    |
[2022-03-18 14:07:51,546] [builder.py:1709]           [INFO]     | 15/36 | Nostalgia Collection (Classics From The 80s & 90s) Collection | = | The Lion King (1994)   |
[2022-03-18 14:07:51,546] [builder.py:1709]           [INFO]     | 16/36 | Nostalgia Collection (Classics From The 80s & 90s) Collection | = | Ace Ventura: Pet Detective (1994) |
[2022-03-18 14:07:51,547] [builder.py:1709]           [INFO]     | 17/36 | Nostalgia Collection (Classics From The 80s & 90s) Collection | = | The Nightmare Before Christmas (1993) |
[2022-03-18 14:07:51,547] [builder.py:1709]           [INFO]     | 18/36 | Nostalgia Collection (Classics From The 80s & 90s) Collection | = | Cool Runnings (1993)   |
[2022-03-18 14:07:51,548] [builder.py:1709]           [INFO]     | 19/36 | Nostalgia Collection (Classics From The 80s & 90s) Collection | = | Jurassic Park (1993)   |
[2022-03-18 14:07:51,548] [builder.py:1709]           [INFO]     | 20/36 | Nostalgia Collection (Classics From The 80s & 90s) Collection | = | Aladdin (1992)         |
[2022-03-18 14:07:51,549] [builder.py:1709]           [INFO]     | 21/36 | Nostalgia Collection (Classics From The 80s & 90s) Collection | = | Home Alone 2: Lost in New York (1992) |
[2022-03-18 14:07:51,549] [builder.py:1709]           [INFO]     | 22/36 | Nostalgia Collection (Classics From The 80s & 90s) Collection | = | Reservoir Dogs (1992)  |
[2022-03-18 14:07:51,550] [builder.py:1709]           [INFO]     | 23/36 | Nostalgia Collection (Classics From The 80s & 90s) Collection | = | Alien 3 (1992)         |
[2022-03-18 14:07:51,550] [builder.py:1709]           [INFO]     | 24/36 | Nostalgia Collection (Classics From The 80s & 90s) Collection | = | Hook (1991)            |
[2022-03-18 14:07:51,551] [builder.py:1709]           [INFO]     | 25/36 | Nostalgia Collection (Classics From The 80s & 90s) Collection | = | Beauty and the Beast (1991) |
[2022-03-18 14:07:51,551] [builder.py:1709]           [INFO]     | 26/36 | Nostalgia Collection (Classics From The 80s & 90s) Collection | = | Terminator 2: Judgment Day (1991) |
[2022-03-18 14:07:51,552] [builder.py:1709]           [INFO]     | 27/36 | Nostalgia Collection (Classics From The 80s & 90s) Collection | = | Home Alone (1990)      |
[2022-03-18 14:07:51,552] [builder.py:1709]           [INFO]     | 28/36 | Nostalgia Collection (Classics From The 80s & 90s) Collection | = | Goodfellas (1990)      |
[2022-03-18 14:07:51,553] [builder.py:1709]           [INFO]     | 29/36 | Nostalgia Collection (Classics From The 80s & 90s) Collection | = | Gremlins 2: The New Batch (1990) |
[2022-03-18 14:07:51,555] [builder.py:1709]           [INFO]     | 30/36 | Nostalgia Collection (Classics From The 80s & 90s) Collection | = | Spaceballs (1987)      |
[2022-03-18 14:07:51,557] [builder.py:1709]           [INFO]     | 31/36 | Nostalgia Collection (Classics From The 80s & 90s) Collection | = | Predator (1987)        |
[2022-03-18 14:07:51,558] [builder.py:1709]           [INFO]     | 32/36 | Nostalgia Collection (Classics From The 80s & 90s) Collection | = | Aliens (1986)          |
[2022-03-18 14:07:51,559] [builder.py:1709]           [INFO]     | 33/36 | Nostalgia Collection (Classics From The 80s & 90s) Collection | = | The Breakfast Club (1985) |
[2022-03-18 14:07:51,560] [builder.py:1709]           [INFO]     | 34/36 | Nostalgia Collection (Classics From The 80s & 90s) Collection | = | The Terminator (1984)  |
[2022-03-18 14:07:51,560] [builder.py:1709]           [INFO]     | 35/36 | Nostalgia Collection (Classics From The 80s & 90s) Collection | = | Gremlins (1984)        |
[2022-03-18 14:07:51,561] [builder.py:1709]           [INFO]     | 36/36 | Nostalgia Collection (Classics From The 80s & 90s) Collection | = | Alien (1979)           |
[2022-03-18 14:07:51,562] [builder.py:1734]           [INFO]     |                                                                                                    |
[2022-03-18 14:07:51,564] [builder.py:1735]           [INFO]     | 36 Movies Processed                                                                                |
[2022-03-18 14:07:51,564] [builder.py:1929]           [INFO]     |                                                                                                    |
[2022-03-18 14:07:51,565] [util.py:216]               [INFO]     |========= Missing Movies from Library: Nostalgia Collection (Classics From The 80s & 90s) ==========|
[2022-03-18 14:07:51,565] [builder.py:1931]           [INFO]     |                                                                                                    |
[2022-03-18 14:07:51,769] [builder.py:1943]           [INFO]     | Nostalgia Collection (Classics From The 80s & 90s) Collection | ? | Big Daddy (1999) (TMDb: 9032)  |
[2022-03-18 14:07:51,971] [builder.py:1943]           [INFO]     | Nostalgia Collection (Classics From The 80s & 90s) Collection | ? | Blast from the Past (1999) (TMDb: 11622) |
[2022-03-18 14:07:52,170] [builder.py:1943]           [INFO]     | Nostalgia Collection (Classics From The 80s & 90s) Collection | ? | Very Bad Things (1998) (TMDb: 10029) |
[2022-03-18 14:07:52,367] [builder.py:1943]           [INFO]     | Nostalgia Collection (Classics From The 80s & 90s) Collection | ? | Thursday (1998) (TMDb: 9812)   |
[2022-03-18 14:07:52,576] [builder.py:1943]           [INFO]     | Nostalgia Collection (Classics From The 80s & 90s) Collection | ? | The Negotiator (1998) (TMDb: 9631) |
[2022-03-18 14:07:52,793] [builder.py:1943]           [INFO]     | Nostalgia Collection (Classics From The 80s & 90s) Collection | ? | Armageddon (1998) (TMDb: 95)   |
[2022-03-18 14:07:52,797] [builder.py:1943]           [INFO]     | Nostalgia Collection (Classics From The 80s & 90s) Collection | ? | Fear and Loathing in Las Vegas (1998) (TMDb: 1878) |
[2022-03-18 14:07:53,004] [builder.py:1943]           [INFO]     | Nostalgia Collection (Classics From The 80s & 90s) Collection | ? | The Big Lebowski (1998) (TMDb: 115) |
[2022-03-18 14:07:53,008] [builder.py:1943]           [INFO]     | Nostalgia Collection (Classics From The 80s & 90s) Collection | ? | Dark City (1998) (TMDb: 2666)  |
[2022-03-18 14:07:53,010] [builder.py:1943]           [INFO]     | Nostalgia Collection (Classics From The 80s & 90s) Collection | ? | The Wedding Singer (1998) (TMDb: 11003) |
[2022-03-18 14:07:53,214] [builder.py:1943]           [INFO]     | Nostalgia Collection (Classics From The 80s & 90s) Collection | ? | Sphere (1998) (TMDb: 10153)    |
[2022-03-18 14:07:53,422] [builder.py:1943]           [INFO]     | Nostalgia Collection (Classics From The 80s & 90s) Collection | ? | Good Will Hunting (1997) (TMDb: 489) |
[2022-03-18 14:07:53,626] [builder.py:1943]           [INFO]     | Nostalgia Collection (Classics From The 80s & 90s) Collection | ? | The Postman (1997) (TMDb: 9922) |
[2022-03-18 14:07:53,880] [builder.py:1943]           [INFO]     | Nostalgia Collection (Classics From The 80s & 90s) Collection | ? | Mad City (1997) (TMDb: 9770)   |
[2022-03-18 14:07:54,144] [builder.py:1943]           [INFO]     | Nostalgia Collection (Classics From The 80s & 90s) Collection | ? | Gattaca (1997) (TMDb: 782)     |
[2022-03-18 14:07:54,394] [builder.py:1943]           [INFO]     | Nostalgia Collection (Classics From The 80s & 90s) Collection | ? | RocketMan (1997) (TMDb: 36797) |
[2022-03-18 14:07:54,590] [builder.py:1943]           [INFO]     | Nostalgia Collection (Classics From The 80s & 90s) Collection | ? | First Time Felon (1997) (TMDb: 50296) |
[2022-03-18 14:07:54,797] [builder.py:1943]           [INFO]     | Nostalgia Collection (Classics From The 80s & 90s) Collection | ? | Conspiracy Theory (1997) (TMDb: 8834) |
[2022-03-18 14:07:55,005] [builder.py:1943]           [INFO]     | Nostalgia Collection (Classics From The 80s & 90s) Collection | ? | Spawn (1997) (TMDb: 10336)     |
[2022-03-18 14:07:55,007] [builder.py:1943]           [INFO]     | Nostalgia Collection (Classics From The 80s & 90s) Collection | ? | One Eight Seven (1997) (TMDb: 6072) |
[2022-03-18 14:07:55,218] [builder.py:1943]           [INFO]     | Nostalgia Collection (Classics From The 80s & 90s) Collection | ? | Con Air (1997) (TMDb: 1701)    |
[2022-03-18 14:07:55,427] [builder.py:1943]           [INFO]     | Nostalgia Collection (Classics From The 80s & 90s) Collection | ? | Austin Powers: International Man of Mystery (1997) (TMDb: 816) |
[2022-03-18 14:07:55,683] [builder.py:1943]           [INFO]     | Nostalgia Collection (Classics From The 80s & 90s) Collection | ? | Murder at 1600 (1997) (TMDb: 9415) |
[2022-03-18 14:07:55,938] [builder.py:1943]           [INFO]     | Nostalgia Collection (Classics From The 80s & 90s) Collection | ? | Grosse Pointe Blank (1997) (TMDb: 9434) |
[2022-03-18 14:07:56,142] [builder.py:1943]           [INFO]     | Nostalgia Collection (Classics From The 80s & 90s) Collection | ? | Double Team (1997) (TMDb: 9405) |
[2022-03-18 14:07:56,345] [builder.py:1943]           [INFO]     | Nostalgia Collection (Classics From The 80s & 90s) Collection | ? | The Sixth Man (1997) (TMDb: 36807) |
[2022-03-18 14:07:56,599] [builder.py:1943]           [INFO]     | Nostalgia Collection (Classics From The 80s & 90s) Collection | ? | Vegas Vacation (1997) (TMDb: 11419) |
[2022-03-18 14:07:56,798] [builder.py:1943]           [INFO]     | Nostalgia Collection (Classics From The 80s & 90s) Collection | ? | My Fellow Americans (1996) (TMDb: 17795) |
[2022-03-18 14:07:57,000] [builder.py:1943]           [INFO]     | Nostalgia Collection (Classics From The 80s & 90s) Collection | ? | Mars Attacks! (1996) (TMDb: 75) |
[2022-03-18 14:07:57,208] [builder.py:1943]           [INFO]     | Nostalgia Collection (Classics From The 80s & 90s) Collection | ? | Jingle All the Way (1996) (TMDb: 9279) |
[2022-03-18 14:07:57,422] [builder.py:1943]           [INFO]     | Nostalgia Collection (Classics From The 80s & 90s) Collection | ? | Space Jam (1996) (TMDb: 2300)  |
[2022-03-18 14:07:57,626] [builder.py:1943]           [INFO]     | Nostalgia Collection (Classics From The 80s & 90s) Collection | ? | Romeo + Juliet (1996) (TMDb: 454) |
[2022-03-18 14:07:57,830] [builder.py:1943]           [INFO]     | Nostalgia Collection (Classics From The 80s & 90s) Collection | ? | Sleepers (1996) (TMDb: 819)    |
[2022-03-18 14:07:58,029] [builder.py:1943]           [INFO]     | Nostalgia Collection (Classics From The 80s & 90s) Collection | ? | D3: The Mighty Ducks (1996) (TMDb: 10680) |
[2022-03-18 14:07:58,232] [builder.py:1943]           [INFO]     | Nostalgia Collection (Classics From The 80s & 90s) Collection | ? | Bulletproof (1996) (TMDb: 10723) |
[2022-03-18 14:07:58,489] [builder.py:1943]           [INFO]     | Nostalgia Collection (Classics From The 80s & 90s) Collection | ? | First Kid (1996) (TMDb: 12559) |
[2022-03-18 14:07:58,685] [builder.py:1943]           [INFO]     | Nostalgia Collection (Classics From The 80s & 90s) Collection | ? | Carpool (1996) (TMDb: 23945)   |
[2022-03-18 14:07:58,893] [builder.py:1943]           [INFO]     | Nostalgia Collection (Classics From The 80s & 90s) Collection | ? | Tin Cup (1996) (TMDb: 10478)   |
[2022-03-18 14:07:59,125] [builder.py:1943]           [INFO]     | Nostalgia Collection (Classics From The 80s & 90s) Collection | ? | House Arrest (1996) (TMDb: 18862) |
[2022-03-18 14:07:59,333] [builder.py:1943]           [INFO]     | Nostalgia Collection (Classics From The 80s & 90s) Collection | ? | Jack (1996) (TMDb: 7095)       |
[2022-03-18 14:07:59,545] [builder.py:1943]           [INFO]     | Nostalgia Collection (Classics From The 80s & 90s) Collection | ? | Kingpin (1996) (TMDb: 11543)   |
[2022-03-18 14:07:59,773] [builder.py:1943]           [INFO]     | Nostalgia Collection (Classics From The 80s & 90s) Collection | ? | Phenomenon (1996) (TMDb: 9294) |
[2022-03-18 14:08:00,006] [builder.py:1943]           [INFO]     | Nostalgia Collection (Classics From The 80s & 90s) Collection | ? | Independence Day (1996) (TMDb: 602) |
[2022-03-18 14:08:00,243] [builder.py:1943]           [INFO]     | Nostalgia Collection (Classics From The 80s & 90s) Collection | ? | The Rock (1996) (TMDb: 9802)   |
[2022-03-18 14:08:00,449] [builder.py:1943]           [INFO]     | Nostalgia Collection (Classics From The 80s & 90s) Collection | ? | The Phantom (1996) (TMDb: 9826) |
[2022-03-18 14:08:00,646] [builder.py:1943]           [INFO]     | Nostalgia Collection (Classics From The 80s & 90s) Collection | ? | The Great White Hype (1996) (TMDb: 20759) |
[2022-03-18 14:08:00,841] [builder.py:1943]           [INFO]     | Nostalgia Collection (Classics From The 80s & 90s) Collection | ? | Celtic Pride (1996) (TMDb: 23449) |
[2022-03-18 14:08:01,047] [builder.py:1943]           [INFO]     | Nostalgia Collection (Classics From The 80s & 90s) Collection | ? | Fargo (1996) (TMDb: 275)       |
[2022-03-18 14:08:01,250] [builder.py:1943]           [INFO]     | Nostalgia Collection (Classics From The 80s & 90s) Collection | ? | Happy Gilmore (1996) (TMDb: 9614) |
[2022-03-18 14:08:01,451] [builder.py:1943]           [INFO]     | Nostalgia Collection (Classics From The 80s & 90s) Collection | ? | Black Sheep (1996) (TMDb: 13997) |
[2022-03-18 14:08:01,647] [builder.py:1943]           [INFO]     | Nostalgia Collection (Classics From The 80s & 90s) Collection | ? | Big Bully (1996) (TMDb: 36929) |
[2022-03-18 14:08:01,863] [builder.py:1943]           [INFO]     | Nostalgia Collection (Classics From The 80s & 90s) Collection | ? | Don't Be a Menace to South Central While Drinking Your Juice in the Hood (1996) (TMDb: 10607) |
[2022-03-18 14:08:02,090] [builder.py:1943]           [INFO]     | Nostalgia Collection (Classics From The 80s & 90s) Collection | ? | Bio-Dome (1996) (TMDb: 9536)   |
[2022-03-18 14:08:02,094] [builder.py:1943]           [INFO]     | Nostalgia Collection (Classics From The 80s & 90s) Collection | ? | Twelve Monkeys (1995) (TMDb: 63) |
[2022-03-18 14:08:02,349] [builder.py:1943]           [INFO]     | Nostalgia Collection (Classics From The 80s & 90s) Collection | ? | Father of the Bride Part II (1995) (TMDb: 11862) |
[2022-03-18 14:08:02,352] [builder.py:1943]           [INFO]     | Nostalgia Collection (Classics From The 80s & 90s) Collection | ? | Casino (1995) (TMDb: 524)      |
[2022-03-18 14:08:02,548] [builder.py:1943]           [INFO]     | Nostalgia Collection (Classics From The 80s & 90s) Collection | ? | Nick of Time (1995) (TMDb: 2086) |
[2022-03-18 14:08:02,750] [builder.py:1943]           [INFO]     | Nostalgia Collection (Classics From The 80s & 90s) Collection | ? | Money Train (1995) (TMDb: 11517) |
[2022-03-18 14:08:02,946] [builder.py:1943]           [INFO]     | Nostalgia Collection (Classics From The 80s & 90s) Collection | ? | Vampire in Brooklyn (1995) (TMDb: 12158) |
[2022-03-18 14:08:03,148] [builder.py:1943]           [INFO]     | Nostalgia Collection (Classics From The 80s & 90s) Collection | ? | Mallrats (1995) (TMDb: 2293)   |
[2022-03-18 14:08:03,150] [builder.py:1943]           [INFO]     | Nostalgia Collection (Classics From The 80s & 90s) Collection | ? | Mortal Kombat (1995) (TMDb: 9312) |
[2022-03-18 14:08:03,392] [builder.py:1943]           [INFO]     | Nostalgia Collection (Classics From The 80s & 90s) Collection | ? | A Kid in King Arthur's Court (1995) (TMDb: 37108) |
[2022-03-18 14:08:03,608] [builder.py:1943]           [INFO]     | Nostalgia Collection (Classics From The 80s & 90s) Collection | ? | Bushwhacked (1995) (TMDb: 26258) |
[2022-03-18 14:08:03,868] [builder.py:1943]           [INFO]     | Nostalgia Collection (Classics From The 80s & 90s) Collection | ? | Clueless (1995) (TMDb: 9603)   |
[2022-03-18 14:08:04,063] [builder.py:1943]           [INFO]     | Nostalgia Collection (Classics From The 80s & 90s) Collection | ? | The Indian in the Cupboard (1995) (TMDb: 11359) |
[2022-03-18 14:08:04,268] [builder.py:1943]           [INFO]     | Nostalgia Collection (Classics From The 80s & 90s) Collection | ? | Nine Months (1995) (TMDb: 11472) |
[2022-03-18 14:08:04,480] [builder.py:1943]           [INFO]     | Nostalgia Collection (Classics From The 80s & 90s) Collection | ? | Judge Dredd (1995) (TMDb: 9482) |
[2022-03-18 14:08:04,726] [builder.py:1943]           [INFO]     | Nostalgia Collection (Classics From The 80s & 90s) Collection | ? | Batman Forever (1995) (TMDb: 414) |
[2022-03-18 14:08:04,937] [builder.py:1943]           [INFO]     | Nostalgia Collection (Classics From The 80s & 90s) Collection | ? | Die Hard: With a Vengeance (1995) (TMDb: 1572) |
[2022-03-18 14:08:05,140] [builder.py:1943]           [INFO]     | Nostalgia Collection (Classics From The 80s & 90s) Collection | ? | The Basketball Diaries (1995) (TMDb: 10474) |
[2022-03-18 14:08:05,342] [builder.py:1943]           [INFO]     | Nostalgia Collection (Classics From The 80s & 90s) Collection | ? | 3 Ninjas Knuckle Up (1993) (TMDb: 40508) |
[2022-03-18 14:08:05,598] [builder.py:1943]           [INFO]     | Nostalgia Collection (Classics From The 80s & 90s) Collection | ? | Major Payne (1995) (TMDb: 11008) |
[2022-03-18 14:08:05,798] [builder.py:1943]           [INFO]     | Nostalgia Collection (Classics From The 80s & 90s) Collection | ? | Heavyweights (1995) (TMDb: 14819) |
[2022-03-18 14:08:06,009] [builder.py:1943]           [INFO]     | Nostalgia Collection (Classics From The 80s & 90s) Collection | ? | Billy Madison (1995) (TMDb: 11017) |
[2022-03-18 14:08:06,213] [builder.py:1943]           [INFO]     | Nostalgia Collection (Classics From The 80s & 90s) Collection | ? | Before Sunrise (1995) (TMDb: 76) |
[2022-03-18 14:08:06,466] [builder.py:1943]           [INFO]     | Nostalgia Collection (Classics From The 80s & 90s) Collection | ? | Higher Learning (1995) (TMDb: 16295) |
[2022-03-18 14:08:06,662] [builder.py:1943]           [INFO]     | Nostalgia Collection (Classics From The 80s & 90s) Collection | ? | Houseguest (1995) (TMDb: 17207) |
[2022-03-18 14:08:06,868] [builder.py:1943]           [INFO]     | Nostalgia Collection (Classics From The 80s & 90s) Collection | ? | Street Fighter (1994) (TMDb: 11667) |
[2022-03-18 14:08:07,070] [builder.py:1943]           [INFO]     | Nostalgia Collection (Classics From The 80s & 90s) Collection | ? | Ri¢hie Ri¢h (1994) (TMDb: 11011) |
[2022-03-18 14:08:07,265] [builder.py:1943]           [INFO]     | Nostalgia Collection (Classics From The 80s & 90s) Collection | ? | Fast Getaway II (1994) (TMDb: 74240) |
[2022-03-18 14:08:07,480] [builder.py:1943]           [INFO]     | Nostalgia Collection (Classics From The 80s & 90s) Collection | ? | Dumb and Dumber (1994) (TMDb: 8467) |
[2022-03-18 14:08:07,753] [builder.py:1943]           [INFO]     | Nostalgia Collection (Classics From The 80s & 90s) Collection | ? | Stargate (1994) (TMDb: 2164)   |
[2022-03-18 14:08:08,009] [builder.py:1943]           [INFO]     | Nostalgia Collection (Classics From The 80s & 90s) Collection | ? | Little Giants (1994) (TMDb: 20726) |
[2022-03-18 14:08:08,204] [builder.py:1943]           [INFO]     | Nostalgia Collection (Classics From The 80s & 90s) Collection | ? | The Scout (1994) (TMDb: 35233) |
[2022-03-18 14:08:08,442] [builder.py:1943]           [INFO]     | Nostalgia Collection (Classics From The 80s & 90s) Collection | ? | Timecop (1994) (TMDb: 8831)    |
[2022-03-18 14:08:08,662] [builder.py:1943]           [INFO]     | Nostalgia Collection (Classics From The 80s & 90s) Collection | ? | Blankman (1994) (TMDb: 20678)  |
[2022-03-18 14:08:08,876] [builder.py:1943]           [INFO]     | Nostalgia Collection (Classics From The 80s & 90s) Collection | ? | In the Army Now (1994) (TMDb: 12475) |
[2022-03-18 14:08:09,074] [builder.py:1943]           [INFO]     | Nostalgia Collection (Classics From The 80s & 90s) Collection | ? | Airheads (1994) (TMDb: 13595)  |
[2022-03-18 14:08:09,283] [builder.py:1943]           [INFO]     | Nostalgia Collection (Classics From The 80s & 90s) Collection | ? | The Mask (1994) (TMDb: 854)    |
[2022-03-18 14:08:09,480] [builder.py:1943]           [INFO]     | Nostalgia Collection (Classics From The 80s & 90s) Collection | ? | Little Big League (1994) (TMDb: 31504) |
[2022-03-18 14:08:09,676] [builder.py:1943]           [INFO]     | Nostalgia Collection (Classics From The 80s & 90s) Collection | ? | City Slickers II: The Legend of Curly's Gold (1994) (TMDb: 11310) |
[2022-03-18 14:08:09,876] [builder.py:1943]           [INFO]     | Nostalgia Collection (Classics From The 80s & 90s) Collection | ? | Renaissance Man (1994) (TMDb: 11858) |
[2022-03-18 14:08:10,084] [builder.py:1943]           [INFO]     | Nostalgia Collection (Classics From The 80s & 90s) Collection | ? | Beverly Hills Cop III (1994) (TMDb: 306) |
[2022-03-18 14:08:10,342] [builder.py:1943]           [INFO]     | Nostalgia Collection (Classics From The 80s & 90s) Collection | ? | Maverick (1994) (TMDb: 9359)   |
[2022-03-18 14:08:10,536] [builder.py:1943]           [INFO]     | Nostalgia Collection (Classics From The 80s & 90s) Collection | ? | A Million to Juan (1994) (TMDb: 124029) |
[2022-03-18 14:08:10,732] [builder.py:1943]           [INFO]     | Nostalgia Collection (Classics From The 80s & 90s) Collection | ? | 3 Ninjas Kick Back (1994) (TMDb: 18885) |
[2022-03-18 14:08:10,936] [builder.py:1943]           [INFO]     | Nostalgia Collection (Classics From The 80s & 90s) Collection | ? | Clifford (1994) (TMDb: 2778)   |
[2022-03-18 14:08:11,135] [builder.py:1943]           [INFO]     | Nostalgia Collection (Classics From The 80s & 90s) Collection | ? | Major League II (1994) (TMDb: 11067) |
[2022-03-18 14:08:11,341] [builder.py:1943]           [INFO]     | Nostalgia Collection (Classics From The 80s & 90s) Collection | ? | D2: The Mighty Ducks (1994) (TMDb: 11164) |
[2022-03-18 14:08:11,344] [builder.py:1943]           [INFO]     | Nostalgia Collection (Classics From The 80s & 90s) Collection | ? | Above the Rim (1994) (TMDb: 19092) |
[2022-03-18 14:08:11,606] [builder.py:1943]           [INFO]     | Nostalgia Collection (Classics From The 80s & 90s) Collection | ? | Greedy (1994) (TMDb: 12778)    |
[2022-03-18 14:08:11,811] [builder.py:1943]           [INFO]     | Nostalgia Collection (Classics From The 80s & 90s) Collection | ? | What's Eating Gilbert Grape (1993) (TMDb: 1587) |
[2022-03-18 14:08:12,006] [builder.py:1943]           [INFO]     | Nostalgia Collection (Classics From The 80s & 90s) Collection | ? | My Girl 2 (1994) (TMDb: 11317) |
[2022-03-18 14:08:12,202] [builder.py:1943]           [INFO]     | Nostalgia Collection (Classics From The 80s & 90s) Collection | ? | Blank Check (1994) (TMDb: 13962) |
[2022-03-18 14:08:12,401] [builder.py:1943]           [INFO]     | Nostalgia Collection (Classics From The 80s & 90s) Collection | ? | The Air Up There (1994) (TMDb: 46094) |
[2022-03-18 14:08:12,600] [builder.py:1943]           [INFO]     | Nostalgia Collection (Classics From The 80s & 90s) Collection | ? | Wayne's World 2 (1993) (TMDb: 8873) |
[2022-03-18 14:08:12,805] [builder.py:1943]           [INFO]     | Nostalgia Collection (Classics From The 80s & 90s) Collection | ? | A Perfect World (1993) (TMDb: 9559) |
[2022-03-18 14:08:13,012] [builder.py:1943]           [INFO]     | Nostalgia Collection (Classics From The 80s & 90s) Collection | ? | Mrs. Doubtfire (1993) (TMDb: 788) |
[2022-03-18 14:08:14,451] [builder.py:1943]           [INFO]     | Nostalgia Collection (Classics From The 80s & 90s) Collection | ? | Look Who's Talking Now! (1993) (TMDb: 11982) |
[2022-03-18 14:08:16,050] [util.py:209]               [INFO]     |====================================================================================================|
[2022-03-18 14:08:16,051] [util.py:216]               [INFO]     |                                     Exiting Plex Meta Manager                                      |
[2022-03-18 14:08:16,052] [util.py:220]               [INFO]     |====================================================================================================|
