[2022-11-06 23:28:15,917] [util.py:209]               [INFO]     |====================================================================================================|
[2022-11-06 23:28:15,918] [util.py:216]               [INFO]     |                                    Horror Collection in Movies                                     |
[2022-11-06 23:28:15,918] [util.py:220]               [INFO]     |====================================================================================================|
[2022-11-06 23:28:15,918] [plex_meta_manager.py:750]  [INFO]     |                                                                                                    |
[2022-11-06 23:28:15,919] [util.py:216]               [INFO]     |=================================== Validating Horror Attributes ===================================|
[2022-11-06 23:28:15,919] [builder.py:265]            [DEBUG]    |                                                                                                    |
[2022-11-06 23:28:15,919] [builder.py:266]            [DEBUG]    | Validating Method: template                                                                        |
[2022-11-06 23:28:15,920] [meta.py:83]                [DEBUG]    | Value: ordereddict([('name', 'Genre'), ('genre', 'Horror'), ('poster', 'https://theposterdb.com/api/assets/51475')]) |
[2022-11-06 23:28:15,920] [builder.py:453]            [DEBUG]    |                                                                                                    |
[2022-11-06 23:28:15,921] [builder.py:454]            [DEBUG]    | Validating Method: collection_order                                                                |
[2022-11-06 23:28:15,921] [builder.py:455]            [DEBUG]    | Value: alpha                                                                                       |
[2022-11-06 23:28:15,922] [builder.py:472]            [DEBUG]    |                                                                                                    |
[2022-11-06 23:28:15,922] [builder.py:473]            [DEBUG]    | Validating Method: summary                                                                         |
[2022-11-06 23:28:15,922] [builder.py:474]            [DEBUG]    | Value: Horror film is a genre that aims to create a sense of fear, panic, alarm, and dread for the audience. These films are often unsettling and rely on scaring the audience through a portrayal of their worst fears and nightmares. Horror films usually center on the arrival of an evil force, person, or event. Many Horror films include mythical creatures such as ghosts, vampires, and zombies. Traditionally, Horror films incorporate a large amount of violence and gore into the plot. Though it has its own style, Horror film often overlaps into Fantasy, Thriller, and Science-Fiction genres. |
[2022-11-06 23:28:15,923] [builder.py:472]            [DEBUG]    |                                                                                                    |
[2022-11-06 23:28:15,923] [builder.py:473]            [DEBUG]    | Validating Method: plex_search                                                                     |
[2022-11-06 23:28:15,923] [builder.py:474]            [DEBUG]    | Value: {'genre': 'Horror'}                                                                         |
[2022-11-06 23:28:15,970] [builder.py:472]            [DEBUG]    |                                                                                                    |
[2022-11-06 23:28:15,970] [builder.py:473]            [DEBUG]    | Validating Method: url_poster                                                                      |
[2022-11-06 23:28:15,971] [builder.py:474]            [DEBUG]    | Value: https://theposterdb.com/api/assets/51475                                                    |
[2022-11-06 23:28:15,971] [builder.py:472]            [DEBUG]    |                                                                                                    |
[2022-11-06 23:28:15,971] [builder.py:473]            [DEBUG]    | Validating Method: sort_title                                                                      |
[2022-11-06 23:28:15,972] [builder.py:474]            [DEBUG]    | Value: 00000d_Horror                                                                               |
[2022-11-06 23:28:16,926] [builder.py:619]            [INFO]     |                                                                                                    |
[2022-11-06 23:28:16,926] [builder.py:620]            [INFO]     | Validation Successful                                                                              |
[2022-11-06 23:28:16,935] [plex_meta_manager.py:758]  [INFO]     |                                                                                                    |
[2022-11-06 23:28:16,936] [util.py:216]               [INFO]     |==================================== Running Horror Collection =====================================|
[2022-11-06 23:28:16,937] [plex_meta_manager.py:773]  [INFO]     |                                                                                                    |
[2022-11-06 23:28:16,937] [plex_meta_manager.py:774]  [INFO]     | Sync Mode: append                                                                                  |
[2022-11-06 23:28:16,938] [builder.py:1275]           [DEBUG]    |                                                                                                    |
[2022-11-06 23:28:16,938] [builder.py:1276]           [DEBUG]    | Builder: plex_search: (1, 'Plex Movie Search\nSort By: title.asc\nFilter:\n  Match all of the following:\n    Match any of the following:\n      Genre is Horror', '?type=1&sort=titleSort&push=1&genre=247&pop=1') |
[2022-11-06 23:28:16,938] [builder.py:1277]           [INFO]     |                                                                                                    |
[2022-11-06 23:28:16,939] [util.py:161]               [INFO]     | Plex Movie Search                                                                                  |
[2022-11-06 23:28:16,939] [util.py:161]               [INFO]     | Sort By: title.asc                                                                                 |
[2022-11-06 23:28:16,939] [util.py:161]               [INFO]     | Filter:                                                                                            |
[2022-11-06 23:28:16,940] [util.py:161]               [INFO]     |   Match all of the following:                                                                      |
[2022-11-06 23:28:16,940] [util.py:161]               [INFO]     |     Match any of the following:                                                                    |
[2022-11-06 23:28:16,940] [util.py:161]               [INFO]     |       Genre is Horror                                                                              |
[2022-11-06 23:28:17,526] [plex.py:748]               [DEBUG]    |                                                                                                    |
[2022-11-06 23:28:17,527] [plex.py:749]               [DEBUG]    | 244 Keys Found: [(117433, 'ratingKey'), (111654, 'ratingKey'), (99266, 'ratingKey'), (99140, 'ratingKey'), (99117, 'ratingKey'), (112038, 'ratingKey'), (117922, 'ratingKey'), (98663, 'ratingKey'), (118110, 'ratingKey'), (98982, 'ratingKey'), (98612, 'ratingKey'), (98976, 'ratingKey'), (99182, 'ratingKey'), (113116, 'ratingKey'), (118111, 'ratingKey'), (117398, 'ratingKey'), (117346, 'ratingKey'), (99290, 'ratingKey'), (99091, 'ratingKey'), (99495, 'ratingKey'), (99342, 'ratingKey'), (99394, 'ratingKey'), (117237, 'ratingKey'), (99375, 'ratingKey'), (113416, 'ratingKey'), (99382, 'ratingKey'), (111731, 'ratingKey'), (118324, 'ratingKey'), (104174, 'ratingKey'), (99629, 'ratingKey'), (117183, 'ratingKey'), (100173, 'ratingKey'), (111684, 'ratingKey'), (99405, 'ratingKey'), (104184, 'ratingKey'), (99439, 'ratingKey'), (104185, 'ratingKey'), (100138, 'ratingKey'), (116700, 'ratingKey'), (117209, 'ratingKey'), (117189, 'ratingKey'), (104189, 'ratingKey'), (118408, 'ratingKey'), (118417, 'ratingKey'), (108589, 'ratingKey'), (117134, 'ratingKey'), (116637, 'ratingKey'), (117130, 'ratingKey'), (99670, 'ratingKey'), (113388, 'ratingKey'), (99732, 'ratingKey'), (116689, 'ratingKey'), (101204, 'ratingKey'), (116849, 'ratingKey'), (101027, 'ratingKey'), (99719, 'ratingKey'), (99730, 'ratingKey'), (99724, 'ratingKey'), (100227, 'ratingKey'), (117636, 'ratingKey'), (99050, 'ratingKey'), (105782, 'ratingKey'), (104310, 'ratingKey'), (104312, 'ratingKey'), (104515, 'ratingKey'), (99772, 'ratingKey'), (99804, 'ratingKey'), (99998, 'ratingKey'), (115779, 'ratingKey'), (96876, 'ratingKey'), (99774, 'ratingKey'), (117103, 'ratingKey'), (116993, 'ratingKey'), (116724, 'ratingKey'), (99836, 'ratingKey'), (99098, 'ratingKey'), (116866, 'ratingKey'), (104330, 'ratingKey'), (99909, 'ratingKey'), (99902, 'ratingKey'), (116829, 'ratingKey'), (116791, 'ratingKey'), (113326, 'ratingKey'), (102190, 'ratingKey'), (112620, 'ratingKey'), (115776, 'ratingKey'), (99921, 'ratingKey'), (112600, 'ratingKey'), (116790, 'ratingKey'), (100177, 'ratingKey'), (101198, 'ratingKey'), (104342, 'ratingKey'), (100365, 'ratingKey'), (104364, 'ratingKey'), (101206, 'ratingKey'), (115503, 'ratingKey'), (115656, 'ratingKey'), (100217, 'ratingKey'), (115515, 'ratingKey'), (101094, 'ratingKey'), (104352, 'ratingKey'), (115641, 'ratingKey'), (111729, 'ratingKey'), (118619, 'ratingKey'), (102203, 'ratingKey'), (115543, 'ratingKey'), (116102, 'ratingKey'), (115542, 'ratingKey'), (112058, 'ratingKey'), (100275, 'ratingKey'), (101209, 'ratingKey'), (102208, 'ratingKey'), (104224, 'ratingKey'), (116559, 'ratingKey'), (112551, 'ratingKey'), (100511, 'ratingKey'), (100508, 'ratingKey'), (102210, 'ratingKey'), (100464, 'ratingKey'), (102136, 'ratingKey'), (116556, 'ratingKey'), (104407, 'ratingKey'), (102215, 'ratingKey'), (104389, 'ratingKey'), (101166, 'ratingKey'), (112548, 'ratingKey'), (112348, 'ratingKey'), (115242, 'ratingKey'), (115217, 'ratingKey'), (118658, 'ratingKey'), (100352, 'ratingKey'), (100559, 'ratingKey'), (116576, 'ratingKey'), (101227, 'ratingKey'), (101224, 'ratingKey'), (100550, 'ratingKey'), (112534, 'ratingKey'), (100529, 'ratingKey'), (113175, 'ratingKey'), (101378, 'ratingKey'), (100606, 'ratingKey'), (101384, 'ratingKey'), (100462, 'ratingKey'), (101401, 'ratingKey'), (100534, 'ratingKey'), (100335, 'ratingKey'), (114591, 'ratingKey'), (101448, 'ratingKey'), (116473, 'ratingKey'), (116370, 'ratingKey'), (100101, 'ratingKey'), (114481, 'ratingKey'), (112819, 'ratingKey'), (114313, 'ratingKey'), (100667, 'ratingKey'), (100543, 'ratingKey'), (101522, 'ratingKey'), (104435, 'ratingKey'), (114220, 'ratingKey'), (101550, 'ratingKey'), (104456, 'ratingKey'), (101557, 'ratingKey'), (116439, 'ratingKey'), (112428, 'ratingKey'), (112400, 'ratingKey'), (100296, 'ratingKey'), (41412, 'ratingKey'), (100538, 'ratingKey'), (104521, 'ratingKey'), (80324, 'ratingKey'), (71963, 'ratingKey'), (41382, 'ratingKey'), (70739, 'ratingKey'), (70839, 'ratingKey'), (77693, 'ratingKey'), (37766, 'ratingKey'), (116375, 'ratingKey'), (114185, 'ratingKey'), (80654, 'ratingKey'), (102313, 'ratingKey'), (37114, 'ratingKey'), (96844, 'ratingKey'), (101842, 'ratingKey'), (78505, 'ratingKey'), (105219, 'ratingKey'), (37702, 'ratingKey'), (101771, 'ratingKey'), (101789, 'ratingKey'), (102223, 'ratingKey'), (101804, 'ratingKey'), (104992, 'ratingKey'), (118799, 'ratingKey'), (101828, 'ratingKey'), (78648, 'ratingKey'), (80325, 'ratingKey'), (108086, 'ratingKey'), (39706, 'ratingKey'), (40781, 'ratingKey'), (104263, 'ratingKey'), (39990, 'ratingKey'), (73762, 'ratingKey'), (101849, 'ratingKey'), (41216, 'ratingKey'), (101868, 'ratingKey'), (41375, 'ratingKey'), (41221, 'ratingKey'), (100724, 'ratingKey'), (112156, 'ratingKey'), (112764, 'ratingKey'), (101928, 'ratingKey'), (105073, 'ratingKey'), (101960, 'ratingKey'), (101970, 'ratingKey'), (114032, 'ratingKey'), (98594, 'ratingKey'), (113747, 'ratingKey'), (105099, 'ratingKey'), (102044, 'ratingKey'), (113900, 'ratingKey'), (102051, 'ratingKey'), (107687, 'ratingKey'), (113766, 'ratingKey'), (105108, 'ratingKey'), (102069, 'ratingKey'), (100882, 'ratingKey'), (100884, 'ratingKey'), (112226, 'ratingKey'), (105241, 'ratingKey'), (100887, 'ratingKey'), (102075, 'ratingKey'), (102076, 'ratingKey'), (115926, 'ratingKey'), (100930, 'ratingKey'), (102092, 'ratingKey'), (105918, 'ratingKey'), (108082, 'ratingKey'), (113543, 'ratingKey'), (102102, 'ratingKey'), (100919, 'ratingKey'), (112153, 'ratingKey'), (102106, 'ratingKey'), (112698, 'ratingKey'), (113550, 'ratingKey'), (112142, 'ratingKey')] |
[2022-11-06 23:28:17,530] [builder.py:1282]           [DEBUG]    |                                                                                                    |
[2022-11-06 23:28:17,530] [builder.py:1283]           [DEBUG]    | 244 IDs Found: [(117433, 'ratingKey'), (111654, 'ratingKey'), (99266, 'ratingKey'), (99140, 'ratingKey'), (99117, 'ratingKey'), (112038, 'ratingKey'), (117922, 'ratingKey'), (98663, 'ratingKey'), (118110, 'ratingKey'), (98982, 'ratingKey'), (98612, 'ratingKey'), (98976, 'ratingKey'), (99182, 'ratingKey'), (113116, 'ratingKey'), (118111, 'ratingKey'), (117398, 'ratingKey'), (117346, 'ratingKey'), (99290, 'ratingKey'), (99091, 'ratingKey'), (99495, 'ratingKey'), (99342, 'ratingKey'), (99394, 'ratingKey'), (117237, 'ratingKey'), (99375, 'ratingKey'), (113416, 'ratingKey'), (99382, 'ratingKey'), (111731, 'ratingKey'), (118324, 'ratingKey'), (104174, 'ratingKey'), (99629, 'ratingKey'), (117183, 'ratingKey'), (100173, 'ratingKey'), (111684, 'ratingKey'), (99405, 'ratingKey'), (104184, 'ratingKey'), (99439, 'ratingKey'), (104185, 'ratingKey'), (100138, 'ratingKey'), (116700, 'ratingKey'), (117209, 'ratingKey'), (117189, 'ratingKey'), (104189, 'ratingKey'), (118408, 'ratingKey'), (118417, 'ratingKey'), (108589, 'ratingKey'), (117134, 'ratingKey'), (116637, 'ratingKey'), (117130, 'ratingKey'), (99670, 'ratingKey'), (113388, 'ratingKey'), (99732, 'ratingKey'), (116689, 'ratingKey'), (101204, 'ratingKey'), (116849, 'ratingKey'), (101027, 'ratingKey'), (99719, 'ratingKey'), (99730, 'ratingKey'), (99724, 'ratingKey'), (100227, 'ratingKey'), (117636, 'ratingKey'), (99050, 'ratingKey'), (105782, 'ratingKey'), (104310, 'ratingKey'), (104312, 'ratingKey'), (104515, 'ratingKey'), (99772, 'ratingKey'), (99804, 'ratingKey'), (99998, 'ratingKey'), (115779, 'ratingKey'), (96876, 'ratingKey'), (99774, 'ratingKey'), (117103, 'ratingKey'), (116993, 'ratingKey'), (116724, 'ratingKey'), (99836, 'ratingKey'), (99098, 'ratingKey'), (116866, 'ratingKey'), (104330, 'ratingKey'), (99909, 'ratingKey'), (99902, 'ratingKey'), (116829, 'ratingKey'), (116791, 'ratingKey'), (113326, 'ratingKey'), (102190, 'ratingKey'), (112620, 'ratingKey'), (115776, 'ratingKey'), (99921, 'ratingKey'), (112600, 'ratingKey'), (116790, 'ratingKey'), (100177, 'ratingKey'), (101198, 'ratingKey'), (104342, 'ratingKey'), (100365, 'ratingKey'), (104364, 'ratingKey'), (101206, 'ratingKey'), (115503, 'ratingKey'), (115656, 'ratingKey'), (100217, 'ratingKey'), (115515, 'ratingKey'), (101094, 'ratingKey'), (104352, 'ratingKey'), (115641, 'ratingKey'), (111729, 'ratingKey'), (118619, 'ratingKey'), (102203, 'ratingKey'), (115543, 'ratingKey'), (116102, 'ratingKey'), (115542, 'ratingKey'), (112058, 'ratingKey'), (100275, 'ratingKey'), (101209, 'ratingKey'), (102208, 'ratingKey'), (104224, 'ratingKey'), (116559, 'ratingKey'), (112551, 'ratingKey'), (100511, 'ratingKey'), (100508, 'ratingKey'), (102210, 'ratingKey'), (100464, 'ratingKey'), (102136, 'ratingKey'), (116556, 'ratingKey'), (104407, 'ratingKey'), (102215, 'ratingKey'), (104389, 'ratingKey'), (101166, 'ratingKey'), (112548, 'ratingKey'), (112348, 'ratingKey'), (115242, 'ratingKey'), (115217, 'ratingKey'), (118658, 'ratingKey'), (100352, 'ratingKey'), (100559, 'ratingKey'), (116576, 'ratingKey'), (101227, 'ratingKey'), (101224, 'ratingKey'), (100550, 'ratingKey'), (112534, 'ratingKey'), (100529, 'ratingKey'), (113175, 'ratingKey'), (101378, 'ratingKey'), (100606, 'ratingKey'), (101384, 'ratingKey'), (100462, 'ratingKey'), (101401, 'ratingKey'), (100534, 'ratingKey'), (100335, 'ratingKey'), (114591, 'ratingKey'), (101448, 'ratingKey'), (116473, 'ratingKey'), (116370, 'ratingKey'), (100101, 'ratingKey'), (114481, 'ratingKey'), (112819, 'ratingKey'), (114313, 'ratingKey'), (100667, 'ratingKey'), (100543, 'ratingKey'), (101522, 'ratingKey'), (104435, 'ratingKey'), (114220, 'ratingKey'), (101550, 'ratingKey'), (104456, 'ratingKey'), (101557, 'ratingKey'), (116439, 'ratingKey'), (112428, 'ratingKey'), (112400, 'ratingKey'), (100296, 'ratingKey'), (41412, 'ratingKey'), (100538, 'ratingKey'), (104521, 'ratingKey'), (80324, 'ratingKey'), (71963, 'ratingKey'), (41382, 'ratingKey'), (70739, 'ratingKey'), (70839, 'ratingKey'), (77693, 'ratingKey'), (37766, 'ratingKey'), (116375, 'ratingKey'), (114185, 'ratingKey'), (80654, 'ratingKey'), (102313, 'ratingKey'), (37114, 'ratingKey'), (96844, 'ratingKey'), (101842, 'ratingKey'), (78505, 'ratingKey'), (105219, 'ratingKey'), (37702, 'ratingKey'), (101771, 'ratingKey'), (101789, 'ratingKey'), (102223, 'ratingKey'), (101804, 'ratingKey'), (104992, 'ratingKey'), (118799, 'ratingKey'), (101828, 'ratingKey'), (78648, 'ratingKey'), (80325, 'ratingKey'), (108086, 'ratingKey'), (39706, 'ratingKey'), (40781, 'ratingKey'), (104263, 'ratingKey'), (39990, 'ratingKey'), (73762, 'ratingKey'), (101849, 'ratingKey'), (41216, 'ratingKey'), (101868, 'ratingKey'), (41375, 'ratingKey'), (41221, 'ratingKey'), (100724, 'ratingKey'), (112156, 'ratingKey'), (112764, 'ratingKey'), (101928, 'ratingKey'), (105073, 'ratingKey'), (101960, 'ratingKey'), (101970, 'ratingKey'), (114032, 'ratingKey'), (98594, 'ratingKey'), (113747, 'ratingKey'), (105099, 'ratingKey'), (102044, 'ratingKey'), (113900, 'ratingKey'), (102051, 'ratingKey'), (107687, 'ratingKey'), (113766, 'ratingKey'), (105108, 'ratingKey'), (102069, 'ratingKey'), (100882, 'ratingKey'), (100884, 'ratingKey'), (112226, 'ratingKey'), (105241, 'ratingKey'), (100887, 'ratingKey'), (102075, 'ratingKey'), (102076, 'ratingKey'), (115926, 'ratingKey'), (100930, 'ratingKey'), (102092, 'ratingKey'), (105918, 'ratingKey'), (108082, 'ratingKey'), (113543, 'ratingKey'), (102102, 'ratingKey'), (100919, 'ratingKey'), (112153, 'ratingKey'), (102106, 'ratingKey'), (112698, 'ratingKey'), (113550, 'ratingKey'), (112142, 'ratingKey')] |
[2022-11-06 23:28:17,531] [builder.py:1284]           [DEBUG]    |                                                                                                    |
[2022-11-06 23:28:22,279] [builder.py:1697]           [INFO]     |                                                                                                    |
[2022-11-06 23:28:22,280] [util.py:216]               [INFO]     |=================================== Adding to Horror Collection ====================================|
[2022-11-06 23:28:22,280] [builder.py:1699]           [INFO]     |                                                                                                    |
[2022-11-06 23:28:22,281] [builder.py:1709]           [INFO]     |   1/244 | Horror Collection | = | 3 from Hell (2019)                                               |
[2022-11-06 23:28:22,281] [builder.py:1709]           [INFO]     |   2/244 | Horror Collection | = | 10 Cloverfield Lane (2016)                                       |
[2022-11-06 23:28:22,281] [builder.py:1709]           [INFO]     |   3/244 | Horror Collection | = | 12 Hour Shift (2020)                                             |
[2022-11-06 23:28:22,282] [builder.py:1709]           [INFO]     |   4/244 | Horror Collection | = | 28 Days Later... (2002)                                          |
[2022-11-06 23:28:22,282] [builder.py:1709]           [INFO]     |   5/244 | Horror Collection | = | 28 Weeks Later (2007)                                            |
[2022-11-06 23:28:22,282] [builder.py:1709]           [INFO]     |   6/244 | Horror Collection | = | The Addams Family (2019)                                         |
[2022-11-06 23:28:22,283] [builder.py:1709]           [INFO]     |   7/244 | Horror Collection | = | Alien (1979)                                                     |
[2022-11-06 23:28:22,283] [builder.py:1709]           [INFO]     |   8/244 | Horror Collection | = | Alien vs. Predator (2004)                                        |
[2022-11-06 23:28:22,283] [builder.py:1709]           [INFO]     |   9/244 | Horror Collection | = | Alien: Covenant (2017)                                           |
[2022-11-06 23:28:22,284] [builder.py:1709]           [INFO]     |  10/244 | Horror Collection | = | Alien: Resurrection (1997)                                       |
[2022-11-06 23:28:22,284] [builder.py:1709]           [INFO]     |  11/244 | Horror Collection | = | Alien³ (1992)                                                    |
[2022-11-06 23:28:22,284] [builder.py:1709]           [INFO]     |  12/244 | Horror Collection | = | Aliens vs. Predator: Requiem (2007)                              |
[2022-11-06 23:28:22,284] [builder.py:1709]           [INFO]     |  13/244 | Horror Collection | = | Alone (2020)                                                     |
[2022-11-06 23:28:22,285] [builder.py:1709]           [INFO]     |  14/244 | Horror Collection | = | Annabelle Comes Home (2019)                                      |
[2022-11-06 23:28:22,285] [builder.py:1709]           [INFO]     |  15/244 | Horror Collection | = | Annihilation (2018)                                              |
[2022-11-06 23:28:22,285] [builder.py:1709]           [INFO]     |  16/244 | Horror Collection | = | Antlers (2021)                                                   |
[2022-11-06 23:28:22,286] [builder.py:1709]           [INFO]     |  17/244 | Horror Collection | = | The Babadook (2014)                                              |
[2022-11-06 23:28:22,286] [builder.py:1709]           [INFO]     |  18/244 | Horror Collection | = | Bacurau (2019)                                                   |
[2022-11-06 23:28:22,287] [builder.py:1709]           [INFO]     |  19/244 | Horror Collection | = | Bad Hair (2021)                                                  |
[2022-11-06 23:28:22,287] [builder.py:1709]           [INFO]     |  20/244 | Horror Collection | = | Becky (2020)                                                     |
[2022-11-06 23:28:22,288] [builder.py:1709]           [INFO]     |  21/244 | Horror Collection | = | Benny Loves You (2021)                                           |
[2022-11-06 23:28:22,288] [builder.py:1709]           [INFO]     |  22/244 | Horror Collection | = | Berserk: The Golden Age Arc II - The Battle for Doldrey (2012)   |
[2022-11-06 23:28:22,288] [builder.py:1709]           [INFO]     |  23/244 | Horror Collection | = | The Beta Test (2021)                                             |
[2022-11-06 23:28:22,289] [builder.py:1709]           [INFO]     |  24/244 | Horror Collection | = | The Birds (1963)                                                 |
[2022-11-06 23:28:22,289] [builder.py:1709]           [INFO]     |  25/244 | Horror Collection | = | Black Box (2020)                                                 |
[2022-11-06 23:28:22,290] [builder.py:1709]           [INFO]     |  26/244 | Horror Collection | = | The Black Phone (2022)                                           |
[2022-11-06 23:28:22,290] [builder.py:1709]           [INFO]     |  27/244 | Horror Collection | = | Black Swan (2010)                                                |
[2022-11-06 23:28:22,290] [builder.py:1709]           [INFO]     |  28/244 | Horror Collection | = | Blade (1998)                                                     |
[2022-11-06 23:28:22,291] [builder.py:1709]           [INFO]     |  29/244 | Horror Collection | = | The Blair Witch Project (1999)                                   |
[2022-11-06 23:28:22,291] [builder.py:1709]           [INFO]     |  30/244 | Horror Collection | = | Bliss (2019)                                                     |
[2022-11-06 23:28:22,291] [builder.py:1709]           [INFO]     |  31/244 | Horror Collection | = | The Block Island Sound (2020)                                    |
[2022-11-06 23:28:22,292] [builder.py:1709]           [INFO]     |  32/244 | Horror Collection | = | Bloody Hell (2020)                                               |
[2022-11-06 23:28:22,292] [builder.py:1709]           [INFO]     |  33/244 | Horror Collection | = | Bodies Bodies Bodies (2022)                                      |
[2022-11-06 23:28:22,292] [builder.py:1709]           [INFO]     |  34/244 | Horror Collection | = | The Boy Behind the Door (2021)                                   |
[2022-11-06 23:28:22,293] [builder.py:1709]           [INFO]     |  35/244 | Horror Collection | = | Boys from County Hell (2021)                                     |
[2022-11-06 23:28:22,293] [builder.py:1709]           [INFO]     |  36/244 | Horror Collection | = | The Bride of Frankenstein (1935)                                 |
[2022-11-06 23:28:22,293] [builder.py:1709]           [INFO]     |  37/244 | Horror Collection | = | Broadcast Signal Intrusion (2021)                                |
[2022-11-06 23:28:22,294] [builder.py:1709]           [INFO]     |  38/244 | Horror Collection | = | Butt Boy (2020)                                                  |
[2022-11-06 23:28:22,294] [builder.py:1709]           [INFO]     |  39/244 | Horror Collection | = | The Cabin in the Woods (2012)                                    |
[2022-11-06 23:28:22,294] [builder.py:1709]           [INFO]     |  40/244 | Horror Collection | = | The Cabinet of Dr. Caligari (1920)                               |
[2022-11-06 23:28:22,295] [builder.py:1709]           [INFO]     |  41/244 | Horror Collection | = | Candyman (2021)                                                  |
[2022-11-06 23:28:22,295] [builder.py:1709]           [INFO]     |  42/244 | Horror Collection | = | Caveat (2021)                                                    |
[2022-11-06 23:28:22,295] [builder.py:1709]           [INFO]     |  43/244 | Horror Collection | = | Child's Play (1988)                                              |
[2022-11-06 23:28:22,296] [builder.py:1709]           [INFO]     |  44/244 | Horror Collection | = | Child's Play 2 (1990)                                            |
[2022-11-06 23:28:22,296] [builder.py:1709]           [INFO]     |  45/244 | Horror Collection | = | The Clovehitch Killer (2018)                                     |
[2022-11-06 23:28:22,299] [builder.py:1709]           [INFO]     |  46/244 | Horror Collection | = | Color Out of Space (2020)                                        |
[2022-11-06 23:28:22,299] [builder.py:1709]           [INFO]     |  47/244 | Horror Collection | = | Come Play (2020)                                                 |
[2022-11-06 23:28:22,300] [builder.py:1709]           [INFO]     |  48/244 | Horror Collection | = | The Conjuring (2013)                                             |
[2022-11-06 23:28:22,300] [builder.py:1709]           [INFO]     |  49/244 | Horror Collection | = | The Conjuring 2 (2016)                                           |
[2022-11-06 23:28:22,300] [builder.py:1709]           [INFO]     |  50/244 | Horror Collection | = | The Conjuring: The Devil Made Me Do It (2021)                    |
[2022-11-06 23:28:22,301] [builder.py:1709]           [INFO]     |  51/244 | Horror Collection | = | Creature from the Black Lagoon (1954)                            |
[2022-11-06 23:28:22,301] [builder.py:1709]           [INFO]     |  52/244 | Horror Collection | = | Crimes of the Future (2022)                                      |
[2022-11-06 23:28:22,302] [builder.py:1709]           [INFO]     |  53/244 | Horror Collection | = | Cronos (1993)                                                    |
[2022-11-06 23:28:22,302] [builder.py:1709]           [INFO]     |  54/244 | Horror Collection | = | The Curse of La Llorona (2019)                                   |
[2022-11-06 23:28:22,302] [builder.py:1709]           [INFO]     |  55/244 | Horror Collection | = | The Cursed (2022)                                                |
[2022-11-06 23:28:22,303] [builder.py:1709]           [INFO]     |  56/244 | Horror Collection | = | Daniel Isn't Real (2019)                                         |
[2022-11-06 23:28:22,303] [builder.py:1709]           [INFO]     |  57/244 | Horror Collection | = | The Dark and the Wicked (2020)                                   |
[2022-11-06 23:28:22,304] [builder.py:1709]           [INFO]     |  58/244 | Horror Collection | = | A Dark Song (2016)                                               |
[2022-11-06 23:28:22,305] [builder.py:1709]           [INFO]     |  59/244 | Horror Collection | = | Dawn of the Beast (2021)                                         |
[2022-11-06 23:28:22,305] [builder.py:1709]           [INFO]     |  60/244 | Horror Collection | = | Dawn of the Dead (1978)                                          |
[2022-11-06 23:28:22,306] [builder.py:1709]           [INFO]     |  61/244 | Horror Collection | = | Dawn of the Dead (2004)                                          |
[2022-11-06 23:28:22,306] [builder.py:1709]           [INFO]     |  62/244 | Horror Collection | = | Day Shift (2022)                                                 |
[2022-11-06 23:28:22,307] [builder.py:1709]           [INFO]     |  63/244 | Horror Collection | = | The Dead Center (2019)                                           |
[2022-11-06 23:28:22,308] [builder.py:1709]           [INFO]     |  64/244 | Horror Collection | = | Deadtectives (2019)                                              |
[2022-11-06 23:28:22,308] [builder.py:1709]           [INFO]     |  65/244 | Horror Collection | = | Depraved (2019)                                                  |
[2022-11-06 23:28:22,309] [builder.py:1709]           [INFO]     |  66/244 | Horror Collection | = | The Descent (2005)                                               |
[2022-11-06 23:28:22,309] [builder.py:1709]           [INFO]     |  67/244 | Horror Collection | = | Destroy All Monsters (1968)                                      |
[2022-11-06 23:28:22,310] [builder.py:1709]           [INFO]     |  68/244 | Horror Collection | = | The Devil's Backbone (2001)                                      |
[2022-11-06 23:28:22,310] [builder.py:1709]           [INFO]     |  69/244 | Horror Collection | = | Doctor Sleep (2019)                                              |
[2022-11-06 23:28:22,311] [builder.py:1709]           [INFO]     |  70/244 | Horror Collection | = | Doctor Strange in the Multiverse of Madness (2022)               |
[2022-11-06 23:28:22,312] [builder.py:1709]           [INFO]     |  71/244 | Horror Collection | = | Don't Breathe (2016)                                             |
[2022-11-06 23:28:22,314] [builder.py:1709]           [INFO]     |  72/244 | Horror Collection | = | Don't Breathe 2 (2021)                                           |
[2022-11-06 23:28:22,315] [builder.py:1709]           [INFO]     |  73/244 | Horror Collection | = | The Empty Man (2020)                                             |
[2022-11-06 23:28:22,315] [builder.py:1709]           [INFO]     |  74/244 | Horror Collection | = | Escape Room: Tournament of Champions (2021)                      |
[2022-11-06 23:28:22,316] [builder.py:1709]           [INFO]     |  75/244 | Horror Collection | = | The Exorcism of God (2022)                                       |
[2022-11-06 23:28:22,316] [builder.py:1709]           [INFO]     |  76/244 | Horror Collection | = | The Exorcist (1973)                                              |
[2022-11-06 23:28:22,317] [builder.py:1709]           [INFO]     |  77/244 | Horror Collection | = | Fear of Rain (2021)                                              |
[2022-11-06 23:28:22,319] [builder.py:1709]           [INFO]     |  78/244 | Horror Collection | = | Fear Street: Part One - 1994 (2021)                              |
[2022-11-06 23:28:22,319] [builder.py:1709]           [INFO]     |  79/244 | Horror Collection | = | Fear Street: Part Three - 1666 (2021)                            |
[2022-11-06 23:28:22,320] [builder.py:1709]           [INFO]     |  80/244 | Horror Collection | = | Fear Street: Part Two - 1978 (2021)                              |
[2022-11-06 23:28:22,321] [builder.py:1709]           [INFO]     |  81/244 | Horror Collection | = | Firestarter (2022)                                               |
[2022-11-06 23:28:22,321] [builder.py:1709]           [INFO]     |  82/244 | Horror Collection | = | The Fog (1980)                                                   |
[2022-11-06 23:28:22,322] [builder.py:1709]           [INFO]     |  83/244 | Horror Collection | = | Frankenstein (1931)                                              |
[2022-11-06 23:28:22,322] [builder.py:1709]           [INFO]     |  84/244 | Horror Collection | = | Freaks (1932)                                                    |
[2022-11-06 23:28:22,323] [builder.py:1709]           [INFO]     |  85/244 | Horror Collection | = | Freaky (2020)                                                    |
[2022-11-06 23:28:22,323] [builder.py:1709]           [INFO]     |  86/244 | Horror Collection | = | Fresh (2022)                                                     |
[2022-11-06 23:28:22,324] [builder.py:1709]           [INFO]     |  87/244 | Horror Collection | = | From Dusk Till Dawn (1996)                                       |
[2022-11-06 23:28:22,325] [builder.py:1709]           [INFO]     |  88/244 | Horror Collection | = | Gerald's Game (2017)                                             |
[2022-11-06 23:28:22,325] [builder.py:1709]           [INFO]     |  89/244 | Horror Collection | = | Get Out (2017)                                                   |
[2022-11-06 23:28:22,326] [builder.py:1709]           [INFO]     |  90/244 | Horror Collection | = | Ghost Rider (2007)                                               |
[2022-11-06 23:28:22,326] [builder.py:1709]           [INFO]     |  91/244 | Horror Collection | = | Godzilla (1954)                                                  |
[2022-11-06 23:28:22,327] [builder.py:1709]           [INFO]     |  92/244 | Horror Collection | = | Godzilla 2000: Millennium (1999)                                 |
[2022-11-06 23:28:22,328] [builder.py:1709]           [INFO]     |  93/244 | Horror Collection | = | Godzilla Raids Again (1955)                                      |
[2022-11-06 23:28:22,330] [builder.py:1709]           [INFO]     |  94/244 | Horror Collection | = | Godzilla vs. Biollante (1989)                                    |
[2022-11-06 23:28:22,330] [builder.py:1709]           [INFO]     |  95/244 | Horror Collection | = | Godzilla vs. Hedorah (1971)                                      |
[2022-11-06 23:28:22,331] [builder.py:1709]           [INFO]     |  96/244 | Horror Collection | = | Green Room (2016)                                                |
[2022-11-06 23:28:22,332] [builder.py:1709]           [INFO]     |  97/244 | Horror Collection | = | Gremlins (1984)                                                  |
[2022-11-06 23:28:22,333] [builder.py:1709]           [INFO]     |  98/244 | Horror Collection | = | Gremlins 2: The New Batch (1990)                                 |
[2022-11-06 23:28:22,333] [builder.py:1709]           [INFO]     |  99/244 | Horror Collection | = | Gretel & Hansel (2020)                                           |
[2022-11-06 23:28:22,334] [builder.py:1709]           [INFO]     | 100/244 | Horror Collection | = | The Grudge (2004)                                                |
[2022-11-06 23:28:22,334] [builder.py:1709]           [INFO]     | 101/244 | Horror Collection | = | The Hallow (2015)                                                |
[2022-11-06 23:28:22,335] [builder.py:1709]           [INFO]     | 102/244 | Horror Collection | = | Halloween (1978)                                                 |
[2022-11-06 23:28:22,335] [builder.py:1709]           [INFO]     | 103/244 | Horror Collection | = | Halloween (2007)                                                 |
[2022-11-06 23:28:22,336] [builder.py:1709]           [INFO]     | 104/244 | Horror Collection | = | Halloween Ends (2022)                                            |
[2022-11-06 23:28:22,337] [builder.py:1709]           [INFO]     | 105/244 | Horror Collection | = | Hatching (2022)                                                  |
[2022-11-06 23:28:22,337] [builder.py:1709]           [INFO]     | 106/244 | Horror Collection | = | Hellboy (2004)                                                   |
[2022-11-06 23:28:22,338] [builder.py:1709]           [INFO]     | 107/244 | Horror Collection | = | Hellboy II: The Golden Army (2008)                               |
[2022-11-06 23:28:22,339] [builder.py:1709]           [INFO]     | 108/244 | Horror Collection | = | Hereditary (2018)                                                |
[2022-11-06 23:28:22,340] [builder.py:1709]           [INFO]     | 109/244 | Horror Collection | = | Hocus Pocus (1993)                                               |
[2022-11-06 23:28:22,340] [builder.py:1709]           [INFO]     | 110/244 | Horror Collection | = | The Hole in the Ground (2019)                                    |
[2022-11-06 23:28:22,341] [builder.py:1709]           [INFO]     | 111/244 | Horror Collection | = | The Host (2006)                                                  |
[2022-11-06 23:28:22,341] [builder.py:1709]           [INFO]     | 112/244 | Horror Collection | = | Host (2020)                                                      |
[2022-11-06 23:28:22,342] [builder.py:1709]           [INFO]     | 113/244 | Horror Collection | = | The House of the Devil (2009)                                    |
[2022-11-06 23:28:22,342] [builder.py:1709]           [INFO]     | 114/244 | Horror Collection | = | Hubie Halloween (2020)                                           |
[2022-11-06 23:28:22,343] [builder.py:1709]           [INFO]     | 115/244 | Horror Collection | = | The Hunt (2020)                                                  |
[2022-11-06 23:28:22,345] [builder.py:1709]           [INFO]     | 116/244 | Horror Collection | = | Hunter Hunter (2020)                                             |
[2022-11-06 23:28:22,346] [builder.py:1709]           [INFO]     | 117/244 | Horror Collection | = | Hush (2016)                                                      |
[2022-11-06 23:28:22,347] [builder.py:1709]           [INFO]     | 118/244 | Horror Collection | = | I Saw the Devil (2010)                                           |
[2022-11-06 23:28:22,348] [builder.py:1709]           [INFO]     | 119/244 | Horror Collection | = | I See You (2019)                                                 |
[2022-11-06 23:28:22,348] [builder.py:1709]           [INFO]     | 120/244 | Horror Collection | = | Incantation (2022)                                               |
[2022-11-06 23:28:22,349] [builder.py:1709]           [INFO]     | 121/244 | Horror Collection | = | Initiation (2021)                                                |
[2022-11-06 23:28:22,350] [builder.py:1709]           [INFO]     | 122/244 | Horror Collection | = | The Innocents (2021)                                             |
[2022-11-06 23:28:22,350] [builder.py:1709]           [INFO]     | 123/244 | Horror Collection | = | Insidious (2011)                                                 |
[2022-11-06 23:28:22,351] [builder.py:1709]           [INFO]     | 124/244 | Horror Collection | = | Insidious: Chapter 2 (2013)                                      |
[2022-11-06 23:28:22,351] [builder.py:1709]           [INFO]     | 125/244 | Horror Collection | = | Insidious: Chapter 3 (2015)                                      |
[2022-11-06 23:28:22,352] [builder.py:1709]           [INFO]     | 126/244 | Horror Collection | = | Invasion of the Body Snatchers (1978)                            |
[2022-11-06 23:28:22,353] [builder.py:1709]           [INFO]     | 127/244 | Horror Collection | = | The Invisible Man (2020)                                         |
[2022-11-06 23:28:22,353] [builder.py:1709]           [INFO]     | 128/244 | Horror Collection | = | It (2017)                                                        |
[2022-11-06 23:28:22,354] [builder.py:1709]           [INFO]     | 129/244 | Horror Collection | = | It Chapter Two (2019)                                            |
[2022-11-06 23:28:22,355] [builder.py:1709]           [INFO]     | 130/244 | Horror Collection | = | It Comes at Night (2017)                                         |
[2022-11-06 23:28:22,355] [builder.py:1709]           [INFO]     | 131/244 | Horror Collection | = | It Follows (2015)                                                |
[2022-11-06 23:28:22,356] [builder.py:1709]           [INFO]     | 132/244 | Horror Collection | = | Jakob's Wife (2021)                                              |
[2022-11-06 23:28:22,356] [builder.py:1709]           [INFO]     | 133/244 | Horror Collection | = | Jaws (1975)                                                      |
[2022-11-06 23:28:22,357] [builder.py:1709]           [INFO]     | 134/244 | Horror Collection | = | Jaws 2 (1978)                                                    |
[2022-11-06 23:28:22,357] [builder.py:1709]           [INFO]     | 135/244 | Horror Collection | = | Jaws 3-D (1983)                                                  |
[2022-11-06 23:28:22,358] [builder.py:1709]           [INFO]     | 136/244 | Horror Collection | = | Jaws: The Revenge (1987)                                         |
[2022-11-06 23:28:22,358] [builder.py:1709]           [INFO]     | 137/244 | Horror Collection | = | John and the Hole (2021)                                         |
[2022-11-06 23:28:22,361] [builder.py:1709]           [INFO]     | 138/244 | Horror Collection | = | King Kong (1933)                                                 |
[2022-11-06 23:28:22,361] [builder.py:1709]           [INFO]     | 139/244 | Horror Collection | = | Last Night in Soho (2021)                                        |
[2022-11-06 23:28:22,362] [builder.py:1709]           [INFO]     | 140/244 | Horror Collection | = | Let the Right One In (2008)                                      |
[2022-11-06 23:28:22,362] [builder.py:1709]           [INFO]     | 141/244 | Horror Collection | = | Let Us Prey (2014)                                               |
[2022-11-06 23:28:22,363] [builder.py:1709]           [INFO]     | 142/244 | Horror Collection | = | The Lighthouse (2019)                                            |
[2022-11-06 23:28:22,364] [builder.py:1709]           [INFO]     | 143/244 | Horror Collection | = | Little Monsters (2019)                                           |
[2022-11-06 23:28:22,365] [builder.py:1709]           [INFO]     | 144/244 | Horror Collection | = | The Lodge (2020)                                                 |
[2022-11-06 23:28:22,365] [builder.py:1709]           [INFO]     | 145/244 | Horror Collection | = | Lucky (2021)                                                     |
[2022-11-06 23:28:22,366] [builder.py:1709]           [INFO]     | 146/244 | Horror Collection | = | Mad God (2022)                                                   |
[2022-11-06 23:28:22,367] [builder.py:1709]           [INFO]     | 147/244 | Horror Collection | = | Malignant (2021)                                                 |
[2022-11-06 23:28:22,368] [builder.py:1709]           [INFO]     | 148/244 | Horror Collection | = | Mandy (2018)                                                     |
[2022-11-06 23:28:22,369] [builder.py:1709]           [INFO]     | 149/244 | Horror Collection | = | The Manor (2021)                                                 |
[2022-11-06 23:28:22,369] [builder.py:1709]           [INFO]     | 150/244 | Horror Collection | = | Master (2022)                                                    |
[2022-11-06 23:28:22,370] [builder.py:1709]           [INFO]     | 151/244 | Horror Collection | = | Men (2022)                                                       |
[2022-11-06 23:28:22,371] [builder.py:1709]           [INFO]     | 152/244 | Horror Collection | = | Midsommar (2019)                                                 |
[2022-11-06 23:28:22,371] [builder.py:1709]           [INFO]     | 153/244 | Horror Collection | = | Morbius (2022)                                                   |
[2022-11-06 23:28:22,372] [builder.py:1709]           [INFO]     | 154/244 | Horror Collection | = | The Mortuary Collection (2020)                                   |
[2022-11-06 23:28:22,372] [builder.py:1709]           [INFO]     | 155/244 | Horror Collection | = | The Mummy (1932)                                                 |
[2022-11-06 23:28:22,373] [builder.py:1709]           [INFO]     | 156/244 | Horror Collection | = | The Mummy (1999)                                                 |
[2022-11-06 23:28:22,374] [builder.py:1709]           [INFO]     | 157/244 | Horror Collection | = | The Mummy: Tomb of the Dragon Emperor (2008)                     |
[2022-11-06 23:28:22,376] [builder.py:1709]           [INFO]     | 158/244 | Horror Collection | = | My Heart Can't Beat Unless You Tell It To (2021)                 |
[2022-11-06 23:28:22,377] [builder.py:1709]           [INFO]     | 159/244 | Horror Collection | = | The Night House (2021)                                           |
[2022-11-06 23:28:22,378] [builder.py:1709]           [INFO]     | 160/244 | Horror Collection | = | Night of the Living Dead (1968)                                  |
[2022-11-06 23:28:22,378] [builder.py:1709]           [INFO]     | 161/244 | Horror Collection | = | A Nightmare on Elm Street (1984)                                 |
[2022-11-06 23:28:22,379] [builder.py:1709]           [INFO]     | 162/244 | Horror Collection | = | Ninja Scroll (1993)                                              |
[2022-11-06 23:28:22,380] [builder.py:1709]           [INFO]     | 163/244 | Horror Collection | = | No Exit (2022)                                                   |
[2022-11-06 23:28:22,381] [builder.py:1709]           [INFO]     | 164/244 | Horror Collection | = | No One Gets Out Alive (2021)                                     |
[2022-11-06 23:28:22,382] [builder.py:1709]           [INFO]     | 165/244 | Horror Collection | = | Nocturne (2020)                                                  |
[2022-11-06 23:28:22,383] [builder.py:1709]           [INFO]     | 166/244 | Horror Collection | = | Nosferatu (1922)                                                 |
[2022-11-06 23:28:22,383] [builder.py:1709]           [INFO]     | 167/244 | Horror Collection | = | Old (2021)                                                       |
[2022-11-06 23:28:22,384] [builder.py:1709]           [INFO]     | 168/244 | Horror Collection | = | The Old Ways (2020)                                              |
[2022-11-06 23:28:22,384] [builder.py:1709]           [INFO]     | 169/244 | Horror Collection | = | One Cut of the Dead (2018)                                       |
[2022-11-06 23:28:22,385] [builder.py:1709]           [INFO]     | 170/244 | Horror Collection | = | Peninsula (2020)                                                 |
[2022-11-06 23:28:22,386] [builder.py:1709]           [INFO]     | 171/244 | Horror Collection | = | Pitch Black (2000)                                               |
[2022-11-06 23:28:22,386] [builder.py:1709]           [INFO]     | 172/244 | Horror Collection | = | Possessor (2020)                                                 |
[2022-11-06 23:28:22,387] [builder.py:1709]           [INFO]     | 173/244 | Horror Collection | = | Predator (1987)                                                  |
[2022-11-06 23:28:22,388] [builder.py:1709]           [INFO]     | 174/244 | Horror Collection | = | The Predator (2018)                                              |
[2022-11-06 23:28:22,389] [builder.py:1709]           [INFO]     | 175/244 | Horror Collection | = | Predator 2 (1990)                                                |
[2022-11-06 23:28:22,389] [builder.py:1709]           [INFO]     | 176/244 | Horror Collection | = | Psycho (1960)                                                    |
[2022-11-06 23:28:22,391] [builder.py:1709]           [INFO]     | 177/244 | Horror Collection | = | A Quiet Place (2018)                                             |
[2022-11-06 23:28:22,392] [builder.py:1709]           [INFO]     | 178/244 | Horror Collection | = | A Quiet Place Part II (2021)                                     |
[2022-11-06 23:28:22,392] [builder.py:1709]           [INFO]     | 179/244 | Horror Collection | = | Random Acts of Violence (2019)                                   |
[2022-11-06 23:28:22,393] [builder.py:1709]           [INFO]     | 180/244 | Horror Collection | = | Raw (2017)                                                       |
[2022-11-06 23:28:22,394] [builder.py:1709]           [INFO]     | 181/244 | Horror Collection | = | Ready or Not (2019)                                              |
[2022-11-06 23:28:22,395] [builder.py:1709]           [INFO]     | 182/244 | Horror Collection | = | Relic (2020)                                                     |
[2022-11-06 23:28:22,396] [builder.py:1709]           [INFO]     | 183/244 | Horror Collection | = | Rent-A-Pal (2020)                                                |
[2022-11-06 23:28:22,396] [builder.py:1709]           [INFO]     | 184/244 | Horror Collection | = | The Rental (2020)                                                |
[2022-11-06 23:28:22,397] [builder.py:1709]           [INFO]     | 185/244 | Horror Collection | = | Repulsion (1965)                                                 |
[2022-11-06 23:28:22,399] [builder.py:1709]           [INFO]     | 186/244 | Horror Collection | = | Resident Evil: Welcome to Raccoon City (2021)                    |
[2022-11-06 23:28:22,399] [builder.py:1709]           [INFO]     | 187/244 | Horror Collection | = | The Return of Godzilla (1984)                                    |
[2022-11-06 23:28:22,400] [builder.py:1709]           [INFO]     | 188/244 | Horror Collection | = | Revenge (2018)                                                   |
[2022-11-06 23:28:22,401] [builder.py:1709]           [INFO]     | 189/244 | Horror Collection | = | Rider (2018)                                                     |
[2022-11-06 23:28:22,402] [builder.py:1709]           [INFO]     | 190/244 | Horror Collection | = | The Ring (2002)                                                  |
[2022-11-06 23:28:22,402] [builder.py:1709]           [INFO]     | 191/244 | Horror Collection | = | Ringu (1998)                                                     |
[2022-11-06 23:28:22,403] [builder.py:1709]           [INFO]     | 192/244 | Horror Collection | = | The Rocky Horror Picture Show (1975)                             |
[2022-11-06 23:28:22,404] [builder.py:1709]           [INFO]     | 193/244 | Horror Collection | = | Rosemary's Baby (1968)                                           |
[2022-11-06 23:28:22,404] [builder.py:1709]           [INFO]     | 194/244 | Horror Collection | = | Run (2020)                                                       |
[2022-11-06 23:28:22,405] [builder.py:1709]           [INFO]     | 195/244 | Horror Collection | = | The Sadness (2021)                                               |
[2022-11-06 23:28:22,407] [builder.py:1709]           [INFO]     | 196/244 | Horror Collection | = | Scare Package (2020)                                             |
[2022-11-06 23:28:22,407] [builder.py:1709]           [INFO]     | 197/244 | Horror Collection | = | Scream (1996)                                                    |
[2022-11-06 23:28:22,408] [builder.py:1709]           [INFO]     | 198/244 | Horror Collection | = | Scream (2022)                                                    |
[2022-11-06 23:28:22,409] [builder.py:1709]           [INFO]     | 199/244 | Horror Collection | = | Sea Fever (2020)                                                 |
[2022-11-06 23:28:22,410] [builder.py:1709]           [INFO]     | 200/244 | Horror Collection | = | Shaun of the Dead (2004)                                         |
[2022-11-06 23:28:22,411] [builder.py:1709]           [INFO]     | 201/244 | Horror Collection | = | The Shining (1980)                                               |
[2022-11-06 23:28:22,412] [builder.py:1709]           [INFO]     | 202/244 | Horror Collection | = | Shut In (2022)                                                   |
[2022-11-06 23:28:22,412] [builder.py:1709]           [INFO]     | 203/244 | Horror Collection | = | Silent Night (2021)                                              |
[2022-11-06 23:28:22,413] [builder.py:1709]           [INFO]     | 204/244 | Horror Collection | = | Sinister (2012)                                                  |
[2022-11-06 23:28:22,414] [builder.py:1709]           [INFO]     | 205/244 | Horror Collection | = | Son (2021)                                                       |
[2022-11-06 23:28:22,415] [builder.py:1709]           [INFO]     | 206/244 | Horror Collection | = | The Spine of Night (2021)                                        |
[2022-11-06 23:28:22,416] [builder.py:1709]           [INFO]     | 207/244 | Horror Collection | = | Spontaneous (2020)                                               |
[2022-11-06 23:28:22,416] [builder.py:1709]           [INFO]     | 208/244 | Horror Collection | = | Spree (2020)                                                     |
[2022-11-06 23:28:22,417] [builder.py:1709]           [INFO]     | 209/244 | Horror Collection | = | Studio 666 (2022)                                                |
[2022-11-06 23:28:22,418] [builder.py:1709]           [INFO]     | 210/244 | Horror Collection | = | The Stylist (2021)                                               |
[2022-11-06 23:28:22,419] [builder.py:1709]           [INFO]     | 211/244 | Horror Collection | = | Superhost (2021)                                                 |
[2022-11-06 23:28:22,420] [builder.py:1709]           [INFO]     | 212/244 | Horror Collection | = | Synchronic (2020)                                                |
[2022-11-06 23:28:22,421] [builder.py:1709]           [INFO]     | 213/244 | Horror Collection | = | A Tale of Two Sisters (2003)                                     |
[2022-11-06 23:28:22,422] [builder.py:1709]           [INFO]     | 214/244 | Horror Collection | = | The Texas Chain Saw Massacre (1974)                              |
[2022-11-06 23:28:22,423] [builder.py:1709]           [INFO]     | 215/244 | Horror Collection | = | The Thing (1982)                                                 |
[2022-11-06 23:28:22,424] [builder.py:1709]           [INFO]     | 216/244 | Horror Collection | = | Till Death (2021)                                                |
[2022-11-06 23:28:22,424] [builder.py:1709]           [INFO]     | 217/244 | Horror Collection | = | To Your Last Death (2020)                                        |
[2022-11-06 23:28:22,425] [builder.py:1709]           [INFO]     | 218/244 | Horror Collection | = | Train to Busan (2016)                                            |
[2022-11-06 23:28:22,426] [builder.py:1709]           [INFO]     | 219/244 | Horror Collection | = | Tremors (1990)                                                   |
[2022-11-06 23:28:22,427] [builder.py:1709]           [INFO]     | 220/244 | Horror Collection | = | Trick 'r Treat (2007)                                            |
[2022-11-06 23:28:22,427] [builder.py:1709]           [INFO]     | 221/244 | Horror Collection | = | Uncle Peckerhead (2020)                                          |
[2022-11-06 23:28:22,428] [builder.py:1709]           [INFO]     | 222/244 | Horror Collection | = | Us (2019)                                                        |
[2022-11-06 23:28:22,429] [builder.py:1709]           [INFO]     | 223/244 | Horror Collection | = | Vampire Hunter D (1985)                                          |
[2022-11-06 23:28:22,430] [builder.py:1709]           [INFO]     | 224/244 | Horror Collection | = | Vampire Hunter D: Bloodlust (2000)                               |
[2022-11-06 23:28:22,431] [builder.py:1709]           [INFO]     | 225/244 | Horror Collection | = | Vampires vs. the Bronx (2020)                                    |
[2022-11-06 23:28:22,431] [builder.py:1709]           [INFO]     | 226/244 | Horror Collection | = | Vampyr (1932)                                                    |
[2022-11-06 23:28:22,432] [builder.py:1709]           [INFO]     | 227/244 | Horror Collection | = | VFW (2020)                                                       |
[2022-11-06 23:28:22,433] [builder.py:1709]           [INFO]     | 228/244 | Horror Collection | = | The Vigil (2019)                                                 |
[2022-11-06 23:28:22,434] [builder.py:1709]           [INFO]     | 229/244 | Horror Collection | = | Villains (2019)                                                  |
[2022-11-06 23:28:22,435] [builder.py:1709]           [INFO]     | 230/244 | Horror Collection | = | The Wailing (2016)                                               |
[2022-11-06 23:28:22,435] [builder.py:1709]           [INFO]     | 231/244 | Horror Collection | = | Wait Until Dark (1967)                                           |
[2022-11-06 23:28:22,436] [builder.py:1709]           [INFO]     | 232/244 | Horror Collection | = | Watcher (2022)                                                   |
[2022-11-06 23:28:22,438] [builder.py:1709]           [INFO]     | 233/244 | Horror Collection | = | We Summon the Darkness (2020)                                    |
[2022-11-06 23:28:22,439] [builder.py:1709]           [INFO]     | 234/244 | Horror Collection | = | Werewolves Within (2021)                                         |
[2022-11-06 23:28:22,440] [builder.py:1709]           [INFO]     | 235/244 | Horror Collection | = | What Josiah Saw (2022)                                           |
[2022-11-06 23:28:22,441] [builder.py:1709]           [INFO]     | 236/244 | Horror Collection | = | Willy's Wonderland (2021)                                        |
[2022-11-06 23:28:22,441] [builder.py:1709]           [INFO]     | 237/244 | Horror Collection | = | The Witch (2015)                                                 |
[2022-11-06 23:28:22,442] [builder.py:1709]           [INFO]     | 238/244 | Horror Collection | = | The Wolf Man (1941)                                              |
[2022-11-06 23:28:22,444] [builder.py:1709]           [INFO]     | 239/244 | Horror Collection | = | The Wolf of Snow Hollow (2020)                                   |
[2022-11-06 23:28:22,445] [builder.py:1709]           [INFO]     | 240/244 | Horror Collection | = | The Wretched (2016)                                              |
[2022-11-06 23:28:22,446] [builder.py:1709]           [INFO]     | 241/244 | Horror Collection | = | Wrong Turn (2021)                                                |
[2022-11-06 23:28:22,447] [builder.py:1709]           [INFO]     | 242/244 | Horror Collection | = | X (2022)                                                         |
[2022-11-06 23:28:22,448] [builder.py:1709]           [INFO]     | 243/244 | Horror Collection | = | Zombieland (2009)                                                |
[2022-11-06 23:28:22,448] [builder.py:1709]           [INFO]     | 244/244 | Horror Collection | = | Zombieland: Double Tap (2019)                                    |
[2022-11-06 23:28:22,449] [builder.py:1734]           [INFO]     |                                                                                                    |
[2022-11-06 23:28:22,449] [builder.py:1735]           [INFO]     | 244 Movies Processed                                                                               |
[2022-11-06 23:28:22,458] [builder.py:2147]           [INFO]     |                                                                                                    |
[2022-11-06 23:28:22,458] [util.py:216]               [INFO]     |============================== Updating Details of Horror Collection ===============================|
[2022-11-06 23:28:22,459] [builder.py:2149]           [INFO]     |                                                                                                    |
[2022-11-06 23:28:22,459] [builder.py:2156]           [INFO]     | Detail: summary updated Collection Summary                                                         |
[2022-11-06 23:28:22,460] [builder.py:2258]           [DEBUG]    | 1 posters found:                                                                                   |
[2022-11-06 23:28:22,460] [builder.py:2260]           [DEBUG]    | Method: url_poster Poster: https://theposterdb.com/api/assets/51475                                |
[2022-11-06 23:28:22,460] [builder.py:2327]           [INFO]     | No background collection detail or asset folder found                                              |
[2022-11-06 23:28:23,401] [library.py:145]            [INFO]     | Detail: url_poster updated poster to [URL] https://theposterdb.com/api/assets/51475                |
[2022-11-06 23:28:24,352] [plex_meta_manager.py:880]  [INFO]     |                                                                                                    |
[2022-11-06 23:28:24,353] [util.py:209]               [INFO]     |====================================================================================================|
[2022-11-06 23:28:24,353] [util.py:216]               [INFO]     |                                     Finished Horror Collection                                     |
[2022-11-06 23:28:24,354] [util.py:216]               [INFO]     |                                    Collection Run Time: 0:00:08                                    |
[2022-11-06 23:28:24,354] [util.py:220]               [INFO]     |====================================================================================================|
