[2022-10-25 01:00:48,161] [util.py:209]               [INFO]     |====================================================================================================|
[2022-10-25 01:00:48,162] [util.py:216]               [INFO]     |                               The Hunger Games Collection in Movies                                |
[2022-10-25 01:00:48,162] [util.py:220]               [INFO]     |====================================================================================================|
[2022-10-25 01:00:48,162] [plex_meta_manager.py:750]  [INFO]     |                                                                                                    |
[2022-10-25 01:00:48,163] [util.py:216]               [INFO]     |============================== Validating The Hunger Games Attributes ==============================|
[2022-10-25 01:00:48,163] [builder.py:265]            [DEBUG]    |                                                                                                    |
[2022-10-25 01:00:48,163] [builder.py:266]            [DEBUG]    | Validating Method: template                                                                        |
[2022-10-25 01:00:48,164] [meta.py:83]                [DEBUG]    | Value: ordereddict([('name', 'Movie'), ('collection', 131635), ('summary', 131635), ('poster', 'https://theposterdb.com/api/assets/18154')]) |
[2022-10-25 01:00:48,164] [builder.py:330]            [DEBUG]    |                                                                                                    |
[2022-10-25 01:00:48,164] [builder.py:331]            [DEBUG]    | Validating Method: sync_mode                                                                       |
[2022-10-25 01:00:48,165] [builder.py:335]            [DEBUG]    | Value: sync                                                                                        |
[2022-10-25 01:00:48,165] [builder.py:453]            [DEBUG]    |                                                                                                    |
[2022-10-25 01:00:48,165] [builder.py:454]            [DEBUG]    | Validating Method: collection_order                                                                |
[2022-10-25 01:00:48,165] [builder.py:455]            [DEBUG]    | Value: release                                                                                     |
[2022-10-25 01:00:48,166] [builder.py:472]            [DEBUG]    |                                                                                                    |
[2022-10-25 01:00:48,166] [builder.py:473]            [DEBUG]    | Validating Method: url_poster                                                                      |
[2022-10-25 01:00:48,166] [builder.py:474]            [DEBUG]    | Value: https://theposterdb.com/api/assets/18154                                                    |
[2022-10-25 01:00:48,166] [builder.py:472]            [DEBUG]    |                                                                                                    |
[2022-10-25 01:00:48,166] [builder.py:473]            [DEBUG]    | Validating Method: tmdb_collection                                                                 |
[2022-10-25 01:00:48,167] [builder.py:474]            [DEBUG]    | Value: 131635                                                                                      |
[2022-10-25 01:00:48,277] [builder.py:472]            [DEBUG]    |                                                                                                    |
[2022-10-25 01:00:48,278] [builder.py:473]            [DEBUG]    | Validating Method: tmdb_summary                                                                    |
[2022-10-25 01:00:48,278] [builder.py:474]            [DEBUG]    | Value: 131635                                                                                      |
[2022-10-25 01:00:48,278] [builder.py:472]            [DEBUG]    |                                                                                                    |
[2022-10-25 01:00:48,279] [builder.py:473]            [DEBUG]    | Validating Method: sort_title                                                                      |
[2022-10-25 01:00:48,279] [builder.py:474]            [DEBUG]    | Value: 00000f_The Hunger Games                                                                     |
[2022-10-25 01:00:48,279] [builder.py:472]            [DEBUG]    |                                                                                                    |
[2022-10-25 01:00:48,279] [builder.py:473]            [DEBUG]    | Validating Method: radarr_add_missing                                                              |
[2022-10-25 01:00:48,280] [builder.py:474]            [DEBUG]    | Value: True                                                                                        |
[2022-10-25 01:00:48,439] [builder.py:619]            [INFO]     |                                                                                                    |
[2022-10-25 01:00:48,440] [builder.py:620]            [INFO]     | Validation Successful                                                                              |
[2022-10-25 01:00:48,441] [plex_meta_manager.py:758]  [INFO]     |                                                                                                    |
[2022-10-25 01:00:48,441] [util.py:216]               [INFO]     |=============================== Running The Hunger Games Collection ================================|
[2022-10-25 01:00:48,441] [plex_meta_manager.py:773]  [INFO]     |                                                                                                    |
[2022-10-25 01:00:48,442] [plex_meta_manager.py:774]  [INFO]     | Sync Mode: sync                                                                                    |
[2022-10-25 01:00:48,442] [builder.py:1275]           [DEBUG]    |                                                                                                    |
[2022-10-25 01:00:48,442] [builder.py:1276]           [DEBUG]    | Builder: tmdb_collection: 131635                                                                   |
[2022-10-25 01:00:48,443] [builder.py:1277]           [INFO]     |                                                                                                    |
[2022-10-25 01:00:48,443] [tmdb.py:321]               [INFO]     | Processing TMDb Collection: (131635) The Hunger Games Collection (4 Items)                         |
[2022-10-25 01:00:48,443] [builder.py:1282]           [DEBUG]    |                                                                                                    |
[2022-10-25 01:00:48,444] [builder.py:1283]           [DEBUG]    | 4 IDs Found: [(131631, 'tmdb'), (131634, 'tmdb'), (70160, 'tmdb'), (101299, 'tmdb')]               |
[2022-10-25 01:00:48,444] [builder.py:1284]           [DEBUG]    |                                                                                                    |
[2022-10-25 01:00:48,532] [builder.py:1697]           [INFO]     |                                                                                                    |
[2022-10-25 01:00:48,532] [util.py:216]               [INFO]     |============================== Adding to The Hunger Games Collection ===============================|
[2022-10-25 01:00:48,533] [builder.py:1699]           [INFO]     |                                                                                                    |
[2022-10-25 01:00:48,533] [builder.py:1709]           [INFO]     | 1/4 | The Hunger Games Collection | = | The Hunger Games: Mockingjay - Part 1 (2014)               |
[2022-10-25 01:00:48,533] [builder.py:1709]           [INFO]     | 2/4 | The Hunger Games Collection | = | The Hunger Games: Mockingjay - Part 2 (2015)               |
[2022-10-25 01:00:48,534] [builder.py:1709]           [INFO]     | 3/4 | The Hunger Games Collection | = | The Hunger Games (2012)                                    |
[2022-10-25 01:00:48,534] [builder.py:1709]           [INFO]     | 4/4 | The Hunger Games Collection | = | The Hunger Games: Catching Fire (2013)                     |
[2022-10-25 01:00:48,534] [builder.py:1734]           [INFO]     |                                                                                                    |
[2022-10-25 01:00:48,535] [builder.py:1735]           [INFO]     | 4 Movies Processed                                                                                 |
[2022-10-25 01:00:48,539] [builder.py:2147]           [INFO]     |                                                                                                    |
[2022-10-25 01:00:48,539] [util.py:216]               [INFO]     |========================= Updating Details of The Hunger Games Collection ==========================|
[2022-10-25 01:00:48,539] [builder.py:2149]           [INFO]     |                                                                                                    |
[2022-10-25 01:00:48,539] [builder.py:2156]           [INFO]     | Detail: tmdb_summary updated Collection Summary                                                    |
[2022-10-25 01:00:48,540] [builder.py:2258]           [DEBUG]    | 1 posters found:                                                                                   |
[2022-10-25 01:00:48,540] [builder.py:2260]           [DEBUG]    | Method: url_poster Poster: https://theposterdb.com/api/assets/18154                                |
[2022-10-25 01:00:48,541] [builder.py:2327]           [INFO]     | No background collection detail or asset folder found                                              |
[2022-10-25 01:00:48,542] [library.py:147]            [INFO]     | Detail: poster update not needed                                                                   |
[2022-10-25 01:00:48,701] [plex_meta_manager.py:880]  [INFO]     |                                                                                                    |
[2022-10-25 01:00:48,701] [util.py:209]               [INFO]     |====================================================================================================|
[2022-10-25 01:00:48,702] [util.py:216]               [INFO]     |                                Finished The Hunger Games Collection                                |
[2022-10-25 01:00:48,702] [util.py:216]               [INFO]     |                                    Collection Run Time: 0:00:00                                    |
[2022-10-25 01:00:48,702] [util.py:220]               [INFO]     |====================================================================================================|
