[2022-11-06 23:36:09,131] [util.py:209]               [INFO]     |====================================================================================================|
[2022-11-06 23:36:09,131] [util.py:216]               [INFO]     |                                  Pacific Rim Collection in Movies                                  |
[2022-11-06 23:36:09,132] [util.py:220]               [INFO]     |====================================================================================================|
[2022-11-06 23:36:09,132] [plex_meta_manager.py:750]  [INFO]     |                                                                                                    |
[2022-11-06 23:36:09,132] [util.py:216]               [INFO]     |================================ Validating Pacific Rim Attributes =================================|
[2022-11-06 23:36:09,133] [builder.py:265]            [DEBUG]    |                                                                                                    |
[2022-11-06 23:36:09,133] [builder.py:266]            [DEBUG]    | Validating Method: template                                                                        |
[2022-11-06 23:36:09,133] [meta.py:83]                [DEBUG]    | Value: ordereddict([('name', 'Movie'), ('collection', 363369), ('summary', 363369), ('poster', 'https://theposterdb.com/api/assets/3397')]) |
[2022-11-06 23:36:09,134] [builder.py:330]            [DEBUG]    |                                                                                                    |
[2022-11-06 23:36:09,134] [builder.py:331]            [DEBUG]    | Validating Method: sync_mode                                                                       |
[2022-11-06 23:36:09,134] [builder.py:335]            [DEBUG]    | Value: sync                                                                                        |
[2022-11-06 23:36:09,134] [builder.py:453]            [DEBUG]    |                                                                                                    |
[2022-11-06 23:36:09,134] [builder.py:454]            [DEBUG]    | Validating Method: collection_order                                                                |
[2022-11-06 23:36:09,135] [builder.py:455]            [DEBUG]    | Value: release                                                                                     |
[2022-11-06 23:36:09,135] [builder.py:472]            [DEBUG]    |                                                                                                    |
[2022-11-06 23:36:09,135] [builder.py:473]            [DEBUG]    | Validating Method: url_poster                                                                      |
[2022-11-06 23:36:09,135] [builder.py:474]            [DEBUG]    | Value: https://theposterdb.com/api/assets/3397                                                     |
[2022-11-06 23:36:09,135] [builder.py:472]            [DEBUG]    |                                                                                                    |
[2022-11-06 23:36:09,136] [builder.py:473]            [DEBUG]    | Validating Method: tmdb_collection                                                                 |
[2022-11-06 23:36:09,136] [builder.py:474]            [DEBUG]    | Value: 363369                                                                                      |
[2022-11-06 23:36:09,230] [builder.py:472]            [DEBUG]    |                                                                                                    |
[2022-11-06 23:36:09,231] [builder.py:473]            [DEBUG]    | Validating Method: tmdb_summary                                                                    |
[2022-11-06 23:36:09,231] [builder.py:474]            [DEBUG]    | Value: 363369                                                                                      |
[2022-11-06 23:36:09,231] [builder.py:472]            [DEBUG]    |                                                                                                    |
[2022-11-06 23:36:09,232] [builder.py:473]            [DEBUG]    | Validating Method: sort_title                                                                      |
[2022-11-06 23:36:09,232] [builder.py:474]            [DEBUG]    | Value: 00000f_Pacific Rim                                                                          |
[2022-11-06 23:36:09,232] [builder.py:472]            [DEBUG]    |                                                                                                    |
[2022-11-06 23:36:09,232] [builder.py:473]            [DEBUG]    | Validating Method: radarr_add_missing                                                              |
[2022-11-06 23:36:09,233] [builder.py:474]            [DEBUG]    | Value: True                                                                                        |
[2022-11-06 23:36:09,371] [builder.py:619]            [INFO]     |                                                                                                    |
[2022-11-06 23:36:09,371] [builder.py:620]            [INFO]     | Validation Successful                                                                              |
[2022-11-06 23:36:09,372] [plex_meta_manager.py:758]  [INFO]     |                                                                                                    |
[2022-11-06 23:36:09,373] [util.py:216]               [INFO]     |================================== Running Pacific Rim Collection ==================================|
[2022-11-06 23:36:09,373] [plex_meta_manager.py:773]  [INFO]     |                                                                                                    |
[2022-11-06 23:36:09,373] [plex_meta_manager.py:774]  [INFO]     | Sync Mode: sync                                                                                    |
[2022-11-06 23:36:09,374] [builder.py:1275]           [DEBUG]    |                                                                                                    |
[2022-11-06 23:36:09,374] [builder.py:1276]           [DEBUG]    | Builder: tmdb_collection: 363369                                                                   |
[2022-11-06 23:36:09,374] [builder.py:1277]           [INFO]     |                                                                                                    |
[2022-11-06 23:36:09,374] [tmdb.py:323]               [INFO]     | Processing TMDb Collection: (363369) Pacific Rim Collection (2 Items)                              |
[2022-11-06 23:36:09,375] [builder.py:1282]           [DEBUG]    |                                                                                                    |
[2022-11-06 23:36:09,375] [builder.py:1283]           [DEBUG]    | 2 IDs Found: [(68726, 'tmdb'), (268896, 'tmdb')]                                                   |
[2022-11-06 23:36:09,375] [builder.py:1284]           [DEBUG]    |                                                                                                    |
[2022-11-06 23:36:09,418] [builder.py:1697]           [INFO]     |                                                                                                    |
[2022-11-06 23:36:09,418] [util.py:216]               [INFO]     |================================= Adding to Pacific Rim Collection =================================|
[2022-11-06 23:36:09,419] [builder.py:1699]           [INFO]     |                                                                                                    |
[2022-11-06 23:36:09,419] [builder.py:1709]           [INFO]     | 1/2 | Pacific Rim Collection | = | Pacific Rim (2013)                                              |
[2022-11-06 23:36:09,419] [builder.py:1709]           [INFO]     | 2/2 | Pacific Rim Collection | = | Pacific Rim: Uprising (2018)                                    |
[2022-11-06 23:36:09,420] [builder.py:1734]           [INFO]     |                                                                                                    |
[2022-11-06 23:36:09,420] [builder.py:1735]           [INFO]     | 2 Movies Processed                                                                                 |
[2022-11-06 23:36:09,424] [builder.py:2147]           [INFO]     |                                                                                                    |
[2022-11-06 23:36:09,425] [util.py:216]               [INFO]     |============================ Updating Details of Pacific Rim Collection ============================|
[2022-11-06 23:36:09,425] [builder.py:2149]           [INFO]     |                                                                                                    |
[2022-11-06 23:36:09,425] [builder.py:2156]           [INFO]     | Detail: tmdb_summary updated Collection Summary                                                    |
[2022-11-06 23:36:09,426] [builder.py:2258]           [DEBUG]    | 1 posters found:                                                                                   |
[2022-11-06 23:36:09,426] [builder.py:2260]           [DEBUG]    | Method: url_poster Poster: https://theposterdb.com/api/assets/3397                                 |
[2022-11-06 23:36:09,427] [builder.py:2327]           [INFO]     | No background collection detail or asset folder found                                              |
[2022-11-06 23:36:09,427] [library.py:147]            [INFO]     | Detail: poster update not needed                                                                   |
[2022-11-06 23:36:09,569] [plex_meta_manager.py:880]  [INFO]     |                                                                                                    |
[2022-11-06 23:36:09,570] [util.py:209]               [INFO]     |====================================================================================================|
[2022-11-06 23:36:09,570] [util.py:216]               [INFO]     |                                  Finished Pacific Rim Collection                                   |
[2022-11-06 23:36:09,570] [util.py:216]               [INFO]     |                                    Collection Run Time: 0:00:00                                    |
[2022-11-06 23:36:09,571] [util.py:220]               [INFO]     |====================================================================================================|
