[2022-06-02 14:48:24,411] [util.py:209]               [INFO]     |====================================================================================================|
[2022-06-02 14:48:24,412] [util.py:216]               [INFO]     |                                  Demons Anime Collection in Anime                                  |
[2022-06-02 14:48:24,412] [util.py:220]               [INFO]     |====================================================================================================|
[2022-06-02 14:48:24,412] [plex_meta_manager.py:750]  [INFO]     |                                                                                                    |
[2022-06-02 14:48:24,413] [util.py:216]               [INFO]     |================================ Validating Demons Anime Attributes ================================|
[2022-06-02 14:48:24,413] [builder.py:255]            [DEBUG]    |                                                                                                    |
[2022-06-02 14:48:24,413] [builder.py:256]            [DEBUG]    | Validating Method: name                                                                            |
[2022-06-02 14:48:24,414] [builder.py:259]            [DEBUG]    | Value: Demons                                                                                      |
[2022-06-02 14:48:24,414] [builder.py:330]            [DEBUG]    |                                                                                                    |
[2022-06-02 14:48:24,414] [builder.py:331]            [DEBUG]    | Validating Method: sync_mode                                                                       |
[2022-06-02 14:48:24,414] [builder.py:335]            [DEBUG]    | Value: sync                                                                                        |
[2022-06-02 14:48:24,414] [builder.py:453]            [DEBUG]    |                                                                                                    |
[2022-06-02 14:48:24,415] [builder.py:454]            [DEBUG]    | Validating Method: collection_order                                                                |
[2022-06-02 14:48:24,415] [builder.py:455]            [DEBUG]    | Value: custom                                                                                      |
[2022-06-02 14:48:24,415] [builder.py:472]            [DEBUG]    |                                                                                                    |
[2022-06-02 14:48:24,415] [builder.py:473]            [DEBUG]    | Validating Method: mal_genre                                                                       |
[2022-06-02 14:48:24,416] [builder.py:474]            [DEBUG]    | Value: ordereddict([('genre_id', 6)])                                                              |
[2022-06-02 14:48:24,416] [builder.py:689]            [WARNING]  | Collection Warning: mal_genre limit attribute not found using 0 as default                         |
[2022-06-02 14:48:24,416] [builder.py:472]            [DEBUG]    |                                                                                                    |
[2022-06-02 14:48:24,416] [builder.py:473]            [DEBUG]    | Validating Method: url_poster                                                                      |
[2022-06-02 14:48:24,417] [builder.py:474]            [DEBUG]    | Value: https://i.imgur.com/2D2nYlK.png                                                             |
[2022-06-02 14:48:24,420] [plex.py:685]               [DEBUG]    | Looking for: Demons                                                                                |
[2022-06-02 14:48:24,420] [builder.py:619]            [INFO]     |                                                                                                    |
[2022-06-02 14:48:24,420] [builder.py:620]            [INFO]     | Validation Successful                                                                              |
[2022-06-02 14:48:24,420] [plex_meta_manager.py:758]  [INFO]     |                                                                                                    |
[2022-06-02 14:48:24,421] [util.py:216]               [INFO]     |================================= Running Demons Anime Collection ==================================|
[2022-06-02 14:48:24,421] [plex_meta_manager.py:773]  [INFO]     |                                                                                                    |
[2022-06-02 14:48:24,421] [plex_meta_manager.py:774]  [INFO]     | Sync Mode: sync                                                                                    |
[2022-06-02 14:48:24,421] [builder.py:1275]           [DEBUG]    |                                                                                                    |
[2022-06-02 14:48:24,422] [builder.py:1276]           [DEBUG]    | Builder: mal_genre: {'genre_id': 6, 'limit': 0}                                                    |
[2022-06-02 14:48:24,422] [builder.py:1277]           [INFO]     |                                                                                                    |
[2022-06-02 14:48:24,422] [mal.py:223]                [INFO]     | Processing MyAnimeList Genre ID: 6                                                                 |
[2022-06-02 14:48:43,232] [mal.py:239]                [DEBUG]    |                                                                                                    |
[2022-06-02 14:48:43,232] [mal.py:240]                [DEBUG]    | 551 MyAnimeList IDs Found: [20507, 9919, 199, 15809, 30503, 11617, 37430, 4898, 37520, 35120, 15451, 39551, 24703, 249, 33506, 1482, 11633, 1818, 40496, 23233, 392, 14713, 9513, 41487, 33, 6707, 4081, 14833, 34281, 33731, 44511, 21843, 39017, 39196, 22145, 30363, 530, 25681, 32379, 40908, 20767, 1726, 2246, 12729, 6811, 39575, 7592, 11737, 30885, 10379, 5300, 6324, 48413, 11665, 41402, 23317, 30736, 60, 29854, 41094, 5525, 10218, 12115, 37208, 13357, 38793, 12113, 32370, 40397, 31812, 34591, 32983, 16512, 34055, 39063, 17909, 10049, 42625, 30300, 30709, 740, 36754, 23311, 9736, 14751, 534, 31098, 20431, 32215, 903, 32696, 29976, 8476, 250, 18661, 29027, 16890, 41911, 31537, 15613, 15613, 6793, 251, 18441, 1606, 450, 452, 451, 449, 38450, 37716, 31147, 36688, 49877, 37719, 45560, 30365, 20651, 10216, 44069, 36144, 1454, 535, 34855, 34465, 2985, 39221, 36538, 18055, 37964, 34076, 44204, 40434, 3359, 33323, 1557, 31733, 142, 129, 1172, 9539, 48418, 20543, 1253, 37140, 37958, 45753, 1107, 39811, 35075, 860, 30464, 1017, 49318, 36275, 34534, 173, 33726, 49784, 6163, 9120, 690, 10582, 16241, 4886, 32313, 48505, 48641, 130, 4080, 18849, 32409, 8986, 7762, 28537, 882, 42894, 2252, 998, 19157, 2354, 10350, 13221, 883, 37029, 300, 34642, 1048, 15959, 17743, 13145, 247, 28539, 40024, 2971, 10479, 131, 2229, 8068, 15611, 2356, 2355, 36029, 1384, 1556, 3479, 1171, 36951, 40429, 34830, 9493, 8756, 36654, 24471, 12055, 1587, 38083, 2848, 28447, 39480, 41611, 35676, 21729, 38990, 1225, 35626, 39274, 9731, 8487, 41877, 31050, 6590, 4010, 1787, 9088, 35009, 2143, 1269, 3914, 2341, 11083, 3992, 20757, 32415, 50955, 1780, 4450, 6964, 45783, 1647, 2324, 1628, 2978, 484, 35446, 42129, 1245, 40658, 39972, 37590, 203, 17679, 1484, 1822, 1272, 31652, 49618, 39795, 31118, 37164, 22347, 8278, 1276, 2983, 42640, 38435, 3625, 34899, 18653, 10886, 38265, 38740, 40519, 34399, 612, 37176, 40336, 1338, 27413, 4057, 33803, 10629, 23991, 8837, 38436, 31676, 40894, 2359, 10180, 5427, 1805, 9904, 43600, 39382, 40734, 3218, 5918, 1277, 36858, 39538, 31133, 49095, 6741, 1273, 4476, 4531, 38742, 619, 9287, 3898, 44412, 1345, 39675, 6069, 1558, 1353, 9346, 1208, 1337, 6120, 5653, 2343, 2360, 36875, 37937, 36561, 647, 1274, 7619, 40652, 33709, 2350, 37437, 1904, 2786, 41283, 17137, 49755, 5875, 1227, 2479, 38621, 2745, 35780, 4823, 49587, 2100, 4198, 1702, 41286, 34738, 2776, 3913, 3035, 7254, 1966, 3681, 43426, 37641, 39178, 39277, 34940, 2344, 7435, 3595, 6184, 12715, 39912, 3908, 31424, 1708, 4067, 37659, 39708, 49409, 4369, 7170, 2345, 2972, 6971, 1585, 3600, 2977, 37324, 5049, 36290, 2342, 4379, 3599, 1580, 6413, 8533, 1907, 2338, 4318, 3534, 3300, 48426, 30463, 40909, 3536, 5828, 50274, 39842, 37511, 7171, 34471, 40217, 4068, 36135, 4044, 35952, 16692, 12481, 3178, 42898, 48365, 37706, 2480, 42290, 2339, 3553, 12483, 37969, 31427, 40714, 8598, 3584, 39678, 38489, 38650, 41480, 42302, 3498, 42985, 37856, 12485, 48425, 22137, 9691, 20353, 38916, 41217, 3763, 41137, 3762, 5923, 39414, 44090, 39529, 29291, 49305, 8156, 8647, 5921, 30145, 33599, 42319, 12401, 3764, 40568, 5922, 39780, 8745, 8493, 48952, 37668, 37888, 48810, 19773, 33366, 49873, 28151, 38521, 27811, 49757, 41383, 30571, 37559, 40347, 44075, 50985, 22511, 6583, 13541, 38557, 17673, 35394, 21163, 35121, 29679, 33213, 39679, 38368, 50240, 50565, 50378, 10236, 37609, 29918, 29527, 16808, 29529, 37729, 44588, 29917, 38907, 18313, 28117, 51735, 42070, 18325, 51183, 29795, 26301, 28115, 50191, 33465, 30970, 32716, 36559, 33485, 39474, 40345, 34528, 42584, 39536, 50239, 26331, 26305, 35048, 33078, 50841, 35051, 35024, 40365, 45072, 43910, 44895, 44169, 44168] |
[2022-06-02 14:48:43,241] [convert.py:78]             [ERROR]    | Convert Error: No TVDb ID or IMDb ID found for AniDB ID: 15914                                     |
[2022-06-02 14:48:43,242] [convert.py:78]             [ERROR]    | Convert Error: No TVDb ID or IMDb ID found for AniDB ID: 14718                                     |
[2022-06-02 14:48:43,243] [convert.py:100]            [ERROR]    | Convert Error: AniDB ID not found for MyAnimeList ID: 10218                                        |
[2022-06-02 14:48:43,243] [convert.py:100]            [ERROR]    | Convert Error: AniDB ID not found for MyAnimeList ID: 12115                                        |
[2022-06-02 14:48:43,243] [convert.py:100]            [ERROR]    | Convert Error: AniDB ID not found for MyAnimeList ID: 13357                                        |
[2022-06-02 14:48:43,243] [convert.py:100]            [ERROR]    | Convert Error: AniDB ID not found for MyAnimeList ID: 12113                                        |
[2022-06-02 14:48:43,244] [convert.py:100]            [ERROR]    | Convert Error: AniDB ID not found for MyAnimeList ID: 30709                                        |
[2022-06-02 14:48:44,212] [convert.py:100]            [ERROR]    | Convert Error: AniDB ID not found for MyAnimeList ID: 18661                                        |
[2022-06-02 14:48:44,213] [convert.py:100]            [ERROR]    | Convert Error: AniDB ID not found for MyAnimeList ID: 6793                                         |
[2022-06-02 14:48:44,222] [convert.py:78]             [ERROR]    | Convert Error: No TVDb ID or IMDb ID found for AniDB ID: 14428                                     |
[2022-06-02 14:48:44,223] [convert.py:78]             [ERROR]    | Convert Error: No TVDb ID or IMDb ID found for AniDB ID: 16776                                     |
[2022-06-02 14:48:44,223] [convert.py:100]            [ERROR]    | Convert Error: AniDB ID not found for MyAnimeList ID: 37719                                        |
[2022-06-02 14:48:44,223] [convert.py:100]            [ERROR]    | Convert Error: AniDB ID not found for MyAnimeList ID: 44069                                        |
[2022-06-02 14:48:44,223] [convert.py:100]            [ERROR]    | Convert Error: AniDB ID not found for MyAnimeList ID: 34855                                        |
[2022-06-02 14:48:44,225] [convert.py:78]             [ERROR]    | Convert Error: No TVDb ID or IMDb ID found for AniDB ID: 16618                                     |
[2022-06-02 14:48:44,225] [convert.py:100]            [ERROR]    | Convert Error: AniDB ID not found for MyAnimeList ID: 33323                                        |
[2022-06-02 14:48:44,226] [convert.py:100]            [ERROR]    | Convert Error: AniDB ID not found for MyAnimeList ID: 45753                                        |
[2022-06-02 14:48:44,227] [convert.py:100]            [ERROR]    | Convert Error: AniDB ID not found for MyAnimeList ID: 30464                                        |
[2022-06-02 14:48:44,227] [convert.py:100]            [ERROR]    | Convert Error: AniDB ID not found for MyAnimeList ID: 49318                                        |
[2022-06-02 14:48:44,227] [convert.py:100]            [ERROR]    | Convert Error: AniDB ID not found for MyAnimeList ID: 36275                                        |
[2022-06-02 14:48:44,228] [convert.py:100]            [ERROR]    | Convert Error: AniDB ID not found for MyAnimeList ID: 34534                                        |
[2022-06-02 14:48:44,228] [convert.py:78]             [ERROR]    | Convert Error: No TVDb ID or IMDb ID found for AniDB ID: 16627                                     |
[2022-06-02 14:48:44,228] [convert.py:100]            [ERROR]    | Convert Error: AniDB ID not found for MyAnimeList ID: 6163                                         |
[2022-06-02 14:48:44,228] [convert.py:78]             [ERROR]    | Convert Error: No TVDb ID or IMDb ID found for AniDB ID: 16185                                     |
[2022-06-02 14:48:44,229] [convert.py:100]            [ERROR]    | Convert Error: AniDB ID not found for MyAnimeList ID: 32409                                        |
[2022-06-02 14:48:44,230] [convert.py:100]            [ERROR]    | Convert Error: AniDB ID not found for MyAnimeList ID: 13221                                        |
[2022-06-02 14:48:44,231] [convert.py:100]            [ERROR]    | Convert Error: AniDB ID not found for MyAnimeList ID: 34642                                        |
[2022-06-02 14:48:44,231] [convert.py:100]            [ERROR]    | Convert Error: AniDB ID not found for MyAnimeList ID: 17743                                        |
[2022-06-02 14:48:44,232] [convert.py:100]            [ERROR]    | Convert Error: AniDB ID not found for MyAnimeList ID: 40024                                        |
[2022-06-02 14:48:44,232] [convert.py:100]            [ERROR]    | Convert Error: AniDB ID not found for MyAnimeList ID: 10479                                        |
[2022-06-02 14:48:44,232] [convert.py:100]            [ERROR]    | Convert Error: AniDB ID not found for MyAnimeList ID: 8068                                         |
[2022-06-02 14:48:44,233] [convert.py:100]            [ERROR]    | Convert Error: AniDB ID not found for MyAnimeList ID: 3479                                         |
[2022-06-02 14:48:44,233] [convert.py:78]             [ERROR]    | Convert Error: No TVDb ID or IMDb ID found for AniDB ID: 14506                                     |
[2022-06-02 14:48:44,233] [convert.py:100]            [ERROR]    | Convert Error: AniDB ID not found for MyAnimeList ID: 40429                                        |
[2022-06-02 14:48:44,234] [convert.py:78]             [ERROR]    | Convert Error: No TVDb ID or IMDb ID found for AniDB ID: 12763                                     |
[2022-06-02 14:48:44,234] [convert.py:100]            [ERROR]    | Convert Error: AniDB ID not found for MyAnimeList ID: 8756                                         |
[2022-06-02 14:48:44,234] [convert.py:100]            [ERROR]    | Convert Error: AniDB ID not found for MyAnimeList ID: 24471                                        |
[2022-06-02 14:48:44,234] [convert.py:100]            [ERROR]    | Convert Error: AniDB ID not found for MyAnimeList ID: 12055                                        |
[2022-06-02 14:48:44,235] [convert.py:100]            [ERROR]    | Convert Error: AniDB ID not found for MyAnimeList ID: 28447                                        |
[2022-06-02 14:48:44,235] [convert.py:100]            [ERROR]    | Convert Error: AniDB ID not found for MyAnimeList ID: 39480                                        |
[2022-06-02 14:48:44,236] [convert.py:78]             [ERROR]    | Convert Error: No TVDb ID or IMDb ID found for AniDB ID: 15576                                     |
[2022-06-02 14:48:44,236] [convert.py:100]            [ERROR]    | Convert Error: AniDB ID not found for MyAnimeList ID: 35676                                        |
[2022-06-02 14:48:44,236] [convert.py:78]             [ERROR]    | Convert Error: No TVDb ID or IMDb ID found for AniDB ID: 15644                                     |
[2022-06-02 14:48:44,238] [convert.py:78]             [ERROR]    | Convert Error: No TVDb ID or IMDb ID found for AniDB ID: 13191                                     |
[2022-06-02 14:48:44,239] [convert.py:100]            [ERROR]    | Convert Error: AniDB ID not found for MyAnimeList ID: 9731                                         |
[2022-06-02 14:48:44,239] [convert.py:78]             [ERROR]    | Convert Error: No TVDb ID or IMDb ID found for AniDB ID: 15540                                     |
[2022-06-02 14:48:44,240] [convert.py:100]            [ERROR]    | Convert Error: AniDB ID not found for MyAnimeList ID: 6590                                         |
[2022-06-02 14:48:44,240] [convert.py:100]            [ERROR]    | Convert Error: AniDB ID not found for MyAnimeList ID: 4010                                         |
[2022-06-02 14:48:44,240] [convert.py:100]            [ERROR]    | Convert Error: AniDB ID not found for MyAnimeList ID: 1787                                         |
[2022-06-02 14:48:44,240] [convert.py:100]            [ERROR]    | Convert Error: AniDB ID not found for MyAnimeList ID: 35009                                        |
[2022-06-02 14:48:44,241] [convert.py:100]            [ERROR]    | Convert Error: AniDB ID not found for MyAnimeList ID: 2341                                         |
[2022-06-02 14:48:44,242] [convert.py:100]            [ERROR]    | Convert Error: AniDB ID not found for MyAnimeList ID: 11083                                        |
[2022-06-02 14:48:44,242] [convert.py:100]            [ERROR]    | Convert Error: AniDB ID not found for MyAnimeList ID: 3992                                         |
[2022-06-02 14:48:44,242] [convert.py:100]            [ERROR]    | Convert Error: AniDB ID not found for MyAnimeList ID: 20757                                        |
[2022-06-02 14:48:44,243] [convert.py:100]            [ERROR]    | Convert Error: AniDB ID not found for MyAnimeList ID: 32415                                        |
[2022-06-02 14:48:44,243] [convert.py:100]            [ERROR]    | Convert Error: AniDB ID not found for MyAnimeList ID: 1780                                         |
[2022-06-02 14:48:44,243] [convert.py:100]            [ERROR]    | Convert Error: AniDB ID not found for MyAnimeList ID: 4450                                         |
[2022-06-02 14:48:44,243] [convert.py:100]            [ERROR]    | Convert Error: AniDB ID not found for MyAnimeList ID: 6964                                         |
[2022-06-02 14:48:44,244] [convert.py:78]             [ERROR]    | Convert Error: No TVDb ID or IMDb ID found for AniDB ID: 15980                                     |
[2022-06-02 14:48:44,244] [convert.py:100]            [ERROR]    | Convert Error: AniDB ID not found for MyAnimeList ID: 2324                                         |
[2022-06-02 14:48:44,244] [convert.py:100]            [ERROR]    | Convert Error: AniDB ID not found for MyAnimeList ID: 35446                                        |
[2022-06-02 14:48:44,244] [convert.py:78]             [ERROR]    | Convert Error: No TVDb ID or IMDb ID found for AniDB ID: 15585                                     |
[2022-06-02 14:48:44,245] [convert.py:100]            [ERROR]    | Convert Error: AniDB ID not found for MyAnimeList ID: 40658                                        |
[2022-06-02 14:48:44,245] [convert.py:100]            [ERROR]    | Convert Error: AniDB ID not found for MyAnimeList ID: 39972                                        |
[2022-06-02 14:48:44,246] [convert.py:100]            [ERROR]    | Convert Error: AniDB ID not found for MyAnimeList ID: 37590                                        |
[2022-06-02 14:48:44,246] [convert.py:100]            [ERROR]    | Convert Error: AniDB ID not found for MyAnimeList ID: 203                                          |
[2022-06-02 14:48:44,246] [convert.py:100]            [ERROR]    | Convert Error: AniDB ID not found for MyAnimeList ID: 17679                                        |
[2022-06-02 14:48:44,247] [convert.py:100]            [ERROR]    | Convert Error: AniDB ID not found for MyAnimeList ID: 1272                                         |
[2022-06-02 14:48:44,247] [convert.py:100]            [ERROR]    | Convert Error: AniDB ID not found for MyAnimeList ID: 31652                                        |
[2022-06-02 14:48:44,247] [convert.py:78]             [ERROR]    | Convert Error: No TVDb ID or IMDb ID found for AniDB ID: 16540                                     |
[2022-06-02 14:48:44,248] [convert.py:100]            [ERROR]    | Convert Error: AniDB ID not found for MyAnimeList ID: 39795                                        |
[2022-06-02 14:48:44,248] [convert.py:100]            [ERROR]    | Convert Error: AniDB ID not found for MyAnimeList ID: 31118                                        |
[2022-06-02 14:48:44,248] [convert.py:78]             [ERROR]    | Convert Error: No TVDb ID or IMDb ID found for AniDB ID: 13868                                     |
[2022-06-02 14:48:44,249] [convert.py:100]            [ERROR]    | Convert Error: AniDB ID not found for MyAnimeList ID: 22347                                        |
[2022-06-02 14:48:44,249] [convert.py:78]             [ERROR]    | Convert Error: No TVDb ID or IMDb ID found for AniDB ID: 8750                                      |
[2022-06-02 14:48:44,249] [convert.py:78]             [ERROR]    | Convert Error: No TVDb ID or IMDb ID found for AniDB ID: 15939                                     |
[2022-06-02 14:48:44,250] [convert.py:78]             [ERROR]    | Convert Error: No TVDb ID or IMDb ID found for AniDB ID: 14473                                     |
[2022-06-02 14:48:44,251] [convert.py:100]            [ERROR]    | Convert Error: AniDB ID not found for MyAnimeList ID: 34899                                        |
[2022-06-02 14:48:44,251] [convert.py:100]            [ERROR]    | Convert Error: AniDB ID not found for MyAnimeList ID: 18653                                        |
[2022-06-02 14:48:44,251] [convert.py:100]            [ERROR]    | Convert Error: AniDB ID not found for MyAnimeList ID: 38265                                        |
[2022-06-02 14:48:44,251] [convert.py:78]             [ERROR]    | Convert Error: No TVDb ID or IMDb ID found for AniDB ID: 14876                                     |
[2022-06-02 14:48:44,252] [convert.py:100]            [ERROR]    | Convert Error: AniDB ID not found for MyAnimeList ID: 40519                                        |
[2022-06-02 14:48:44,253] [convert.py:100]            [ERROR]    | Convert Error: AniDB ID not found for MyAnimeList ID: 34399                                        |
[2022-06-02 14:48:44,254] [convert.py:78]             [ERROR]    | Convert Error: No TVDb ID or IMDb ID found for AniDB ID: 13851                                     |
[2022-06-02 14:48:44,254] [convert.py:100]            [ERROR]    | Convert Error: AniDB ID not found for MyAnimeList ID: 40336                                        |
[2022-06-02 14:48:44,255] [convert.py:100]            [ERROR]    | Convert Error: AniDB ID not found for MyAnimeList ID: 27413                                        |
[2022-06-02 14:48:44,255] [convert.py:100]            [ERROR]    | Convert Error: AniDB ID not found for MyAnimeList ID: 4057                                         |
[2022-06-02 14:48:44,255] [convert.py:78]             [ERROR]    | Convert Error: No TVDb ID or IMDb ID found for AniDB ID: 8388                                      |
[2022-06-02 14:48:44,256] [convert.py:100]            [ERROR]    | Convert Error: AniDB ID not found for MyAnimeList ID: 8837                                         |
[2022-06-02 14:48:44,256] [convert.py:78]             [ERROR]    | Convert Error: No TVDb ID or IMDb ID found for AniDB ID: 15147                                     |
[2022-06-02 14:48:44,256] [convert.py:100]            [ERROR]    | Convert Error: AniDB ID not found for MyAnimeList ID: 31676                                        |
[2022-06-02 14:48:44,257] [convert.py:100]            [ERROR]    | Convert Error: AniDB ID not found for MyAnimeList ID: 40894                                        |
[2022-06-02 14:48:44,257] [convert.py:100]            [ERROR]    | Convert Error: AniDB ID not found for MyAnimeList ID: 2359                                         |
[2022-06-02 14:48:44,257] [convert.py:100]            [ERROR]    | Convert Error: AniDB ID not found for MyAnimeList ID: 10180                                        |
[2022-06-02 14:48:44,257] [convert.py:100]            [ERROR]    | Convert Error: AniDB ID not found for MyAnimeList ID: 5427                                         |
[2022-06-02 14:48:44,258] [convert.py:100]            [ERROR]    | Convert Error: AniDB ID not found for MyAnimeList ID: 9904                                         |
[2022-06-02 14:48:44,258] [convert.py:100]            [ERROR]    | Convert Error: AniDB ID not found for MyAnimeList ID: 43600                                        |
[2022-06-02 14:48:44,258] [convert.py:78]             [ERROR]    | Convert Error: No TVDb ID or IMDb ID found for AniDB ID: 15670                                     |
[2022-06-02 14:48:44,258] [convert.py:78]             [ERROR]    | Convert Error: No TVDb ID or IMDb ID found for AniDB ID: 2446                                      |
[2022-06-02 14:48:44,259] [convert.py:78]             [ERROR]    | Convert Error: No TVDb ID or IMDb ID found for AniDB ID: 3496                                      |
[2022-06-02 14:48:44,259] [convert.py:78]             [ERROR]    | Convert Error: No TVDb ID or IMDb ID found for AniDB ID: 13608                                     |
[2022-06-02 14:48:44,259] [convert.py:100]            [ERROR]    | Convert Error: AniDB ID not found for MyAnimeList ID: 39538                                        |
[2022-06-02 14:48:44,260] [convert.py:100]            [ERROR]    | Convert Error: AniDB ID not found for MyAnimeList ID: 31133                                        |
[2022-06-02 14:48:44,260] [convert.py:100]            [ERROR]    | Convert Error: AniDB ID not found for MyAnimeList ID: 49095                                        |
[2022-06-02 14:48:44,260] [convert.py:100]            [ERROR]    | Convert Error: AniDB ID not found for MyAnimeList ID: 6741                                         |
[2022-06-02 14:48:44,260] [convert.py:100]            [ERROR]    | Convert Error: AniDB ID not found for MyAnimeList ID: 1273                                         |
[2022-06-02 14:48:44,261] [convert.py:78]             [ERROR]    | Convert Error: No TVDb ID or IMDb ID found for AniDB ID: 15514                                     |
[2022-06-02 14:48:44,455] [convert.py:100]            [ERROR]    | Convert Error: AniDB ID not found for MyAnimeList ID: 9287                                         |
[2022-06-02 14:48:44,456] [convert.py:78]             [ERROR]    | Convert Error: No TVDb ID or IMDb ID found for AniDB ID: 15632                                     |
[2022-06-02 14:48:44,456] [convert.py:78]             [ERROR]    | Convert Error: No TVDb ID or IMDb ID found for AniDB ID: 2235                                      |
[2022-06-02 14:48:44,456] [convert.py:100]            [ERROR]    | Convert Error: AniDB ID not found for MyAnimeList ID: 1558                                         |
[2022-06-02 14:48:44,457] [convert.py:100]            [ERROR]    | Convert Error: AniDB ID not found for MyAnimeList ID: 1353                                         |
[2022-06-02 14:48:44,457] [convert.py:78]             [ERROR]    | Convert Error: No TVDb ID or IMDb ID found for AniDB ID: 7675                                      |
[2022-06-02 14:48:44,458] [convert.py:78]             [ERROR]    | Convert Error: No TVDb ID or IMDb ID found for AniDB ID: 1685                                      |
[2022-06-02 14:48:44,459] [convert.py:100]            [ERROR]    | Convert Error: AniDB ID not found for MyAnimeList ID: 6120                                         |
[2022-06-02 14:48:44,459] [convert.py:100]            [ERROR]    | Convert Error: AniDB ID not found for MyAnimeList ID: 5653                                         |
[2022-06-02 14:48:44,459] [convert.py:100]            [ERROR]    | Convert Error: AniDB ID not found for MyAnimeList ID: 2343                                         |
[2022-06-02 14:48:44,459] [convert.py:100]            [ERROR]    | Convert Error: AniDB ID not found for MyAnimeList ID: 2360                                         |
[2022-06-02 14:48:44,460] [convert.py:78]             [ERROR]    | Convert Error: No TVDb ID or IMDb ID found for AniDB ID: 13620                                     |
[2022-06-02 14:48:44,460] [convert.py:78]             [ERROR]    | Convert Error: No TVDb ID or IMDb ID found for AniDB ID: 14943                                     |
[2022-06-02 14:48:44,460] [convert.py:100]            [ERROR]    | Convert Error: AniDB ID not found for MyAnimeList ID: 36561                                        |
[2022-06-02 14:48:44,460] [convert.py:100]            [ERROR]    | Convert Error: AniDB ID not found for MyAnimeList ID: 1274                                         |
[2022-06-02 14:48:44,461] [convert.py:78]             [ERROR]    | Convert Error: No TVDb ID or IMDb ID found for AniDB ID: 16017                                     |
[2022-06-02 14:48:44,461] [convert.py:100]            [ERROR]    | Convert Error: AniDB ID not found for MyAnimeList ID: 33709                                        |
[2022-06-02 14:48:44,461] [convert.py:100]            [ERROR]    | Convert Error: AniDB ID not found for MyAnimeList ID: 2350                                         |
[2022-06-02 14:48:44,462] [convert.py:78]             [ERROR]    | Convert Error: No TVDb ID or IMDb ID found for AniDB ID: 13892                                     |
[2022-06-02 14:48:44,462] [convert.py:78]             [ERROR]    | Convert Error: No TVDb ID or IMDb ID found for AniDB ID: 15480                                     |
[2022-06-02 14:48:44,462] [convert.py:100]            [ERROR]    | Convert Error: AniDB ID not found for MyAnimeList ID: 17137                                        |
[2022-06-02 14:48:44,462] [convert.py:100]            [ERROR]    | Convert Error: AniDB ID not found for MyAnimeList ID: 49755                                        |
[2022-06-02 14:48:44,463] [convert.py:78]             [ERROR]    | Convert Error: No TVDb ID or IMDb ID found for AniDB ID: 6702                                      |
[2022-06-02 14:48:44,463] [convert.py:78]             [ERROR]    | Convert Error: No TVDb ID or IMDb ID found for AniDB ID: 674                                       |
[2022-06-02 14:48:44,463] [convert.py:100]            [ERROR]    | Convert Error: AniDB ID not found for MyAnimeList ID: 38621                                        |
[2022-06-02 14:48:44,464] [convert.py:78]             [ERROR]    | Convert Error: No TVDb ID or IMDb ID found for AniDB ID: 4017                                      |
[2022-06-02 14:48:44,464] [convert.py:100]            [ERROR]    | Convert Error: AniDB ID not found for MyAnimeList ID: 35780                                        |
[2022-06-02 14:48:44,464] [convert.py:78]             [ERROR]    | Convert Error: No TVDb ID or IMDb ID found for AniDB ID: 16592                                     |
[2022-06-02 14:48:44,465] [convert.py:100]            [ERROR]    | Convert Error: AniDB ID not found for MyAnimeList ID: 1702                                         |
[2022-06-02 14:48:44,465] [convert.py:78]             [ERROR]    | Convert Error: No TVDb ID or IMDb ID found for AniDB ID: 15495                                     |
[2022-06-02 14:48:44,466] [convert.py:78]             [ERROR]    | Convert Error: No TVDb ID or IMDb ID found for AniDB ID: 12718                                     |
[2022-06-02 14:48:44,466] [convert.py:78]             [ERROR]    | Convert Error: No TVDb ID or IMDb ID found for AniDB ID: 2122                                      |
[2022-06-02 14:48:44,466] [convert.py:78]             [ERROR]    | Convert Error: No TVDb ID or IMDb ID found for AniDB ID: 3494                                      |
[2022-06-02 14:48:44,466] [convert.py:78]             [ERROR]    | Convert Error: No TVDb ID or IMDb ID found for AniDB ID: 3219                                      |
[2022-06-02 14:48:44,467] [convert.py:100]            [ERROR]    | Convert Error: AniDB ID not found for MyAnimeList ID: 3681                                         |
[2022-06-02 14:48:44,467] [convert.py:100]            [ERROR]    | Convert Error: AniDB ID not found for MyAnimeList ID: 43426                                        |
[2022-06-02 14:48:44,467] [convert.py:78]             [ERROR]    | Convert Error: No TVDb ID or IMDb ID found for AniDB ID: 14191                                     |
[2022-06-02 14:48:44,468] [convert.py:78]             [ERROR]    | Convert Error: No TVDb ID or IMDb ID found for AniDB ID: 14874                                     |
[2022-06-02 14:48:44,468] [convert.py:78]             [ERROR]    | Convert Error: No TVDb ID or IMDb ID found for AniDB ID: 12951                                     |
[2022-06-02 14:48:44,468] [convert.py:100]            [ERROR]    | Convert Error: AniDB ID not found for MyAnimeList ID: 2344                                         |
[2022-06-02 14:48:44,468] [convert.py:78]             [ERROR]    | Convert Error: No TVDb ID or IMDb ID found for AniDB ID: 4000                                      |
[2022-06-02 14:48:44,469] [convert.py:78]             [ERROR]    | Convert Error: No TVDb ID or IMDb ID found for AniDB ID: 14944                                     |
[2022-06-02 14:48:44,470] [convert.py:100]            [ERROR]    | Convert Error: AniDB ID not found for MyAnimeList ID: 3908                                         |
[2022-06-02 14:48:44,471] [convert.py:100]            [ERROR]    | Convert Error: AniDB ID not found for MyAnimeList ID: 31424                                        |
[2022-06-02 14:48:44,471] [convert.py:78]             [ERROR]    | Convert Error: No TVDb ID or IMDb ID found for AniDB ID: 1967                                      |
[2022-06-02 14:48:44,471] [convert.py:100]            [ERROR]    | Convert Error: AniDB ID not found for MyAnimeList ID: 37659                                        |
[2022-06-02 14:48:44,472] [convert.py:100]            [ERROR]    | Convert Error: AniDB ID not found for MyAnimeList ID: 39708                                        |
[2022-06-02 14:48:44,472] [convert.py:78]             [ERROR]    | Convert Error: No TVDb ID or IMDb ID found for AniDB ID: 16646                                     |
[2022-06-02 14:48:44,472] [convert.py:100]            [ERROR]    | Convert Error: AniDB ID not found for MyAnimeList ID: 4369                                         |
[2022-06-02 14:48:44,473] [convert.py:100]            [ERROR]    | Convert Error: AniDB ID not found for MyAnimeList ID: 2345                                         |
[2022-06-02 14:48:44,473] [convert.py:100]            [ERROR]    | Convert Error: AniDB ID not found for MyAnimeList ID: 2977                                         |
[2022-06-02 14:48:44,474] [convert.py:100]            [ERROR]    | Convert Error: AniDB ID not found for MyAnimeList ID: 5049                                         |
[2022-06-02 14:48:44,474] [convert.py:78]             [ERROR]    | Convert Error: No TVDb ID or IMDb ID found for AniDB ID: 13442                                     |
[2022-06-02 14:48:44,474] [convert.py:100]            [ERROR]    | Convert Error: AniDB ID not found for MyAnimeList ID: 2342                                         |
[2022-06-02 14:48:44,474] [convert.py:100]            [ERROR]    | Convert Error: AniDB ID not found for MyAnimeList ID: 4379                                         |
[2022-06-02 14:48:44,475] [convert.py:78]             [ERROR]    | Convert Error: No TVDb ID or IMDb ID found for AniDB ID: 10880                                     |
[2022-06-02 14:48:44,475] [convert.py:100]            [ERROR]    | Convert Error: AniDB ID not found for MyAnimeList ID: 1907                                         |
[2022-06-02 14:48:44,476] [convert.py:100]            [ERROR]    | Convert Error: AniDB ID not found for MyAnimeList ID: 2338                                         |
[2022-06-02 14:48:44,476] [convert.py:78]             [ERROR]    | Convert Error: No TVDb ID or IMDb ID found for AniDB ID: 886                                       |
[2022-06-02 14:48:44,476] [convert.py:100]            [ERROR]    | Convert Error: AniDB ID not found for MyAnimeList ID: 3534                                         |
[2022-06-02 14:48:44,477] [convert.py:100]            [ERROR]    | Convert Error: AniDB ID not found for MyAnimeList ID: 3300                                         |
[2022-06-02 14:48:44,477] [convert.py:78]             [ERROR]    | Convert Error: No TVDb ID or IMDb ID found for AniDB ID: 16107                                     |
[2022-06-02 14:48:44,477] [convert.py:78]             [ERROR]    | Convert Error: No TVDb ID or IMDb ID found for AniDB ID: 11031                                     |
[2022-06-02 14:48:44,477] [convert.py:78]             [ERROR]    | Convert Error: No TVDb ID or IMDb ID found for AniDB ID: 15345                                     |
[2022-06-02 14:48:44,478] [convert.py:100]            [ERROR]    | Convert Error: AniDB ID not found for MyAnimeList ID: 3536                                         |
[2022-06-02 14:48:44,478] [convert.py:78]             [ERROR]    | Convert Error: No TVDb ID or IMDb ID found for AniDB ID: 16988                                     |
[2022-06-02 14:48:44,479] [convert.py:100]            [ERROR]    | Convert Error: AniDB ID not found for MyAnimeList ID: 39842                                        |
[2022-06-02 14:48:44,479] [convert.py:100]            [ERROR]    | Convert Error: AniDB ID not found for MyAnimeList ID: 37511                                        |
[2022-06-02 14:48:44,480] [convert.py:100]            [ERROR]    | Convert Error: AniDB ID not found for MyAnimeList ID: 40217                                        |
[2022-06-02 14:48:44,480] [convert.py:78]             [ERROR]    | Convert Error: No TVDb ID or IMDb ID found for AniDB ID: 1968                                      |
[2022-06-02 14:48:44,481] [convert.py:78]             [ERROR]    | Convert Error: No TVDb ID or IMDb ID found for AniDB ID: 13759                                     |
[2022-06-02 14:48:44,481] [convert.py:100]            [ERROR]    | Convert Error: AniDB ID not found for MyAnimeList ID: 16692                                        |
[2022-06-02 14:48:44,481] [convert.py:78]             [ERROR]    | Convert Error: No TVDb ID or IMDb ID found for AniDB ID: 8016                                      |
[2022-06-02 14:48:44,481] [convert.py:78]             [ERROR]    | Convert Error: No TVDb ID or IMDb ID found for AniDB ID: 4316                                      |
[2022-06-02 14:48:44,482] [convert.py:78]             [ERROR]    | Convert Error: No TVDb ID or IMDb ID found for AniDB ID: 16437                                     |
[2022-06-02 14:48:44,482] [convert.py:100]            [ERROR]    | Convert Error: AniDB ID not found for MyAnimeList ID: 37706                                        |
[2022-06-02 14:48:44,482] [convert.py:100]            [ERROR]    | Convert Error: AniDB ID not found for MyAnimeList ID: 2480                                         |
[2022-06-02 14:48:44,482] [convert.py:78]             [ERROR]    | Convert Error: No TVDb ID or IMDb ID found for AniDB ID: 15674                                     |
[2022-06-02 14:48:44,483] [convert.py:100]            [ERROR]    | Convert Error: AniDB ID not found for MyAnimeList ID: 2339                                         |
[2022-06-02 14:48:44,483] [convert.py:100]            [ERROR]    | Convert Error: AniDB ID not found for MyAnimeList ID: 3553                                         |
[2022-06-02 14:48:44,483] [convert.py:78]             [ERROR]    | Convert Error: No TVDb ID or IMDb ID found for AniDB ID: 8017                                      |
[2022-06-02 14:48:44,484] [convert.py:78]             [ERROR]    | Convert Error: No TVDb ID or IMDb ID found for AniDB ID: 13664                                     |
[2022-06-02 14:48:44,486] [convert.py:100]            [ERROR]    | Convert Error: AniDB ID not found for MyAnimeList ID: 3584                                         |
[2022-06-02 14:48:44,487] [convert.py:78]             [ERROR]    | Convert Error: No TVDb ID or IMDb ID found for AniDB ID: 14958                                     |
[2022-06-02 14:48:44,487] [convert.py:78]             [ERROR]    | Convert Error: No TVDb ID or IMDb ID found for AniDB ID: 14431                                     |
[2022-06-02 14:48:44,487] [convert.py:100]            [ERROR]    | Convert Error: AniDB ID not found for MyAnimeList ID: 38650                                        |
[2022-06-02 14:48:44,487] [convert.py:78]             [ERROR]    | Convert Error: No TVDb ID or IMDb ID found for AniDB ID: 14072                                     |
[2022-06-02 14:48:44,488] [convert.py:78]             [ERROR]    | Convert Error: No TVDb ID or IMDb ID found for AniDB ID: 15685                                     |
[2022-06-02 14:48:44,488] [convert.py:78]             [ERROR]    | Convert Error: No TVDb ID or IMDb ID found for AniDB ID: 4748                                      |
[2022-06-02 14:48:44,488] [convert.py:100]            [ERROR]    | Convert Error: AniDB ID not found for MyAnimeList ID: 42985                                        |
[2022-06-02 14:48:44,488] [convert.py:100]            [ERROR]    | Convert Error: AniDB ID not found for MyAnimeList ID: 37856                                        |
[2022-06-02 14:48:44,489] [convert.py:78]             [ERROR]    | Convert Error: No TVDb ID or IMDb ID found for AniDB ID: 8018                                      |
[2022-06-02 14:48:44,489] [convert.py:78]             [ERROR]    | Convert Error: No TVDb ID or IMDb ID found for AniDB ID: 16108                                     |
[2022-06-02 14:48:44,489] [convert.py:100]            [ERROR]    | Convert Error: AniDB ID not found for MyAnimeList ID: 22137                                        |
[2022-06-02 14:48:44,490] [convert.py:78]             [ERROR]    | Convert Error: No TVDb ID or IMDb ID found for AniDB ID: 4318                                      |
[2022-06-02 14:48:44,490] [convert.py:78]             [ERROR]    | Convert Error: No TVDb ID or IMDb ID found for AniDB ID: 6102                                      |
[2022-06-02 14:48:44,490] [convert.py:78]             [ERROR]    | Convert Error: No TVDb ID or IMDb ID found for AniDB ID: 14566                                     |
[2022-06-02 14:48:44,490] [convert.py:78]             [ERROR]    | Convert Error: No TVDb ID or IMDb ID found for AniDB ID: 15469                                     |
[2022-06-02 14:48:44,491] [convert.py:78]             [ERROR]    | Convert Error: No TVDb ID or IMDb ID found for AniDB ID: 3221                                      |
[2022-06-02 14:48:44,491] [convert.py:78]             [ERROR]    | Convert Error: No TVDb ID or IMDb ID found for AniDB ID: 15368                                     |
[2022-06-02 14:48:44,491] [convert.py:78]             [ERROR]    | Convert Error: No TVDb ID or IMDb ID found for AniDB ID: 3508                                      |
[2022-06-02 14:48:44,492] [convert.py:78]             [ERROR]    | Convert Error: No TVDb ID or IMDb ID found for AniDB ID: 2799                                      |
[2022-06-02 14:48:44,492] [convert.py:100]            [ERROR]    | Convert Error: AniDB ID not found for MyAnimeList ID: 39414                                        |
[2022-06-02 14:48:44,492] [convert.py:78]             [ERROR]    | Convert Error: No TVDb ID or IMDb ID found for AniDB ID: 16313                                     |
[2022-06-02 14:48:44,492] [convert.py:78]             [ERROR]    | Convert Error: No TVDb ID or IMDb ID found for AniDB ID: 14754                                     |
[2022-06-02 14:48:44,493] [convert.py:78]             [ERROR]    | Convert Error: No TVDb ID or IMDb ID found for AniDB ID: 13089                                     |
[2022-06-02 14:48:44,493] [convert.py:78]             [ERROR]    | Convert Error: No TVDb ID or IMDb ID found for AniDB ID: 16499                                     |
[2022-06-02 14:48:44,493] [convert.py:78]             [ERROR]    | Convert Error: No TVDb ID or IMDb ID found for AniDB ID: 7357                                      |
[2022-06-02 14:48:44,494] [convert.py:78]             [ERROR]    | Convert Error: No TVDb ID or IMDb ID found for AniDB ID: 5813                                      |
[2022-06-02 14:48:44,494] [convert.py:100]            [ERROR]    | Convert Error: AniDB ID not found for MyAnimeList ID: 30145                                        |
[2022-06-02 14:48:44,494] [convert.py:100]            [ERROR]    | Convert Error: AniDB ID not found for MyAnimeList ID: 33599                                        |
[2022-06-02 14:48:44,495] [convert.py:100]            [ERROR]    | Convert Error: AniDB ID not found for MyAnimeList ID: 42319                                        |
[2022-06-02 14:48:44,495] [convert.py:100]            [ERROR]    | Convert Error: AniDB ID not found for MyAnimeList ID: 12401                                        |
[2022-06-02 14:48:44,495] [convert.py:78]             [ERROR]    | Convert Error: No TVDb ID or IMDb ID found for AniDB ID: 3220                                      |
[2022-06-02 14:48:44,496] [convert.py:100]            [ERROR]    | Convert Error: AniDB ID not found for MyAnimeList ID: 40568                                        |
[2022-06-02 14:48:44,496] [convert.py:78]             [ERROR]    | Convert Error: No TVDb ID or IMDb ID found for AniDB ID: 5938                                      |
[2022-06-02 14:48:44,496] [convert.py:100]            [ERROR]    | Convert Error: AniDB ID not found for MyAnimeList ID: 39780                                        |
[2022-06-02 14:48:44,496] [convert.py:78]             [ERROR]    | Convert Error: No TVDb ID or IMDb ID found for AniDB ID: 4732                                      |
[2022-06-02 14:48:44,497] [convert.py:78]             [ERROR]    | Convert Error: No TVDb ID or IMDb ID found for AniDB ID: 7455                                      |
[2022-06-02 14:48:44,497] [convert.py:100]            [ERROR]    | Convert Error: AniDB ID not found for MyAnimeList ID: 48952                                        |
[2022-06-02 14:48:44,497] [convert.py:100]            [ERROR]    | Convert Error: AniDB ID not found for MyAnimeList ID: 37668                                        |
[2022-06-02 14:48:44,498] [convert.py:78]             [ERROR]    | Convert Error: No TVDb ID or IMDb ID found for AniDB ID: 15452                                     |
[2022-06-02 14:48:44,498] [convert.py:78]             [ERROR]    | Convert Error: No TVDb ID or IMDb ID found for AniDB ID: 16276                                     |
[2022-06-02 14:48:44,498] [convert.py:78]             [ERROR]    | Convert Error: No TVDb ID or IMDb ID found for AniDB ID: 7341                                      |
[2022-06-02 14:48:44,498] [convert.py:100]            [ERROR]    | Convert Error: AniDB ID not found for MyAnimeList ID: 33366                                        |
[2022-06-02 14:48:44,499] [convert.py:100]            [ERROR]    | Convert Error: AniDB ID not found for MyAnimeList ID: 49873                                        |
[2022-06-02 14:48:44,499] [convert.py:100]            [ERROR]    | Convert Error: AniDB ID not found for MyAnimeList ID: 28151                                        |
[2022-06-02 14:48:44,499] [convert.py:100]            [ERROR]    | Convert Error: AniDB ID not found for MyAnimeList ID: 38521                                        |
[2022-06-02 14:48:44,499] [convert.py:78]             [ERROR]    | Convert Error: No TVDb ID or IMDb ID found for AniDB ID: 14037                                     |
[2022-06-02 14:48:44,500] [convert.py:100]            [ERROR]    | Convert Error: AniDB ID not found for MyAnimeList ID: 49757                                        |
[2022-06-02 14:48:44,502] [convert.py:78]             [ERROR]    | Convert Error: No TVDb ID or IMDb ID found for AniDB ID: 15419                                     |
[2022-06-02 14:48:44,502] [convert.py:78]             [ERROR]    | Convert Error: No TVDb ID or IMDb ID found for AniDB ID: 13927                                     |
[2022-06-02 14:48:44,502] [convert.py:78]             [ERROR]    | Convert Error: No TVDb ID or IMDb ID found for AniDB ID: 13953                                     |
[2022-06-02 14:48:44,502] [convert.py:100]            [ERROR]    | Convert Error: AniDB ID not found for MyAnimeList ID: 40347                                        |
[2022-06-02 14:48:44,503] [convert.py:78]             [ERROR]    | Convert Error: No TVDb ID or IMDb ID found for AniDB ID: 16432                                     |
[2022-06-02 14:48:44,503] [convert.py:78]             [ERROR]    | Convert Error: No TVDb ID or IMDb ID found for AniDB ID: 17172                                     |
[2022-06-02 14:48:44,653] [convert.py:78]             [ERROR]    | Convert Error: No TVDb ID or IMDb ID found for AniDB ID: 2076                                      |
[2022-06-02 14:48:44,653] [convert.py:78]             [ERROR]    | Convert Error: No TVDb ID or IMDb ID found for AniDB ID: 8953                                      |
[2022-06-02 14:48:44,654] [convert.py:78]             [ERROR]    | Convert Error: No TVDb ID or IMDb ID found for AniDB ID: 15563                                     |
[2022-06-02 14:48:44,654] [convert.py:78]             [ERROR]    | Convert Error: No TVDb ID or IMDb ID found for AniDB ID: 12867                                     |
[2022-06-02 14:48:44,655] [convert.py:78]             [ERROR]    | Convert Error: No TVDb ID or IMDb ID found for AniDB ID: 10614                                     |
[2022-06-02 14:48:44,655] [convert.py:100]            [ERROR]    | Convert Error: AniDB ID not found for MyAnimeList ID: 35121                                        |
[2022-06-02 14:48:44,655] [convert.py:78]             [ERROR]    | Convert Error: No TVDb ID or IMDb ID found for AniDB ID: 14366                                     |
[2022-06-02 14:48:44,655] [convert.py:78]             [ERROR]    | Convert Error: No TVDb ID or IMDb ID found for AniDB ID: 12092                                     |
[2022-06-02 14:48:44,656] [convert.py:78]             [ERROR]    | Convert Error: No TVDb ID or IMDb ID found for AniDB ID: 14650                                     |
[2022-06-02 14:48:44,656] [convert.py:100]            [ERROR]    | Convert Error: AniDB ID not found for MyAnimeList ID: 38368                                        |
[2022-06-02 14:48:44,656] [convert.py:100]            [ERROR]    | Convert Error: AniDB ID not found for MyAnimeList ID: 50240                                        |
[2022-06-02 14:48:44,656] [convert.py:78]             [ERROR]    | Convert Error: No TVDb ID or IMDb ID found for AniDB ID: 17162                                     |
[2022-06-02 14:48:44,657] [convert.py:78]             [ERROR]    | Convert Error: No TVDb ID or IMDb ID found for AniDB ID: 16987                                     |
[2022-06-02 14:48:44,657] [convert.py:78]             [ERROR]    | Convert Error: No TVDb ID or IMDb ID found for AniDB ID: 5923                                      |
[2022-06-02 14:48:44,657] [convert.py:100]            [ERROR]    | Convert Error: AniDB ID not found for MyAnimeList ID: 37609                                        |
[2022-06-02 14:48:44,657] [convert.py:78]             [ERROR]    | Convert Error: No TVDb ID or IMDb ID found for AniDB ID: 14337                                     |
[2022-06-02 14:48:44,658] [convert.py:100]            [ERROR]    | Convert Error: AniDB ID not found for MyAnimeList ID: 29527                                        |
[2022-06-02 14:48:44,658] [convert.py:78]             [ERROR]    | Convert Error: No TVDb ID or IMDb ID found for AniDB ID: 9636                                      |
[2022-06-02 14:48:44,658] [convert.py:100]            [ERROR]    | Convert Error: AniDB ID not found for MyAnimeList ID: 29529                                        |
[2022-06-02 14:48:44,658] [convert.py:100]            [ERROR]    | Convert Error: AniDB ID not found for MyAnimeList ID: 37729                                        |
[2022-06-02 14:48:44,659] [convert.py:100]            [ERROR]    | Convert Error: AniDB ID not found for MyAnimeList ID: 44588                                        |
[2022-06-02 14:48:44,659] [convert.py:78]             [ERROR]    | Convert Error: No TVDb ID or IMDb ID found for AniDB ID: 14335                                     |
[2022-06-02 14:48:44,659] [convert.py:78]             [ERROR]    | Convert Error: No TVDb ID or IMDb ID found for AniDB ID: 14558                                     |
[2022-06-02 14:48:44,660] [convert.py:78]             [ERROR]    | Convert Error: No TVDb ID or IMDb ID found for AniDB ID: 9633                                      |
[2022-06-02 14:48:44,660] [convert.py:78]             [ERROR]    | Convert Error: No TVDb ID or IMDb ID found for AniDB ID: 7946                                      |
[2022-06-02 14:48:44,660] [convert.py:100]            [ERROR]    | Convert Error: AniDB ID not found for MyAnimeList ID: 51735                                        |
[2022-06-02 14:48:44,660] [convert.py:100]            [ERROR]    | Convert Error: AniDB ID not found for MyAnimeList ID: 42070                                        |
[2022-06-02 14:48:44,661] [convert.py:78]             [ERROR]    | Convert Error: No TVDb ID or IMDb ID found for AniDB ID: 13196                                     |
[2022-06-02 14:48:44,661] [convert.py:100]            [ERROR]    | Convert Error: AniDB ID not found for MyAnimeList ID: 51183                                        |
[2022-06-02 14:48:44,661] [convert.py:100]            [ERROR]    | Convert Error: AniDB ID not found for MyAnimeList ID: 29795                                        |
[2022-06-02 14:48:44,661] [convert.py:78]             [ERROR]    | Convert Error: No TVDb ID or IMDb ID found for AniDB ID: 14443                                     |
[2022-06-02 14:48:44,662] [convert.py:78]             [ERROR]    | Convert Error: No TVDb ID or IMDb ID found for AniDB ID: 6362                                      |
[2022-06-02 14:48:44,662] [convert.py:100]            [ERROR]    | Convert Error: AniDB ID not found for MyAnimeList ID: 50191                                        |
[2022-06-02 14:48:44,663] [convert.py:100]            [ERROR]    | Convert Error: AniDB ID not found for MyAnimeList ID: 30970                                        |
[2022-06-02 14:48:44,663] [convert.py:100]            [ERROR]    | Convert Error: AniDB ID not found for MyAnimeList ID: 32716                                        |
[2022-06-02 14:48:44,663] [convert.py:78]             [ERROR]    | Convert Error: No TVDb ID or IMDb ID found for AniDB ID: 9959                                      |
[2022-06-02 14:48:44,663] [convert.py:78]             [ERROR]    | Convert Error: No TVDb ID or IMDb ID found for AniDB ID: 14279                                     |
[2022-06-02 14:48:44,664] [convert.py:100]            [ERROR]    | Convert Error: AniDB ID not found for MyAnimeList ID: 39474                                        |
[2022-06-02 14:48:44,664] [convert.py:100]            [ERROR]    | Convert Error: AniDB ID not found for MyAnimeList ID: 40345                                        |
[2022-06-02 14:48:44,664] [convert.py:78]             [ERROR]    | Convert Error: No TVDb ID or IMDb ID found for AniDB ID: 14269                                     |
[2022-06-02 14:48:44,665] [convert.py:100]            [ERROR]    | Convert Error: AniDB ID not found for MyAnimeList ID: 42584                                        |
[2022-06-02 14:48:44,665] [convert.py:100]            [ERROR]    | Convert Error: AniDB ID not found for MyAnimeList ID: 39536                                        |
[2022-06-02 14:48:44,665] [convert.py:100]            [ERROR]    | Convert Error: AniDB ID not found for MyAnimeList ID: 50239                                        |
[2022-06-02 14:48:44,665] [convert.py:100]            [ERROR]    | Convert Error: AniDB ID not found for MyAnimeList ID: 26331                                        |
[2022-06-02 14:48:44,666] [convert.py:100]            [ERROR]    | Convert Error: AniDB ID not found for MyAnimeList ID: 26305                                        |
[2022-06-02 14:48:44,666] [convert.py:100]            [ERROR]    | Convert Error: AniDB ID not found for MyAnimeList ID: 35048                                        |
[2022-06-02 14:48:44,666] [convert.py:78]             [ERROR]    | Convert Error: No TVDb ID or IMDb ID found for AniDB ID: 8743                                      |
[2022-06-02 14:48:44,667] [convert.py:100]            [ERROR]    | Convert Error: AniDB ID not found for MyAnimeList ID: 50841                                        |
[2022-06-02 14:48:44,667] [convert.py:100]            [ERROR]    | Convert Error: AniDB ID not found for MyAnimeList ID: 35051                                        |
[2022-06-02 14:48:44,667] [convert.py:100]            [ERROR]    | Convert Error: AniDB ID not found for MyAnimeList ID: 35024                                        |
[2022-06-02 14:48:44,667] [convert.py:100]            [ERROR]    | Convert Error: AniDB ID not found for MyAnimeList ID: 40365                                        |
[2022-06-02 14:48:44,668] [convert.py:100]            [ERROR]    | Convert Error: AniDB ID not found for MyAnimeList ID: 45072                                        |
[2022-06-02 14:48:44,668] [convert.py:100]            [ERROR]    | Convert Error: AniDB ID not found for MyAnimeList ID: 43910                                        |
[2022-06-02 14:48:44,668] [convert.py:100]            [ERROR]    | Convert Error: AniDB ID not found for MyAnimeList ID: 44895                                        |
[2022-06-02 14:48:44,668] [convert.py:100]            [ERROR]    | Convert Error: AniDB ID not found for MyAnimeList ID: 44169                                        |
[2022-06-02 14:48:44,669] [convert.py:100]            [ERROR]    | Convert Error: AniDB ID not found for MyAnimeList ID: 44168                                        |
[2022-06-02 14:48:44,669] [builder.py:1282]           [DEBUG]    |                                                                                                    |
[2022-06-02 14:48:44,669] [builder.py:1283]           [DEBUG]    | 251 IDs Found: [(275610, 'tvdb'), (248035, 'tvdb'), (129, 'tmdb'), (267441, 'tvdb'), (275610, 'tvdb'), (254653, 'tvdb'), (352408, 'tvdb'), (83996, 'tvdb'), (354167, 'tvdb'), (338192, 'tvdb'), (254653, 'tvdb'), (352408, 'tvdb'), (254653, 'tvdb'), (71361, 'tvdb'), (248035, 'tvdb'), (79635, 'tvdb'), (269875, 'tvdb'), (79995, 'tvdb'), (375927, 'tvdb'), (284719, 'tvdb'), (76665, 'tvdb'), (262106, 'tvdb'), (219771, 'tvdb'), (352408, 'tvdb'), (73752, 'tvdb'), (83996, 'tvdb'), (82788, 'tvdb'), (264056, 'tvdb'), (254653, 'tvdb'), (318984, 'tvdb'), (284133, 'tvdb'), (368565, 'tvdb'), (369144, 'tvdb'), (83996, 'tvdb'), (284719, 'tvdb'), (78500, 'tvdb'), (262106, 'tvdb'), (307111, 'tvdb'), (390382, 'tvdb'), (275610, 'tvdb'), (80224, 'tvdb'), (80470, 'tvdb'), (254653, 'tvdb'), (71361, 'tvdb'), (372921, 'tvdb'), (171731, 'tvdb'), (201223, 'tmdb'), (275610, 'tvdb'), (82788, 'tvdb'), (82788, 'tvdb'), (133821, 'tvdb'), (267441, 'tvdb'), (82788, 'tvdb'), (369144, 'tvdb'), (83996, 'tvdb'), (284133, 'tvdb'), (73993, 'tvdb'), (294001, 'tvdb'), (88651, 'tvdb'), (341295, 'tvdb'), (352408, 'tvdb'), (312878, 'tvdb'), (387840, 'tvdb'), (432131, 'tmdb'), (82788, 'tvdb'), (82788, 'tvdb'), (267434, 'tvdb'), (307111, 'tvdb'), (359645, 'tvdb'), (269876, 'tvdb'), (171731, 'tvdb'), (401856, 'tvdb'), (254653, 'tvdb'), (78500, 'tvdb'), (339922, 'tvdb'), (279980, 'tvdb'), (247933, 'tvdb'), (275039, 'tvdb'), (77681, 'tvdb'), (294001, 'tvdb'), (275613, 'tvdb'), (254653, 'tvdb'), (81472, 'tvdb'), (309208, 'tvdb'), (299490, 'tvdb'), (195271, 'tvdb'), (83421, 'tvdb'), (284719, 'tvdb'), (270066, 'tvdb'), (384485, 'tvdb'), (362791, 'tvdb'), (264527, 'tvdb'), (264527, 'tvdb'), (79879, 'tvdb'), (269875, 'tvdb'), (80921, 'tvdb'), (22537, 'tmdb'), (42360, 'tmdb'), (34295, 'tmdb'), (34297, 'tmdb'), (352681, 'tvdb'), (299491, 'tvdb'), (284719, 'tvdb'), (402475, 'tvdb'), (284719, 'tvdb'), (82788, 'tvdb'), (247911, 'tvdb'), (333881, 'tvdb'), (79410, 'tvdb'), (77681, 'tvdb'), (248035, 'tvdb'), (81829, 'tvdb'), (361752, 'tvdb'), (507411, 'tmdb'), (264527, 'tvdb'), (358331, 'tvdb'), (269876, 'tvdb'), (368565, 'tvdb'), (81808, 'tvdb'), (79588, 'tvdb'), (275039, 'tvdb'), (72832, 'tvdb'), (80587, 'tvdb'), (77681, 'tvdb'), (245821, 'tvdb'), (375927, 'tvdb'), (242546, 'tmdb'), (72775, 'tvdb'), (341996, 'tvdb'), (309208, 'tvdb'), (21453, 'tmdb'), (359645, 'tvdb'), (275613, 'tvdb'), (80206, 'tvdb'), (72901, 'tvdb'), (81052, 'tvdb'), (80587, 'tvdb'), (219771, 'tvdb'), (70862, 'tvdb'), (247933, 'tvdb'), (247911, 'tvdb'), (71361, 'tvdb'), (299491, 'tvdb'), (384485, 'tvdb'), (80587, 'tvdb'), (79879, 'tvdb'), (82788, 'tvdb'), (197001, 'tvdb'), (247911, 'tvdb'), (279980, 'tvdb'), (45278, 'tmdb'), (773621, 'tmdb'), (94701, 'tvdb'), (76695, 'tvdb'), (275582, 'tvdb'), (94701, 'tvdb'), (151281, 'tvdb'), (45279, 'tmdb'), (275613, 'tvdb'), (70973, 'tvdb'), (80211, 'tvdb'), (171731, 'tvdb'), (245821, 'tvdb'), (79882, 'tvdb'), (374195, 'tmdb'), (79879, 'tvdb'), (80587, 'tvdb'), (157001, 'tvdb'), (245821, 'tvdb'), (62182, 'tmdb'), (94701, 'tvdb'), (337121, 'tvdb'), (70862, 'tvdb'), (80768, 'tvdb'), (77681, 'tvdb'), (247921, 'tvdb'), (347295, 'tvdb'), (178381, 'tvdb'), (353579, 'tvdb'), (17234, 'tmdb'), (245821, 'tvdb'), (70973, 'tvdb'), (592867, 'tmdb'), (74842, 'tmdb'), (72745, 'tvdb'), (80587, 'tvdb'), (80587, 'tvdb'), (57224, 'tmdb'), (42067, 'tmdb'), (415681, 'tvdb'), (140551, 'tvdb'), (100421, 'tvdb'), (89191, 'tvdb'), (80587, 'tvdb'), (20089, 'tmdb'), (85077, 'tvdb'), (72848, 'tvdb'), (82569, 'tvdb'), (73792, 'tmdb'), (56609, 'tmdb'), (171731, 'tvdb'), (84841, 'tvdb'), (92976, 'tmdb'), (317829, 'tvdb'), (245821, 'tvdb'), (149421, 'tvdb'), (358331, 'tvdb'), (82569, 'tvdb'), (80587, 'tvdb'), (73461, 'tmdb'), (79464, 'tvdb'), (74619, 'tmdb'), (337284, 'tvdb'), (27250, 'tmdb'), (47486, 'tmdb'), (79882, 'tvdb'), (265216, 'tvdb'), (79882, 'tvdb'), (251458, 'tvdb'), (256873, 'tvdb'), (120501, 'tvdb'), (77527, 'tmdb'), (83632, 'tvdb'), (79882, 'tvdb'), (250974, 'tvdb'), (275582, 'tvdb'), (157001, 'tvdb'), (166821, 'tvdb'), (72848, 'tvdb'), (259842, 'tvdb'), (150458, 'tmdb'), (69840, 'tmdb'), (265216, 'tvdb'), (238691, 'tvdb'), (171491, 'tvdb'), (275582, 'tvdb'), (166821, 'tvdb'), (258415, 'tvdb'), (480294, 'tmdb'), (442152, 'tmdb'), (106569, 'tmdb'), (545841, 'tmdb'), (335039, 'tvdb'), (120501, 'tvdb'), (275582, 'tvdb'), (550104, 'tmdb'), (374493, 'tvdb'), (315539, 'tmdb'), (326729, 'tmdb'), (868537, 'tmdb'), (452907, 'tmdb')] |
[2022-06-02 14:48:44,670] [builder.py:1284]           [DEBUG]    |                                                                                                    |
[2022-06-02 14:48:44,677] [plex_meta_manager.py:797]  [INFO]     |                                                                                                    |
[2022-06-02 14:48:44,677] [plex_meta_manager.py:798]  [INFO]     | Collection Minimum: 1 not met for Demons Anime Collection                                          |
[2022-06-02 14:48:44,677] [builder.py:1929]           [INFO]     |                                                                                                    |
[2022-06-02 14:48:44,677] [util.py:216]               [INFO]     |=============================== Missing Movies from Library: Demons ================================|
[2022-06-02 14:48:44,678] [builder.py:1931]           [INFO]     |                                                                                                    |
[2022-06-02 14:48:45,800] [builder.py:1943]           [INFO]     | Demons Collection | ? | Spirited Away (2001) (TMDb: 129)                                           |
[2022-06-02 14:48:46,369] [builder.py:1943]           [INFO]     | Demons Collection | ? | Blue Exorcist: The Movie (2012) (TMDb: 201223)                             |
[2022-06-02 14:48:46,432] [builder.py:1943]           [INFO]     | Demons Collection | ? | Black Butler: Book of the Atlantic (2017) (TMDb: 432131)                   |
[2022-06-02 14:48:46,498] [builder.py:1943]           [INFO]     | Demons Collection | ? | Inuyasha the Movie 2: The Castle Beyond the Looking Glass (2002) (TMDb: 22537) |
[2022-06-02 14:48:46,554] [builder.py:1943]           [INFO]     | Demons Collection | ? | Inuyasha the Movie: Affections Touching Across Time (2001) (TMDb: 42360)   |
[2022-06-02 14:48:46,612] [builder.py:1943]           [INFO]     | Demons Collection | ? | Inuyasha the Movie 3: Swords of an Honorable Ruler (2003) (TMDb: 34295)    |
[2022-06-02 14:48:46,683] [builder.py:1943]           [INFO]     | Demons Collection | ? | Inuyasha the Movie 4: Fire on the Mystic Island (2004) (TMDb: 34297)       |
[2022-06-02 14:48:46,809] [builder.py:1943]           [INFO]     | Demons Collection | ? | Natsume's Book of Friends: Ephemeral Bond (2018) (TMDb: 507411)            |
[2022-06-02 14:48:47,201] [builder.py:1943]           [INFO]     | Demons Collection | ? | Bayonetta: Bloody Fate (2013) (TMDb: 242546)                               |
[2022-06-02 14:48:47,831] [builder.py:1943]           [INFO]     | Demons Collection | ? | Wicked City (1987) (TMDb: 21453)                                           |
[2022-06-02 14:48:48,006] [builder.py:1943]           [INFO]     | Demons Collection | ? | Yu Yu Hakusho: The Movie - The Golden Seal (1993) (TMDb: 45278)            |
[2022-06-02 14:48:48,395] [builder.py:1943]           [INFO]     | Demons Collection | ? | Natsume's Book of Friends: The Waking Rock and the Strange Visitor (2021) (TMDb: 773621) |
[2022-06-02 14:48:48,581] [builder.py:1943]           [INFO]     | Demons Collection | ? | Yu Yu Hakusho: Poltergeist Report (1994) (TMDb: 45279)                     |
[2022-06-02 14:48:48,901] [builder.py:1943]           [INFO]     | Demons Collection | ? | Garo: Divine Flame (2016) (TMDb: 374195)                                   |
[2022-06-02 14:48:48,986] [builder.py:1943]           [INFO]     | Demons Collection | ? | Devilman Volume 3: Devilman Apocalypse (2000) (TMDb: 62182)                |
[2022-06-02 14:48:49,118] [builder.py:1943]           [INFO]     | Demons Collection | ? | Summer Days with Coo (2007) (TMDb: 17234)                                  |
[2022-06-02 14:48:49,172] [builder.py:1943]           [INFO]     | Demons Collection | ? | Dragon Quest: Your Story (2019) (TMDb: 592867)                             |
[2022-06-02 14:48:49,232] [builder.py:1943]           [INFO]     | Demons Collection | ? | Legend of the Millennium Dragon (2011) (TMDb: 74842)                       |
[2022-06-02 14:48:49,288] [builder.py:1943]           [INFO]     | Demons Collection | ? | Bio Hunter (1995) (TMDb: 57224)                                            |
[2022-06-02 14:48:49,346] [builder.py:1943]           [INFO]     | Demons Collection | ? | 1001 Nights (1998) (TMDb: 42067)                                           |
[2022-06-02 14:48:49,409] [builder.py:1943]           [INFO]     | Demons Collection | ? | Twilight of the Dark Master (1998) (TMDb: 20089)                           |
[2022-06-02 14:48:49,476] [builder.py:1943]           [INFO]     | Demons Collection | ? | Digital Devil Story - Megami Tensei (1987) (TMDb: 73792)                   |
[2022-06-02 14:48:49,561] [builder.py:1943]           [INFO]     | Demons Collection | ? | Battle Royale High School (1987) (TMDb: 56609)                             |
[2022-06-02 14:48:49,902] [builder.py:1943]           [INFO]     | Demons Collection | ? | Tokyo Revelation (1995) (TMDb: 92976)                                      |
[2022-06-02 14:48:50,991] [builder.py:1943]           [INFO]     | Demons Collection | ? | Dark Cat (1991) (TMDb: 73461)                                              |
[2022-06-02 14:48:51,078] [builder.py:1943]           [INFO]     | Demons Collection | ? | Mazinger Z vs. Devilman (1973) (TMDb: 74619)                               |
[2022-06-02 14:48:51,329] [builder.py:1943]           [INFO]     | Demons Collection | ? | Psychic Wars (1991) (TMDb: 27250)                                          |
[2022-06-02 14:48:51,525] [builder.py:1943]           [INFO]     | Demons Collection | ? | Taro the Dragon Boy (1979) (TMDb: 47486)                                   |
[2022-06-02 14:48:52,006] [builder.py:1943]           [INFO]     | Demons Collection | ? | Silent Mbius 2 (1992) (TMDb: 77527)                                       |
[2022-06-02 14:48:52,492] [builder.py:1943]           [INFO]     | Demons Collection | ? | House of Flames (1979) (TMDb: 150458)                                      |
[2022-06-02 14:48:53,201] [builder.py:1943]           [INFO]     | Demons Collection | ? | Crystal Triangle: The Forbidden Revelation (1987) (TMDb: 69840)            |
[2022-06-02 14:48:53,653] [builder.py:1943]           [INFO]     | Demons Collection | ? | Go! Go! Ackman (1994) (TMDb: 480294)                                       |
[2022-06-02 14:48:53,933] [builder.py:1943]           [INFO]     | Demons Collection | ? | Kishin Douji Zenki Gaiden: Anki Kitan (1997) (TMDb: 442152)                |
[2022-06-02 14:48:54,301] [builder.py:1943]           [INFO]     | Demons Collection | ? | The Demon (1972) (TMDb: 106569)                                            |
[2022-06-02 14:48:54,527] [builder.py:1943]           [INFO]     | Demons Collection | ? | Yo-kai Watch Shadowside the Movie: Resurrection of the Demon King (2017) (TMDb: 545841) |
[2022-06-02 14:48:55,230] [builder.py:1943]           [INFO]     | Demons Collection | ? | Yo-kai Watch Movie 5: Forever Friends (2018) (TMDb: 550104)                |
[2022-06-02 14:48:55,659] [builder.py:1943]           [INFO]     | Demons Collection | ? | Yuki (1981) (TMDb: 315539)                                                 |
[2022-06-02 14:48:56,094] [builder.py:1943]           [INFO]     | Demons Collection | ? | Self Portrait (1988) (TMDb: 326729)                                        |
[2022-06-02 14:48:56,349] [builder.py:1943]           [INFO]     | Demons Collection | ? | The Fox With Nine Tails (1968) (TMDb: 868537)                              |
[2022-06-02 14:48:56,604] [builder.py:1943]           [INFO]     | Demons Collection | ? | Fire Ball (2005) (TMDb: 452907)                                            |
[2022-06-02 14:48:56,604] [builder.py:1947]           [INFO]     |                                                                                                    |
[2022-06-02 14:48:56,605] [builder.py:1948]           [INFO]     | 40 Movies Missing                                                                                  |
[2022-06-02 14:48:56,613] [builder.py:1969]           [INFO]     |                                                                                                    |
[2022-06-02 14:48:56,613] [util.py:216]               [INFO]     |================================ Missing Shows from Library: Demons ================================|
[2022-06-02 14:48:56,613] [builder.py:1971]           [INFO]     |                                                                                                    |
[2022-06-02 14:48:57,128] [builder.py:1982]           [INFO]     | Demons Collection | ? | Noragami (TVDB: 275610)                                                    |
[2022-06-02 14:48:57,526] [builder.py:1982]           [INFO]     | Demons Collection | ? | Blue Exorcist (TVDB: 248035)                                               |
[2022-06-02 14:48:57,928] [builder.py:1982]           [INFO]     | Demons Collection | ? | The Devil Is a Part-Timer! (TVDB: 267441)                                  |
[2022-06-02 14:48:58,438] [builder.py:1982]           [INFO]     | Demons Collection | ? | High School DD (TVDB: 254653)                                             |
[2022-06-02 14:48:58,929] [builder.py:1982]           [INFO]     | Demons Collection | ? | That Time I Got Reincarnated as a Slime (TVDB: 352408)                     |
[2022-06-02 14:48:59,288] [builder.py:1982]           [INFO]     | Demons Collection | ? | Black Butler (TVDB: 83996)                                                 |
[2022-06-02 14:48:59,608] [builder.py:1982]           [INFO]     | Demons Collection | ? | Dororo (2019) (TVDB: 354167)                                               |
[2022-06-02 14:49:00,146] [builder.py:1982]           [INFO]     | Demons Collection | ? | Devilman Crybaby (TVDB: 338192)                                            |
[2022-06-02 14:49:00,849] [builder.py:1982]           [INFO]     | Demons Collection | ? | InuYasha (TVDB: 71361)                                                     |
[2022-06-02 14:49:01,496] [builder.py:1982]           [INFO]     | Demons Collection | ? | D.Gray-man (TVDB: 79635)                                                   |
[2022-06-02 14:49:02,084] [builder.py:1982]           [INFO]     | Demons Collection | ? | Blood Lad (TVDB: 269875)                                                   |
[2022-06-02 14:49:02,468] [builder.py:1982]           [INFO]     | Demons Collection | ? | Claymore (TVDB: 79995)                                                     |
[2022-06-02 14:49:03,058] [builder.py:1982]           [INFO]     | Demons Collection | ? | The Misfit of Demon King Academy (TVDB: 375927)                            |
[2022-06-02 14:49:03,869] [builder.py:1982]           [INFO]     | Demons Collection | ? | The Testament of Sister New Devil (TVDB: 284719)                           |
[2022-06-02 14:49:04,872] [builder.py:1982]           [INFO]     | Demons Collection | ? | Yu Yu Hakusho (TVDB: 76665)                                                |
[2022-06-02 14:49:05,256] [builder.py:1982]           [INFO]     | Demons Collection | ? | Kamisama Kiss (TVDB: 262106)                                               |
[2022-06-02 14:49:05,632] [builder.py:1982]           [INFO]     | Demons Collection | ? | Beelzebub (TVDB: 219771)                                                   |
[2022-06-02 14:49:06,105] [builder.py:1982]           [INFO]     | Demons Collection | ? | Berserk (TVDB: 73752)                                                      |
[2022-06-02 14:49:07,122] [builder.py:1982]           [INFO]     | Demons Collection | ? | Natsume's Book of Friends (TVDB: 82788)                                    |
[2022-06-02 14:49:07,454] [builder.py:1982]           [INFO]     | Demons Collection | ? | Maoyu: Archenemy & Hero (TVDB: 264056)                                     |
[2022-06-02 14:49:07,782] [builder.py:1982]           [INFO]     | Demons Collection | ? | Gabriel DropOut (TVDB: 318984)                                             |
[2022-06-02 14:49:08,434] [builder.py:1982]           [INFO]     | Demons Collection | ? | Rage of Bahamut (TVDB: 284133)                                             |
[2022-06-02 14:49:08,790] [builder.py:1982]           [INFO]     | Demons Collection | ? | In/Spectre (TVDB: 368565)                                                  |
[2022-06-02 14:49:09,214] [builder.py:1982]           [INFO]     | Demons Collection | ? | Welcome to Demon School! Iruma-kun (TVDB: 369144)                          |
[2022-06-02 14:49:10,102] [builder.py:1982]           [INFO]     | Demons Collection | ? | Sailor Moon (TVDB: 78500)                                                  |
[2022-06-02 14:49:10,499] [builder.py:1982]           [INFO]     | Demons Collection | ? | Berserk (2016) (TVDB: 307111)                                              |
[2022-06-02 14:49:10,869] [builder.py:1982]           [INFO]     | Demons Collection | ? | Kemono Jihen (TVDB: 390382)                                                |
[2022-06-02 14:49:11,634] [builder.py:1982]           [INFO]     | Demons Collection | ? | Devil May Cry (TVDB: 80224)                                                |
[2022-06-02 14:49:11,961] [builder.py:1982]           [INFO]     | Demons Collection | ? | Mononoke (TVDB: 80470)                                                     |
[2022-06-02 14:49:12,262] [builder.py:1982]           [INFO]     | Demons Collection | ? | Somali And The Forest Spirit (TVDB: 372921)                                |
[2022-06-02 14:49:12,938] [builder.py:1982]           [INFO]     | Demons Collection | ? | Nura: Rise of the Yokai Clan (TVDB: 171731)                                |
[2022-06-02 14:49:13,875] [builder.py:1982]           [INFO]     | Demons Collection | ? | Omamori Himari (TVDB: 133821)                                              |
[2022-06-02 14:49:14,215] [builder.py:1982]           [INFO]     | Demons Collection | ? | Chrono Crusade (TVDB: 73993)                                               |
[2022-06-02 14:49:14,580] [builder.py:1982]           [INFO]     | Demons Collection | ? | Ushio and Tora (2015) (TVDB: 294001)                                       |
[2022-06-02 14:49:14,943] [builder.py:1982]           [INFO]     | Demons Collection | ? | 07-Ghost (TVDB: 88651)                                                     |
[2022-06-02 14:49:15,390] [builder.py:1982]           [INFO]     | Demons Collection | ? | The Founder of Diabolism (TVDB: 341295)                                    |
[2022-06-02 14:49:15,742] [builder.py:1982]           [INFO]     | Demons Collection | ? | D.Gray-Man Hallow (TVDB: 312878)                                           |
[2022-06-02 14:49:16,735] [builder.py:1982]           [INFO]     | Demons Collection | ? | Sleepy Princess in the Demon Castle (TVDB: 387840)                         |
[2022-06-02 14:49:17,376] [builder.py:1982]           [INFO]     | Demons Collection | ? | Devil Survivor 2: The Animation (TVDB: 267434)                             |
[2022-06-02 14:49:17,776] [builder.py:1982]           [INFO]     | Demons Collection | ? | Fairy gone (TVDB: 359645)                                                  |
[2022-06-02 14:49:18,302] [builder.py:1982]           [INFO]     | Demons Collection | ? | The Eccentric Family (TVDB: 269876)                                        |
[2022-06-02 14:49:18,927] [builder.py:1982]           [INFO]     | Demons Collection | ? | The Idaten Deities Know Only Peace (TVDB: 401856)                          |
[2022-06-02 14:49:19,292] [builder.py:1982]           [INFO]     | Demons Collection | ? | Kakuriyo -Bed & Breakfast for Spirits- (TVDB: 339922)                      |
[2022-06-02 14:49:19,993] [builder.py:1982]           [INFO]     | Demons Collection | ? | Garo: The Animation (TVDB: 279980)                                         |
[2022-06-02 14:49:20,307] [builder.py:1982]           [INFO]     | Demons Collection | ? | Astarotte's Toy (TVDB: 247933)                                             |
[2022-06-02 14:49:20,751] [builder.py:1982]           [INFO]     | Demons Collection | ? | Sailor Moon Crystal (TVDB: 275039)                                         |
[2022-06-02 14:49:21,310] [builder.py:1982]           [INFO]     | Demons Collection | ? | Slayers (TVDB: 77681)                                                      |
[2022-06-02 14:49:21,761] [builder.py:1982]           [INFO]     | Demons Collection | ? | Hozuki's Coolheadedness (TVDB: 275613)                                     |
[2022-06-02 14:49:23,631] [builder.py:1982]           [INFO]     | Demons Collection | ? | Dragon Ball Z (TVDB: 81472)                                                |
[2022-06-02 14:49:25,774] [builder.py:1982]           [INFO]     | Demons Collection | ? | The Morose Mononokean (TVDB: 309208)                                       |
[2022-06-02 14:49:26,121] [builder.py:1982]           [INFO]     | Demons Collection | ? | Dance with Devils (TVDB: 299490)                                           |
[2022-06-02 14:49:26,893] [builder.py:1982]           [INFO]     | Demons Collection | ? | Zakuro (TVDB: 195271)                                                      |
[2022-06-02 14:49:28,825] [builder.py:1982]           [INFO]     | Demons Collection | ? | Zatch Bell! (TVDB: 83421)                                                  |
[2022-06-02 14:49:29,180] [builder.py:1982]           [INFO]     | Demons Collection | ? | Devils and Realist (TVDB: 270066)                                          |
[2022-06-02 14:49:29,608] [builder.py:1982]           [INFO]     | Demons Collection | ? | Yashahime: Princess Half-Demon (TVDB: 384485)                              |
[2022-06-02 14:49:29,747] [builder.py:1977]           [ERROR]    | TVDb Error: Could not find a TVDb Series using TVDb Series ID: 362791                              |
[2022-06-02 14:49:30,626] [builder.py:1982]           [INFO]     | Demons Collection | ? | Hakkenden: Eight Dogs of the East (TVDB: 264527)                           |
[2022-06-02 14:49:31,027] [builder.py:1982]           [INFO]     | Demons Collection | ? | Kyo Kara Maoh! (TVDB: 79879)                                               |
[2022-06-02 14:49:31,339] [builder.py:1982]           [INFO]     | Demons Collection | ? | Kekkaishi (TVDB: 80921)                                                    |
[2022-06-02 14:49:31,643] [builder.py:1982]           [INFO]     | Demons Collection | ? | As Miss Beelzebub Likes It. (TVDB: 352681)                                 |
[2022-06-02 14:49:32,328] [builder.py:1982]           [INFO]     | Demons Collection | ? | Concrete Revolutio: Superhuman Phantasmagoria (TVDB: 299491)               |
[2022-06-02 14:49:32,792] [builder.py:1982]           [INFO]     | Demons Collection | ? | Orient (TVDB: 402475)                                                      |
[2022-06-02 14:49:33,193] [builder.py:1982]           [INFO]     | Demons Collection | ? | You're Being Summoned, Azazel (TVDB: 247911)                               |
[2022-06-02 14:49:33,870] [builder.py:1982]           [INFO]     | Demons Collection | ? | Garo -Vanishing Line- (TVDB: 333881)                                       |
[2022-06-02 14:49:34,550] [builder.py:1982]           [INFO]     | Demons Collection | ? | Kemonozume (TVDB: 79410)                                                   |
[2022-06-02 14:49:34,890] [builder.py:1982]           [INFO]     | Demons Collection | ? | Neuro - Supernatural Detective (TVDB: 81829)                               |
[2022-06-02 14:49:35,205] [builder.py:1982]           [INFO]     | Demons Collection | ? | BEM (TVDB: 361752)                                                         |
[2022-06-02 14:49:35,564] [builder.py:1982]           [INFO]     | Demons Collection | ? | Midnight Occult Civil Servants (TVDB: 358331)                              |
[2022-06-02 14:49:35,878] [builder.py:1982]           [INFO]     | Demons Collection | ? | Amatsuki (TVDB: 81808)                                                     |
[2022-06-02 14:49:36,267] [builder.py:1982]           [INFO]     | Demons Collection | ? | Shonen Onmyouji (TVDB: 79588)                                              |
[2022-06-02 14:49:36,673] [builder.py:1982]           [INFO]     | Demons Collection | ? | Jeanne the Kamikaze Thief (TVDB: 72832)                                    |
[2022-06-02 14:49:37,369] [builder.py:1982]           [INFO]     | Demons Collection | ? | Saiyuki (TVDB: 80587)                                                      |
[2022-06-02 14:49:38,261] [builder.py:1982]           [INFO]     | Demons Collection | ? | Cardfight!! Vanguard (TVDB: 245821)                                        |
[2022-06-02 14:49:39,147] [builder.py:1982]           [INFO]     | Demons Collection | ? | Saint Seiya (TVDB: 72775)                                                  |
[2022-06-02 14:49:39,532] [builder.py:1982]           [INFO]     | Demons Collection | ? | GeGeGe no Kitaro (2018) (TVDB: 341996)                                     |
[2022-06-02 14:49:39,858] [builder.py:1982]           [INFO]     | Demons Collection | ? | Disgaea (TVDB: 80206)                                                      |
[2022-06-02 14:49:40,756] [builder.py:1982]           [INFO]     | Demons Collection | ? | Sorcerous Stabber Orphen (1998) (TVDB: 72901)                              |
[2022-06-02 14:49:41,338] [builder.py:1982]           [INFO]     | Demons Collection | ? | Tactics (TVDB: 81052)                                                      |
[2022-06-02 14:49:41,725] [builder.py:1982]           [INFO]     | Demons Collection | ? | Vampire Princess Miyu (TVDB: 70862)                                        |
[2022-06-02 14:49:42,374] [builder.py:1982]           [INFO]     | Demons Collection | ? | Supernatural: The Animation (TVDB: 197001)                                 |
[2022-06-02 14:49:42,751] [builder.py:1982]           [INFO]     | Demons Collection | ? | Devilman (TVDB: 94701)                                                     |
[2022-06-02 14:49:43,364] [builder.py:1982]           [INFO]     | Demons Collection | ? | Blue Seed (TVDB: 76695)                                                    |
[2022-06-02 14:49:43,893] [builder.py:1982]           [INFO]     | Demons Collection | ? | Yo-kai Watch (TVDB: 275582)                                                |
[2022-06-02 14:49:44,928] [builder.py:1982]           [INFO]     | Demons Collection | ? | Hakuoki - Demon of the Fleeting Blossom (TVDB: 151281)                     |
[2022-06-02 14:49:45,360] [builder.py:1982]           [INFO]     | Demons Collection | ? | 3x3 Eyes (TVDB: 70973)                                                     |
[2022-06-02 14:49:45,659] [builder.py:1982]           [INFO]     | Demons Collection | ? | The SoulTaker (TVDB: 80211)                                                |
[2022-06-02 14:49:46,318] [builder.py:1982]           [INFO]     | Demons Collection | ? | Haruka: Beyond the Stream of Time  A Tale of the Eight Guardians (TVDB: 79882) |
[2022-06-02 14:49:46,691] [builder.py:1982]           [INFO]     | Demons Collection | ? | Dragon Quest: Dai's Great Adventure (TVDB: 157001)                         |
[2022-06-02 14:49:47,330] [builder.py:1982]           [INFO]     | Demons Collection | ? | Soul Hunter (2018) (TVDB: 337121)                                          |
[2022-06-02 14:49:47,653] [builder.py:1982]           [INFO]     | Demons Collection | ? | Demon Prince Enma (TVDB: 80768)                                            |
[2022-06-02 14:49:48,239] [builder.py:1982]           [INFO]     | Demons Collection | ? | Ghastly Prince Enma Burning Up (TVDB: 247921)                              |
[2022-06-02 14:49:49,480] [builder.py:1982]           [INFO]     | Demons Collection | ? | We Rent Tsukumogami (TVDB: 347295)                                         |
[2022-06-02 14:49:52,574] [builder.py:1977]           [ERROR]    | TVDb Error: Could not find a TVDb Series using TVDb Series ID: 178381                              |
[2022-06-02 14:49:53,766] [builder.py:1982]           [INFO]     | Demons Collection | ? | Xuan Yuan Sword Luminary (TVDB: 353579)                                    |
[2022-06-02 14:49:54,111] [builder.py:1982]           [INFO]     | Demons Collection | ? | Cyborg 009: The Cyborg Soldier (TVDB: 72745)                               |
[2022-06-02 14:49:54,475] [builder.py:1982]           [INFO]     | Demons Collection | ? | Onipan! (TVDB: 415681)                                                     |
[2022-06-02 14:49:54,769] [builder.py:1982]           [INFO]     | Demons Collection | ? | Apocalypse Zero (TVDB: 140551)                                             |
[2022-06-02 14:49:55,623] [builder.py:1982]           [INFO]     | Demons Collection | ? | Demon Lord Dante (TVDB: 100421)                                            |
[2022-06-02 14:49:55,886] [builder.py:1982]           [INFO]     | Demons Collection | ? | New Getter Robo (TVDB: 89191)                                              |
[2022-06-02 14:49:56,128] [builder.py:1982]           [INFO]     | Demons Collection | ? | Blood Reign: Curse of the Yoma (TVDB: 85077)                               |
[2022-06-02 14:49:56,440] [builder.py:1982]           [INFO]     | Demons Collection | ? | The Hakkenden: Legend of the Dog Warriors (TVDB: 72848)                    |
[2022-06-02 14:49:56,787] [builder.py:1982]           [INFO]     | Demons Collection | ? | Ancient Books of Ys (TVDB: 82569)                                          |
[2022-06-02 14:49:57,378] [builder.py:1982]           [INFO]     | Demons Collection | ? | Petopeto-san (TVDB: 84841)                                                 |
[2022-06-02 14:49:57,655] [builder.py:1982]           [INFO]     | Demons Collection | ? | Sengoku Wildlife Caricatures (TVDB: 317829)                                |
[2022-06-02 14:49:58,646] [builder.py:1982]           [INFO]     | Demons Collection | ? | Master of Mosquiton '99 (TVDB: 149421)                                     |
[2022-06-02 14:49:58,754] [builder.py:1977]           [ERROR]    | TVDb Error: Could not find a TVDb Series using TVDb Series ID: 79464                               |
[2022-06-02 14:49:59,099] [builder.py:1982]           [INFO]     | Demons Collection | ? | Battle Through The Heavens (TVDB: 337284)                                  |
[2022-06-02 14:49:59,514] [builder.py:1982]           [INFO]     | Demons Collection | ? | Cackling Kitarou (TVDB: 265216)                                            |
[2022-06-02 14:49:59,761] [builder.py:1982]           [INFO]     | Demons Collection | ? | BakGyamon (TVDB: 251458)                                                  |
[2022-06-02 14:50:00,100] [builder.py:1982]           [INFO]     | Demons Collection | ? | The Star Hand Kid (TVDB: 256873)                                           |
[2022-06-02 14:50:00,371] [builder.py:1982]           [INFO]     | Demons Collection | ? | Bem, The Humanoid Monster (TVDB: 120501)                                   |
[2022-06-02 14:50:00,714] [builder.py:1982]           [INFO]     | Demons Collection | ? | Steel Jeeg (TVDB: 83632)                                                   |
[2022-06-02 14:50:02,636] [builder.py:1982]           [INFO]     | Demons Collection | ? | Dark Myth (TVDB: 250974)                                                   |
[2022-06-02 14:50:02,974] [builder.py:1982]           [INFO]     | Demons Collection | ? | Spirit Warrior (TVDB: 166821)                                              |
[2022-06-02 14:50:03,246] [builder.py:1982]           [INFO]     | Demons Collection | ? | Beast Fighter (TVDB: 259842)                                               |
[2022-06-02 14:50:03,818] [builder.py:1982]           [INFO]     | Demons Collection | ? | Spectral Force (TVDB: 238691)                                              |
[2022-06-02 14:50:04,105] [builder.py:1982]           [INFO]     | Demons Collection | ? | Yotoden: Chronicle of the Warlord Period (TVDB: 171491)                    |
[2022-06-02 14:50:04,398] [builder.py:1982]           [INFO]     | Demons Collection | ? | Madara (TVDB: 258415)                                                      |
[2022-06-02 14:50:05,045] [builder.py:1982]           [INFO]     | Demons Collection | ? | Oretacha Youkai Ningen (TVDB: 335039)                                      |
[2022-06-02 14:50:05,356] [builder.py:1982]           [INFO]     | Demons Collection | ? | Y School Heroes (TVDB: 374493)                                             |
[2022-06-02 14:50:05,357] [builder.py:1986]           [INFO]     |                                                                                                    |
[2022-06-02 14:50:05,357] [builder.py:1987]           [INFO]     | 117 Shows Missing                                                                                  |
[2022-06-02 14:50:05,376] [plex_meta_manager.py:843]  [INFO]     |                                                                                                    |
[2022-06-02 14:50:05,377] [util.py:216]               [INFO]     |========================================== No Items Found ==========================================|
[2022-06-02 14:50:05,377] [plex_meta_manager.py:880]  [INFO]     |                                                                                                    |
[2022-06-02 14:50:05,378] [util.py:209]               [INFO]     |====================================================================================================|
[2022-06-02 14:50:05,378] [util.py:216]               [INFO]     |                                  Finished Demons Anime Collection                                  |
[2022-06-02 14:50:05,378] [util.py:216]               [INFO]     |                                    Collection Run Time: 0:01:40                                    |
[2022-06-02 14:50:05,379] [util.py:220]               [INFO]     |====================================================================================================|
