[2022-01-16 14:54:30,308] [util.py:209]               [INFO]     |====================================================================================================|
[2022-01-16 14:54:30,309] [util.py:216]               [INFO]     |                                  Bill Murray Collection in Movies                                  |
[2022-01-16 14:54:30,309] [util.py:220]               [INFO]     |====================================================================================================|
[2022-01-16 14:54:30,310] [plex_meta_manager.py:750]  [INFO]     |                                                                                                    |
[2022-01-16 14:54:30,311] [util.py:216]               [INFO]     |================================ Validating Bill Murray Attributes =================================|
[2022-01-16 14:54:30,311] [builder.py:265]            [DEBUG]    |                                                                                                    |
[2022-01-16 14:54:30,311] [builder.py:266]            [DEBUG]    | Validating Method: template                                                                        |
[2022-01-16 14:54:30,312] [meta.py:83]                [DEBUG]    | Value: ordereddict([('name', 'people'), ('person', 1532)])                                         |
[2022-01-16 14:54:30,312] [builder.py:367]            [DEBUG]    |                                                                                                    |
[2022-01-16 14:54:30,312] [builder.py:368]            [DEBUG]    | Validating Method: tmdb_person                                                                     |
[2022-01-16 14:54:30,312] [builder.py:372]            [DEBUG]    | Value: 1532                                                                                        |
[2022-01-16 14:54:30,462] [builder.py:453]            [DEBUG]    |                                                                                                    |
[2022-01-16 14:54:30,463] [builder.py:454]            [DEBUG]    | Validating Method: collection_order                                                                |
[2022-01-16 14:54:30,463] [builder.py:455]            [DEBUG]    | Value: release                                                                                     |
[2022-01-16 14:54:30,463] [builder.py:472]            [DEBUG]    |                                                                                                    |
[2022-01-16 14:54:30,464] [builder.py:473]            [DEBUG]    | Validating Method: actor                                                                           |
[2022-01-16 14:54:30,464] [builder.py:474]            [DEBUG]    | Value: tmdb                                                                                        |
[2022-01-16 14:54:30,504] [builder.py:472]            [DEBUG]    |                                                                                                    |
[2022-01-16 14:54:30,504] [builder.py:473]            [DEBUG]    | Validating Method: sort_title                                                                      |
[2022-01-16 14:54:30,505] [builder.py:474]            [DEBUG]    | Value: ++_Bill Murray                                                                              |
[2022-01-16 14:54:30,509] [plex.py:685]               [DEBUG]    | Looking for: Bill Murray                                                                           |
[2022-01-16 14:54:30,509] [builder.py:619]            [INFO]     |                                                                                                    |
[2022-01-16 14:54:30,510] [builder.py:620]            [INFO]     | Validation Successful                                                                              |
[2022-01-16 14:54:30,511] [plex_meta_manager.py:758]  [INFO]     |                                                                                                    |
[2022-01-16 14:54:30,511] [util.py:216]               [INFO]     |================================== Running Bill Murray Collection ==================================|
[2022-01-16 14:54:30,512] [plex_meta_manager.py:773]  [INFO]     |                                                                                                    |
[2022-01-16 14:54:30,512] [plex_meta_manager.py:774]  [INFO]     | Sync Mode: append                                                                                  |
[2022-01-16 14:54:30,513] [builder.py:1275]           [DEBUG]    |                                                                                                    |
[2022-01-16 14:54:30,513] [builder.py:1276]           [DEBUG]    | Builder: plex_search: (1, 'Plex Movie Search\nSort By: title.asc\nFilter:\n  Match any of the following:\n    Actor is Bill Murray', '?type=1&sort=titleSort&push=1&actor=1810&pop=1') |
[2022-01-16 14:54:30,513] [builder.py:1277]           [INFO]     |                                                                                                    |
[2022-01-16 14:54:30,514] [util.py:161]               [INFO]     | Plex Movie Search                                                                                  |
[2022-01-16 14:54:30,514] [util.py:161]               [INFO]     | Sort By: title.asc                                                                                 |
[2022-01-16 14:54:30,514] [util.py:161]               [INFO]     | Filter:                                                                                            |
[2022-01-16 14:54:30,515] [util.py:161]               [INFO]     |   Match any of the following:                                                                      |
[2022-01-16 14:54:30,515] [util.py:161]               [INFO]     |     Actor is Bill Murray                                                                           |
[2022-01-16 14:54:30,548] [plex.py:746]               [DEBUG]    |                                                                                                    |
[2022-01-16 14:54:30,549] [plex.py:747]               [DEBUG]    | 9 Keys Found: [(32212, 'ratingKey'), (32210, 'ratingKey'), (32216, 'ratingKey'), (32211, 'ratingKey'), (32214, 'ratingKey'), (32215, 'ratingKey'), (32213, 'ratingKey'), (32208, 'ratingKey'), (31316, 'ratingKey')] |
[2022-01-16 14:54:30,549] [builder.py:1282]           [DEBUG]    |                                                                                                    |
[2022-01-16 14:54:30,549] [builder.py:1283]           [DEBUG]    | 9 IDs Found: [(32212, 'ratingKey'), (32210, 'ratingKey'), (32216, 'ratingKey'), (32211, 'ratingKey'), (32214, 'ratingKey'), (32215, 'ratingKey'), (32213, 'ratingKey'), (32208, 'ratingKey'), (31316, 'ratingKey')] |
[2022-01-16 14:54:30,550] [builder.py:1284]           [DEBUG]    |                                                                                                    |
[2022-01-16 14:54:32,030] [builder.py:1697]           [INFO]     |                                                                                                    |
[2022-01-16 14:54:32,031] [util.py:216]               [INFO]     |================================= Adding to Bill Murray Collection =================================|
[2022-01-16 14:54:32,031] [builder.py:1699]           [INFO]     |                                                                                                    |
[2022-01-16 14:54:32,031] [builder.py:1709]           [INFO]     | 1/9 | Bill Murray Collection | + | The Darjeeling Limited (2007)                                   |
[2022-01-16 14:54:32,386] [builder.py:1709]           [INFO]     | 2/9 | Bill Murray Collection | + | Fantastic Mr. Fox (2009)                                        |
[2022-01-16 14:54:32,525] [builder.py:1709]           [INFO]     | 3/9 | Bill Murray Collection | + | The French Dispatch (2021)                                      |
[2022-01-16 14:54:32,650] [builder.py:1709]           [INFO]     | 4/9 | Bill Murray Collection | + | The Grand Budapest Hotel (2014)                                 |
[2022-01-16 14:54:32,880] [builder.py:1709]           [INFO]     | 5/9 | Bill Murray Collection | + | Isle of Dogs (2018)                                             |
[2022-01-16 14:54:33,351] [builder.py:1709]           [INFO]     | 6/9 | Bill Murray Collection | + | The Life Aquatic with Steve Zissou (2004)                       |
[2022-01-16 14:54:33,733] [builder.py:1709]           [INFO]     | 7/9 | Bill Murray Collection | + | Moonrise Kingdom (2012)                                         |
[2022-01-16 14:54:34,157] [builder.py:1709]           [INFO]     | 8/9 | Bill Murray Collection | + | The Royal Tenenbaums (2001)                                     |
[2022-01-16 14:54:34,258] [builder.py:1709]           [INFO]     | 9/9 | Bill Murray Collection | + | Rushmore (1998)                                                 |
[2022-01-16 14:54:34,352] [builder.py:1734]           [INFO]     |                                                                                                    |
[2022-01-16 14:54:34,352] [builder.py:1735]           [INFO]     | 9 Movies Processed                                                                                 |
[2022-01-16 14:54:34,357] [builder.py:2147]           [INFO]     |                                                                                                    |
[2022-01-16 14:54:34,360] [util.py:216]               [INFO]     |============================ Updating Details of Bill Murray Collection ============================|
[2022-01-16 14:54:34,361] [builder.py:2149]           [INFO]     |                                                                                                    |
[2022-01-16 14:54:34,361] [builder.py:2156]           [INFO]     | Detail: tmdb_person updated Collection Summary                                                     |
[2022-01-16 14:54:34,362] [builder.py:2193]           [INFO]     | Detail: sort_title updated Collection Sort Title to ++_Bill Murray                                 |
[2022-01-16 14:54:34,362] [builder.py:2235]           [DEBUG]    | {'summary.value': 'William James "Bill" Murray (born September 21, 1950) is an American actor and comedian. He first gained national exposure on Saturday Night Live and later went on to star in a number of critically and commercially successful comedic films, including Caddyshack (1980), Ghostbusters (1984), and Groundhog Day (1993). Murray gained additional critical acclaim later in his career, starring in Lost in Translation (2003), for which he was nominated for an Academy Award, and a series of films directed by Wes Anderson, including Rushmore (1998), The Royal Tenenbaums (2001), The Life Aquatic with Steve Zissou (2004) and Fantastic Mr. Fox (2009).\n\nDescription above from the Wikipedia article Bill Murray, licensed under CC-BY-SA, full list of contributors on Wikipedia.', 'summary.locked': 1, 'titleSort.value': '++_Bill Murray', 'titleSort.locked': 1} |
[2022-01-16 14:54:34,376] [builder.py:2237]           [INFO]     | Details: have been updated                                                                         |
[2022-01-16 14:54:34,377] [builder.py:2258]           [DEBUG]    | 1 posters found:                                                                                   |
[2022-01-16 14:54:34,377] [builder.py:2260]           [DEBUG]    | Method: tmdb_person Poster: https://image.tmdb.org/t/p/original/nnCsJc9x3ZiG3AFyiyc3FPehppy.jpg    |
[2022-01-16 14:54:34,378] [builder.py:2327]           [INFO]     | No background collection detail or asset folder found                                              |
[2022-01-16 14:54:34,448] [library.py:145]            [INFO]     | Detail: tmdb_person updated poster to [URL] https://image.tmdb.org/t/p/original/nnCsJc9x3ZiG3AFyiyc3FPehppy.jpg |
[2022-01-16 14:54:34,698] [plex_meta_manager.py:880]  [INFO]     |                                                                                                    |
[2022-01-16 14:54:34,698] [util.py:209]               [INFO]     |====================================================================================================|
[2022-01-16 14:54:34,699] [util.py:216]               [INFO]     |                                  Finished Bill Murray Collection                                   |
[2022-01-16 14:54:34,699] [util.py:216]               [INFO]     |                                    Collection Run Time: 0:00:04                                    |
[2022-01-16 14:54:34,700] [util.py:220]               [INFO]     |====================================================================================================|
