[2022-11-23 01:00:49,169] [util.py:209]               [INFO]     |====================================================================================================|
[2022-11-23 01:00:49,169] [util.py:216]               [INFO]     |                                 The Godfather Collection in Movies                                 |
[2022-11-23 01:00:49,170] [util.py:220]               [INFO]     |====================================================================================================|
[2022-11-23 01:00:49,170] [plex_meta_manager.py:750]  [INFO]     |                                                                                                    |
[2022-11-23 01:00:49,171] [util.py:216]               [INFO]     |=============================== Validating The Godfather Attributes ================================|
[2022-11-23 01:00:49,171] [builder.py:265]            [DEBUG]    |                                                                                                    |
[2022-11-23 01:00:49,171] [builder.py:266]            [DEBUG]    | Validating Method: template                                                                        |
[2022-11-23 01:00:49,172] [meta.py:83]                [DEBUG]    | Value: ordereddict([('name', 'Movie'), ('collection', 230), ('summary', 230), ('poster', 'https://theposterdb.com/api/assets/4856')]) |
[2022-11-23 01:00:49,172] [builder.py:330]            [DEBUG]    |                                                                                                    |
[2022-11-23 01:00:49,172] [builder.py:331]            [DEBUG]    | Validating Method: sync_mode                                                                       |
[2022-11-23 01:00:49,172] [builder.py:335]            [DEBUG]    | Value: sync                                                                                        |
[2022-11-23 01:00:49,173] [builder.py:453]            [DEBUG]    |                                                                                                    |
[2022-11-23 01:00:49,173] [builder.py:454]            [DEBUG]    | Validating Method: collection_order                                                                |
[2022-11-23 01:00:49,173] [builder.py:455]            [DEBUG]    | Value: release                                                                                     |
[2022-11-23 01:00:49,173] [builder.py:472]            [DEBUG]    |                                                                                                    |
[2022-11-23 01:00:49,174] [builder.py:473]            [DEBUG]    | Validating Method: url_poster                                                                      |
[2022-11-23 01:00:49,174] [builder.py:474]            [DEBUG]    | Value: https://theposterdb.com/api/assets/4856                                                     |
[2022-11-23 01:00:49,174] [builder.py:472]            [DEBUG]    |                                                                                                    |
[2022-11-23 01:00:49,174] [builder.py:473]            [DEBUG]    | Validating Method: tmdb_collection                                                                 |
[2022-11-23 01:00:49,175] [builder.py:474]            [DEBUG]    | Value: 230                                                                                         |
[2022-11-23 01:00:49,289] [builder.py:472]            [DEBUG]    |                                                                                                    |
[2022-11-23 01:00:49,289] [builder.py:473]            [DEBUG]    | Validating Method: tmdb_summary                                                                    |
[2022-11-23 01:00:49,290] [builder.py:474]            [DEBUG]    | Value: 230                                                                                         |
[2022-11-23 01:00:49,290] [builder.py:472]            [DEBUG]    |                                                                                                    |
[2022-11-23 01:00:49,290] [builder.py:473]            [DEBUG]    | Validating Method: sort_title                                                                      |
[2022-11-23 01:00:49,290] [builder.py:474]            [DEBUG]    | Value: 00000f_The Godfather                                                                        |
[2022-11-23 01:00:49,291] [builder.py:472]            [DEBUG]    |                                                                                                    |
[2022-11-23 01:00:49,291] [builder.py:473]            [DEBUG]    | Validating Method: radarr_add_missing                                                              |
[2022-11-23 01:00:49,291] [builder.py:474]            [DEBUG]    | Value: True                                                                                        |
[2022-11-23 01:00:49,434] [builder.py:619]            [INFO]     |                                                                                                    |
[2022-11-23 01:00:49,435] [builder.py:620]            [INFO]     | Validation Successful                                                                              |
[2022-11-23 01:00:49,436] [plex_meta_manager.py:758]  [INFO]     |                                                                                                    |
[2022-11-23 01:00:49,436] [util.py:216]               [INFO]     |================================= Running The Godfather Collection =================================|
[2022-11-23 01:00:49,436] [plex_meta_manager.py:773]  [INFO]     |                                                                                                    |
[2022-11-23 01:00:49,437] [plex_meta_manager.py:774]  [INFO]     | Sync Mode: sync                                                                                    |
[2022-11-23 01:00:49,437] [builder.py:1275]           [DEBUG]    |                                                                                                    |
[2022-11-23 01:00:49,437] [builder.py:1276]           [DEBUG]    | Builder: tmdb_collection: 230                                                                      |
[2022-11-23 01:00:49,437] [builder.py:1277]           [INFO]     |                                                                                                    |
[2022-11-23 01:00:49,438] [tmdb.py:323]               [INFO]     | Processing TMDb Collection: (230) The Godfather Collection (3 Items)                               |
[2022-11-23 01:00:49,438] [builder.py:1282]           [DEBUG]    |                                                                                                    |
[2022-11-23 01:00:49,438] [builder.py:1283]           [DEBUG]    | 3 IDs Found: [(238, 'tmdb'), (240, 'tmdb'), (242, 'tmdb')]                                         |
[2022-11-23 01:00:49,439] [builder.py:1284]           [DEBUG]    |                                                                                                    |
[2022-11-23 01:00:49,549] [builder.py:1697]           [INFO]     |                                                                                                    |
[2022-11-23 01:00:49,549] [util.py:216]               [INFO]     |================================ Adding to The Godfather Collection ================================|
[2022-11-23 01:00:49,550] [builder.py:1699]           [INFO]     |                                                                                                    |
[2022-11-23 01:00:49,550] [builder.py:1709]           [INFO]     | 1/3 | The Godfather Collection | = | The Godfather (1972)                                          |
[2022-11-23 01:00:49,550] [builder.py:1709]           [INFO]     | 2/3 | The Godfather Collection | = | The Godfather Part II (1974)                                  |
[2022-11-23 01:00:49,551] [builder.py:1709]           [INFO]     | 3/3 | The Godfather Collection | = | The Godfather Part III (1990)                                 |
[2022-11-23 01:00:49,551] [builder.py:1734]           [INFO]     |                                                                                                    |
[2022-11-23 01:00:49,551] [builder.py:1735]           [INFO]     | 3 Movies Processed                                                                                 |
[2022-11-23 01:00:49,555] [builder.py:2147]           [INFO]     |                                                                                                    |
[2022-11-23 01:00:49,556] [util.py:216]               [INFO]     |=========================== Updating Details of The Godfather Collection ===========================|
[2022-11-23 01:00:49,556] [builder.py:2149]           [INFO]     |                                                                                                    |
[2022-11-23 01:00:49,556] [builder.py:2156]           [INFO]     | Detail: tmdb_summary updated Collection Summary                                                    |
[2022-11-23 01:00:49,557] [builder.py:2258]           [DEBUG]    | 1 posters found:                                                                                   |
[2022-11-23 01:00:49,557] [builder.py:2260]           [DEBUG]    | Method: url_poster Poster: https://theposterdb.com/api/assets/4856                                 |
[2022-11-23 01:00:49,558] [builder.py:2327]           [INFO]     | No background collection detail or asset folder found                                              |
[2022-11-23 01:00:49,559] [library.py:147]            [INFO]     | Detail: poster update not needed                                                                   |
[2022-11-23 01:00:49,696] [plex_meta_manager.py:880]  [INFO]     |                                                                                                    |
[2022-11-23 01:00:49,697] [util.py:209]               [INFO]     |====================================================================================================|
[2022-11-23 01:00:49,698] [util.py:216]               [INFO]     |                                 Finished The Godfather Collection                                  |
[2022-11-23 01:00:49,698] [util.py:216]               [INFO]     |                                    Collection Run Time: 0:00:00                                    |
[2022-11-23 01:00:49,698] [util.py:220]               [INFO]     |====================================================================================================|
