[2022-11-07 00:06:11,905] [util.py:209]               [INFO]     |====================================================================================================|
[2022-11-07 00:06:11,906] [util.py:216]               [INFO]     |                              High School Musical Collection in Movies                              |
[2022-11-07 00:06:11,906] [util.py:220]               [INFO]     |====================================================================================================|
[2022-11-07 00:06:11,906] [plex_meta_manager.py:750]  [INFO]     |                                                                                                    |
[2022-11-07 00:06:11,907] [util.py:216]               [INFO]     |============================ Validating High School Musical Attributes =============================|
[2022-11-07 00:06:11,907] [builder.py:265]            [DEBUG]    |                                                                                                    |
[2022-11-07 00:06:11,907] [builder.py:266]            [DEBUG]    | Validating Method: template                                                                        |
[2022-11-07 00:06:11,907] [meta.py:83]                [DEBUG]    | Value: ordereddict([('name', 'Movie'), ('collection', 87253), ('summary', 87253), ('poster', 'https://theposterdb.com/api/assets/82921')]) |
[2022-11-07 00:06:11,908] [builder.py:330]            [DEBUG]    |                                                                                                    |
[2022-11-07 00:06:11,908] [builder.py:331]            [DEBUG]    | Validating Method: sync_mode                                                                       |
[2022-11-07 00:06:11,908] [builder.py:335]            [DEBUG]    | Value: sync                                                                                        |
[2022-11-07 00:06:11,908] [builder.py:453]            [DEBUG]    |                                                                                                    |
[2022-11-07 00:06:11,908] [builder.py:454]            [DEBUG]    | Validating Method: collection_order                                                                |
[2022-11-07 00:06:11,909] [builder.py:455]            [DEBUG]    | Value: release                                                                                     |
[2022-11-07 00:06:11,909] [builder.py:472]            [DEBUG]    |                                                                                                    |
[2022-11-07 00:06:11,909] [builder.py:473]            [DEBUG]    | Validating Method: url_poster                                                                      |
[2022-11-07 00:06:11,909] [builder.py:474]            [DEBUG]    | Value: https://theposterdb.com/api/assets/82921                                                    |
[2022-11-07 00:06:11,910] [builder.py:472]            [DEBUG]    |                                                                                                    |
[2022-11-07 00:06:11,910] [builder.py:473]            [DEBUG]    | Validating Method: tmdb_collection                                                                 |
[2022-11-07 00:06:11,910] [builder.py:474]            [DEBUG]    | Value: 87253                                                                                       |
[2022-11-07 00:06:12,998] [builder.py:472]            [DEBUG]    |                                                                                                    |
[2022-11-07 00:06:12,998] [builder.py:473]            [DEBUG]    | Validating Method: tmdb_summary                                                                    |
[2022-11-07 00:06:12,998] [builder.py:474]            [DEBUG]    | Value: 87253                                                                                       |
[2022-11-07 00:06:12,999] [builder.py:472]            [DEBUG]    |                                                                                                    |
[2022-11-07 00:06:12,999] [builder.py:473]            [DEBUG]    | Validating Method: sort_title                                                                      |
[2022-11-07 00:06:12,999] [builder.py:474]            [DEBUG]    | Value: 00000f_High School Musical                                                                  |
[2022-11-07 00:06:12,999] [builder.py:472]            [DEBUG]    |                                                                                                    |
[2022-11-07 00:06:13,000] [builder.py:473]            [DEBUG]    | Validating Method: radarr_add_missing                                                              |
[2022-11-07 00:06:13,000] [builder.py:474]            [DEBUG]    | Value: True                                                                                        |
[2022-11-07 00:06:13,134] [builder.py:619]            [INFO]     |                                                                                                    |
[2022-11-07 00:06:13,134] [builder.py:620]            [INFO]     | Validation Successful                                                                              |
[2022-11-07 00:06:13,135] [plex_meta_manager.py:758]  [INFO]     |                                                                                                    |
[2022-11-07 00:06:13,135] [util.py:216]               [INFO]     |============================== Running High School Musical Collection ==============================|
[2022-11-07 00:06:13,135] [plex_meta_manager.py:773]  [INFO]     |                                                                                                    |
[2022-11-07 00:06:13,136] [plex_meta_manager.py:774]  [INFO]     | Sync Mode: sync                                                                                    |
[2022-11-07 00:06:13,136] [builder.py:1275]           [DEBUG]    |                                                                                                    |
[2022-11-07 00:06:13,136] [builder.py:1276]           [DEBUG]    | Builder: tmdb_collection: 87253                                                                    |
[2022-11-07 00:06:13,137] [builder.py:1277]           [INFO]     |                                                                                                    |
[2022-11-07 00:06:13,137] [tmdb.py:323]               [INFO]     | Processing TMDb Collection: (87253) High School Musical Collection (3 Items)                       |
[2022-11-07 00:06:13,137] [builder.py:1282]           [DEBUG]    |                                                                                                    |
[2022-11-07 00:06:13,137] [builder.py:1283]           [DEBUG]    | 3 IDs Found: [(10947, 'tmdb'), (13649, 'tmdb'), (11887, 'tmdb')]                                   |
[2022-11-07 00:06:13,138] [builder.py:1284]           [DEBUG]    |                                                                                                    |
[2022-11-07 00:06:13,201] [builder.py:1697]           [INFO]     |                                                                                                    |
[2022-11-07 00:06:13,201] [util.py:216]               [INFO]     |============================= Adding to High School Musical Collection =============================|
[2022-11-07 00:06:13,202] [builder.py:1699]           [INFO]     |                                                                                                    |
[2022-11-07 00:06:13,202] [builder.py:1709]           [INFO]     | 1/3 | High School Musical Collection | = | High School Musical (2006)                              |
[2022-11-07 00:06:13,203] [builder.py:1709]           [INFO]     | 2/3 | High School Musical Collection | = | High School Musical 2 (2007)                            |
[2022-11-07 00:06:13,203] [builder.py:1709]           [INFO]     | 3/3 | High School Musical Collection | = | High School Musical 3: Senior Year (2008)               |
[2022-11-07 00:06:13,203] [builder.py:1734]           [INFO]     |                                                                                                    |
[2022-11-07 00:06:13,204] [builder.py:1735]           [INFO]     | 3 Movies Processed                                                                                 |
[2022-11-07 00:06:13,208] [builder.py:2147]           [INFO]     |                                                                                                    |
[2022-11-07 00:06:13,208] [util.py:216]               [INFO]     |======================== Updating Details of High School Musical Collection ========================|
[2022-11-07 00:06:13,208] [builder.py:2149]           [INFO]     |                                                                                                    |
[2022-11-07 00:06:13,209] [builder.py:2156]           [INFO]     | Detail: tmdb_summary updated Collection Summary                                                    |
[2022-11-07 00:06:13,210] [builder.py:2258]           [DEBUG]    | 1 posters found:                                                                                   |
[2022-11-07 00:06:13,210] [builder.py:2260]           [DEBUG]    | Method: url_poster Poster: https://theposterdb.com/api/assets/82921                                |
[2022-11-07 00:06:13,210] [builder.py:2327]           [INFO]     | No background collection detail or asset folder found                                              |
[2022-11-07 00:06:13,211] [library.py:147]            [INFO]     | Detail: poster update not needed                                                                   |
[2022-11-07 00:06:13,342] [plex_meta_manager.py:880]  [INFO]     |                                                                                                    |
[2022-11-07 00:06:13,343] [util.py:209]               [INFO]     |====================================================================================================|
[2022-11-07 00:06:13,343] [util.py:216]               [INFO]     |                              Finished High School Musical Collection                               |
[2022-11-07 00:06:13,344] [util.py:216]               [INFO]     |                                    Collection Run Time: 0:00:01                                    |
[2022-11-07 00:06:13,344] [util.py:220]               [INFO]     |====================================================================================================|
