[2022-08-19 01:22:39,206] [util.py:209]               [INFO]     |====================================================================================================|
[2022-08-19 01:22:39,206] [util.py:216]               [INFO]     |                                Seasonal Winter Collection in Anime                                 |
[2022-08-19 01:22:39,206] [util.py:220]               [INFO]     |====================================================================================================|
[2022-08-19 01:22:39,207] [plex_meta_manager.py:750]  [INFO]     |                                                                                                    |
[2022-08-19 01:22:39,207] [util.py:216]               [INFO]     |============================== Validating Seasonal Winter Attributes ===============================|
[2022-08-19 01:22:39,208] [builder.py:330]            [DEBUG]    |                                                                                                    |
[2022-08-19 01:22:39,208] [builder.py:331]            [DEBUG]    | Validating Method: sync_mode                                                                       |
[2022-08-19 01:22:39,208] [builder.py:335]            [DEBUG]    | Value: sync                                                                                        |
[2022-08-19 01:22:39,208] [builder.py:453]            [DEBUG]    |                                                                                                    |
[2022-08-19 01:22:39,208] [builder.py:454]            [DEBUG]    | Validating Method: collection_order                                                                |
[2022-08-19 01:22:39,209] [builder.py:455]            [DEBUG]    | Value: custom                                                                                      |
[2022-08-19 01:22:39,209] [builder.py:472]            [DEBUG]    |                                                                                                    |
[2022-08-19 01:22:39,209] [builder.py:473]            [DEBUG]    | Validating Method: mal_season                                                                      |
[2022-08-19 01:22:39,209] [builder.py:474]            [DEBUG]    | Value: ordereddict([('season', 'winter'), ('limit', 20)])                                          |
[2022-08-19 01:22:39,210] [builder.py:689]            [WARNING]  | Collection Warning: mal_season sort_by attribute not found using members as default                |
[2022-08-19 01:22:39,210] [builder.py:689]            [WARNING]  | Collection Warning: mal_season year attribute not found using 2022 as default                      |
[2022-08-19 01:22:39,210] [builder.py:472]            [DEBUG]    |                                                                                                    |
[2022-08-19 01:22:39,210] [builder.py:473]            [DEBUG]    | Validating Method: sort_title                                                                      |
[2022-08-19 01:22:39,211] [builder.py:474]            [DEBUG]    | Value: +++++++_Winter                                                                              |
[2022-08-19 01:22:39,211] [builder.py:472]            [DEBUG]    |                                                                                                    |
[2022-08-19 01:22:39,211] [builder.py:473]            [DEBUG]    | Validating Method: sonarr_add_existing                                                             |
[2022-08-19 01:22:39,211] [builder.py:474]            [DEBUG]    | Value: True                                                                                        |
[2022-08-19 01:22:39,211] [builder.py:472]            [DEBUG]    |                                                                                                    |
[2022-08-19 01:22:39,212] [builder.py:473]            [DEBUG]    | Validating Method: sonarr_add_missing                                                              |
[2022-08-19 01:22:39,212] [builder.py:474]            [DEBUG]    | Value: True                                                                                        |
[2022-08-19 01:22:39,230] [builder.py:619]            [INFO]     |                                                                                                    |
[2022-08-19 01:22:39,230] [builder.py:620]            [INFO]     | Validation Successful                                                                              |
[2022-08-19 01:22:39,231] [plex_meta_manager.py:758]  [INFO]     |                                                                                                    |
[2022-08-19 01:22:39,231] [util.py:216]               [INFO]     |================================ Running Seasonal Winter Collection ================================|
[2022-08-19 01:22:39,232] [plex_meta_manager.py:773]  [INFO]     |                                                                                                    |
[2022-08-19 01:22:39,232] [plex_meta_manager.py:774]  [INFO]     | Sync Mode: sync                                                                                    |
[2022-08-19 01:22:39,232] [builder.py:1275]           [DEBUG]    |                                                                                                    |
[2022-08-19 01:22:39,233] [builder.py:1276]           [DEBUG]    | Builder: mal_season: {'season': 'winter', 'sort_by': 'anime_num_list_users', 'year': 2022, 'limit': 20} |
[2022-08-19 01:22:39,233] [builder.py:1277]           [INFO]     |                                                                                                    |
[2022-08-19 01:22:39,233] [mal.py:229]                [INFO]     | Processing MyAnimeList Season: 20 Anime from Winter 2022 sorted by Members                         |
[2022-08-19 01:22:39,553] [mal.py:239]                [DEBUG]    |                                                                                                    |
[2022-08-19 01:22:39,553] [mal.py:240]                [DEBUG]    | 20 MyAnimeList IDs Found: [21, 47778, 48583, 34566, 48736, 40834, 48569, 44961, 235, 40507, 42205, 47159, 48414, 49114, 49930, 47161, 49721, 48553, 44516, 48997] |
[2022-08-19 01:22:39,553] [convert.py:78]             [ERROR]    | Convert Error: No TVDb ID or IMDb ID found for AniDB ID: 15917                                     |
[2022-08-19 01:22:39,554] [builder.py:1282]           [DEBUG]    |                                                                                                    |
[2022-08-19 01:22:39,554] [builder.py:1283]           [DEBUG]    | 19 IDs Found: [(81797, 'tvdb'), (348545, 'tvdb'), (267440, 'tvdb'), (321285, 'tvdb'), (103949, 'ratingKey'), (104893, 'ratingKey'), (103265, 'ratingKey'), (393742, 'tvdb'), (72454, 'tvdb'), (357019, 'tvdb'), (383837, 'tvdb'), (400961, 'tvdb'), (103746, 'ratingKey'), (400133, 'tvdb'), (389422, 'tvdb'), (105506, 'ratingKey'), (337936, 'tvdb'), (400090, 'tvdb'), (405227, 'tvdb')] |
[2022-08-19 01:22:39,554] [builder.py:1284]           [DEBUG]    |                                                                                                    |
[2022-08-19 01:22:39,611] [builder.py:1697]           [INFO]     |                                                                                                    |
[2022-08-19 01:22:39,611] [util.py:216]               [INFO]     |=============================== Adding to Seasonal Winter Collection ===============================|
[2022-08-19 01:22:39,611] [builder.py:1699]           [INFO]     |                                                                                                    |
[2022-08-19 01:22:39,612] [builder.py:1709]           [INFO]     | 1/8 | Seasonal Winter Collection | = | Kimetsu no Yaiba                                            |
[2022-08-19 01:22:39,612] [builder.py:1709]           [INFO]     | 2/8 | Seasonal Winter Collection | = | Shingeki no Kyojin                                          |
[2022-08-19 01:22:39,612] [builder.py:1709]           [INFO]     | 3/8 | Seasonal Winter Collection | = | Sono Bisque Doll wa Koi o Suru                              |
[2022-08-19 01:22:39,612] [builder.py:1709]           [INFO]     | 4/8 | Seasonal Winter Collection | = | Ousama Ranking                                              |
[2022-08-19 01:22:39,613] [builder.py:1709]           [INFO]     | 5/8 | Seasonal Winter Collection | = | 86 (2021)                                                   |
[2022-08-19 01:22:39,613] [builder.py:1709]           [INFO]     | 6/8 | Seasonal Winter Collection | = | Sabikui Bisco                                               |
[2022-08-19 01:22:39,613] [builder.py:1709]           [INFO]     | 7/8 | Seasonal Winter Collection | = | Vanitas no Karte                                            |
[2022-08-19 01:22:39,614] [builder.py:1709]           [INFO]     | 8/8 | Seasonal Winter Collection | = | Shikkaku Mon no Saikyou Kenja                               |
[2022-08-19 01:22:39,614] [builder.py:1734]           [INFO]     |                                                                                                    |
[2022-08-19 01:22:39,614] [builder.py:1735]           [INFO]     | 8 Shows Processed                                                                                  |
[2022-08-19 01:22:39,615] [builder.py:1969]           [INFO]     |                                                                                                    |
[2022-08-19 01:22:39,615] [util.py:216]               [INFO]     |=========================== Missing Shows from Library: Seasonal Winter ============================|
[2022-08-19 01:22:39,616] [builder.py:1971]           [INFO]     |                                                                                                    |
[2022-08-19 01:22:40,987] [builder.py:1982]           [INFO]     | Seasonal Winter Collection | ? | One Piece (TVDB: 81797)                                           |
[2022-08-19 01:22:41,526] [builder.py:1982]           [INFO]     | Seasonal Winter Collection | ? | Boruto: Naruto Next Generations (TVDB: 321285)                    |
[2022-08-19 01:22:41,588] [builder.py:1977]           [ERROR]    | TVDb Error: Could not find a TVDb Series using TVDb Series ID: 393742                              |
[2022-08-19 01:22:42,868] [builder.py:1982]           [INFO]     | Seasonal Winter Collection | ? | Detective Conan (TVDB: 72454)                                     |
[2022-08-19 01:22:43,187] [builder.py:1982]           [INFO]     | Seasonal Winter Collection | ? | Arifureta: From Commonplace to World's Strongest (TVDB: 357019)   |
[2022-08-19 01:22:43,493] [builder.py:1982]           [INFO]     | Seasonal Winter Collection | ? | Shaman King (2021) (TVDB: 383837)                                 |
[2022-08-19 01:22:43,739] [builder.py:1982]           [INFO]     | Seasonal Winter Collection | ? | The Genius Prince's Guide to Raising a Nation Out of Debt (TVDB: 400961) |
[2022-08-19 01:22:43,964] [builder.py:1982]           [INFO]     | Seasonal Winter Collection | ? | How a Realist Hero Rebuilt the Kingdom (TVDB: 389422)             |
[2022-08-19 01:22:44,357] [builder.py:1982]           [INFO]     | Seasonal Winter Collection | ? | Teasing Master Takagi-san (TVDB: 337936)                          |
[2022-08-19 01:22:44,606] [builder.py:1982]           [INFO]     | Seasonal Winter Collection | ? | Akebi's Sailor Uniform (TVDB: 400090)                             |
[2022-08-19 01:22:44,818] [builder.py:1982]           [INFO]     | Seasonal Winter Collection | ? | Life With an Ordinary Guy Who Reincarnated Into a Total Fantasy Knockout (TVDB: 405227) |
[2022-08-19 01:22:44,818] [builder.py:1986]           [INFO]     |                                                                                                    |
[2022-08-19 01:22:44,819] [builder.py:1987]           [INFO]     | 10 Shows Missing                                                                                   |
[2022-08-19 01:22:44,832] [sonarr.py:66]              [INFO]     |                                                                                                    |
[2022-08-19 01:22:44,833] [util.py:216]               [INFO]     |===================================== Adding Missing to Sonarr =====================================|
[2022-08-19 01:22:44,833] [sonarr.py:68]              [DEBUG]    |                                                                                                    |
[2022-08-19 01:22:44,833] [sonarr.py:69]              [DEBUG]    | Sonarr Adds: [81797, 321285, 72454, 357019, 383837, 400961, 389422, 337936, 400090, 405227]        |
[2022-08-19 01:22:45,063] [sonarr.py:162]             [INFO]     |                                                                                                    |
[2022-08-19 01:22:45,064] [sonarr.py:170]             [INFO]     | Skipped: In Cache | 81797                                                                          |
[2022-08-19 01:22:45,064] [sonarr.py:170]             [INFO]     | Skipped: In Cache | 321285                                                                         |
[2022-08-19 01:22:45,064] [sonarr.py:170]             [INFO]     | Skipped: In Cache | 72454                                                                          |
[2022-08-19 01:22:45,065] [sonarr.py:170]             [INFO]     | Skipped: In Cache | 357019                                                                         |
[2022-08-19 01:22:45,065] [sonarr.py:170]             [INFO]     | Skipped: In Cache | 383837                                                                         |
[2022-08-19 01:22:45,065] [sonarr.py:170]             [INFO]     | Skipped: In Cache | 400961                                                                         |
[2022-08-19 01:22:45,065] [sonarr.py:170]             [INFO]     | Skipped: In Cache | 389422                                                                         |
[2022-08-19 01:22:45,066] [sonarr.py:170]             [INFO]     | Skipped: In Cache | 337936                                                                         |
[2022-08-19 01:22:45,066] [sonarr.py:170]             [INFO]     | Skipped: In Cache | 400090                                                                         |
[2022-08-19 01:22:45,066] [sonarr.py:170]             [INFO]     | Skipped: In Cache | 405227                                                                         |
[2022-08-19 01:22:45,067] [sonarr.py:171]             [INFO]     | 10 Series already exist in Sonarr                                                                  |
[2022-08-19 01:22:45,071] [builder.py:2147]           [INFO]     |                                                                                                    |
[2022-08-19 01:22:45,071] [util.py:216]               [INFO]     |========================== Updating Details of Seasonal Winter Collection ==========================|
[2022-08-19 01:22:45,072] [builder.py:2149]           [INFO]     |                                                                                                    |
[2022-08-19 01:22:45,072] [builder.py:2294]           [INFO]     | No poster collection detail or asset folder found                                                  |
[2022-08-19 01:22:45,073] [builder.py:2327]           [INFO]     | No background collection detail or asset folder found                                              |
[2022-08-19 01:22:45,084] [builder.py:2023]           [INFO]     |                                                                                                    |
[2022-08-19 01:22:45,084] [util.py:216]               [INFO]     |=================== Updating Details of the Items in Seasonal Winter Collection ====================|
[2022-08-19 01:22:45,085] [builder.py:2025]           [INFO]     |                                                                                                    |
[2022-08-19 01:22:46,295] [sonarr.py:66]              [INFO]     |                                                                                                    |
[2022-08-19 01:22:46,296] [util.py:216]               [INFO]     |==================================== Adding Existing to Sonarr =====================================|
[2022-08-19 01:22:46,296] [sonarr.py:68]              [DEBUG]    |                                                                                                    |
[2022-08-19 01:22:46,296] [sonarr.py:69]              [DEBUG]    | Sonarr Adds:                                                                                       |
[2022-08-19 01:22:46,297] [sonarr.py:71]              [DEBUG]    | (348545, 'F:\\Anime\\Demon Slayer - Kimetsu no Yaiba (2019) [tvdb-348545]')                        |
[2022-08-19 01:22:46,297] [sonarr.py:71]              [DEBUG]    | (267440, 'F:\\Anime\\Attack on Titan (2013) [tvdb-267440]')                                        |
[2022-08-19 01:22:46,297] [sonarr.py:71]              [DEBUG]    | (401233, 'F:\\Anime\\My Dress-Up Darling (2022) [tvdb-401233]')                                    |
[2022-08-19 01:22:46,297] [sonarr.py:71]              [DEBUG]    | (391625, 'F:\\Anime\\Ranking of Kings (2021) [tvdb-391625]')                                       |
[2022-08-19 01:22:46,297] [sonarr.py:71]              [DEBUG]    | (378609, 'F:\\Anime\\86 - Eighty Six (2021) [tvdb-378609]')                                        |
[2022-08-19 01:22:46,297] [sonarr.py:71]              [DEBUG]    | (398387, 'F:\\Anime\\Sabikui Bisco (2022) [tvdb-398387]')                                          |
[2022-08-19 01:22:46,298] [sonarr.py:71]              [DEBUG]    | (400133, 'F:\\Anime\\Case Study of Vanitas, The (2021) [tvdb-400133]')                             |
[2022-08-19 01:22:46,298] [sonarr.py:71]              [DEBUG]    | (402374, 'F:\\Anime\\Strongest Sage With the Weakest Crest, The (2022) [tvdb-402374]')             |
[2022-08-19 01:22:46,674] [sonarr.py:162]             [INFO]     |                                                                                                    |
[2022-08-19 01:22:46,674] [sonarr.py:170]             [INFO]     | Skipped: In Cache | (348545, 'F:\\Anime\\Demon Slayer - Kimetsu no Yaiba (2019) [tvdb-348545]')    |
[2022-08-19 01:22:46,675] [sonarr.py:170]             [INFO]     | Skipped: In Cache | (267440, 'F:\\Anime\\Attack on Titan (2013) [tvdb-267440]')                    |
[2022-08-19 01:22:46,675] [sonarr.py:170]             [INFO]     | Skipped: In Cache | (401233, 'F:\\Anime\\My Dress-Up Darling (2022) [tvdb-401233]')                |
[2022-08-19 01:22:46,675] [sonarr.py:170]             [INFO]     | Skipped: In Cache | (391625, 'F:\\Anime\\Ranking of Kings (2021) [tvdb-391625]')                   |
[2022-08-19 01:22:46,676] [sonarr.py:170]             [INFO]     | Skipped: In Cache | (378609, 'F:\\Anime\\86 - Eighty Six (2021) [tvdb-378609]')                    |
[2022-08-19 01:22:46,676] [sonarr.py:170]             [INFO]     | Skipped: In Cache | (398387, 'F:\\Anime\\Sabikui Bisco (2022) [tvdb-398387]')                      |
[2022-08-19 01:22:46,676] [sonarr.py:170]             [INFO]     | Skipped: In Cache | (400133, 'F:\\Anime\\Case Study of Vanitas, The (2021) [tvdb-400133]')         |
[2022-08-19 01:22:46,676] [sonarr.py:170]             [INFO]     | Skipped: In Cache | (402374, 'F:\\Anime\\Strongest Sage With the Weakest Crest, The (2022) [tvdb-402374]') |
[2022-08-19 01:22:46,677] [sonarr.py:171]             [INFO]     | 8 Series already exist in Sonarr                                                                   |
[2022-08-19 01:22:46,678] [plex_meta_manager.py:880]  [INFO]     |                                                                                                    |
[2022-08-19 01:22:46,678] [util.py:209]               [INFO]     |====================================================================================================|
[2022-08-19 01:22:46,678] [util.py:216]               [INFO]     |                                Finished Seasonal Winter Collection                                 |
[2022-08-19 01:22:46,679] [util.py:216]               [INFO]     |                                    Collection Run Time: 0:00:07                                    |
[2022-08-19 01:22:46,679] [util.py:220]               [INFO]     |====================================================================================================|
