[2022-01-16 14:55:06,926] [util.py:209]               [INFO]     |====================================================================================================|
[2022-01-16 14:55:06,927] [util.py:216]               [INFO]     |                                  Jack Black Collection in Movies                                   |
[2022-01-16 14:55:06,927] [util.py:220]               [INFO]     |====================================================================================================|
[2022-01-16 14:55:06,928] [plex_meta_manager.py:750]  [INFO]     |                                                                                                    |
[2022-01-16 14:55:06,929] [util.py:216]               [INFO]     |================================= Validating Jack Black Attributes =================================|
[2022-01-16 14:55:06,929] [builder.py:265]            [DEBUG]    |                                                                                                    |
[2022-01-16 14:55:06,929] [builder.py:266]            [DEBUG]    | Validating Method: template                                                                        |
[2022-01-16 14:55:06,929] [meta.py:83]                [DEBUG]    | Value: ordereddict([('name', 'people'), ('person', 70851)])                                        |
[2022-01-16 14:55:06,930] [builder.py:367]            [DEBUG]    |                                                                                                    |
[2022-01-16 14:55:06,930] [builder.py:368]            [DEBUG]    | Validating Method: tmdb_person                                                                     |
[2022-01-16 14:55:06,930] [builder.py:372]            [DEBUG]    | Value: 70851                                                                                       |
[2022-01-16 14:55:07,064] [builder.py:453]            [DEBUG]    |                                                                                                    |
[2022-01-16 14:55:07,065] [builder.py:454]            [DEBUG]    | Validating Method: collection_order                                                                |
[2022-01-16 14:55:07,065] [builder.py:455]            [DEBUG]    | Value: release                                                                                     |
[2022-01-16 14:55:07,065] [builder.py:472]            [DEBUG]    |                                                                                                    |
[2022-01-16 14:55:07,066] [builder.py:473]            [DEBUG]    | Validating Method: actor                                                                           |
[2022-01-16 14:55:07,066] [builder.py:474]            [DEBUG]    | Value: tmdb                                                                                        |
[2022-01-16 14:55:07,100] [builder.py:472]            [DEBUG]    |                                                                                                    |
[2022-01-16 14:55:07,100] [builder.py:473]            [DEBUG]    | Validating Method: sort_title                                                                      |
[2022-01-16 14:55:07,101] [builder.py:474]            [DEBUG]    | Value: ++_Jack Black                                                                               |
[2022-01-16 14:55:07,105] [plex.py:685]               [DEBUG]    | Looking for: Jack Black                                                                            |
[2022-01-16 14:55:07,105] [builder.py:619]            [INFO]     |                                                                                                    |
[2022-01-16 14:55:07,106] [builder.py:620]            [INFO]     | Validation Successful                                                                              |
[2022-01-16 14:55:07,107] [plex_meta_manager.py:758]  [INFO]     |                                                                                                    |
[2022-01-16 14:55:07,108] [util.py:216]               [INFO]     |================================== Running Jack Black Collection ===================================|
[2022-01-16 14:55:07,108] [plex_meta_manager.py:773]  [INFO]     |                                                                                                    |
[2022-01-16 14:55:07,109] [plex_meta_manager.py:774]  [INFO]     | Sync Mode: append                                                                                  |
[2022-01-16 14:55:07,109] [builder.py:1275]           [DEBUG]    |                                                                                                    |
[2022-01-16 14:55:07,109] [builder.py:1276]           [DEBUG]    | Builder: plex_search: (1, 'Plex Movie Search\nSort By: title.asc\nFilter:\n  Match any of the following:\n    Actor is Jack Black', '?type=1&sort=titleSort&push=1&actor=2831&pop=1') |
[2022-01-16 14:55:07,110] [builder.py:1277]           [INFO]     |                                                                                                    |
[2022-01-16 14:55:07,110] [util.py:161]               [INFO]     | Plex Movie Search                                                                                  |
[2022-01-16 14:55:07,110] [util.py:161]               [INFO]     | Sort By: title.asc                                                                                 |
[2022-01-16 14:55:07,111] [util.py:161]               [INFO]     | Filter:                                                                                            |
[2022-01-16 14:55:07,111] [util.py:161]               [INFO]     |   Match any of the following:                                                                      |
[2022-01-16 14:55:07,111] [util.py:161]               [INFO]     |     Actor is Jack Black                                                                            |
[2022-01-16 14:55:07,140] [plex.py:746]               [DEBUG]    |                                                                                                    |
[2022-01-16 14:55:07,141] [plex.py:747]               [DEBUG]    | 7 Keys Found: [(32458, 'ratingKey'), (32440, 'ratingKey'), (31447, 'ratingKey'), (31982, 'ratingKey'), (31969, 'ratingKey'), (31985, 'ratingKey'), (31593, 'ratingKey')] |
[2022-01-16 14:55:07,141] [builder.py:1282]           [DEBUG]    |                                                                                                    |
[2022-01-16 14:55:07,142] [builder.py:1283]           [DEBUG]    | 7 IDs Found: [(32458, 'ratingKey'), (32440, 'ratingKey'), (31447, 'ratingKey'), (31982, 'ratingKey'), (31969, 'ratingKey'), (31985, 'ratingKey'), (31593, 'ratingKey')] |
[2022-01-16 14:55:07,142] [builder.py:1284]           [DEBUG]    |                                                                                                    |
[2022-01-16 14:55:07,368] [builder.py:1697]           [INFO]     |                                                                                                    |
[2022-01-16 14:55:07,368] [util.py:216]               [INFO]     |================================= Adding to Jack Black Collection ==================================|
[2022-01-16 14:55:07,368] [builder.py:1699]           [INFO]     |                                                                                                    |
[2022-01-16 14:55:07,369] [builder.py:1709]           [INFO]     | 1/7 | Jack Black Collection | + | Jumanji: The Next Level (2019)                                   |
[2022-01-16 14:55:07,512] [builder.py:1709]           [INFO]     | 2/7 | Jack Black Collection | + | Jumanji: Welcome to the Jungle (2017)                            |
[2022-01-16 14:55:07,664] [builder.py:1709]           [INFO]     | 3/7 | Jack Black Collection | + | King Kong (2005)                                                 |
[2022-01-16 14:55:07,814] [builder.py:1709]           [INFO]     | 4/7 | Jack Black Collection | + | Kung Fu Panda (2008)                                             |
[2022-01-16 14:55:07,951] [builder.py:1709]           [INFO]     | 5/7 | Jack Black Collection | + | Kung Fu Panda 2 (2011)                                           |
[2022-01-16 14:55:08,124] [builder.py:1709]           [INFO]     | 6/7 | Jack Black Collection | + | Kung Fu Panda 3 (2016)                                           |
[2022-01-16 14:55:08,320] [builder.py:1709]           [INFO]     | 7/7 | Jack Black Collection | + | Tropic Thunder (2008)                                            |
[2022-01-16 14:55:08,494] [builder.py:1734]           [INFO]     |                                                                                                    |
[2022-01-16 14:55:08,495] [builder.py:1735]           [INFO]     | 7 Movies Processed                                                                                 |
[2022-01-16 14:55:08,504] [builder.py:2147]           [INFO]     |                                                                                                    |
[2022-01-16 14:55:08,505] [util.py:216]               [INFO]     |============================ Updating Details of Jack Black Collection =============================|
[2022-01-16 14:55:08,506] [builder.py:2149]           [INFO]     |                                                                                                    |
[2022-01-16 14:55:08,506] [builder.py:2156]           [INFO]     | Detail: tmdb_person updated Collection Summary                                                     |
[2022-01-16 14:55:08,506] [builder.py:2193]           [INFO]     | Detail: sort_title updated Collection Sort Title to ++_Jack Black                                  |
[2022-01-16 14:55:08,507] [builder.py:2235]           [DEBUG]    | {'summary.value': 'Thomas Jacob "Jack" Black (born August 28, 1969) is an American actor, comedian, singer, songwriter, and YouTuber. He makes up one half of the comedy and satirical rock duo Tenacious D. The group has two albums as well as a television series and a film. His acting career is extensive, starring primarily as bumbling, cocky, but internally self-conscious outsiders in comedy films. He was a member of the Frat Pack, a group of comedians who have appeared together in several Hollywood films, and has been nominated for a Golden Globe award. He has also won an MTV Movie Award, and a Nickelodeon Kids Choice Award.', 'summary.locked': 1, 'titleSort.value': '++_Jack Black', 'titleSort.locked': 1} |
[2022-01-16 14:55:08,522] [builder.py:2237]           [INFO]     | Details: have been updated                                                                         |
[2022-01-16 14:55:08,523] [builder.py:2258]           [DEBUG]    | 1 posters found:                                                                                   |
[2022-01-16 14:55:08,523] [builder.py:2260]           [DEBUG]    | Method: tmdb_person Poster: https://image.tmdb.org/t/p/original/rtCx0fiYxJVhzXXdwZE2XRTfIKE.jpg    |
[2022-01-16 14:55:08,523] [builder.py:2327]           [INFO]     | No background collection detail or asset folder found                                              |
[2022-01-16 14:55:08,564] [library.py:145]            [INFO]     | Detail: tmdb_person updated poster to [URL] https://image.tmdb.org/t/p/original/rtCx0fiYxJVhzXXdwZE2XRTfIKE.jpg |
[2022-01-16 14:55:08,716] [plex_meta_manager.py:880]  [INFO]     |                                                                                                    |
[2022-01-16 14:55:08,717] [util.py:209]               [INFO]     |====================================================================================================|
[2022-01-16 14:55:08,718] [util.py:216]               [INFO]     |                                   Finished Jack Black Collection                                   |
[2022-01-16 14:55:08,718] [util.py:216]               [INFO]     |                                    Collection Run Time: 0:00:01                                    |
[2022-01-16 14:55:08,718] [util.py:220]               [INFO]     |====================================================================================================|
