[2022-06-02 18:00:24,532] [util.py:209]               [INFO]     |====================================================================================================|
[2022-06-02 18:00:24,533] [util.py:216]               [INFO]     |                                Boys Love Anime Collection in Anime                                 |
[2022-06-02 18:00:24,533] [util.py:220]               [INFO]     |====================================================================================================|
[2022-06-02 18:00:24,533] [plex_meta_manager.py:750]  [INFO]     |                                                                                                    |
[2022-06-02 18:00:24,534] [util.py:216]               [INFO]     |============================== Validating Boys Love Anime Attributes ===============================|
[2022-06-02 18:00:24,534] [builder.py:255]            [DEBUG]    |                                                                                                    |
[2022-06-02 18:00:24,535] [builder.py:256]            [DEBUG]    | Validating Method: name                                                                            |
[2022-06-02 18:00:24,535] [builder.py:259]            [DEBUG]    | Value: Boys Love                                                                                   |
[2022-06-02 18:00:24,535] [builder.py:330]            [DEBUG]    |                                                                                                    |
[2022-06-02 18:00:24,535] [builder.py:331]            [DEBUG]    | Validating Method: sync_mode                                                                       |
[2022-06-02 18:00:24,535] [builder.py:335]            [DEBUG]    | Value: sync                                                                                        |
[2022-06-02 18:00:24,536] [builder.py:453]            [DEBUG]    |                                                                                                    |
[2022-06-02 18:00:24,536] [builder.py:454]            [DEBUG]    | Validating Method: collection_order                                                                |
[2022-06-02 18:00:24,536] [builder.py:455]            [DEBUG]    | Value: custom                                                                                      |
[2022-06-02 18:00:24,536] [builder.py:472]            [DEBUG]    |                                                                                                    |
[2022-06-02 18:00:24,536] [builder.py:473]            [DEBUG]    | Validating Method: mal_genre                                                                       |
[2022-06-02 18:00:24,537] [builder.py:474]            [DEBUG]    | Value: ordereddict([('genre_id', 28)])                                                             |
[2022-06-02 18:00:24,537] [builder.py:689]            [WARNING]  | Collection Warning: mal_genre limit attribute not found using 0 as default                         |
[2022-06-02 18:00:24,537] [builder.py:472]            [DEBUG]    |                                                                                                    |
[2022-06-02 18:00:24,537] [builder.py:473]            [DEBUG]    | Validating Method: url_poster                                                                      |
[2022-06-02 18:00:24,538] [builder.py:474]            [DEBUG]    | Value: None                                                                                        |
[2022-06-02 18:00:24,538] [builder.py:479]            [WARNING]  | Collection Warning: url_poster attribute is blank                                                  |
[2022-06-02 18:00:24,543] [plex.py:685]               [DEBUG]    | Looking for: Boys Love                                                                             |
[2022-06-02 18:00:24,543] [builder.py:619]            [INFO]     |                                                                                                    |
[2022-06-02 18:00:24,544] [builder.py:620]            [INFO]     | Validation Successful                                                                              |
[2022-06-02 18:00:24,544] [plex_meta_manager.py:758]  [INFO]     |                                                                                                    |
[2022-06-02 18:00:24,544] [util.py:216]               [INFO]     |================================ Running Boys Love Anime Collection ================================|
[2022-06-02 18:00:24,544] [plex_meta_manager.py:773]  [INFO]     |                                                                                                    |
[2022-06-02 18:00:24,545] [plex_meta_manager.py:774]  [INFO]     | Sync Mode: sync                                                                                    |
[2022-06-02 18:00:24,545] [builder.py:1275]           [DEBUG]    |                                                                                                    |
[2022-06-02 18:00:24,545] [builder.py:1276]           [DEBUG]    | Builder: mal_genre: {'genre_id': 28, 'limit': 0}                                                   |
[2022-06-02 18:00:24,545] [builder.py:1277]           [INFO]     |                                                                                                    |
[2022-06-02 18:00:24,545] [mal.py:223]                [INFO]     | Processing MyAnimeList Genre ID: 28                                                                |
[2022-06-02 18:00:30,842] [mal.py:239]                [DEBUG]    |                                                                                                    |
[2022-06-02 18:00:30,842] [mal.py:240]                [DEBUG]    | 154 MyAnimeList IDs Found: [39533, 21105, 3092, 30346, 9926, 40421, 4814, 1639, 33654, 11123, 149, 37597, 31680, 40615, 44055, 243, 25649, 7058, 37585, 8449, 33417, 33605, 11135, 5391, 8063, 8634, 4866, 850, 20371, 49053, 23441, 3656, 553, 13767, 3375, 746, 1532, 12695, 5774, 741, 2148, 3210, 40646, 36522, 20815, 33392, 44387, 15439, 47591, 4021, 719, 6553, 37616, 15933, 5902, 5784, 39761, 507, 25567, 38797, 33013, 5719, 41466, 31815, 11355, 48780, 747, 25143, 40314, 1019, 724, 40491, 2238, 7110, 1640, 365, 9761, 3057, 40747, 35746, 755, 38217, 41051, 47792, 736, 50672, 12137, 41290, 1637, 1912, 2417, 51440, 37963, 8339, 6546, 1041, 34659, 17371, 600, 733, 1042, 1020, 1324, 1216, 37563, 9232, 2220, 1908, 39380, 43629, 38250, 15291, 752, 1217, 41289, 977, 2218, 5085, 730, 2592, 2835, 34535, 734, 425, 2621, 3007, 40845, 10048, 1909, 37291, 30531, 30262, 2219, 49430, 32684, 1035, 37408, 33457, 18729, 49059, 42855, 42044, 36753, 12663, 40104, 49202, 49460, 22591, 50290, 50201, 50120, 51915, 51035, 51187] |
[2022-06-02 18:00:30,851] [convert.py:78]             [ERROR]    | Convert Error: No TVDb ID or IMDb ID found for AniDB ID: 11134                                     |
[2022-06-02 18:00:30,851] [convert.py:78]             [ERROR]    | Convert Error: No TVDb ID or IMDb ID found for AniDB ID: 15102                                     |
[2022-06-02 18:00:30,851] [convert.py:100]            [ERROR]    | Convert Error: AniDB ID not found for MyAnimeList ID: 1639                                         |
[2022-06-02 18:00:30,851] [convert.py:78]             [ERROR]    | Convert Error: No TVDb ID or IMDb ID found for AniDB ID: 15235                                     |
[2022-06-02 18:00:30,852] [convert.py:100]            [ERROR]    | Convert Error: AniDB ID not found for MyAnimeList ID: 37585                                        |
[2022-06-02 18:00:30,852] [convert.py:100]            [ERROR]    | Convert Error: AniDB ID not found for MyAnimeList ID: 5391                                         |
[2022-06-02 18:00:30,852] [convert.py:100]            [ERROR]    | Convert Error: AniDB ID not found for MyAnimeList ID: 4866                                         |
[2022-06-02 18:00:30,853] [convert.py:78]             [ERROR]    | Convert Error: No TVDb ID or IMDb ID found for AniDB ID: 16357                                     |
[2022-06-02 18:00:30,853] [convert.py:78]             [ERROR]    | Convert Error: No TVDb ID or IMDb ID found for AniDB ID: 3401                                      |
[2022-06-02 18:00:30,853] [convert.py:78]             [ERROR]    | Convert Error: No TVDb ID or IMDb ID found for AniDB ID: 8919                                      |
[2022-06-02 18:00:30,853] [convert.py:100]            [ERROR]    | Convert Error: AniDB ID not found for MyAnimeList ID: 741                                          |
[2022-06-02 18:00:30,854] [convert.py:78]             [ERROR]    | Convert Error: No TVDb ID or IMDb ID found for AniDB ID: 4645                                      |
[2022-06-02 18:00:30,854] [convert.py:78]             [ERROR]    | Convert Error: No TVDb ID or IMDb ID found for AniDB ID: 5453                                      |
[2022-06-02 18:00:30,854] [convert.py:78]             [ERROR]    | Convert Error: No TVDb ID or IMDb ID found for AniDB ID: 15247                                     |
[2022-06-02 18:00:30,855] [convert.py:100]            [ERROR]    | Convert Error: AniDB ID not found for MyAnimeList ID: 20815                                        |
[2022-06-02 18:00:30,855] [convert.py:78]             [ERROR]    | Convert Error: No TVDb ID or IMDb ID found for AniDB ID: 9403                                      |
[2022-06-02 18:00:30,855] [convert.py:100]            [ERROR]    | Convert Error: AniDB ID not found for MyAnimeList ID: 47591                                        |
[2022-06-02 18:00:30,855] [convert.py:78]             [ERROR]    | Convert Error: No TVDb ID or IMDb ID found for AniDB ID: 793                                       |
[2022-06-02 18:00:30,856] [convert.py:100]            [ERROR]    | Convert Error: AniDB ID not found for MyAnimeList ID: 6553                                         |
[2022-06-02 18:00:30,856] [convert.py:78]             [ERROR]    | Convert Error: No TVDb ID or IMDb ID found for AniDB ID: 13988                                     |
[2022-06-02 18:00:30,856] [convert.py:78]             [ERROR]    | Convert Error: No TVDb ID or IMDb ID found for AniDB ID: 9476                                      |
[2022-06-02 18:00:30,857] [convert.py:78]             [ERROR]    | Convert Error: No TVDb ID or IMDb ID found for AniDB ID: 6538                                      |
[2022-06-02 18:00:30,857] [convert.py:100]            [ERROR]    | Convert Error: AniDB ID not found for MyAnimeList ID: 39761                                        |
[2022-06-02 18:00:30,857] [convert.py:100]            [ERROR]    | Convert Error: AniDB ID not found for MyAnimeList ID: 25567                                        |
[2022-06-02 18:00:30,859] [convert.py:100]            [ERROR]    | Convert Error: AniDB ID not found for MyAnimeList ID: 38797                                        |
[2022-06-02 18:00:30,859] [convert.py:78]             [ERROR]    | Convert Error: No TVDb ID or IMDb ID found for AniDB ID: 6295                                      |
[2022-06-02 18:00:30,859] [convert.py:78]             [ERROR]    | Convert Error: No TVDb ID or IMDb ID found for AniDB ID: 15447                                     |
[2022-06-02 18:00:30,859] [convert.py:78]             [ERROR]    | Convert Error: No TVDb ID or IMDb ID found for AniDB ID: 8607                                      |
[2022-06-02 18:00:30,860] [convert.py:78]             [ERROR]    | Convert Error: No TVDb ID or IMDb ID found for AniDB ID: 16271                                     |
[2022-06-02 18:00:30,860] [convert.py:78]             [ERROR]    | Convert Error: No TVDb ID or IMDb ID found for AniDB ID: 10731                                     |
[2022-06-02 18:00:30,860] [convert.py:78]             [ERROR]    | Convert Error: No TVDb ID or IMDb ID found for AniDB ID: 15055                                     |
[2022-06-02 18:00:30,861] [convert.py:100]            [ERROR]    | Convert Error: AniDB ID not found for MyAnimeList ID: 724                                          |
[2022-06-02 18:00:30,861] [convert.py:100]            [ERROR]    | Convert Error: AniDB ID not found for MyAnimeList ID: 40491                                        |
[2022-06-02 18:00:30,861] [convert.py:100]            [ERROR]    | Convert Error: AniDB ID not found for MyAnimeList ID: 7110                                         |
[2022-06-02 18:00:30,862] [convert.py:100]            [ERROR]    | Convert Error: AniDB ID not found for MyAnimeList ID: 9761                                         |
[2022-06-02 18:00:30,862] [convert.py:100]            [ERROR]    | Convert Error: AniDB ID not found for MyAnimeList ID: 3057                                         |
[2022-06-02 18:00:30,863] [convert.py:78]             [ERROR]    | Convert Error: No TVDb ID or IMDb ID found for AniDB ID: 15273                                     |
[2022-06-02 18:00:30,863] [convert.py:78]             [ERROR]    | Convert Error: No TVDb ID or IMDb ID found for AniDB ID: 13305                                     |
[2022-06-02 18:00:30,863] [convert.py:100]            [ERROR]    | Convert Error: AniDB ID not found for MyAnimeList ID: 755                                          |
[2022-06-02 18:00:30,863] [convert.py:78]             [ERROR]    | Convert Error: No TVDb ID or IMDb ID found for AniDB ID: 14306                                     |
[2022-06-02 18:00:30,864] [convert.py:78]             [ERROR]    | Convert Error: No TVDb ID or IMDb ID found for AniDB ID: 15354                                     |
[2022-06-02 18:00:30,864] [convert.py:78]             [ERROR]    | Convert Error: No TVDb ID or IMDb ID found for AniDB ID: 16057                                     |
[2022-06-02 18:00:30,864] [convert.py:100]            [ERROR]    | Convert Error: AniDB ID not found for MyAnimeList ID: 736                                          |
[2022-06-02 18:00:30,865] [convert.py:78]             [ERROR]    | Convert Error: No TVDb ID or IMDb ID found for AniDB ID: 17077                                     |
[2022-06-02 18:00:30,865] [convert.py:78]             [ERROR]    | Convert Error: No TVDb ID or IMDb ID found for AniDB ID: 9489                                      |
[2022-06-02 18:00:30,865] [convert.py:78]             [ERROR]    | Convert Error: No TVDb ID or IMDb ID found for AniDB ID: 15395                                     |
[2022-06-02 18:00:30,866] [convert.py:78]             [ERROR]    | Convert Error: No TVDb ID or IMDb ID found for AniDB ID: 4621                                      |
[2022-06-02 18:00:30,866] [convert.py:78]             [ERROR]    | Convert Error: No TVDb ID or IMDb ID found for AniDB ID: 5135                                      |
[2022-06-02 18:00:30,866] [convert.py:78]             [ERROR]    | Convert Error: No TVDb ID or IMDb ID found for AniDB ID: 17287                                     |
[2022-06-02 18:00:30,867] [convert.py:78]             [ERROR]    | Convert Error: No TVDb ID or IMDb ID found for AniDB ID: 14128                                     |
[2022-06-02 18:00:30,867] [convert.py:78]             [ERROR]    | Convert Error: No TVDb ID or IMDb ID found for AniDB ID: 7406                                      |
[2022-06-02 18:00:30,867] [convert.py:100]            [ERROR]    | Convert Error: AniDB ID not found for MyAnimeList ID: 6546                                         |
[2022-06-02 18:00:30,868] [convert.py:78]             [ERROR]    | Convert Error: No TVDb ID or IMDb ID found for AniDB ID: 791                                       |
[2022-06-02 18:00:30,868] [convert.py:100]            [ERROR]    | Convert Error: AniDB ID not found for MyAnimeList ID: 34659                                        |
[2022-06-02 18:00:30,868] [convert.py:100]            [ERROR]    | Convert Error: AniDB ID not found for MyAnimeList ID: 17371                                        |
[2022-06-02 18:00:30,868] [convert.py:78]             [ERROR]    | Convert Error: No TVDb ID or IMDb ID found for AniDB ID: 794                                       |
[2022-06-02 18:00:30,869] [convert.py:78]             [ERROR]    | Convert Error: No TVDb ID or IMDb ID found for AniDB ID: 792                                       |
[2022-06-02 18:00:30,869] [convert.py:78]             [ERROR]    | Convert Error: No TVDb ID or IMDb ID found for AniDB ID: 3540                                      |
[2022-06-02 18:00:30,869] [convert.py:78]             [ERROR]    | Convert Error: No TVDb ID or IMDb ID found for AniDB ID: 13954                                     |
[2022-06-02 18:00:30,870] [convert.py:100]            [ERROR]    | Convert Error: AniDB ID not found for MyAnimeList ID: 9232                                         |
[2022-06-02 18:00:30,870] [convert.py:78]             [ERROR]    | Convert Error: No TVDb ID or IMDb ID found for AniDB ID: 2649                                      |
[2022-06-02 18:00:30,870] [convert.py:78]             [ERROR]    | Convert Error: No TVDb ID or IMDb ID found for AniDB ID: 799                                       |
[2022-06-02 18:00:30,871] [convert.py:78]             [ERROR]    | Convert Error: No TVDb ID or IMDb ID found for AniDB ID: 15808                                     |
[2022-06-02 18:00:30,871] [convert.py:78]             [ERROR]    | Convert Error: No TVDb ID or IMDb ID found for AniDB ID: 14373                                     |
[2022-06-02 18:00:30,871] [convert.py:100]            [ERROR]    | Convert Error: AniDB ID not found for MyAnimeList ID: 15291                                        |
[2022-06-02 18:00:30,871] [convert.py:78]             [ERROR]    | Convert Error: No TVDb ID or IMDb ID found for AniDB ID: 800                                       |
[2022-06-02 18:00:30,872] [convert.py:78]             [ERROR]    | Convert Error: No TVDb ID or IMDb ID found for AniDB ID: 2401                                      |
[2022-06-02 18:00:30,872] [convert.py:100]            [ERROR]    | Convert Error: AniDB ID not found for MyAnimeList ID: 41289                                        |
[2022-06-02 18:00:30,872] [convert.py:100]            [ERROR]    | Convert Error: AniDB ID not found for MyAnimeList ID: 977                                          |
[2022-06-02 18:00:30,872] [convert.py:78]             [ERROR]    | Convert Error: No TVDb ID or IMDb ID found for AniDB ID: 1269                                      |
[2022-06-02 18:00:30,873] [convert.py:78]             [ERROR]    | Convert Error: No TVDb ID or IMDb ID found for AniDB ID: 1637                                      |
[2022-06-02 18:00:30,876] [convert.py:78]             [ERROR]    | Convert Error: No TVDb ID or IMDb ID found for AniDB ID: 2990                                      |
[2022-06-02 18:00:30,876] [convert.py:78]             [ERROR]    | Convert Error: No TVDb ID or IMDb ID found for AniDB ID: 12645                                     |
[2022-06-02 18:00:30,876] [convert.py:78]             [ERROR]    | Convert Error: No TVDb ID or IMDb ID found for AniDB ID: 3459                                      |
[2022-06-02 18:00:30,877] [convert.py:78]             [ERROR]    | Convert Error: No TVDb ID or IMDb ID found for AniDB ID: 2633                                      |
[2022-06-02 18:00:30,877] [convert.py:78]             [ERROR]    | Convert Error: No TVDb ID or IMDb ID found for AniDB ID: 15302                                     |
[2022-06-02 18:00:30,878] [convert.py:100]            [ERROR]    | Convert Error: AniDB ID not found for MyAnimeList ID: 10048                                        |
[2022-06-02 18:00:30,878] [convert.py:78]             [ERROR]    | Convert Error: No TVDb ID or IMDb ID found for AniDB ID: 2375                                      |
[2022-06-02 18:00:30,878] [convert.py:78]             [ERROR]    | Convert Error: No TVDb ID or IMDb ID found for AniDB ID: 13942                                     |
[2022-06-02 18:00:30,879] [convert.py:78]             [ERROR]    | Convert Error: No TVDb ID or IMDb ID found for AniDB ID: 11174                                     |
[2022-06-02 18:00:30,879] [convert.py:100]            [ERROR]    | Convert Error: AniDB ID not found for MyAnimeList ID: 30262                                        |
[2022-06-02 18:00:30,879] [convert.py:78]             [ERROR]    | Convert Error: No TVDb ID or IMDb ID found for AniDB ID: 1270                                      |
[2022-06-02 18:00:30,879] [convert.py:100]            [ERROR]    | Convert Error: AniDB ID not found for MyAnimeList ID: 49430                                        |
[2022-06-02 18:00:30,880] [convert.py:100]            [ERROR]    | Convert Error: AniDB ID not found for MyAnimeList ID: 32684                                        |
[2022-06-02 18:00:30,880] [convert.py:78]             [ERROR]    | Convert Error: No TVDb ID or IMDb ID found for AniDB ID: 3176                                      |
[2022-06-02 18:00:30,880] [convert.py:100]            [ERROR]    | Convert Error: AniDB ID not found for MyAnimeList ID: 37408                                        |
[2022-06-02 18:00:30,881] [convert.py:100]            [ERROR]    | Convert Error: AniDB ID not found for MyAnimeList ID: 33457                                        |
[2022-06-02 18:00:30,881] [convert.py:100]            [ERROR]    | Convert Error: AniDB ID not found for MyAnimeList ID: 18729                                        |
[2022-06-02 18:00:30,881] [convert.py:100]            [ERROR]    | Convert Error: AniDB ID not found for MyAnimeList ID: 49059                                        |
[2022-06-02 18:00:30,881] [convert.py:100]            [ERROR]    | Convert Error: AniDB ID not found for MyAnimeList ID: 42855                                        |
[2022-06-02 18:00:30,882] [convert.py:100]            [ERROR]    | Convert Error: AniDB ID not found for MyAnimeList ID: 42044                                        |
[2022-06-02 18:00:30,882] [convert.py:100]            [ERROR]    | Convert Error: AniDB ID not found for MyAnimeList ID: 36753                                        |
[2022-06-02 18:00:30,882] [convert.py:78]             [ERROR]    | Convert Error: No TVDb ID or IMDb ID found for AniDB ID: 2278                                      |
[2022-06-02 18:00:30,882] [convert.py:100]            [ERROR]    | Convert Error: AniDB ID not found for MyAnimeList ID: 40104                                        |
[2022-06-02 18:00:30,883] [convert.py:100]            [ERROR]    | Convert Error: AniDB ID not found for MyAnimeList ID: 49202                                        |
[2022-06-02 18:00:30,883] [convert.py:100]            [ERROR]    | Convert Error: AniDB ID not found for MyAnimeList ID: 49460                                        |
[2022-06-02 18:00:30,883] [convert.py:100]            [ERROR]    | Convert Error: AniDB ID not found for MyAnimeList ID: 22591                                        |
[2022-06-02 18:00:30,884] [convert.py:100]            [ERROR]    | Convert Error: AniDB ID not found for MyAnimeList ID: 50290                                        |
[2022-06-02 18:00:30,884] [convert.py:100]            [ERROR]    | Convert Error: AniDB ID not found for MyAnimeList ID: 50201                                        |
[2022-06-02 18:00:30,884] [convert.py:100]            [ERROR]    | Convert Error: AniDB ID not found for MyAnimeList ID: 50120                                        |
[2022-06-02 18:00:30,884] [convert.py:100]            [ERROR]    | Convert Error: AniDB ID not found for MyAnimeList ID: 51915                                        |
[2022-06-02 18:00:30,885] [convert.py:100]            [ERROR]    | Convert Error: AniDB ID not found for MyAnimeList ID: 51035                                        |
[2022-06-02 18:00:30,885] [convert.py:100]            [ERROR]    | Convert Error: AniDB ID not found for MyAnimeList ID: 51187                                        |
[2022-06-02 18:00:30,885] [builder.py:1282]           [DEBUG]    |                                                                                                    |
[2022-06-02 18:00:30,885] [builder.py:1283]           [DEBUG]    | 51 IDs Found: [(361218, 'tvdb'), (280327, 'tvdb'), (84230, 'tvdb'), (247788, 'tvdb'), (84230, 'tvdb'), (329313, 'tvdb'), (247788, 'tvdb'), (79031, 'tvdb'), (352684, 'tvdb'), (305101, 'tvdb'), (404886, 'tvdb'), (80456, 'tvdb'), (84230, 'tvdb'), (148121, 'tvdb'), (193831, 'tvdb'), (305101, 'tvdb'), (321503, 'tvdb'), (284795, 'tvdb'), (247788, 'tvdb'), (223711, 'tvdb'), (85458, 'tvdb'), (247788, 'tvdb'), (280327, 'tvdb'), (82509, 'tvdb'), (78855, 'tvdb'), (84230, 'tvdb'), (207121, 'tvdb'), (93261, 'tvdb'), (282514, 'tvdb'), (321503, 'tvdb'), (317830, 'tvdb'), (407852, 'tvdb'), (83013, 'tvdb'), (261316, 'tvdb'), (80456, 'tvdb'), (305101, 'tvdb'), (304492, 'tvdb'), (136251, 'tvdb'), (81780, 'tvdb'), (136251, 'tvdb'), (109301, 'tvdb'), (30620, 'tmdb'), (44454, 'tmdb'), (182691, 'tvdb'), (81780, 'tvdb'), (120061, 'tvdb'), (352327, 'tvdb'), (367750, 'tmdb'), (88799, 'tmdb'), (135951, 'tvdb'), (179998, 'tmdb')] |
[2022-06-02 18:00:30,886] [builder.py:1284]           [DEBUG]    |                                                                                                    |
[2022-06-02 18:00:30,887] [plex_meta_manager.py:797]  [INFO]     |                                                                                                    |
[2022-06-02 18:00:30,887] [plex_meta_manager.py:798]  [INFO]     | Collection Minimum: 1 not met for Boys Love Anime Collection                                       |
[2022-06-02 18:00:30,887] [builder.py:1929]           [INFO]     |                                                                                                    |
[2022-06-02 18:00:30,888] [util.py:216]               [INFO]     |============================== Missing Movies from Library: Boys Love ==============================|
[2022-06-02 18:00:30,888] [builder.py:1931]           [INFO]     |                                                                                                    |
[2022-06-02 18:00:30,889] [builder.py:1943]           [INFO]     | Boys Love Collection | ? | Fake (1998) (TMDb: 30620)                                               |
[2022-06-02 18:00:30,890] [builder.py:1943]           [INFO]     | Boys Love Collection | ? | Kaze to Ki no Uta Sanctus: Sei Naru Kana (1987) (TMDb: 44454)           |
[2022-06-02 18:00:30,891] [builder.py:1943]           [INFO]     | Boys Love Collection | ? | Naked Youth (2007) (TMDb: 367750)                                       |
[2022-06-02 18:00:30,891] [builder.py:1943]           [INFO]     | Boys Love Collection | ? | Kimera (1996) (TMDb: 88799)                                             |
[2022-06-02 18:00:30,892] [builder.py:1943]           [INFO]     | Boys Love Collection | ? | The Door Into Summer (1981) (TMDb: 179998)                              |
[2022-06-02 18:00:30,892] [builder.py:1947]           [INFO]     |                                                                                                    |
[2022-06-02 18:00:30,892] [builder.py:1948]           [INFO]     | 5 Movies Missing                                                                                   |
[2022-06-02 18:00:31,888] [builder.py:1969]           [INFO]     |                                                                                                    |
[2022-06-02 18:00:31,889] [util.py:216]               [INFO]     |============================== Missing Shows from Library: Boys Love ===============================|
[2022-06-02 18:00:31,889] [builder.py:1971]           [INFO]     |                                                                                                    |
[2022-06-02 18:00:32,287] [builder.py:1982]           [INFO]     | Boys Love Collection | ? | Given (TVDB: 361218)                                                    |
[2022-06-02 18:00:32,597] [builder.py:1982]           [INFO]     | Boys Love Collection | ? | Love Stage!! (TVDB: 280327)                                             |
[2022-06-02 18:00:32,927] [builder.py:1982]           [INFO]     | Boys Love Collection | ? | Junjou Romantica (TVDB: 84230)                                          |
[2022-06-02 18:00:33,280] [builder.py:1982]           [INFO]     | Boys Love Collection | ? | Sekaiichi Hatsukoi: The World's Greatest First Love (TVDB: 247788)      |
[2022-06-02 18:00:33,876] [builder.py:1982]           [INFO]     | Boys Love Collection | ? | Hitorijime My Hero (TVDB: 329313)                                       |
[2022-06-02 18:00:34,291] [builder.py:1982]           [INFO]     | Boys Love Collection | ? | Loveless (TVDB: 79031)                                                  |
[2022-06-02 18:00:35,151] [builder.py:1982]           [INFO]     | Boys Love Collection | ? | Dakaichi: I’m Being Harassed by the Sexiest Man of the Year (TVDB: 352684) |
[2022-06-02 18:00:36,048] [builder.py:1982]           [INFO]     | Boys Love Collection | ? | Super Lovers (TVDB: 305101)                                             |
[2022-06-02 18:00:39,239] [builder.py:1982]           [INFO]     | Boys Love Collection | ? | Sasaki and Miyano (TVDB: 404886)                                        |
[2022-06-02 18:00:40,266] [builder.py:1982]           [INFO]     | Boys Love Collection | ? | Gravitation (TVDB: 80456)                                               |
[2022-06-02 18:00:41,146] [builder.py:1982]           [INFO]     | Boys Love Collection | ? | The Betrayal Knows My Name (TVDB: 148121)                               |
[2022-06-02 18:00:42,230] [builder.py:1982]           [INFO]     | Boys Love Collection | ? | Togainu no Chi: Bloody Curs (TVDB: 193831)                              |
[2022-06-02 18:00:42,691] [builder.py:1982]           [INFO]     | Boys Love Collection | ? | Spiritpact (TVDB: 321503)                                               |
[2022-06-02 18:00:43,038] [builder.py:1982]           [INFO]     | Boys Love Collection | ? | Hybrid Child (TVDB: 284795)                                             |
[2022-06-02 18:00:43,309] [builder.py:1982]           [INFO]     | Boys Love Collection | ? | The Tyrant Falls in Love (TVDB: 223711)                                 |
[2022-06-02 18:00:43,578] [builder.py:1982]           [INFO]     | Boys Love Collection | ? | Gakuen Heaven (TVDB: 85458)                                             |
[2022-06-02 18:00:44,129] [builder.py:1982]           [INFO]     | Boys Love Collection | ? | Monochrome Factor (TVDB: 82509)                                         |
[2022-06-02 18:00:44,257] [builder.py:1977]           [ERROR]    | TVDb Error: Could not find a TVDb Series using TVDb Series ID: 78855                               |
[2022-06-02 18:00:44,704] [builder.py:1982]           [INFO]     | Boys Love Collection | ? | Kirepapa (TVDB: 207121)                                                 |
[2022-06-02 18:00:45,791] [builder.py:1982]           [INFO]     | Boys Love Collection | ? | Sukisho! (TVDB: 93261)                                                  |
[2022-06-02 18:00:46,691] [builder.py:1982]           [INFO]     | Boys Love Collection | ? | Hey! Class President (TVDB: 282514)                                     |
[2022-06-02 18:00:48,258] [builder.py:1982]           [INFO]     | Boys Love Collection | ? | Gakuen Handsome (TVDB: 317830)                                          |
[2022-06-02 18:00:49,323] [builder.py:1982]           [INFO]     | Boys Love Collection | ? | The Night Beyond the Tricornered Window (TVDB: 407852)                  |
[2022-06-02 18:00:50,447] [builder.py:1982]           [INFO]     | Boys Love Collection | ? | Antique Bakery (2008) (TVDB: 83013)                                     |
[2022-06-02 18:00:50,892] [builder.py:1982]           [INFO]     | Boys Love Collection | ? | Ai no Kusabi (2012) (TVDB: 261316)                                      |
[2022-06-02 18:00:51,753] [builder.py:1982]           [INFO]     | Boys Love Collection | ? | This Boy Is a Professional Wizard (TVDB: 304492)                        |
[2022-06-02 18:00:52,999] [builder.py:1982]           [INFO]     | Boys Love Collection | ? | Embracing Love: Cherished Spring (TVDB: 136251)                         |
[2022-06-02 18:00:53,643] [builder.py:1982]           [INFO]     | Boys Love Collection | ? | Mirage of Blaze (TVDB: 81780)                                           |
[2022-06-02 18:00:53,944] [builder.py:1982]           [INFO]     | Boys Love Collection | ? | Angel's Feather (TVDB: 109301)                                          |
[2022-06-02 18:00:54,239] [builder.py:1982]           [INFO]     | Boys Love Collection | ? | Legend of Duo (TVDB: 182691)                                            |
[2022-06-02 18:00:54,627] [builder.py:1982]           [INFO]     | Boys Love Collection | ? | Earthian (TVDB: 120061)                                                 |
[2022-06-02 18:00:55,074] [builder.py:1982]           [INFO]     | Boys Love Collection | ? | Hey, Your Cat Ears Are Showing! (TVDB: 352327)                          |
[2022-06-02 18:00:57,125] [builder.py:1982]           [INFO]     | Boys Love Collection | ? | Araiso Private High School Student Council Executive Committee (TVDB: 135951) |
[2022-06-02 18:00:57,125] [builder.py:1986]           [INFO]     |                                                                                                    |
[2022-06-02 18:00:57,125] [builder.py:1987]           [INFO]     | 32 Shows Missing                                                                                   |
[2022-06-02 18:00:58,141] [plex_meta_manager.py:843]  [INFO]     |                                                                                                    |
[2022-06-02 18:00:58,142] [util.py:216]               [INFO]     |========================================== No Items Found ==========================================|
[2022-06-02 18:00:58,142] [plex_meta_manager.py:880]  [INFO]     |                                                                                                    |
[2022-06-02 18:00:58,143] [util.py:209]               [INFO]     |====================================================================================================|
[2022-06-02 18:00:58,143] [util.py:216]               [INFO]     |                                Finished Boys Love Anime Collection                                 |
[2022-06-02 18:00:58,143] [util.py:216]               [INFO]     |                                    Collection Run Time: 0:00:33                                    |
[2022-06-02 18:00:58,143] [util.py:220]               [INFO]     |====================================================================================================|
