[2022-11-23 01:27:08,438] [util.py:209]               [INFO]     |====================================================================================================|
[2022-11-23 01:27:08,438] [util.py:216]               [INFO]     |                                     Harem Collection in Anime                                      |
[2022-11-23 01:27:08,438] [util.py:220]               [INFO]     |====================================================================================================|
[2022-11-23 01:27:08,439] [plex_meta_manager.py:750]  [INFO]     |                                                                                                    |
[2022-11-23 01:27:08,439] [util.py:216]               [INFO]     |=================================== Validating Harem Attributes ====================================|
[2022-11-23 01:27:08,440] [builder.py:265]            [DEBUG]    |                                                                                                    |
[2022-11-23 01:27:08,441] [builder.py:266]            [DEBUG]    | Validating Method: template                                                                        |
[2022-11-23 01:27:08,441] [meta.py:83]                [DEBUG]    | Value: ordereddict([('name', 'Anime'), ('mal_id', 35), ('poster', 'https://theposterdb.com/api/assets/240848')]) |
[2022-11-23 01:27:08,441] [builder.py:330]            [DEBUG]    |                                                                                                    |
[2022-11-23 01:27:08,441] [builder.py:331]            [DEBUG]    | Validating Method: sync_mode                                                                       |
[2022-11-23 01:27:08,442] [builder.py:335]            [DEBUG]    | Value: sync                                                                                        |
[2022-11-23 01:27:08,442] [builder.py:453]            [DEBUG]    |                                                                                                    |
[2022-11-23 01:27:08,442] [builder.py:454]            [DEBUG]    | Validating Method: collection_order                                                                |
[2022-11-23 01:27:08,442] [builder.py:455]            [DEBUG]    | Value: alpha                                                                                       |
[2022-11-23 01:27:08,442] [builder.py:472]            [DEBUG]    |                                                                                                    |
[2022-11-23 01:27:08,443] [builder.py:473]            [DEBUG]    | Validating Method: mal_genre                                                                       |
[2022-11-23 01:27:08,443] [builder.py:474]            [DEBUG]    | Value: {'genre_id': 35, 'limit': 999}                                                              |
[2022-11-23 01:27:08,443] [builder.py:472]            [DEBUG]    |                                                                                                    |
[2022-11-23 01:27:08,443] [builder.py:473]            [DEBUG]    | Validating Method: url_poster                                                                      |
[2022-11-23 01:27:08,443] [builder.py:474]            [DEBUG]    | Value: https://theposterdb.com/api/assets/240848                                                   |
[2022-11-23 01:27:08,444] [builder.py:472]            [DEBUG]    |                                                                                                    |
[2022-11-23 01:27:08,444] [builder.py:473]            [DEBUG]    | Validating Method: sort_title                                                                      |
[2022-11-23 01:27:08,444] [builder.py:474]            [DEBUG]    | Value: +++_Harem                                                                                   |
[2022-11-23 01:27:08,444] [builder.py:472]            [DEBUG]    |                                                                                                    |
[2022-11-23 01:27:08,444] [builder.py:473]            [DEBUG]    | Validating Method: sonarr_add_existing                                                             |
[2022-11-23 01:27:08,445] [builder.py:474]            [DEBUG]    | Value: True                                                                                        |
[2022-11-23 01:27:08,499] [builder.py:619]            [INFO]     |                                                                                                    |
[2022-11-23 01:27:08,500] [builder.py:620]            [INFO]     | Validation Successful                                                                              |
[2022-11-23 01:27:08,500] [plex_meta_manager.py:758]  [INFO]     |                                                                                                    |
[2022-11-23 01:27:08,500] [util.py:216]               [INFO]     |===================================== Running Harem Collection =====================================|
[2022-11-23 01:27:08,501] [plex_meta_manager.py:773]  [INFO]     |                                                                                                    |
[2022-11-23 01:27:08,501] [plex_meta_manager.py:774]  [INFO]     | Sync Mode: sync                                                                                    |
[2022-11-23 01:27:08,501] [builder.py:1275]           [DEBUG]    |                                                                                                    |
[2022-11-23 01:27:08,501] [builder.py:1276]           [DEBUG]    | Builder: mal_genre: {'genre_id': 35, 'limit': 999}                                                 |
[2022-11-23 01:27:08,502] [builder.py:1277]           [INFO]     |                                                                                                    |
[2022-11-23 01:27:08,502] [mal.py:225]                [INFO]     | Processing MyAnimeList Genre ID: 35                                                                |
[2022-11-23 01:27:10,672] [util.py:162]               [DEBUG]    | Traceback (most recent call last):                                                                 |
[2022-11-23 01:27:10,672] [util.py:162]               [DEBUG]    |   File "C:\Plex-Stack\Plex-Meta-Manager\plex_meta_manager.py", line 783, in run_collection         |
[2022-11-23 01:27:10,672] [util.py:162]               [DEBUG]    |     builder.find_rating_keys()                                                                     |
[2022-11-23 01:27:10,673] [util.py:162]               [DEBUG]    |   File "C:\Plex-Stack\Plex-Meta-Manager\modules\builder.py", line 1279, in find_rating_keys        |
[2022-11-23 01:27:10,673] [util.py:162]               [DEBUG]    |     ids = self.gather_ids(method, value)                                                           |
[2022-11-23 01:27:10,673] [util.py:162]               [DEBUG]    |   File "C:\Plex-Stack\Plex-Meta-Manager\modules\builder.py", line 1252, in gather_ids              |
[2022-11-23 01:27:10,673] [util.py:162]               [DEBUG]    |     mal_ids = self.config.MyAnimeList.get_mal_ids(method, value)                                   |
[2022-11-23 01:27:10,673] [util.py:162]               [DEBUG]    |   File "C:\Plex-Stack\Plex-Meta-Manager\modules\mal.py", line 226, in get_mal_ids                  |
[2022-11-23 01:27:10,674] [util.py:162]               [DEBUG]    |     mal_ids = self._genre(data["genre_id"], data["limit"])                                         |
[2022-11-23 01:27:10,674] [util.py:162]               [DEBUG]    |   File "C:\Plex-Stack\Plex-Meta-Manager\modules\mal.py", line 173, in _genre                       |
[2022-11-23 01:27:10,674] [util.py:162]               [DEBUG]    |     raise Failed(f"MyAnimeList Error: No MyAnimeList IDs for Genre ID: {genre_id}")                |
[2022-11-23 01:27:10,674] [util.py:162]               [DEBUG]    | modules.util.Failed: MyAnimeList Error: No MyAnimeList IDs for Genre ID: 35                        |
[2022-11-23 01:27:10,674] [util.py:162]               [DEBUG]    |                                                                                                    |
[2022-11-23 01:27:10,674] [util.py:159]               [ERROR]    | MyAnimeList Error: No MyAnimeList IDs for Genre ID: 35                                             |
[2022-11-23 01:27:10,675] [plex_meta_manager.py:880]  [INFO]     |                                                                                                    |
[2022-11-23 01:27:10,675] [util.py:209]               [INFO]     |====================================================================================================|
[2022-11-23 01:27:10,675] [util.py:216]               [INFO]     |                                     Finished Harem Collection                                      |
[2022-11-23 01:27:10,676] [util.py:216]               [INFO]     |                                    Collection Run Time: 0:00:02                                    |
[2022-11-23 01:27:10,676] [util.py:220]               [INFO]     |====================================================================================================|
