[2022-01-16 15:04:37,894] [util.py:209]               [INFO]     |====================================================================================================|
[2022-01-16 15:04:37,895] [util.py:216]               [INFO]     |                                  Halloween. Collection in Movies                                   |
[2022-01-16 15:04:37,895] [util.py:220]               [INFO]     |====================================================================================================|
[2022-01-16 15:04:37,895] [plex_meta_manager.py:750]  [INFO]     |                                                                                                    |
[2022-01-16 15:04:37,896] [plex_meta_manager.py:752]  [INFO]     | Log Folder Name: Halloween. is invalid using Halloween                                             |
[2022-01-16 15:04:37,897] [plex_meta_manager.py:753]  [INFO]     |                                                                                                    |
[2022-01-16 15:04:37,897] [util.py:216]               [INFO]     |================================= Validating Halloween. Attributes =================================|
[2022-01-16 15:04:37,897] [builder.py:265]            [DEBUG]    |                                                                                                    |
[2022-01-16 15:04:37,897] [builder.py:266]            [DEBUG]    | Validating Method: template                                                                        |
[2022-01-16 15:04:37,898] [meta.py:83]                [DEBUG]    | Value: ordereddict([('name', 'Holiday'), ('poster', 'https://theposterdb.com/api/assets/27316')])  |
[2022-01-16 15:04:37,898] [builder.py:453]            [DEBUG]    |                                                                                                    |
[2022-01-16 15:04:37,898] [builder.py:454]            [DEBUG]    | Validating Method: collection_order                                                                |
[2022-01-16 15:04:37,898] [builder.py:455]            [DEBUG]    | Value: release                                                                                     |
[2022-01-16 15:04:37,899] [builder.py:472]            [DEBUG]    |                                                                                                    |
[2022-01-16 15:04:37,899] [builder.py:473]            [DEBUG]    | Validating Method: trakt_list                                                                      |
[2022-01-16 15:04:37,899] [builder.py:474]            [DEBUG]    | Value: ['https://trakt.tv/users/kairbear08/lists/halloween', 'https://trakt.tv/users/mybicycle/lists/halloween', 'https://trakt.tv/users/jayinftl/lists/halloween', 'https://trakt.tv/users/roswellgeek/lists/halloween'] |
[2022-01-16 15:04:37,900] [util.py:162]               [DEBUG]    | Traceback (most recent call last):                                                                 |
[2022-01-16 15:04:37,900] [util.py:162]               [DEBUG]    |   File "E:\Plex Media Manager\Plex-Meta-Manager\plex_meta_manager.py", line 757, in run_collection |
[2022-01-16 15:04:37,900] [util.py:162]               [DEBUG]    |     builder = CollectionBuilder(config, library, metadata, mapping_name, no_missing, collection_attrs) |
[2022-01-16 15:04:37,900] [util.py:162]               [DEBUG]    |   File "E:\Plex Media Manager\Plex-Meta-Manager\modules\builder.py", line 483, in __init__         |
[2022-01-16 15:04:37,900] [util.py:162]               [DEBUG]    |     raise Failed(f"{self.Type} Error: {method_final} requires Trakt to be configured")             |
[2022-01-16 15:04:37,901] [util.py:162]               [DEBUG]    | modules.util.Failed: Collection Error: trakt_list requires Trakt to be configured                  |
[2022-01-16 15:04:37,901] [util.py:162]               [DEBUG]    |                                                                                                    |
[2022-01-16 15:04:37,901] [util.py:159]               [ERROR]    | Collection Error: trakt_list requires Trakt to be configured                                       |
[2022-01-16 15:04:37,901] [plex_meta_manager.py:880]  [INFO]     |                                                                                                    |
[2022-01-16 15:04:37,902] [util.py:209]               [INFO]     |====================================================================================================|
[2022-01-16 15:04:37,902] [util.py:216]               [INFO]     |                                   Finished Halloween. Collection                                   |
[2022-01-16 15:04:37,902] [util.py:216]               [INFO]     |                                    Collection Run Time: 0:00:00                                    |
[2022-01-16 15:04:37,902] [util.py:220]               [INFO]     |====================================================================================================|
