[2022-10-25 01:00:39,782] [util.py:209]               [INFO]     |====================================================================================================|
[2022-10-25 01:00:39,783] [util.py:216]               [INFO]     |                               Godzilla (Heisei) Collection in Movies                               |
[2022-10-25 01:00:39,783] [util.py:220]               [INFO]     |====================================================================================================|
[2022-10-25 01:00:39,783] [plex_meta_manager.py:750]  [INFO]     |                                                                                                    |
[2022-10-25 01:00:39,784] [util.py:216]               [INFO]     |============================= Validating Godzilla (Heisei) Attributes ==============================|
[2022-10-25 01:00:39,784] [builder.py:265]            [DEBUG]    |                                                                                                    |
[2022-10-25 01:00:39,784] [builder.py:266]            [DEBUG]    | Validating Method: template                                                                        |
[2022-10-25 01:00:39,785] [meta.py:83]                [DEBUG]    | Value: ordereddict([('name', 'Movie'), ('collection', 374511), ('summary', 374511), ('movie', 39256), ('poster', 'https://theposterdb.com/api/assets/128721')]) |
[2022-10-25 01:00:39,785] [builder.py:330]            [DEBUG]    |                                                                                                    |
[2022-10-25 01:00:39,785] [builder.py:331]            [DEBUG]    | Validating Method: sync_mode                                                                       |
[2022-10-25 01:00:39,785] [builder.py:335]            [DEBUG]    | Value: sync                                                                                        |
[2022-10-25 01:00:39,786] [builder.py:453]            [DEBUG]    |                                                                                                    |
[2022-10-25 01:00:39,786] [builder.py:454]            [DEBUG]    | Validating Method: collection_order                                                                |
[2022-10-25 01:00:39,786] [builder.py:455]            [DEBUG]    | Value: release                                                                                     |
[2022-10-25 01:00:39,786] [builder.py:472]            [DEBUG]    |                                                                                                    |
[2022-10-25 01:00:39,787] [builder.py:473]            [DEBUG]    | Validating Method: sort_title                                                                      |
[2022-10-25 01:00:39,787] [builder.py:474]            [DEBUG]    | Value: Godzilla 02 (Heisei)                                                                        |
[2022-10-25 01:00:39,787] [builder.py:472]            [DEBUG]    |                                                                                                    |
[2022-10-25 01:00:39,787] [builder.py:473]            [DEBUG]    | Validating Method: url_poster                                                                      |
[2022-10-25 01:00:39,788] [builder.py:474]            [DEBUG]    | Value: https://theposterdb.com/api/assets/128721                                                   |
[2022-10-25 01:00:39,788] [builder.py:472]            [DEBUG]    |                                                                                                    |
[2022-10-25 01:00:39,788] [builder.py:473]            [DEBUG]    | Validating Method: tmdb_collection                                                                 |
[2022-10-25 01:00:39,788] [builder.py:474]            [DEBUG]    | Value: 374511                                                                                      |
[2022-10-25 01:00:39,907] [builder.py:472]            [DEBUG]    |                                                                                                    |
[2022-10-25 01:00:39,908] [builder.py:473]            [DEBUG]    | Validating Method: tmdb_summary                                                                    |
[2022-10-25 01:00:39,908] [builder.py:474]            [DEBUG]    | Value: 374511                                                                                      |
[2022-10-25 01:00:39,908] [builder.py:472]            [DEBUG]    |                                                                                                    |
[2022-10-25 01:00:39,909] [builder.py:473]            [DEBUG]    | Validating Method: radarr_add_missing                                                              |
[2022-10-25 01:00:39,909] [builder.py:474]            [DEBUG]    | Value: True                                                                                        |
[2022-10-25 01:00:40,072] [builder.py:619]            [INFO]     |                                                                                                    |
[2022-10-25 01:00:40,072] [builder.py:620]            [INFO]     | Validation Successful                                                                              |
[2022-10-25 01:00:40,073] [plex_meta_manager.py:758]  [INFO]     |                                                                                                    |
[2022-10-25 01:00:40,073] [util.py:216]               [INFO]     |=============================== Running Godzilla (Heisei) Collection ===============================|
[2022-10-25 01:00:40,074] [plex_meta_manager.py:773]  [INFO]     |                                                                                                    |
[2022-10-25 01:00:40,074] [plex_meta_manager.py:774]  [INFO]     | Sync Mode: sync                                                                                    |
[2022-10-25 01:00:40,074] [builder.py:1275]           [DEBUG]    |                                                                                                    |
[2022-10-25 01:00:40,075] [builder.py:1276]           [DEBUG]    | Builder: tmdb_collection: 374511                                                                   |
[2022-10-25 01:00:40,075] [builder.py:1277]           [INFO]     |                                                                                                    |
[2022-10-25 01:00:40,075] [tmdb.py:321]               [INFO]     | Processing TMDb Collection: (374511) Godzilla (Heisei) Collection (7 Items)                        |
[2022-10-25 01:00:40,076] [builder.py:1282]           [DEBUG]    |                                                                                                    |
[2022-10-25 01:00:40,076] [builder.py:1283]           [DEBUG]    | 7 IDs Found: [(18289, 'tmdb'), (36679, 'tmdb'), (39465, 'tmdb'), (6593, 'tmdb'), (39466, 'tmdb'), (12561, 'tmdb'), (421467, 'tmdb')] |
[2022-10-25 01:00:40,076] [builder.py:1284]           [DEBUG]    |                                                                                                    |
[2022-10-25 01:00:40,130] [builder.py:1697]           [INFO]     |                                                                                                    |
[2022-10-25 01:00:40,130] [util.py:216]               [INFO]     |============================== Adding to Godzilla (Heisei) Collection ==============================|
[2022-10-25 01:00:40,131] [builder.py:1699]           [INFO]     |                                                                                                    |
[2022-10-25 01:00:40,131] [builder.py:1709]           [INFO]     | 1/4 | Godzilla (Heisei) Collection | = | Godzilla vs. Biollante (1989)                             |
[2022-10-25 01:00:40,131] [builder.py:1709]           [INFO]     | 2/4 | Godzilla (Heisei) Collection | = | Godzilla vs. Mothra (1992)                                |
[2022-10-25 01:00:40,132] [builder.py:1709]           [INFO]     | 3/4 | Godzilla (Heisei) Collection | = | Godzilla vs. SpaceGodzilla (1994)                         |
[2022-10-25 01:00:40,132] [builder.py:1709]           [INFO]     | 4/4 | Godzilla (Heisei) Collection | = | The Return of Godzilla (1984)                             |
[2022-10-25 01:00:40,132] [builder.py:1734]           [INFO]     |                                                                                                    |
[2022-10-25 01:00:40,133] [builder.py:1735]           [INFO]     | 4 Movies Processed                                                                                 |
[2022-10-25 01:00:40,133] [builder.py:1929]           [INFO]     |                                                                                                    |
[2022-10-25 01:00:40,134] [util.py:216]               [INFO]     |========================== Missing Movies from Library: Godzilla (Heisei) ==========================|
[2022-10-25 01:00:40,134] [builder.py:1931]           [INFO]     |                                                                                                    |
[2022-10-25 01:00:40,327] [builder.py:1943]           [INFO]     | Godzilla (Heisei) Collection | ? | Godzilla vs. King Ghidorah (1991) (TMDb: 36679)                 |
[2022-10-25 01:00:40,525] [builder.py:1943]           [INFO]     | Godzilla (Heisei) Collection | ? | Godzilla vs. Mechagodzilla II (1993) (TMDb: 6593)               |
[2022-10-25 01:00:40,698] [builder.py:1943]           [INFO]     | Godzilla (Heisei) Collection | ? | Godzilla vs. Destoroyah (1995) (TMDb: 12561)                    |
[2022-10-25 01:00:40,699] [builder.py:1947]           [INFO]     |                                                                                                    |
[2022-10-25 01:00:40,699] [builder.py:1948]           [INFO]     | 3 Movies Missing                                                                                   |
[2022-10-25 01:00:40,704] [radarr.py:44]              [INFO]     |                                                                                                    |
[2022-10-25 01:00:40,705] [util.py:216]               [INFO]     |===================================== Adding Missing to Radarr =====================================|
[2022-10-25 01:00:40,705] [radarr.py:46]              [DEBUG]    |                                                                                                    |
[2022-10-25 01:00:40,705] [radarr.py:47]              [DEBUG]    | Radarr Adds: [36679, 6593, 12561]                                                                  |
[2022-10-25 01:00:41,440] [radarr.py:136]             [INFO]     |                                                                                                    |
[2022-10-25 01:00:41,441] [radarr.py:144]             [INFO]     | Skipped: In Cache | 36679                                                                          |
[2022-10-25 01:00:41,441] [radarr.py:144]             [INFO]     | Skipped: In Cache | 6593                                                                           |
[2022-10-25 01:00:41,441] [radarr.py:144]             [INFO]     | Skipped: In Cache | 12561                                                                          |
[2022-10-25 01:00:41,441] [radarr.py:145]             [INFO]     | 3 Movies already exist in Radarr                                                                   |
[2022-10-25 01:00:41,456] [builder.py:2147]           [INFO]     |                                                                                                    |
[2022-10-25 01:00:41,456] [util.py:216]               [INFO]     |========================= Updating Details of Godzilla (Heisei) Collection =========================|
[2022-10-25 01:00:41,456] [builder.py:2149]           [INFO]     |                                                                                                    |
[2022-10-25 01:00:41,457] [builder.py:2156]           [INFO]     | Detail: tmdb_summary updated Collection Summary                                                    |
[2022-10-25 01:00:41,458] [builder.py:2258]           [DEBUG]    | 1 posters found:                                                                                   |
[2022-10-25 01:00:41,458] [builder.py:2260]           [DEBUG]    | Method: url_poster Poster: https://theposterdb.com/api/assets/128721                               |
[2022-10-25 01:00:41,458] [builder.py:2327]           [INFO]     | No background collection detail or asset folder found                                              |
[2022-10-25 01:00:41,459] [library.py:147]            [INFO]     | Detail: poster update not needed                                                                   |
[2022-10-25 01:00:41,615] [plex_meta_manager.py:880]  [INFO]     |                                                                                                    |
[2022-10-25 01:00:41,616] [util.py:209]               [INFO]     |====================================================================================================|
[2022-10-25 01:00:41,616] [util.py:216]               [INFO]     |                               Finished Godzilla (Heisei) Collection                                |
[2022-10-25 01:00:41,617] [util.py:216]               [INFO]     |                                    Collection Run Time: 0:00:01                                    |
[2022-10-25 01:00:41,617] [util.py:220]               [INFO]     |====================================================================================================|
