[2022-01-16 14:55:18,159] [util.py:209]               [INFO]     |====================================================================================================|
[2022-01-16 14:55:18,159] [util.py:216]               [INFO]     |                                  Liam Neeson Collection in Movies                                  |
[2022-01-16 14:55:18,160] [util.py:220]               [INFO]     |====================================================================================================|
[2022-01-16 14:55:18,160] [plex_meta_manager.py:750]  [INFO]     |                                                                                                    |
[2022-01-16 14:55:18,161] [util.py:216]               [INFO]     |================================ Validating Liam Neeson Attributes =================================|
[2022-01-16 14:55:18,162] [builder.py:265]            [DEBUG]    |                                                                                                    |
[2022-01-16 14:55:18,162] [builder.py:266]            [DEBUG]    | Validating Method: template                                                                        |
[2022-01-16 14:55:18,162] [meta.py:83]                [DEBUG]    | Value: ordereddict([('name', 'people'), ('person', 3896)])                                         |
[2022-01-16 14:55:18,163] [builder.py:367]            [DEBUG]    |                                                                                                    |
[2022-01-16 14:55:18,163] [builder.py:368]            [DEBUG]    | Validating Method: tmdb_person                                                                     |
[2022-01-16 14:55:18,163] [builder.py:372]            [DEBUG]    | Value: 3896                                                                                        |
[2022-01-16 14:55:18,302] [builder.py:453]            [DEBUG]    |                                                                                                    |
[2022-01-16 14:55:18,303] [builder.py:454]            [DEBUG]    | Validating Method: collection_order                                                                |
[2022-01-16 14:55:18,303] [builder.py:455]            [DEBUG]    | Value: release                                                                                     |
[2022-01-16 14:55:18,303] [builder.py:472]            [DEBUG]    |                                                                                                    |
[2022-01-16 14:55:18,304] [builder.py:473]            [DEBUG]    | Validating Method: actor                                                                           |
[2022-01-16 14:55:18,304] [builder.py:474]            [DEBUG]    | Value: tmdb                                                                                        |
[2022-01-16 14:55:18,346] [builder.py:472]            [DEBUG]    |                                                                                                    |
[2022-01-16 14:55:18,346] [builder.py:473]            [DEBUG]    | Validating Method: sort_title                                                                      |
[2022-01-16 14:55:18,346] [builder.py:474]            [DEBUG]    | Value: ++_Liam Neeson                                                                              |
[2022-01-16 14:55:18,351] [plex.py:685]               [DEBUG]    | Looking for: Liam Neeson                                                                           |
[2022-01-16 14:55:18,351] [builder.py:619]            [INFO]     |                                                                                                    |
[2022-01-16 14:55:18,352] [builder.py:620]            [INFO]     | Validation Successful                                                                              |
[2022-01-16 14:55:18,353] [plex_meta_manager.py:758]  [INFO]     |                                                                                                    |
[2022-01-16 14:55:18,354] [util.py:216]               [INFO]     |================================== Running Liam Neeson Collection ==================================|
[2022-01-16 14:55:18,354] [plex_meta_manager.py:773]  [INFO]     |                                                                                                    |
[2022-01-16 14:55:18,355] [plex_meta_manager.py:774]  [INFO]     | Sync Mode: append                                                                                  |
[2022-01-16 14:55:18,355] [builder.py:1275]           [DEBUG]    |                                                                                                    |
[2022-01-16 14:55:18,355] [builder.py:1276]           [DEBUG]    | Builder: plex_search: (1, 'Plex Movie Search\nSort By: title.asc\nFilter:\n  Match any of the following:\n    Actor is Liam Neeson', '?type=1&sort=titleSort&push=1&actor=22786&pop=1') |
[2022-01-16 14:55:18,355] [builder.py:1277]           [INFO]     |                                                                                                    |
[2022-01-16 14:55:18,356] [util.py:161]               [INFO]     | Plex Movie Search                                                                                  |
[2022-01-16 14:55:18,356] [util.py:161]               [INFO]     | Sort By: title.asc                                                                                 |
[2022-01-16 14:55:18,356] [util.py:161]               [INFO]     | Filter:                                                                                            |
[2022-01-16 14:55:18,357] [util.py:161]               [INFO]     |   Match any of the following:                                                                      |
[2022-01-16 14:55:18,357] [util.py:161]               [INFO]     |     Actor is Liam Neeson                                                                           |
[2022-01-16 14:55:18,378] [plex.py:746]               [DEBUG]    |                                                                                                    |
[2022-01-16 14:55:18,379] [plex.py:747]               [DEBUG]    | 4 Keys Found: [(32335, 'ratingKey'), (32388, 'ratingKey'), (32171, 'ratingKey'), (32182, 'ratingKey')] |
[2022-01-16 14:55:18,379] [builder.py:1282]           [DEBUG]    |                                                                                                    |
[2022-01-16 14:55:18,379] [builder.py:1283]           [DEBUG]    | 4 IDs Found: [(32335, 'ratingKey'), (32388, 'ratingKey'), (32171, 'ratingKey'), (32182, 'ratingKey')] |
[2022-01-16 14:55:18,380] [builder.py:1284]           [DEBUG]    |                                                                                                    |
[2022-01-16 14:55:18,575] [builder.py:1697]           [INFO]     |                                                                                                    |
[2022-01-16 14:55:18,576] [util.py:216]               [INFO]     |================================= Adding to Liam Neeson Collection =================================|
[2022-01-16 14:55:18,576] [builder.py:1699]           [INFO]     |                                                                                                    |
[2022-01-16 14:55:18,577] [builder.py:1709]           [INFO]     | 1/4 | Liam Neeson Collection | + | Batman Begins (2005)                                            |
[2022-01-16 14:55:18,757] [builder.py:1709]           [INFO]     | 2/4 | Liam Neeson Collection | + | The Dark Knight Rises (2012)                                    |
[2022-01-16 14:55:18,920] [builder.py:1709]           [INFO]     | 3/4 | Liam Neeson Collection | + | Star Wars: Episode I - The Phantom Menace (1999)                |
[2022-01-16 14:55:19,095] [builder.py:1709]           [INFO]     | 4/4 | Liam Neeson Collection | + | Star Wars: Episode II - Attack of the Clones (2002)             |
[2022-01-16 14:55:19,276] [builder.py:1734]           [INFO]     |                                                                                                    |
[2022-01-16 14:55:19,277] [builder.py:1735]           [INFO]     | 4 Movies Processed                                                                                 |
[2022-01-16 14:55:19,281] [builder.py:2147]           [INFO]     |                                                                                                    |
[2022-01-16 14:55:19,282] [util.py:216]               [INFO]     |============================ Updating Details of Liam Neeson Collection ============================|
[2022-01-16 14:55:19,283] [builder.py:2149]           [INFO]     |                                                                                                    |
[2022-01-16 14:55:19,283] [builder.py:2156]           [INFO]     | Detail: tmdb_person updated Collection Summary                                                     |
[2022-01-16 14:55:19,284] [builder.py:2193]           [INFO]     | Detail: sort_title updated Collection Sort Title to ++_Liam Neeson                                 |
[2022-01-16 14:55:19,284] [builder.py:2235]           [DEBUG]    | {'summary.value': "An Irish actor who has been nominated for an Oscar, a BAFTA and three Golden Globe Awards. He has starred in a number of notable roles including Oskar Schindler in Schindler's List, Michael Collins in Michael Collins, Peyton Westlake in Darkman, Jean Valjean in Les Misérables, Qui-Gon Jinn in Star Wars Episode I: The Phantom Menace, Alfred Kinsey in Kinsey, Ras Al Ghul in Batman Begins and the voice of Aslan in The Chronicles of Narnia film series. He has also starred in several other notable films, from major Hollywood studio releases (ie. Excalibur, The Dead Pool, Nell, Rob Roy, The Haunting, Love Actually, Kingdom of Heaven, Taken, Clash of the Titans, The A-Team, Unknown) to smaller arthouse films (ie. Deception, Breakfast on Pluto, Chloe).\n\nHe was born in Ballymena, County Antrim, Northern Ireland and educated at Saint Patrick's College, Ballymena Technical College and Queen's University Belfast. He moved to Dublin after university to further his acting career, joining the renowned Abbey Theatre. In the early 1990s, he moved again to the United States, where the wide acclaim for his performance in Schindler's List led to more high-profile work. He is widowed and lives in New York with his two sons.\n\nDescription above from the Wikipedia article Liam Neeson, licensed under CC-BY-SA, full list of contributors on Wikipedia.", 'summary.locked': 1, 'titleSort.value': '++_Liam Neeson', 'titleSort.locked': 1} |
[2022-01-16 14:55:19,301] [builder.py:2237]           [INFO]     | Details: have been updated                                                                         |
[2022-01-16 14:55:19,301] [builder.py:2258]           [DEBUG]    | 1 posters found:                                                                                   |
[2022-01-16 14:55:19,302] [builder.py:2260]           [DEBUG]    | Method: tmdb_person Poster: https://image.tmdb.org/t/p/original/bboldwqSC6tdw2iL6631c98l2Mn.jpg    |
[2022-01-16 14:55:19,302] [builder.py:2327]           [INFO]     | No background collection detail or asset folder found                                              |
[2022-01-16 14:55:19,346] [library.py:145]            [INFO]     | Detail: tmdb_person updated poster to [URL] https://image.tmdb.org/t/p/original/bboldwqSC6tdw2iL6631c98l2Mn.jpg |
[2022-01-16 14:55:19,628] [plex_meta_manager.py:880]  [INFO]     |                                                                                                    |
[2022-01-16 14:55:19,628] [util.py:209]               [INFO]     |====================================================================================================|
[2022-01-16 14:55:19,629] [util.py:216]               [INFO]     |                                  Finished Liam Neeson Collection                                   |
[2022-01-16 14:55:19,629] [util.py:216]               [INFO]     |                                    Collection Run Time: 0:00:01                                    |
[2022-01-16 14:55:19,630] [util.py:220]               [INFO]     |====================================================================================================|
