[2022-01-16 15:04:37,939] [util.py:209]               [INFO]     |====================================================================================================|
[2022-01-16 15:04:37,940] [util.py:216]               [INFO]     |                                 Easter Movies Collection in Movies                                 |
[2022-01-16 15:04:37,940] [util.py:220]               [INFO]     |====================================================================================================|
[2022-01-16 15:04:37,940] [plex_meta_manager.py:750]  [INFO]     |                                                                                                    |
[2022-01-16 15:04:37,941] [util.py:216]               [INFO]     |=============================== Validating Easter Movies Attributes ================================|
[2022-01-16 15:04:37,941] [builder.py:265]            [DEBUG]    |                                                                                                    |
[2022-01-16 15:04:37,942] [builder.py:266]            [DEBUG]    | Validating Method: template                                                                        |
[2022-01-16 15:04:37,942] [meta.py:83]                [DEBUG]    | Value: ordereddict([('name', 'Holiday'), ('holiday', 'Easter'), ('poster', 'https://theposterdb.com/api/assets/60970')]) |
[2022-01-16 15:04:37,942] [builder.py:279]            [DEBUG]    |                                                                                                    |
[2022-01-16 15:04:37,942] [builder.py:280]            [DEBUG]    | Validating Method: schedule                                                                        |
[2022-01-16 15:04:37,943] [builder.py:284]            [DEBUG]    | Value: range(3/22-4/25)                                                                            |
[2022-01-16 15:04:37,943] [util.py:161]               [INFO]     |                                                                                                    |
[2022-01-16 15:04:37,943] [util.py:161]               [INFO]     | Scheduled between March 22nd and April 25th                                                        |
[2022-01-16 15:04:37,944] [util.py:161]               [INFO]     |                                                                                                    |
[2022-01-16 15:04:37,944] [util.py:161]               [INFO]     | Collection Easter Movies not scheduled to run                                                      |
[2022-01-16 15:04:37,944] [plex_meta_manager.py:880]  [INFO]     |                                                                                                    |
[2022-01-16 15:04:37,944] [util.py:209]               [INFO]     |====================================================================================================|
[2022-01-16 15:04:37,945] [util.py:216]               [INFO]     |                                 Finished Easter Movies Collection                                  |
[2022-01-16 15:04:37,945] [util.py:216]               [INFO]     |                                    Collection Run Time: 0:00:00                                    |
[2022-01-16 15:04:37,945] [util.py:220]               [INFO]     |====================================================================================================|
