[2022-06-02 18:05:03,845] [util.py:209]               [INFO]     |====================================================================================================|
[2022-06-02 18:05:03,845] [util.py:216]               [INFO]     |                                  Police Anime Collection in Anime                                  |
[2022-06-02 18:05:03,845] [util.py:220]               [INFO]     |====================================================================================================|
[2022-06-02 18:05:03,846] [plex_meta_manager.py:750]  [INFO]     |                                                                                                    |
[2022-06-02 18:05:03,846] [util.py:216]               [INFO]     |================================ Validating Police Anime Attributes ================================|
[2022-06-02 18:05:03,846] [builder.py:255]            [DEBUG]    |                                                                                                    |
[2022-06-02 18:05:03,846] [builder.py:256]            [DEBUG]    | Validating Method: name                                                                            |
[2022-06-02 18:05:03,847] [builder.py:259]            [DEBUG]    | Value: Police                                                                                      |
[2022-06-02 18:05:03,847] [builder.py:330]            [DEBUG]    |                                                                                                    |
[2022-06-02 18:05:03,848] [builder.py:331]            [DEBUG]    | Validating Method: sync_mode                                                                       |
[2022-06-02 18:05:03,848] [builder.py:335]            [DEBUG]    | Value: sync                                                                                        |
[2022-06-02 18:05:03,848] [builder.py:453]            [DEBUG]    |                                                                                                    |
[2022-06-02 18:05:03,848] [builder.py:454]            [DEBUG]    | Validating Method: collection_order                                                                |
[2022-06-02 18:05:03,849] [builder.py:455]            [DEBUG]    | Value: custom                                                                                      |
[2022-06-02 18:05:03,849] [builder.py:472]            [DEBUG]    |                                                                                                    |
[2022-06-02 18:05:03,849] [builder.py:473]            [DEBUG]    | Validating Method: mal_genre                                                                       |
[2022-06-02 18:05:03,849] [builder.py:474]            [DEBUG]    | Value: ordereddict([('genre_id', 39)])                                                             |
[2022-06-02 18:05:03,850] [builder.py:689]            [WARNING]  | Collection Warning: mal_genre limit attribute not found using 0 as default                         |
[2022-06-02 18:05:03,850] [builder.py:472]            [DEBUG]    |                                                                                                    |
[2022-06-02 18:05:03,850] [builder.py:473]            [DEBUG]    | Validating Method: url_poster                                                                      |
[2022-06-02 18:05:03,851] [builder.py:474]            [DEBUG]    | Value: None                                                                                        |
[2022-06-02 18:05:03,851] [builder.py:479]            [WARNING]  | Collection Warning: url_poster attribute is blank                                                  |
[2022-06-02 18:05:03,854] [plex.py:685]               [DEBUG]    | Looking for: Police                                                                                |
[2022-06-02 18:05:03,855] [builder.py:619]            [INFO]     |                                                                                                    |
[2022-06-02 18:05:03,855] [builder.py:620]            [INFO]     | Validation Successful                                                                              |
[2022-06-02 18:05:03,855] [plex_meta_manager.py:758]  [INFO]     |                                                                                                    |
[2022-06-02 18:05:03,856] [util.py:216]               [INFO]     |================================= Running Police Anime Collection ==================================|
[2022-06-02 18:05:03,856] [plex_meta_manager.py:773]  [INFO]     |                                                                                                    |
[2022-06-02 18:05:03,856] [plex_meta_manager.py:774]  [INFO]     | Sync Mode: sync                                                                                    |
[2022-06-02 18:05:03,856] [builder.py:1275]           [DEBUG]    |                                                                                                    |
[2022-06-02 18:05:03,857] [builder.py:1276]           [DEBUG]    | Builder: mal_genre: {'genre_id': 39, 'limit': 0}                                                   |
[2022-06-02 18:05:03,857] [builder.py:1277]           [INFO]     |                                                                                                    |
[2022-06-02 18:05:03,857] [mal.py:223]                [INFO]     | Processing MyAnimeList Genre ID: 39                                                                |
[2022-06-02 18:05:14,378] [mal.py:239]                [DEBUG]    |                                                                                                    |
[2022-06-02 18:05:14,378] [mal.py:240]                [DEBUG]    | 255 MyAnimeList IDs Found: [13601, 23281, 43, 467, 323, 41120, 235, 32827, 40046, 21339, 39491, 801, 23309, 570, 468, 33337, 8915, 31630, 38940, 7, 16774, 1566, 522, 37440, 4672, 30714, 37994, 37442, 37441, 40858, 1365, 54, 779, 320, 781, 17187, 780, 1364, 31790, 1363, 20053, 5460, 1367, 6467, 1506, 19191, 1366, 32878, 1505, 650, 27411, 39567, 916, 9963, 4447, 19193, 49519, 29325, 2171, 1095, 12117, 19195, 21419, 2449, 32005, 14735, 37490, 37496, 28479, 324, 407, 1096, 1288, 1079, 38799, 1133, 38628, 1372, 937, 34036, 424, 34430, 3574, 35798, 1352, 38770, 1577, 12879, 32301, 365, 6438, 917, 3859, 3614, 22677, 958, 8609, 1351, 2514, 1350, 3545, 2512, 1151, 1346, 1368, 10090, 39764, 2513, 39610, 1082, 493, 9737, 2515, 2597, 31633, 5348, 6198, 10703, 21867, 40154, 18989, 8331, 1290, 17843, 13839, 370, 1153, 1972, 1152, 3448, 2014, 1180, 7305, 10531, 7471, 2725, 1289, 693, 3000, 1998, 13837, 1796, 1802, 767, 2013, 7303, 9785, 8278, 20329, 4200, 48649, 49320, 38895, 41750, 50012, 783, 2011, 2726, 33741, 5578, 10766, 47413, 40405, 2262, 1803, 9786, 31617, 2010, 4162, 1794, 1456, 39905, 36861, 2698, 2704, 10693, 2364, 1795, 10689, 37483, 40762, 49402, 29437, 2414, 12343, 12347, 5075, 6312, 2057, 3254, 30818, 2181, 1774, 38600, 1959, 2933, 40780, 4808, 38788, 3921, 7160, 5997, 2901, 2059, 33702, 1740, 6636, 5090, 4522, 3547, 3315, 3546, 1745, 34741, 17697, 33454, 5636, 29837, 3458, 33874, 9338, 30066, 34510, 36857, 33877, 9028, 33882, 20261, 33880, 33881, 33876, 33878, 33879, 33875, 36623, 14067, 28955, 10741, 36856, 9998, 34511, 18389, 35921, 32221, 40484, 10850, 30052, 48123, 29403, 37687, 49598, 42466, 42329, 49611, 43297] |
[2022-06-02 18:05:14,382] [convert.py:100]            [ERROR]    | Convert Error: AniDB ID not found for MyAnimeList ID: 16774                                        |
[2022-06-02 18:05:14,384] [convert.py:100]            [ERROR]    | Convert Error: AniDB ID not found for MyAnimeList ID: 37440                                        |
[2022-06-02 18:05:14,384] [convert.py:100]            [ERROR]    | Convert Error: AniDB ID not found for MyAnimeList ID: 30714                                        |
[2022-06-02 18:05:14,385] [convert.py:100]            [ERROR]    | Convert Error: AniDB ID not found for MyAnimeList ID: 37442                                        |
[2022-06-02 18:05:14,385] [convert.py:100]            [ERROR]    | Convert Error: AniDB ID not found for MyAnimeList ID: 37441                                        |
[2022-06-02 18:05:14,387] [convert.py:100]            [ERROR]    | Convert Error: AniDB ID not found for MyAnimeList ID: 320                                          |
[2022-06-02 18:05:14,388] [convert.py:100]            [ERROR]    | Convert Error: AniDB ID not found for MyAnimeList ID: 17187                                        |
[2022-06-02 18:05:14,391] [convert.py:100]            [ERROR]    | Convert Error: AniDB ID not found for MyAnimeList ID: 19191                                        |
[2022-06-02 18:05:14,394] [convert.py:100]            [ERROR]    | Convert Error: AniDB ID not found for MyAnimeList ID: 19193                                        |
[2022-06-02 18:05:14,395] [convert.py:100]            [ERROR]    | Convert Error: AniDB ID not found for MyAnimeList ID: 19195                                        |
[2022-06-02 18:05:14,398] [convert.py:78]             [ERROR]    | Convert Error: No TVDb ID or IMDb ID found for AniDB ID: 14472                                     |
[2022-06-02 18:05:14,399] [convert.py:78]             [ERROR]    | Convert Error: No TVDb ID or IMDb ID found for AniDB ID: 12644                                     |
[2022-06-02 18:05:14,402] [convert.py:100]            [ERROR]    | Convert Error: AniDB ID not found for MyAnimeList ID: 10090                                        |
[2022-06-02 18:05:14,402] [convert.py:78]             [ERROR]    | Convert Error: No TVDb ID or IMDb ID found for AniDB ID: 14886                                     |
[2022-06-02 18:05:14,402] [convert.py:78]             [ERROR]    | Convert Error: No TVDb ID or IMDb ID found for AniDB ID: 14799                                     |
[2022-06-02 18:05:14,403] [convert.py:78]             [ERROR]    | Convert Error: No TVDb ID or IMDb ID found for AniDB ID: 15021                                     |
[2022-06-02 18:05:14,404] [convert.py:100]            [ERROR]    | Convert Error: AniDB ID not found for MyAnimeList ID: 18989                                        |
[2022-06-02 18:05:14,404] [convert.py:100]            [ERROR]    | Convert Error: AniDB ID not found for MyAnimeList ID: 17843                                        |
[2022-06-02 18:05:14,405] [convert.py:100]            [ERROR]    | Convert Error: AniDB ID not found for MyAnimeList ID: 7305                                         |
[2022-06-02 18:05:14,405] [convert.py:100]            [ERROR]    | Convert Error: AniDB ID not found for MyAnimeList ID: 7471                                         |
[2022-06-02 18:05:14,405] [convert.py:100]            [ERROR]    | Convert Error: AniDB ID not found for MyAnimeList ID: 1998                                         |
[2022-06-02 18:05:14,406] [convert.py:100]            [ERROR]    | Convert Error: AniDB ID not found for MyAnimeList ID: 1802                                         |
[2022-06-02 18:05:14,407] [convert.py:100]            [ERROR]    | Convert Error: AniDB ID not found for MyAnimeList ID: 7303                                         |
[2022-06-02 18:05:14,407] [convert.py:78]             [ERROR]    | Convert Error: No TVDb ID or IMDb ID found for AniDB ID: 8750                                      |
[2022-06-02 18:05:14,407] [convert.py:78]             [ERROR]    | Convert Error: No TVDb ID or IMDb ID found for AniDB ID: 9979                                      |
[2022-06-02 18:05:14,408] [convert.py:78]             [ERROR]    | Convert Error: No TVDb ID or IMDb ID found for AniDB ID: 16186                                     |
[2022-06-02 18:05:14,408] [convert.py:78]             [ERROR]    | Convert Error: No TVDb ID or IMDb ID found for AniDB ID: 17009                                     |
[2022-06-02 18:05:14,408] [convert.py:100]            [ERROR]    | Convert Error: AniDB ID not found for MyAnimeList ID: 38895                                        |
[2022-06-02 18:05:14,408] [convert.py:78]             [ERROR]    | Convert Error: No TVDb ID or IMDb ID found for AniDB ID: 16842                                     |
[2022-06-02 18:05:14,409] [convert.py:78]             [ERROR]    | Convert Error: No TVDb ID or IMDb ID found for AniDB ID: 12298                                     |
[2022-06-02 18:05:14,410] [convert.py:100]            [ERROR]    | Convert Error: AniDB ID not found for MyAnimeList ID: 5578                                         |
[2022-06-02 18:05:14,410] [convert.py:78]             [ERROR]    | Convert Error: No TVDb ID or IMDb ID found for AniDB ID: 15999                                     |
[2022-06-02 18:05:14,410] [convert.py:100]            [ERROR]    | Convert Error: AniDB ID not found for MyAnimeList ID: 40405                                        |
[2022-06-02 18:05:14,411] [convert.py:100]            [ERROR]    | Convert Error: AniDB ID not found for MyAnimeList ID: 31617                                        |
[2022-06-02 18:05:14,411] [convert.py:100]            [ERROR]    | Convert Error: AniDB ID not found for MyAnimeList ID: 4162                                         |
[2022-06-02 18:05:14,412] [convert.py:78]             [ERROR]    | Convert Error: No TVDb ID or IMDb ID found for AniDB ID: 14938                                     |
[2022-06-02 18:05:14,412] [convert.py:78]             [ERROR]    | Convert Error: No TVDb ID or IMDb ID found for AniDB ID: 13611                                     |
[2022-06-02 18:05:14,413] [convert.py:100]            [ERROR]    | Convert Error: AniDB ID not found for MyAnimeList ID: 10693                                        |
[2022-06-02 18:05:14,413] [convert.py:100]            [ERROR]    | Convert Error: AniDB ID not found for MyAnimeList ID: 10689                                        |
[2022-06-02 18:05:14,414] [convert.py:78]             [ERROR]    | Convert Error: No TVDb ID or IMDb ID found for AniDB ID: 13915                                     |
[2022-06-02 18:05:14,414] [convert.py:100]            [ERROR]    | Convert Error: AniDB ID not found for MyAnimeList ID: 40762                                        |
[2022-06-02 18:05:14,414] [convert.py:78]             [ERROR]    | Convert Error: No TVDb ID or IMDb ID found for AniDB ID: 16427                                     |
[2022-06-02 18:05:14,414] [convert.py:100]            [ERROR]    | Convert Error: AniDB ID not found for MyAnimeList ID: 29437                                        |
[2022-06-02 18:05:14,415] [convert.py:100]            [ERROR]    | Convert Error: AniDB ID not found for MyAnimeList ID: 12343                                        |
[2022-06-02 18:05:14,415] [convert.py:100]            [ERROR]    | Convert Error: AniDB ID not found for MyAnimeList ID: 12347                                        |
[2022-06-02 18:05:14,415] [convert.py:100]            [ERROR]    | Convert Error: AniDB ID not found for MyAnimeList ID: 6312                                         |
[2022-06-02 18:05:14,415] [convert.py:100]            [ERROR]    | Convert Error: AniDB ID not found for MyAnimeList ID: 3254                                         |
[2022-06-02 18:05:14,416] [convert.py:100]            [ERROR]    | Convert Error: AniDB ID not found for MyAnimeList ID: 1774                                         |
[2022-06-02 18:05:14,416] [convert.py:100]            [ERROR]    | Convert Error: AniDB ID not found for MyAnimeList ID: 38600                                        |
[2022-06-02 18:05:14,416] [convert.py:100]            [ERROR]    | Convert Error: AniDB ID not found for MyAnimeList ID: 40780                                        |
[2022-06-02 18:05:14,416] [convert.py:100]            [ERROR]    | Convert Error: AniDB ID not found for MyAnimeList ID: 38788                                        |
[2022-06-02 18:05:14,417] [convert.py:100]            [ERROR]    | Convert Error: AniDB ID not found for MyAnimeList ID: 3921                                         |
[2022-06-02 18:05:14,417] [convert.py:78]             [ERROR]    | Convert Error: No TVDb ID or IMDb ID found for AniDB ID: 3051                                      |
[2022-06-02 18:05:14,417] [convert.py:78]             [ERROR]    | Convert Error: No TVDb ID or IMDb ID found for AniDB ID: 5293                                      |
[2022-06-02 18:05:14,418] [convert.py:100]            [ERROR]    | Convert Error: AniDB ID not found for MyAnimeList ID: 33702                                        |
[2022-06-02 18:05:14,418] [convert.py:78]             [ERROR]    | Convert Error: No TVDb ID or IMDb ID found for AniDB ID: 4928                                      |
[2022-06-02 18:05:14,419] [convert.py:78]             [ERROR]    | Convert Error: No TVDb ID or IMDb ID found for AniDB ID: 1501                                      |
[2022-06-02 18:05:14,419] [convert.py:78]             [ERROR]    | Convert Error: No TVDb ID or IMDb ID found for AniDB ID: 12721                                     |
[2022-06-02 18:05:14,419] [convert.py:78]             [ERROR]    | Convert Error: No TVDb ID or IMDb ID found for AniDB ID: 9744                                      |
[2022-06-02 18:05:14,420] [convert.py:78]             [ERROR]    | Convert Error: No TVDb ID or IMDb ID found for AniDB ID: 12224                                     |
[2022-06-02 18:05:14,420] [convert.py:78]             [ERROR]    | Convert Error: No TVDb ID or IMDb ID found for AniDB ID: 2589                                      |
[2022-06-02 18:05:14,420] [convert.py:100]            [ERROR]    | Convert Error: AniDB ID not found for MyAnimeList ID: 29837                                        |
[2022-06-02 18:05:14,420] [convert.py:78]             [ERROR]    | Convert Error: No TVDb ID or IMDb ID found for AniDB ID: 13272                                     |
[2022-06-02 18:05:14,421] [convert.py:78]             [ERROR]    | Convert Error: No TVDb ID or IMDb ID found for AniDB ID: 7705                                      |
[2022-06-02 18:05:14,421] [convert.py:100]            [ERROR]    | Convert Error: AniDB ID not found for MyAnimeList ID: 30066                                        |
[2022-06-02 18:05:14,421] [convert.py:78]             [ERROR]    | Convert Error: No TVDb ID or IMDb ID found for AniDB ID: 12692                                     |
[2022-06-02 18:05:14,421] [convert.py:78]             [ERROR]    | Convert Error: No TVDb ID or IMDb ID found for AniDB ID: 13606                                     |
[2022-06-02 18:05:14,422] [convert.py:100]            [ERROR]    | Convert Error: AniDB ID not found for MyAnimeList ID: 33877                                        |
[2022-06-02 18:05:14,422] [convert.py:78]             [ERROR]    | Convert Error: No TVDb ID or IMDb ID found for AniDB ID: 6523                                      |
[2022-06-02 18:05:14,422] [convert.py:100]            [ERROR]    | Convert Error: AniDB ID not found for MyAnimeList ID: 33882                                        |
[2022-06-02 18:05:14,423] [convert.py:100]            [ERROR]    | Convert Error: AniDB ID not found for MyAnimeList ID: 20261                                        |
[2022-06-02 18:05:14,423] [convert.py:100]            [ERROR]    | Convert Error: AniDB ID not found for MyAnimeList ID: 33880                                        |
[2022-06-02 18:05:14,423] [convert.py:100]            [ERROR]    | Convert Error: AniDB ID not found for MyAnimeList ID: 33881                                        |
[2022-06-02 18:05:14,423] [convert.py:100]            [ERROR]    | Convert Error: AniDB ID not found for MyAnimeList ID: 33876                                        |
[2022-06-02 18:05:14,424] [convert.py:100]            [ERROR]    | Convert Error: AniDB ID not found for MyAnimeList ID: 33878                                        |
[2022-06-02 18:05:14,424] [convert.py:100]            [ERROR]    | Convert Error: AniDB ID not found for MyAnimeList ID: 33879                                        |
[2022-06-02 18:05:14,424] [convert.py:78]             [ERROR]    | Convert Error: No TVDb ID or IMDb ID found for AniDB ID: 13269                                     |
[2022-06-02 18:05:14,426] [convert.py:78]             [ERROR]    | Convert Error: No TVDb ID or IMDb ID found for AniDB ID: 13529                                     |
[2022-06-02 18:05:14,426] [convert.py:100]            [ERROR]    | Convert Error: AniDB ID not found for MyAnimeList ID: 14067                                        |
[2022-06-02 18:05:14,427] [convert.py:78]             [ERROR]    | Convert Error: No TVDb ID or IMDb ID found for AniDB ID: 11359                                     |
[2022-06-02 18:05:14,427] [convert.py:78]             [ERROR]    | Convert Error: No TVDb ID or IMDb ID found for AniDB ID: 7694                                      |
[2022-06-02 18:05:14,427] [convert.py:78]             [ERROR]    | Convert Error: No TVDb ID or IMDb ID found for AniDB ID: 13607                                     |
[2022-06-02 18:05:14,427] [convert.py:78]             [ERROR]    | Convert Error: No TVDb ID or IMDb ID found for AniDB ID: 4221                                      |
[2022-06-02 18:05:14,428] [convert.py:100]            [ERROR]    | Convert Error: AniDB ID not found for MyAnimeList ID: 34511                                        |
[2022-06-02 18:05:14,428] [convert.py:78]             [ERROR]    | Convert Error: No TVDb ID or IMDb ID found for AniDB ID: 9831                                      |
[2022-06-02 18:05:14,428] [convert.py:78]             [ERROR]    | Convert Error: No TVDb ID or IMDb ID found for AniDB ID: 13121                                     |
[2022-06-02 18:05:14,429] [convert.py:100]            [ERROR]    | Convert Error: AniDB ID not found for MyAnimeList ID: 32221                                        |
[2022-06-02 18:05:14,429] [convert.py:100]            [ERROR]    | Convert Error: AniDB ID not found for MyAnimeList ID: 40484                                        |
[2022-06-02 18:05:14,429] [convert.py:78]             [ERROR]    | Convert Error: No TVDb ID or IMDb ID found for AniDB ID: 8389                                      |
[2022-06-02 18:05:14,429] [convert.py:100]            [ERROR]    | Convert Error: AniDB ID not found for MyAnimeList ID: 30052                                        |
[2022-06-02 18:05:14,430] [convert.py:78]             [ERROR]    | Convert Error: No TVDb ID or IMDb ID found for AniDB ID: 16701                                     |
[2022-06-02 18:05:14,430] [convert.py:100]            [ERROR]    | Convert Error: AniDB ID not found for MyAnimeList ID: 29403                                        |
[2022-06-02 18:05:14,430] [convert.py:100]            [ERROR]    | Convert Error: AniDB ID not found for MyAnimeList ID: 37687                                        |
[2022-06-02 18:05:14,430] [convert.py:78]             [ERROR]    | Convert Error: No TVDb ID or IMDb ID found for AniDB ID: 16534                                     |
[2022-06-02 18:05:14,431] [convert.py:100]            [ERROR]    | Convert Error: AniDB ID not found for MyAnimeList ID: 42466                                        |
[2022-06-02 18:05:14,431] [convert.py:100]            [ERROR]    | Convert Error: AniDB ID not found for MyAnimeList ID: 42329                                        |
[2022-06-02 18:05:14,431] [convert.py:100]            [ERROR]    | Convert Error: AniDB ID not found for MyAnimeList ID: 49611                                        |
[2022-06-02 18:05:14,431] [convert.py:100]            [ERROR]    | Convert Error: AniDB ID not found for MyAnimeList ID: 43297                                        |
[2022-06-02 18:05:14,431] [builder.py:1282]           [DEBUG]    |                                                                                                    |
[2022-06-02 18:05:14,432] [builder.py:1283]           [DEBUG]    | 157 IDs Found: [(262090, 'tvdb'), (262090, 'tvdb'), (9323, 'tmdb'), (73749, 'tvdb'), (75092, 'tvdb'), (376211, 'tvdb'), (72454, 'tvdb'), (339353, 'tvdb'), (370377, 'tvdb'), (296917, 'tmdb'), (262090, 'tvdb'), (73749, 'tvdb'), (279985, 'tvdb'), (823, 'tmdb'), (12140, 'tmdb'), (319983, 'tvdb'), (249868, 'tvdb'), (305077, 'tvdb'), (361491, 'tvdb'), (78936, 'tvdb'), (18874, 'tmdb'), (9606, 'tmdb'), (14092, 'tmdb'), (339353, 'tvdb'), (262090, 'tvdb'), (26662, 'tmdb'), (11633, 'tmdb'), (21422, 'tmdb'), (28808, 'tmdb'), (21452, 'tmdb'), (32022, 'tmdb'), (303730, 'tvdb'), (20677, 'tmdb'), (275629, 'tvdb'), (28764, 'tmdb'), (39203, 'tmdb'), (97375, 'tmdb'), (39205, 'tmdb'), (39202, 'tmdb'), (319455, 'tvdb'), (39204, 'tmdb'), (82699, 'tvdb'), (334376, 'tmdb'), (368757, 'tvdb'), (79774, 'tvdb'), (77617, 'tmdb'), (39207, 'tmdb'), (407862, 'tvdb'), (293491, 'tvdb'), (39206, 'tmdb'), (14571, 'tmdb'), (72454, 'tvdb'), (257512, 'tmdb'), (18839, 'tmdb'), (374856, 'tmdb'), (228805, 'tmdb'), (305077, 'tvdb'), (345100, 'tvdb'), (316873, 'tmdb'), (80789, 'tvdb'), (230211, 'tvdb'), (14572, 'tmdb'), (80789, 'tvdb'), (81997, 'tvdb'), (73749, 'tvdb'), (79064, 'tvdb'), (80054, 'tvdb'), (45295, 'tmdb'), (72442, 'tvdb'), (438058, 'tmdb'), (134401, 'tvdb'), (493006, 'tmdb'), (97187, 'tmdb'), (566555, 'tmdb'), (80054, 'tvdb'), (249868, 'tvdb'), (303730, 'tvdb'), (30620, 'tmdb'), (72454, 'tvdb'), (115051, 'tvdb'), (81984, 'tvdb'), (83766, 'tvdb'), (269650, 'tmdb'), (73550, 'tvdb'), (72454, 'tvdb'), (81062, 'tvdb'), (72454, 'tvdb'), (112531, 'tvdb'), (111011, 'tvdb'), (72454, 'tvdb'), (81965, 'tvdb'), (79223, 'tvdb'), (72454, 'tvdb'), (72454, 'tvdb'), (81113, 'tvdb'), (33322, 'tmdb'), (245451, 'tvdb'), (72454, 'tvdb'), (72454, 'tvdb'), (304487, 'tvdb'), (72454, 'tvdb'), (72454, 'tvdb'), (72454, 'tvdb'), (546822, 'tmdb'), (72454, 'tvdb'), (16402, 'tmdb'), (72454, 'tvdb'), (73526, 'tvdb'), (84915, 'tvdb'), (73082, 'tvdb'), (81965, 'tvdb'), (160641, 'tvdb'), (80054, 'tvdb'), (71618, 'tvdb'), (72454, 'tvdb'), (80009, 'tvdb'), (80789, 'tvdb'), (79048, 'tvdb'), (80054, 'tvdb'), (72454, 'tvdb'), (68368, 'tmdb'), (73526, 'tvdb'), (51106, 'tmdb'), (72454, 'tvdb'), (72442, 'tvdb'), (73749, 'tvdb'), (79225, 'tvdb'), (80054, 'tvdb'), (172881, 'tvdb'), (72454, 'tvdb'), (34772, 'tmdb'), (72442, 'tvdb'), (72454, 'tvdb'), (80054, 'tvdb'), (68364, 'tmdb'), (83406, 'tvdb'), (373522, 'tmdb'), (85428, 'tvdb'), (72436, 'tvdb'), (72442, 'tvdb'), (82959, 'tvdb'), (234941, 'tvdb'), (253493, 'tvdb'), (72877, 'tvdb'), (81965, 'tvdb'), (232181, 'tvdb'), (87191, 'tvdb'), (150631, 'tvdb'), (68537, 'tmdb'), (273225, 'tvdb'), (258987, 'tvdb'), (76427, 'tmdb'), (111011, 'tvdb'), (250586, 'tvdb'), (111011, 'tvdb'), (232181, 'tvdb'), (84622, 'tvdb')] |
[2022-06-02 18:05:14,432] [builder.py:1284]           [DEBUG]    |                                                                                                    |
[2022-06-02 18:05:14,435] [plex_meta_manager.py:797]  [INFO]     |                                                                                                    |
[2022-06-02 18:05:14,435] [plex_meta_manager.py:798]  [INFO]     | Collection Minimum: 1 not met for Police Anime Collection                                          |
[2022-06-02 18:05:14,435] [builder.py:1929]           [INFO]     |                                                                                                    |
[2022-06-02 18:05:14,436] [util.py:216]               [INFO]     |=============================== Missing Movies from Library: Police ================================|
[2022-06-02 18:05:14,436] [builder.py:1931]           [INFO]     |                                                                                                    |
[2022-06-02 18:05:14,438] [builder.py:1943]           [INFO]     | Police Collection | ? | Ghost in the Shell (1995) (TMDb: 9323)                                     |
[2022-06-02 18:05:14,439] [builder.py:1943]           [INFO]     | Police Collection | ? | Psycho-Pass: The Movie (2015) (TMDb: 296917)                               |
[2022-06-02 18:05:14,439] [builder.py:1943]           [INFO]     | Police Collection | ? | Jin-Roh: The Wolf Brigade (1999) (TMDb: 823)                               |
[2022-06-02 18:05:14,441] [builder.py:1943]           [INFO]     | Police Collection | ? | Ghost in the Shell 2: Innocence (2004) (TMDb: 12140)                       |
[2022-06-02 18:05:14,442] [builder.py:1943]           [INFO]     | Police Collection | ? | Ghost in the Shell: Stand Alone Complex - Solid State Society (2006) (TMDb: 18874) |
[2022-06-02 18:05:14,443] [builder.py:1943]           [INFO]     | Police Collection | ? | Metropolis (2001) (TMDb: 9606)                                             |
[2022-06-02 18:05:14,444] [builder.py:1943]           [INFO]     | Police Collection | ? | Ghost in the Shell 2.0 (2008) (TMDb: 14092)                                |
[2022-06-02 18:05:14,444] [builder.py:1943]           [INFO]     | Police Collection | ? | Detective Conan: The Phantom of Baker Street (2002) (TMDb: 26662)          |
[2022-06-02 18:05:14,445] [builder.py:1943]           [INFO]     | Police Collection | ? | Appleseed (2004) (TMDb: 11633)                                             |
[2022-06-02 18:05:14,446] [builder.py:1943]           [INFO]     | Police Collection | ? | Detective Conan: The Time Bombed Skyscraper (1997) (TMDb: 21422)           |
[2022-06-02 18:05:14,447] [builder.py:1943]           [INFO]     | Police Collection | ? | Detective Conan: The Last Wizard of the Century (1999) (TMDb: 28808)       |
[2022-06-02 18:05:14,447] [builder.py:1943]           [INFO]     | Police Collection | ? | Detective Conan: The Fourteenth Target (1998) (TMDb: 21452)                |
[2022-06-02 18:05:14,448] [builder.py:1943]           [INFO]     | Police Collection | ? | Case Closed: Countdown to Heaven (2001) (TMDb: 32022)                      |
[2022-06-02 18:05:14,449] [builder.py:1943]           [INFO]     | Police Collection | ? | Detective Conan: Captured in Her Eyes (2000) (TMDb: 20677)                 |
[2022-06-02 18:05:14,449] [builder.py:1943]           [INFO]     | Police Collection | ? | Detective Conan: The Raven Chaser (2009) (TMDb: 28764)                     |
[2022-06-02 18:05:14,450] [builder.py:1943]           [INFO]     | Police Collection | ? | Detective Conan: Magician of the Silver Sky (2004) (TMDb: 39203)           |
[2022-06-02 18:05:14,451] [builder.py:1943]           [INFO]     | Police Collection | ? | Detective Conan: The Lost Ship in the Sky (2010) (TMDb: 97375)             |
[2022-06-02 18:05:14,451] [builder.py:1943]           [INFO]     | Police Collection | ? | Detective Conan: The Private Eyes' Requiem (2006) (TMDb: 39205)            |
[2022-06-02 18:05:14,452] [builder.py:1943]           [INFO]     | Police Collection | ? | Detective Conan: Crossroad in the Ancient Capital (2003) (TMDb: 39202)     |
[2022-06-02 18:05:14,453] [builder.py:1943]           [INFO]     | Police Collection | ? | Detective Conan: Strategy Above the Depths (2005) (TMDb: 39204)            |
[2022-06-02 18:05:14,453] [builder.py:1943]           [INFO]     | Police Collection | ? | Ghost in the Shell: The New Movie (2015) (TMDb: 334376)                    |
[2022-06-02 18:05:14,454] [builder.py:1943]           [INFO]     | Police Collection | ? | Detective Conan: Quarter of Silence (2011) (TMDb: 77617)                   |
[2022-06-02 18:05:14,455] [builder.py:1943]           [INFO]     | Police Collection | ? | Detective Conan: Full Score of Fear (2008) (TMDb: 39207)                   |
[2022-06-02 18:05:14,455] [builder.py:1943]           [INFO]     | Police Collection | ? | Detective Conan: Jolly Roger in the Deep Azure (2007) (TMDb: 39206)        |
[2022-06-02 18:05:14,457] [builder.py:1943]           [INFO]     | Police Collection | ? | Patlabor: The Movie (1989) (TMDb: 14571)                                   |
[2022-06-02 18:05:14,457] [builder.py:1943]           [INFO]     | Police Collection | ? | Detective Conan: Dimensional Sniper (2014) (TMDb: 257512)                  |
[2022-06-02 18:05:14,458] [builder.py:1943]           [INFO]     | Police Collection | ? | Ghost in the Shell: Stand Alone Complex - The Laughing Man (2005) (TMDb: 18839) |
[2022-06-02 18:05:14,459] [builder.py:1943]           [INFO]     | Police Collection | ? | Detective Conan: The Darkest Nightmare (2016) (TMDb: 374856)               |
[2022-06-02 18:05:14,460] [builder.py:1943]           [INFO]     | Police Collection | ? | Detective Conan: Private Eye in the Distant Sea (2013) (TMDb: 228805)      |
[2022-06-02 18:05:14,461] [builder.py:1943]           [INFO]     | Police Collection | ? | Detective Conan: Sunflowers of Inferno (2015) (TMDb: 316873)               |
[2022-06-02 18:05:14,462] [builder.py:1943]           [INFO]     | Police Collection | ? | Patlabor 2: The Movie (1993) (TMDb: 14572)                                 |
[2022-06-02 18:05:14,462] [builder.py:1943]           [INFO]     | Police Collection | ? | Appleseed (1988) (TMDb: 45295)                                             |
[2022-06-02 18:05:14,463] [builder.py:1943]           [INFO]     | Police Collection | ? | Detective Conan: The Crimson Love Letter (2017) (TMDb: 438058)             |
[2022-06-02 18:05:14,464] [builder.py:1943]           [INFO]     | Police Collection | ? | Detective Conan: Zero the Enforcer (2018) (TMDb: 493006)                   |
[2022-06-02 18:05:14,465] [builder.py:1943]           [INFO]     | Police Collection | ? | Cyber City Oedo 808 (1990) (TMDb: 97187)                                   |
[2022-06-02 18:05:14,466] [builder.py:1943]           [INFO]     | Police Collection | ? | Detective Conan: The Fist of Blue Sapphire (2019) (TMDb: 566555)           |
[2022-06-02 18:05:14,466] [builder.py:1943]           [INFO]     | Police Collection | ? | Fake (1998) (TMDb: 30620)                                                  |
[2022-06-02 18:05:14,467] [builder.py:1943]           [INFO]     | Police Collection | ? | Appleseed Alpha (2014) (TMDb: 269650)                                      |
[2022-06-02 18:05:14,468] [builder.py:1943]           [INFO]     | Police Collection | ? | Armitage III: Poly Matrix (1996) (TMDb: 33322)                             |
[2022-06-02 18:05:14,469] [builder.py:1943]           [INFO]     | Police Collection | ? | The Disappearance of Conan Edogawa: The Worst Two Days in History (2014) (TMDb: 546822) |
[2022-06-02 18:05:14,470] [builder.py:1943]           [INFO]     | Police Collection | ? | WXIII: Patlabor The Movie 3 (2002) (TMDb: 16402)                           |
[2022-06-02 18:05:14,470] [builder.py:1943]           [INFO]     | Police Collection | ? | Dirty Pair: Project Eden (1987) (TMDb: 68368)                              |
[2022-06-02 18:05:14,471] [builder.py:1943]           [INFO]     | Police Collection | ? | You're Under Arrest: The Movie (1999) (TMDb: 51106)                        |
[2022-06-02 18:05:14,472] [builder.py:1943]           [INFO]     | Police Collection | ? | Sin: The Movie (2000) (TMDb: 34772)                                        |
[2022-06-02 18:05:14,473] [builder.py:1943]           [INFO]     | Police Collection | ? | Dirty Pair: Affair on Nolandia (1985) (TMDb: 68364)                        |
[2022-06-02 18:05:14,473] [builder.py:1943]           [INFO]     | Police Collection | ? | Sanctuary (1996) (TMDb: 373522)                                            |
[2022-06-02 18:05:14,473] [builder.py:1943]           [INFO]     | Police Collection | ? | KochiKame: The Movie (1999) (TMDb: 68537)                                  |
[2022-06-02 18:05:14,474] [builder.py:1943]           [INFO]     | Police Collection | ? | Techno Police 21C (1982) (TMDb: 76427)                                     |
[2022-06-02 18:05:14,474] [builder.py:1947]           [INFO]     |                                                                                                    |
[2022-06-02 18:05:14,475] [builder.py:1948]           [INFO]     | 48 Movies Missing                                                                                  |
[2022-06-02 18:05:15,641] [builder.py:1969]           [INFO]     |                                                                                                    |
[2022-06-02 18:05:15,641] [util.py:216]               [INFO]     |================================ Missing Shows from Library: Police ================================|
[2022-06-02 18:05:15,642] [builder.py:1971]           [INFO]     |                                                                                                    |
[2022-06-02 18:05:16,276] [builder.py:1982]           [INFO]     | Police Collection | ? | Psycho-Pass (TVDB: 262090)                                                 |
[2022-06-02 18:05:17,052] [builder.py:1982]           [INFO]     | Police Collection | ? | Ghost in the Shell: Stand Alone Complex (TVDB: 73749)                      |
[2022-06-02 18:05:17,707] [builder.py:1982]           [INFO]     | Police Collection | ? | Paranoia Agent (TVDB: 75092)                                               |
[2022-06-02 18:05:18,515] [builder.py:1982]           [INFO]     | Police Collection | ? | The Millionaire Detective – Balance: UNLIMITED (TVDB: 376211)              |
[2022-06-02 18:05:21,708] [builder.py:1982]           [INFO]     | Police Collection | ? | Detective Conan (TVDB: 72454)                                              |
[2022-06-02 18:05:23,816] [builder.py:1982]           [INFO]     | Police Collection | ? | B: The Beginning (TVDB: 339353)                                            |
[2022-06-02 18:05:25,203] [builder.py:1982]           [INFO]     | Police Collection | ? | ID: INVADED (TVDB: 370377)                                                 |
[2022-06-02 18:05:26,489] [builder.py:1982]           [INFO]     | Police Collection | ? | Rail Wars! (TVDB: 279985)                                                  |
[2022-06-02 18:05:26,913] [builder.py:1982]           [INFO]     | Police Collection | ? | ACCA: 13-Territory Inspection Dept. (TVDB: 319983)                         |
[2022-06-02 18:05:27,583] [builder.py:1982]           [INFO]     | Police Collection | ? | The Mystic Archives of Dantalian (TVDB: 249868)                            |
[2022-06-02 18:05:28,298] [builder.py:1982]           [INFO]     | Police Collection | ? | Ace Attorney (TVDB: 305077)                                                |
[2022-06-02 18:05:30,677] [builder.py:1982]           [INFO]     | Police Collection | ? | Cop Craft (TVDB: 361491)                                                   |
[2022-06-02 18:05:33,139] [builder.py:1982]           [INFO]     | Police Collection | ? | Witch Hunter Robin (TVDB: 78936)                                           |
[2022-06-02 18:05:36,673] [builder.py:1982]           [INFO]     | Police Collection | ? | Active Raid (TVDB: 303730)                                                 |
[2022-06-02 18:05:37,316] [builder.py:1982]           [INFO]     | Police Collection | ? | Wizard Barristers: Benmashi Cecil (TVDB: 275629)                           |
[2022-06-02 18:05:38,225] [builder.py:1982]           [INFO]     | Police Collection | ? | ēlDLIVE (TVDB: 319455)                                                     |
[2022-06-02 18:05:39,817] [builder.py:1982]           [INFO]     | Police Collection | ? | Gunsmith Cats (TVDB: 82699)                                                |
[2022-06-02 18:05:40,714] [builder.py:1982]           [INFO]     | Police Collection | ? | Special 7: Special Crime Investigation Unit (TVDB: 368757)                 |
[2022-06-02 18:05:42,163] [builder.py:1982]           [INFO]     | Police Collection | ? | Tokko (TVDB: 79774)                                                        |
[2022-06-02 18:05:42,768] [builder.py:1982]           [INFO]     | Police Collection | ? | Police in a Pod (2022) (TVDB: 407862)                                      |
[2022-06-02 18:05:43,501] [builder.py:1982]           [INFO]     | Police Collection | ? | Ghost in the Shell: Arise - Alternative Architecture (TVDB: 293491)        |
[2022-06-02 18:05:43,831] [builder.py:1982]           [INFO]     | Police Collection | ? | DOUBLE DECKER! DOUG & KIRILL (TVDB: 345100)                                |
[2022-06-02 18:05:44,607] [builder.py:1982]           [INFO]     | Police Collection | ? | Patlabor: The Mobile Police (TVDB: 80789)                                  |
[2022-06-02 18:05:45,269] [builder.py:1982]           [INFO]     | Police Collection | ? | Detective School Q (TVDB: 230211)                                          |
[2022-06-02 18:05:45,908] [builder.py:1982]           [INFO]     | Police Collection | ? | Armitage III (TVDB: 81997)                                                 |
[2022-06-02 18:05:47,117] [builder.py:1982]           [INFO]     | Police Collection | ? | Tenchi Muyo! GXP (TVDB: 79064)                                             |
[2022-06-02 18:05:48,595] [builder.py:1982]           [INFO]     | Police Collection | ? | You're Under Arrest! (TVDB: 80054)                                         |
[2022-06-02 18:05:53,848] [builder.py:1982]           [INFO]     | Police Collection | ? | Dirty Pair (TVDB: 72442)                                                   |
[2022-06-02 18:05:54,145] [builder.py:1982]           [INFO]     | Police Collection | ? | Switch (2008) (TVDB: 134401)                                               |
[2022-06-02 18:05:54,259] [builder.py:1977]           [ERROR]    | TVDb Error: Could not find a TVDb Series using TVDb Series ID: 115051                              |
[2022-06-02 18:05:55,352] [builder.py:1982]           [INFO]     | Police Collection | ? | Top Secret: The Revelation (TVDB: 81984)                                   |
[2022-06-02 18:05:55,991] [builder.py:1982]           [INFO]     | Police Collection | ? | Ryoko's Case File (TVDB: 83766)                                            |
[2022-06-02 18:05:56,563] [builder.py:1982]           [INFO]     | Police Collection | ? | Heat Guy J (TVDB: 73550)                                                   |
[2022-06-02 18:05:57,153] [builder.py:1982]           [INFO]     | Police Collection | ? | Angel Cop (TVDB: 81062)                                                    |
[2022-06-02 18:05:57,875] [builder.py:1982]           [INFO]     | Police Collection | ? | Parasite Dolls (TVDB: 112531)                                              |
[2022-06-02 18:05:58,916] [builder.py:1982]           [INFO]     | Police Collection | ? | Kochikame: Tokyo Beat Cops (TVDB: 111011)                                  |
[2022-06-02 18:06:00,920] [builder.py:1982]           [INFO]     | Police Collection | ? | Dominion Tank Police (TVDB: 81965)                                         |
[2022-06-02 18:06:01,773] [builder.py:1982]           [INFO]     | Police Collection | ? | AD Police (TVDB: 79223)                                                    |
[2022-06-02 18:06:02,232] [builder.py:1982]           [INFO]     | Police Collection | ? | Daphne in the Brilliant Blue (TVDB: 81113)                                 |
[2022-06-02 18:06:03,090] [builder.py:1982]           [INFO]     | Police Collection | ? | Appleseed XIII (TVDB: 245451)                                              |
[2022-06-02 18:06:03,788] [builder.py:1982]           [INFO]     | Police Collection | ? | Sushi Police (TVDB: 304487)                                                |
[2022-06-02 18:06:04,235] [builder.py:1982]           [INFO]     | Police Collection | ? | Burn Up Excess (TVDB: 73526)                                               |
[2022-06-02 18:06:04,509] [builder.py:1982]           [INFO]     | Police Collection | ? | Crying Freeman (TVDB: 84915)                                               |
[2022-06-02 18:06:04,852] [builder.py:1982]           [INFO]     | Police Collection | ? | Sherlock Hound (TVDB: 73082)                                               |
[2022-06-02 18:06:06,379] [builder.py:1982]           [INFO]     | Police Collection | ? | Mad Bull 34 (TVDB: 160641)                                                 |
[2022-06-02 18:06:07,200] [builder.py:1982]           [INFO]     | Police Collection | ? | Hyper Police (TVDB: 71618)                                                 |
[2022-06-02 18:06:08,486] [builder.py:1982]           [INFO]     | Police Collection | ? | Tenchi Muyo! Ryo-Ohki (TVDB: 80009)                                        |
[2022-06-02 18:06:08,895] [builder.py:1982]           [INFO]     | Police Collection | ? | Burn Up Scramble (TVDB: 79048)                                             |
[2022-06-02 18:06:09,189] [builder.py:1982]           [INFO]     | Police Collection | ? | Miami Guns (TVDB: 79225)                                                   |
[2022-06-02 18:06:09,837] [builder.py:1982]           [INFO]     | Police Collection | ? | Sukeban Deka (1991) (TVDB: 172881)                                         |
[2022-06-02 18:06:11,744] [builder.py:1982]           [INFO]     | Police Collection | ? | L/R: Licensed by Royalty (TVDB: 83406)                                     |
[2022-06-02 18:06:13,480] [builder.py:1982]           [INFO]     | Police Collection | ? | Steam Detectives (TVDB: 85428)                                             |
[2022-06-02 18:06:13,894] [builder.py:1982]           [INFO]     | Police Collection | ? | Virus Buster Serge (TVDB: 72436)                                           |
[2022-06-02 18:06:14,323] [builder.py:1982]           [INFO]     | Police Collection | ? | Assemble Insert (TVDB: 82959)                                              |
[2022-06-02 18:06:14,729] [builder.py:1982]           [INFO]     | Police Collection | ? | Brave Police J-Decker (TVDB: 234941)                                       |
[2022-06-02 18:06:14,883] [builder.py:1977]           [ERROR]    | TVDb Error: Could not find a TVDb Series using TVDb Series ID: 253493                              |
[2022-06-02 18:06:15,323] [builder.py:1982]           [INFO]     | Police Collection | ? | City Hunter (TVDB: 72877)                                                  |
[2022-06-02 18:06:15,743] [builder.py:1982]           [INFO]     | Police Collection | ? | Wild 7: Swirling Canal (TVDB: 232181)                                      |
[2022-06-02 18:06:16,136] [builder.py:1982]           [INFO]     | Police Collection | ? | Future Police Urashiman (TVDB: 87191)                                      |
[2022-06-02 18:06:16,562] [builder.py:1982]           [INFO]     | Police Collection | ? | Hurricane Polymar (TVDB: 150631)                                           |
[2022-06-02 18:06:17,004] [builder.py:1982]           [INFO]     | Police Collection | ? | Everyday is Sunday (TVDB: 273225)                                          |
[2022-06-02 18:06:17,796] [builder.py:1982]           [INFO]     | Police Collection | ? | Government Crime Investigation Agent Zaizen Jotaro (TVDB: 258987)          |
[2022-06-02 18:06:18,298] [builder.py:1982]           [INFO]     | Police Collection | ? | Armored Police Metal Jack (TVDB: 250586)                                   |
[2022-06-02 18:06:18,691] [builder.py:1982]           [INFO]     | Police Collection | ? | Pi Po Pa Po Patrol (TVDB: 84622)                                           |
[2022-06-02 18:06:18,692] [builder.py:1986]           [INFO]     |                                                                                                    |
[2022-06-02 18:06:18,692] [builder.py:1987]           [INFO]     | 62 Shows Missing                                                                                   |
[2022-06-02 18:06:19,762] [plex_meta_manager.py:843]  [INFO]     |                                                                                                    |
[2022-06-02 18:06:19,762] [util.py:216]               [INFO]     |========================================== No Items Found ==========================================|
[2022-06-02 18:06:19,763] [plex_meta_manager.py:880]  [INFO]     |                                                                                                    |
[2022-06-02 18:06:19,763] [util.py:209]               [INFO]     |====================================================================================================|
[2022-06-02 18:06:19,763] [util.py:216]               [INFO]     |                                  Finished Police Anime Collection                                  |
[2022-06-02 18:06:19,763] [util.py:216]               [INFO]     |                                    Collection Run Time: 0:01:15                                    |
[2022-06-02 18:06:19,764] [util.py:220]               [INFO]     |====================================================================================================|
