[2022-11-06 11:53:16,635] [util.py:209]               [INFO]     |====================================================================================================|
[2022-11-06 11:53:16,636] [util.py:216]               [INFO]     |                                Stand Up Comedy Collection in Movies                                |
[2022-11-06 11:53:16,636] [util.py:220]               [INFO]     |====================================================================================================|
[2022-11-06 11:53:16,636] [plex_meta_manager.py:750]  [INFO]     |                                                                                                    |
[2022-11-06 11:53:16,637] [util.py:216]               [INFO]     |============================== Validating Stand Up Comedy Attributes ===============================|
[2022-11-06 11:53:16,638] [builder.py:265]            [DEBUG]    |                                                                                                    |
[2022-11-06 11:53:16,638] [builder.py:266]            [DEBUG]    | Validating Method: template                                                                        |
[2022-11-06 11:53:16,638] [meta.py:83]                [DEBUG]    | Value: ordereddict([('name', 'Other Genre'), ('poster', 'https://theposterdb.com/api/assets/49137')]) |
[2022-11-06 11:53:16,639] [builder.py:330]            [DEBUG]    |                                                                                                    |
[2022-11-06 11:53:16,639] [builder.py:331]            [DEBUG]    | Validating Method: sync_mode                                                                       |
[2022-11-06 11:53:16,639] [builder.py:335]            [DEBUG]    | Value: sync                                                                                        |
[2022-11-06 11:53:16,640] [builder.py:453]            [DEBUG]    |                                                                                                    |
[2022-11-06 11:53:16,640] [builder.py:454]            [DEBUG]    | Validating Method: collection_order                                                                |
[2022-11-06 11:53:16,640] [builder.py:455]            [DEBUG]    | Value: alpha                                                                                       |
[2022-11-06 11:53:16,641] [builder.py:472]            [DEBUG]    |                                                                                                    |
[2022-11-06 11:53:16,641] [builder.py:473]            [DEBUG]    | Validating Method: imdb_list                                                                       |
[2022-11-06 11:53:16,641] [builder.py:474]            [DEBUG]    | Value: ['https://www.imdb.com/list/ls070221411/', 'https://www.imdb.com/list/ls086584751/', 'https://www.imdb.com/list/ls086022668/', 'https://www.imdb.com/list/ls049792208/'] |
[2022-11-06 11:53:19,440] [builder.py:472]            [DEBUG]    |                                                                                                    |
[2022-11-06 11:53:19,441] [builder.py:473]            [DEBUG]    | Validating Method: summary                                                                         |
[2022-11-06 11:53:19,441] [builder.py:474]            [DEBUG]    | Value: Stand-up comedy is a comedic style in which a comedian performs in front of a live audience, speaking directly to them through a microphone. Comedians give the illusion that they are dialoguing, but in actuality, they are monologuing a grouping of humorous stories, jokes and one-liners, typically called a shtick, routine, act, or set. Some stand-up comedians use props, music or magic tricks to enhance their acts. Stand-up comedians perform quasi-autobiographical and fictionalized extensions of their offstage selves. |
[2022-11-06 11:53:19,441] [builder.py:472]            [DEBUG]    |                                                                                                    |
[2022-11-06 11:53:19,442] [builder.py:473]            [DEBUG]    | Validating Method: sort_title                                                                      |
[2022-11-06 11:53:19,442] [builder.py:474]            [DEBUG]    | Value: 00000d_Stand Up Comedy                                                                      |
[2022-11-06 11:53:19,442] [builder.py:472]            [DEBUG]    |                                                                                                    |
[2022-11-06 11:53:19,442] [builder.py:473]            [DEBUG]    | Validating Method: url_poster                                                                      |
[2022-11-06 11:53:19,443] [builder.py:474]            [DEBUG]    | Value: https://theposterdb.com/api/assets/49137                                                    |
[2022-11-06 11:53:19,447] [plex.py:687]               [DEBUG]    | Looking for: Stand Up Comedy                                                                       |
[2022-11-06 11:53:19,447] [builder.py:619]            [INFO]     |                                                                                                    |
[2022-11-06 11:53:19,448] [builder.py:620]            [INFO]     | Validation Successful                                                                              |
[2022-11-06 11:53:19,450] [plex_meta_manager.py:758]  [INFO]     |                                                                                                    |
[2022-11-06 11:53:19,450] [util.py:216]               [INFO]     |================================ Running Stand Up Comedy Collection ================================|
[2022-11-06 11:53:19,451] [plex_meta_manager.py:773]  [INFO]     |                                                                                                    |
[2022-11-06 11:53:19,451] [plex_meta_manager.py:774]  [INFO]     | Sync Mode: sync                                                                                    |
[2022-11-06 11:53:19,451] [builder.py:1275]           [DEBUG]    |                                                                                                    |
[2022-11-06 11:53:19,452] [builder.py:1276]           [DEBUG]    | Builder: imdb_list: {'url': 'https://www.imdb.com/list/ls070221411/', 'limit': 0}                  |
[2022-11-06 11:53:19,452] [builder.py:1277]           [INFO]     |                                                                                                    |
[2022-11-06 11:53:19,452] [imdb.py:158]               [INFO]     | Processing IMDb List: https://www.imdb.com/list/ls070221411/                                       |
[2022-11-06 11:53:23,141] [imdb.py:127]               [DEBUG]    | 16 IMDb IDs Found: ['tt0249854', 'tt0249853', 'tt0248827', 'tt0248828', 'tt0199554', 'tt0246644', 'tt0246642', 'tt0246643', 'tt0249535', 'tt0298343', 'tt0246641', 'tt0248826', 'tt0246645', 'tt0287460', 'tt0484855', 'tt0963207'] |
[2022-11-06 11:53:23,142] [builder.py:1282]           [DEBUG]    |                                                                                                    |
[2022-11-06 11:53:23,142] [builder.py:1283]           [DEBUG]    | 16 IDs Found: [('tt0249854', 'imdb'), ('tt0249853', 'imdb'), ('tt0248827', 'imdb'), ('tt0248828', 'imdb'), ('tt0199554', 'imdb'), ('tt0246644', 'imdb'), ('tt0246642', 'imdb'), ('tt0246643', 'imdb'), ('tt0249535', 'imdb'), ('tt0298343', 'imdb'), ('tt0246641', 'imdb'), ('tt0248826', 'imdb'), ('tt0246645', 'imdb'), ('tt0287460', 'imdb'), ('tt0484855', 'imdb'), ('tt0963207', 'imdb')] |
[2022-11-06 11:53:23,143] [builder.py:1284]           [DEBUG]    |                                                                                                    |
[2022-11-06 11:53:23,151] [builder.py:1275]           [DEBUG]    |                                                                                                    |
[2022-11-06 11:53:23,151] [builder.py:1276]           [DEBUG]    | Builder: imdb_list: {'url': 'https://www.imdb.com/list/ls086584751/', 'limit': 0}                  |
[2022-11-06 11:53:23,152] [builder.py:1277]           [INFO]     |                                                                                                    |
[2022-11-06 11:53:23,152] [imdb.py:158]               [INFO]     | Processing IMDb List: https://www.imdb.com/list/ls086584751/                                       |
[2022-11-06 11:53:26,553] [imdb.py:127]               [DEBUG]    | 5 IMDb IDs Found: ['tt2270274', 'tt6344974', 'tt7259600', 'tt0975673', 'tt12358794']               |
[2022-11-06 11:53:26,554] [builder.py:1282]           [DEBUG]    |                                                                                                    |
[2022-11-06 11:53:26,554] [builder.py:1283]           [DEBUG]    | 5 IDs Found: [('tt2270274', 'imdb'), ('tt6344974', 'imdb'), ('tt7259600', 'imdb'), ('tt0975673', 'imdb'), ('tt12358794', 'imdb')] |
[2022-11-06 11:53:26,554] [builder.py:1284]           [DEBUG]    |                                                                                                    |
[2022-11-06 11:53:26,560] [builder.py:1275]           [DEBUG]    |                                                                                                    |
[2022-11-06 11:53:26,561] [builder.py:1276]           [DEBUG]    | Builder: imdb_list: {'url': 'https://www.imdb.com/list/ls086022668/', 'limit': 0}                  |
[2022-11-06 11:53:26,561] [builder.py:1277]           [INFO]     |                                                                                                    |
[2022-11-06 11:53:26,562] [imdb.py:158]               [INFO]     | Processing IMDb List: https://www.imdb.com/list/ls086022668/                                       |
[2022-11-06 11:53:29,935] [imdb.py:127]               [DEBUG]    | 9 IMDb IDs Found: ['tt0806102', 'tt1143143', 'tt2058636', 'tt2461736', 'tt4209802', 'tt5038776', 'tt7364706', 'tt10847194', 'tt13444348'] |
[2022-11-06 11:53:29,935] [builder.py:1282]           [DEBUG]    |                                                                                                    |
[2022-11-06 11:53:29,935] [builder.py:1283]           [DEBUG]    | 9 IDs Found: [('tt0806102', 'imdb'), ('tt1143143', 'imdb'), ('tt2058636', 'imdb'), ('tt2461736', 'imdb'), ('tt4209802', 'imdb'), ('tt5038776', 'imdb'), ('tt7364706', 'imdb'), ('tt10847194', 'imdb'), ('tt13444348', 'imdb')] |
[2022-11-06 11:53:29,936] [builder.py:1284]           [DEBUG]    |                                                                                                    |
[2022-11-06 11:53:29,941] [builder.py:1275]           [DEBUG]    |                                                                                                    |
[2022-11-06 11:53:29,941] [builder.py:1276]           [DEBUG]    | Builder: imdb_list: {'url': 'https://www.imdb.com/list/ls049792208/', 'limit': 0}                  |
[2022-11-06 11:53:29,941] [builder.py:1277]           [INFO]     |                                                                                                    |
[2022-11-06 11:53:29,942] [imdb.py:158]               [INFO]     | Processing IMDb List: https://www.imdb.com/list/ls049792208/                                       |
[2022-11-06 11:53:33,642] [imdb.py:127]               [DEBUG]    | 6 IMDb IDs Found: ['tt1420554', 'tt1714196', 'tt1999192', 'tt2609912', 'tt9818218', 'tt4669186']   |
[2022-11-06 11:53:33,642] [builder.py:1282]           [DEBUG]    |                                                                                                    |
[2022-11-06 11:53:33,642] [builder.py:1283]           [DEBUG]    | 6 IDs Found: [('tt1420554', 'imdb'), ('tt1714196', 'imdb'), ('tt1999192', 'imdb'), ('tt2609912', 'imdb'), ('tt9818218', 'imdb'), ('tt4669186', 'imdb')] |
[2022-11-06 11:53:33,643] [builder.py:1284]           [DEBUG]    |                                                                                                    |
[2022-11-06 11:53:33,649] [plex_meta_manager.py:797]  [INFO]     |                                                                                                    |
[2022-11-06 11:53:33,650] [plex_meta_manager.py:798]  [INFO]     | Collection Minimum: 1 not met for Stand Up Comedy Collection                                       |
[2022-11-06 11:53:33,650] [builder.py:1929]           [INFO]     |                                                                                                    |
[2022-11-06 11:53:33,650] [util.py:216]               [INFO]     |=========================== Missing Movies from Library: Stand Up Comedy ===========================|
[2022-11-06 11:53:33,651] [builder.py:1931]           [INFO]     |                                                                                                    |
[2022-11-06 11:53:33,692] [builder.py:1943]           [INFO]     | Stand Up Comedy Collection | ? | George Carlin: On Location at USC (1977) (TMDb: 70086)            |
[2022-11-06 11:53:33,729] [builder.py:1943]           [INFO]     | Stand Up Comedy Collection | ? | George Carlin: Again! (1978) (TMDb: 57837)                        |
[2022-11-06 11:53:33,760] [builder.py:1943]           [INFO]     | Stand Up Comedy Collection | ? | Carlin at Carnegie (1983) (TMDb: 34506)                           |
[2022-11-06 11:53:33,795] [builder.py:1943]           [INFO]     | Stand Up Comedy Collection | ? | Carlin on Campus (1984) (TMDb: 30649)                             |
[2022-11-06 11:53:33,828] [builder.py:1943]           [INFO]     | Stand Up Comedy Collection | ? | George Carlin: Playin' with Your Head (1986) (TMDb: 34163)        |
[2022-11-06 11:53:33,860] [builder.py:1943]           [INFO]     | Stand Up Comedy Collection | ? | George Carlin: What Am I Doing in New Jersey? (1988) (TMDb: 34512) |
[2022-11-06 11:53:33,895] [builder.py:1943]           [INFO]     | Stand Up Comedy Collection | ? | George Carlin: Doin' it Again (1990) (TMDb: 25160)                |
[2022-11-06 11:53:33,933] [builder.py:1943]           [INFO]     | Stand Up Comedy Collection | ? | George Carlin: Jammin' in New York (1992) (TMDb: 25161)           |
[2022-11-06 11:53:33,981] [builder.py:1943]           [INFO]     | Stand Up Comedy Collection | ? | George Carlin: George's Best Stuff (1996) (TMDb: 34510)           |
[2022-11-06 11:53:34,018] [builder.py:1943]           [INFO]     | Stand Up Comedy Collection | ? | George Carlin: Personal Favorites (1997) (TMDb: 34511)            |
[2022-11-06 11:53:34,056] [builder.py:1943]           [INFO]     | Stand Up Comedy Collection | ? | George Carlin: Back in Town (1996) (TMDb: 34509)                  |
[2022-11-06 11:53:34,091] [builder.py:1943]           [INFO]     | Stand Up Comedy Collection | ? | George Carlin: 40 Years of Comedy (1997) (TMDb: 34508)            |
[2022-11-06 11:53:34,123] [builder.py:1943]           [INFO]     | Stand Up Comedy Collection | ? | George Carlin: You Are All Diseased (1999) (TMDb: 34513)          |
[2022-11-06 11:53:34,149] [builder.py:1943]           [INFO]     | Stand Up Comedy Collection | ? | George Carlin: Complaints & Grievances (2001) (TMDb: 20679)       |
[2022-11-06 11:53:34,175] [builder.py:1943]           [INFO]     | Stand Up Comedy Collection | ? | George Carlin: Life Is Worth Losing (2005) (TMDb: 13015)          |
[2022-11-06 11:53:34,204] [builder.py:1943]           [INFO]     | Stand Up Comedy Collection | ? | George Carlin: It's Bad for Ya! (2008) (TMDb: 13643)              |
[2022-11-06 11:53:34,234] [builder.py:1943]           [INFO]     | Stand Up Comedy Collection | ? | George Lopez: It's Not Me, It's You (2012) (TMDb: 133704)         |
[2022-11-06 11:53:34,265] [builder.py:1943]           [INFO]     | Stand Up Comedy Collection | ? | George Lopez: Why You Crying? (2005) (TMDb: 38612)                |
[2022-11-06 11:53:34,299] [builder.py:1943]           [INFO]     | Stand Up Comedy Collection | ? | George Lopez: The Wall (2017) (TMDb: 468967)                      |
[2022-11-06 11:53:34,329] [builder.py:1943]           [INFO]     | Stand Up Comedy Collection | ? | George Lopez: America's Mexican (2007) (TMDb: 19993)              |
[2022-11-06 11:53:34,364] [builder.py:1943]           [INFO]     | Stand Up Comedy Collection | ? | George Lopez: We'll Do It for Half (2020) (TMDb: 710451)          |
[2022-11-06 11:53:34,398] [builder.py:1943]           [INFO]     | Stand Up Comedy Collection | ? | Jeff Dunham: Arguing with Myself (2006) (TMDb: 14542)             |
[2022-11-06 11:53:34,430] [builder.py:1943]           [INFO]     | Stand Up Comedy Collection | ? | Jeff Dunham: Spark of Insanity (2007) (TMDb: 14540)               |
[2022-11-06 11:53:34,459] [builder.py:1943]           [INFO]     | Stand Up Comedy Collection | ? | Jeff Dunham: Controlled Chaos (2011) (TMDb: 75190)                |
[2022-11-06 11:53:34,494] [builder.py:1943]           [INFO]     | Stand Up Comedy Collection | ? | Jeff Dunham: Minding the Monsters (2012) (TMDb: 137144)           |
[2022-11-06 11:53:34,531] [builder.py:1943]           [INFO]     | Stand Up Comedy Collection | ? | Jeff Dunham: All Over the Map (2014) (TMDb: 300685)               |
[2022-11-06 11:53:34,561] [builder.py:1943]           [INFO]     | Stand Up Comedy Collection | ? | Jeff Dunham: Unhinged in Hollywood (2015) (TMDb: 360408)          |
[2022-11-06 11:53:34,596] [builder.py:1943]           [INFO]     | Stand Up Comedy Collection | ? | Jeff Dunham: Relative Disaster (2017) (TMDb: 473277)              |
[2022-11-06 11:53:34,624] [builder.py:1943]           [INFO]     | Stand Up Comedy Collection | ? | Jeff Dunham: Beside Himself (2019) (TMDb: 633517)                 |
[2022-11-06 11:53:34,654] [builder.py:1943]           [INFO]     | Stand Up Comedy Collection | ? | Jeff Dunham's Completely Unrehearsed Last-Minute Pandemic Holiday Special (2020) (TMDb: 769281) |
[2022-11-06 11:53:34,704] [builder.py:1943]           [INFO]     | Stand Up Comedy Collection | ? | Kevin Hart: I'm a Grown Little Man (2009) (TMDb: 27866)           |
[2022-11-06 11:53:34,750] [builder.py:1943]           [INFO]     | Stand Up Comedy Collection | ? | Kevin Hart: Seriously Funny (2010) (TMDb: 42189)                  |
[2022-11-06 11:53:34,803] [builder.py:1943]           [INFO]     | Stand Up Comedy Collection | ? | Kevin Hart: Laugh at My Pain (2011) (TMDb: 74510)                 |
[2022-11-06 11:53:34,839] [builder.py:1943]           [INFO]     | Stand Up Comedy Collection | ? | Kevin Hart: Let Me Explain (2013) (TMDb: 181330)                  |
[2022-11-06 11:53:34,885] [builder.py:1943]           [INFO]     | Stand Up Comedy Collection | ? | Kevin Hart: Live Comedy from the Laff House (TMDb: 942656)        |
[2022-11-06 11:53:34,941] [builder.py:1943]           [INFO]     | Stand Up Comedy Collection | ? | Kevin Hart: What Now? (2016) (TMDb: 339927)                       |
[2022-11-06 11:53:34,941] [builder.py:1947]           [INFO]     |                                                                                                    |
[2022-11-06 11:53:34,942] [builder.py:1948]           [INFO]     | 36 Movies Missing                                                                                  |
[2022-11-06 11:53:35,015] [plex_meta_manager.py:880]  [INFO]     |                                                                                                    |
[2022-11-06 11:53:35,016] [util.py:209]               [INFO]     |====================================================================================================|
[2022-11-06 11:53:35,016] [util.py:216]               [INFO]     |                                Finished Stand Up Comedy Collection                                 |
[2022-11-06 11:53:35,016] [util.py:216]               [INFO]     |                                    Collection Run Time: 0:00:18                                    |
[2022-11-06 11:53:35,017] [util.py:220]               [INFO]     |====================================================================================================|
