[2022-10-28 01:00:38,330] [util.py:209]               [INFO]     |====================================================================================================|
[2022-10-28 01:00:38,331] [util.py:216]               [INFO]     |                               Godzilla (Showa) Collection in Movies                                |
[2022-10-28 01:00:38,331] [util.py:220]               [INFO]     |====================================================================================================|
[2022-10-28 01:00:38,331] [plex_meta_manager.py:750]  [INFO]     |                                                                                                    |
[2022-10-28 01:00:38,332] [util.py:216]               [INFO]     |============================== Validating Godzilla (Showa) Attributes ==============================|
[2022-10-28 01:00:38,332] [builder.py:265]            [DEBUG]    |                                                                                                    |
[2022-10-28 01:00:38,332] [builder.py:266]            [DEBUG]    | Validating Method: template                                                                        |
[2022-10-28 01:00:38,333] [meta.py:83]                [DEBUG]    | Value: ordereddict([('name', 'Movie'), ('collection', 374509), ('summary', 374509), ('movie', 18983), ('poster', 'https://theposterdb.com/api/assets/125926')]) |
[2022-10-28 01:00:38,333] [builder.py:330]            [DEBUG]    |                                                                                                    |
[2022-10-28 01:00:38,333] [builder.py:331]            [DEBUG]    | Validating Method: sync_mode                                                                       |
[2022-10-28 01:00:38,334] [builder.py:335]            [DEBUG]    | Value: sync                                                                                        |
[2022-10-28 01:00:38,334] [builder.py:453]            [DEBUG]    |                                                                                                    |
[2022-10-28 01:00:38,334] [builder.py:454]            [DEBUG]    | Validating Method: collection_order                                                                |
[2022-10-28 01:00:38,334] [builder.py:455]            [DEBUG]    | Value: release                                                                                     |
[2022-10-28 01:00:38,334] [builder.py:472]            [DEBUG]    |                                                                                                    |
[2022-10-28 01:00:38,335] [builder.py:473]            [DEBUG]    | Validating Method: sort_title                                                                      |
[2022-10-28 01:00:38,335] [builder.py:474]            [DEBUG]    | Value: Godzilla 01 (Showa)                                                                         |
[2022-10-28 01:00:38,335] [builder.py:472]            [DEBUG]    |                                                                                                    |
[2022-10-28 01:00:38,335] [builder.py:473]            [DEBUG]    | Validating Method: url_poster                                                                      |
[2022-10-28 01:00:38,336] [builder.py:474]            [DEBUG]    | Value: https://theposterdb.com/api/assets/125926                                                   |
[2022-10-28 01:00:38,336] [builder.py:472]            [DEBUG]    |                                                                                                    |
[2022-10-28 01:00:38,336] [builder.py:473]            [DEBUG]    | Validating Method: tmdb_collection                                                                 |
[2022-10-28 01:00:38,336] [builder.py:474]            [DEBUG]    | Value: 374509                                                                                      |
[2022-10-28 01:00:38,444] [builder.py:472]            [DEBUG]    |                                                                                                    |
[2022-10-28 01:00:38,444] [builder.py:473]            [DEBUG]    | Validating Method: tmdb_summary                                                                    |
[2022-10-28 01:00:38,444] [builder.py:474]            [DEBUG]    | Value: 374509                                                                                      |
[2022-10-28 01:00:38,445] [builder.py:472]            [DEBUG]    |                                                                                                    |
[2022-10-28 01:00:38,445] [builder.py:473]            [DEBUG]    | Validating Method: radarr_add_missing                                                              |
[2022-10-28 01:00:38,445] [builder.py:474]            [DEBUG]    | Value: True                                                                                        |
[2022-10-28 01:00:38,603] [builder.py:619]            [INFO]     |                                                                                                    |
[2022-10-28 01:00:38,603] [builder.py:620]            [INFO]     | Validation Successful                                                                              |
[2022-10-28 01:00:38,604] [plex_meta_manager.py:758]  [INFO]     |                                                                                                    |
[2022-10-28 01:00:38,605] [util.py:216]               [INFO]     |=============================== Running Godzilla (Showa) Collection ================================|
[2022-10-28 01:00:38,605] [plex_meta_manager.py:773]  [INFO]     |                                                                                                    |
[2022-10-28 01:00:38,605] [plex_meta_manager.py:774]  [INFO]     | Sync Mode: sync                                                                                    |
[2022-10-28 01:00:38,605] [builder.py:1275]           [DEBUG]    |                                                                                                    |
[2022-10-28 01:00:38,606] [builder.py:1276]           [DEBUG]    | Builder: tmdb_collection: 374509                                                                   |
[2022-10-28 01:00:38,606] [builder.py:1277]           [INFO]     |                                                                                                    |
[2022-10-28 01:00:38,607] [tmdb.py:321]               [INFO]     | Processing TMDb Collection: (374509) Godzilla (Showa) Collection (15 Items)                        |
[2022-10-28 01:00:38,607] [builder.py:1282]           [DEBUG]    |                                                                                                    |
[2022-10-28 01:00:38,607] [builder.py:1283]           [DEBUG]    | 15 IDs Found: [(1678, 'tmdb'), (1679, 'tmdb'), (1680, 'tmdb'), (1682, 'tmdb'), (15766, 'tmdb'), (19545, 'tmdb'), (3115, 'tmdb'), (18627, 'tmdb'), (3107, 'tmdb'), (39462, 'tmdb'), (39464, 'tmdb'), (19336, 'tmdb'), (39264, 'tmdb'), (38582, 'tmdb'), (19333, 'tmdb')] |
[2022-10-28 01:00:38,607] [builder.py:1284]           [DEBUG]    |                                                                                                    |
[2022-10-28 01:00:38,788] [builder.py:1697]           [INFO]     |                                                                                                    |
[2022-10-28 01:00:38,788] [util.py:216]               [INFO]     |============================== Adding to Godzilla (Showa) Collection ===============================|
[2022-10-28 01:00:38,788] [builder.py:1699]           [INFO]     |                                                                                                    |
[2022-10-28 01:00:38,789] [builder.py:1709]           [INFO]     |  1/13 | Godzilla (Showa) Collection | = | Godzilla (1954)                                          |
[2022-10-28 01:00:38,789] [builder.py:1709]           [INFO]     |  2/13 | Godzilla (Showa) Collection | = | Godzilla Raids Again (1955)                              |
[2022-10-28 01:00:38,789] [builder.py:1709]           [INFO]     |  3/13 | Godzilla (Showa) Collection | = | King Kong vs. Godzilla (1962)                            |
[2022-10-28 01:00:38,790] [builder.py:1709]           [INFO]     |  4/13 | Godzilla (Showa) Collection | = | Mothra vs. Godzilla (1964)                               |
[2022-10-28 01:00:38,790] [builder.py:1709]           [INFO]     |  5/13 | Godzilla (Showa) Collection | = | Ghidorah, the Three-Headed Monster (1964)                |
[2022-10-28 01:00:38,790] [builder.py:1709]           [INFO]     |  6/13 | Godzilla (Showa) Collection | = | Invasion of Astro-Monster (1965)                         |
[2022-10-28 01:00:38,791] [builder.py:1709]           [INFO]     |  7/13 | Godzilla (Showa) Collection | = | Destroy All Monsters (1968)                              |
[2022-10-28 01:00:38,791] [builder.py:1709]           [INFO]     |  8/13 | Godzilla (Showa) Collection | = | All Monsters Attack (1969)                               |
[2022-10-28 01:00:38,791] [builder.py:1709]           [INFO]     |  9/13 | Godzilla (Showa) Collection | = | Godzilla vs. Hedorah (1971)                              |
[2022-10-28 01:00:38,792] [builder.py:1709]           [INFO]     | 10/13 | Godzilla (Showa) Collection | = | Godzilla vs. Gigan (1972)                                |
[2022-10-28 01:00:38,792] [builder.py:1709]           [INFO]     | 11/13 | Godzilla (Showa) Collection | = | Godzilla vs. Megalon (1973)                              |
[2022-10-28 01:00:38,792] [builder.py:1709]           [INFO]     | 12/13 | Godzilla (Showa) Collection | = | Godzilla vs. Mechagodzilla (1974)                        |
[2022-10-28 01:00:38,794] [builder.py:1709]           [INFO]     | 13/13 | Godzilla (Showa) Collection | = | Terror of Mechagodzilla (1975)                           |
[2022-10-28 01:00:38,794] [builder.py:1734]           [INFO]     |                                                                                                    |
[2022-10-28 01:00:38,794] [builder.py:1735]           [INFO]     | 13 Movies Processed                                                                                |
[2022-10-28 01:00:38,795] [builder.py:1929]           [INFO]     |                                                                                                    |
[2022-10-28 01:00:38,795] [util.py:216]               [INFO]     |========================== Missing Movies from Library: Godzilla (Showa) ===========================|
[2022-10-28 01:00:38,795] [builder.py:1931]           [INFO]     |                                                                                                    |
[2022-10-28 01:00:38,949] [builder.py:1943]           [INFO]     | Godzilla (Showa) Collection | ? | Ebirah, Horror of the Deep (1966) (TMDb: 3115)                   |
[2022-10-28 01:00:39,096] [builder.py:1943]           [INFO]     | Godzilla (Showa) Collection | ? | Son of Godzilla (1967) (TMDb: 18627)                             |
[2022-10-28 01:00:39,096] [builder.py:1947]           [INFO]     |                                                                                                    |
[2022-10-28 01:00:39,097] [builder.py:1948]           [INFO]     | 2 Movies Missing                                                                                   |
[2022-10-28 01:00:39,102] [radarr.py:44]              [INFO]     |                                                                                                    |
[2022-10-28 01:00:39,102] [util.py:216]               [INFO]     |===================================== Adding Missing to Radarr =====================================|
[2022-10-28 01:00:39,102] [radarr.py:46]              [DEBUG]    |                                                                                                    |
[2022-10-28 01:00:39,103] [radarr.py:47]              [DEBUG]    | Radarr Adds: [3115, 18627]                                                                         |
[2022-10-28 01:00:39,865] [radarr.py:136]             [INFO]     |                                                                                                    |
[2022-10-28 01:00:39,866] [radarr.py:144]             [INFO]     | Skipped: In Cache | 3115                                                                           |
[2022-10-28 01:00:39,866] [radarr.py:144]             [INFO]     | Skipped: In Cache | 18627                                                                          |
[2022-10-28 01:00:39,866] [radarr.py:145]             [INFO]     | 2 Movies already exist in Radarr                                                                   |
[2022-10-28 01:00:39,881] [builder.py:2147]           [INFO]     |                                                                                                    |
[2022-10-28 01:00:39,881] [util.py:216]               [INFO]     |========================= Updating Details of Godzilla (Showa) Collection ==========================|
[2022-10-28 01:00:39,881] [builder.py:2149]           [INFO]     |                                                                                                    |
[2022-10-28 01:00:39,882] [builder.py:2156]           [INFO]     | Detail: tmdb_summary updated Collection Summary                                                    |
[2022-10-28 01:00:39,883] [builder.py:2258]           [DEBUG]    | 1 posters found:                                                                                   |
[2022-10-28 01:00:39,883] [builder.py:2260]           [DEBUG]    | Method: url_poster Poster: https://theposterdb.com/api/assets/125926                               |
[2022-10-28 01:00:39,883] [builder.py:2327]           [INFO]     | No background collection detail or asset folder found                                              |
[2022-10-28 01:00:39,891] [library.py:147]            [INFO]     | Detail: poster update not needed                                                                   |
[2022-10-28 01:00:40,044] [plex_meta_manager.py:880]  [INFO]     |                                                                                                    |
[2022-10-28 01:00:40,045] [util.py:209]               [INFO]     |====================================================================================================|
[2022-10-28 01:00:40,045] [util.py:216]               [INFO]     |                                Finished Godzilla (Showa) Collection                                |
[2022-10-28 01:00:40,046] [util.py:216]               [INFO]     |                                    Collection Run Time: 0:00:01                                    |
[2022-10-28 01:00:40,046] [util.py:220]               [INFO]     |====================================================================================================|
