[2022-11-23 17:32:52,010] [util.py:209]               [INFO]     |====================================================================================================|
[2022-11-23 17:32:52,010] [util.py:216]               [INFO]     |                                Trending Movies Collection in Movies                                |
[2022-11-23 17:32:52,011] [util.py:220]               [INFO]     |====================================================================================================|
[2022-11-23 17:32:52,011] [plex_meta_manager.py:750]  [INFO]     |                                                                                                    |
[2022-11-23 17:32:52,012] [util.py:216]               [INFO]     |============================== Validating Trending Movies Attributes ===============================|
[2022-11-23 17:32:52,012] [builder.py:453]            [DEBUG]    |                                                                                                    |
[2022-11-23 17:32:52,012] [builder.py:454]            [DEBUG]    | Validating Method: collection_order                                                                |
[2022-11-23 17:32:52,013] [builder.py:455]            [DEBUG]    | Value: custom                                                                                      |
[2022-11-23 17:32:52,013] [builder.py:472]            [DEBUG]    |                                                                                                    |
[2022-11-23 17:32:52,013] [builder.py:473]            [DEBUG]    | Validating Method: sort_title                                                                      |
[2022-11-23 17:32:52,013] [builder.py:474]            [DEBUG]    | Value: 00000b_2                                                                                    |
[2022-11-23 17:32:52,013] [builder.py:472]            [DEBUG]    |                                                                                                    |
[2022-11-23 17:32:52,014] [builder.py:473]            [DEBUG]    | Validating Method: trakt_trending                                                                  |
[2022-11-23 17:32:52,014] [builder.py:474]            [DEBUG]    | Value: 75                                                                                          |
[2022-11-23 17:32:52,014] [builder.py:472]            [DEBUG]    |                                                                                                    |
[2022-11-23 17:32:52,014] [builder.py:473]            [DEBUG]    | Validating Method: summary                                                                         |
[2022-11-23 17:32:52,014] [builder.py:474]            [DEBUG]    | Value: A collection of movies trending across the internet                                         |
[2022-11-23 17:32:52,015] [builder.py:472]            [DEBUG]    |                                                                                                    |
[2022-11-23 17:32:52,015] [builder.py:473]            [DEBUG]    | Validating Method: url_poster                                                                      |
[2022-11-23 17:32:52,015] [builder.py:474]            [DEBUG]    | Value: https://i.imgur.com/LFJnVzC.jpg                                                             |
[2022-11-23 17:32:53,491] [builder.py:619]            [INFO]     |                                                                                                    |
[2022-11-23 17:32:53,492] [builder.py:620]            [INFO]     | Validation Successful                                                                              |
[2022-11-23 17:32:53,492] [plex_meta_manager.py:758]  [INFO]     |                                                                                                    |
[2022-11-23 17:32:53,492] [util.py:216]               [INFO]     |================================ Running Trending Movies Collection ================================|
[2022-11-23 17:32:53,493] [plex_meta_manager.py:773]  [INFO]     |                                                                                                    |
[2022-11-23 17:32:53,493] [plex_meta_manager.py:774]  [INFO]     | Sync Mode: append                                                                                  |
[2022-11-23 17:32:53,493] [builder.py:1275]           [DEBUG]    |                                                                                                    |
[2022-11-23 17:32:53,493] [builder.py:1276]           [DEBUG]    | Builder: trakt_trending: 75                                                                        |
[2022-11-23 17:32:53,494] [builder.py:1277]           [INFO]     |                                                                                                    |
[2022-11-23 17:32:53,494] [trakt.py:236]              [INFO]     | Processing Trakt Trending: 75 Movies                                                               |
[2022-11-23 17:32:53,642] [builder.py:1282]           [DEBUG]    |                                                                                                    |
[2022-11-23 17:32:53,643] [builder.py:1283]           [DEBUG]    | 75 IDs Found: [(436270, 'tmdb'), (632856, 'tmdb'), (497828, 'tmdb'), (505642, 'tmdb'), (830784, 'tmdb'), (724495, 'tmdb'), (361743, 'tmdb'), (882598, 'tmdb'), (800939, 'tmdb'), (1013860, 'tmdb'), (2609, 'tmdb'), (338958, 'tmdb'), (829280, 'tmdb'), (718930, 'tmdb'), (619730, 'tmdb'), (842934, 'tmdb'), (854239, 'tmdb'), (49046, 'tmdb'), (862965, 'tmdb'), (928344, 'tmdb'), (668461, 'tmdb'), (929340, 'tmdb'), (661374, 'tmdb'), (979924, 'tmdb'), (829799, 'tmdb'), (762504, 'tmdb'), (614934, 'tmdb'), (913290, 'tmdb'), (664469, 'tmdb'), (615952, 'tmdb'), (910858, 'tmdb'), (771, 'tmdb'), (850, 'tmdb'), (985939, 'tmdb'), (593643, 'tmdb'), (802372, 'tmdb'), (562, 'tmdb'), (438631, 'tmdb'), (10719, 'tmdb'), (335787, 'tmdb'), (5825, 'tmdb'), (725201, 'tmdb'), (360920, 'tmdb'), (438148, 'tmdb'), (682507, 'tmdb'), (616820, 'tmdb'), (556694, 'tmdb'), (175574, 'tmdb'), (520023, 'tmdb'), (13479, 'tmdb'), (457232, 'tmdb'), (293660, 'tmdb'), (263115, 'tmdb'), (259316, 'tmdb'), (324552, 'tmdb'), (76341, 'tmdb'), (284054, 'tmdb'), (137113, 'tmdb'), (324857, 'tmdb'), (807, 'tmdb'), (634649, 'tmdb'), (22538, 'tmdb'), (524434, 'tmdb'), (8871, 'tmdb'), (686, 'tmdb'), (508947, 'tmdb'), (49524, 'tmdb'), (756999, 'tmdb'), (581726, 'tmdb'), (11395, 'tmdb'), (675353, 'tmdb'), (1621, 'tmdb'), (9489, 'tmdb'), (760104, 'tmdb'), (539681, 'tmdb')] |
[2022-11-23 17:32:53,643] [builder.py:1284]           [DEBUG]    |                                                                                                    |
[2022-11-23 17:32:54,464] [builder.py:1697]           [INFO]     |                                                                                                    |
[2022-11-23 17:32:54,464] [util.py:216]               [INFO]     |=============================== Adding to Trending Movies Collection ===============================|
[2022-11-23 17:32:54,464] [builder.py:1699]           [INFO]     |                                                                                                    |
[2022-11-23 17:32:54,465] [builder.py:1709]           [INFO]     |  1/36 | Trending Movies Collection | = | Black Adam (2022)                                         |
[2022-11-23 17:32:54,465] [builder.py:1709]           [INFO]     |  2/36 | Trending Movies Collection | = | The Woman King (2022)                                     |
[2022-11-23 17:32:54,465] [builder.py:1709]           [INFO]     |  3/36 | Trending Movies Collection | = | Top Gun: Maverick (2022)                                  |
[2022-11-23 17:32:54,466] [builder.py:1709]           [INFO]     |  4/36 | Trending Movies Collection | = | Enola Holmes 2 (2022)                                     |
[2022-11-23 17:32:54,466] [builder.py:1709]           [INFO]     |  5/36 | Trending Movies Collection | = | Emily the Criminal (2022)                                 |
[2022-11-23 17:32:54,467] [builder.py:1709]           [INFO]     |  6/36 | Trending Movies Collection | = | Elvis (2022)                                              |
[2022-11-23 17:32:54,467] [builder.py:1709]           [INFO]     |  7/36 | Trending Movies Collection | = | Barbarian (2022)                                          |
[2022-11-23 17:32:54,468] [builder.py:1709]           [INFO]     |  8/36 | Trending Movies Collection | = | Amsterdam (2022)                                          |
[2022-11-23 17:32:54,468] [builder.py:1709]           [INFO]     |  9/36 | Trending Movies Collection | = | Armageddon Time (2022)                                    |
[2022-11-23 17:32:54,469] [builder.py:1709]           [INFO]     | 10/36 | Trending Movies Collection | = | Home Alone (1990)                                         |
[2022-11-23 17:32:54,470] [builder.py:1709]           [INFO]     | 11/36 | Trending Movies Collection | = | Fall (2022)                                               |
[2022-11-23 17:32:54,470] [builder.py:1709]           [INFO]     | 12/36 | Trending Movies Collection | = | Die Hard (1988)                                           |
[2022-11-23 17:32:54,471] [builder.py:1709]           [INFO]     | 13/36 | Trending Movies Collection | = | Dune (2021)                                               |
[2022-11-23 17:32:54,471] [builder.py:1709]           [INFO]     | 14/36 | Trending Movies Collection | = | Uncharted (2022)                                          |
[2022-11-23 17:32:54,472] [builder.py:1709]           [INFO]     | 15/36 | Trending Movies Collection | = | The Gray Man (2022)                                       |
[2022-11-23 17:32:54,472] [builder.py:1709]           [INFO]     | 16/36 | Trending Movies Collection | = | Minions: The Rise of Gru (2022)                           |
[2022-11-23 17:32:54,473] [builder.py:1709]           [INFO]     | 17/36 | Trending Movies Collection | = | Halloween Ends (2022)                                     |
[2022-11-23 17:32:54,473] [builder.py:1709]           [INFO]     | 18/36 | Trending Movies Collection | = | Bodies Bodies Bodies (2022)                               |
[2022-11-23 17:32:54,473] [builder.py:1709]           [INFO]     | 19/36 | Trending Movies Collection | = | A Charlie Brown Thanksgiving (1973)                       |
[2022-11-23 17:32:54,474] [builder.py:1709]           [INFO]     | 20/36 | Trending Movies Collection | = | Deadpool (2016)                                           |
[2022-11-23 17:32:54,474] [builder.py:1709]           [INFO]     | 21/36 | Trending Movies Collection | = | Logan (2017)                                              |
[2022-11-23 17:32:54,474] [builder.py:1709]           [INFO]     | 22/36 | Trending Movies Collection | = | Fantastic Beasts and Where to Find Them (2016)            |
[2022-11-23 17:32:54,475] [builder.py:1709]           [INFO]     | 23/36 | Trending Movies Collection | = | John Wick: Chapter 2 (2017)                               |
[2022-11-23 17:32:54,475] [builder.py:1709]           [INFO]     | 24/36 | Trending Movies Collection | = | Mad Max: Fury Road (2015)                                 |
[2022-11-23 17:32:54,477] [builder.py:1709]           [INFO]     | 25/36 | Trending Movies Collection | = | Black Panther (2018)                                      |
[2022-11-23 17:32:54,478] [builder.py:1709]           [INFO]     | 26/36 | Trending Movies Collection | = | Edge of Tomorrow (2014)                                   |
[2022-11-23 17:32:54,478] [builder.py:1709]           [INFO]     | 27/36 | Trending Movies Collection | = | Spider-Man: Into the Spider-Verse (2018)                  |
[2022-11-23 17:32:54,479] [builder.py:1709]           [INFO]     | 28/36 | Trending Movies Collection | = | Se7en (1995)                                              |
[2022-11-23 17:32:54,480] [builder.py:1709]           [INFO]     | 29/36 | Trending Movies Collection | = | Spider-Man: No Way Home (2021)                            |
[2022-11-23 17:32:54,481] [builder.py:1709]           [INFO]     | 30/36 | Trending Movies Collection | = | Scott Pilgrim vs. the World (2010)                        |
[2022-11-23 17:32:54,482] [builder.py:1709]           [INFO]     | 31/36 | Trending Movies Collection | = | Eternals (2021)                                           |
[2022-11-23 17:32:54,482] [builder.py:1709]           [INFO]     | 32/36 | Trending Movies Collection | = | Contact (1997)                                            |
[2022-11-23 17:32:54,483] [builder.py:1709]           [INFO]     | 33/36 | Trending Movies Collection | = | Turning Red (2022)                                        |
[2022-11-23 17:32:54,484] [builder.py:1709]           [INFO]     | 34/36 | Trending Movies Collection | = | The Black Phone (2022)                                    |
[2022-11-23 17:32:54,485] [builder.py:1709]           [INFO]     | 35/36 | Trending Movies Collection | = | Sonic the Hedgehog 2 (2022)                               |
[2022-11-23 17:32:54,485] [builder.py:1709]           [INFO]     | 36/36 | Trending Movies Collection | = | X (2022)                                                  |
[2022-11-23 17:32:54,485] [builder.py:1734]           [INFO]     |                                                                                                    |
[2022-11-23 17:32:54,486] [builder.py:1735]           [INFO]     | 36 Movies Processed                                                                                |
[2022-11-23 17:32:54,486] [builder.py:1929]           [INFO]     |                                                                                                    |
[2022-11-23 17:32:54,486] [util.py:216]               [INFO]     |=========================== Missing Movies from Library: Trending Movies ===========================|
[2022-11-23 17:32:54,487] [builder.py:1931]           [INFO]     |                                                                                                    |
[2022-11-23 17:32:54,524] [builder.py:1943]           [INFO]     | Trending Movies Collection | ? | Spirited (2022) (TMDb: 632856)                                    |
[2022-11-23 17:32:54,562] [builder.py:1943]           [INFO]     | Trending Movies Collection | ? | Triangle of Sadness (2022) (TMDb: 497828)                         |
[2022-11-23 17:32:54,592] [builder.py:1943]           [INFO]     | Trending Movies Collection | ? | Black Panther: Wakanda Forever (2022) (TMDb: 505642)              |
[2022-11-23 17:32:54,620] [builder.py:1943]           [INFO]     | Trending Movies Collection | ? | Lyle, Lyle, Crocodile (2022) (TMDb: 830784)                       |
[2022-11-23 17:32:54,655] [builder.py:1943]           [INFO]     | Trending Movies Collection | ? | Smile (2022) (TMDb: 882598)                                       |
[2022-11-23 17:32:54,693] [builder.py:1943]           [INFO]     | Trending Movies Collection | ? | Ticket to Paradise (2022) (TMDb: 800939)                          |
[2022-11-23 17:32:54,773] [builder.py:1943]           [INFO]     | Trending Movies Collection | ? | R.I.P.D. 2: Rise of the Damned (2022) (TMDb: 1013860)             |
[2022-11-23 17:32:54,775] [builder.py:1943]           [INFO]     | Trending Movies Collection | ? | Planes, Trains and Automobiles (1987) (TMDb: 2609)                |
[2022-11-23 17:32:54,820] [builder.py:1943]           [INFO]     | Trending Movies Collection | ? | Disenchanted (2022) (TMDb: 338958)                                |
[2022-11-23 17:32:54,865] [builder.py:1943]           [INFO]     | Trending Movies Collection | ? | Bullet Train (2022) (TMDb: 718930)                                |
[2022-11-23 17:32:54,908] [builder.py:1943]           [INFO]     | Trending Movies Collection | ? | Don't Worry Darling (2022) (TMDb: 619730)                         |
[2022-11-23 17:32:55,941] [builder.py:1943]           [INFO]     | Trending Movies Collection | ? | Poker Face (2022) (TMDb: 842934)                                  |
[2022-11-23 17:32:55,969] [builder.py:1943]           [INFO]     | Trending Movies Collection | ? | Till (2022) (TMDb: 854239)                                        |
[2022-11-23 17:32:56,013] [builder.py:1943]           [INFO]     | Trending Movies Collection | ? | All Quiet on the Western Front (2022) (TMDb: 49046)               |
[2022-11-23 17:32:56,066] [builder.py:1943]           [INFO]     | Trending Movies Collection | ? | Weird: The Al Yankovic Story (2022) (TMDb: 928344)                |
[2022-11-23 17:32:56,095] [builder.py:1943]           [INFO]     | Trending Movies Collection | ? | Slumberland (2022) (TMDb: 668461)                                 |
[2022-11-23 17:32:56,134] [builder.py:1943]           [INFO]     | Trending Movies Collection | ? | A Christmas Story Christmas (2022) (TMDb: 929340)                 |
[2022-11-23 17:32:56,219] [builder.py:1943]           [INFO]     | Trending Movies Collection | ? | Glass Onion: A Knives Out Mystery (2022) (TMDb: 661374)           |
[2022-11-23 17:32:56,257] [builder.py:1943]           [INFO]     | Trending Movies Collection | ? | On the Line (2022) (TMDb: 979924)                                 |
[2022-11-23 17:32:56,299] [builder.py:1943]           [INFO]     | Trending Movies Collection | ? | Paradise City (2022) (TMDb: 829799)                               |
[2022-11-23 17:32:56,363] [builder.py:1943]           [INFO]     | Trending Movies Collection | ? | Nope (2022) (TMDb: 762504)                                        |
[2022-11-23 17:32:56,399] [builder.py:1943]           [INFO]     | Trending Movies Collection | ? | The Estate (2022) (TMDb: 910858)                                  |
[2022-11-23 17:32:56,429] [builder.py:1943]           [INFO]     | Trending Movies Collection | ? | A Christmas Story (1983) (TMDb: 850)                              |
[2022-11-23 17:32:56,460] [builder.py:1943]           [INFO]     | Trending Movies Collection | ? | The Menu (2022) (TMDb: 593643)                                    |
[2022-11-23 17:32:56,491] [builder.py:1943]           [INFO]     | Trending Movies Collection | ? | The People We Hate at the Wedding (2022) (TMDb: 802372)           |
[2022-11-23 17:32:56,524] [builder.py:1943]           [INFO]     | Trending Movies Collection | ? | Elf (2003) (TMDb: 10719)                                          |
[2022-11-23 17:32:56,554] [builder.py:1943]           [INFO]     | Trending Movies Collection | ? | National Lampoon's Christmas Vacation (1989) (TMDb: 5825)         |
[2022-11-23 17:32:56,592] [builder.py:1943]           [INFO]     | Trending Movies Collection | ? | The Grinch (2018) (TMDb: 360920)                                  |
[2022-11-23 17:32:56,629] [builder.py:1943]           [INFO]     | Trending Movies Collection | ? | Where the Crawdads Sing (2022) (TMDb: 682507)                     |
[2022-11-23 17:32:56,665] [builder.py:1943]           [INFO]     | Trending Movies Collection | ? | Three Thousand Years of Longing (2022) (TMDb: 556694)             |
[2022-11-23 17:32:56,666] [builder.py:1943]           [INFO]     | Trending Movies Collection | ? | Free Birds (2013) (TMDb: 175574)                                  |
[2022-11-23 17:32:56,697] [builder.py:1943]           [INFO]     | Trending Movies Collection | ? | Lamborghini: The Man Behind the Legend (2022) (TMDb: 457232)      |
[2022-11-23 17:32:56,730] [builder.py:1943]           [INFO]     | Trending Movies Collection | ? | How the Grinch Stole Christmas (2000) (TMDb: 8871)                |
[2022-11-23 17:32:56,770] [builder.py:1943]           [INFO]     | Trending Movies Collection | ? | R.I.P.D. (2013) (TMDb: 49524)                                     |
[2022-11-23 17:32:56,808] [builder.py:1943]           [INFO]     | Trending Movies Collection | ? | Infinite (2021) (TMDb: 581726)                                    |
[2022-11-23 17:32:56,840] [builder.py:1943]           [INFO]     | Trending Movies Collection | ? | The Santa Clause (1994) (TMDb: 11395)                             |
[2022-11-23 17:32:56,986] [builder.py:1943]           [INFO]     | Trending Movies Collection | ? | Trading Places (1983) (TMDb: 1621)                                |
[2022-11-23 17:32:56,987] [builder.py:1943]           [INFO]     | Trending Movies Collection | ? | You've Got Mail (1998) (TMDb: 9489)                               |
[2022-11-23 17:32:57,021] [builder.py:1943]           [INFO]     | Trending Movies Collection | ? | DC League of Super-Pets (2022) (TMDb: 539681)                     |
[2022-11-23 17:32:57,022] [builder.py:1947]           [INFO]     |                                                                                                    |
[2022-11-23 17:32:57,022] [builder.py:1948]           [INFO]     | 39 Movies Missing                                                                                  |
[2022-11-23 17:32:57,050] [builder.py:2147]           [INFO]     |                                                                                                    |
[2022-11-23 17:32:57,050] [util.py:216]               [INFO]     |========================== Updating Details of Trending Movies Collection ==========================|
[2022-11-23 17:32:57,051] [builder.py:2149]           [INFO]     |                                                                                                    |
[2022-11-23 17:32:57,051] [builder.py:2156]           [INFO]     | Detail: summary updated Collection Summary                                                         |
[2022-11-23 17:32:57,052] [builder.py:2258]           [DEBUG]    | 1 posters found:                                                                                   |
[2022-11-23 17:32:57,052] [builder.py:2260]           [DEBUG]    | Method: url_poster Poster: https://i.imgur.com/LFJnVzC.jpg                                         |
[2022-11-23 17:32:57,053] [builder.py:2327]           [INFO]     | No background collection detail or asset folder found                                              |
[2022-11-23 17:32:57,054] [library.py:147]            [INFO]     | Detail: poster update not needed                                                                   |
[2022-11-23 17:32:58,580] [plex_meta_manager.py:880]  [INFO]     |                                                                                                    |
[2022-11-23 17:32:58,580] [util.py:209]               [INFO]     |====================================================================================================|
[2022-11-23 17:32:58,581] [util.py:216]               [INFO]     |                                Finished Trending Movies Collection                                 |
[2022-11-23 17:32:58,581] [util.py:216]               [INFO]     |                                    Collection Run Time: 0:00:06                                    |
[2022-11-23 17:32:58,581] [util.py:220]               [INFO]     |====================================================================================================|
