[2022-07-02 11:09:36,476] [util.py:209]               [INFO]     |====================================================================================================|
[2022-07-02 11:09:36,476] [util.py:216]               [INFO]     |                              Oscar 2022 Nominees Collection in Movies                              |
[2022-07-02 11:09:36,476] [util.py:220]               [INFO]     |====================================================================================================|
[2022-07-02 11:09:36,477] [plex_meta_manager.py:750]  [INFO]     |                                                                                                    |
[2022-07-02 11:09:36,477] [util.py:216]               [INFO]     |============================ Validating Oscar 2022 Nominees Attributes =============================|
[2022-07-02 11:09:36,478] [builder.py:265]            [DEBUG]    |                                                                                                    |
[2022-07-02 11:09:36,478] [builder.py:266]            [DEBUG]    | Validating Method: template                                                                        |
[2022-07-02 11:09:36,478] [meta.py:83]                [DEBUG]    | Value: ordereddict([('name', 'Special Genre')])                                                    |
[2022-07-02 11:09:36,478] [builder.py:273]            [DEBUG]    |                                                                                                    |
[2022-07-02 11:09:36,479] [builder.py:274]            [DEBUG]    | Validating Method: delete_not_scheduled                                                            |
[2022-07-02 11:09:36,479] [builder.py:275]            [DEBUG]    | Value: True                                                                                        |
[2022-07-02 11:09:36,479] [builder.py:279]            [DEBUG]    |                                                                                                    |
[2022-07-02 11:09:36,479] [builder.py:280]            [DEBUG]    | Validating Method: schedule                                                                        |
[2022-07-02 11:09:36,479] [builder.py:284]            [DEBUG]    | Value: range(02/01-05/01)                                                                          |
[2022-07-02 11:09:36,483] [plex.py:685]               [DEBUG]    | Looking for: Oscar 2022 Nominees                                                                   |
[2022-07-02 11:09:36,483] [util.py:161]               [INFO]     |                                                                                                    |
[2022-07-02 11:09:36,484] [util.py:161]               [INFO]     | Scheduled between February 1st and May 1st                                                         |
[2022-07-02 11:09:36,484] [util.py:161]               [INFO]     |                                                                                                    |
[2022-07-02 11:09:36,484] [util.py:161]               [INFO]     | Collection Oscar 2022 Nominees not scheduled to run and could not be found to delete               |
[2022-07-02 11:09:36,484] [plex_meta_manager.py:880]  [INFO]     |                                                                                                    |
[2022-07-02 11:09:36,485] [util.py:209]               [INFO]     |====================================================================================================|
[2022-07-02 11:09:36,485] [util.py:216]               [INFO]     |                              Finished Oscar 2022 Nominees Collection                               |
[2022-07-02 11:09:36,485] [util.py:216]               [INFO]     |                                    Collection Run Time: 0:00:00                                    |
[2022-07-02 11:09:36,485] [util.py:220]               [INFO]     |====================================================================================================|
