[2022-01-16 14:54:55,418] [util.py:209]               [INFO]     |====================================================================================================|
[2022-01-16 14:54:55,419] [util.py:216]               [INFO]     |                                 Edward Norton Collection in Movies                                 |
[2022-01-16 14:54:55,419] [util.py:220]               [INFO]     |====================================================================================================|
[2022-01-16 14:54:55,420] [plex_meta_manager.py:750]  [INFO]     |                                                                                                    |
[2022-01-16 14:54:55,421] [util.py:216]               [INFO]     |=============================== Validating Edward Norton Attributes ================================|
[2022-01-16 14:54:55,421] [builder.py:265]            [DEBUG]    |                                                                                                    |
[2022-01-16 14:54:55,421] [builder.py:266]            [DEBUG]    | Validating Method: template                                                                        |
[2022-01-16 14:54:55,422] [meta.py:83]                [DEBUG]    | Value: ordereddict([('name', 'people'), ('person', 819)])                                          |
[2022-01-16 14:54:55,422] [builder.py:367]            [DEBUG]    |                                                                                                    |
[2022-01-16 14:54:55,422] [builder.py:368]            [DEBUG]    | Validating Method: tmdb_person                                                                     |
[2022-01-16 14:54:55,422] [builder.py:372]            [DEBUG]    | Value: 819                                                                                         |
[2022-01-16 14:54:55,561] [builder.py:453]            [DEBUG]    |                                                                                                    |
[2022-01-16 14:54:55,561] [builder.py:454]            [DEBUG]    | Validating Method: collection_order                                                                |
[2022-01-16 14:54:55,562] [builder.py:455]            [DEBUG]    | Value: release                                                                                     |
[2022-01-16 14:54:55,562] [builder.py:472]            [DEBUG]    |                                                                                                    |
[2022-01-16 14:54:55,562] [builder.py:473]            [DEBUG]    | Validating Method: actor                                                                           |
[2022-01-16 14:54:55,563] [builder.py:474]            [DEBUG]    | Value: tmdb                                                                                        |
[2022-01-16 14:54:55,602] [builder.py:472]            [DEBUG]    |                                                                                                    |
[2022-01-16 14:54:55,603] [builder.py:473]            [DEBUG]    | Validating Method: sort_title                                                                      |
[2022-01-16 14:54:55,603] [builder.py:474]            [DEBUG]    | Value: ++_Edward Norton                                                                            |
[2022-01-16 14:54:55,607] [plex.py:685]               [DEBUG]    | Looking for: Edward Norton                                                                         |
[2022-01-16 14:54:55,608] [builder.py:619]            [INFO]     |                                                                                                    |
[2022-01-16 14:54:55,608] [builder.py:620]            [INFO]     | Validation Successful                                                                              |
[2022-01-16 14:54:55,609] [plex_meta_manager.py:758]  [INFO]     |                                                                                                    |
[2022-01-16 14:54:55,609] [util.py:216]               [INFO]     |================================= Running Edward Norton Collection =================================|
[2022-01-16 14:54:55,610] [plex_meta_manager.py:773]  [INFO]     |                                                                                                    |
[2022-01-16 14:54:55,610] [plex_meta_manager.py:774]  [INFO]     | Sync Mode: append                                                                                  |
[2022-01-16 14:54:55,610] [builder.py:1275]           [DEBUG]    |                                                                                                    |
[2022-01-16 14:54:55,611] [builder.py:1276]           [DEBUG]    | Builder: plex_search: (1, 'Plex Movie Search\nSort By: title.asc\nFilter:\n  Match any of the following:\n    Actor is Edward Norton', '?type=1&sort=titleSort&push=1&actor=23286&pop=1') |
[2022-01-16 14:54:55,611] [builder.py:1277]           [INFO]     |                                                                                                    |
[2022-01-16 14:54:55,611] [util.py:161]               [INFO]     | Plex Movie Search                                                                                  |
[2022-01-16 14:54:55,612] [util.py:161]               [INFO]     | Sort By: title.asc                                                                                 |
[2022-01-16 14:54:55,612] [util.py:161]               [INFO]     | Filter:                                                                                            |
[2022-01-16 14:54:55,612] [util.py:161]               [INFO]     |   Match any of the following:                                                                      |
[2022-01-16 14:54:55,613] [util.py:161]               [INFO]     |     Actor is Edward Norton                                                                         |
[2022-01-16 14:54:55,634] [plex.py:746]               [DEBUG]    |                                                                                                    |
[2022-01-16 14:54:55,634] [plex.py:747]               [DEBUG]    | 5 Keys Found: [(32422, 'ratingKey'), (32216, 'ratingKey'), (32211, 'ratingKey'), (32214, 'ratingKey'), (32213, 'ratingKey')] |
[2022-01-16 14:54:55,635] [builder.py:1282]           [DEBUG]    |                                                                                                    |
[2022-01-16 14:54:55,635] [builder.py:1283]           [DEBUG]    | 5 IDs Found: [(32422, 'ratingKey'), (32216, 'ratingKey'), (32211, 'ratingKey'), (32214, 'ratingKey'), (32213, 'ratingKey')] |
[2022-01-16 14:54:55,635] [builder.py:1284]           [DEBUG]    |                                                                                                    |
[2022-01-16 14:54:56,473] [builder.py:1697]           [INFO]     |                                                                                                    |
[2022-01-16 14:54:56,474] [util.py:216]               [INFO]     |================================ Adding to Edward Norton Collection ================================|
[2022-01-16 14:54:56,474] [builder.py:1699]           [INFO]     |                                                                                                    |
[2022-01-16 14:54:56,475] [builder.py:1709]           [INFO]     | 1/5 | Edward Norton Collection | + | Fight Club (1999)                                             |
[2022-01-16 14:54:56,595] [builder.py:1709]           [INFO]     | 2/5 | Edward Norton Collection | + | The French Dispatch (2021)                                    |
[2022-01-16 14:54:56,761] [builder.py:1709]           [INFO]     | 3/5 | Edward Norton Collection | + | The Grand Budapest Hotel (2014)                               |
[2022-01-16 14:54:56,996] [builder.py:1709]           [INFO]     | 4/5 | Edward Norton Collection | + | Isle of Dogs (2018)                                           |
[2022-01-16 14:54:57,445] [builder.py:1709]           [INFO]     | 5/5 | Edward Norton Collection | + | Moonrise Kingdom (2012)                                       |
[2022-01-16 14:54:57,874] [builder.py:1734]           [INFO]     |                                                                                                    |
[2022-01-16 14:54:57,875] [builder.py:1735]           [INFO]     | 5 Movies Processed                                                                                 |
[2022-01-16 14:54:57,879] [builder.py:2147]           [INFO]     |                                                                                                    |
[2022-01-16 14:54:57,880] [util.py:216]               [INFO]     |=========================== Updating Details of Edward Norton Collection ===========================|
[2022-01-16 14:54:57,880] [builder.py:2149]           [INFO]     |                                                                                                    |
[2022-01-16 14:54:57,881] [builder.py:2156]           [INFO]     | Detail: tmdb_person updated Collection Summary                                                     |
[2022-01-16 14:54:57,881] [builder.py:2193]           [INFO]     | Detail: sort_title updated Collection Sort Title to ++_Edward Norton                               |
[2022-01-16 14:54:57,881] [builder.py:2235]           [DEBUG]    | {'summary.value': 'Edward Harrison Norton (born August 18, 1969) is an American actor, screenwriter, film director and producer. In 1996, his supporting role in the courtroom drama Primal Fear garnered him a nomination for the Academy Award for Best Supporting Actor. Two years later, his lead role as a reformed white power skinhead in American History X earned a nomination for Academy Award for Best Actor. His other films include period dramas such as Kingdom of Heaven (2005), The Illusionist (2006), and The Painted Veil (2006); and other notable films such as Rounders (1998), Fight Club (1999), 25th Hour (2002), Red Dragon (2002), and The Incredible Hulk (2008).\n\nIn addition to acting, Norton is also a writer and director. He made his directorial debut with the film Keeping the Faith (2000) and is slated to direct the film adaptation of the novel Motherless Brooklyn. Norton did uncredited work on the scripts for The Score, Frida, and The Incredible Hulk.\n\nIn his private life, Norton is an environmental and social activist. He is a member of the board of trustees of Enterprise Community Partners, a non-profit organization for developing affordable housing, founded by his grandfather, James Rouse. Norton is president of the American branch of the Maasai Wilderness Conservation Trust. He ran in the 2009 New York City Marathon to raise money for the Trust. He also raises money for charity through Crowdrise, a social networking community for volunteers and a micro-donations fundraising platform. In July 2010, Norton was designated as the United Nations Goodwill Ambassador for Biodiversityby UN Secretary-General Ban Ki-moon.', 'summary.locked': 1, 'titleSort.value': '++_Edward Norton', 'titleSort.locked': 1} |
[2022-01-16 14:54:57,896] [builder.py:2237]           [INFO]     | Details: have been updated                                                                         |
[2022-01-16 14:54:57,896] [builder.py:2258]           [DEBUG]    | 1 posters found:                                                                                   |
[2022-01-16 14:54:57,897] [builder.py:2260]           [DEBUG]    | Method: tmdb_person Poster: https://image.tmdb.org/t/p/original/5XBzD5WuTyVQZeS4VI25z2moMeY.jpg    |
[2022-01-16 14:54:57,897] [builder.py:2327]           [INFO]     | No background collection detail or asset folder found                                              |
[2022-01-16 14:54:57,938] [library.py:145]            [INFO]     | Detail: tmdb_person updated poster to [URL] https://image.tmdb.org/t/p/original/5XBzD5WuTyVQZeS4VI25z2moMeY.jpg |
[2022-01-16 14:54:58,116] [plex_meta_manager.py:880]  [INFO]     |                                                                                                    |
[2022-01-16 14:54:58,117] [util.py:209]               [INFO]     |====================================================================================================|
[2022-01-16 14:54:58,117] [util.py:216]               [INFO]     |                                 Finished Edward Norton Collection                                  |
[2022-01-16 14:54:58,118] [util.py:216]               [INFO]     |                                    Collection Run Time: 0:00:02                                    |
[2022-01-16 14:54:58,118] [util.py:220]               [INFO]     |====================================================================================================|
