[2022-10-28 01:23:19,254] [util.py:209]               [INFO]     |====================================================================================================|
[2022-10-28 01:23:19,255] [util.py:216]               [INFO]     |                                  Trending Collection in TV Shows                                   |
[2022-10-28 01:23:19,255] [util.py:220]               [INFO]     |====================================================================================================|
[2022-10-28 01:23:19,255] [plex_meta_manager.py:750]  [INFO]     |                                                                                                    |
[2022-10-28 01:23:19,256] [util.py:216]               [INFO]     |================================== Validating Trending Attributes ==================================|
[2022-10-28 01:23:19,256] [builder.py:330]            [DEBUG]    |                                                                                                    |
[2022-10-28 01:23:19,256] [builder.py:331]            [DEBUG]    | Validating Method: sync_mode                                                                       |
[2022-10-28 01:23:19,257] [builder.py:335]            [DEBUG]    | Value: sync                                                                                        |
[2022-10-28 01:23:19,257] [builder.py:389]            [DEBUG]    |                                                                                                    |
[2022-10-28 01:23:19,257] [builder.py:390]            [DEBUG]    | Validating Method: smart_label                                                                     |
[2022-10-28 01:23:19,257] [builder.py:395]            [DEBUG]    | Value: originally_available.desc                                                                   |
[2022-10-28 01:23:19,258] [builder.py:472]            [DEBUG]    |                                                                                                    |
[2022-10-28 01:23:19,258] [builder.py:473]            [DEBUG]    | Validating Method: sort_title                                                                      |
[2022-10-28 01:23:19,258] [builder.py:474]            [DEBUG]    | Value: +1a                                                                                         |
[2022-10-28 01:23:19,258] [builder.py:472]            [DEBUG]    |                                                                                                    |
[2022-10-28 01:23:19,259] [builder.py:473]            [DEBUG]    | Validating Method: trakt_trending                                                                  |
[2022-10-28 01:23:19,259] [builder.py:474]            [DEBUG]    | Value: 40                                                                                          |
[2022-10-28 01:23:19,259] [builder.py:472]            [DEBUG]    |                                                                                                    |
[2022-10-28 01:23:19,259] [builder.py:473]            [DEBUG]    | Validating Method: summary                                                                         |
[2022-10-28 01:23:19,260] [builder.py:474]            [DEBUG]    | Value: Shows Trending across the internet                                                          |
[2022-10-28 01:23:19,260] [builder.py:472]            [DEBUG]    |                                                                                                    |
[2022-10-28 01:23:19,260] [builder.py:473]            [DEBUG]    | Validating Method: url_poster                                                                      |
[2022-10-28 01:23:19,260] [builder.py:474]            [DEBUG]    | Value: https://i.imgur.com/AVCNmB0.png                                                             |
[2022-10-28 01:23:19,260] [builder.py:472]            [DEBUG]    |                                                                                                    |
[2022-10-28 01:23:19,261] [builder.py:473]            [DEBUG]    | Validating Method: url_background                                                                  |
[2022-10-28 01:23:19,261] [builder.py:474]            [DEBUG]    | Value: https://wallpaper.dog/large/20509069.jpg                                                    |
[2022-10-28 01:23:19,261] [builder.py:472]            [DEBUG]    |                                                                                                    |
[2022-10-28 01:23:19,261] [builder.py:473]            [DEBUG]    | Validating Method: visible_home                                                                    |
[2022-10-28 01:23:19,262] [builder.py:474]            [DEBUG]    | Value: True                                                                                        |
[2022-10-28 01:23:19,262] [builder.py:472]            [DEBUG]    |                                                                                                    |
[2022-10-28 01:23:19,262] [builder.py:473]            [DEBUG]    | Validating Method: visible_shared                                                                  |
[2022-10-28 01:23:19,262] [builder.py:474]            [DEBUG]    | Value: True                                                                                        |
[2022-10-28 01:23:19,263] [builder.py:472]            [DEBUG]    |                                                                                                    |
[2022-10-28 01:23:19,263] [builder.py:473]            [DEBUG]    | Validating Method: visible_library                                                                 |
[2022-10-28 01:23:19,263] [builder.py:474]            [DEBUG]    | Value: True                                                                                        |
[2022-10-28 01:23:19,263] [builder.py:472]            [DEBUG]    |                                                                                                    |
[2022-10-28 01:23:19,264] [builder.py:473]            [DEBUG]    | Validating Method: sonarr_add_missing                                                              |
[2022-10-28 01:23:19,264] [builder.py:474]            [DEBUG]    | Value: True                                                                                        |
[2022-10-28 01:23:19,307] [builder.py:619]            [INFO]     |                                                                                                    |
[2022-10-28 01:23:19,307] [builder.py:620]            [INFO]     | Validation Successful                                                                              |
[2022-10-28 01:23:19,308] [plex_meta_manager.py:758]  [INFO]     |                                                                                                    |
[2022-10-28 01:23:19,308] [util.py:216]               [INFO]     |=================================== Running Trending Collection ====================================|
[2022-10-28 01:23:19,308] [plex_meta_manager.py:773]  [INFO]     |                                                                                                    |
[2022-10-28 01:23:19,308] [plex_meta_manager.py:774]  [INFO]     | Sync Mode: sync                                                                                    |
[2022-10-28 01:23:19,309] [builder.py:1275]           [DEBUG]    |                                                                                                    |
[2022-10-28 01:23:19,309] [builder.py:1276]           [DEBUG]    | Builder: trakt_trending: 40                                                                        |
[2022-10-28 01:23:19,309] [builder.py:1277]           [INFO]     |                                                                                                    |
[2022-10-28 01:23:19,309] [trakt.py:234]              [INFO]     | Processing Trakt Trending: 40 Shows                                                                |
[2022-10-28 01:23:19,438] [builder.py:1282]           [DEBUG]    |                                                                                                    |
[2022-10-28 01:23:19,438] [builder.py:1283]           [DEBUG]    | 40 IDs Found: [(349187, 'tvdb'), (371572, 'tvdb'), (393189, 'tvdb'), (364387, 'tvdb'), (80379, 'tvdb'), (400248, 'tvdb'), (409559, 'tvdb'), (71663, 'tvdb'), (250487, 'tvdb'), (328724, 'tvdb'), (153021, 'tvdb'), (75978, 'tvdb'), (121361, 'tvdb'), (298905, 'tvdb'), (73762, 'tvdb'), (321239, 'tvdb'), (194031, 'tvdb'), (81189, 'tvdb'), (273181, 'tvdb'), (328686, 'tvdb'), (75760, 'tvdb'), (73871, 'tvdb'), (75897, 'tvdb'), (72108, 'tvdb'), (73141, 'tvdb'), (70851, 'tvdb'), (75692, 'tvdb'), (404833, 'tvdb'), (417373, 'tvdb'), (305288, 'tvdb'), (275274, 'tvdb'), (78901, 'tvdb'), (84912, 'tvdb'), (313999, 'tvdb'), (337907, 'tvdb'), (349272, 'tvdb'), (320766, 'tvdb'), (79168, 'tvdb'), (350665, 'tvdb'), (70994, 'tvdb')] |
[2022-10-28 01:23:19,438] [builder.py:1284]           [DEBUG]    |                                                                                                    |
[2022-10-28 01:23:19,695] [builder.py:1697]           [INFO]     |                                                                                                    |
[2022-10-28 01:23:19,695] [util.py:216]               [INFO]     |================================== Adding to Trending Collection ===================================|
[2022-10-28 01:23:19,696] [builder.py:1699]           [INFO]     |                                                                                                    |
[2022-10-28 01:23:19,714] [builder.py:1709]           [INFO]     |  1/11 | Trending Collection | = | House of the Dragon                                              |
[2022-10-28 01:23:19,715] [builder.py:1709]           [INFO]     |  2/11 | Trending Collection | = | Andor                                                            |
[2022-10-28 01:23:19,715] [builder.py:1709]           [INFO]     |  3/11 | Trending Collection | = | American Horror Story                                            |
[2022-10-28 01:23:19,715] [builder.py:1709]           [INFO]     |  4/11 | Trending Collection | = | Game of Thrones                                                  |
[2022-10-28 01:23:19,716] [builder.py:1709]           [INFO]     |  5/11 | Trending Collection | = | Bob's Burgers                                                    |
[2022-10-28 01:23:19,716] [builder.py:1709]           [INFO]     |  6/11 | Trending Collection | = | Breaking Bad                                                     |
[2022-10-28 01:23:19,716] [builder.py:1709]           [INFO]     |  7/11 | Trending Collection | = | Better Call Saul                                                 |
[2022-10-28 01:23:19,717] [builder.py:1709]           [INFO]     |  8/11 | Trending Collection | = | Futurama                                                         |
[2022-10-28 01:23:19,717] [builder.py:1709]           [INFO]     |  9/11 | Trending Collection | = | South Park                                                       |
[2022-10-28 01:23:19,718] [builder.py:1709]           [INFO]     | 10/11 | Trending Collection | + | Stranger Things                                                  |
[2022-10-28 01:23:19,760] [builder.py:1709]           [INFO]     | 11/11 | Trending Collection | = | Rick and Morty                                                   |
[2022-10-28 01:23:19,761] [builder.py:1734]           [INFO]     |                                                                                                    |
[2022-10-28 01:23:19,761] [builder.py:1735]           [INFO]     | 11 Shows Processed                                                                                 |
[2022-10-28 01:23:19,762] [builder.py:1969]           [INFO]     |                                                                                                    |
[2022-10-28 01:23:19,762] [util.py:216]               [INFO]     |=============================== Missing Shows from Library: Trending ===============================|
[2022-10-28 01:23:19,762] [builder.py:1971]           [INFO]     |                                                                                                    |
[2022-10-28 01:23:19,998] [builder.py:1982]           [INFO]     | Trending Collection | ? | The Peripheral (TVDB: 349187)                                            |
[2022-10-28 01:23:20,233] [builder.py:1982]           [INFO]     | Trending Collection | ? | Gangs of London (TVDB: 364387)                                           |
[2022-10-28 01:23:21,429] [builder.py:1982]           [INFO]     | Trending Collection | ? | The Big Bang Theory (TVDB: 80379)                                        |
[2022-10-28 01:23:21,682] [builder.py:1982]           [INFO]     | Trending Collection | ? | CSI: Vegas (TVDB: 400248)                                                |
[2022-10-28 01:23:21,935] [builder.py:1982]           [INFO]     | Trending Collection | ? | Guillermo del Toro's Cabinet of Curiosities (TVDB: 409559)               |
[2022-10-28 01:23:23,698] [builder.py:1982]           [INFO]     | Trending Collection | ? | The Simpsons (TVDB: 71663)                                               |
[2022-10-28 01:23:24,234] [builder.py:1982]           [INFO]     | Trending Collection | ? | Young Sheldon (TVDB: 328724)                                             |
[2022-10-28 01:23:25,122] [builder.py:1982]           [INFO]     | Trending Collection | ? | The Walking Dead (TVDB: 153021)                                          |
[2022-10-28 01:23:26,351] [builder.py:1982]           [INFO]     | Trending Collection | ? | Family Guy (TVDB: 75978)                                                 |
[2022-10-28 01:23:26,824] [builder.py:1982]           [INFO]     | Trending Collection | ? | Taskmaster (TVDB: 298905)                                                |
[2022-10-28 01:23:27,870] [builder.py:1982]           [INFO]     | Trending Collection | ? | Grey's Anatomy (TVDB: 73762)                                             |
[2022-10-28 01:23:28,299] [builder.py:1982]           [INFO]     | Trending Collection | ? | The Handmaid's Tale (TVDB: 321239)                                       |
[2022-10-28 01:23:28,806] [builder.py:1982]           [INFO]     | Trending Collection | ? | SEAL Team (TVDB: 328686)                                                 |
[2022-10-28 01:23:29,708] [builder.py:1982]           [INFO]     | Trending Collection | ? | How I Met Your Mother (TVDB: 75760)                                      |
[2022-10-28 01:23:30,928] [builder.py:1982]           [INFO]     | Trending Collection | ? | NCIS (TVDB: 72108)                                                       |
[2022-10-28 01:23:32,020] [builder.py:1982]           [INFO]     | Trending Collection | ? | American Dad! (TVDB: 73141)                                              |
[2022-10-28 01:23:32,515] [builder.py:1982]           [INFO]     | Trending Collection | ? | Stargate Atlantis (TVDB: 70851)                                          |
[2022-10-28 01:23:33,751] [builder.py:1982]           [INFO]     | Trending Collection | ? | Law & Order: Special Victims Unit (TVDB: 75692)                          |
[2022-10-28 01:23:33,978] [builder.py:1982]           [INFO]     | Trending Collection | ? | The Watcher (2022) (TVDB: 404833)                                        |
[2022-10-28 01:23:34,200] [builder.py:1982]           [INFO]     | Trending Collection | ? | A Friend of the Family (TVDB: 417373)                                    |
[2022-10-28 01:23:35,244] [builder.py:1982]           [INFO]     | Trending Collection | ? | Supernatural (TVDB: 78901)                                               |
[2022-10-28 01:23:35,845] [builder.py:1982]           [INFO]     | Trending Collection | ? | Parks and Recreation (TVDB: 84912)                                       |
[2022-10-28 01:23:36,235] [builder.py:1982]           [INFO]     | Trending Collection | ? | Atlanta (TVDB: 313999)                                                   |
[2022-10-28 01:23:36,778] [builder.py:1982]           [INFO]     | Trending Collection | ? | 9-1-1 (TVDB: 337907)                                                     |
[2022-10-28 01:23:37,168] [builder.py:1982]           [INFO]     | Trending Collection | ? | New Amsterdam (2018) (TVDB: 349272)                                      |
[2022-10-28 01:23:37,612] [builder.py:1982]           [INFO]     | Trending Collection | ? | The Good Fight (TVDB: 320766)                                            |
[2022-10-28 01:23:38,450] [builder.py:1982]           [INFO]     | Trending Collection | ? | Friends (TVDB: 79168)                                                    |
[2022-10-28 01:23:38,928] [builder.py:1982]           [INFO]     | Trending Collection | ? | The Rookie (TVDB: 350665)                                                |
[2022-10-28 01:23:39,525] [builder.py:1982]           [INFO]     | Trending Collection | ? | M*A*S*H (TVDB: 70994)                                                    |
[2022-10-28 01:23:39,526] [builder.py:1986]           [INFO]     |                                                                                                    |
[2022-10-28 01:23:39,526] [builder.py:1987]           [INFO]     | 29 Shows Missing                                                                                   |
[2022-10-28 01:23:39,529] [sonarr.py:66]              [INFO]     |                                                                                                    |
[2022-10-28 01:23:39,530] [util.py:216]               [INFO]     |===================================== Adding Missing to Sonarr =====================================|
[2022-10-28 01:23:39,530] [sonarr.py:68]              [DEBUG]    |                                                                                                    |
[2022-10-28 01:23:39,530] [sonarr.py:69]              [DEBUG]    | Sonarr Adds: [349187, 364387, 80379, 400248, 409559, 71663, 328724, 153021, 75978, 298905, 73762, 321239, 328686, 75760, 72108, 73141, 70851, 75692, 404833, 417373, 78901, 84912, 313999, 337907, 349272, 320766, 79168, 350665, 70994] |
[2022-10-28 01:23:40,615] [sonarr.py:162]             [INFO]     |                                                                                                    |
[2022-10-28 01:23:40,616] [sonarr.py:170]             [INFO]     | Skipped: In Cache | 349187                                                                         |
[2022-10-28 01:23:40,616] [sonarr.py:170]             [INFO]     | Skipped: In Cache | 364387                                                                         |
[2022-10-28 01:23:40,616] [sonarr.py:170]             [INFO]     | Skipped: In Cache | 80379                                                                          |
[2022-10-28 01:23:40,617] [sonarr.py:170]             [INFO]     | Skipped: In Cache | 400248                                                                         |
[2022-10-28 01:23:40,617] [sonarr.py:170]             [INFO]     | Skipped: In Cache | 409559                                                                         |
[2022-10-28 01:23:40,617] [sonarr.py:170]             [INFO]     | Skipped: In Cache | 71663                                                                          |
[2022-10-28 01:23:40,617] [sonarr.py:170]             [INFO]     | Skipped: In Cache | 328724                                                                         |
[2022-10-28 01:23:40,618] [sonarr.py:170]             [INFO]     | Skipped: In Cache | 153021                                                                         |
[2022-10-28 01:23:40,618] [sonarr.py:170]             [INFO]     | Skipped: In Cache | 75978                                                                          |
[2022-10-28 01:23:40,618] [sonarr.py:170]             [INFO]     | Skipped: In Cache | 298905                                                                         |
[2022-10-28 01:23:40,619] [sonarr.py:170]             [INFO]     | Skipped: In Cache | 73762                                                                          |
[2022-10-28 01:23:40,619] [sonarr.py:170]             [INFO]     | Skipped: In Cache | 321239                                                                         |
[2022-10-28 01:23:40,620] [sonarr.py:170]             [INFO]     | Skipped: In Cache | 328686                                                                         |
[2022-10-28 01:23:40,620] [sonarr.py:170]             [INFO]     | Skipped: In Cache | 75760                                                                          |
[2022-10-28 01:23:40,620] [sonarr.py:170]             [INFO]     | Skipped: In Cache | 73141                                                                          |
[2022-10-28 01:23:40,620] [sonarr.py:170]             [INFO]     | Skipped: In Cache | 70851                                                                          |
[2022-10-28 01:23:40,621] [sonarr.py:170]             [INFO]     | Skipped: In Cache | 75692                                                                          |
[2022-10-28 01:23:40,621] [sonarr.py:170]             [INFO]     | Skipped: In Cache | 404833                                                                         |
[2022-10-28 01:23:40,621] [sonarr.py:170]             [INFO]     | Skipped: In Cache | 417373                                                                         |
[2022-10-28 01:23:40,621] [sonarr.py:170]             [INFO]     | Skipped: In Cache | 78901                                                                          |
[2022-10-28 01:23:40,622] [sonarr.py:170]             [INFO]     | Skipped: In Cache | 84912                                                                          |
[2022-10-28 01:23:40,622] [sonarr.py:170]             [INFO]     | Skipped: In Cache | 313999                                                                         |
[2022-10-28 01:23:40,622] [sonarr.py:170]             [INFO]     | Skipped: In Cache | 337907                                                                         |
[2022-10-28 01:23:40,622] [sonarr.py:170]             [INFO]     | Skipped: In Cache | 349272                                                                         |
[2022-10-28 01:23:40,623] [sonarr.py:170]             [INFO]     | Skipped: In Cache | 320766                                                                         |
[2022-10-28 01:23:40,623] [sonarr.py:170]             [INFO]     | Skipped: In Cache | 79168                                                                          |
[2022-10-28 01:23:40,623] [sonarr.py:170]             [INFO]     | Skipped: In Cache | 350665                                                                         |
[2022-10-28 01:23:40,623] [sonarr.py:170]             [INFO]     | Skipped: In Cache | 70994                                                                          |
[2022-10-28 01:23:40,624] [sonarr.py:171]             [INFO]     | 28 Series already exist in Sonarr                                                                  |
[2022-10-28 01:23:40,624] [sonarr.py:189]             [INFO]     |                                                                                                    |
[2022-10-28 01:23:40,624] [sonarr.py:190]             [INFO]     | Invalid TVDb ID | [NCIS]                                                                           |
[2022-10-28 01:23:40,624] [sonarr.py:191]             [INFO]     | 1 Series with Invalid IDs                                                                          |
[2022-10-28 01:23:40,653] [builder.py:2147]           [INFO]     |                                                                                                    |
[2022-10-28 01:23:40,653] [util.py:216]               [INFO]     |============================= Updating Details of Trending Collection ==============================|
[2022-10-28 01:23:40,654] [builder.py:2149]           [INFO]     |                                                                                                    |
[2022-10-28 01:23:40,654] [builder.py:2156]           [INFO]     | Detail: summary updated Collection Summary                                                         |
[2022-10-28 01:23:40,656] [builder.py:2258]           [DEBUG]    | 1 posters found:                                                                                   |
[2022-10-28 01:23:40,656] [builder.py:2260]           [DEBUG]    | Method: url_poster Poster: https://i.imgur.com/AVCNmB0.png                                         |
[2022-10-28 01:23:40,657] [builder.py:2298]           [DEBUG]    | 1 backgrounds found:                                                                               |
[2022-10-28 01:23:40,657] [builder.py:2300]           [DEBUG]    | Method: url_background Background: https://wallpaper.dog/large/20509069.jpg                        |
[2022-10-28 01:23:40,755] [library.py:145]            [INFO]     | Detail: url_poster updated poster to [URL] https://i.imgur.com/AVCNmB0.png                         |
[2022-10-28 01:23:41,322] [library.py:195]            [INFO]     | Detail: url_background updated background to [URL] https://wallpaper.dog/large/20509069.jpg        |
[2022-10-28 01:23:41,345] [plex_meta_manager.py:880]  [INFO]     |                                                                                                    |
[2022-10-28 01:23:41,345] [util.py:209]               [INFO]     |====================================================================================================|
[2022-10-28 01:23:41,346] [util.py:216]               [INFO]     |                                    Finished Trending Collection                                    |
[2022-10-28 01:23:41,346] [util.py:216]               [INFO]     |                                    Collection Run Time: 0:00:22                                    |
[2022-10-28 01:23:41,346] [util.py:220]               [INFO]     |====================================================================================================|
