[2022-10-28 01:00:49,677] [util.py:209]               [INFO]     |====================================================================================================|
[2022-10-28 01:00:49,677] [util.py:216]               [INFO]     |                                  James Bond Collection in Movies                                   |
[2022-10-28 01:00:49,678] [util.py:220]               [INFO]     |====================================================================================================|
[2022-10-28 01:00:49,678] [plex_meta_manager.py:750]  [INFO]     |                                                                                                    |
[2022-10-28 01:00:49,679] [util.py:216]               [INFO]     |================================= Validating James Bond Attributes =================================|
[2022-10-28 01:00:49,679] [builder.py:265]            [DEBUG]    |                                                                                                    |
[2022-10-28 01:00:49,679] [builder.py:266]            [DEBUG]    | Validating Method: template                                                                        |
[2022-10-28 01:00:49,679] [meta.py:83]                [DEBUG]    | Value: ordereddict([('name', 'Movie'), ('collection', 645), ('summary', 645), ('poster', 'https://theposterdb.com/api/assets/126240')]) |
[2022-10-28 01:00:49,680] [builder.py:330]            [DEBUG]    |                                                                                                    |
[2022-10-28 01:00:49,680] [builder.py:331]            [DEBUG]    | Validating Method: sync_mode                                                                       |
[2022-10-28 01:00:49,680] [builder.py:335]            [DEBUG]    | Value: sync                                                                                        |
[2022-10-28 01:00:49,680] [builder.py:453]            [DEBUG]    |                                                                                                    |
[2022-10-28 01:00:49,681] [builder.py:454]            [DEBUG]    | Validating Method: collection_order                                                                |
[2022-10-28 01:00:49,681] [builder.py:455]            [DEBUG]    | Value: release                                                                                     |
[2022-10-28 01:00:49,681] [builder.py:472]            [DEBUG]    |                                                                                                    |
[2022-10-28 01:00:49,681] [builder.py:473]            [DEBUG]    | Validating Method: url_poster                                                                      |
[2022-10-28 01:00:49,682] [builder.py:474]            [DEBUG]    | Value: https://theposterdb.com/api/assets/126240                                                   |
[2022-10-28 01:00:49,682] [builder.py:472]            [DEBUG]    |                                                                                                    |
[2022-10-28 01:00:49,682] [builder.py:473]            [DEBUG]    | Validating Method: tmdb_collection                                                                 |
[2022-10-28 01:00:49,682] [builder.py:474]            [DEBUG]    | Value: 645                                                                                         |
[2022-10-28 01:00:49,780] [builder.py:472]            [DEBUG]    |                                                                                                    |
[2022-10-28 01:00:49,781] [builder.py:473]            [DEBUG]    | Validating Method: tmdb_summary                                                                    |
[2022-10-28 01:00:49,781] [builder.py:474]            [DEBUG]    | Value: 645                                                                                         |
[2022-10-28 01:00:49,781] [builder.py:472]            [DEBUG]    |                                                                                                    |
[2022-10-28 01:00:49,782] [builder.py:473]            [DEBUG]    | Validating Method: sort_title                                                                      |
[2022-10-28 01:00:49,782] [builder.py:474]            [DEBUG]    | Value: 00000f_James Bond                                                                           |
[2022-10-28 01:00:49,782] [builder.py:472]            [DEBUG]    |                                                                                                    |
[2022-10-28 01:00:49,782] [builder.py:473]            [DEBUG]    | Validating Method: radarr_add_missing                                                              |
[2022-10-28 01:00:49,783] [builder.py:474]            [DEBUG]    | Value: True                                                                                        |
[2022-10-28 01:00:49,979] [builder.py:619]            [INFO]     |                                                                                                    |
[2022-10-28 01:00:49,979] [builder.py:620]            [INFO]     | Validation Successful                                                                              |
[2022-10-28 01:00:49,980] [plex_meta_manager.py:758]  [INFO]     |                                                                                                    |
[2022-10-28 01:00:49,981] [util.py:216]               [INFO]     |================================== Running James Bond Collection ===================================|
[2022-10-28 01:00:49,981] [plex_meta_manager.py:773]  [INFO]     |                                                                                                    |
[2022-10-28 01:00:49,981] [plex_meta_manager.py:774]  [INFO]     | Sync Mode: sync                                                                                    |
[2022-10-28 01:00:49,982] [builder.py:1275]           [DEBUG]    |                                                                                                    |
[2022-10-28 01:00:49,982] [builder.py:1276]           [DEBUG]    | Builder: tmdb_collection: 645                                                                      |
[2022-10-28 01:00:49,982] [builder.py:1277]           [INFO]     |                                                                                                    |
[2022-10-28 01:00:49,983] [tmdb.py:321]               [INFO]     | Processing TMDb Collection: (645) James Bond Collection (26 Items)                                 |
[2022-10-28 01:00:49,983] [builder.py:1282]           [DEBUG]    |                                                                                                    |
[2022-10-28 01:00:49,984] [builder.py:1283]           [DEBUG]    | 26 IDs Found: [(253, 'tmdb'), (646, 'tmdb'), (657, 'tmdb'), (658, 'tmdb'), (660, 'tmdb'), (667, 'tmdb'), (668, 'tmdb'), (681, 'tmdb'), (682, 'tmdb'), (691, 'tmdb'), (698, 'tmdb'), (699, 'tmdb'), (700, 'tmdb'), (707, 'tmdb'), (709, 'tmdb'), (710, 'tmdb'), (714, 'tmdb'), (10764, 'tmdb'), (36557, 'tmdb'), (36643, 'tmdb'), (36669, 'tmdb'), (37724, 'tmdb'), (206647, 'tmdb'), (708, 'tmdb'), (370172, 'tmdb'), (36670, 'tmdb')] |
[2022-10-28 01:00:49,984] [builder.py:1284]           [DEBUG]    |                                                                                                    |
[2022-10-28 01:00:50,444] [builder.py:1697]           [INFO]     |                                                                                                    |
[2022-10-28 01:00:50,445] [util.py:216]               [INFO]     |================================= Adding to James Bond Collection ==================================|
[2022-10-28 01:00:50,445] [builder.py:1699]           [INFO]     |                                                                                                    |
[2022-10-28 01:00:50,445] [builder.py:1709]           [INFO]     |  1/25 | James Bond Collection | = | Live and Let Die (1973)                                        |
[2022-10-28 01:00:50,446] [builder.py:1709]           [INFO]     |  2/25 | James Bond Collection | = | Dr. No (1962)                                                  |
[2022-10-28 01:00:50,446] [builder.py:1709]           [INFO]     |  3/25 | James Bond Collection | = | From Russia with Love (1963)                                   |
[2022-10-28 01:00:50,447] [builder.py:1709]           [INFO]     |  4/25 | James Bond Collection | = | Goldfinger (1964)                                              |
[2022-10-28 01:00:50,447] [builder.py:1709]           [INFO]     |  5/25 | James Bond Collection | = | Thunderball (1965)                                             |
[2022-10-28 01:00:50,447] [builder.py:1709]           [INFO]     |  6/25 | James Bond Collection | = | On Her Majesty's Secret Service (1969)                         |
[2022-10-28 01:00:50,448] [builder.py:1709]           [INFO]     |  7/25 | James Bond Collection | = | Diamonds Are Forever (1971)                                    |
[2022-10-28 01:00:50,448] [builder.py:1709]           [INFO]     |  8/25 | James Bond Collection | = | The Man with the Golden Gun (1974)                             |
[2022-10-28 01:00:50,448] [builder.py:1709]           [INFO]     |  9/25 | James Bond Collection | = | The Spy Who Loved Me (1977)                                    |
[2022-10-28 01:00:50,448] [builder.py:1709]           [INFO]     | 10/25 | James Bond Collection | = | Moonraker (1979)                                               |
[2022-10-28 01:00:50,449] [builder.py:1709]           [INFO]     | 11/25 | James Bond Collection | = | For Your Eyes Only (1981)                                      |
[2022-10-28 01:00:50,449] [builder.py:1709]           [INFO]     | 12/25 | James Bond Collection | = | Octopussy (1983)                                               |
[2022-10-28 01:00:50,449] [builder.py:1709]           [INFO]     | 13/25 | James Bond Collection | = | A View to a Kill (1985)                                        |
[2022-10-28 01:00:50,450] [builder.py:1709]           [INFO]     | 14/25 | James Bond Collection | = | Licence to Kill (1989)                                         |
[2022-10-28 01:00:50,450] [builder.py:1709]           [INFO]     | 15/25 | James Bond Collection | = | GoldenEye (1995)                                               |
[2022-10-28 01:00:50,451] [builder.py:1709]           [INFO]     | 16/25 | James Bond Collection | = | Tomorrow Never Dies (1997)                                     |
[2022-10-28 01:00:50,451] [builder.py:1709]           [INFO]     | 17/25 | James Bond Collection | = | Quantum of Solace (2008)                                       |
[2022-10-28 01:00:50,451] [builder.py:1709]           [INFO]     | 18/25 | James Bond Collection | = | Casino Royale (2006)                                           |
[2022-10-28 01:00:50,452] [builder.py:1709]           [INFO]     | 19/25 | James Bond Collection | = | The World Is Not Enough (1999)                                 |
[2022-10-28 01:00:50,452] [builder.py:1709]           [INFO]     | 20/25 | James Bond Collection | = | Die Another Day (2002)                                         |
[2022-10-28 01:00:50,452] [builder.py:1709]           [INFO]     | 21/25 | James Bond Collection | = | Skyfall (2012)                                                 |
[2022-10-28 01:00:50,453] [builder.py:1709]           [INFO]     | 22/25 | James Bond Collection | = | Spectre (2015)                                                 |
[2022-10-28 01:00:50,453] [builder.py:1709]           [INFO]     | 23/25 | James Bond Collection | = | The Living Daylights (1987)                                    |
[2022-10-28 01:00:50,453] [builder.py:1709]           [INFO]     | 24/25 | James Bond Collection | = | No Time to Die (2021)                                          |
[2022-10-28 01:00:50,455] [builder.py:1709]           [INFO]     | 25/25 | James Bond Collection | = | Never Say Never Again (1983)                                   |
[2022-10-28 01:00:50,455] [builder.py:1734]           [INFO]     |                                                                                                    |
[2022-10-28 01:00:50,456] [builder.py:1735]           [INFO]     | 25 Movies Processed                                                                                |
[2022-10-28 01:00:50,456] [builder.py:1929]           [INFO]     |                                                                                                    |
[2022-10-28 01:00:50,456] [util.py:216]               [INFO]     |============================= Missing Movies from Library: James Bond ==============================|
[2022-10-28 01:00:50,457] [builder.py:1931]           [INFO]     |                                                                                                    |
[2022-10-28 01:00:50,578] [builder.py:1943]           [INFO]     | James Bond Collection | ? | You Only Live Twice (1967) (TMDb: 667)                                 |
[2022-10-28 01:00:50,578] [builder.py:1947]           [INFO]     |                                                                                                    |
[2022-10-28 01:00:50,579] [builder.py:1948]           [INFO]     | 1 Movie Missing                                                                                    |
[2022-10-28 01:00:50,585] [radarr.py:44]              [INFO]     |                                                                                                    |
[2022-10-28 01:00:50,586] [util.py:216]               [INFO]     |===================================== Adding Missing to Radarr =====================================|
[2022-10-28 01:00:50,586] [radarr.py:46]              [DEBUG]    |                                                                                                    |
[2022-10-28 01:00:50,586] [radarr.py:47]              [DEBUG]    | Radarr Adds: [667]                                                                                 |
[2022-10-28 01:00:51,293] [radarr.py:136]             [INFO]     |                                                                                                    |
[2022-10-28 01:00:51,294] [radarr.py:144]             [INFO]     | Skipped: In Cache | 667                                                                            |
[2022-10-28 01:00:51,294] [radarr.py:145]             [INFO]     | 1 Movie already exist in Radarr                                                                    |
[2022-10-28 01:00:51,309] [builder.py:2147]           [INFO]     |                                                                                                    |
[2022-10-28 01:00:51,309] [util.py:216]               [INFO]     |============================ Updating Details of James Bond Collection =============================|
[2022-10-28 01:00:51,309] [builder.py:2149]           [INFO]     |                                                                                                    |
[2022-10-28 01:00:51,310] [builder.py:2156]           [INFO]     | Detail: tmdb_summary updated Collection Summary                                                    |
[2022-10-28 01:00:51,310] [builder.py:2258]           [DEBUG]    | 1 posters found:                                                                                   |
[2022-10-28 01:00:51,311] [builder.py:2260]           [DEBUG]    | Method: url_poster Poster: https://theposterdb.com/api/assets/126240                               |
[2022-10-28 01:00:51,311] [builder.py:2327]           [INFO]     | No background collection detail or asset folder found                                              |
[2022-10-28 01:00:51,312] [library.py:147]            [INFO]     | Detail: poster update not needed                                                                   |
[2022-10-28 01:00:51,506] [plex_meta_manager.py:880]  [INFO]     |                                                                                                    |
[2022-10-28 01:00:51,506] [util.py:209]               [INFO]     |====================================================================================================|
[2022-10-28 01:00:51,507] [util.py:216]               [INFO]     |                                   Finished James Bond Collection                                   |
[2022-10-28 01:00:51,507] [util.py:216]               [INFO]     |                                    Collection Run Time: 0:00:01                                    |
[2022-10-28 01:00:51,507] [util.py:220]               [INFO]     |====================================================================================================|
