[2022-01-16 15:04:37,903] [util.py:209]               [INFO]     |====================================================================================================|
[2022-01-16 15:04:37,904] [util.py:216]               [INFO]     |                             New Year's Eve Movies Collection in Movies                             |
[2022-01-16 15:04:37,904] [util.py:220]               [INFO]     |====================================================================================================|
[2022-01-16 15:04:37,905] [plex_meta_manager.py:750]  [INFO]     |                                                                                                    |
[2022-01-16 15:04:37,907] [util.py:216]               [INFO]     |=========================== Validating New Year's Eve Movies Attributes ============================|
[2022-01-16 15:04:37,907] [builder.py:265]            [DEBUG]    |                                                                                                    |
[2022-01-16 15:04:37,908] [builder.py:266]            [DEBUG]    | Validating Method: template                                                                        |
[2022-01-16 15:04:37,908] [meta.py:83]                [DEBUG]    | Value: ordereddict([('name', 'Holiday'), ('holiday', "New Year's Eve")])                           |
[2022-01-16 15:04:37,908] [builder.py:279]            [DEBUG]    |                                                                                                    |
[2022-01-16 15:04:37,908] [builder.py:280]            [DEBUG]    | Validating Method: schedule                                                                        |
[2022-01-16 15:04:37,909] [builder.py:284]            [DEBUG]    | Value: range(12/26-01/05)                                                                          |
[2022-01-16 15:04:37,910] [util.py:161]               [INFO]     |                                                                                                    |
[2022-01-16 15:04:37,910] [util.py:161]               [INFO]     | Scheduled between December 26th and January 5th                                                    |
[2022-01-16 15:04:37,910] [util.py:161]               [INFO]     |                                                                                                    |
[2022-01-16 15:04:37,911] [util.py:161]               [INFO]     | Collection New Year's Eve Movies not scheduled to run                                              |
[2022-01-16 15:04:37,911] [plex_meta_manager.py:880]  [INFO]     |                                                                                                    |
[2022-01-16 15:04:37,911] [util.py:209]               [INFO]     |====================================================================================================|
[2022-01-16 15:04:37,912] [util.py:216]               [INFO]     |                             Finished New Year's Eve Movies Collection                              |
[2022-01-16 15:04:37,912] [util.py:216]               [INFO]     |                                    Collection Run Time: 0:00:00                                    |
[2022-01-16 15:04:37,912] [util.py:220]               [INFO]     |====================================================================================================|
