[2022-11-06 11:46:57,278] [util.py:209]               [INFO]     |====================================================================================================|
[2022-11-06 11:46:57,279] [util.py:216]               [INFO]     |                           How to Train Your Dragon Collection in Movies                            |
[2022-11-06 11:46:57,279] [util.py:220]               [INFO]     |====================================================================================================|
[2022-11-06 11:46:57,279] [plex_meta_manager.py:750]  [INFO]     |                                                                                                    |
[2022-11-06 11:46:57,280] [util.py:216]               [INFO]     |========================== Validating How to Train Your Dragon Attributes ==========================|
[2022-11-06 11:46:57,280] [builder.py:265]            [DEBUG]    |                                                                                                    |
[2022-11-06 11:46:57,280] [builder.py:266]            [DEBUG]    | Validating Method: template                                                                        |
[2022-11-06 11:46:57,281] [meta.py:83]                [DEBUG]    | Value: ordereddict([('name', 'Movie'), ('collection', 89137), ('summary', 89137), ('poster', 'https://theposterdb.com/api/assets/28')]) |
[2022-11-06 11:46:57,281] [builder.py:330]            [DEBUG]    |                                                                                                    |
[2022-11-06 11:46:57,281] [builder.py:331]            [DEBUG]    | Validating Method: sync_mode                                                                       |
[2022-11-06 11:46:57,281] [builder.py:335]            [DEBUG]    | Value: sync                                                                                        |
[2022-11-06 11:46:57,281] [builder.py:453]            [DEBUG]    |                                                                                                    |
[2022-11-06 11:46:57,282] [builder.py:454]            [DEBUG]    | Validating Method: collection_order                                                                |
[2022-11-06 11:46:57,282] [builder.py:455]            [DEBUG]    | Value: release                                                                                     |
[2022-11-06 11:46:57,282] [builder.py:472]            [DEBUG]    |                                                                                                    |
[2022-11-06 11:46:57,282] [builder.py:473]            [DEBUG]    | Validating Method: url_poster                                                                      |
[2022-11-06 11:46:57,283] [builder.py:474]            [DEBUG]    | Value: https://theposterdb.com/api/assets/28                                                       |
[2022-11-06 11:46:57,283] [builder.py:472]            [DEBUG]    |                                                                                                    |
[2022-11-06 11:46:57,283] [builder.py:473]            [DEBUG]    | Validating Method: tmdb_collection                                                                 |
[2022-11-06 11:46:57,283] [builder.py:474]            [DEBUG]    | Value: 89137                                                                                       |
[2022-11-06 11:46:57,308] [builder.py:472]            [DEBUG]    |                                                                                                    |
[2022-11-06 11:46:57,309] [builder.py:473]            [DEBUG]    | Validating Method: tmdb_summary                                                                    |
[2022-11-06 11:46:57,309] [builder.py:474]            [DEBUG]    | Value: 89137                                                                                       |
[2022-11-06 11:46:57,309] [builder.py:472]            [DEBUG]    |                                                                                                    |
[2022-11-06 11:46:57,310] [builder.py:473]            [DEBUG]    | Validating Method: sort_title                                                                      |
[2022-11-06 11:46:57,310] [builder.py:474]            [DEBUG]    | Value: 00000f_How to Train Your Dragon                                                             |
[2022-11-06 11:46:57,310] [builder.py:472]            [DEBUG]    |                                                                                                    |
[2022-11-06 11:46:57,310] [builder.py:473]            [DEBUG]    | Validating Method: radarr_add_missing                                                              |
[2022-11-06 11:46:57,311] [builder.py:474]            [DEBUG]    | Value: True                                                                                        |
[2022-11-06 11:46:57,470] [builder.py:619]            [INFO]     |                                                                                                    |
[2022-11-06 11:46:57,471] [builder.py:620]            [INFO]     | Validation Successful                                                                              |
[2022-11-06 11:46:57,472] [plex_meta_manager.py:758]  [INFO]     |                                                                                                    |
[2022-11-06 11:46:57,472] [util.py:216]               [INFO]     |=========================== Running How to Train Your Dragon Collection ============================|
[2022-11-06 11:46:57,473] [plex_meta_manager.py:773]  [INFO]     |                                                                                                    |
[2022-11-06 11:46:57,473] [plex_meta_manager.py:774]  [INFO]     | Sync Mode: sync                                                                                    |
[2022-11-06 11:46:57,474] [builder.py:1275]           [DEBUG]    |                                                                                                    |
[2022-11-06 11:46:57,474] [builder.py:1276]           [DEBUG]    | Builder: tmdb_collection: 89137                                                                    |
[2022-11-06 11:46:57,474] [builder.py:1277]           [INFO]     |                                                                                                    |
[2022-11-06 11:46:57,475] [tmdb.py:323]               [INFO]     | Processing TMDb Collection: (89137) How to Train Your Dragon Collection (3 Items)                  |
[2022-11-06 11:46:57,475] [builder.py:1282]           [DEBUG]    |                                                                                                    |
[2022-11-06 11:46:57,476] [builder.py:1283]           [DEBUG]    | 3 IDs Found: [(10191, 'tmdb'), (82702, 'tmdb'), (166428, 'tmdb')]                                  |
[2022-11-06 11:46:57,476] [builder.py:1284]           [DEBUG]    |                                                                                                    |
[2022-11-06 11:46:57,535] [builder.py:1697]           [INFO]     |                                                                                                    |
[2022-11-06 11:46:57,536] [util.py:216]               [INFO]     |========================== Adding to How to Train Your Dragon Collection ===========================|
[2022-11-06 11:46:57,536] [builder.py:1699]           [INFO]     |                                                                                                    |
[2022-11-06 11:46:57,537] [builder.py:1709]           [INFO]     | 1/3 | How to Train Your Dragon Collection | = | How to Train Your Dragon (2010)                    |
[2022-11-06 11:46:57,537] [builder.py:1709]           [INFO]     | 2/3 | How to Train Your Dragon Collection | = | How to Train Your Dragon 2 (2014)                  |
[2022-11-06 11:46:57,537] [builder.py:1709]           [INFO]     | 3/3 | How to Train Your Dragon Collection | = | How to Train Your Dragon: The Hidden World (2019)  |
[2022-11-06 11:46:57,538] [builder.py:1734]           [INFO]     |                                                                                                    |
[2022-11-06 11:46:57,538] [builder.py:1735]           [INFO]     | 3 Movies Processed                                                                                 |
[2022-11-06 11:46:57,543] [builder.py:2147]           [INFO]     |                                                                                                    |
[2022-11-06 11:46:57,544] [util.py:216]               [INFO]     |===================== Updating Details of How to Train Your Dragon Collection ======================|
[2022-11-06 11:46:57,544] [builder.py:2149]           [INFO]     |                                                                                                    |
[2022-11-06 11:46:57,545] [builder.py:2156]           [INFO]     | Detail: tmdb_summary updated Collection Summary                                                    |
[2022-11-06 11:46:57,545] [builder.py:2258]           [DEBUG]    | 1 posters found:                                                                                   |
[2022-11-06 11:46:57,546] [builder.py:2260]           [DEBUG]    | Method: url_poster Poster: https://theposterdb.com/api/assets/28                                   |
[2022-11-06 11:46:57,546] [builder.py:2327]           [INFO]     | No background collection detail or asset folder found                                              |
[2022-11-06 11:46:57,547] [library.py:147]            [INFO]     | Detail: poster update not needed                                                                   |
[2022-11-06 11:46:57,713] [plex_meta_manager.py:880]  [INFO]     |                                                                                                    |
[2022-11-06 11:46:57,713] [util.py:209]               [INFO]     |====================================================================================================|
[2022-11-06 11:46:57,714] [util.py:216]               [INFO]     |                            Finished How to Train Your Dragon Collection                            |
[2022-11-06 11:46:57,714] [util.py:216]               [INFO]     |                                    Collection Run Time: 0:00:00                                    |
[2022-11-06 11:46:57,714] [util.py:220]               [INFO]     |====================================================================================================|
