[2022-03-18 12:07:34,290] [util.py:209]               [INFO]     |====================================================================================================|
[2022-03-18 12:07:34,291] [util.py:216]               [INFO]     |                                  Paddington Collection in Movies                                   |
[2022-03-18 12:07:34,291] [util.py:220]               [INFO]     |====================================================================================================|
[2022-03-18 12:07:34,292] [plex_meta_manager.py:750]  [INFO]     |                                                                                                    |
[2022-03-18 12:07:34,292] [util.py:216]               [INFO]     |================================= Validating Paddington Attributes =================================|
[2022-03-18 12:07:34,293] [builder.py:265]            [DEBUG]    |                                                                                                    |
[2022-03-18 12:07:34,293] [builder.py:266]            [DEBUG]    | Validating Method: template                                                                        |
[2022-03-18 12:07:34,293] [meta.py:83]                [DEBUG]    | Value: ordereddict([('name', 'Movie'), ('collection', 488924), ('summary', 488924), ('poster', 'https://theposterdb.com/api/assets/1231')]) |
[2022-03-18 12:07:34,294] [builder.py:330]            [DEBUG]    |                                                                                                    |
[2022-03-18 12:07:34,294] [builder.py:331]            [DEBUG]    | Validating Method: sync_mode                                                                       |
[2022-03-18 12:07:34,295] [builder.py:335]            [DEBUG]    | Value: sync                                                                                        |
[2022-03-18 12:07:34,295] [builder.py:453]            [DEBUG]    |                                                                                                    |
[2022-03-18 12:07:34,295] [builder.py:454]            [DEBUG]    | Validating Method: collection_order                                                                |
[2022-03-18 12:07:34,296] [builder.py:455]            [DEBUG]    | Value: release                                                                                     |
[2022-03-18 12:07:34,296] [builder.py:472]            [DEBUG]    |                                                                                                    |
[2022-03-18 12:07:34,296] [builder.py:473]            [DEBUG]    | Validating Method: url_poster                                                                      |
[2022-03-18 12:07:34,296] [builder.py:474]            [DEBUG]    | Value: https://theposterdb.com/api/assets/1231                                                     |
[2022-03-18 12:07:34,297] [builder.py:472]            [DEBUG]    |                                                                                                    |
[2022-03-18 12:07:34,297] [builder.py:473]            [DEBUG]    | Validating Method: tmdb_collection                                                                 |
[2022-03-18 12:07:34,297] [builder.py:474]            [DEBUG]    | Value: 488924                                                                                      |
[2022-03-18 12:07:34,552] [builder.py:472]            [DEBUG]    |                                                                                                    |
[2022-03-18 12:07:34,552] [builder.py:473]            [DEBUG]    | Validating Method: tmdb_summary                                                                    |
[2022-03-18 12:07:34,553] [builder.py:474]            [DEBUG]    | Value: 488924                                                                                      |
[2022-03-18 12:07:34,553] [builder.py:472]            [DEBUG]    |                                                                                                    |
[2022-03-18 12:07:34,554] [builder.py:473]            [DEBUG]    | Validating Method: sort_title                                                                      |
[2022-03-18 12:07:34,554] [builder.py:474]            [DEBUG]    | Value: 00000f_Paddington                                                                           |
[2022-03-18 12:07:34,560] [plex.py:685]               [DEBUG]    | Looking for: Paddington                                                                            |
[2022-03-18 12:07:34,560] [builder.py:619]            [INFO]     |                                                                                                    |
[2022-03-18 12:07:34,561] [builder.py:620]            [INFO]     | Validation Successful                                                                              |
[2022-03-18 12:07:34,562] [plex_meta_manager.py:758]  [INFO]     |                                                                                                    |
[2022-03-18 12:07:34,562] [util.py:216]               [INFO]     |================================== Running Paddington Collection ===================================|
[2022-03-18 12:07:34,563] [plex_meta_manager.py:773]  [INFO]     |                                                                                                    |
[2022-03-18 12:07:34,563] [plex_meta_manager.py:774]  [INFO]     | Sync Mode: sync                                                                                    |
[2022-03-18 12:07:34,563] [builder.py:1275]           [DEBUG]    |                                                                                                    |
[2022-03-18 12:07:34,564] [builder.py:1276]           [DEBUG]    | Builder: tmdb_collection: 488924                                                                   |
[2022-03-18 12:07:34,564] [builder.py:1277]           [INFO]     |                                                                                                    |
[2022-03-18 12:07:34,564] [tmdb.py:321]               [INFO]     | Processing TMDb Collection: (488924) Paddington Collection (3 Items)                               |
[2022-03-18 12:07:34,565] [builder.py:1282]           [DEBUG]    |                                                                                                    |
[2022-03-18 12:07:34,565] [builder.py:1283]           [DEBUG]    | 3 IDs Found: [(116149, 'tmdb'), (346648, 'tmdb'), (516729, 'tmdb')]                                |
[2022-03-18 12:07:34,565] [builder.py:1284]           [DEBUG]    |                                                                                                    |
[2022-03-18 12:07:34,647] [builder.py:1697]           [INFO]     |                                                                                                    |
[2022-03-18 12:07:34,647] [util.py:216]               [INFO]     |================================= Adding to Paddington Collection ==================================|
[2022-03-18 12:07:34,648] [builder.py:1699]           [INFO]     |                                                                                                    |
[2022-03-18 12:07:34,650] [builder.py:1709]           [INFO]     | 1/2 | Paddington Collection | + | Paddington (2014)                                                |
[2022-03-18 12:07:34,756] [builder.py:1709]           [INFO]     | 2/2 | Paddington Collection | + | Paddington 2 (2017)                                              |
[2022-03-18 12:07:34,830] [builder.py:1734]           [INFO]     |                                                                                                    |
[2022-03-18 12:07:34,831] [builder.py:1735]           [INFO]     | 2 Movies Processed                                                                                 |
[2022-03-18 12:07:34,831] [builder.py:1929]           [INFO]     |                                                                                                    |
[2022-03-18 12:07:34,831] [util.py:216]               [INFO]     |============================= Missing Movies from Library: Paddington ==============================|
[2022-03-18 12:07:34,832] [builder.py:1931]           [INFO]     |                                                                                                    |
[2022-03-18 12:07:35,112] [builder.py:1943]           [INFO]     | Paddington Collection | ? | Paddington 3 (TMDb: 516729)                                            |
[2022-03-18 12:07:35,113] [builder.py:1947]           [INFO]     |                                                                                                    |
[2022-03-18 12:07:35,113] [builder.py:1948]           [INFO]     | 1 Movie Missing                                                                                    |
[2022-03-18 12:07:35,373] [builder.py:2147]           [INFO]     |                                                                                                    |
[2022-03-18 12:07:35,374] [util.py:216]               [INFO]     |============================ Updating Details of Paddington Collection =============================|
[2022-03-18 12:07:35,374] [builder.py:2149]           [INFO]     |                                                                                                    |
[2022-03-18 12:07:35,374] [builder.py:2156]           [INFO]     | Detail: tmdb_summary updated Collection Summary                                                    |
[2022-03-18 12:07:35,375] [builder.py:2193]           [INFO]     | Detail: sort_title updated Collection Sort Title to 00000f_Paddington                              |
[2022-03-18 12:07:35,375] [builder.py:2235]           [DEBUG]    | {'summary.value': 'A series of films based on the stories of the character of the same name created by Michael Bond. These follow the eponymous character Paddington, an anthropomorphic bear who migrates from the jungles of Peru.', 'summary.locked': 1, 'titleSort.value': '00000f_Paddington', 'titleSort.locked': 1} |
[2022-03-18 12:07:35,388] [builder.py:2237]           [INFO]     | Details: have been updated                                                                         |
[2022-03-18 12:07:35,389] [builder.py:2258]           [DEBUG]    | 1 posters found:                                                                                   |
[2022-03-18 12:07:35,389] [builder.py:2260]           [DEBUG]    | Method: url_poster Poster: https://theposterdb.com/api/assets/1231                                 |
[2022-03-18 12:07:35,389] [builder.py:2327]           [INFO]     | No background collection detail or asset folder found                                              |
[2022-03-18 12:07:35,775] [library.py:145]            [INFO]     | Detail: url_poster updated poster to [URL] https://theposterdb.com/api/assets/1231                 |
[2022-03-18 12:07:35,946] [plex_meta_manager.py:880]  [INFO]     |                                                                                                    |
[2022-03-18 12:07:35,947] [util.py:209]               [INFO]     |====================================================================================================|
[2022-03-18 12:07:35,947] [util.py:216]               [INFO]     |                                   Finished Paddington Collection                                   |
[2022-03-18 12:07:35,948] [util.py:216]               [INFO]     |                                    Collection Run Time: 0:00:01                                    |
[2022-03-18 12:07:35,948] [util.py:220]               [INFO]     |====================================================================================================|
