[2022-11-23 01:19:53,247] [util.py:209]               [INFO]     |====================================================================================================|
[2022-11-23 01:19:53,247] [util.py:216]               [INFO]     |                                    Musical Collection in Movies                                    |
[2022-11-23 01:19:53,248] [util.py:220]               [INFO]     |====================================================================================================|
[2022-11-23 01:19:53,248] [plex_meta_manager.py:750]  [INFO]     |                                                                                                    |
[2022-11-23 01:19:53,248] [util.py:216]               [INFO]     |================================== Validating Musical Attributes ===================================|
[2022-11-23 01:19:53,249] [builder.py:265]            [DEBUG]    |                                                                                                    |
[2022-11-23 01:19:53,249] [builder.py:266]            [DEBUG]    | Validating Method: template                                                                        |
[2022-11-23 01:19:53,249] [meta.py:83]                [DEBUG]    | Value: ordereddict([('name', 'Genre'), ('genre', 'Musical'), ('poster', 'https://theposterdb.com/api/assets/51427')]) |
[2022-11-23 01:19:53,249] [builder.py:453]            [DEBUG]    |                                                                                                    |
[2022-11-23 01:19:53,249] [builder.py:454]            [DEBUG]    | Validating Method: collection_order                                                                |
[2022-11-23 01:19:53,250] [builder.py:455]            [DEBUG]    | Value: alpha                                                                                       |
[2022-11-23 01:19:53,250] [builder.py:472]            [DEBUG]    |                                                                                                    |
[2022-11-23 01:19:53,250] [builder.py:473]            [DEBUG]    | Validating Method: summary                                                                         |
[2022-11-23 01:19:53,250] [builder.py:474]            [DEBUG]    | Value: A Musical interweaves vocal and dance performances into the narrative of the film. The songs of a film can either be used to further the story or simply enhance the experience of the audience. These films are often done on a grand scale and incorporate lavish costumes and sets. Traditional musicals center on a well-known star, famous for their dancing or singing skills (i.e. Fred Astaire, Gene Kelly, Judy Garland). These films explore concepts such are love and success, allowing the audience to escape from reality. |
[2022-11-23 01:19:53,250] [builder.py:472]            [DEBUG]    |                                                                                                    |
[2022-11-23 01:19:53,251] [builder.py:473]            [DEBUG]    | Validating Method: plex_search                                                                     |
[2022-11-23 01:19:53,251] [builder.py:474]            [DEBUG]    | Value: {'genre': 'Musical'}                                                                        |
[2022-11-23 01:19:53,284] [builder.py:472]            [DEBUG]    |                                                                                                    |
[2022-11-23 01:19:53,284] [builder.py:473]            [DEBUG]    | Validating Method: url_poster                                                                      |
[2022-11-23 01:19:53,284] [builder.py:474]            [DEBUG]    | Value: https://theposterdb.com/api/assets/51427                                                    |
[2022-11-23 01:19:53,285] [builder.py:472]            [DEBUG]    |                                                                                                    |
[2022-11-23 01:19:53,285] [builder.py:473]            [DEBUG]    | Validating Method: sort_title                                                                      |
[2022-11-23 01:19:53,285] [builder.py:474]            [DEBUG]    | Value: 00000d_Musical                                                                              |
[2022-11-23 01:19:53,620] [builder.py:619]            [INFO]     |                                                                                                    |
[2022-11-23 01:19:53,621] [builder.py:620]            [INFO]     | Validation Successful                                                                              |
[2022-11-23 01:19:53,622] [plex_meta_manager.py:758]  [INFO]     |                                                                                                    |
[2022-11-23 01:19:53,623] [util.py:216]               [INFO]     |==================================== Running Musical Collection ====================================|
[2022-11-23 01:19:53,623] [plex_meta_manager.py:773]  [INFO]     |                                                                                                    |
[2022-11-23 01:19:53,623] [plex_meta_manager.py:774]  [INFO]     | Sync Mode: append                                                                                  |
[2022-11-23 01:19:53,623] [builder.py:1275]           [DEBUG]    |                                                                                                    |
[2022-11-23 01:19:53,624] [builder.py:1276]           [DEBUG]    | Builder: plex_search: (1, 'Plex Movie Search\nSort By: title.asc\nFilter:\n  Match all of the following:\n    Match any of the following:\n      Genre is Musical', '?type=1&sort=titleSort&push=1&genre=776&pop=1') |
[2022-11-23 01:19:53,624] [builder.py:1277]           [INFO]     |                                                                                                    |
[2022-11-23 01:19:53,624] [util.py:161]               [INFO]     | Plex Movie Search                                                                                  |
[2022-11-23 01:19:53,625] [util.py:161]               [INFO]     | Sort By: title.asc                                                                                 |
[2022-11-23 01:19:53,625] [util.py:161]               [INFO]     | Filter:                                                                                            |
[2022-11-23 01:19:53,625] [util.py:161]               [INFO]     |   Match all of the following:                                                                      |
[2022-11-23 01:19:53,625] [util.py:161]               [INFO]     |     Match any of the following:                                                                    |
[2022-11-23 01:19:53,626] [util.py:161]               [INFO]     |       Genre is Musical                                                                             |
[2022-11-23 01:19:53,791] [plex.py:748]               [DEBUG]    |                                                                                                    |
[2022-11-23 01:19:53,791] [plex.py:749]               [DEBUG]    | 77 Keys Found: [(98460, 'ratingKey'), (105835, 'ratingKey'), (99180, 'ratingKey'), (104931, 'ratingKey'), (39082, 'ratingKey'), (117994, 'ratingKey'), (99334, 'ratingKey'), (116714, 'ratingKey'), (102117, 'ratingKey'), (104205, 'ratingKey'), (101010, 'ratingKey'), (102142, 'ratingKey'), (113403, 'ratingKey'), (104482, 'ratingKey'), (100431, 'ratingKey'), (105809, 'ratingKey'), (116980, 'ratingKey'), (102194, 'ratingKey'), (113444, 'ratingKey'), (115788, 'ratingKey'), (104349, 'ratingKey'), (100363, 'ratingKey'), (112582, 'ratingKey'), (99925, 'ratingKey'), (99928, 'ratingKey'), (104367, 'ratingKey'), (104368, 'ratingKey'), (99927, 'ratingKey'), (104383, 'ratingKey'), (100556, 'ratingKey'), (116438, 'ratingKey'), (116691, 'ratingKey'), (116435, 'ratingKey'), (102225, 'ratingKey'), (114781, 'ratingKey'), (108930, 'ratingKey'), (108104, 'ratingKey'), (101348, 'ratingKey'), (114795, 'ratingKey'), (116243, 'ratingKey'), (114877, 'ratingKey'), (114590, 'ratingKey'), (101473, 'ratingKey'), (114325, 'ratingKey'), (116371, 'ratingKey'), (101547, 'ratingKey'), (104466, 'ratingKey'), (100299, 'ratingKey'), (100658, 'ratingKey'), (102310, 'ratingKey'), (102311, 'ratingKey'), (101715, 'ratingKey'), (40669, 'ratingKey'), (101765, 'ratingKey'), (100580, 'ratingKey'), (101806, 'ratingKey'), (100422, 'ratingKey'), (118799, 'ratingKey'), (78918, 'ratingKey'), (75597, 'ratingKey'), (96820, 'ratingKey'), (100281, 'ratingKey'), (101903, 'ratingKey'), (73918, 'ratingKey'), (100678, 'ratingKey'), (116233, 'ratingKey'), (116076, 'ratingKey'), (116049, 'ratingKey'), (112725, 'ratingKey'), (116087, 'ratingKey'), (105074, 'ratingKey'), (100860, 'ratingKey'), (112167, 'ratingKey'), (112157, 'ratingKey'), (113642, 'ratingKey'), (113610, 'ratingKey'), (105925, 'ratingKey')] |
[2022-11-23 01:19:53,792] [builder.py:1282]           [DEBUG]    |                                                                                                    |
[2022-11-23 01:19:53,792] [builder.py:1283]           [DEBUG]    | 77 IDs Found: [(98460, 'ratingKey'), (105835, 'ratingKey'), (99180, 'ratingKey'), (104931, 'ratingKey'), (39082, 'ratingKey'), (117994, 'ratingKey'), (99334, 'ratingKey'), (116714, 'ratingKey'), (102117, 'ratingKey'), (104205, 'ratingKey'), (101010, 'ratingKey'), (102142, 'ratingKey'), (113403, 'ratingKey'), (104482, 'ratingKey'), (100431, 'ratingKey'), (105809, 'ratingKey'), (116980, 'ratingKey'), (102194, 'ratingKey'), (113444, 'ratingKey'), (115788, 'ratingKey'), (104349, 'ratingKey'), (100363, 'ratingKey'), (112582, 'ratingKey'), (99925, 'ratingKey'), (99928, 'ratingKey'), (104367, 'ratingKey'), (104368, 'ratingKey'), (99927, 'ratingKey'), (104383, 'ratingKey'), (100556, 'ratingKey'), (116438, 'ratingKey'), (116691, 'ratingKey'), (116435, 'ratingKey'), (102225, 'ratingKey'), (114781, 'ratingKey'), (108930, 'ratingKey'), (108104, 'ratingKey'), (101348, 'ratingKey'), (114795, 'ratingKey'), (116243, 'ratingKey'), (114877, 'ratingKey'), (114590, 'ratingKey'), (101473, 'ratingKey'), (114325, 'ratingKey'), (116371, 'ratingKey'), (101547, 'ratingKey'), (104466, 'ratingKey'), (100299, 'ratingKey'), (100658, 'ratingKey'), (102310, 'ratingKey'), (102311, 'ratingKey'), (101715, 'ratingKey'), (40669, 'ratingKey'), (101765, 'ratingKey'), (100580, 'ratingKey'), (101806, 'ratingKey'), (100422, 'ratingKey'), (118799, 'ratingKey'), (78918, 'ratingKey'), (75597, 'ratingKey'), (96820, 'ratingKey'), (100281, 'ratingKey'), (101903, 'ratingKey'), (73918, 'ratingKey'), (100678, 'ratingKey'), (116233, 'ratingKey'), (116076, 'ratingKey'), (116049, 'ratingKey'), (112725, 'ratingKey'), (116087, 'ratingKey'), (105074, 'ratingKey'), (100860, 'ratingKey'), (112167, 'ratingKey'), (112157, 'ratingKey'), (113642, 'ratingKey'), (113610, 'ratingKey'), (105925, 'ratingKey')] |
[2022-11-23 01:19:53,792] [builder.py:1284]           [DEBUG]    |                                                                                                    |
[2022-11-23 01:19:55,339] [builder.py:1697]           [INFO]     |                                                                                                    |
[2022-11-23 01:19:55,339] [util.py:216]               [INFO]     |=================================== Adding to Musical Collection ===================================|
[2022-11-23 01:19:55,339] [builder.py:1699]           [INFO]     |                                                                                                    |
[2022-11-23 01:19:55,339] [builder.py:1709]           [INFO]     |  1/77 | Musical Collection | = | Aladdin (1992)                                                    |
[2022-11-23 01:19:55,340] [builder.py:1709]           [INFO]     |  2/77 | Musical Collection | = | Aladdin (2019)                                                    |
[2022-11-23 01:19:55,340] [builder.py:1709]           [INFO]     |  3/77 | Musical Collection | = | Alice in Wonderland (1951)                                        |
[2022-11-23 01:19:55,340] [builder.py:1709]           [INFO]     |  4/77 | Musical Collection | = | Ambra Blu-Ray Experience (2008)                                   |
[2022-11-23 01:19:55,340] [builder.py:1709]           [INFO]     |  5/77 | Musical Collection | = | Beauty and the Beast (1991)                                       |
[2022-11-23 01:19:55,341] [builder.py:1709]           [INFO]     |  6/77 | Musical Collection | = | Beauty and the Beast (2017)                                       |
[2022-11-23 01:19:55,341] [builder.py:1709]           [INFO]     |  7/77 | Musical Collection | = | Belle (2021)                                                      |
[2022-11-23 01:19:55,341] [builder.py:1709]           [INFO]     |  8/77 | Musical Collection | = | Bill & Ted Face the Music (2020)                                  |
[2022-11-23 01:19:55,341] [builder.py:1709]           [INFO]     |  9/77 | Musical Collection | = | The Bob's Burgers Movie (2022)                                    |
[2022-11-23 01:19:55,342] [builder.py:1709]           [INFO]     | 10/77 | Musical Collection | = | A Boy Named Charlie Brown (1969)                                  |
[2022-11-23 01:19:55,342] [builder.py:1709]           [INFO]     | 11/77 | Musical Collection | = | Brother Bear (2003)                                               |
[2022-11-23 01:19:55,342] [builder.py:1709]           [INFO]     | 12/77 | Musical Collection | = | Cinderella (1950)                                                 |
[2022-11-23 01:19:55,342] [builder.py:1709]           [INFO]     | 13/77 | Musical Collection | = | Coco (2017)                                                       |
[2022-11-23 01:19:55,343] [builder.py:1709]           [INFO]     | 14/77 | Musical Collection | = | David Byrne's American Utopia (2020)                              |
[2022-11-23 01:19:55,343] [builder.py:1709]           [INFO]     | 15/77 | Musical Collection | = | Dumbo (1941)                                                      |
[2022-11-23 01:19:55,343] [builder.py:1709]           [INFO]     | 16/77 | Musical Collection | = | Elvis (2022)                                                      |
[2022-11-23 01:19:55,343] [builder.py:1709]           [INFO]     | 17/77 | Musical Collection | = | Encanto (2021)                                                    |
[2022-11-23 01:19:55,344] [builder.py:1709]           [INFO]     | 18/77 | Musical Collection | = | Fantasia (1941)                                                   |
[2022-11-23 01:19:55,344] [builder.py:1709]           [INFO]     | 19/77 | Musical Collection | = | Frozen (2013)                                                     |
[2022-11-23 01:19:55,344] [builder.py:1709]           [INFO]     | 20/77 | Musical Collection | = | Frozen II (2019)                                                  |
[2022-11-23 01:19:55,345] [builder.py:1709]           [INFO]     | 21/77 | Musical Collection | = | The Great Mouse Detective (1986)                                  |
[2022-11-23 01:19:55,345] [builder.py:1709]           [INFO]     | 22/77 | Musical Collection | = | Halftime (2022)                                                   |
[2022-11-23 01:19:55,345] [builder.py:1709]           [INFO]     | 23/77 | Musical Collection | = | Hamilton (2020)                                                   |
[2022-11-23 01:19:55,346] [builder.py:1709]           [INFO]     | 24/77 | Musical Collection | = | Hercules (1997)                                                   |
[2022-11-23 01:19:55,346] [builder.py:1709]           [INFO]     | 25/77 | Musical Collection | = | High School Musical (2006)                                        |
[2022-11-23 01:19:55,346] [builder.py:1709]           [INFO]     | 26/77 | Musical Collection | = | High School Musical 2 (2007)                                      |
[2022-11-23 01:19:55,346] [builder.py:1709]           [INFO]     | 27/77 | Musical Collection | = | High School Musical 3: Senior Year (2008)                         |
[2022-11-23 01:19:55,347] [builder.py:1709]           [INFO]     | 28/77 | Musical Collection | = | The Hobbit (1977)                                                 |
[2022-11-23 01:19:55,347] [builder.py:1709]           [INFO]     | 29/77 | Musical Collection | = | Homecoming: A Film by Beyoncé (2019)                              |
[2022-11-23 01:19:55,347] [builder.py:1709]           [INFO]     | 30/77 | Musical Collection | = | The Hunchback of Notre Dame (1996)                                |
[2022-11-23 01:19:55,348] [builder.py:1709]           [INFO]     | 31/77 | Musical Collection | = | In the Heights (2021)                                             |
[2022-11-23 01:19:55,348] [builder.py:1709]           [INFO]     | 32/77 | Musical Collection | = | Inside (2021)                                                     |
[2022-11-23 01:19:55,348] [builder.py:1709]           [INFO]     | 33/77 | Musical Collection | = | It's Flashbeagle, Charlie Brown (1984)                            |
[2022-11-23 01:19:55,348] [builder.py:1709]           [INFO]     | 34/77 | Musical Collection | = | The Jungle Book (1967)                                            |
[2022-11-23 01:19:55,349] [builder.py:1709]           [INFO]     | 35/77 | Musical Collection | = | La La Land (2016)                                                 |
[2022-11-23 01:19:55,349] [builder.py:1709]           [INFO]     | 36/77 | Musical Collection | = | Labyrinth (1986)                                                  |
[2022-11-23 01:19:55,349] [builder.py:1709]           [INFO]     | 37/77 | Musical Collection | = | Lady and the Tramp (1955)                                         |
[2022-11-23 01:19:55,350] [builder.py:1709]           [INFO]     | 38/77 | Musical Collection | = | Les Misérables (2012)                                             |
[2022-11-23 01:19:55,350] [builder.py:1709]           [INFO]     | 39/77 | Musical Collection | = | The Lion King (1994)                                              |
[2022-11-23 01:19:55,350] [builder.py:1709]           [INFO]     | 40/77 | Musical Collection | = | The Little Mermaid (1989)                                         |
[2022-11-23 01:19:55,350] [builder.py:1709]           [INFO]     | 41/77 | Musical Collection | = | Mamma Mia! (2008)                                                 |
[2022-11-23 01:19:55,353] [builder.py:1709]           [INFO]     | 42/77 | Musical Collection | = | Mamma Mia! Here We Go Again (2018)                                |
[2022-11-23 01:19:55,353] [builder.py:1709]           [INFO]     | 43/77 | Musical Collection | = | The Meaning of Life (1983)                                        |
[2022-11-23 01:19:55,354] [builder.py:1709]           [INFO]     | 44/77 | Musical Collection | = | Moana (2016)                                                      |
[2022-11-23 01:19:55,354] [builder.py:1709]           [INFO]     | 45/77 | Musical Collection | = | Mulan (1998)                                                      |
[2022-11-23 01:19:55,354] [builder.py:1709]           [INFO]     | 46/77 | Musical Collection | = | The Nightmare Before Christmas (1993)                             |
[2022-11-23 01:19:55,355] [builder.py:1709]           [INFO]     | 47/77 | Musical Collection | = | Not the Messiah: He's a Very Naughty Boy (2010)                   |
[2022-11-23 01:19:55,355] [builder.py:1709]           [INFO]     | 48/77 | Musical Collection | = | Oliver & Company (1988)                                           |
[2022-11-23 01:19:55,355] [builder.py:1709]           [INFO]     | 49/77 | Musical Collection | = | Peter Pan (1953)                                                  |
[2022-11-23 01:19:55,356] [builder.py:1709]           [INFO]     | 50/77 | Musical Collection | = | Pinocchio (1940)                                                  |
[2022-11-23 01:19:55,356] [builder.py:1709]           [INFO]     | 51/77 | Musical Collection | = | Pocahontas (1995)                                                 |
[2022-11-23 01:19:55,356] [builder.py:1709]           [INFO]     | 52/77 | Musical Collection | = | The Prince of Egypt (1998)                                        |
[2022-11-23 01:19:55,357] [builder.py:1709]           [INFO]     | 53/77 | Musical Collection | = | The Princess and the Frog (2009)                                  |
[2022-11-23 01:19:55,357] [builder.py:1709]           [INFO]     | 54/77 | Musical Collection | = | The Red Violin (1998)                                             |
[2022-11-23 01:19:55,358] [builder.py:1709]           [INFO]     | 55/77 | Musical Collection | = | The Road to El Dorado (2000)                                      |
[2022-11-23 01:19:55,358] [builder.py:1709]           [INFO]     | 56/77 | Musical Collection | = | Robin Hood (1973)                                                 |
[2022-11-23 01:19:55,358] [builder.py:1709]           [INFO]     | 57/77 | Musical Collection | = | Robin Robin (2021)                                                |
[2022-11-23 01:19:55,359] [builder.py:1709]           [INFO]     | 58/77 | Musical Collection | = | The Rocky Horror Picture Show (1975)                              |
[2022-11-23 01:19:55,359] [builder.py:1709]           [INFO]     | 59/77 | Musical Collection | = | Sing (2016)                                                       |
[2022-11-23 01:19:55,359] [builder.py:1709]           [INFO]     | 60/77 | Musical Collection | = | Sing 2 (2021)                                                     |
[2022-11-23 01:19:55,360] [builder.py:1709]           [INFO]     | 61/77 | Musical Collection | = | Singin' in the Rain (1952)                                        |
[2022-11-23 01:19:55,360] [builder.py:1709]           [INFO]     | 62/77 | Musical Collection | = | Sleeping Beauty (1959)                                            |
[2022-11-23 01:19:55,361] [builder.py:1709]           [INFO]     | 63/77 | Musical Collection | = | Snow White and the Seven Dwarfs (1938)                            |
[2022-11-23 01:19:55,361] [builder.py:1709]           [INFO]     | 64/77 | Musical Collection | = | Sound of Metal (2020)                                             |
[2022-11-23 01:19:55,361] [builder.py:1709]           [INFO]     | 65/77 | Musical Collection | = | The Sound of Music (1965)                                         |
[2022-11-23 01:19:55,362] [builder.py:1709]           [INFO]     | 66/77 | Musical Collection | = | A Star Is Born (2018)                                             |
[2022-11-23 01:19:55,362] [builder.py:1709]           [INFO]     | 67/77 | Musical Collection | = | Summer of Soul (...Or, When the Revolution Could Not Be Televised) (2021) |
[2022-11-23 01:19:55,362] [builder.py:1709]           [INFO]     | 68/77 | Musical Collection | = | The Sword in the Stone (1963)                                     |
[2022-11-23 01:19:55,363] [builder.py:1709]           [INFO]     | 69/77 | Musical Collection | = | Tangled (2010)                                                    |
[2022-11-23 01:19:55,363] [builder.py:1709]           [INFO]     | 70/77 | Musical Collection | = | Taylor Swift: Reputation Stadium Tour (2018)                      |
[2022-11-23 01:19:55,364] [builder.py:1709]           [INFO]     | 71/77 | Musical Collection | = | Tenacious D in the Pick of Destiny (2006)                         |
[2022-11-23 01:19:55,364] [builder.py:1709]           [INFO]     | 72/77 | Musical Collection | = | tick, tick... BOOM! (2021)                                        |
[2022-11-23 01:19:55,364] [builder.py:1709]           [INFO]     | 73/77 | Musical Collection | = | West Side Story (1961)                                            |
[2022-11-23 01:19:55,365] [builder.py:1709]           [INFO]     | 74/77 | Musical Collection | = | West Side Story (2021)                                            |
[2022-11-23 01:19:55,365] [builder.py:1709]           [INFO]     | 75/77 | Musical Collection | = | Whiplash (2014)                                                   |
[2022-11-23 01:19:55,366] [builder.py:1709]           [INFO]     | 76/77 | Musical Collection | = | The Wizard of Oz (1939)                                           |
[2022-11-23 01:19:55,366] [builder.py:1709]           [INFO]     | 77/77 | Musical Collection | = | Z-O-M-B-I-E-S 3 (2022)                                            |
[2022-11-23 01:19:55,368] [builder.py:1734]           [INFO]     |                                                                                                    |
[2022-11-23 01:19:55,368] [builder.py:1735]           [INFO]     | 77 Movies Processed                                                                                |
[2022-11-23 01:19:55,373] [builder.py:2147]           [INFO]     |                                                                                                    |
[2022-11-23 01:19:55,374] [util.py:216]               [INFO]     |============================== Updating Details of Musical Collection ==============================|
[2022-11-23 01:19:55,374] [builder.py:2149]           [INFO]     |                                                                                                    |
[2022-11-23 01:19:55,374] [builder.py:2156]           [INFO]     | Detail: summary updated Collection Summary                                                         |
[2022-11-23 01:19:55,375] [builder.py:2258]           [DEBUG]    | 1 posters found:                                                                                   |
[2022-11-23 01:19:55,375] [builder.py:2260]           [DEBUG]    | Method: url_poster Poster: https://theposterdb.com/api/assets/51427                                |
[2022-11-23 01:19:55,375] [builder.py:2327]           [INFO]     | No background collection detail or asset folder found                                              |
[2022-11-23 01:19:55,383] [library.py:147]            [INFO]     | Detail: poster update not needed                                                                   |
[2022-11-23 01:19:55,716] [plex_meta_manager.py:880]  [INFO]     |                                                                                                    |
[2022-11-23 01:19:55,716] [util.py:209]               [INFO]     |====================================================================================================|
[2022-11-23 01:19:55,716] [util.py:216]               [INFO]     |                                    Finished Musical Collection                                     |
[2022-11-23 01:19:55,717] [util.py:216]               [INFO]     |                                    Collection Run Time: 0:00:02                                    |
[2022-11-23 01:19:55,717] [util.py:220]               [INFO]     |====================================================================================================|
