[2022-11-23 01:20:48,399] [util.py:209]               [INFO]     |====================================================================================================|
[2022-11-23 01:20:48,399] [util.py:216]               [INFO]     |                                    Sports Collection in Movies                                     |
[2022-11-23 01:20:48,400] [util.py:220]               [INFO]     |====================================================================================================|
[2022-11-23 01:20:48,400] [plex_meta_manager.py:750]  [INFO]     |                                                                                                    |
[2022-11-23 01:20:48,401] [util.py:216]               [INFO]     |=================================== Validating Sports Attributes ===================================|
[2022-11-23 01:20:48,401] [builder.py:265]            [DEBUG]    |                                                                                                    |
[2022-11-23 01:20:48,401] [builder.py:266]            [DEBUG]    | Validating Method: template                                                                        |
[2022-11-23 01:20:48,402] [meta.py:83]                [DEBUG]    | Value: ordereddict([('name', 'Genre'), ('genre', 'Sport'), ('poster', 'https://theposterdb.com/api/assets/60371')]) |
[2022-11-23 01:20:48,402] [builder.py:453]            [DEBUG]    |                                                                                                    |
[2022-11-23 01:20:48,402] [builder.py:454]            [DEBUG]    | Validating Method: collection_order                                                                |
[2022-11-23 01:20:48,402] [builder.py:455]            [DEBUG]    | Value: alpha                                                                                       |
[2022-11-23 01:20:48,403] [builder.py:472]            [DEBUG]    |                                                                                                    |
[2022-11-23 01:20:48,403] [builder.py:473]            [DEBUG]    | Validating Method: imdb_list                                                                       |
[2022-11-23 01:20:48,403] [builder.py:474]            [DEBUG]    | Value: [ordereddict([('url', 'https://www.imdb.com/search/title/?title_type=feature&release_date=1990-01-01,&user_rating=5.0,10.0&num_votes=100000,&genres=sport'), ('limit', 200)]), ordereddict([('url', 'https://www.imdb.com/search/title/?title_type=feature&release_date=1990-01-01,&user_rating=5.0,10.0&num_votes=100000,&genres=sport&sort=user_rating,desc'), ('limit', 200)])] |
[2022-11-23 01:20:49,414] [builder.py:472]            [DEBUG]    |                                                                                                    |
[2022-11-23 01:20:49,415] [builder.py:473]            [DEBUG]    | Validating Method: summary                                                                         |
[2022-11-23 01:20:49,415] [builder.py:474]            [DEBUG]    | Value: A Sport Film revolves around a sport setting, event, or an athlete. Often, these films will center on a single sporting event that carries significant importance. Sports films traditionally have a simple plot that builds up to the significant sporting event. This genre is known for incorporating film techniques to build anticipation and intensity. Sport films have a large range of sub-genres, from comedies to dramas, and are more likely than other genres to be based true-life events. |
[2022-11-23 01:20:49,415] [builder.py:472]            [DEBUG]    |                                                                                                    |
[2022-11-23 01:20:49,415] [builder.py:473]            [DEBUG]    | Validating Method: plex_search                                                                     |
[2022-11-23 01:20:49,416] [builder.py:474]            [DEBUG]    | Value: {'genre': 'Sport'}                                                                          |
[2022-11-23 01:20:49,450] [builder.py:472]            [DEBUG]    |                                                                                                    |
[2022-11-23 01:20:49,451] [builder.py:473]            [DEBUG]    | Validating Method: url_poster                                                                      |
[2022-11-23 01:20:49,451] [builder.py:474]            [DEBUG]    | Value: https://theposterdb.com/api/assets/60371                                                    |
[2022-11-23 01:20:49,451] [builder.py:472]            [DEBUG]    |                                                                                                    |
[2022-11-23 01:20:49,451] [builder.py:473]            [DEBUG]    | Validating Method: sort_title                                                                      |
[2022-11-23 01:20:49,452] [builder.py:474]            [DEBUG]    | Value: 00000d_Sports                                                                               |
[2022-11-23 01:20:49,639] [builder.py:619]            [INFO]     |                                                                                                    |
[2022-11-23 01:20:49,639] [builder.py:620]            [INFO]     | Validation Successful                                                                              |
[2022-11-23 01:20:49,641] [plex_meta_manager.py:758]  [INFO]     |                                                                                                    |
[2022-11-23 01:20:49,641] [util.py:216]               [INFO]     |==================================== Running Sports Collection =====================================|
[2022-11-23 01:20:49,641] [plex_meta_manager.py:773]  [INFO]     |                                                                                                    |
[2022-11-23 01:20:49,641] [plex_meta_manager.py:774]  [INFO]     | Sync Mode: append                                                                                  |
[2022-11-23 01:20:49,642] [builder.py:1275]           [DEBUG]    |                                                                                                    |
[2022-11-23 01:20:49,642] [builder.py:1276]           [DEBUG]    | Builder: imdb_list: {'url': 'https://www.imdb.com/search/title/?title_type=feature&release_date=1990-01-01,&user_rating=5.0,10.0&num_votes=100000,&genres=sport', 'limit': 200} |
[2022-11-23 01:20:49,642] [builder.py:1277]           [INFO]     |                                                                                                    |
[2022-11-23 01:20:49,643] [imdb.py:158]               [INFO]     | Processing IMDb List: 200 Items at https://www.imdb.com/search/title/?title_type=feature&release_date=1990-01-01,&user_rating=5.0,10.0&num_votes=100000,&genres=sport |
[2022-11-23 01:20:52,663] [imdb.py:127]               [DEBUG]    | 48 IMDb IDs Found: ['tt1950186', 'tt8009428', 'tt0317219', 'tt1210166', 'tt1291584', 'tt0364725', 'tt0120484', 'tt4209788', 'tt3076658', 'tt0415306', 'tt0398165', 'tt0210945', 'tt0104694', 'tt0964517', 'tt9620288', 'tt1979320', 'tt0974661', 'tt0116483', 'tt0878804', 'tt6343314', 'tt0116695', 'tt1809398', 'tt0405159', 'tt5580036', 'tt0454945', 'tt1798684', 'tt0112461', 'tt1023111', 'tt0146838', 'tt1125849', 'tt0433035', 'tt0393162', 'tt1155076', 'tt3606752', 'tt1216475', 'tt0385002', 'tt0117705', 'tt1100089', 'tt0479143', 'tt0352248', 'tt0106611', 'tt0286499', 'tt1057500', 'tt0445934', 'tt0100507', 'tt5074352', 'tt0248667', 'tt0169102'] |
[2022-11-23 01:20:52,663] [builder.py:1282]           [DEBUG]    |                                                                                                    |
[2022-11-23 01:20:52,663] [builder.py:1283]           [DEBUG]    | 48 IDs Found: [('tt1950186', 'imdb'), ('tt8009428', 'imdb'), ('tt0317219', 'imdb'), ('tt1210166', 'imdb'), ('tt1291584', 'imdb'), ('tt0364725', 'imdb'), ('tt0120484', 'imdb'), ('tt4209788', 'imdb'), ('tt3076658', 'imdb'), ('tt0415306', 'imdb'), ('tt0398165', 'imdb'), ('tt0210945', 'imdb'), ('tt0104694', 'imdb'), ('tt0964517', 'imdb'), ('tt9620288', 'imdb'), ('tt1979320', 'imdb'), ('tt0974661', 'imdb'), ('tt0116483', 'imdb'), ('tt0878804', 'imdb'), ('tt6343314', 'imdb'), ('tt0116695', 'imdb'), ('tt1809398', 'imdb'), ('tt0405159', 'imdb'), ('tt5580036', 'imdb'), ('tt0454945', 'imdb'), ('tt1798684', 'imdb'), ('tt0112461', 'imdb'), ('tt1023111', 'imdb'), ('tt0146838', 'imdb'), ('tt1125849', 'imdb'), ('tt0433035', 'imdb'), ('tt0393162', 'imdb'), ('tt1155076', 'imdb'), ('tt3606752', 'imdb'), ('tt1216475', 'imdb'), ('tt0385002', 'imdb'), ('tt0117705', 'imdb'), ('tt1100089', 'imdb'), ('tt0479143', 'imdb'), ('tt0352248', 'imdb'), ('tt0106611', 'imdb'), ('tt0286499', 'imdb'), ('tt1057500', 'imdb'), ('tt0445934', 'imdb'), ('tt0100507', 'imdb'), ('tt5074352', 'imdb'), ('tt0248667', 'imdb'), ('tt0169102', 'imdb')] |
[2022-11-23 01:20:52,664] [builder.py:1284]           [DEBUG]    |                                                                                                    |
[2022-11-23 01:20:53,019] [builder.py:1275]           [DEBUG]    |                                                                                                    |
[2022-11-23 01:20:53,019] [builder.py:1276]           [DEBUG]    | Builder: imdb_list: {'url': 'https://www.imdb.com/search/title/?title_type=feature&release_date=1990-01-01,&user_rating=5.0,10.0&num_votes=100000,&genres=sport&sort=user_rating,desc', 'limit': 200} |
[2022-11-23 01:20:53,019] [builder.py:1277]           [INFO]     |                                                                                                    |
[2022-11-23 01:20:53,020] [imdb.py:158]               [INFO]     | Processing IMDb List: 200 Items at https://www.imdb.com/search/title/?title_type=feature&release_date=1990-01-01,&user_rating=5.0,10.0&num_votes=100000,&genres=sport&sort=user_rating,desc |
[2022-11-23 01:20:56,262] [imdb.py:127]               [DEBUG]    | 48 IMDb IDs Found: ['tt5074352', 'tt1291584', 'tt1979320', 'tt1950186', 'tt0405159', 'tt0169102', 'tt0352248', 'tt1125849', 'tt0964517', 'tt0210945', 'tt3076658', 'tt1210166', 'tt0878804', 'tt9620288', 'tt5580036', 'tt4209788', 'tt0385002', 'tt8009428', 'tt1798684', 'tt1057500', 'tt0393162', 'tt0116695', 'tt0112461', 'tt0104694', 'tt1809398', 'tt0317219', 'tt6343314', 'tt0479143', 'tt1100089', 'tt0433035', 'tt0116483', 'tt0106611', 'tt0146838', 'tt3606752', 'tt0364725', 'tt0286499', 'tt0248667', 'tt0415306', 'tt1023111', 'tt0117705', 'tt0974661', 'tt0398165', 'tt0454945', 'tt0445934', 'tt1216475', 'tt1155076', 'tt0120484', 'tt0100507'] |
[2022-11-23 01:20:56,262] [builder.py:1282]           [DEBUG]    |                                                                                                    |
[2022-11-23 01:20:56,262] [builder.py:1283]           [DEBUG]    | 48 IDs Found: [('tt5074352', 'imdb'), ('tt1291584', 'imdb'), ('tt1979320', 'imdb'), ('tt1950186', 'imdb'), ('tt0405159', 'imdb'), ('tt0169102', 'imdb'), ('tt0352248', 'imdb'), ('tt1125849', 'imdb'), ('tt0964517', 'imdb'), ('tt0210945', 'imdb'), ('tt3076658', 'imdb'), ('tt1210166', 'imdb'), ('tt0878804', 'imdb'), ('tt9620288', 'imdb'), ('tt5580036', 'imdb'), ('tt4209788', 'imdb'), ('tt0385002', 'imdb'), ('tt8009428', 'imdb'), ('tt1798684', 'imdb'), ('tt1057500', 'imdb'), ('tt0393162', 'imdb'), ('tt0116695', 'imdb'), ('tt0112461', 'imdb'), ('tt0104694', 'imdb'), ('tt1809398', 'imdb'), ('tt0317219', 'imdb'), ('tt6343314', 'imdb'), ('tt0479143', 'imdb'), ('tt1100089', 'imdb'), ('tt0433035', 'imdb'), ('tt0116483', 'imdb'), ('tt0106611', 'imdb'), ('tt0146838', 'imdb'), ('tt3606752', 'imdb'), ('tt0364725', 'imdb'), ('tt0286499', 'imdb'), ('tt0248667', 'imdb'), ('tt0415306', 'imdb'), ('tt1023111', 'imdb'), ('tt0117705', 'imdb'), ('tt0974661', 'imdb'), ('tt0398165', 'imdb'), ('tt0454945', 'imdb'), ('tt0445934', 'imdb'), ('tt1216475', 'imdb'), ('tt1155076', 'imdb'), ('tt0120484', 'imdb'), ('tt0100507', 'imdb')] |
[2022-11-23 01:20:56,263] [builder.py:1284]           [DEBUG]    |                                                                                                    |
[2022-11-23 01:20:56,468] [builder.py:1275]           [DEBUG]    |                                                                                                    |
[2022-11-23 01:20:56,468] [builder.py:1276]           [DEBUG]    | Builder: plex_search: (1, 'Plex Movie Search\nSort By: title.asc\nFilter:\n  Match all of the following:\n    Match any of the following:\n      Genre is Sport', '?type=1&sort=titleSort&push=1&genre=1495&pop=1') |
[2022-11-23 01:20:56,469] [builder.py:1277]           [INFO]     |                                                                                                    |
[2022-11-23 01:20:56,469] [util.py:161]               [INFO]     | Plex Movie Search                                                                                  |
[2022-11-23 01:20:56,470] [util.py:161]               [INFO]     | Sort By: title.asc                                                                                 |
[2022-11-23 01:20:56,470] [util.py:161]               [INFO]     | Filter:                                                                                            |
[2022-11-23 01:20:56,470] [util.py:161]               [INFO]     |   Match all of the following:                                                                      |
[2022-11-23 01:20:56,470] [util.py:161]               [INFO]     |     Match any of the following:                                                                    |
[2022-11-23 01:20:56,471] [util.py:161]               [INFO]     |       Genre is Sport                                                                               |
[2022-11-23 01:20:56,528] [plex.py:748]               [DEBUG]    |                                                                                                    |
[2022-11-23 01:20:56,529] [plex.py:749]               [DEBUG]    | 28 Keys Found: [(121327, 'ratingKey'), (99283, 'ratingKey'), (99288, 'ratingKey'), (108983, 'ratingKey'), (112375, 'ratingKey'), (117149, 'ratingKey'), (104228, 'ratingKey'), (99827, 'ratingKey'), (117693, 'ratingKey'), (104306, 'ratingKey'), (38440, 'ratingKey'), (112601, 'ratingKey'), (99494, 'ratingKey'), (100319, 'ratingKey'), (101133, 'ratingKey'), (100337, 'ratingKey'), (101285, 'ratingKey'), (112498, 'ratingKey'), (101344, 'ratingKey'), (104437, 'ratingKey'), (101493, 'ratingKey'), (100268, 'ratingKey'), (100690, 'ratingKey'), (100662, 'ratingKey'), (104476, 'ratingKey'), (100496, 'ratingKey'), (96911, 'ratingKey'), (113715, 'ratingKey')] |
[2022-11-23 01:20:56,529] [builder.py:1282]           [DEBUG]    |                                                                                                    |
[2022-11-23 01:20:56,529] [builder.py:1283]           [DEBUG]    | 28 IDs Found: [(121327, 'ratingKey'), (99283, 'ratingKey'), (99288, 'ratingKey'), (108983, 'ratingKey'), (112375, 'ratingKey'), (117149, 'ratingKey'), (104228, 'ratingKey'), (99827, 'ratingKey'), (117693, 'ratingKey'), (104306, 'ratingKey'), (38440, 'ratingKey'), (112601, 'ratingKey'), (99494, 'ratingKey'), (100319, 'ratingKey'), (101133, 'ratingKey'), (100337, 'ratingKey'), (101285, 'ratingKey'), (112498, 'ratingKey'), (101344, 'ratingKey'), (104437, 'ratingKey'), (101493, 'ratingKey'), (100268, 'ratingKey'), (100690, 'ratingKey'), (100662, 'ratingKey'), (104476, 'ratingKey'), (100496, 'ratingKey'), (96911, 'ratingKey'), (113715, 'ratingKey')] |
[2022-11-23 01:20:56,530] [builder.py:1284]           [DEBUG]    |                                                                                                    |
[2022-11-23 01:20:57,063] [builder.py:1697]           [INFO]     |                                                                                                    |
[2022-11-23 01:20:57,063] [util.py:216]               [INFO]     |=================================== Adding to Sports Collection ====================================|
[2022-11-23 01:20:57,064] [builder.py:1699]           [INFO]     |                                                                                                    |
[2022-11-23 01:20:57,064] [builder.py:1709]           [INFO]     |  1/28 | Sports Collection | = | Ford v Ferrari (2019)                                              |
[2022-11-23 01:20:57,064] [builder.py:1709]           [INFO]     |  2/28 | Sports Collection | = | Hustle (2022)                                                      |
[2022-11-23 01:20:57,065] [builder.py:1709]           [INFO]     |  3/28 | Sports Collection | = | Cars (2006)                                                        |
[2022-11-23 01:20:57,065] [builder.py:1709]           [INFO]     |  4/28 | Sports Collection | = | Creed (2015)                                                       |
[2022-11-23 01:20:57,066] [builder.py:1709]           [INFO]     |  5/28 | Sports Collection | = | King Richard (2021)                                                |
[2022-11-23 01:20:57,066] [builder.py:1709]           [INFO]     |  6/28 | Sports Collection | = | The Karate Kid (2010)                                              |
[2022-11-23 01:20:57,066] [builder.py:1709]           [INFO]     |  7/28 | Sports Collection | = | Cool Runnings (1993)                                               |
[2022-11-23 01:20:57,066] [builder.py:1709]           [INFO]     |  8/28 | Sports Collection | + | AlphaGo (2017)                                                     |
[2022-11-23 01:20:57,356] [builder.py:1709]           [INFO]     |  9/28 | Sports Collection | = | Athlete A (2020)                                                   |
[2022-11-23 01:20:57,356] [builder.py:1709]           [INFO]     | 10/28 | Sports Collection | = | Audible (2021)                                                     |
[2022-11-23 01:20:57,357] [builder.py:1709]           [INFO]     | 11/28 | Sports Collection | = | Caddyshack (1980)                                                  |
[2022-11-23 01:20:57,357] [builder.py:1709]           [INFO]     | 12/28 | Sports Collection | = | Charlie Brown's All Stars! (1966)                                  |
[2022-11-23 01:20:57,357] [builder.py:1709]           [INFO]     | 13/28 | Sports Collection | = | The Color of Money (1986)                                          |
[2022-11-23 01:20:57,357] [builder.py:1709]           [INFO]     | 14/28 | Sports Collection | = | The Dawn Wall (2018)                                               |
[2022-11-23 01:20:57,358] [builder.py:1709]           [INFO]     | 15/28 | Sports Collection | = | Free Solo (2018)                                                   |
[2022-11-23 01:20:57,358] [builder.py:1709]           [INFO]     | 16/28 | Sports Collection | = | Hidalgo (2004)                                                     |
[2022-11-23 01:20:57,358] [builder.py:1709]           [INFO]     | 17/28 | Sports Collection | = | The Hustler (1961)                                                 |
[2022-11-23 01:20:57,358] [builder.py:1709]           [INFO]     | 18/28 | Sports Collection | = | It's Arbor Day, Charlie Brown (1976)                               |
[2022-11-23 01:20:57,359] [builder.py:1709]           [INFO]     | 19/28 | Sports Collection | = | The Last Dragon (1985)                                             |
[2022-11-23 01:20:57,359] [builder.py:1709]           [INFO]     | 20/28 | Sports Collection | = | Maiden (2019)                                                      |
[2022-11-23 01:20:57,359] [builder.py:1709]           [INFO]     | 21/28 | Sports Collection | = | Minding the Gap (2018)                                             |
[2022-11-23 01:20:57,360] [builder.py:1709]           [INFO]     | 22/28 | Sports Collection | = | The Phantom of the Open (2022)                                     |
[2022-11-23 01:20:57,360] [builder.py:1709]           [INFO]     | 23/28 | Sports Collection | = | Queen of Katwe (2016)                                              |
[2022-11-23 01:20:57,360] [builder.py:1709]           [INFO]     | 24/28 | Sports Collection | = | Raging Bull (1980)                                                 |
[2022-11-23 01:20:57,360] [builder.py:1709]           [INFO]     | 25/28 | Sports Collection | = | Redline (2010)                                                     |
[2022-11-23 01:20:57,361] [builder.py:1709]           [INFO]     | 26/28 | Sports Collection | = | Rise (2022)                                                        |
[2022-11-23 01:20:57,361] [builder.py:1709]           [INFO]     | 27/28 | Sports Collection | = | She's a Good Skate, Charlie Brown (1980)                           |
[2022-11-23 01:20:57,361] [builder.py:1709]           [INFO]     | 28/28 | Sports Collection | = | Waves (2019)                                                       |
[2022-11-23 01:20:57,362] [builder.py:1734]           [INFO]     |                                                                                                    |
[2022-11-23 01:20:57,362] [builder.py:1735]           [INFO]     | 28 Movies Processed                                                                                |
[2022-11-23 01:20:57,362] [builder.py:1929]           [INFO]     |                                                                                                    |
[2022-11-23 01:20:57,363] [util.py:216]               [INFO]     |=============================== Missing Movies from Library: Sports ================================|
[2022-11-23 01:20:57,363] [builder.py:1931]           [INFO]     |                                                                                                    |
[2022-11-23 01:20:57,365] [builder.py:1943]           [INFO]     | Sports Collection | ? | Moneyball (2011) (TMDb: 60308)                                             |
[2022-11-23 01:20:57,367] [builder.py:1943]           [INFO]     | Sports Collection | ? | Warrior (2011) (TMDb: 59440)                                               |
[2022-11-23 01:20:57,511] [builder.py:1943]           [INFO]     | Sports Collection | ? | DodgeBall: A True Underdog Story (2004) (TMDb: 9472)                       |
[2022-11-23 01:20:57,634] [builder.py:1943]           [INFO]     | Sports Collection | ? | The Waterboy (1998) (TMDb: 10663)                                          |
[2022-11-23 01:20:57,760] [builder.py:1943]           [INFO]     | Sports Collection | ? | Molly's Game (2017) (TMDb: 396371)                                         |
[2022-11-23 01:20:57,900] [builder.py:1943]           [INFO]     | Sports Collection | ? | Talladega Nights: The Ballad of Ricky Bobby (2006) (TMDb: 9718)            |
[2022-11-23 01:20:58,053] [builder.py:1943]           [INFO]     | Sports Collection | ? | The Longest Yard (2005) (TMDb: 9291)                                       |
[2022-11-23 01:20:58,055] [builder.py:1943]           [INFO]     | Sports Collection | ? | Remember the Titans (2000) (TMDb: 10637)                                   |
[2022-11-23 01:20:58,190] [builder.py:1943]           [INFO]     | Sports Collection | ? | A League of Their Own (1992) (TMDb: 11287)                                 |
[2022-11-23 01:20:58,192] [builder.py:1943]           [INFO]     | Sports Collection | ? | The Fighter (2010) (TMDb: 45317)                                           |
[2022-11-23 01:20:58,329] [builder.py:1943]           [INFO]     | Sports Collection | ? | Rush (2013) (TMDb: 96721)                                                  |
[2022-11-23 01:20:58,501] [builder.py:1943]           [INFO]     | Sports Collection | ? | 17 Again (2009) (TMDb: 16996)                                              |
[2022-11-23 01:20:58,622] [builder.py:1943]           [INFO]     | Sports Collection | ? | Happy Gilmore (1996) (TMDb: 9614)                                          |
[2022-11-23 01:20:58,624] [builder.py:1943]           [INFO]     | Sports Collection | ? | The Blind Side (2009) (TMDb: 22881)                                        |
[2022-11-23 01:20:58,766] [builder.py:1943]           [INFO]     | Sports Collection | ? | Creed II (2018) (TMDb: 480530)                                             |
[2022-11-23 01:20:58,769] [builder.py:1943]           [INFO]     | Sports Collection | ? | Jerry Maguire (1996) (TMDb: 9390)                                          |
[2022-11-23 01:20:58,936] [builder.py:1943]           [INFO]     | Sports Collection | ? | Unbroken (2014) (TMDb: 227306)                                             |
[2022-11-23 01:20:58,938] [builder.py:1943]           [INFO]     | Sports Collection | ? | Million Dollar Baby (2004) (TMDb: 70)                                      |
[2022-11-23 01:20:59,061] [builder.py:1943]           [INFO]     | Sports Collection | ? | I, Tonya (2017) (TMDb: 389015)                                             |
[2022-11-23 01:20:59,221] [builder.py:1943]           [INFO]     | Sports Collection | ? | She's the Man (2006) (TMDb: 9655)                                          |
[2022-11-23 01:20:59,354] [builder.py:1943]           [INFO]     | Sports Collection | ? | Southpaw (2015) (TMDb: 307081)                                             |
[2022-11-23 01:20:59,460] [builder.py:1943]           [INFO]     | Sports Collection | ? | The Basketball Diaries (1995) (TMDb: 10474)                                |
[2022-11-23 01:20:59,461] [builder.py:1943]           [INFO]     | Sports Collection | ? | Never Back Down (2008) (TMDb: 8456)                                        |
[2022-11-23 01:20:59,581] [builder.py:1943]           [INFO]     | Sports Collection | ? | Any Given Sunday (1999) (TMDb: 9563)                                       |
[2022-11-23 01:20:59,685] [builder.py:1943]           [INFO]     | Sports Collection | ? | The Wrestler (2008) (TMDb: 12163)                                          |
[2022-11-23 01:20:59,804] [builder.py:1943]           [INFO]     | Sports Collection | ? | Real Steel (2011) (TMDb: 39254)                                            |
[2022-11-23 01:20:59,948] [builder.py:1943]           [INFO]     | Sports Collection | ? | Coach Carter (2005) (TMDb: 7214)                                           |
[2022-11-23 01:21:00,058] [builder.py:1943]           [INFO]     | Sports Collection | ? | Cars 3 (2017) (TMDb: 260514)                                               |
[2022-11-23 01:21:00,236] [builder.py:1943]           [INFO]     | Sports Collection | ? | Cars 2 (2011) (TMDb: 49013)                                                |
[2022-11-23 01:21:00,357] [builder.py:1943]           [INFO]     | Sports Collection | ? | Green Street Hooligans (2005) (TMDb: 8923)                                 |
[2022-11-23 01:21:00,526] [builder.py:1943]           [INFO]     | Sports Collection | ? | Space Jam (1996) (TMDb: 2300)                                              |
[2022-11-23 01:21:00,664] [builder.py:1943]           [INFO]     | Sports Collection | ? | Foxcatcher (2014) (TMDb: 87492)                                            |
[2022-11-23 01:21:00,814] [builder.py:1943]           [INFO]     | Sports Collection | ? | Rocky Balboa (2006) (TMDb: 1246)                                           |
[2022-11-23 01:21:00,946] [builder.py:1943]           [INFO]     | Sports Collection | ? | Cinderella Man (2005) (TMDb: 921)                                          |
[2022-11-23 01:21:01,074] [builder.py:1943]           [INFO]     | Sports Collection | ? | Bend It Like Beckham (2002) (TMDb: 455)                                    |
[2022-11-23 01:21:01,230] [builder.py:1943]           [INFO]     | Sports Collection | ? | Invictus (2009) (TMDb: 22954)                                              |
[2022-11-23 01:21:01,374] [builder.py:1943]           [INFO]     | Sports Collection | ? | Blades of Glory (2007) (TMDb: 9955)                                        |
[2022-11-23 01:21:01,580] [builder.py:1943]           [INFO]     | Sports Collection | ? | Rocky V (1990) (TMDb: 1375)                                                |
[2022-11-23 01:21:02,003] [builder.py:1943]           [INFO]     | Sports Collection | ? | Dangal (2016) (TMDb: 360814)                                               |
[2022-11-23 01:21:02,122] [builder.py:1943]           [INFO]     | Sports Collection | ? | Ali (2001) (TMDb: 8489)                                                    |
[2022-11-23 01:21:02,243] [builder.py:1943]           [INFO]     | Sports Collection | ? | Lagaan: Once Upon a Time in India (2001) (TMDb: 19666)                     |
[2022-11-23 01:21:02,244] [builder.py:1947]           [INFO]     |                                                                                                    |
[2022-11-23 01:21:02,244] [builder.py:1948]           [INFO]     | 41 Movies Missing                                                                                  |
[2022-11-23 01:21:02,484] [builder.py:2147]           [INFO]     |                                                                                                    |
[2022-11-23 01:21:02,485] [util.py:216]               [INFO]     |============================== Updating Details of Sports Collection ===============================|
[2022-11-23 01:21:02,485] [builder.py:2149]           [INFO]     |                                                                                                    |
[2022-11-23 01:21:02,485] [builder.py:2156]           [INFO]     | Detail: summary updated Collection Summary                                                         |
[2022-11-23 01:21:02,486] [builder.py:2258]           [DEBUG]    | 1 posters found:                                                                                   |
[2022-11-23 01:21:02,486] [builder.py:2260]           [DEBUG]    | Method: url_poster Poster: https://theposterdb.com/api/assets/60371                                |
[2022-11-23 01:21:02,486] [builder.py:2327]           [INFO]     | No background collection detail or asset folder found                                              |
[2022-11-23 01:21:03,381] [library.py:145]            [INFO]     | Detail: url_poster updated poster to [URL] https://theposterdb.com/api/assets/60371                |
[2022-11-23 01:21:03,572] [plex_meta_manager.py:880]  [INFO]     |                                                                                                    |
[2022-11-23 01:21:03,573] [util.py:209]               [INFO]     |====================================================================================================|
[2022-11-23 01:21:03,573] [util.py:216]               [INFO]     |                                     Finished Sports Collection                                     |
[2022-11-23 01:21:03,573] [util.py:216]               [INFO]     |                                    Collection Run Time: 0:00:15                                    |
[2022-11-23 01:21:03,574] [util.py:220]               [INFO]     |====================================================================================================|
