[2022-02-08 08:08:08,539] [util.py:209]               [INFO]     |====================================================================================================|
[2022-02-08 08:08:08,540] [util.py:216]               [INFO]     |                                Best of Romance Collection in Movies                                |
[2022-02-08 08:08:08,540] [util.py:220]               [INFO]     |====================================================================================================|
[2022-02-08 08:08:08,541] [plex_meta_manager.py:750]  [INFO]     |                                                                                                    |
[2022-02-08 08:08:08,542] [util.py:216]               [INFO]     |============================== Validating Best of Romance Attributes ===============================|
[2022-02-08 08:08:08,542] [builder.py:265]            [DEBUG]    |                                                                                                    |
[2022-02-08 08:08:08,543] [builder.py:266]            [DEBUG]    | Validating Method: template                                                                        |
[2022-02-08 08:08:08,543] [meta.py:83]                [DEBUG]    | Value: ordereddict([('name', 'Holiday'), ('poster', './config/posters/paintings/romance.jpg')])    |
[2022-02-08 08:08:08,543] [builder.py:273]            [DEBUG]    |                                                                                                    |
[2022-02-08 08:08:08,544] [builder.py:274]            [DEBUG]    | Validating Method: delete_not_scheduled                                                            |
[2022-02-08 08:08:08,544] [builder.py:275]            [DEBUG]    | Value: True                                                                                        |
[2022-02-08 08:08:08,544] [builder.py:279]            [DEBUG]    |                                                                                                    |
[2022-02-08 08:08:08,545] [builder.py:280]            [DEBUG]    | Validating Method: schedule                                                                        |
[2022-02-08 08:08:08,545] [builder.py:284]            [DEBUG]    | Value: range(02/07-02/15)                                                                          |
[2022-02-08 08:08:08,545] [builder.py:316]            [DEBUG]    |                                                                                                    |
[2022-02-08 08:08:08,545] [builder.py:317]            [DEBUG]    | Validating Method: run_again                                                                       |
[2022-02-08 08:08:08,546] [builder.py:318]            [DEBUG]    | Value: True                                                                                        |
[2022-02-08 08:08:08,546] [builder.py:453]            [DEBUG]    |                                                                                                    |
[2022-02-08 08:08:08,546] [builder.py:454]            [DEBUG]    | Validating Method: collection_order                                                                |
[2022-02-08 08:08:08,546] [builder.py:455]            [DEBUG]    | Value: release                                                                                     |
[2022-02-08 08:08:08,547] [builder.py:472]            [DEBUG]    |                                                                                                    |
[2022-02-08 08:08:08,547] [builder.py:473]            [DEBUG]    | Validating Method: trakt_list                                                                      |
[2022-02-08 08:08:08,547] [builder.py:474]            [DEBUG]    | Value: ['https://trakt.tv/users/galacticboy/lists/valentines-day', 'https://trakt.tv/users/movistapp/lists/the-30-best-romantic-comedies-of-all-time', 'https://trakt.tv/users/galacticboy/lists/imdb-top-200-romance-movies-1970'] |
[2022-02-08 08:08:09,067] [builder.py:472]            [DEBUG]    |                                                                                                    |
[2022-02-08 08:08:09,067] [builder.py:473]            [DEBUG]    | Validating Method: summary                                                                         |
[2022-02-08 08:08:09,068] [builder.py:474]            [DEBUG]    | Value: A mix of Romance movies and just movies that are fun to watch around Valentines Day.        |
[2022-02-08 08:08:09,068] [builder.py:472]            [DEBUG]    |                                                                                                    |
[2022-02-08 08:08:09,068] [builder.py:473]            [DEBUG]    | Validating Method: url_poster                                                                      |
[2022-02-08 08:08:09,069] [builder.py:474]            [DEBUG]    | Value: ./config/posters/paintings/romance.jpg                                                      |
[2022-02-08 08:08:09,069] [builder.py:472]            [DEBUG]    |                                                                                                    |
[2022-02-08 08:08:09,069] [builder.py:473]            [DEBUG]    | Validating Method: sort_title                                                                      |
[2022-02-08 08:08:09,069] [builder.py:474]            [DEBUG]    | Value: 00000a_Best of Romance                                                                      |
[2022-02-08 08:08:09,070] [builder.py:472]            [DEBUG]    |                                                                                                    |
[2022-02-08 08:08:09,070] [builder.py:473]            [DEBUG]    | Validating Method: visible_home                                                                    |
[2022-02-08 08:08:09,070] [builder.py:474]            [DEBUG]    | Value: True                                                                                        |
[2022-02-08 08:08:09,070] [builder.py:472]            [DEBUG]    |                                                                                                    |
[2022-02-08 08:08:09,071] [builder.py:473]            [DEBUG]    | Validating Method: visible_shared                                                                  |
[2022-02-08 08:08:09,071] [builder.py:474]            [DEBUG]    | Value: True                                                                                        |
[2022-02-08 08:08:09,183] [builder.py:619]            [INFO]     |                                                                                                    |
[2022-02-08 08:08:09,183] [builder.py:620]            [INFO]     | Validation Successful                                                                              |
[2022-02-08 08:08:09,184] [plex_meta_manager.py:758]  [INFO]     |                                                                                                    |
[2022-02-08 08:08:09,185] [util.py:216]               [INFO]     |================================ Running Best of Romance Collection ================================|
[2022-02-08 08:08:09,185] [plex_meta_manager.py:773]  [INFO]     |                                                                                                    |
[2022-02-08 08:08:09,185] [plex_meta_manager.py:774]  [INFO]     | Sync Mode: append                                                                                  |
[2022-02-08 08:08:09,186] [builder.py:1275]           [DEBUG]    |                                                                                                    |
[2022-02-08 08:08:09,186] [builder.py:1276]           [DEBUG]    | Builder: trakt_list: https://trakt.tv/users/galacticboy/lists/valentines-day                       |
[2022-02-08 08:08:09,186] [builder.py:1277]           [INFO]     |                                                                                                    |
[2022-02-08 08:08:09,187] [trakt.py:231]              [INFO]     | Processing Trakt List: https://trakt.tv/users/galacticboy/lists/valentines-day                     |
[2022-02-08 08:08:09,485] [builder.py:1282]           [DEBUG]    |                                                                                                    |
[2022-02-08 08:08:09,485] [builder.py:1283]           [DEBUG]    | 2 IDs Found: [(4951, 'tmdb'), (11036, 'tmdb')]                                                     |
[2022-02-08 08:08:09,486] [builder.py:1284]           [DEBUG]    |                                                                                                    |
[2022-02-08 08:08:09,486] [builder.py:1275]           [DEBUG]    |                                                                                                    |
[2022-02-08 08:08:09,487] [builder.py:1276]           [DEBUG]    | Builder: trakt_list: https://trakt.tv/users/movistapp/lists/the-30-best-romantic-comedies-of-all-time |
[2022-02-08 08:08:09,487] [builder.py:1277]           [INFO]     |                                                                                                    |
[2022-02-08 08:08:09,488] [trakt.py:231]              [INFO]     | Processing Trakt List: https://trakt.tv/users/movistapp/lists/the-30-best-romantic-comedies-of-all-time |
[2022-02-08 08:08:09,587] [builder.py:1282]           [DEBUG]    |                                                                                                    |
[2022-02-08 08:08:09,587] [builder.py:1283]           [DEBUG]    | 30 IDs Found: [(639, 'tmdb'), (858, 'tmdb'), (703, 'tmdb'), (114, 'tmdb'), (137, 'tmdb'), (901, 'tmdb'), (2493, 'tmdb'), (82693, 'tmdb'), (11003, 'tmdb'), (11584, 'tmdb'), (2028, 'tmdb'), (508, 'tmdb'), (4951, 'tmdb'), (488, 'tmdb'), (9489, 'tmdb'), (13667, 'tmdb'), (251366, 'tmdb'), (544, 'tmdb'), (284, 'tmdb'), (8051, 'tmdb'), (343, 'tmdb'), (8874, 'tmdb'), (194, 'tmdb'), (2898, 'tmdb'), (19913, 'tmdb'), (15647, 'tmdb'), (509, 'tmdb'), (1824, 'tmdb'), (9870, 'tmdb'), (2255, 'tmdb')] |
[2022-02-08 08:08:09,587] [builder.py:1284]           [DEBUG]    |                                                                                                    |
[2022-02-08 08:08:09,630] [builder.py:1275]           [DEBUG]    |                                                                                                    |
[2022-02-08 08:08:09,631] [builder.py:1276]           [DEBUG]    | Builder: trakt_list: https://trakt.tv/users/galacticboy/lists/imdb-top-200-romance-movies-1970     |
[2022-02-08 08:08:09,631] [builder.py:1277]           [INFO]     |                                                                                                    |
[2022-02-08 08:08:09,631] [trakt.py:231]              [INFO]     | Processing Trakt List: https://trakt.tv/users/galacticboy/lists/imdb-top-200-romance-movies-1970   |
[2022-02-08 08:08:09,823] [builder.py:1282]           [DEBUG]    |                                                                                                    |
[2022-02-08 08:08:09,824] [builder.py:1283]           [DEBUG]    | 250 IDs Found: [(13, 'tmdb'), (489, 'tmdb'), (426, 'tmdb'), (38, 'tmdb'), (872, 'tmdb'), (284, 'tmdb'), (453, 'tmdb'), (239, 'tmdb'), (29845, 'tmdb'), (21634, 'tmdb'), (80, 'tmdb'), (2493, 'tmdb'), (76, 'tmdb'), (290098, 'tmdb'), (3175, 'tmdb'), (28971, 'tmdb'), (776503, 'tmdb'), (804, 'tmdb'), (313369, 'tmdb'), (152601, 'tmdb'), (12405, 'tmdb'), (1280, 'tmdb'), (261, 'tmdb'), (907, 'tmdb'), (33364, 'tmdb'), (703, 'tmdb'), (921, 'tmdb'), (137, 'tmdb'), (29478, 'tmdb'), (17057, 'tmdb'), (37247, 'tmdb'), (15121, 'tmdb'), (19155, 'tmdb'), (14811, 'tmdb'), (25188, 'tmdb'), (718032, 'tmdb'), (84892, 'tmdb'), (319, 'tmdb'), (220, 'tmdb'), (132344, 'tmdb'), (12501, 'tmdb'), (6075, 'tmdb'), (4808, 'tmdb'), (162, 'tmdb'), (492188, 'tmdb'), (369557, 'tmdb'), (398818, 'tmdb'), (696, 'tmdb'), (32488, 'tmdb'), (16347, 'tmdb'), (343, 'tmdb'), (26955, 'tmdb'), (12163, 'tmdb'), (5723, 'tmdb'), (4922, 'tmdb'), (122906, 'tmdb'), (8358, 'tmdb'), (34148, 'tmdb'), (782, 'tmdb'), (83666, 'tmdb'), (146, 'tmdb'), (69, 'tmdb'), (4347, 'tmdb'), (10784, 'tmdb'), (597, 'tmdb'), (4348, 'tmdb'), (511809, 'tmdb'), (32526, 'tmdb'), (331482, 'tmdb'), (32499, 'tmdb'), (25673, 'tmdb'), (28569, 'tmdb'), (20139, 'tmdb'), (3109, 'tmdb'), (488, 'tmdb'), (11113, 'tmdb'), (1245, 'tmdb'), (16642, 'tmdb'), (10451, 'tmdb'), (82693, 'tmdb'), (266856, 'tmdb'), (222935, 'tmdb'), (153, 'tmdb'), (1587, 'tmdb'), (7509, 'tmdb'), (142, 'tmdb'), (9361, 'tmdb'), (2898, 'tmdb'), (11545, 'tmdb'), (428493, 'tmdb'), (4584, 'tmdb'), (16410, 'tmdb'), (13671, 'tmdb'), (15919, 'tmdb'), (7504, 'tmdb'), (8463, 'tmdb'), (17483, 'tmdb'), (10849, 'tmdb'), (8981, 'tmdb'), (26371, 'tmdb'), (6949, 'tmdb'), (110160, 'tmdb'), (332562, 'tmdb'), (19913, 'tmdb'), (508, 'tmdb'), (82695, 'tmdb'), (175, 'tmdb'), (10938, 'tmdb'), (3111, 'tmdb'), (824, 'tmdb'), (1491, 'tmdb'), (2270, 'tmdb'), (688, 'tmdb'), (40807, 'tmdb'), (12584, 'tmdb'), (116, 'tmdb'), (8055, 'tmdb'), (2134, 'tmdb'), (639, 'tmdb'), (164, 'tmdb'), (359784, 'tmdb'), (449176, 'tmdb'), (533444, 'tmdb'), (82311, 'tmdb'), (14703, 'tmdb'), (5179, 'tmdb'), (37230, 'tmdb'), (24481, 'tmdb'), (5923, 'tmdb'), (43316, 'tmdb'), (26596, 'tmdb'), (11426, 'tmdb'), (3001, 'tmdb'), (6644, 'tmdb'), (6620, 'tmdb'), (13368, 'tmdb'), (39934, 'tmdb'), (859, 'tmdb'), (79120, 'tmdb'), (9261, 'tmdb'), (18197, 'tmdb'), (11610, 'tmdb'), (14283, 'tmdb'), (10654, 'tmdb'), (15764, 'tmdb'), (76543, 'tmdb'), (1919, 'tmdb'), (630566, 'tmdb'), (22538, 'tmdb'), (416477, 'tmdb'), (243, 'tmdb'), (24584, 'tmdb'), (1440, 'tmdb'), (167073, 'tmdb'), (1262, 'tmdb'), (451, 'tmdb'), (9464, 'tmdb'), (590, 'tmdb'), (9675, 'tmdb'), (400617, 'tmdb'), (34653, 'tmdb'), (121986, 'tmdb'), (43103, 'tmdb'), (20324, 'tmdb'), (29376, 'tmdb'), (5767, 'tmdb'), (8356, 'tmdb'), (802, 'tmdb'), (1725, 'tmdb'), (14202, 'tmdb'), (15677, 'tmdb'), (14047, 'tmdb'), (28384, 'tmdb'), (16553, 'tmdb'), (371738, 'tmdb'), (37291, 'tmdb'), (480, 'tmdb'), (1715, 'tmdb'), (14412, 'tmdb'), (1259, 'tmdb'), (587792, 'tmdb'), (403300, 'tmdb'), (535544, 'tmdb'), (451480, 'tmdb'), (43039, 'tmdb'), (43258, 'tmdb'), (23152, 'tmdb'), (42791, 'tmdb'), (43136, 'tmdb'), (541, 'tmdb'), (40085, 'tmdb'), (30295, 'tmdb'), (16520, 'tmdb'), (16085, 'tmdb'), (42448, 'tmdb'), (42121, 'tmdb'), (14667, 'tmdb'), (36850, 'tmdb'), (14741, 'tmdb'), (85033, 'tmdb'), (17474, 'tmdb'), (19316, 'tmdb'), (26748, 'tmdb'), (338729, 'tmdb'), (8293, 'tmdb'), (10712, 'tmdb'), (50646, 'tmdb'), (9281, 'tmdb'), (198277, 'tmdb'), (22947, 'tmdb'), (6114, 'tmdb'), (337960, 'tmdb'), (401, 'tmdb'), (9576, 'tmdb'), (2055, 'tmdb'), (1985, 'tmdb'), (4415, 'tmdb'), (370755, 'tmdb'), (409, 'tmdb'), (233, 'tmdb'), (4952, 'tmdb'), (69605, 'tmdb'), (1360, 'tmdb'), (313, 'tmdb'), (2690, 'tmdb'), (10002, 'tmdb'), (2028, 'tmdb'), (18203, 'tmdb'), (13435, 'tmdb'), (987, 'tmdb'), (10644, 'tmdb'), (18254, 'tmdb'), (16153, 'tmdb'), (9660, 'tmdb'), (11337, 'tmdb'), (24266, 'tmdb'), (13198, 'tmdb'), (22617, 'tmdb'), (15484, 'tmdb'), (28519, 'tmdb'), (3526, 'tmdb'), (18320, 'tmdb'), (205601, 'tmdb'), (13343, 'tmdb'), (24203, 'tmdb'), (42021, 'tmdb'), (17729, 'tmdb'), (38732, 'tmdb'), (1888, 'tmdb'), (14117, 'tmdb')] |
[2022-02-08 08:08:09,824] [builder.py:1284]           [DEBUG]    |                                                                                                    |
[2022-02-08 08:08:10,124] [builder.py:1697]           [INFO]     |                                                                                                    |
[2022-02-08 08:08:10,124] [util.py:216]               [INFO]     |=============================== Adding to Best of Romance Collection ===============================|
[2022-02-08 08:08:10,126] [builder.py:1699]           [INFO]     |                                                                                                    |
[2022-02-08 08:08:10,126] [builder.py:1709]           [INFO]     |  1/11 | Best of Romance Collection | = | City Lights (1931)                                        |
[2022-02-08 08:08:10,126] [builder.py:1709]           [INFO]     |  2/11 | Best of Romance Collection | = | The Princess Bride (1987)                                 |
[2022-02-08 08:08:10,127] [builder.py:1709]           [INFO]     |  3/11 | Best of Romance Collection | = | Forrest Gump (1994)                                       |
[2022-02-08 08:08:10,127] [builder.py:1709]           [INFO]     |  4/11 | Best of Romance Collection | + | Eternal Sunshine of the Spotless Mind (2004)              |
[2022-02-08 08:08:10,276] [builder.py:1709]           [INFO]     |  5/11 | Best of Romance Collection | = | The Handmaiden (2016)                                     |
[2022-02-08 08:08:10,277] [builder.py:1709]           [INFO]     |  6/11 | Best of Romance Collection | = | Moonrise Kingdom (2012)                                   |
[2022-02-08 08:08:10,278] [builder.py:1709]           [INFO]     |  7/11 | Best of Romance Collection | = | Crouching Tiger, Hidden Dragon (2000)                     |
[2022-02-08 08:08:10,278] [builder.py:1709]           [INFO]     |  8/11 | Best of Romance Collection | = | Titanic (1997)                                            |
[2022-02-08 08:08:10,279] [builder.py:1709]           [INFO]     |  9/11 | Best of Romance Collection | = | Rushmore (1998)                                           |
[2022-02-08 08:08:10,279] [builder.py:1709]           [INFO]     | 10/11 | Best of Romance Collection | = | The Red Violin (1998)                                     |
[2022-02-08 08:08:10,279] [builder.py:1709]           [INFO]     | 11/11 | Best of Romance Collection | = | Leaving Las Vegas (1995)                                  |
[2022-02-08 08:08:10,280] [builder.py:1734]           [INFO]     |                                                                                                    |
[2022-02-08 08:08:10,280] [builder.py:1735]           [INFO]     | 11 Movies Processed                                                                                |
[2022-02-08 08:08:10,281] [builder.py:1929]           [INFO]     |                                                                                                    |
[2022-02-08 08:08:10,281] [util.py:216]               [INFO]     |=========================== Missing Movies from Library: Best of Romance ===========================|
[2022-02-08 08:08:10,281] [builder.py:1931]           [INFO]     |                                                                                                    |
[2022-02-08 08:08:10,462] [builder.py:1943]           [INFO]     | Best of Romance Collection | ? | 10 Things I Hate About You (1999) (TMDb: 4951)                    |
[2022-02-08 08:08:10,643] [builder.py:1943]           [INFO]     | Best of Romance Collection | ? | The Notebook (2004) (TMDb: 11036)                                 |
[2022-02-08 08:08:10,829] [builder.py:1943]           [INFO]     | Best of Romance Collection | ? | When Harry Met Sally... (1989) (TMDb: 639)                        |
[2022-02-08 08:08:11,013] [builder.py:1943]           [INFO]     | Best of Romance Collection | ? | Sleepless in Seattle (1993) (TMDb: 858)                           |
[2022-02-08 08:08:11,193] [builder.py:1943]           [INFO]     | Best of Romance Collection | ? | Annie Hall (1977) (TMDb: 703)                                     |
[2022-02-08 08:08:11,375] [builder.py:1943]           [INFO]     | Best of Romance Collection | ? | Pretty Woman (1990) (TMDb: 114)                                   |
[2022-02-08 08:08:11,377] [builder.py:1943]           [INFO]     | Best of Romance Collection | ? | Groundhog Day (1993) (TMDb: 137)                                  |
[2022-02-08 08:08:11,577] [builder.py:1943]           [INFO]     | Best of Romance Collection | ? | Silver Linings Playbook (2012) (TMDb: 82693)                      |
[2022-02-08 08:08:11,579] [builder.py:1943]           [INFO]     | Best of Romance Collection | ? | The Wedding Singer (1998) (TMDb: 11003)                           |
[2022-02-08 08:08:11,773] [builder.py:1943]           [INFO]     | Best of Romance Collection | ? | Roxanne (1987) (TMDb: 11584)                                      |
[2022-02-08 08:08:11,984] [builder.py:1943]           [INFO]     | Best of Romance Collection | ? | Say Anything... (1989) (TMDb: 2028)                               |
[2022-02-08 08:08:12,177] [builder.py:1943]           [INFO]     | Best of Romance Collection | ? | Love Actually (2003) (TMDb: 508)                                  |
[2022-02-08 08:08:12,432] [builder.py:1943]           [INFO]     | Best of Romance Collection | ? | The African Queen (1952) (TMDb: 488)                              |
[2022-02-08 08:08:12,622] [builder.py:1943]           [INFO]     | Best of Romance Collection | ? | You've Got Mail (1998) (TMDb: 9489)                               |
[2022-02-08 08:08:12,828] [builder.py:1943]           [INFO]     | Best of Romance Collection | ? | Better Off Dead... (1985) (TMDb: 13667)                           |
[2022-02-08 08:08:12,999] [builder.py:1943]           [INFO]     | Best of Romance Collection | ? | Breakfast with Tiffany (1996) (TMDb: 251366)                      |
[2022-02-08 08:08:13,179] [builder.py:1943]           [INFO]     | Best of Romance Collection | ? | There's Something About Mary (1998) (TMDb: 544)                   |
[2022-02-08 08:08:13,396] [builder.py:1943]           [INFO]     | Best of Romance Collection | ? | The Apartment (1960) (TMDb: 284)                                  |
[2022-02-08 08:08:13,569] [builder.py:1943]           [INFO]     | Best of Romance Collection | ? | Punch-Drunk Love (2002) (TMDb: 8051)                              |
[2022-02-08 08:08:13,740] [builder.py:1943]           [INFO]     | Best of Romance Collection | ? | Harold and Maude (1971) (TMDb: 343)                               |
[2022-02-08 08:08:13,928] [builder.py:1943]           [INFO]     | Best of Romance Collection | ? | My Best Friend's Wedding (1997) (TMDb: 8874)                      |
[2022-02-08 08:08:14,127] [builder.py:1943]           [INFO]     | Best of Romance Collection | ? | Amélie (2001) (TMDb: 194)                                         |
[2022-02-08 08:08:14,323] [builder.py:1943]           [INFO]     | Best of Romance Collection | ? | As Good as It Gets (1997) (TMDb: 2898)                            |
[2022-02-08 08:08:14,505] [builder.py:1943]           [INFO]     | Best of Romance Collection | ? | (500) Days of Summer (2009) (TMDb: 19913)                         |
[2022-02-08 08:08:14,707] [builder.py:1943]           [INFO]     | Best of Romance Collection | ? | Kissing Jessica Stein (2002) (TMDb: 15647)                        |
[2022-02-08 08:08:14,892] [builder.py:1943]           [INFO]     | Best of Romance Collection | ? | Notting Hill (1999) (TMDb: 509)                                   |
[2022-02-08 08:08:15,159] [builder.py:1943]           [INFO]     | Best of Romance Collection | ? | 50 First Dates (2004) (TMDb: 1824)                                |
[2022-02-08 08:08:15,348] [builder.py:1943]           [INFO]     | Best of Romance Collection | ? | Forgetting Sarah Marshall (2008) (TMDb: 9870)                     |
[2022-02-08 08:08:15,565] [builder.py:1943]           [INFO]     | Best of Romance Collection | ? | Chasing Amy (1997) (TMDb: 2255)                                   |
[2022-02-08 08:08:15,836] [builder.py:1943]           [INFO]     | Best of Romance Collection | ? | Good Will Hunting (1997) (TMDb: 489)                              |
[2022-02-08 08:08:16,017] [builder.py:1943]           [INFO]     | Best of Romance Collection | ? | Vertigo (1958) (TMDb: 426)                                        |
[2022-02-08 08:08:16,262] [builder.py:1943]           [INFO]     | Best of Romance Collection | ? | Singin' in the Rain (1952) (TMDb: 872)                            |
[2022-02-08 08:08:16,492] [builder.py:1943]           [INFO]     | Best of Romance Collection | ? | A Beautiful Mind (2001) (TMDb: 453)                               |
[2022-02-08 08:08:16,731] [builder.py:1943]           [INFO]     | Best of Romance Collection | ? | Some Like It Hot (1959) (TMDb: 239)                               |
[2022-02-08 08:08:16,930] [builder.py:1943]           [INFO]     | Best of Romance Collection | ? | A Woman Under the Influence (1974) (TMDb: 29845)                  |
[2022-02-08 08:08:17,119] [builder.py:1943]           [INFO]     | Best of Romance Collection | ? | Prayers for Bobby (2009) (TMDb: 21634)                            |
[2022-02-08 08:08:17,828] [builder.py:1943]           [INFO]     | Best of Romance Collection | ? | Before Sunset (2004) (TMDb: 80)                                   |
[2022-02-08 08:08:18,019] [builder.py:1943]           [INFO]     | Best of Romance Collection | ? | Before Sunrise (1995) (TMDb: 76)                                  |
[2022-02-08 08:08:18,212] [builder.py:1943]           [INFO]     | Best of Romance Collection | ? | Barry Lyndon (1975) (TMDb: 3175)                                  |
[2022-02-08 08:08:18,407] [builder.py:1943]           [INFO]     | Best of Romance Collection | ? | Limelight (1952) (TMDb: 28971)                                    |
[2022-02-08 08:08:18,595] [builder.py:1943]           [INFO]     | Best of Romance Collection | ? | CODA (2021) (TMDb: 776503)                                        |
[2022-02-08 08:08:18,796] [builder.py:1943]           [INFO]     | Best of Romance Collection | ? | Roman Holiday (1953) (TMDb: 804)                                  |
[2022-02-08 08:08:18,801] [builder.py:1943]           [INFO]     | Best of Romance Collection | ? | La La Land (2016) (TMDb: 313369)                                  |
[2022-02-08 08:08:19,006] [builder.py:1943]           [INFO]     | Best of Romance Collection | ? | Her (2013) (TMDb: 152601)                                         |
[2022-02-08 08:08:19,224] [builder.py:1943]           [INFO]     | Best of Romance Collection | ? | Slumdog Millionaire (2008) (TMDb: 12405)                          |
[2022-02-08 08:08:19,563] [builder.py:1943]           [INFO]     | Best of Romance Collection | ? | 3-Iron (2004) (TMDb: 1280)                                        |
[2022-02-08 08:08:19,778] [builder.py:1943]           [INFO]     | Best of Romance Collection | ? | Cat on a Hot Tin Roof (1958) (TMDb: 261)                          |
[2022-02-08 08:08:19,981] [builder.py:1943]           [INFO]     | Best of Romance Collection | ? | Doctor Zhivago (1965) (TMDb: 907)                                 |
[2022-02-08 08:08:20,183] [builder.py:1943]           [INFO]     | Best of Romance Collection | ? | A Patch of Blue (1965) (TMDb: 33364)                              |
[2022-02-08 08:08:20,186] [builder.py:1943]           [INFO]     | Best of Romance Collection | ? | Cinderella Man (2005) (TMDb: 921)                                 |
[2022-02-08 08:08:20,188] [builder.py:1943]           [INFO]     | Best of Romance Collection | ? | A Raisin in the Sun (1961) (TMDb: 29478)                          |
[2022-02-08 08:08:20,413] [builder.py:1943]           [INFO]     | Best of Romance Collection | ? | In a Lonely Place (1950) (TMDb: 17057)                            |
[2022-02-08 08:08:20,960] [builder.py:1943]           [INFO]     | Best of Romance Collection | ? | The Graduate (1967) (TMDb: 37247)                                 |
[2022-02-08 08:08:21,217] [builder.py:1943]           [INFO]     | Best of Romance Collection | ? | The Sound of Music (1965) (TMDb: 15121)                           |
[2022-02-08 08:08:21,405] [builder.py:1943]           [INFO]     | Best of Romance Collection | ? | Before the Rain (1994) (TMDb: 19155)                              |
[2022-02-08 08:08:21,614] [builder.py:1943]           [INFO]     | Best of Romance Collection | ? | Fiddler on the Roof (1971) (TMDb: 14811)                          |
[2022-02-08 08:08:21,800] [builder.py:1943]           [INFO]     | Best of Romance Collection | ? | The Last Picture Show (1971) (TMDb: 25188)                        |
[2022-02-08 08:08:21,980] [builder.py:1943]           [INFO]     | Best of Romance Collection | ? | Licorice Pizza (2021) (TMDb: 718032)                              |
[2022-02-08 08:08:22,182] [builder.py:1943]           [INFO]     | Best of Romance Collection | ? | The Perks of Being a Wallflower (2012) (TMDb: 84892)              |
[2022-02-08 08:08:22,355] [builder.py:1943]           [INFO]     | Best of Romance Collection | ? | True Romance (1993) (TMDb: 319)                                   |
[2022-02-08 08:08:22,540] [builder.py:1943]           [INFO]     | Best of Romance Collection | ? | East of Eden (1955) (TMDb: 220)                                   |
[2022-02-08 08:08:22,717] [builder.py:1943]           [INFO]     | Best of Romance Collection | ? | Before Midnight (2013) (TMDb: 132344)                             |
[2022-02-08 08:08:22,943] [builder.py:1943]           [INFO]     | Best of Romance Collection | ? | The Big Country (1958) (TMDb: 12501)                              |
[2022-02-08 08:08:23,234] [builder.py:1943]           [INFO]     | Best of Romance Collection | ? | Carlito's Way (1993) (TMDb: 6075)                                 |
[2022-02-08 08:08:23,437] [builder.py:1943]           [INFO]     | Best of Romance Collection | ? | Charade (1963) (TMDb: 4808)                                       |
[2022-02-08 08:08:23,440] [builder.py:1943]           [INFO]     | Best of Romance Collection | ? | Edward Scissorhands (1990) (TMDb: 162)                            |
[2022-02-08 08:08:23,635] [builder.py:1943]           [INFO]     | Best of Romance Collection | ? | Marriage Story (2019) (TMDb: 492188)                              |
[2022-02-08 08:08:23,830] [builder.py:1943]           [INFO]     | Best of Romance Collection | ? | Sing Street (2016) (TMDb: 369557)                                 |
[2022-02-08 08:08:24,012] [builder.py:1943]           [INFO]     | Best of Romance Collection | ? | Call Me by Your Name (2017) (TMDb: 398818)                        |
[2022-02-08 08:08:24,176] [builder.py:1943]           [INFO]     | Best of Romance Collection | ? | Manhattan (1979) (TMDb: 696)                                      |
[2022-02-08 08:08:24,399] [builder.py:1943]           [INFO]     | Best of Romance Collection | ? | Days of Wine and Roses (1962) (TMDb: 32488)                       |
[2022-02-08 08:08:24,625] [builder.py:1943]           [INFO]     | Best of Romance Collection | ? | Auntie Mame (1958) (TMDb: 16347)                                  |
[2022-02-08 08:08:24,818] [builder.py:1943]           [INFO]     | Best of Romance Collection | ? | Oasis (2002) (TMDb: 26955)                                        |
[2022-02-08 08:08:24,821] [builder.py:1943]           [INFO]     | Best of Romance Collection | ? | The Wrestler (2008) (TMDb: 12163)                                 |
[2022-02-08 08:08:24,822] [builder.py:1943]           [INFO]     | Best of Romance Collection | ? | Once (2007) (TMDb: 5723)                                          |
[2022-02-08 08:08:24,830] [builder.py:1943]           [INFO]     | Best of Romance Collection | ? | The Curious Case of Benjamin Button (2008) (TMDb: 4922)           |
[2022-02-08 08:08:24,832] [builder.py:1943]           [INFO]     | Best of Romance Collection | ? | About Time (2013) (TMDb: 122906)                                  |
[2022-02-08 08:08:25,193] [builder.py:1943]           [INFO]     | Best of Romance Collection | ? | Cast Away (2000) (TMDb: 8358)                                     |
[2022-02-08 08:08:25,196] [builder.py:1943]           [INFO]     | Best of Romance Collection | ? | Imitation of Life (1959) (TMDb: 34148)                            |
[2022-02-08 08:08:25,381] [builder.py:1943]           [INFO]     | Best of Romance Collection | ? | Gattaca (1997) (TMDb: 782)                                        |
[2022-02-08 08:08:25,384] [builder.py:1943]           [INFO]     | Best of Romance Collection | ? | Walk the Line (2005) (TMDb: 69)                                   |
[2022-02-08 08:08:25,581] [builder.py:1943]           [INFO]     | Best of Romance Collection | ? | Atonement (2007) (TMDb: 4347)                                     |
[2022-02-08 08:08:25,756] [builder.py:1943]           [INFO]     | Best of Romance Collection | ? | Cabaret (1972) (TMDb: 10784)                                      |
[2022-02-08 08:08:25,955] [builder.py:1943]           [INFO]     | Best of Romance Collection | ? | Pride & Prejudice (2005) (TMDb: 4348)                             |
[2022-02-08 08:08:26,130] [builder.py:1943]           [INFO]     | Best of Romance Collection | ? | West Side Story (2021) (TMDb: 511809)                             |
[2022-02-08 08:08:26,350] [builder.py:1943]           [INFO]     | Best of Romance Collection | ? | Soldier's Girl (2003) (TMDb: 32526)                               |
[2022-02-08 08:08:26,526] [builder.py:1943]           [INFO]     | Best of Romance Collection | ? | Little Women (2019) (TMDb: 331482)                                |
[2022-02-08 08:08:26,726] [builder.py:1943]           [INFO]     | Best of Romance Collection | ? | The Bad and the Beautiful (1952) (TMDb: 32499)                    |
[2022-02-08 08:08:26,905] [builder.py:1943]           [INFO]     | Best of Romance Collection | ? | A Place in the Sun (1951) (TMDb: 25673)                           |
[2022-02-08 08:08:27,126] [builder.py:1943]           [INFO]     | Best of Romance Collection | ? | Splendor in the Grass (1961) (TMDb: 28569)                        |
[2022-02-08 08:08:27,305] [builder.py:1943]           [INFO]     | Best of Romance Collection | ? | The Children's Hour (1961) (TMDb: 20139)                          |
[2022-02-08 08:08:27,508] [builder.py:1943]           [INFO]     | Best of Romance Collection | ? | The Quiet Man (1952) (TMDb: 3109)                                 |
[2022-02-08 08:08:27,696] [builder.py:1943]           [INFO]     | Best of Romance Collection | ? | My Fair Lady (1964) (TMDb: 11113)                                 |
[2022-02-08 08:08:27,895] [builder.py:1943]           [INFO]     | Best of Romance Collection | ? | The Remains of the Day (1993) (TMDb: 1245)                        |
[2022-02-08 08:08:28,082] [builder.py:1943]           [INFO]     | Best of Romance Collection | ? | Days of Heaven (1978) (TMDb: 16642)                               |
[2022-02-08 08:08:28,260] [builder.py:1943]           [INFO]     | Best of Romance Collection | ? | Eat Drink Man Woman (1994) (TMDb: 10451)                          |
[2022-02-08 08:08:28,444] [builder.py:1943]           [INFO]     | Best of Romance Collection | ? | The Theory of Everything (2014) (TMDb: 266856)                    |
[2022-02-08 08:08:28,709] [builder.py:1943]           [INFO]     | Best of Romance Collection | ? | The Fault in Our Stars (2014) (TMDb: 222935)                      |
[2022-02-08 08:08:28,979] [builder.py:1943]           [INFO]     | Best of Romance Collection | ? | Lost in Translation (2003) (TMDb: 153)                            |
[2022-02-08 08:08:29,212] [builder.py:1943]           [INFO]     | Best of Romance Collection | ? | What's Eating Gilbert Grape (1993) (TMDb: 1587)                   |
[2022-02-08 08:08:29,403] [builder.py:1943]           [INFO]     | Best of Romance Collection | ? | Water (2005) (TMDb: 7509)                                         |
[2022-02-08 08:08:29,587] [builder.py:1943]           [INFO]     | Best of Romance Collection | ? | Brokeback Mountain (2005) (TMDb: 142)                             |
[2022-02-08 08:08:29,798] [builder.py:1943]           [INFO]     | Best of Romance Collection | ? | The Last of the Mohicans (1992) (TMDb: 9361)                      |
[2022-02-08 08:08:29,979] [builder.py:1943]           [INFO]     | Best of Romance Collection | ? | God's Own Country (2017) (TMDb: 428493)                           |
[2022-02-08 08:08:30,172] [builder.py:1943]           [INFO]     | Best of Romance Collection | ? | Sense and Sensibility (1995) (TMDb: 4584)                         |
[2022-02-08 08:08:30,374] [builder.py:1943]           [INFO]     | Best of Romance Collection | ? | Hobson's Choice (1954) (TMDb: 16410)                              |
[2022-02-08 08:08:30,580] [builder.py:1943]           [INFO]     | Best of Romance Collection | ? | The Music Man (1962) (TMDb: 13671)                                |
[2022-02-08 08:08:30,845] [builder.py:1943]           [INFO]     | Best of Romance Collection | ? | Marty (1955) (TMDb: 15919)                                        |
[2022-02-08 08:08:31,046] [builder.py:1943]           [INFO]     | Best of Romance Collection | ? | Earth (1998) (TMDb: 7504)                                         |
[2022-02-08 08:08:31,231] [builder.py:1943]           [INFO]     | Best of Romance Collection | ? | Torch Song Trilogy (1988) (TMDb: 8463)                            |
[2022-02-08 08:08:31,417] [builder.py:1943]           [INFO]     | Best of Romance Collection | ? | Shelter (2007) (TMDb: 17483)                                      |
[2022-02-08 08:08:31,932] [builder.py:1943]           [INFO]     | Best of Romance Collection | ? | The Purple Rose of Cairo (1985) (TMDb: 10849)                     |
[2022-02-08 08:08:32,126] [builder.py:1943]           [INFO]     | Best of Romance Collection | ? | Dear Frankie (2004) (TMDb: 8981)                                  |
[2022-02-08 08:08:32,318] [builder.py:1943]           [INFO]     | Best of Romance Collection | ? | Maurice (1987) (TMDb: 26371)                                      |
[2022-02-08 08:08:32,681] [builder.py:1943]           [INFO]     | Best of Romance Collection | ? | What's Up, Doc? (1972) (TMDb: 6949)                               |
[2022-02-08 08:08:32,875] [builder.py:1943]           [INFO]     | Best of Romance Collection | ? | Laurence Anyways (2012) (TMDb: 110160)                            |
[2022-02-08 08:08:32,879] [builder.py:1943]           [INFO]     | Best of Romance Collection | ? | A Star Is Born (2018) (TMDb: 332562)                              |
[2022-02-08 08:08:33,153] [builder.py:1943]           [INFO]     | Best of Romance Collection | ? | Les Misérables (2012) (TMDb: 82695)                               |
[2022-02-08 08:08:33,395] [builder.py:1943]           [INFO]     | Best of Romance Collection | ? | The Big Blue (1988) (TMDb: 175)                                   |
[2022-02-08 08:08:33,583] [builder.py:1943]           [INFO]     | Best of Romance Collection | ? | Beautiful Thing (1996) (TMDb: 10938)                              |
[2022-02-08 08:08:33,769] [builder.py:1943]           [INFO]     | Best of Romance Collection | ? | A Star Is Born (1954) (TMDb: 3111)                                |
[2022-02-08 08:08:33,958] [builder.py:1943]           [INFO]     | Best of Romance Collection | ? | Moulin Rouge! (2001) (TMDb: 824)                                  |
[2022-02-08 08:08:33,960] [builder.py:1943]           [INFO]     | Best of Romance Collection | ? | The Illusionist (2006) (TMDb: 1491)                               |
[2022-02-08 08:08:33,963] [builder.py:1943]           [INFO]     | Best of Romance Collection | ? | Stardust (2007) (TMDb: 2270)                                      |
[2022-02-08 08:08:34,185] [builder.py:1943]           [INFO]     | Best of Romance Collection | ? | The Bridges of Madison County (1995) (TMDb: 688)                  |
[2022-02-08 08:08:34,399] [builder.py:1943]           [INFO]     | Best of Romance Collection | ? | 50/50 (2011) (TMDb: 40807)                                        |
[2022-02-08 08:08:34,597] [builder.py:1943]           [INFO]     | Best of Romance Collection | ? | The Shootist (1976) (TMDb: 12584)                                 |
[2022-02-08 08:08:34,784] [builder.py:1943]           [INFO]     | Best of Romance Collection | ? | Match Point (2005) (TMDb: 116)                                    |
[2022-02-08 08:08:34,993] [builder.py:1943]           [INFO]     | Best of Romance Collection | ? | The Reader (2008) (TMDb: 8055)                                    |
[2022-02-08 08:08:35,198] [builder.py:1943]           [INFO]     | Best of Romance Collection | ? | The Time Machine (1960) (TMDb: 2134)                              |
[2022-02-08 08:08:35,417] [builder.py:1943]           [INFO]     | Best of Romance Collection | ? | Breakfast at Tiffany's (1961) (TMDb: 164)                         |
[2022-02-08 08:08:35,589] [builder.py:1943]           [INFO]     | Best of Romance Collection | ? | Maudie (2016) (TMDb: 359784)                                      |
[2022-02-08 08:08:35,862] [builder.py:1943]           [INFO]     | Best of Romance Collection | ? | Love, Simon (2018) (TMDb: 449176)                                 |
[2022-02-08 08:08:35,864] [builder.py:1943]           [INFO]     | Best of Romance Collection | ? | Waves (2019) (TMDb: 533444)                                       |
[2022-02-08 08:08:36,111] [builder.py:1943]           [INFO]     | Best of Romance Collection | ? | Wild River (1960) (TMDb: 82311)                                   |
[2022-02-08 08:08:36,336] [builder.py:1943]           [INFO]     | Best of Romance Collection | ? | The Night of the Iguana (1964) (TMDb: 14703)                      |
[2022-02-08 08:08:36,512] [builder.py:1943]           [INFO]     | Best of Romance Collection | ? | The Prime of Miss Jean Brodie (1969) (TMDb: 5179)                 |
[2022-02-08 08:08:36,729] [builder.py:1943]           [INFO]     | Best of Romance Collection | ? | Saturday Night and Sunday Morning (1960) (TMDb: 37230)            |
[2022-02-08 08:08:36,915] [builder.py:1943]           [INFO]     | Best of Romance Collection | ? | Born Yesterday (1950) (TMDb: 24481)                               |
[2022-02-08 08:08:37,101] [builder.py:1943]           [INFO]     | Best of Romance Collection | ? | The Sand Pebbles (1966) (TMDb: 5923)                              |
[2022-02-08 08:08:37,319] [builder.py:1943]           [INFO]     | Best of Romance Collection | ? | All That Heaven Allows (1955) (TMDb: 43316)                       |
[2022-02-08 08:08:37,552] [builder.py:1943]           [INFO]     | Best of Romance Collection | ? | Johnny Guitar (1954) (TMDb: 26596)                                |
[2022-02-08 08:08:37,750] [builder.py:1943]           [INFO]     | Best of Romance Collection | ? | From Here to Eternity (1953) (TMDb: 11426)                        |
[2022-02-08 08:08:37,930] [builder.py:1943]           [INFO]     | Best of Romance Collection | ? | How to Steal a Million (1966) (TMDb: 3001)                        |
[2022-02-08 08:08:38,121] [builder.py:1943]           [INFO]     | Best of Romance Collection | ? | El Dorado (1966) (TMDb: 6644)                                     |
[2022-02-08 08:08:38,296] [builder.py:1943]           [INFO]     | Best of Romance Collection | ? | Sabrina (1954) (TMDb: 6620)                                       |
[2022-02-08 08:08:38,490] [builder.py:1943]           [INFO]     | Best of Romance Collection | ? | White Christmas (1954) (TMDb: 13368)                              |
[2022-02-08 08:08:38,685] [builder.py:1943]           [INFO]     | Best of Romance Collection | ? | Longtime Companion (1989) (TMDb: 39934)                           |
[2022-02-08 08:08:38,902] [builder.py:1943]           [INFO]     | Best of Romance Collection | ? | Dangerous Liaisons (1988) (TMDb: 859)                             |
[2022-02-08 08:08:39,095] [builder.py:1943]           [INFO]     | Best of Romance Collection | ? | Weekend (2011) (TMDb: 79120)                                      |
[2022-02-08 08:08:39,268] [builder.py:1943]           [INFO]     | Best of Romance Collection | ? | The Wedding Banquet (1993) (TMDb: 9261)                           |
[2022-02-08 08:08:39,450] [builder.py:1943]           [INFO]     | Best of Romance Collection | ? | Running on Empty (1988) (TMDb: 18197)                             |
[2022-02-08 08:08:39,635] [builder.py:1943]           [INFO]     | Best of Romance Collection | ? | Play It Again, Sam (1972) (TMDb: 11610)                           |
[2022-02-08 08:08:39,825] [builder.py:1943]           [INFO]     | Best of Romance Collection | ? | Hair (1979) (TMDb: 10654)                                         |
[2022-02-08 08:08:40,044] [builder.py:1943]           [INFO]     | Best of Romance Collection | ? | Sophie's Choice (1982) (TMDb: 15764)                              |
[2022-02-08 08:08:40,406] [builder.py:1943]           [INFO]     | Best of Romance Collection | ? | Tyrannosaur (2011) (TMDb: 76543)                                  |
[2022-02-08 08:08:40,599] [builder.py:1943]           [INFO]     | Best of Romance Collection | ? | Away from Her (2007) (TMDb: 1919)                                 |
[2022-02-08 08:08:40,817] [builder.py:1943]           [INFO]     | Best of Romance Collection | ? | Clouds (2020) (TMDb: 630566)                                      |
[2022-02-08 08:08:40,821] [builder.py:1943]           [INFO]     | Best of Romance Collection | ? | Scott Pilgrim vs. the World (2010) (TMDb: 22538)                  |
[2022-02-08 08:08:41,006] [builder.py:1943]           [INFO]     | Best of Romance Collection | ? | The Big Sick (2017) (TMDb: 416477)                                |
[2022-02-08 08:08:41,009] [builder.py:1943]           [INFO]     | Best of Romance Collection | ? | High Fidelity (2000) (TMDb: 243)                                  |
[2022-02-08 08:08:41,220] [builder.py:1943]           [INFO]     | Best of Romance Collection | ? | Get Real (1998) (TMDb: 24584)                                     |
[2022-02-08 08:08:41,421] [builder.py:1943]           [INFO]     | Best of Romance Collection | ? | Little Children (2006) (TMDb: 1440)                               |
[2022-02-08 08:08:41,678] [builder.py:1943]           [INFO]     | Best of Romance Collection | ? | Brooklyn (2015) (TMDb: 167073)                                    |
[2022-02-08 08:08:41,680] [builder.py:1943]           [INFO]     | Best of Romance Collection | ? | Stranger Than Fiction (2006) (TMDb: 1262)                         |
[2022-02-08 08:08:41,882] [builder.py:1943]           [INFO]     | Best of Romance Collection | ? | Buffalo '66 (1998) (TMDb: 9464)                                   |
[2022-02-08 08:08:42,088] [builder.py:1943]           [INFO]     | Best of Romance Collection | ? | The Hours (2002) (TMDb: 590)                                      |
[2022-02-08 08:08:42,277] [builder.py:1943]           [INFO]     | Best of Romance Collection | ? | Sideways (2004) (TMDb: 9675)                                      |
[2022-02-08 08:08:42,462] [builder.py:1943]           [INFO]     | Best of Romance Collection | ? | Phantom Thread (2017) (TMDb: 400617)                              |
[2022-02-08 08:08:42,672] [builder.py:1943]           [INFO]     | Best of Romance Collection | ? | A Single Man (2009) (TMDb: 34653)                                 |
[2022-02-08 08:08:42,882] [builder.py:1943]           [INFO]     | Best of Romance Collection | ? | Frances Ha (2013) (TMDb: 121986)                                  |
[2022-02-08 08:08:43,108] [builder.py:1943]           [INFO]     | Best of Romance Collection | ? | Room at the Top (1959) (TMDb: 43103)                              |
[2022-02-08 08:08:43,357] [builder.py:1943]           [INFO]     | Best of Romance Collection | ? | The Importance of Being Earnest (1952) (TMDb: 20324)              |
[2022-02-08 08:08:43,558] [builder.py:1943]           [INFO]     | Best of Romance Collection | ? | The Band Wagon (1953) (TMDb: 29376)                               |
[2022-02-08 08:08:43,737] [builder.py:1943]           [INFO]     | Best of Romance Collection | ? | Two for the Road (1967) (TMDb: 5767)                              |
[2022-02-08 08:08:43,927] [builder.py:1943]           [INFO]     | Best of Romance Collection | ? | An Affair to Remember (1957) (TMDb: 8356)                         |
[2022-02-08 08:08:44,165] [builder.py:1943]           [INFO]     | Best of Romance Collection | ? | Lolita (1962) (TMDb: 802)                                         |
[2022-02-08 08:08:44,425] [builder.py:1943]           [INFO]     | Best of Romance Collection | ? | West Side Story (1961) (TMDb: 1725)                               |
[2022-02-08 08:08:44,628] [builder.py:1943]           [INFO]     | Best of Romance Collection | ? | The Painted Veil (2006) (TMDb: 14202)                             |
[2022-02-08 08:08:44,844] [builder.py:1943]           [INFO]     | Best of Romance Collection | ? | 84 Charing Cross Road (1987) (TMDb: 15677)                        |
[2022-02-08 08:08:44,846] [builder.py:1943]           [INFO]     | Best of Romance Collection | ? | The Great Debaters (2007) (TMDb: 14047)                           |
[2022-02-08 08:08:45,038] [builder.py:1943]           [INFO]     | Best of Romance Collection | ? | Husbands and Wives (1992) (TMDb: 28384)                           |
[2022-02-08 08:08:45,222] [builder.py:1943]           [INFO]     | Best of Romance Collection | ? | Little Manhattan (2005) (TMDb: 16553)                             |
[2022-02-08 08:08:45,496] [builder.py:1943]           [INFO]     | Best of Romance Collection | ? | Looking: The Movie (2016) (TMDb: 371738)                          |
[2022-02-08 08:08:45,765] [builder.py:1943]           [INFO]     | Best of Romance Collection | ? | Trust (1990) (TMDb: 37291)                                        |
[2022-02-08 08:08:46,098] [builder.py:1943]           [INFO]     | Best of Romance Collection | ? | Monsoon Wedding (2001) (TMDb: 480)                                |
[2022-02-08 08:08:46,295] [builder.py:1943]           [INFO]     | Best of Romance Collection | ? | The Cider House Rules (1999) (TMDb: 1715)                         |
[2022-02-08 08:08:46,492] [builder.py:1943]           [INFO]     | Best of Romance Collection | ? | Body Heat (1981) (TMDb: 14412)                                    |
[2022-02-08 08:08:46,740] [builder.py:1943]           [INFO]     | Best of Romance Collection | ? | Notes on a Scandal (2006) (TMDb: 1259)                            |
[2022-02-08 08:08:46,744] [builder.py:1943]           [INFO]     | Best of Romance Collection | ? | Palm Springs (2020) (TMDb: 587792)                                |
[2022-02-08 08:08:46,939] [builder.py:1943]           [INFO]     | Best of Romance Collection | ? | A Hidden Life (2019) (TMDb: 403300)                               |
[2022-02-08 08:08:47,142] [builder.py:1943]           [INFO]     | Best of Romance Collection | ? | Downton Abbey (2019) (TMDb: 535544)                               |
[2022-02-08 08:08:47,403] [builder.py:1943]           [INFO]     | Best of Romance Collection | ? | The Guernsey Literary & Potato Peel Pie Society (2018) (TMDb: 451480) |
[2022-02-08 08:08:47,599] [builder.py:1943]           [INFO]     | Best of Romance Collection | ? | Never on Sunday (1960) (TMDb: 43039)                              |
[2022-02-08 08:08:47,846] [builder.py:1943]           [INFO]     | Best of Romance Collection | ? | Friendly Persuasion (1956) (TMDb: 43258)                          |
[2022-02-08 08:08:48,078] [builder.py:1943]           [INFO]     | Best of Romance Collection | ? | People Will Talk (1951) (TMDb: 23152)                             |
[2022-02-08 08:08:48,292] [builder.py:1943]           [INFO]     | Best of Romance Collection | ? | The Americanization of Emily (1964) (TMDb: 42791)                 |
[2022-02-08 08:08:48,504] [builder.py:1943]           [INFO]     | Best of Romance Collection | ? | Separate Tables (1958) (TMDb: 43136)                              |
[2022-02-08 08:08:48,726] [builder.py:1943]           [INFO]     | Best of Romance Collection | ? | The Man with the Golden Arm (1955) (TMDb: 541)                    |
[2022-02-08 08:08:48,932] [builder.py:1943]           [INFO]     | Best of Romance Collection | ? | The Long, Hot Summer (1958) (TMDb: 40085)                         |
[2022-02-08 08:08:49,115] [builder.py:1943]           [INFO]     | Best of Romance Collection | ? | Father Goose (1964) (TMDb: 30295)                                 |
[2022-02-08 08:08:49,343] [builder.py:1943]           [INFO]     | Best of Romance Collection | ? | The King and I (1956) (TMDb: 16520)                               |
[2022-02-08 08:08:49,535] [builder.py:1943]           [INFO]     | Best of Romance Collection | ? | Funny Girl (1968) (TMDb: 16085)                                   |
[2022-02-08 08:08:49,711] [builder.py:1943]           [INFO]     | Best of Romance Collection | ? | Harry and Tonto (1974) (TMDb: 42448)                              |
[2022-02-08 08:08:49,933] [builder.py:1943]           [INFO]     | Best of Romance Collection | ? | Tender Mercies (1983) (TMDb: 42121)                               |
[2022-02-08 08:08:50,189] [builder.py:1943]           [INFO]     | Best of Romance Collection | ? | Dogfight (1991) (TMDb: 14667)                                     |
[2022-02-08 08:08:50,498] [builder.py:1943]           [INFO]     | Best of Romance Collection | ? | A New Leaf (1971) (TMDb: 36850)                                   |
[2022-02-08 08:08:50,703] [builder.py:1943]           [INFO]     | Best of Romance Collection | ? | The Goodbye Girl (1977) (TMDb: 14741)                             |
[2022-02-08 08:08:50,906] [builder.py:1943]           [INFO]     | Best of Romance Collection | ? | Café de Flore (2011) (TMDb: 85033)                                |
[2022-02-08 08:08:51,160] [builder.py:1943]           [INFO]     | Best of Romance Collection | ? | The Man in the Moon (1991) (TMDb: 17474)                          |
[2022-02-08 08:08:51,345] [builder.py:1943]           [INFO]     | Best of Romance Collection | ? | Saving Face (2004) (TMDb: 19316)                                  |
[2022-02-08 08:08:51,539] [builder.py:1943]           [INFO]     | Best of Romance Collection | ? | Lone Star (1996) (TMDb: 26748)                                    |
[2022-02-08 08:08:51,737] [builder.py:1943]           [INFO]     | Best of Romance Collection | ? | The Beauty Inside (2015) (TMDb: 338729)                           |
[2022-02-08 08:08:51,922] [builder.py:1943]           [INFO]     | Best of Romance Collection | ? | Howards End (1992) (TMDb: 8293)                                   |
[2022-02-08 08:08:51,925] [builder.py:1943]           [INFO]     | Best of Romance Collection | ? | Far from Heaven (2002) (TMDb: 10712)                              |
[2022-02-08 08:08:52,144] [builder.py:1943]           [INFO]     | Best of Romance Collection | ? | Crazy, Stupid, Love. (2011) (TMDb: 50646)                         |
[2022-02-08 08:08:52,325] [builder.py:1943]           [INFO]     | Best of Romance Collection | ? | Witness (1985) (TMDb: 9281)                                       |
[2022-02-08 08:08:52,328] [builder.py:1943]           [INFO]     | Best of Romance Collection | ? | Begin Again (2013) (TMDb: 198277)                                 |
[2022-02-08 08:08:52,519] [builder.py:1943]           [INFO]     | Best of Romance Collection | ? | Up in the Air (2009) (TMDb: 22947)                                |
[2022-02-08 08:08:52,522] [builder.py:1943]           [INFO]     | Best of Romance Collection | ? | Bram Stoker's Dracula (1992) (TMDb: 6114)                         |
[2022-02-08 08:08:52,757] [builder.py:1943]           [INFO]     | Best of Romance Collection | ? | Holding the Man (2015) (TMDb: 337960)                             |
[2022-02-08 08:08:52,985] [builder.py:1943]           [INFO]     | Best of Romance Collection | ? | Garden State (2004) (TMDb: 401)                                   |
[2022-02-08 08:08:53,176] [builder.py:1943]           [INFO]     | Best of Romance Collection | ? | Tootsie (1982) (TMDb: 9576)                                       |
[2022-02-08 08:08:53,431] [builder.py:1943]           [INFO]     | Best of Romance Collection | ? | Open Range (2003) (TMDb: 2055)                                    |
[2022-02-08 08:08:53,707] [builder.py:1943]           [INFO]     | Best of Romance Collection | ? | The Constant Gardener (2005) (TMDb: 1985)                         |
[2022-02-08 08:08:53,964] [builder.py:1943]           [INFO]     | Best of Romance Collection | ? | Les Misérables (1998) (TMDb: 4415)                                |
[2022-02-08 08:08:54,147] [builder.py:1943]           [INFO]     | Best of Romance Collection | ? | Paterson (2016) (TMDb: 370755)                                    |
[2022-02-08 08:08:54,336] [builder.py:1943]           [INFO]     | Best of Romance Collection | ? | The English Patient (1996) (TMDb: 409)                            |
[2022-02-08 08:08:54,610] [builder.py:1943]           [INFO]     | Best of Romance Collection | ? | The Wanderers (1979) (TMDb: 233)                                  |
[2022-02-08 08:08:55,017] [builder.py:1943]           [INFO]     | Best of Romance Collection | ? | Pillow Talk (1959) (TMDb: 4952)                                   |
[2022-02-08 08:08:55,198] [builder.py:1943]           [INFO]     | Best of Romance Collection | ? | Written on the Wind (1956) (TMDb: 69605)                          |
[2022-02-08 08:08:55,414] [builder.py:1943]           [INFO]     | Best of Romance Collection | ? | Frida (2002) (TMDb: 1360)                                         |
[2022-02-08 08:08:55,650] [builder.py:1943]           [INFO]     | Best of Romance Collection | ? | Snow Cake (2006) (TMDb: 313)                                      |
[2022-02-08 08:08:55,843] [builder.py:1943]           [INFO]     | Best of Romance Collection | ? | Irma la Douce (1963) (TMDb: 2690)                                 |
[2022-02-08 08:08:56,031] [builder.py:1943]           [INFO]     | Best of Romance Collection | ? | Mona Lisa (1986) (TMDb: 10002)                                    |
[2022-02-08 08:08:56,229] [builder.py:1943]           [INFO]     | Best of Romance Collection | ? | Big Night (1996) (TMDb: 18203)                                    |
[2022-02-08 08:08:56,231] [builder.py:1943]           [INFO]     | Best of Romance Collection | ? | Antwone Fisher (2002) (TMDb: 13435)                               |
[2022-02-08 08:08:56,408] [builder.py:1943]           [INFO]     | Best of Romance Collection | ? | The Front Page (1974) (TMDb: 987)                                 |
[2022-02-08 08:08:56,626] [builder.py:1943]           [INFO]     | Best of Romance Collection | ? | The Unbearable Lightness of Being (1988) (TMDb: 10644)            |
[2022-02-08 08:08:56,837] [builder.py:1943]           [INFO]     | Best of Romance Collection | ? | Reds (1981) (TMDb: 18254)                                         |
[2022-02-08 08:08:57,021] [builder.py:1943]           [INFO]     | Best of Romance Collection | ? | Alice Doesn't Live Here Anymore (1974) (TMDb: 16153)              |
[2022-02-08 08:08:57,237] [builder.py:1943]           [INFO]     | Best of Romance Collection | ? | Operation Petticoat (1959) (TMDb: 9660)                           |
[2022-02-08 08:08:57,508] [builder.py:1943]           [INFO]     | Best of Romance Collection | ? | Stardust Memories (1980) (TMDb: 11337)                            |
[2022-02-08 08:08:57,737] [builder.py:1943]           [INFO]     | Best of Romance Collection | ? | The Man from Snowy River (1982) (TMDb: 24266)                     |
[2022-02-08 08:08:57,926] [builder.py:1943]           [INFO]     | Best of Romance Collection | ? | Wristcutters: A Love Story (2006) (TMDb: 13198)                   |
[2022-02-08 08:08:58,143] [builder.py:1943]           [INFO]     | Best of Romance Collection | ? | Dinner Rush (2000) (TMDb: 22617)                                  |
[2022-02-08 08:08:58,409] [builder.py:1943]           [INFO]     | Best of Romance Collection | ? | Shadows (1958) (TMDb: 15484)                                      |
[2022-02-08 08:08:58,647] [builder.py:1943]           [INFO]     | Best of Romance Collection | ? | The Winslow Boy (1999) (TMDb: 28519)                              |
[2022-02-08 08:08:58,851] [builder.py:1943]           [INFO]     | Best of Romance Collection | ? | Frances (1982) (TMDb: 3526)                                       |
[2022-02-08 08:08:59,070] [builder.py:1943]           [INFO]     | Best of Romance Collection | ? | The Young Victoria (2009) (TMDb: 18320)                           |
[2022-02-08 08:08:59,256] [builder.py:1943]           [INFO]     | Best of Romance Collection | ? | Belle (2013) (TMDb: 205601)                                       |
[2022-02-08 08:08:59,476] [builder.py:1943]           [INFO]     | Best of Romance Collection | ? | The Ghost & Mr. Chicken (1966) (TMDb: 13343)                      |
[2022-02-08 08:08:59,639] [builder.py:1943]           [INFO]     | Best of Romance Collection | ? | Desk Set (1957) (TMDb: 24203)                                     |
[2022-02-08 08:08:59,876] [builder.py:1943]           [INFO]     | Best of Romance Collection | ? | Ginger and Fred (1986) (TMDb: 42021)                              |
[2022-02-08 08:09:00,050] [builder.py:1943]           [INFO]     | Best of Romance Collection | ? | The Glenn Miller Story (1954) (TMDb: 17729)                       |
[2022-02-08 08:09:00,329] [builder.py:1943]           [INFO]     | Best of Romance Collection | ? | Bend of the River (1952) (TMDb: 38732)                            |
[2022-02-08 08:09:00,529] [builder.py:1943]           [INFO]     | Best of Romance Collection | ? | The Fortune Cookie (1966) (TMDb: 1888)                            |
[2022-02-08 08:09:00,794] [builder.py:1943]           [INFO]     | Best of Romance Collection | ? | Calamity Jane (1953) (TMDb: 14117)                                |
[2022-02-08 08:09:00,795] [builder.py:1947]           [INFO]     |                                                                                                    |
[2022-02-08 08:09:00,795] [builder.py:1948]           [INFO]     | 258 Movies Missing                                                                                 |
[2022-02-08 08:09:00,912] [builder.py:2147]           [INFO]     |                                                                                                    |
[2022-02-08 08:09:00,913] [util.py:216]               [INFO]     |========================== Updating Details of Best of Romance Collection ==========================|
[2022-02-08 08:09:00,913] [builder.py:2149]           [INFO]     |                                                                                                    |
[2022-02-08 08:09:00,914] [builder.py:2156]           [INFO]     | Detail: summary updated Collection Summary                                                         |
[2022-02-08 08:09:00,920] [builder.py:2227]           [INFO]     | Detail: Collection visibility updated                                                              |
[2022-02-08 08:09:00,938] [builder.py:2258]           [DEBUG]    | 1 posters found:                                                                                   |
[2022-02-08 08:09:00,938] [builder.py:2260]           [DEBUG]    | Method: url_poster Poster: ./config/posters/paintings/romance.jpg                                  |
[2022-02-08 08:09:51,087] [util.py:162]               [DEBUG]    | Traceback (most recent call last):                                                                 |
[2022-02-08 08:09:51,088] [util.py:162]               [DEBUG]    |   File "E:\Plex Media Manager\Plex-Meta-Manager\plex_meta_manager.py", line 828, in run_collection |
[2022-02-08 08:09:51,088] [util.py:162]               [DEBUG]    |     builder.update_details()                                                                       |
[2022-02-08 08:09:51,089] [util.py:162]               [DEBUG]    |   File "E:\Plex Media Manager\Plex-Meta-Manager\modules\builder.py", line 2267, in update_details  |
[2022-02-08 08:09:51,089] [util.py:162]               [DEBUG]    |     response = self.config.get(self.posters["url_poster"], headers=util.header())                  |
[2022-02-08 08:09:51,089] [util.py:162]               [DEBUG]    |   File "E:\Plex Media Manager\Plex-Meta-Manager\pmm-venv\lib\site-packages\retrying.py", line 49, in wrapped_f |
[2022-02-08 08:09:51,090] [util.py:162]               [DEBUG]    |     return Retrying(*dargs, **dkw).call(f, *args, **kw)                                            |
[2022-02-08 08:09:51,090] [util.py:162]               [DEBUG]    |   File "E:\Plex Media Manager\Plex-Meta-Manager\pmm-venv\lib\site-packages\retrying.py", line 212, in call |
[2022-02-08 08:09:51,091] [util.py:162]               [DEBUG]    |     raise attempt.get()                                                                            |
[2022-02-08 08:09:51,091] [util.py:162]               [DEBUG]    |   File "E:\Plex Media Manager\Plex-Meta-Manager\pmm-venv\lib\site-packages\retrying.py", line 247, in get |
[2022-02-08 08:09:51,091] [util.py:162]               [DEBUG]    |     six.reraise(self.value[0], self.value[1], self.value[2])                                       |
[2022-02-08 08:09:51,092] [util.py:162]               [DEBUG]    |   File "E:\Plex Media Manager\Plex-Meta-Manager\pmm-venv\lib\site-packages\six.py", line 719, in reraise |
[2022-02-08 08:09:51,092] [util.py:162]               [DEBUG]    |     raise value                                                                                    |
[2022-02-08 08:09:51,092] [util.py:162]               [DEBUG]    |   File "E:\Plex Media Manager\Plex-Meta-Manager\pmm-venv\lib\site-packages\retrying.py", line 200, in call |
[2022-02-08 08:09:51,092] [util.py:162]               [DEBUG]    |     attempt = Attempt(fn(*args, **kwargs), attempt_number, False)                                  |
[2022-02-08 08:09:51,093] [util.py:162]               [DEBUG]    |   File "E:\Plex Media Manager\Plex-Meta-Manager\modules\config.py", line 870, in get               |
[2022-02-08 08:09:51,093] [util.py:162]               [DEBUG]    |     return self.session.get(url, json=json, headers=headers, params=params)                        |
[2022-02-08 08:09:51,093] [util.py:162]               [DEBUG]    |   File "E:\Plex Media Manager\Plex-Meta-Manager\pmm-venv\lib\site-packages\requests\sessions.py", line 542, in get |
[2022-02-08 08:09:51,093] [util.py:162]               [DEBUG]    |     return self.request('GET', url, **kwargs)                                                      |
[2022-02-08 08:09:51,094] [util.py:162]               [DEBUG]    |   File "E:\Plex Media Manager\Plex-Meta-Manager\pmm-venv\lib\site-packages\requests\sessions.py", line 515, in request |
[2022-02-08 08:09:51,094] [util.py:162]               [DEBUG]    |     prep = self.prepare_request(req)                                                               |
[2022-02-08 08:09:51,094] [util.py:162]               [DEBUG]    |   File "E:\Plex Media Manager\Plex-Meta-Manager\pmm-venv\lib\site-packages\requests\sessions.py", line 443, in prepare_request |
[2022-02-08 08:09:51,094] [util.py:162]               [DEBUG]    |     p.prepare(                                                                                     |
[2022-02-08 08:09:51,095] [util.py:162]               [DEBUG]    |   File "E:\Plex Media Manager\Plex-Meta-Manager\pmm-venv\lib\site-packages\requests\models.py", line 318, in prepare |
[2022-02-08 08:09:51,095] [util.py:162]               [DEBUG]    |     self.prepare_url(url, params)                                                                  |
[2022-02-08 08:09:51,095] [util.py:162]               [DEBUG]    |   File "E:\Plex Media Manager\Plex-Meta-Manager\pmm-venv\lib\site-packages\requests\models.py", line 392, in prepare_url |
[2022-02-08 08:09:51,095] [util.py:162]               [DEBUG]    |     raise MissingSchema(error)                                                                     |
[2022-02-08 08:09:51,095] [util.py:162]               [DEBUG]    | requests.exceptions.MissingSchema: Invalid URL './config/posters/paintings/romance.jpg': No scheme supplied. Perhaps you meant http://./config/posters/paintings/romance.jpg? |
[2022-02-08 08:09:51,096] [util.py:162]               [DEBUG]    |                                                                                                    |
[2022-02-08 08:09:51,096] [plex_meta_manager.py:877]  [ERROR]    | Unknown Error: Invalid URL './config/posters/paintings/romance.jpg': No scheme supplied. Perhaps you meant http://./config/posters/paintings/romance.jpg? |
[2022-02-08 08:09:51,096] [plex_meta_manager.py:880]  [INFO]     |                                                                                                    |
[2022-02-08 08:09:51,097] [util.py:209]               [INFO]     |====================================================================================================|
[2022-02-08 08:09:51,098] [util.py:216]               [INFO]     |                                Finished Best of Romance Collection                                 |
[2022-02-08 08:09:51,098] [util.py:216]               [INFO]     |                                    Collection Run Time: 0:01:42                                    |
[2022-02-08 08:09:51,099] [util.py:220]               [INFO]     |====================================================================================================|
