[2022-10-28 01:00:34,088] [util.py:209]               [INFO]     |====================================================================================================|
[2022-10-28 01:00:34,088] [util.py:216]               [INFO]     |                       Cloudy with a Chance of Meatballs Collection in Movies                       |
[2022-10-28 01:00:34,089] [util.py:220]               [INFO]     |====================================================================================================|
[2022-10-28 01:00:34,089] [plex_meta_manager.py:750]  [INFO]     |                                                                                                    |
[2022-10-28 01:00:34,090] [util.py:216]               [INFO]     |===================== Validating Cloudy with a Chance of Meatballs Attributes ======================|
[2022-10-28 01:00:34,090] [builder.py:265]            [DEBUG]    |                                                                                                    |
[2022-10-28 01:00:34,090] [builder.py:266]            [DEBUG]    | Validating Method: template                                                                        |
[2022-10-28 01:00:34,090] [meta.py:83]                [DEBUG]    | Value: ordereddict([('name', 'Movie'), ('collection', 177467), ('summary 177467', None), ('poster', 'https://theposterdb.com/api/assets/37354')]) |
[2022-10-28 01:00:34,091] [builder.py:330]            [DEBUG]    |                                                                                                    |
[2022-10-28 01:00:34,091] [builder.py:331]            [DEBUG]    | Validating Method: sync_mode                                                                       |
[2022-10-28 01:00:34,091] [builder.py:335]            [DEBUG]    | Value: sync                                                                                        |
[2022-10-28 01:00:34,091] [builder.py:453]            [DEBUG]    |                                                                                                    |
[2022-10-28 01:00:34,092] [builder.py:454]            [DEBUG]    | Validating Method: collection_order                                                                |
[2022-10-28 01:00:34,092] [builder.py:455]            [DEBUG]    | Value: release                                                                                     |
[2022-10-28 01:00:34,092] [builder.py:472]            [DEBUG]    |                                                                                                    |
[2022-10-28 01:00:34,092] [builder.py:473]            [DEBUG]    | Validating Method: url_poster                                                                      |
[2022-10-28 01:00:34,093] [builder.py:474]            [DEBUG]    | Value: https://theposterdb.com/api/assets/37354                                                    |
[2022-10-28 01:00:34,093] [builder.py:472]            [DEBUG]    |                                                                                                    |
[2022-10-28 01:00:34,093] [builder.py:473]            [DEBUG]    | Validating Method: tmdb_collection                                                                 |
[2022-10-28 01:00:34,093] [builder.py:474]            [DEBUG]    | Value: 177467                                                                                      |
[2022-10-28 01:00:34,191] [builder.py:472]            [DEBUG]    |                                                                                                    |
[2022-10-28 01:00:34,191] [builder.py:473]            [DEBUG]    | Validating Method: sort_title                                                                      |
[2022-10-28 01:00:34,191] [builder.py:474]            [DEBUG]    | Value: 00000f_Cloudy with a Chance of Meatballs                                                    |
[2022-10-28 01:00:34,191] [builder.py:472]            [DEBUG]    |                                                                                                    |
[2022-10-28 01:00:34,192] [builder.py:473]            [DEBUG]    | Validating Method: radarr_add_missing                                                              |
[2022-10-28 01:00:34,192] [builder.py:474]            [DEBUG]    | Value: True                                                                                        |
[2022-10-28 01:00:34,324] [builder.py:619]            [INFO]     |                                                                                                    |
[2022-10-28 01:00:34,324] [builder.py:620]            [INFO]     | Validation Successful                                                                              |
[2022-10-28 01:00:34,325] [plex_meta_manager.py:758]  [INFO]     |                                                                                                    |
[2022-10-28 01:00:34,326] [util.py:216]               [INFO]     |======================= Running Cloudy with a Chance of Meatballs Collection =======================|
[2022-10-28 01:00:34,326] [plex_meta_manager.py:773]  [INFO]     |                                                                                                    |
[2022-10-28 01:00:34,326] [plex_meta_manager.py:774]  [INFO]     | Sync Mode: sync                                                                                    |
[2022-10-28 01:00:34,327] [builder.py:1275]           [DEBUG]    |                                                                                                    |
[2022-10-28 01:00:34,327] [builder.py:1276]           [DEBUG]    | Builder: tmdb_collection: 177467                                                                   |
[2022-10-28 01:00:34,327] [builder.py:1277]           [INFO]     |                                                                                                    |
[2022-10-28 01:00:34,328] [tmdb.py:321]               [INFO]     | Processing TMDb Collection: (177467) Cloudy with a Chance of Meatballs Collection (2 Items)        |
[2022-10-28 01:00:34,328] [builder.py:1282]           [DEBUG]    |                                                                                                    |
[2022-10-28 01:00:34,328] [builder.py:1283]           [DEBUG]    | 2 IDs Found: [(22794, 'tmdb'), (109451, 'tmdb')]                                                   |
[2022-10-28 01:00:34,328] [builder.py:1284]           [DEBUG]    |                                                                                                    |
[2022-10-28 01:00:34,370] [builder.py:1697]           [INFO]     |                                                                                                    |
[2022-10-28 01:00:34,371] [util.py:216]               [INFO]     |====================== Adding to Cloudy with a Chance of Meatballs Collection ======================|
[2022-10-28 01:00:34,371] [builder.py:1699]           [INFO]     |                                                                                                    |
[2022-10-28 01:00:34,371] [builder.py:1709]           [INFO]     | 1/2 | Cloudy with a Chance of Meatballs Collection | = | Cloudy with a Chance of Meatballs (2009)  |
[2022-10-28 01:00:34,372] [builder.py:1709]           [INFO]     | 2/2 | Cloudy with a Chance of Meatballs Collection | = | Cloudy with a Chance of Meatballs 2 (2013) |
[2022-10-28 01:00:34,372] [builder.py:1734]           [INFO]     |                                                                                                    |
[2022-10-28 01:00:34,372] [builder.py:1735]           [INFO]     | 2 Movies Processed                                                                                 |
[2022-10-28 01:00:34,376] [builder.py:2147]           [INFO]     |                                                                                                    |
[2022-10-28 01:00:34,377] [util.py:216]               [INFO]     |================= Updating Details of Cloudy with a Chance of Meatballs Collection =================|
[2022-10-28 01:00:34,377] [builder.py:2149]           [INFO]     |                                                                                                    |
[2022-10-28 01:00:34,378] [builder.py:2258]           [DEBUG]    | 1 posters found:                                                                                   |
[2022-10-28 01:00:34,378] [builder.py:2260]           [DEBUG]    | Method: url_poster Poster: https://theposterdb.com/api/assets/37354                                |
[2022-10-28 01:00:34,378] [builder.py:2327]           [INFO]     | No background collection detail or asset folder found                                              |
[2022-10-28 01:00:34,379] [library.py:147]            [INFO]     | Detail: poster update not needed                                                                   |
[2022-10-28 01:00:34,510] [plex_meta_manager.py:880]  [INFO]     |                                                                                                    |
[2022-10-28 01:00:34,510] [util.py:209]               [INFO]     |====================================================================================================|
[2022-10-28 01:00:34,511] [util.py:216]               [INFO]     |                       Finished Cloudy with a Chance of Meatballs Collection                        |
[2022-10-28 01:00:34,511] [util.py:216]               [INFO]     |                                    Collection Run Time: 0:00:00                                    |
[2022-10-28 01:00:34,511] [util.py:220]               [INFO]     |====================================================================================================|
