[2022-10-25 01:00:13,543] [util.py:209]               [INFO]     |====================================================================================================|
[2022-10-25 01:00:13,544] [util.py:216]               [INFO]     |                                    Bourne Collection in Movies                                     |
[2022-10-25 01:00:13,544] [util.py:220]               [INFO]     |====================================================================================================|
[2022-10-25 01:00:13,544] [plex_meta_manager.py:750]  [INFO]     |                                                                                                    |
[2022-10-25 01:00:13,545] [util.py:216]               [INFO]     |=================================== Validating Bourne Attributes ===================================|
[2022-10-25 01:00:13,545] [builder.py:265]            [DEBUG]    |                                                                                                    |
[2022-10-25 01:00:13,545] [builder.py:266]            [DEBUG]    | Validating Method: template                                                                        |
[2022-10-25 01:00:13,545] [meta.py:83]                [DEBUG]    | Value: ordereddict([('name', 'Movie'), ('collection', 31562), ('summary', 31562), ('poster', 'https://theposterdb.com/api/assets/19519')]) |
[2022-10-25 01:00:13,546] [builder.py:330]            [DEBUG]    |                                                                                                    |
[2022-10-25 01:00:13,546] [builder.py:331]            [DEBUG]    | Validating Method: sync_mode                                                                       |
[2022-10-25 01:00:13,546] [builder.py:335]            [DEBUG]    | Value: sync                                                                                        |
[2022-10-25 01:00:13,546] [builder.py:453]            [DEBUG]    |                                                                                                    |
[2022-10-25 01:00:13,547] [builder.py:454]            [DEBUG]    | Validating Method: collection_order                                                                |
[2022-10-25 01:00:13,547] [builder.py:455]            [DEBUG]    | Value: release                                                                                     |
[2022-10-25 01:00:13,547] [builder.py:472]            [DEBUG]    |                                                                                                    |
[2022-10-25 01:00:13,547] [builder.py:473]            [DEBUG]    | Validating Method: url_poster                                                                      |
[2022-10-25 01:00:13,547] [builder.py:474]            [DEBUG]    | Value: https://theposterdb.com/api/assets/19519                                                    |
[2022-10-25 01:00:13,548] [builder.py:472]            [DEBUG]    |                                                                                                    |
[2022-10-25 01:00:13,548] [builder.py:473]            [DEBUG]    | Validating Method: tmdb_collection                                                                 |
[2022-10-25 01:00:13,548] [builder.py:474]            [DEBUG]    | Value: 31562                                                                                       |
[2022-10-25 01:00:13,697] [builder.py:472]            [DEBUG]    |                                                                                                    |
[2022-10-25 01:00:13,698] [builder.py:473]            [DEBUG]    | Validating Method: tmdb_summary                                                                    |
[2022-10-25 01:00:13,698] [builder.py:474]            [DEBUG]    | Value: 31562                                                                                       |
[2022-10-25 01:00:13,699] [builder.py:472]            [DEBUG]    |                                                                                                    |
[2022-10-25 01:00:13,699] [builder.py:473]            [DEBUG]    | Validating Method: sort_title                                                                      |
[2022-10-25 01:00:13,699] [builder.py:474]            [DEBUG]    | Value: 00000f_Bourne                                                                               |
[2022-10-25 01:00:13,699] [builder.py:472]            [DEBUG]    |                                                                                                    |
[2022-10-25 01:00:13,699] [builder.py:473]            [DEBUG]    | Validating Method: radarr_add_missing                                                              |
[2022-10-25 01:00:13,700] [builder.py:474]            [DEBUG]    | Value: True                                                                                        |
[2022-10-25 01:00:13,866] [builder.py:619]            [INFO]     |                                                                                                    |
[2022-10-25 01:00:13,867] [builder.py:620]            [INFO]     | Validation Successful                                                                              |
[2022-10-25 01:00:13,868] [plex_meta_manager.py:758]  [INFO]     |                                                                                                    |
[2022-10-25 01:00:13,868] [util.py:216]               [INFO]     |==================================== Running Bourne Collection =====================================|
[2022-10-25 01:00:13,868] [plex_meta_manager.py:773]  [INFO]     |                                                                                                    |
[2022-10-25 01:00:13,869] [plex_meta_manager.py:774]  [INFO]     | Sync Mode: sync                                                                                    |
[2022-10-25 01:00:13,869] [builder.py:1275]           [DEBUG]    |                                                                                                    |
[2022-10-25 01:00:13,869] [builder.py:1276]           [DEBUG]    | Builder: tmdb_collection: 31562                                                                    |
[2022-10-25 01:00:13,870] [builder.py:1277]           [INFO]     |                                                                                                    |
[2022-10-25 01:00:13,870] [tmdb.py:321]               [INFO]     | Processing TMDb Collection: (31562) The Bourne Collection (5 Items)                                |
[2022-10-25 01:00:13,870] [builder.py:1282]           [DEBUG]    |                                                                                                    |
[2022-10-25 01:00:13,871] [builder.py:1283]           [DEBUG]    | 5 IDs Found: [(2501, 'tmdb'), (2502, 'tmdb'), (2503, 'tmdb'), (49040, 'tmdb'), (324668, 'tmdb')]   |
[2022-10-25 01:00:13,871] [builder.py:1284]           [DEBUG]    |                                                                                                    |
[2022-10-25 01:00:14,007] [builder.py:1697]           [INFO]     |                                                                                                    |
[2022-10-25 01:00:14,007] [util.py:216]               [INFO]     |=================================== Adding to Bourne Collection ====================================|
[2022-10-25 01:00:14,007] [builder.py:1699]           [INFO]     |                                                                                                    |
[2022-10-25 01:00:14,008] [builder.py:1709]           [INFO]     | 1/5 | Bourne Collection | = | The Bourne Identity (2002)                                           |
[2022-10-25 01:00:14,008] [builder.py:1709]           [INFO]     | 2/5 | Bourne Collection | = | The Bourne Supremacy (2004)                                          |
[2022-10-25 01:00:14,008] [builder.py:1709]           [INFO]     | 3/5 | Bourne Collection | = | The Bourne Ultimatum (2007)                                          |
[2022-10-25 01:00:14,009] [builder.py:1709]           [INFO]     | 4/5 | Bourne Collection | = | The Bourne Legacy (2012)                                             |
[2022-10-25 01:00:14,009] [builder.py:1709]           [INFO]     | 5/5 | Bourne Collection | = | Jason Bourne (2016)                                                  |
[2022-10-25 01:00:14,009] [builder.py:1734]           [INFO]     |                                                                                                    |
[2022-10-25 01:00:14,010] [builder.py:1735]           [INFO]     | 5 Movies Processed                                                                                 |
[2022-10-25 01:00:14,013] [builder.py:2147]           [INFO]     |                                                                                                    |
[2022-10-25 01:00:14,014] [util.py:216]               [INFO]     |============================== Updating Details of Bourne Collection ===============================|
[2022-10-25 01:00:14,014] [builder.py:2149]           [INFO]     |                                                                                                    |
[2022-10-25 01:00:14,014] [builder.py:2156]           [INFO]     | Detail: tmdb_summary updated Collection Summary                                                    |
[2022-10-25 01:00:14,015] [builder.py:2258]           [DEBUG]    | 1 posters found:                                                                                   |
[2022-10-25 01:00:14,015] [builder.py:2260]           [DEBUG]    | Method: url_poster Poster: https://theposterdb.com/api/assets/19519                                |
[2022-10-25 01:00:14,015] [builder.py:2327]           [INFO]     | No background collection detail or asset folder found                                              |
[2022-10-25 01:00:14,016] [library.py:147]            [INFO]     | Detail: poster update not needed                                                                   |
[2022-10-25 01:00:14,182] [plex_meta_manager.py:880]  [INFO]     |                                                                                                    |
[2022-10-25 01:00:14,182] [util.py:209]               [INFO]     |====================================================================================================|
[2022-10-25 01:00:14,183] [util.py:216]               [INFO]     |                                     Finished Bourne Collection                                     |
[2022-10-25 01:00:14,183] [util.py:216]               [INFO]     |                                    Collection Run Time: 0:00:00                                    |
[2022-10-25 01:00:14,184] [util.py:220]               [INFO]     |====================================================================================================|
