[2022-01-16 14:55:34,647] [util.py:209]               [INFO]     |====================================================================================================|
[2022-01-16 14:55:34,648] [util.py:216]               [INFO]     |                                  Owen Wilson Collection in Movies                                  |
[2022-01-16 14:55:34,648] [util.py:220]               [INFO]     |====================================================================================================|
[2022-01-16 14:55:34,649] [plex_meta_manager.py:750]  [INFO]     |                                                                                                    |
[2022-01-16 14:55:34,650] [util.py:216]               [INFO]     |================================ Validating Owen Wilson Attributes =================================|
[2022-01-16 14:55:34,650] [builder.py:265]            [DEBUG]    |                                                                                                    |
[2022-01-16 14:55:34,650] [builder.py:266]            [DEBUG]    | Validating Method: template                                                                        |
[2022-01-16 14:55:34,651] [meta.py:83]                [DEBUG]    | Value: ordereddict([('name', 'people'), ('person', 887)])                                          |
[2022-01-16 14:55:34,651] [builder.py:367]            [DEBUG]    |                                                                                                    |
[2022-01-16 14:55:34,651] [builder.py:368]            [DEBUG]    | Validating Method: tmdb_person                                                                     |
[2022-01-16 14:55:34,652] [builder.py:372]            [DEBUG]    | Value: 887                                                                                         |
[2022-01-16 14:55:34,791] [builder.py:453]            [DEBUG]    |                                                                                                    |
[2022-01-16 14:55:34,792] [builder.py:454]            [DEBUG]    | Validating Method: collection_order                                                                |
[2022-01-16 14:55:34,792] [builder.py:455]            [DEBUG]    | Value: release                                                                                     |
[2022-01-16 14:55:34,792] [builder.py:472]            [DEBUG]    |                                                                                                    |
[2022-01-16 14:55:34,792] [builder.py:473]            [DEBUG]    | Validating Method: actor                                                                           |
[2022-01-16 14:55:34,793] [builder.py:474]            [DEBUG]    | Value: tmdb                                                                                        |
[2022-01-16 14:55:34,832] [builder.py:472]            [DEBUG]    |                                                                                                    |
[2022-01-16 14:55:34,833] [builder.py:473]            [DEBUG]    | Validating Method: sort_title                                                                      |
[2022-01-16 14:55:34,833] [builder.py:474]            [DEBUG]    | Value: ++_Owen Wilson                                                                              |
[2022-01-16 14:55:34,838] [plex.py:685]               [DEBUG]    | Looking for: Owen Wilson                                                                           |
[2022-01-16 14:55:34,838] [builder.py:619]            [INFO]     |                                                                                                    |
[2022-01-16 14:55:34,839] [builder.py:620]            [INFO]     | Validation Successful                                                                              |
[2022-01-16 14:55:34,841] [plex_meta_manager.py:758]  [INFO]     |                                                                                                    |
[2022-01-16 14:55:34,841] [util.py:216]               [INFO]     |================================== Running Owen Wilson Collection ==================================|
[2022-01-16 14:55:34,842] [plex_meta_manager.py:773]  [INFO]     |                                                                                                    |
[2022-01-16 14:55:34,842] [plex_meta_manager.py:774]  [INFO]     | Sync Mode: append                                                                                  |
[2022-01-16 14:55:34,843] [builder.py:1275]           [DEBUG]    |                                                                                                    |
[2022-01-16 14:55:34,843] [builder.py:1276]           [DEBUG]    | Builder: plex_search: (1, 'Plex Movie Search\nSort By: title.asc\nFilter:\n  Match any of the following:\n    Actor is Owen Wilson', '?type=1&sort=titleSort&push=1&actor=23224&pop=1') |
[2022-01-16 14:55:34,843] [builder.py:1277]           [INFO]     |                                                                                                    |
[2022-01-16 14:55:34,844] [util.py:161]               [INFO]     | Plex Movie Search                                                                                  |
[2022-01-16 14:55:34,844] [util.py:161]               [INFO]     | Sort By: title.asc                                                                                 |
[2022-01-16 14:55:34,845] [util.py:161]               [INFO]     | Filter:                                                                                            |
[2022-01-16 14:55:34,845] [util.py:161]               [INFO]     |   Match any of the following:                                                                      |
[2022-01-16 14:55:34,845] [util.py:161]               [INFO]     |     Actor is Owen Wilson                                                                           |
[2022-01-16 14:55:34,870] [plex.py:746]               [DEBUG]    |                                                                                                    |
[2022-01-16 14:55:34,870] [plex.py:747]               [DEBUG]    | 6 Keys Found: [(32212, 'ratingKey'), (32210, 'ratingKey'), (32216, 'ratingKey'), (32211, 'ratingKey'), (32215, 'ratingKey'), (32208, 'ratingKey')] |
[2022-01-16 14:55:34,871] [builder.py:1282]           [DEBUG]    |                                                                                                    |
[2022-01-16 14:55:34,871] [builder.py:1283]           [DEBUG]    | 6 IDs Found: [(32212, 'ratingKey'), (32210, 'ratingKey'), (32216, 'ratingKey'), (32211, 'ratingKey'), (32215, 'ratingKey'), (32208, 'ratingKey')] |
[2022-01-16 14:55:34,871] [builder.py:1284]           [DEBUG]    |                                                                                                    |
[2022-01-16 14:55:35,590] [builder.py:1697]           [INFO]     |                                                                                                    |
[2022-01-16 14:55:35,590] [util.py:216]               [INFO]     |================================= Adding to Owen Wilson Collection =================================|
[2022-01-16 14:55:35,591] [builder.py:1699]           [INFO]     |                                                                                                    |
[2022-01-16 14:55:35,591] [builder.py:1709]           [INFO]     | 1/6 | Owen Wilson Collection | + | The Darjeeling Limited (2007)                                   |
[2022-01-16 14:55:35,986] [builder.py:1709]           [INFO]     | 2/6 | Owen Wilson Collection | + | Fantastic Mr. Fox (2009)                                        |
[2022-01-16 14:55:36,140] [builder.py:1709]           [INFO]     | 3/6 | Owen Wilson Collection | + | The French Dispatch (2021)                                      |
[2022-01-16 14:55:36,304] [builder.py:1709]           [INFO]     | 4/6 | Owen Wilson Collection | + | The Grand Budapest Hotel (2014)                                 |
[2022-01-16 14:55:36,540] [builder.py:1709]           [INFO]     | 5/6 | Owen Wilson Collection | + | The Life Aquatic with Steve Zissou (2004)                       |
[2022-01-16 14:55:36,942] [builder.py:1709]           [INFO]     | 6/6 | Owen Wilson Collection | + | The Royal Tenenbaums (2001)                                     |
[2022-01-16 14:55:37,054] [builder.py:1734]           [INFO]     |                                                                                                    |
[2022-01-16 14:55:37,055] [builder.py:1735]           [INFO]     | 6 Movies Processed                                                                                 |
[2022-01-16 14:55:37,059] [builder.py:2147]           [INFO]     |                                                                                                    |
[2022-01-16 14:55:37,060] [util.py:216]               [INFO]     |============================ Updating Details of Owen Wilson Collection ============================|
[2022-01-16 14:55:37,060] [builder.py:2149]           [INFO]     |                                                                                                    |
[2022-01-16 14:55:37,060] [builder.py:2156]           [INFO]     | Detail: tmdb_person updated Collection Summary                                                     |
[2022-01-16 14:55:37,061] [builder.py:2193]           [INFO]     | Detail: sort_title updated Collection Sort Title to ++_Owen Wilson                                 |
[2022-01-16 14:55:37,061] [builder.py:2235]           [DEBUG]    | {'summary.value': 'Owen Cunningham Wilson (born November 18, 1968) is an American actor and screenwriter from Dallas, Texas. His older brother, Andrew and younger brother, Luke, are also actors. He has had a long association with filmmaker Wes Anderson, having shared co-writing and acting credits for Bottle Rocket (1996) and The Royal Tenenbaums (2001), which was nominated for an Academy Award for Best Original Screenplay, and for his collaborations with fellow actor Ben Stiller. The two have appeared in ten films together.\n\nWilson is best known for his roles in Meet the Parents (2000), Shanghai Noon (2000), Zoolander (2001), Shanghai Knights (2003), Wedding Crashers (2005), Night at the Museum (2006), Cars (2006), Marley & Me (2008), Night at the Museum: Battle of the Smithsonian (2009), Midnight in Paris (2011), Cars 2 (2011) and The Internship (2013).', 'summary.locked': 1, 'titleSort.value': '++_Owen Wilson', 'titleSort.locked': 1} |
[2022-01-16 14:55:37,074] [builder.py:2237]           [INFO]     | Details: have been updated                                                                         |
[2022-01-16 14:55:37,075] [builder.py:2258]           [DEBUG]    | 1 posters found:                                                                                   |
[2022-01-16 14:55:37,075] [builder.py:2260]           [DEBUG]    | Method: tmdb_person Poster: https://image.tmdb.org/t/p/original/op8sGD20k3EQZLR92XtaHoIbW0o.jpg    |
[2022-01-16 14:55:37,076] [builder.py:2327]           [INFO]     | No background collection detail or asset folder found                                              |
[2022-01-16 14:55:37,134] [library.py:145]            [INFO]     | Detail: tmdb_person updated poster to [URL] https://image.tmdb.org/t/p/original/op8sGD20k3EQZLR92XtaHoIbW0o.jpg |
[2022-01-16 14:55:37,282] [plex_meta_manager.py:880]  [INFO]     |                                                                                                    |
[2022-01-16 14:55:37,282] [util.py:209]               [INFO]     |====================================================================================================|
[2022-01-16 14:55:37,283] [util.py:216]               [INFO]     |                                  Finished Owen Wilson Collection                                   |
[2022-01-16 14:55:37,283] [util.py:216]               [INFO]     |                                    Collection Run Time: 0:00:02                                    |
[2022-01-16 14:55:37,284] [util.py:220]               [INFO]     |====================================================================================================|
