[2022-10-25 01:21:50,488] [util.py:209]               [INFO]     |====================================================================================================|
[2022-10-25 01:21:50,488] [util.py:216]               [INFO]     |                               Most Popular Anime Collection in Anime                               |
[2022-10-25 01:21:50,489] [util.py:220]               [INFO]     |====================================================================================================|
[2022-10-25 01:21:50,489] [plex_meta_manager.py:750]  [INFO]     |                                                                                                    |
[2022-10-25 01:21:50,489] [util.py:216]               [INFO]     |============================= Validating Most Popular Anime Attributes =============================|
[2022-10-25 01:21:50,490] [builder.py:330]            [DEBUG]    |                                                                                                    |
[2022-10-25 01:21:50,490] [builder.py:331]            [DEBUG]    | Validating Method: sync_mode                                                                       |
[2022-10-25 01:21:50,490] [builder.py:335]            [DEBUG]    | Value: sync                                                                                        |
[2022-10-25 01:21:50,490] [builder.py:453]            [DEBUG]    |                                                                                                    |
[2022-10-25 01:21:50,491] [builder.py:454]            [DEBUG]    | Validating Method: collection_order                                                                |
[2022-10-25 01:21:50,491] [builder.py:455]            [DEBUG]    | Value: custom                                                                                      |
[2022-10-25 01:21:50,491] [builder.py:472]            [DEBUG]    |                                                                                                    |
[2022-10-25 01:21:50,491] [builder.py:473]            [DEBUG]    | Validating Method: mal_popular                                                                     |
[2022-10-25 01:21:50,491] [builder.py:474]            [DEBUG]    | Value: 50                                                                                          |
[2022-10-25 01:21:50,492] [builder.py:472]            [DEBUG]    |                                                                                                    |
[2022-10-25 01:21:50,492] [builder.py:473]            [DEBUG]    | Validating Method: sort_title                                                                      |
[2022-10-25 01:21:50,492] [builder.py:474]            [DEBUG]    | Value: ++++++++_Most_Popular                                                                       |
[2022-10-25 01:21:50,492] [builder.py:472]            [DEBUG]    |                                                                                                    |
[2022-10-25 01:21:50,492] [builder.py:473]            [DEBUG]    | Validating Method: sonarr_add_existing                                                             |
[2022-10-25 01:21:50,493] [builder.py:474]            [DEBUG]    | Value: True                                                                                        |
[2022-10-25 01:21:50,493] [builder.py:472]            [DEBUG]    |                                                                                                    |
[2022-10-25 01:21:50,493] [builder.py:473]            [DEBUG]    | Validating Method: sonarr_add_missing                                                              |
[2022-10-25 01:21:50,493] [builder.py:474]            [DEBUG]    | Value: True                                                                                        |
[2022-10-25 01:21:50,523] [builder.py:619]            [INFO]     |                                                                                                    |
[2022-10-25 01:21:50,524] [builder.py:620]            [INFO]     | Validation Successful                                                                              |
[2022-10-25 01:21:50,524] [plex_meta_manager.py:758]  [INFO]     |                                                                                                    |
[2022-10-25 01:21:50,525] [util.py:216]               [INFO]     |============================== Running Most Popular Anime Collection ===============================|
[2022-10-25 01:21:50,525] [plex_meta_manager.py:773]  [INFO]     |                                                                                                    |
[2022-10-25 01:21:50,525] [plex_meta_manager.py:774]  [INFO]     | Sync Mode: sync                                                                                    |
[2022-10-25 01:21:50,525] [builder.py:1275]           [DEBUG]    |                                                                                                    |
[2022-10-25 01:21:50,526] [builder.py:1276]           [DEBUG]    | Builder: mal_popular: 50                                                                           |
[2022-10-25 01:21:50,526] [builder.py:1277]           [INFO]     |                                                                                                    |
[2022-10-25 01:21:50,526] [mal.py:220]                [INFO]     | Processing MyAnimeList Popular: 50 Anime                                                           |
[2022-10-25 01:21:50,639] [mal.py:239]                [DEBUG]    |                                                                                                    |
[2022-10-25 01:21:50,640] [mal.py:240]                [DEBUG]    | 50 MyAnimeList IDs Found: [16498, 1535, 5114, 30276, 11757, 31964, 38000, 20, 22319, 11061, 32281, 25777, 9253, 33486, 19815, 1735, 35760, 28851, 1575, 4224, 40748, 23273, 21, 20507, 31240, 36456, 38524, 6547, 22199, 31043, 23755, 10620, 21881, 32182, 24833, 9919, 20583, 37779, 30831, 269, 40028, 22535, 1, 199, 27899, 2904, 6702, 30, 28223, 18679] |
[2022-10-25 01:21:50,642] [builder.py:1282]           [DEBUG]    |                                                                                                    |
[2022-10-25 01:21:50,642] [builder.py:1283]           [DEBUG]    | 50 IDs Found: [(267440, 'tvdb'), (102918, 'ratingKey'), (103082, 'ratingKey'), (293088, 'tvdb'), (259640, 'tvdb'), (105253, 'ratingKey'), (348545, 'tvdb'), (78857, 'tvdb'), (281249, 'tvdb'), (105612, 'ratingKey'), (372058, 'tmdb'), (267440, 'tvdb'), (104627, 'ratingKey'), (305074, 'tvdb'), (102693, 'ratingKey'), (79824, 'tvdb'), (267440, 'tvdb'), (378064, 'tmdb'), (79525, 'tvdb'), (105010, 'ratingKey'), (103162, 'ratingKey'), (105047, 'ratingKey'), (81797, 'tvdb'), (275610, 'tvdb'), (305089, 'tvdb'), (305074, 'tvdb'), (267440, 'tvdb'), (102444, 'ratingKey'), (102707, 'ratingKey'), (105083, 'ratingKey'), (284131, 'tvdb'), (249827, 'tvdb'), (259640, 'tvdb'), (111197, 'ratingKey'), (283947, 'tvdb'), (248035, 'tvdb'), (278157, 'tvdb'), (348002, 'tvdb'), (303867, 'tvdb'), (74796, 'tvdb'), (267440, 'tvdb'), (279831, 'tvdb'), (102957, 'ratingKey'), (129, 'tmdb'), (281249, 'tvdb'), (79525, 'tvdb'), (114801, 'tvdb'), (104645, 'ratingKey'), (289177, 'tvdb'), (104758, 'ratingKey')] |
[2022-10-25 01:21:50,642] [builder.py:1284]           [DEBUG]    |                                                                                                    |
[2022-10-25 01:21:50,885] [builder.py:1697]           [INFO]     |                                                                                                    |
[2022-10-25 01:21:50,885] [util.py:216]               [INFO]     |============================= Adding to Most Popular Anime Collection ==============================|
[2022-10-25 01:21:50,885] [builder.py:1699]           [INFO]     |                                                                                                    |
[2022-10-25 01:21:50,886] [builder.py:1709]           [INFO]     |  1/25 | Most Popular Anime Collection | = | Shingeki no Kyojin                                     |
[2022-10-25 01:21:50,886] [builder.py:1709]           [INFO]     |  2/25 | Most Popular Anime Collection | = | Death Note                                             |
[2022-10-25 01:21:50,886] [builder.py:1709]           [INFO]     |  3/25 | Most Popular Anime Collection | = | Hagane no Renkinjutsushi (2009)                        |
[2022-10-25 01:21:50,886] [builder.py:1709]           [INFO]     |  4/25 | Most Popular Anime Collection | = | One Punch Man                                          |
[2022-10-25 01:21:50,887] [builder.py:1709]           [INFO]     |  5/25 | Most Popular Anime Collection | = | Boku no Hero Academia                                  |
[2022-10-25 01:21:50,887] [builder.py:1709]           [INFO]     |  6/25 | Most Popular Anime Collection | = | Kimetsu no Yaiba                                       |
[2022-10-25 01:21:50,887] [builder.py:1709]           [INFO]     |  7/25 | Most Popular Anime Collection | = | Tokyo Ghoul                                            |
[2022-10-25 01:21:50,888] [builder.py:1709]           [INFO]     |  8/25 | Most Popular Anime Collection | = | Hunter x Hunter (2011)                                 |
[2022-10-25 01:21:50,888] [builder.py:1709]           [INFO]     |  9/25 | Most Popular Anime Collection | = | Steins;Gate                                            |
[2022-10-25 01:21:50,888] [builder.py:1709]           [INFO]     | 10/25 | Most Popular Anime Collection | = | No Game No Life                                        |
[2022-10-25 01:21:50,888] [builder.py:1709]           [INFO]     | 11/25 | Most Popular Anime Collection | = | Code Geass: Hangyaku no Lelouch                        |
[2022-10-25 01:21:50,889] [builder.py:1709]           [INFO]     | 12/25 | Most Popular Anime Collection | = | Toradora!                                              |
[2022-10-25 01:21:50,889] [builder.py:1709]           [INFO]     | 13/25 | Most Popular Anime Collection | = | Jujutsu Kaisen                                         |
[2022-10-25 01:21:50,890] [builder.py:1709]           [INFO]     | 14/25 | Most Popular Anime Collection | = | Shigatsu wa Kimi no Uso                                |
[2022-10-25 01:21:50,890] [builder.py:1709]           [INFO]     | 15/25 | Most Popular Anime Collection | = | Re:Zero kara Hajimeru Isekai Seikatsu (2021)           |
[2022-10-25 01:21:50,890] [builder.py:1709]           [INFO]     | 16/25 | Most Popular Anime Collection | = | Angel Beats!                                           |
[2022-10-25 01:21:50,890] [builder.py:1709]           [INFO]     | 17/25 | Most Popular Anime Collection | = | Akame ga Kill!                                         |
[2022-10-25 01:21:50,891] [builder.py:1709]           [INFO]     | 18/25 | Most Popular Anime Collection | = | Boku dake ga Inai Machi                                |
[2022-10-25 01:21:50,891] [builder.py:1709]           [INFO]     | 19/25 | Most Popular Anime Collection | = | Mob Psycho 100                                         |
[2022-10-25 01:21:50,892] [builder.py:1709]           [INFO]     | 20/25 | Most Popular Anime Collection | = | Haikyuu!!                                              |
[2022-10-25 01:21:50,892] [builder.py:1709]           [INFO]     | 21/25 | Most Popular Anime Collection | = | Yakusoku no Neverland                                  |
[2022-10-25 01:21:50,892] [builder.py:1709]           [INFO]     | 22/25 | Most Popular Anime Collection | = | Kono Subarashii Sekai ni Shukufuku o!                  |
[2022-10-25 01:21:50,892] [builder.py:1709]           [INFO]     | 23/25 | Most Popular Anime Collection | = | Cowboy Bebop                                           |
[2022-10-25 01:21:50,893] [builder.py:1709]           [INFO]     | 24/25 | Most Popular Anime Collection | = | Shinseiki Evangelion                                   |
[2022-10-25 01:21:50,893] [builder.py:1709]           [INFO]     | 25/25 | Most Popular Anime Collection | = | Kill la Kill                                           |
[2022-10-25 01:21:50,894] [builder.py:1734]           [INFO]     |                                                                                                    |
[2022-10-25 01:21:50,895] [builder.py:1735]           [INFO]     | 25 Shows Processed                                                                                 |
[2022-10-25 01:21:50,895] [builder.py:1929]           [INFO]     |                                                                                                    |
[2022-10-25 01:21:50,895] [util.py:216]               [INFO]     |========================= Missing Movies from Library: Most Popular Anime ==========================|
[2022-10-25 01:21:50,896] [builder.py:1931]           [INFO]     |                                                                                                    |
[2022-10-25 01:21:50,898] [builder.py:1943]           [INFO]     | Most Popular Anime Collection | ? | Your Name. (2016) (TMDb: 372058)                               |
[2022-10-25 01:21:50,900] [builder.py:1943]           [INFO]     | Most Popular Anime Collection | ? | A Silent Voice: The Movie (2016) (TMDb: 378064)                |
[2022-10-25 01:21:50,901] [builder.py:1943]           [INFO]     | Most Popular Anime Collection | ? | Spirited Away (2001) (TMDb: 129)                               |
[2022-10-25 01:21:50,902] [builder.py:1947]           [INFO]     |                                                                                                    |
[2022-10-25 01:21:50,902] [builder.py:1948]           [INFO]     | 3 Movies Missing                                                                                   |
[2022-10-25 01:21:50,913] [builder.py:1969]           [INFO]     |                                                                                                    |
[2022-10-25 01:21:50,913] [util.py:216]               [INFO]     |========================== Missing Shows from Library: Most Popular Anime ==========================|
[2022-10-25 01:21:50,913] [builder.py:1971]           [INFO]     |                                                                                                    |
[2022-10-25 01:21:51,355] [builder.py:1982]           [INFO]     | Most Popular Anime Collection | ? | Sword Art Online (TVDB: 259640)                                |
[2022-10-25 01:21:51,955] [builder.py:1982]           [INFO]     | Most Popular Anime Collection | ? | Naruto (TVDB: 78857)                                           |
[2022-10-25 01:21:52,833] [builder.py:1982]           [INFO]     | Most Popular Anime Collection | ? | Naruto Shippuden (TVDB: 79824)                                 |
[2022-10-25 01:21:54,221] [builder.py:1982]           [INFO]     | Most Popular Anime Collection | ? | One Piece (TVDB: 81797)                                        |
[2022-10-25 01:21:54,552] [builder.py:1982]           [INFO]     | Most Popular Anime Collection | ? | Noragami (TVDB: 275610)                                        |
[2022-10-25 01:21:55,083] [builder.py:1982]           [INFO]     | Most Popular Anime Collection | ? | The Seven Deadly Sins (TVDB: 284131)                           |
[2022-10-25 01:21:55,356] [builder.py:1982]           [INFO]     | Most Popular Anime Collection | ? | The Future Diary (TVDB: 249827)                                |
[2022-10-25 01:21:55,628] [builder.py:1982]           [INFO]     | Most Popular Anime Collection | ? | Assassination Classroom (TVDB: 283947)                         |
[2022-10-25 01:21:55,950] [builder.py:1982]           [INFO]     | Most Popular Anime Collection | ? | Blue Exorcist (TVDB: 248035)                                   |
[2022-10-25 01:21:56,668] [builder.py:1982]           [INFO]     | Most Popular Anime Collection | ? | Bleach (TVDB: 74796)                                           |
[2022-10-25 01:21:56,937] [builder.py:1982]           [INFO]     | Most Popular Anime Collection | ? | Parasyte -the maxim- (TVDB: 279831)                            |
[2022-10-25 01:21:57,494] [builder.py:1982]           [INFO]     | Most Popular Anime Collection | ? | Fairy Tail (TVDB: 114801)                                      |
[2022-10-25 01:21:57,733] [builder.py:1982]           [INFO]     | Most Popular Anime Collection | ? | Death Parade (TVDB: 289177)                                    |
[2022-10-25 01:21:57,734] [builder.py:1986]           [INFO]     |                                                                                                    |
[2022-10-25 01:21:57,734] [builder.py:1987]           [INFO]     | 13 Shows Missing                                                                                   |
[2022-10-25 01:21:57,745] [sonarr.py:66]              [INFO]     |                                                                                                    |
[2022-10-25 01:21:57,745] [util.py:216]               [INFO]     |===================================== Adding Missing to Sonarr =====================================|
[2022-10-25 01:21:57,746] [sonarr.py:68]              [DEBUG]    |                                                                                                    |
[2022-10-25 01:21:57,746] [sonarr.py:69]              [DEBUG]    | Sonarr Adds: [259640, 78857, 79824, 81797, 275610, 284131, 249827, 283947, 248035, 74796, 279831, 114801, 289177] |
[2022-10-25 01:21:57,988] [sonarr.py:162]             [INFO]     |                                                                                                    |
[2022-10-25 01:21:57,988] [sonarr.py:170]             [INFO]     | Skipped: In Cache | 259640                                                                         |
[2022-10-25 01:21:57,988] [sonarr.py:170]             [INFO]     | Skipped: In Cache | 78857                                                                          |
[2022-10-25 01:21:57,988] [sonarr.py:170]             [INFO]     | Skipped: In Cache | 79824                                                                          |
[2022-10-25 01:21:57,989] [sonarr.py:170]             [INFO]     | Skipped: In Cache | 81797                                                                          |
[2022-10-25 01:21:57,989] [sonarr.py:170]             [INFO]     | Skipped: In Cache | 275610                                                                         |
[2022-10-25 01:21:57,989] [sonarr.py:170]             [INFO]     | Skipped: In Cache | 284131                                                                         |
[2022-10-25 01:21:57,989] [sonarr.py:170]             [INFO]     | Skipped: In Cache | 249827                                                                         |
[2022-10-25 01:21:57,990] [sonarr.py:170]             [INFO]     | Skipped: In Cache | 283947                                                                         |
[2022-10-25 01:21:57,990] [sonarr.py:170]             [INFO]     | Skipped: In Cache | 248035                                                                         |
[2022-10-25 01:21:57,990] [sonarr.py:170]             [INFO]     | Skipped: In Cache | 74796                                                                          |
[2022-10-25 01:21:57,990] [sonarr.py:170]             [INFO]     | Skipped: In Cache | 279831                                                                         |
[2022-10-25 01:21:57,991] [sonarr.py:170]             [INFO]     | Skipped: In Cache | 114801                                                                         |
[2022-10-25 01:21:57,991] [sonarr.py:170]             [INFO]     | Skipped: In Cache | 289177                                                                         |
[2022-10-25 01:21:57,991] [sonarr.py:171]             [INFO]     | 13 Series already exist in Sonarr                                                                  |
[2022-10-25 01:21:57,996] [builder.py:2147]           [INFO]     |                                                                                                    |
[2022-10-25 01:21:57,996] [util.py:216]               [INFO]     |======================== Updating Details of Most Popular Anime Collection =========================|
[2022-10-25 01:21:57,997] [builder.py:2149]           [INFO]     |                                                                                                    |
[2022-10-25 01:21:57,998] [builder.py:2294]           [INFO]     | No poster collection detail or asset folder found                                                  |
[2022-10-25 01:21:57,998] [builder.py:2327]           [INFO]     | No background collection detail or asset folder found                                              |
[2022-10-25 01:21:58,023] [builder.py:2023]           [INFO]     |                                                                                                    |
[2022-10-25 01:21:58,023] [util.py:216]               [INFO]     |================== Updating Details of the Items in Most Popular Anime Collection ==================|
[2022-10-25 01:21:58,024] [builder.py:2025]           [INFO]     |                                                                                                    |
[2022-10-25 01:22:02,148] [sonarr.py:66]              [INFO]     |                                                                                                    |
[2022-10-25 01:22:02,149] [util.py:216]               [INFO]     |==================================== Adding Existing to Sonarr =====================================|
[2022-10-25 01:22:02,149] [sonarr.py:68]              [DEBUG]    |                                                                                                    |
[2022-10-25 01:22:02,150] [sonarr.py:69]              [DEBUG]    | Sonarr Adds:                                                                                       |
[2022-10-25 01:22:02,150] [sonarr.py:71]              [DEBUG]    | (267440, 'F:\\Anime\\Attack on Titan (2013) [tvdb-267440]')                                        |
[2022-10-25 01:22:02,150] [sonarr.py:71]              [DEBUG]    | (79481, 'F:\\Anime\\Death Note (2006) [tvdb-79481]')                                               |
[2022-10-25 01:22:02,150] [sonarr.py:71]              [DEBUG]    | (85249, 'F:\\Anime\\Fullmetal Alchemist - Brotherhood (2009) [tvdb-85249]')                        |
[2022-10-25 01:22:02,150] [sonarr.py:71]              [DEBUG]    | (293088, 'F:\\Anime\\One-Punch Man (2015) [tvdb-293088]')                                          |
[2022-10-25 01:22:02,151] [sonarr.py:71]              [DEBUG]    | (305074, 'F:\\Anime\\My Hero Academia (2016) [tvdb-305074]')                                       |
[2022-10-25 01:22:02,151] [sonarr.py:71]              [DEBUG]    | (348545, 'F:\\Anime\\Demon Slayer - Kimetsu no Yaiba (2019) [tvdb-348545]')                        |
[2022-10-25 01:22:02,151] [sonarr.py:71]              [DEBUG]    | (281249, 'F:\\Anime\\Tokyo Ghoul (2014) [tvdb-281249]')                                            |
[2022-10-25 01:22:02,151] [sonarr.py:71]              [DEBUG]    | (252322, 'F:\\Anime\\Hunter x Hunter (2011) [tvdb-252322]')                                        |
[2022-10-25 01:22:02,152] [sonarr.py:71]              [DEBUG]    | (244061, 'F:\\Anime\\Steins;Gate (2011) [tvdb-244061]')                                            |
[2022-10-25 01:22:02,152] [sonarr.py:71]              [DEBUG]    | (278155, 'F:\\Anime\\No Game, No Life (2014) [tvdb-278155]')                                       |
[2022-10-25 01:22:02,152] [sonarr.py:71]              [DEBUG]    | (79525, 'F:\\Anime\\Code Geass - Lelouch of the Rebellion (2006) [tvdb-79525]')                    |
[2022-10-25 01:22:02,152] [sonarr.py:71]              [DEBUG]    | (83277, 'F:\\Anime\\Toradora! (2008) [tvdb-83277]')                                                |
[2022-10-25 01:22:02,153] [sonarr.py:71]              [DEBUG]    | (377543, 'F:\\Anime\\Jujutsu Kaisen (2020) [tvdb-377543]')                                         |
[2022-10-25 01:22:02,153] [sonarr.py:71]              [DEBUG]    | (279830, 'F:\\Anime\\Your Lie in April (2014) [tvdb-279830]')                                      |
[2022-10-25 01:22:02,153] [sonarr.py:71]              [DEBUG]    | (305089, 'F:\\Anime\\Re - ZERO, Starting Life in Another World (2016) [tvdb-305089]')              |
[2022-10-25 01:22:02,153] [sonarr.py:71]              [DEBUG]    | (150471, 'F:\\Anime\\Angel Beats! (2010) [tvdb-150471]')                                           |
[2022-10-25 01:22:02,153] [sonarr.py:71]              [DEBUG]    | (280329, 'F:\\Anime\\Akame ga Kill! (2014) [tvdb-280329]')                                         |
[2022-10-25 01:22:02,154] [sonarr.py:71]              [DEBUG]    | (303071, 'F:\\Anime\\Erased (2016) [tvdb-303071]')                                                 |
[2022-10-25 01:22:02,154] [sonarr.py:71]              [DEBUG]    | (307375, 'F:\\Anime\\Mob Psycho 100 (2016) [tvdb-307375]')                                         |
[2022-10-25 01:22:02,154] [sonarr.py:71]              [DEBUG]    | (278157, 'F:\\Anime\\Haikyu!! (2014) [tvdb-278157]')                                               |
[2022-10-25 01:22:02,155] [sonarr.py:71]              [DEBUG]    | (348002, 'F:\\Anime\\Promised Neverland, The (2019) [tvdb-348002]')                                |
[2022-10-25 01:22:02,155] [sonarr.py:71]              [DEBUG]    | (303867, "F:\\Anime\\KonoSuba – God's blessing on this wonderful world!! (2016) [tvdb-303867]")    |
[2022-10-25 01:22:02,155] [sonarr.py:71]              [DEBUG]    | (76885, 'F:\\Anime\\Cowboy Bebop (1998) [tvdb-76885]')                                             |
[2022-10-25 01:22:02,155] [sonarr.py:71]              [DEBUG]    | (70350, 'F:\\Anime\\Neon Genesis Evangelion (1995) [tvdb-70350]')                                  |
[2022-10-25 01:22:02,155] [sonarr.py:71]              [DEBUG]    | (272074, 'F:\\Anime\\Kill la Kill (2013) [tvdb-272074]')                                           |
[2022-10-25 01:22:02,408] [sonarr.py:162]             [INFO]     |                                                                                                    |
[2022-10-25 01:22:02,408] [sonarr.py:170]             [INFO]     | Skipped: In Cache | (267440, 'F:\\Anime\\Attack on Titan (2013) [tvdb-267440]')                    |
[2022-10-25 01:22:02,408] [sonarr.py:170]             [INFO]     | Skipped: In Cache | (79481, 'F:\\Anime\\Death Note (2006) [tvdb-79481]')                           |
[2022-10-25 01:22:02,409] [sonarr.py:170]             [INFO]     | Skipped: In Cache | (85249, 'F:\\Anime\\Fullmetal Alchemist - Brotherhood (2009) [tvdb-85249]')    |
[2022-10-25 01:22:02,409] [sonarr.py:170]             [INFO]     | Skipped: In Cache | (293088, 'F:\\Anime\\One-Punch Man (2015) [tvdb-293088]')                      |
[2022-10-25 01:22:02,409] [sonarr.py:170]             [INFO]     | Skipped: In Cache | (305074, 'F:\\Anime\\My Hero Academia (2016) [tvdb-305074]')                   |
[2022-10-25 01:22:02,409] [sonarr.py:170]             [INFO]     | Skipped: In Cache | (348545, 'F:\\Anime\\Demon Slayer - Kimetsu no Yaiba (2019) [tvdb-348545]')    |
[2022-10-25 01:22:02,410] [sonarr.py:170]             [INFO]     | Skipped: In Cache | (281249, 'F:\\Anime\\Tokyo Ghoul (2014) [tvdb-281249]')                        |
[2022-10-25 01:22:02,410] [sonarr.py:170]             [INFO]     | Skipped: In Cache | (252322, 'F:\\Anime\\Hunter x Hunter (2011) [tvdb-252322]')                    |
[2022-10-25 01:22:02,410] [sonarr.py:170]             [INFO]     | Skipped: In Cache | (244061, 'F:\\Anime\\Steins;Gate (2011) [tvdb-244061]')                        |
[2022-10-25 01:22:02,410] [sonarr.py:170]             [INFO]     | Skipped: In Cache | (278155, 'F:\\Anime\\No Game, No Life (2014) [tvdb-278155]')                   |
[2022-10-25 01:22:02,411] [sonarr.py:170]             [INFO]     | Skipped: In Cache | (79525, 'F:\\Anime\\Code Geass - Lelouch of the Rebellion (2006) [tvdb-79525]') |
[2022-10-25 01:22:02,411] [sonarr.py:170]             [INFO]     | Skipped: In Cache | (83277, 'F:\\Anime\\Toradora! (2008) [tvdb-83277]')                            |
[2022-10-25 01:22:02,411] [sonarr.py:170]             [INFO]     | Skipped: In Cache | (377543, 'F:\\Anime\\Jujutsu Kaisen (2020) [tvdb-377543]')                     |
[2022-10-25 01:22:02,411] [sonarr.py:170]             [INFO]     | Skipped: In Cache | (279830, 'F:\\Anime\\Your Lie in April (2014) [tvdb-279830]')                  |
[2022-10-25 01:22:02,412] [sonarr.py:170]             [INFO]     | Skipped: In Cache | (305089, 'F:\\Anime\\Re - ZERO, Starting Life in Another World (2016) [tvdb-305089]') |
[2022-10-25 01:22:02,412] [sonarr.py:170]             [INFO]     | Skipped: In Cache | (150471, 'F:\\Anime\\Angel Beats! (2010) [tvdb-150471]')                       |
[2022-10-25 01:22:02,412] [sonarr.py:170]             [INFO]     | Skipped: In Cache | (280329, 'F:\\Anime\\Akame ga Kill! (2014) [tvdb-280329]')                     |
[2022-10-25 01:22:02,412] [sonarr.py:170]             [INFO]     | Skipped: In Cache | (303071, 'F:\\Anime\\Erased (2016) [tvdb-303071]')                             |
[2022-10-25 01:22:02,413] [sonarr.py:170]             [INFO]     | Skipped: In Cache | (307375, 'F:\\Anime\\Mob Psycho 100 (2016) [tvdb-307375]')                     |
[2022-10-25 01:22:02,413] [sonarr.py:170]             [INFO]     | Skipped: In Cache | (278157, 'F:\\Anime\\Haikyu!! (2014) [tvdb-278157]')                           |
[2022-10-25 01:22:02,413] [sonarr.py:170]             [INFO]     | Skipped: In Cache | (348002, 'F:\\Anime\\Promised Neverland, The (2019) [tvdb-348002]')            |
[2022-10-25 01:22:02,413] [sonarr.py:170]             [INFO]     | Skipped: In Cache | (303867, "F:\\Anime\\KonoSuba – God's blessing on this wonderful world!! (2016) [tvdb-303867]") |
[2022-10-25 01:22:02,413] [sonarr.py:170]             [INFO]     | Skipped: In Cache | (76885, 'F:\\Anime\\Cowboy Bebop (1998) [tvdb-76885]')                         |
[2022-10-25 01:22:02,414] [sonarr.py:170]             [INFO]     | Skipped: In Cache | (70350, 'F:\\Anime\\Neon Genesis Evangelion (1995) [tvdb-70350]')              |
[2022-10-25 01:22:02,414] [sonarr.py:170]             [INFO]     | Skipped: In Cache | (272074, 'F:\\Anime\\Kill la Kill (2013) [tvdb-272074]')                       |
[2022-10-25 01:22:02,414] [sonarr.py:171]             [INFO]     | 25 Series already exist in Sonarr                                                                  |
[2022-10-25 01:22:02,415] [plex_meta_manager.py:880]  [INFO]     |                                                                                                    |
[2022-10-25 01:22:02,415] [util.py:209]               [INFO]     |====================================================================================================|
[2022-10-25 01:22:02,416] [util.py:216]               [INFO]     |                               Finished Most Popular Anime Collection                               |
[2022-10-25 01:22:02,416] [util.py:216]               [INFO]     |                                    Collection Run Time: 0:00:11                                    |
[2022-10-25 01:22:02,416] [util.py:220]               [INFO]     |====================================================================================================|
