[2022-11-06 12:19:52,997] [util.py:209]               [INFO]     |====================================================================================================|
[2022-11-06 12:19:52,997] [util.py:216]               [INFO]     |                                   Cinemax Collection in TV Shows                                   |
[2022-11-06 12:19:52,997] [util.py:220]               [INFO]     |====================================================================================================|
[2022-11-06 12:19:52,998] [plex_meta_manager.py:750]  [INFO]     |                                                                                                    |
[2022-11-06 12:19:52,998] [util.py:216]               [INFO]     |================================== Validating Cinemax Attributes ===================================|
[2022-11-06 12:19:52,998] [builder.py:265]            [DEBUG]    |                                                                                                    |
[2022-11-06 12:19:52,999] [builder.py:266]            [DEBUG]    | Validating Method: template                                                                        |
[2022-11-06 12:19:52,999] [meta.py:83]                [DEBUG]    | Value: ordereddict([('name', 'network'), ('network', 359), ('poster', 'https://theposterdb.com/api/assets/193488')]) |
[2022-11-06 12:19:52,999] [builder.py:330]            [DEBUG]    |                                                                                                    |
[2022-11-06 12:19:52,999] [builder.py:331]            [DEBUG]    | Validating Method: sync_mode                                                                       |
[2022-11-06 12:19:53,000] [builder.py:335]            [DEBUG]    | Value: sync                                                                                        |
[2022-11-06 12:19:53,000] [builder.py:453]            [DEBUG]    |                                                                                                    |
[2022-11-06 12:19:53,000] [builder.py:454]            [DEBUG]    | Validating Method: collection_order                                                                |
[2022-11-06 12:19:53,000] [builder.py:455]            [DEBUG]    | Value: alpha                                                                                       |
[2022-11-06 12:19:53,001] [builder.py:472]            [DEBUG]    |                                                                                                    |
[2022-11-06 12:19:53,001] [builder.py:473]            [DEBUG]    | Validating Method: tmdb_network                                                                    |
[2022-11-06 12:19:53,001] [builder.py:474]            [DEBUG]    | Value: 359                                                                                         |
[2022-11-06 12:19:53,138] [builder.py:472]            [DEBUG]    |                                                                                                    |
[2022-11-06 12:19:53,138] [builder.py:473]            [DEBUG]    | Validating Method: url_poster                                                                      |
[2022-11-06 12:19:53,138] [builder.py:474]            [DEBUG]    | Value: https://theposterdb.com/api/assets/193488                                                   |
[2022-11-06 12:19:53,139] [builder.py:472]            [DEBUG]    |                                                                                                    |
[2022-11-06 12:19:53,139] [builder.py:473]            [DEBUG]    | Validating Method: sort_title                                                                      |
[2022-11-06 12:19:53,139] [builder.py:474]            [DEBUG]    | Value: +2_Cinemax                                                                                  |
[2022-11-06 12:19:53,200] [builder.py:619]            [INFO]     |                                                                                                    |
[2022-11-06 12:19:53,201] [builder.py:620]            [INFO]     | Validation Successful                                                                              |
[2022-11-06 12:19:53,202] [plex_meta_manager.py:758]  [INFO]     |                                                                                                    |
[2022-11-06 12:19:53,202] [util.py:216]               [INFO]     |==================================== Running Cinemax Collection ====================================|
[2022-11-06 12:19:53,202] [plex_meta_manager.py:773]  [INFO]     |                                                                                                    |
[2022-11-06 12:19:53,203] [plex_meta_manager.py:774]  [INFO]     | Sync Mode: sync                                                                                    |
[2022-11-06 12:19:53,203] [builder.py:1275]           [DEBUG]    |                                                                                                    |
[2022-11-06 12:19:53,203] [builder.py:1276]           [DEBUG]    | Builder: tmdb_network: 359                                                                         |
[2022-11-06 12:19:53,203] [builder.py:1277]           [INFO]     |                                                                                                    |
[2022-11-06 12:19:53,554] [tmdb.py:282]               [INFO]     | Processing TMDb Network: (359) Cinemax (36 Shows)                                                  |
[2022-11-06 12:19:53,554] [builder.py:1282]           [DEBUG]    |                                                                                                    |
[2022-11-06 12:19:53,555] [builder.py:1283]           [DEBUG]    | 36 IDs Found: [(41727, 'tmdb_show'), (41875, 'tmdb_show'), (32573, 'tmdb_show'), (7463, 'tmdb_show'), (73544, 'tmdb_show'), (61014, 'tmdb_show'), (39388, 'tmdb_show'), (64394, 'tmdb_show'), (84303, 'tmdb_show'), (51537, 'tmdb_show'), (33404, 'tmdb_show'), (8448, 'tmdb_show'), (27480, 'tmdb_show'), (66911, 'tmdb_show'), (40314, 'tmdb_show'), (30539, 'tmdb_show'), (45576, 'tmdb_show'), (3736, 'tmdb_show'), (43989, 'tmdb_show'), (73610, 'tmdb_show'), (79212, 'tmdb_show'), (7655, 'tmdb_show'), (19488, 'tmdb_show'), (21787, 'tmdb_show'), (26348, 'tmdb_show'), (27593, 'tmdb_show'), (28112, 'tmdb_show'), (28507, 'tmdb_show'), (66899, 'tmdb_show'), (17160, 'tmdb_show'), (25695, 'tmdb_show'), (23364, 'tmdb_show'), (23548, 'tmdb_show'), (58735, 'tmdb_show'), (47201, 'tmdb_show'), (21426, 'tmdb_show')] |
[2022-11-06 12:19:53,555] [builder.py:1284]           [DEBUG]    |                                                                                                    |
[2022-11-06 12:19:53,704] [builder.py:1361]           [ERROR]    | Convert Error: No TVDb ID Found for TMDb ID: 79212                                                 |
[2022-11-06 12:19:53,803] [builder.py:1361]           [ERROR]    | Convert Error: No TVDb ID Found for TMDb ID: 21787                                                 |
[2022-11-06 12:19:53,924] [builder.py:1361]           [ERROR]    | Convert Error: No TVDb ID Found for TMDb ID: 66899                                                 |
[2022-11-06 12:19:54,105] [builder.py:1361]           [ERROR]    | Convert Error: No TVDb ID Found for TMDb ID: 17160                                                 |
[2022-11-06 12:19:54,236] [builder.py:1361]           [ERROR]    | Convert Error: No TVDb ID Found for TMDb ID: 47201                                                 |
[2022-11-06 12:19:54,341] [builder.py:1361]           [ERROR]    | Convert Error: No TVDb ID Found for TMDb ID: 21426                                                 |
[2022-11-06 12:19:54,341] [builder.py:1697]           [INFO]     |                                                                                                    |
[2022-11-06 12:19:54,342] [util.py:216]               [INFO]     |=================================== Adding to Cinemax Collection ===================================|
[2022-11-06 12:19:54,342] [builder.py:1699]           [INFO]     |                                                                                                    |
[2022-11-06 12:19:54,342] [builder.py:1709]           [INFO]     | 1/1 | Cinemax Collection | = | Banshee                                                             |
[2022-11-06 12:19:54,343] [builder.py:1734]           [INFO]     |                                                                                                    |
[2022-11-06 12:19:54,343] [builder.py:1735]           [INFO]     | 1 Show Processed                                                                                   |
[2022-11-06 12:19:54,343] [builder.py:1969]           [INFO]     |                                                                                                    |
[2022-11-06 12:19:54,343] [util.py:216]               [INFO]     |=============================== Missing Shows from Library: Cinemax ================================|
[2022-11-06 12:19:54,344] [builder.py:1971]           [INFO]     |                                                                                                    |
[2022-11-06 12:19:54,519] [builder.py:1982]           [INFO]     | Cinemax Collection | ? | Chemistry (TVDB: 251405)                                                  |
[2022-11-06 12:19:54,938] [builder.py:1982]           [INFO]     | Cinemax Collection | ? | Strike Back (TVDB: 148581)                                                |
[2022-11-06 12:19:55,120] [builder.py:1982]           [INFO]     | Cinemax Collection | ? | The Best Sex Ever (TVDB: 71081)                                           |
[2022-11-06 12:19:55,415] [builder.py:1982]           [INFO]     | Cinemax Collection | ? | Warrior (TVDB: 359326)                                                    |
[2022-11-06 12:19:55,665] [builder.py:1982]           [INFO]     | Cinemax Collection | ? | The Knick (TVDB: 279977)                                                  |
[2022-11-06 12:19:55,886] [builder.py:1982]           [INFO]     | Cinemax Collection | ? | Femme Fatales (TVDB: 249164)                                              |
[2022-11-06 12:19:56,161] [builder.py:1982]           [INFO]     | Cinemax Collection | ? | Outcast (TVDB: 298085)                                                    |
[2022-11-06 12:19:56,395] [builder.py:1982]           [INFO]     | Cinemax Collection | ? | Jett (TVDB: 359791)                                                       |
[2022-11-06 12:19:56,607] [builder.py:1982]           [INFO]     | Cinemax Collection | ? | Life On Top (TVDB: 120341)                                                |
[2022-11-06 12:19:56,871] [builder.py:1982]           [INFO]     | Cinemax Collection | ? | Co-Ed Confidential (TVDB: 86881)                                          |
[2022-11-06 12:19:57,106] [builder.py:1982]           [INFO]     | Cinemax Collection | ? | Hotel Erotica (TVDB: 72374)                                               |
[2022-11-06 12:19:57,290] [builder.py:1982]           [INFO]     | Cinemax Collection | ? | The Erotic Traveler (TVDB: 115531)                                        |
[2022-11-06 12:19:57,508] [builder.py:1982]           [INFO]     | Cinemax Collection | ? | Quarry (TVDB: 269110)                                                     |
[2022-11-06 12:19:57,751] [builder.py:1982]           [INFO]     | Cinemax Collection | ? | Lingerie (TVDB: 102441)                                                   |
[2022-11-06 12:19:57,937] [builder.py:1982]           [INFO]     | Cinemax Collection | ? | Zane's Sex Chronicles (TVDB: 148521)                                      |
[2022-11-06 12:19:58,176] [builder.py:1982]           [INFO]     | Cinemax Collection | ? | Hunted (TVDB: 259702)                                                     |
[2022-11-06 12:19:58,368] [builder.py:1982]           [INFO]     | Cinemax Collection | ? | Passion Cove (TVDB: 78376)                                                |
[2022-11-06 12:19:58,593] [builder.py:1982]           [INFO]     | Cinemax Collection | ? | The Girl's Guide to Depravity (TVDB: 257690)                              |
[2022-11-06 12:19:58,767] [builder.py:1982]           [INFO]     | Cinemax Collection | ? | Mike Judge Presents: Tales From the Tour Bus (TVDB: 334185)               |
[2022-11-06 12:19:58,978] [builder.py:1982]           [INFO]     | Cinemax Collection | ? | Black Tie Nights: Hollywood Sexcapades (TVDB: 74558)                      |
[2022-11-06 12:19:59,188] [builder.py:1982]           [INFO]     | Cinemax Collection | ? | Forbidden Science (TVDB: 84708)                                           |
[2022-11-06 12:19:59,495] [builder.py:1982]           [INFO]     | Cinemax Collection | ? | Hot Line (TVDB: 76518)                                                    |
[2022-11-06 12:19:59,702] [builder.py:1982]           [INFO]     | Cinemax Collection | ? | Sin City Diaries (TVDB: 249304)                                           |
[2022-11-06 12:19:59,886] [builder.py:1982]           [INFO]     | Cinemax Collection | ? | The Pleasure Zone (TVDB: 71063)                                           |
[2022-11-06 12:20:00,057] [builder.py:1982]           [INFO]     | Cinemax Collection | ? | Thrills (TVDB: 71082)                                                     |
[2022-11-06 12:20:00,234] [builder.py:1982]           [INFO]     | Cinemax Collection | ? | Bedtime Stories (TVDB: 70969)                                             |
[2022-11-06 12:20:00,415] [builder.py:1982]           [INFO]     | Cinemax Collection | ? | SCTV Channel (TVDB: 77961)                                                |
[2022-11-06 12:20:00,610] [builder.py:1982]           [INFO]     | Cinemax Collection | ? | Intimate Sessions (TVDB: 71096)                                           |
[2022-11-06 12:20:00,764] [builder.py:1982]           [INFO]     | Cinemax Collection | ? | Zane's The Jump Off (TVDB: 272865)                                        |
[2022-11-06 12:20:00,765] [builder.py:1986]           [INFO]     |                                                                                                    |
[2022-11-06 12:20:00,765] [builder.py:1987]           [INFO]     | 29 Shows Missing                                                                                   |
[2022-11-06 12:20:01,079] [builder.py:2147]           [INFO]     |                                                                                                    |
[2022-11-06 12:20:01,080] [util.py:216]               [INFO]     |============================== Updating Details of Cinemax Collection ==============================|
[2022-11-06 12:20:01,080] [builder.py:2149]           [INFO]     |                                                                                                    |
[2022-11-06 12:20:01,081] [builder.py:2258]           [DEBUG]    | 1 posters found:                                                                                   |
[2022-11-06 12:20:01,081] [builder.py:2260]           [DEBUG]    | Method: url_poster Poster: https://theposterdb.com/api/assets/193488                               |
[2022-11-06 12:20:01,081] [builder.py:2327]           [INFO]     | No background collection detail or asset folder found                                              |
[2022-11-06 12:20:01,082] [library.py:147]            [INFO]     | Detail: poster update not needed                                                                   |
[2022-11-06 12:20:01,142] [plex_meta_manager.py:880]  [INFO]     |                                                                                                    |
[2022-11-06 12:20:01,142] [util.py:209]               [INFO]     |====================================================================================================|
[2022-11-06 12:20:01,143] [util.py:216]               [INFO]     |                                    Finished Cinemax Collection                                     |
[2022-11-06 12:20:01,143] [util.py:216]               [INFO]     |                                    Collection Run Time: 0:00:08                                    |
[2022-11-06 12:20:01,143] [util.py:220]               [INFO]     |====================================================================================================|
