[2022-11-06 10:47:51,922] [util.py:209]               [INFO]     |====================================================================================================|
[2022-11-06 10:47:51,923] [util.py:216]               [INFO]     |                             Walt Disney Pictures Collection in Movies                              |
[2022-11-06 10:47:51,923] [util.py:220]               [INFO]     |====================================================================================================|
[2022-11-06 10:47:51,924] [plex_meta_manager.py:750]  [INFO]     |                                                                                                    |
[2022-11-06 10:47:51,924] [util.py:216]               [INFO]     |============================ Validating Walt Disney Pictures Attributes ============================|
[2022-11-06 10:47:51,924] [builder.py:265]            [DEBUG]    |                                                                                                    |
[2022-11-06 10:47:51,924] [builder.py:266]            [DEBUG]    | Validating Method: template                                                                        |
[2022-11-06 10:47:51,925] [meta.py:83]                [DEBUG]    | Value: ordereddict([('name', 'Studio'), ('studio', 'Walt Disney Pictures'), ('poster', 'https://theposterdb.com/api/assets/16549')]) |
[2022-11-06 10:47:51,925] [builder.py:453]            [DEBUG]    |                                                                                                    |
[2022-11-06 10:47:51,925] [builder.py:454]            [DEBUG]    | Validating Method: collection_order                                                                |
[2022-11-06 10:47:51,925] [builder.py:455]            [DEBUG]    | Value: alpha                                                                                       |
[2022-11-06 10:47:51,926] [builder.py:472]            [DEBUG]    |                                                                                                    |
[2022-11-06 10:47:51,926] [builder.py:473]            [DEBUG]    | Validating Method: summary                                                                         |
[2022-11-06 10:47:51,926] [builder.py:474]            [DEBUG]    | Value: Walt Disney Pictures is an American film production studio of The Walt Disney Studios, which is owned by The Walt Disney Company. The studio is the flagship producer of live-action feature films within the Walt Disney Studios unit, and is based at the Walt Disney Studios in Burbank, California. Animated films produced by Walt Disney Animation Studios and Pixar Animation Studios are also released under this brand. Walt Disney Studios Motion Pictures distributes and markets the films produced by Walt Disney Pictures. |
[2022-11-06 10:47:51,926] [builder.py:472]            [DEBUG]    |                                                                                                    |
[2022-11-06 10:47:51,926] [builder.py:473]            [DEBUG]    | Validating Method: plex_search                                                                     |
[2022-11-06 10:47:51,927] [builder.py:474]            [DEBUG]    | Value: {'studio': 'Walt Disney Pictures'}                                                          |
[2022-11-06 10:47:51,927] [builder.py:472]            [DEBUG]    |                                                                                                    |
[2022-11-06 10:47:51,927] [builder.py:473]            [DEBUG]    | Validating Method: url_poster                                                                      |
[2022-11-06 10:47:51,927] [builder.py:474]            [DEBUG]    | Value: https://theposterdb.com/api/assets/16549                                                    |
[2022-11-06 10:47:51,928] [builder.py:472]            [DEBUG]    |                                                                                                    |
[2022-11-06 10:47:51,928] [builder.py:473]            [DEBUG]    | Validating Method: sort_title                                                                      |
[2022-11-06 10:47:51,928] [builder.py:474]            [DEBUG]    | Value: 00000e_Walt Disney Pictures                                                                 |
[2022-11-06 10:47:52,253] [builder.py:619]            [INFO]     |                                                                                                    |
[2022-11-06 10:47:52,253] [builder.py:620]            [INFO]     | Validation Successful                                                                              |
[2022-11-06 10:47:52,257] [plex_meta_manager.py:758]  [INFO]     |                                                                                                    |
[2022-11-06 10:47:52,257] [util.py:216]               [INFO]     |============================= Running Walt Disney Pictures Collection ==============================|
[2022-11-06 10:47:52,257] [plex_meta_manager.py:773]  [INFO]     |                                                                                                    |
[2022-11-06 10:47:52,257] [plex_meta_manager.py:774]  [INFO]     | Sync Mode: append                                                                                  |
[2022-11-06 10:47:52,258] [builder.py:1275]           [DEBUG]    |                                                                                                    |
[2022-11-06 10:47:52,258] [builder.py:1276]           [DEBUG]    | Builder: plex_search: (1, 'Plex Movie Search\nSort By: title.asc\nFilter:\n  Match all of the following:\n    Match any of the following:\n      Studio contains Walt Disney Pictures', '?type=1&sort=titleSort&push=1&studio=Walt%20Disney%20Pictures&pop=1') |
[2022-11-06 10:47:52,258] [builder.py:1277]           [INFO]     |                                                                                                    |
[2022-11-06 10:47:52,258] [util.py:161]               [INFO]     | Plex Movie Search                                                                                  |
[2022-11-06 10:47:52,259] [util.py:161]               [INFO]     | Sort By: title.asc                                                                                 |
[2022-11-06 10:47:52,259] [util.py:161]               [INFO]     | Filter:                                                                                            |
[2022-11-06 10:47:52,259] [util.py:161]               [INFO]     |   Match all of the following:                                                                      |
[2022-11-06 10:47:52,260] [util.py:161]               [INFO]     |     Match any of the following:                                                                    |
[2022-11-06 10:47:52,260] [util.py:161]               [INFO]     |       Studio contains Walt Disney Pictures                                                         |
[2022-11-06 10:47:52,366] [plex.py:748]               [DEBUG]    |                                                                                                    |
[2022-11-06 10:47:52,367] [plex.py:749]               [DEBUG]    | 47 Keys Found: [(105835, 'ratingKey'), (117994, 'ratingKey'), (116150, 'ratingKey'), (117210, 'ratingKey'), (112375, 'ratingKey'), (116698, 'ratingKey'), (99060, 'ratingKey'), (99651, 'ratingKey'), (113403, 'ratingKey'), (99827, 'ratingKey'), (117635, 'ratingKey'), (102194, 'ratingKey'), (99920, 'ratingKey'), (111175, 'ratingKey'), (112582, 'ratingKey'), (104367, 'ratingKey'), (104368, 'ratingKey'), (112058, 'ratingKey'), (118697, 'ratingKey'), (115484, 'ratingKey'), (112889, 'ratingKey'), (113271, 'ratingKey'), (112824, 'ratingKey'), (105143, 'ratingKey'), (100468, 'ratingKey'), (114733, 'ratingKey'), (116579, 'ratingKey'), (115740, 'ratingKey'), (112489, 'ratingKey'), (112473, 'ratingKey'), (101547, 'ratingKey'), (66203, 'ratingKey'), (100656, 'ratingKey'), (100579, 'ratingKey'), (3712, 'ratingKey'), (3713, 'ratingKey'), (37073, 'ratingKey'), (37102, 'ratingKey'), (3715, 'ratingKey'), (102311, 'ratingKey'), (37752, 'ratingKey'), (100496, 'ratingKey'), (101929, 'ratingKey'), (71159, 'ratingKey'), (116048, 'ratingKey'), (113946, 'ratingKey'), (113683, 'ratingKey')] |
[2022-11-06 10:47:52,367] [builder.py:1282]           [DEBUG]    |                                                                                                    |
[2022-11-06 10:47:52,368] [builder.py:1283]           [DEBUG]    | 47 IDs Found: [(105835, 'ratingKey'), (117994, 'ratingKey'), (116150, 'ratingKey'), (117210, 'ratingKey'), (112375, 'ratingKey'), (116698, 'ratingKey'), (99060, 'ratingKey'), (99651, 'ratingKey'), (113403, 'ratingKey'), (99827, 'ratingKey'), (117635, 'ratingKey'), (102194, 'ratingKey'), (99920, 'ratingKey'), (111175, 'ratingKey'), (112582, 'ratingKey'), (104367, 'ratingKey'), (104368, 'ratingKey'), (112058, 'ratingKey'), (118697, 'ratingKey'), (115484, 'ratingKey'), (112889, 'ratingKey'), (113271, 'ratingKey'), (112824, 'ratingKey'), (105143, 'ratingKey'), (100468, 'ratingKey'), (114733, 'ratingKey'), (116579, 'ratingKey'), (115740, 'ratingKey'), (112489, 'ratingKey'), (112473, 'ratingKey'), (101547, 'ratingKey'), (66203, 'ratingKey'), (100656, 'ratingKey'), (100579, 'ratingKey'), (3712, 'ratingKey'), (3713, 'ratingKey'), (37073, 'ratingKey'), (37102, 'ratingKey'), (3715, 'ratingKey'), (102311, 'ratingKey'), (37752, 'ratingKey'), (100496, 'ratingKey'), (101929, 'ratingKey'), (71159, 'ratingKey'), (116048, 'ratingKey'), (113946, 'ratingKey'), (113683, 'ratingKey')] |
[2022-11-06 10:47:52,368] [builder.py:1284]           [DEBUG]    |                                                                                                    |
[2022-11-06 10:47:53,280] [builder.py:1697]           [INFO]     |                                                                                                    |
[2022-11-06 10:47:53,280] [util.py:216]               [INFO]     |============================ Adding to Walt Disney Pictures Collection =============================|
[2022-11-06 10:47:53,281] [builder.py:1699]           [INFO]     |                                                                                                    |
[2022-11-06 10:47:53,281] [builder.py:1709]           [INFO]     |  1/47 | Walt Disney Pictures Collection | = | Aladdin (2019)                                       |
[2022-11-06 10:47:53,281] [builder.py:1709]           [INFO]     |  2/47 | Walt Disney Pictures Collection | = | Beauty and the Beast (2017)                          |
[2022-11-06 10:47:53,282] [builder.py:1709]           [INFO]     |  3/47 | Walt Disney Pictures Collection | = | Brave (2012)                                         |
[2022-11-06 10:47:53,282] [builder.py:1709]           [INFO]     |  4/47 | Walt Disney Pictures Collection | = | A Bug's Life (1998)                                  |
[2022-11-06 10:47:53,282] [builder.py:1709]           [INFO]     |  5/47 | Walt Disney Pictures Collection | = | Cars (2006)                                          |
[2022-11-06 10:47:53,282] [builder.py:1709]           [INFO]     |  6/47 | Walt Disney Pictures Collection | = | Chip 'n Dale: Rescue Rangers (2022)                  |
[2022-11-06 10:47:53,284] [builder.py:1709]           [INFO]     |  7/47 | Walt Disney Pictures Collection | = | The Chronicles of Narnia: Prince Caspian (2008)      |
[2022-11-06 10:47:53,284] [builder.py:1709]           [INFO]     |  8/47 | Walt Disney Pictures Collection | = | The Chronicles of Narnia: The Lion, the Witch and the Wardrobe (2005) |
[2022-11-06 10:47:53,284] [builder.py:1709]           [INFO]     |  9/47 | Walt Disney Pictures Collection | = | Coco (2017)                                          |
[2022-11-06 10:47:53,285] [builder.py:1709]           [INFO]     | 10/47 | Walt Disney Pictures Collection | = | Cool Runnings (1993)                                 |
[2022-11-06 10:47:53,285] [builder.py:1709]           [INFO]     | 11/47 | Walt Disney Pictures Collection | = | Cruella (2021)                                       |
[2022-11-06 10:47:53,285] [builder.py:1709]           [INFO]     | 12/47 | Walt Disney Pictures Collection | = | Fantasia (1941)                                      |
[2022-11-06 10:47:53,286] [builder.py:1709]           [INFO]     | 13/47 | Walt Disney Pictures Collection | = | Freaky Friday (2003)                                 |
[2022-11-06 10:47:53,286] [builder.py:1709]           [INFO]     | 14/47 | Walt Disney Pictures Collection | = | George of the Jungle (1997)                          |
[2022-11-06 10:47:53,286] [builder.py:1709]           [INFO]     | 15/47 | Walt Disney Pictures Collection | = | Hamilton (2020)                                      |
[2022-11-06 10:47:53,286] [builder.py:1709]           [INFO]     | 16/47 | Walt Disney Pictures Collection | = | High School Musical 2 (2007)                         |
[2022-11-06 10:47:53,287] [builder.py:1709]           [INFO]     | 17/47 | Walt Disney Pictures Collection | = | High School Musical 3: Senior Year (2008)            |
[2022-11-06 10:47:53,287] [builder.py:1709]           [INFO]     | 18/47 | Walt Disney Pictures Collection | = | Hocus Pocus (1993)                                   |
[2022-11-06 10:47:53,287] [builder.py:1709]           [INFO]     | 19/47 | Walt Disney Pictures Collection | = | Hocus Pocus 2 (2022)                                 |
[2022-11-06 10:47:53,288] [builder.py:1709]           [INFO]     | 20/47 | Walt Disney Pictures Collection | = | The Incredibles (2004)                               |
[2022-11-06 10:47:53,288] [builder.py:1709]           [INFO]     | 21/47 | Walt Disney Pictures Collection | = | Incredibles 2 (2018)                                 |
[2022-11-06 10:47:53,288] [builder.py:1709]           [INFO]     | 22/47 | Walt Disney Pictures Collection | = | Inside Out (2015)                                    |
[2022-11-06 10:47:53,289] [builder.py:1709]           [INFO]     | 23/47 | Walt Disney Pictures Collection | = | Jungle Cruise (2021)                                 |
[2022-11-06 10:47:53,289] [builder.py:1709]           [INFO]     | 24/47 | Walt Disney Pictures Collection | = | Lightyear (2022)                                     |
[2022-11-06 10:47:53,290] [builder.py:1709]           [INFO]     | 25/47 | Walt Disney Pictures Collection | = | Lilo & Stitch (2002)                                 |
[2022-11-06 10:47:53,290] [builder.py:1709]           [INFO]     | 26/47 | Walt Disney Pictures Collection | = | Luca (2021)                                          |
[2022-11-06 10:47:53,290] [builder.py:1709]           [INFO]     | 27/47 | Walt Disney Pictures Collection | = | Monsters University (2013)                           |
[2022-11-06 10:47:53,291] [builder.py:1709]           [INFO]     | 28/47 | Walt Disney Pictures Collection | = | Monsters, Inc. (2001)                                |
[2022-11-06 10:47:53,291] [builder.py:1709]           [INFO]     | 29/47 | Walt Disney Pictures Collection | = | National Treasure (2004)                             |
[2022-11-06 10:47:53,291] [builder.py:1709]           [INFO]     | 30/47 | Walt Disney Pictures Collection | = | National Treasure: Book of Secrets (2007)            |
[2022-11-06 10:47:53,292] [builder.py:1709]           [INFO]     | 31/47 | Walt Disney Pictures Collection | = | The Nightmare Before Christmas (1993)                |
[2022-11-06 10:47:53,292] [builder.py:1709]           [INFO]     | 32/47 | Walt Disney Pictures Collection | = | Onward (2020)                                        |
[2022-11-06 10:47:53,293] [builder.py:1709]           [INFO]     | 33/47 | Walt Disney Pictures Collection | = | The Parent Trap (1998)                               |
[2022-11-06 10:47:53,293] [builder.py:1709]           [INFO]     | 34/47 | Walt Disney Pictures Collection | = | Piper (2016)                                         |
[2022-11-06 10:47:53,293] [builder.py:1709]           [INFO]     | 35/47 | Walt Disney Pictures Collection | = | Pirates of the Caribbean: At World's End (2007)      |
[2022-11-06 10:47:53,294] [builder.py:1709]           [INFO]     | 36/47 | Walt Disney Pictures Collection | = | Pirates of the Caribbean: Dead Man's Chest (2006)    |
[2022-11-06 10:47:53,294] [builder.py:1709]           [INFO]     | 37/47 | Walt Disney Pictures Collection | = | Pirates of the Caribbean: Dead Men Tell No Tales (2017) |
[2022-11-06 10:47:53,294] [builder.py:1709]           [INFO]     | 38/47 | Walt Disney Pictures Collection | = | Pirates of the Caribbean: On Stranger Tides (2011)   |
[2022-11-06 10:47:53,295] [builder.py:1709]           [INFO]     | 39/47 | Walt Disney Pictures Collection | = | Pirates of the Caribbean: The Curse of the Black Pearl (2003) |
[2022-11-06 10:47:53,295] [builder.py:1709]           [INFO]     | 40/47 | Walt Disney Pictures Collection | = | Pocahontas (1995)                                    |
[2022-11-06 10:47:53,296] [builder.py:1709]           [INFO]     | 41/47 | Walt Disney Pictures Collection | = | Ratatouille (2007)                                   |
[2022-11-06 10:47:53,296] [builder.py:1709]           [INFO]     | 42/47 | Walt Disney Pictures Collection | = | Rise (2022)                                          |
[2022-11-06 10:47:53,296] [builder.py:1709]           [INFO]     | 43/47 | Walt Disney Pictures Collection | = | The Sorcerer's Apprentice (2010)                     |
[2022-11-06 10:47:53,297] [builder.py:1709]           [INFO]     | 44/47 | Walt Disney Pictures Collection | = | Soul (2020)                                          |
[2022-11-06 10:47:53,297] [builder.py:1709]           [INFO]     | 45/47 | Walt Disney Pictures Collection | = | Toy Story 3 (2010)                                   |
[2022-11-06 10:47:53,298] [builder.py:1709]           [INFO]     | 46/47 | Walt Disney Pictures Collection | = | Toy Story 4 (2019)                                   |
[2022-11-06 10:47:53,298] [builder.py:1709]           [INFO]     | 47/47 | Walt Disney Pictures Collection | = | WALL·E (2008)                                        |
[2022-11-06 10:47:53,300] [builder.py:1734]           [INFO]     |                                                                                                    |
[2022-11-06 10:47:53,301] [builder.py:1735]           [INFO]     | 47 Movies Processed                                                                                |
[2022-11-06 10:47:53,305] [builder.py:2147]           [INFO]     |                                                                                                    |
[2022-11-06 10:47:53,306] [util.py:216]               [INFO]     |======================= Updating Details of Walt Disney Pictures Collection ========================|
[2022-11-06 10:47:53,306] [builder.py:2149]           [INFO]     |                                                                                                    |
[2022-11-06 10:47:53,306] [builder.py:2156]           [INFO]     | Detail: summary updated Collection Summary                                                         |
[2022-11-06 10:47:53,307] [builder.py:2258]           [DEBUG]    | 1 posters found:                                                                                   |
[2022-11-06 10:47:53,307] [builder.py:2260]           [DEBUG]    | Method: url_poster Poster: https://theposterdb.com/api/assets/16549                                |
[2022-11-06 10:47:53,307] [builder.py:2327]           [INFO]     | No background collection detail or asset folder found                                              |
[2022-11-06 10:47:53,308] [library.py:147]            [INFO]     | Detail: poster update not needed                                                                   |
[2022-11-06 10:47:53,628] [plex_meta_manager.py:880]  [INFO]     |                                                                                                    |
[2022-11-06 10:47:53,629] [util.py:209]               [INFO]     |====================================================================================================|
[2022-11-06 10:47:53,629] [util.py:216]               [INFO]     |                              Finished Walt Disney Pictures Collection                              |
[2022-11-06 10:47:53,629] [util.py:216]               [INFO]     |                                    Collection Run Time: 0:00:01                                    |
[2022-11-06 10:47:53,630] [util.py:220]               [INFO]     |====================================================================================================|
