[2022-01-16 14:54:29,538] [util.py:209]               [INFO]     |====================================================================================================|
[2022-01-16 14:54:29,538] [util.py:216]               [INFO]     |                                  Ben Stiller Collection in Movies                                  |
[2022-01-16 14:54:29,539] [util.py:220]               [INFO]     |====================================================================================================|
[2022-01-16 14:54:29,539] [plex_meta_manager.py:750]  [INFO]     |                                                                                                    |
[2022-01-16 14:54:29,540] [util.py:216]               [INFO]     |================================ Validating Ben Stiller Attributes =================================|
[2022-01-16 14:54:29,541] [builder.py:265]            [DEBUG]    |                                                                                                    |
[2022-01-16 14:54:29,541] [builder.py:266]            [DEBUG]    | Validating Method: template                                                                        |
[2022-01-16 14:54:29,541] [meta.py:83]                [DEBUG]    | Value: ordereddict([('name', 'people'), ('person', 7399)])                                         |
[2022-01-16 14:54:29,542] [builder.py:367]            [DEBUG]    |                                                                                                    |
[2022-01-16 14:54:29,542] [builder.py:368]            [DEBUG]    | Validating Method: tmdb_person                                                                     |
[2022-01-16 14:54:29,542] [builder.py:372]            [DEBUG]    | Value: 7399                                                                                        |
[2022-01-16 14:54:29,740] [builder.py:453]            [DEBUG]    |                                                                                                    |
[2022-01-16 14:54:29,741] [builder.py:454]            [DEBUG]    | Validating Method: collection_order                                                                |
[2022-01-16 14:54:29,741] [builder.py:455]            [DEBUG]    | Value: release                                                                                     |
[2022-01-16 14:54:29,741] [builder.py:472]            [DEBUG]    |                                                                                                    |
[2022-01-16 14:54:29,742] [builder.py:473]            [DEBUG]    | Validating Method: actor                                                                           |
[2022-01-16 14:54:29,742] [builder.py:474]            [DEBUG]    | Value: tmdb                                                                                        |
[2022-01-16 14:54:29,784] [builder.py:472]            [DEBUG]    |                                                                                                    |
[2022-01-16 14:54:29,784] [builder.py:473]            [DEBUG]    | Validating Method: sort_title                                                                      |
[2022-01-16 14:54:29,785] [builder.py:474]            [DEBUG]    | Value: ++_Ben Stiller                                                                              |
[2022-01-16 14:54:29,789] [plex.py:685]               [DEBUG]    | Looking for: Ben Stiller                                                                           |
[2022-01-16 14:54:29,790] [builder.py:619]            [INFO]     |                                                                                                    |
[2022-01-16 14:54:29,790] [builder.py:620]            [INFO]     | Validation Successful                                                                              |
[2022-01-16 14:54:29,791] [plex_meta_manager.py:758]  [INFO]     |                                                                                                    |
[2022-01-16 14:54:29,792] [util.py:216]               [INFO]     |================================== Running Ben Stiller Collection ==================================|
[2022-01-16 14:54:29,792] [plex_meta_manager.py:773]  [INFO]     |                                                                                                    |
[2022-01-16 14:54:29,793] [plex_meta_manager.py:774]  [INFO]     | Sync Mode: append                                                                                  |
[2022-01-16 14:54:29,793] [builder.py:1275]           [DEBUG]    |                                                                                                    |
[2022-01-16 14:54:29,793] [builder.py:1276]           [DEBUG]    | Builder: plex_search: (1, 'Plex Movie Search\nSort By: title.asc\nFilter:\n  Match any of the following:\n    Actor is Ben Stiller', '?type=1&sort=titleSort&push=1&actor=2830&pop=1') |
[2022-01-16 14:54:29,794] [builder.py:1277]           [INFO]     |                                                                                                    |
[2022-01-16 14:54:29,794] [util.py:161]               [INFO]     | Plex Movie Search                                                                                  |
[2022-01-16 14:54:29,794] [util.py:161]               [INFO]     | Sort By: title.asc                                                                                 |
[2022-01-16 14:54:29,795] [util.py:161]               [INFO]     | Filter:                                                                                            |
[2022-01-16 14:54:29,795] [util.py:161]               [INFO]     |   Match any of the following:                                                                      |
[2022-01-16 14:54:29,795] [util.py:161]               [INFO]     |     Actor is Ben Stiller                                                                           |
[2022-01-16 14:54:29,806] [plex.py:746]               [DEBUG]    |                                                                                                    |
[2022-01-16 14:54:29,807] [plex.py:747]               [DEBUG]    | 2 Keys Found: [(32208, 'ratingKey'), (31593, 'ratingKey')]                                         |
[2022-01-16 14:54:29,807] [builder.py:1282]           [DEBUG]    |                                                                                                    |
[2022-01-16 14:54:29,807] [builder.py:1283]           [DEBUG]    | 2 IDs Found: [(32208, 'ratingKey'), (31593, 'ratingKey')]                                          |
[2022-01-16 14:54:29,808] [builder.py:1284]           [DEBUG]    |                                                                                                    |
[2022-01-16 14:54:29,866] [builder.py:1697]           [INFO]     |                                                                                                    |
[2022-01-16 14:54:29,867] [util.py:216]               [INFO]     |================================= Adding to Ben Stiller Collection =================================|
[2022-01-16 14:54:29,867] [builder.py:1699]           [INFO]     |                                                                                                    |
[2022-01-16 14:54:29,868] [builder.py:1709]           [INFO]     | 1/2 | Ben Stiller Collection | + | The Royal Tenenbaums (2001)                                     |
[2022-01-16 14:54:29,962] [builder.py:1709]           [INFO]     | 2/2 | Ben Stiller Collection | + | Tropic Thunder (2008)                                           |
[2022-01-16 14:54:30,075] [builder.py:1734]           [INFO]     |                                                                                                    |
[2022-01-16 14:54:30,075] [builder.py:1735]           [INFO]     | 2 Movies Processed                                                                                 |
[2022-01-16 14:54:30,080] [builder.py:2147]           [INFO]     |                                                                                                    |
[2022-01-16 14:54:30,081] [util.py:216]               [INFO]     |============================ Updating Details of Ben Stiller Collection ============================|
[2022-01-16 14:54:30,081] [builder.py:2149]           [INFO]     |                                                                                                    |
[2022-01-16 14:54:30,082] [builder.py:2156]           [INFO]     | Detail: tmdb_person updated Collection Summary                                                     |
[2022-01-16 14:54:30,082] [builder.py:2193]           [INFO]     | Detail: sort_title updated Collection Sort Title to ++_Ben Stiller                                 |
[2022-01-16 14:54:30,082] [builder.py:2235]           [DEBUG]    | {'summary.value': "An American comedian, actor, writer, film director, and producer. He is the son of veteran comedians and actors Jerry Stiller and Anne Meara. After beginning his acting career with a play, Stiller wrote several mockumentaries, and was offered two of his own shows, both entitled The Ben Stiller Show. He began acting in films, and had his directorial debut with Reality Bites. Throughout his career he has since written, starred in, directed, and/or produced over 50 films including Heavyweights, There's Something About Mary, Meet the Parents, Zoolander, Dodgeball, and Tropic Thunder. In addition, he has had multiple cameos in music videos, television shows, and films. Stiller is a member of the comedic acting brotherhood colloquially known as the Frat Pack. His films have grossed more than $2.1 billion domestically (United States and Canada), with an average of $73 million per film. Throughout his career, he has received several awards and honors including an Emmy Award, several MTV Movie Awards, and a Teen Choice Award.", 'summary.locked': 1, 'titleSort.value': '++_Ben Stiller', 'titleSort.locked': 1} |
[2022-01-16 14:54:30,096] [builder.py:2237]           [INFO]     | Details: have been updated                                                                         |
[2022-01-16 14:54:30,096] [builder.py:2258]           [DEBUG]    | 1 posters found:                                                                                   |
[2022-01-16 14:54:30,097] [builder.py:2260]           [DEBUG]    | Method: tmdb_person Poster: https://image.tmdb.org/t/p/original/scgpxhI05JpdNXXfmpK6z0rPOWN.jpg    |
[2022-01-16 14:54:30,097] [builder.py:2327]           [INFO]     | No background collection detail or asset folder found                                              |
[2022-01-16 14:54:30,125] [library.py:145]            [INFO]     | Detail: tmdb_person updated poster to [URL] https://image.tmdb.org/t/p/original/scgpxhI05JpdNXXfmpK6z0rPOWN.jpg |
[2022-01-16 14:54:30,305] [plex_meta_manager.py:880]  [INFO]     |                                                                                                    |
[2022-01-16 14:54:30,306] [util.py:209]               [INFO]     |====================================================================================================|
[2022-01-16 14:54:30,307] [util.py:216]               [INFO]     |                                  Finished Ben Stiller Collection                                   |
[2022-01-16 14:54:30,307] [util.py:216]               [INFO]     |                                    Collection Run Time: 0:00:00                                    |
[2022-01-16 14:54:30,308] [util.py:220]               [INFO]     |====================================================================================================|
