[2022-11-23 17:31:23,128] [util.py:209]               [INFO]     |====================================================================================================|
[2022-11-23 17:31:23,128] [util.py:216]               [INFO]     |                           The Chronicles of Narnia Collection in Movies                            |
[2022-11-23 17:31:23,129] [util.py:220]               [INFO]     |====================================================================================================|
[2022-11-23 17:31:23,129] [plex_meta_manager.py:750]  [INFO]     |                                                                                                    |
[2022-11-23 17:31:23,137] [util.py:216]               [INFO]     |========================== Validating The Chronicles of Narnia Attributes ==========================|
[2022-11-23 17:31:23,137] [builder.py:265]            [DEBUG]    |                                                                                                    |
[2022-11-23 17:31:23,137] [builder.py:266]            [DEBUG]    | Validating Method: template                                                                        |
[2022-11-23 17:31:23,138] [meta.py:83]                [DEBUG]    | Value: ordereddict([('name', 'Movie'), ('collection', 420), ('summary', 420), ('poster', 'https://theposterdb.com/api/assets/150')]) |
[2022-11-23 17:31:23,138] [builder.py:330]            [DEBUG]    |                                                                                                    |
[2022-11-23 17:31:23,138] [builder.py:331]            [DEBUG]    | Validating Method: sync_mode                                                                       |
[2022-11-23 17:31:23,138] [builder.py:335]            [DEBUG]    | Value: sync                                                                                        |
[2022-11-23 17:31:23,139] [builder.py:453]            [DEBUG]    |                                                                                                    |
[2022-11-23 17:31:23,139] [builder.py:454]            [DEBUG]    | Validating Method: collection_order                                                                |
[2022-11-23 17:31:23,139] [builder.py:455]            [DEBUG]    | Value: release                                                                                     |
[2022-11-23 17:31:23,139] [builder.py:472]            [DEBUG]    |                                                                                                    |
[2022-11-23 17:31:23,140] [builder.py:473]            [DEBUG]    | Validating Method: url_poster                                                                      |
[2022-11-23 17:31:23,140] [builder.py:474]            [DEBUG]    | Value: https://theposterdb.com/api/assets/150                                                      |
[2022-11-23 17:31:23,140] [builder.py:472]            [DEBUG]    |                                                                                                    |
[2022-11-23 17:31:23,140] [builder.py:473]            [DEBUG]    | Validating Method: tmdb_collection                                                                 |
[2022-11-23 17:31:23,140] [builder.py:474]            [DEBUG]    | Value: 420                                                                                         |
[2022-11-23 17:31:23,173] [builder.py:472]            [DEBUG]    |                                                                                                    |
[2022-11-23 17:31:23,174] [builder.py:473]            [DEBUG]    | Validating Method: tmdb_summary                                                                    |
[2022-11-23 17:31:23,174] [builder.py:474]            [DEBUG]    | Value: 420                                                                                         |
[2022-11-23 17:31:23,174] [builder.py:472]            [DEBUG]    |                                                                                                    |
[2022-11-23 17:31:23,174] [builder.py:473]            [DEBUG]    | Validating Method: sort_title                                                                      |
[2022-11-23 17:31:23,175] [builder.py:474]            [DEBUG]    | Value: 00000f_The Chronicles of Narnia                                                             |
[2022-11-23 17:31:23,175] [builder.py:472]            [DEBUG]    |                                                                                                    |
[2022-11-23 17:31:23,175] [builder.py:473]            [DEBUG]    | Validating Method: radarr_add_missing                                                              |
[2022-11-23 17:31:23,176] [builder.py:474]            [DEBUG]    | Value: True                                                                                        |
[2022-11-23 17:31:23,307] [builder.py:619]            [INFO]     |                                                                                                    |
[2022-11-23 17:31:23,307] [builder.py:620]            [INFO]     | Validation Successful                                                                              |
[2022-11-23 17:31:23,309] [plex_meta_manager.py:758]  [INFO]     |                                                                                                    |
[2022-11-23 17:31:23,309] [util.py:216]               [INFO]     |=========================== Running The Chronicles of Narnia Collection ============================|
[2022-11-23 17:31:23,309] [plex_meta_manager.py:773]  [INFO]     |                                                                                                    |
[2022-11-23 17:31:23,310] [plex_meta_manager.py:774]  [INFO]     | Sync Mode: sync                                                                                    |
[2022-11-23 17:31:23,310] [builder.py:1275]           [DEBUG]    |                                                                                                    |
[2022-11-23 17:31:23,310] [builder.py:1276]           [DEBUG]    | Builder: tmdb_collection: 420                                                                      |
[2022-11-23 17:31:23,311] [builder.py:1277]           [INFO]     |                                                                                                    |
[2022-11-23 17:31:23,311] [tmdb.py:323]               [INFO]     | Processing TMDb Collection: (420) The Chronicles of Narnia Collection (3 Items)                    |
[2022-11-23 17:31:23,311] [builder.py:1282]           [DEBUG]    |                                                                                                    |
[2022-11-23 17:31:23,312] [builder.py:1283]           [DEBUG]    | 3 IDs Found: [(411, 'tmdb'), (2454, 'tmdb'), (10140, 'tmdb')]                                      |
[2022-11-23 17:31:23,312] [builder.py:1284]           [DEBUG]    |                                                                                                    |
[2022-11-23 17:31:23,373] [builder.py:1697]           [INFO]     |                                                                                                    |
[2022-11-23 17:31:23,374] [util.py:216]               [INFO]     |========================== Adding to The Chronicles of Narnia Collection ===========================|
[2022-11-23 17:31:23,374] [builder.py:1699]           [INFO]     |                                                                                                    |
[2022-11-23 17:31:23,375] [builder.py:1709]           [INFO]     | 1/3 | The Chronicles of Narnia Collection | = | The Chronicles of Narnia: The Lion, the Witch and the Wardrobe (2005) |
[2022-11-23 17:31:23,375] [builder.py:1709]           [INFO]     | 2/3 | The Chronicles of Narnia Collection | = | The Chronicles of Narnia: Prince Caspian (2008)    |
[2022-11-23 17:31:23,375] [builder.py:1709]           [INFO]     | 3/3 | The Chronicles of Narnia Collection | = | The Chronicles of Narnia: The Voyage of the Dawn Treader (2010) |
[2022-11-23 17:31:23,376] [builder.py:1734]           [INFO]     |                                                                                                    |
[2022-11-23 17:31:23,376] [builder.py:1735]           [INFO]     | 3 Movies Processed                                                                                 |
[2022-11-23 17:31:23,380] [builder.py:2147]           [INFO]     |                                                                                                    |
[2022-11-23 17:31:23,381] [util.py:216]               [INFO]     |===================== Updating Details of The Chronicles of Narnia Collection ======================|
[2022-11-23 17:31:23,381] [builder.py:2149]           [INFO]     |                                                                                                    |
[2022-11-23 17:31:23,381] [builder.py:2156]           [INFO]     | Detail: tmdb_summary updated Collection Summary                                                    |
[2022-11-23 17:31:23,382] [builder.py:2258]           [DEBUG]    | 1 posters found:                                                                                   |
[2022-11-23 17:31:23,382] [builder.py:2260]           [DEBUG]    | Method: url_poster Poster: https://theposterdb.com/api/assets/150                                  |
[2022-11-23 17:31:23,383] [builder.py:2327]           [INFO]     | No background collection detail or asset folder found                                              |
[2022-11-23 17:31:23,384] [library.py:147]            [INFO]     | Detail: poster update not needed                                                                   |
[2022-11-23 17:31:23,508] [plex_meta_manager.py:880]  [INFO]     |                                                                                                    |
[2022-11-23 17:31:23,508] [util.py:209]               [INFO]     |====================================================================================================|
[2022-11-23 17:31:23,509] [util.py:216]               [INFO]     |                            Finished The Chronicles of Narnia Collection                            |
[2022-11-23 17:31:23,509] [util.py:216]               [INFO]     |                                    Collection Run Time: 0:00:00                                    |
[2022-11-23 17:31:23,509] [util.py:220]               [INFO]     |====================================================================================================|
