[2022-06-02 17:21:47,217] [util.py:209]               [INFO]     |====================================================================================================|
[2022-06-02 17:21:47,218] [util.py:216]               [INFO]     |                                  Horror Anime Collection in Anime                                  |
[2022-06-02 17:21:47,218] [util.py:220]               [INFO]     |====================================================================================================|
[2022-06-02 17:21:47,218] [plex_meta_manager.py:750]  [INFO]     |                                                                                                    |
[2022-06-02 17:21:47,219] [util.py:216]               [INFO]     |================================ Validating Horror Anime Attributes ================================|
[2022-06-02 17:21:47,219] [builder.py:255]            [DEBUG]    |                                                                                                    |
[2022-06-02 17:21:47,219] [builder.py:256]            [DEBUG]    | Validating Method: name                                                                            |
[2022-06-02 17:21:47,219] [builder.py:259]            [DEBUG]    | Value: Horror                                                                                      |
[2022-06-02 17:21:47,220] [builder.py:330]            [DEBUG]    |                                                                                                    |
[2022-06-02 17:21:47,220] [builder.py:331]            [DEBUG]    | Validating Method: sync_mode                                                                       |
[2022-06-02 17:21:47,220] [builder.py:335]            [DEBUG]    | Value: sync                                                                                        |
[2022-06-02 17:21:47,220] [builder.py:453]            [DEBUG]    |                                                                                                    |
[2022-06-02 17:21:47,221] [builder.py:454]            [DEBUG]    | Validating Method: collection_order                                                                |
[2022-06-02 17:21:47,221] [builder.py:455]            [DEBUG]    | Value: custom                                                                                      |
[2022-06-02 17:21:47,221] [builder.py:472]            [DEBUG]    |                                                                                                    |
[2022-06-02 17:21:47,221] [builder.py:473]            [DEBUG]    | Validating Method: mal_genre                                                                       |
[2022-06-02 17:21:47,221] [builder.py:474]            [DEBUG]    | Value: ordereddict([('genre_id', 14)])                                                             |
[2022-06-02 17:21:47,222] [builder.py:689]            [WARNING]  | Collection Warning: mal_genre limit attribute not found using 0 as default                         |
[2022-06-02 17:21:47,222] [builder.py:472]            [DEBUG]    |                                                                                                    |
[2022-06-02 17:21:47,222] [builder.py:473]            [DEBUG]    | Validating Method: url_poster                                                                      |
[2022-06-02 17:21:47,222] [builder.py:474]            [DEBUG]    | Value: https://i.imgur.com/tVLrVDY.png                                                             |
[2022-06-02 17:21:47,225] [plex.py:685]               [DEBUG]    | Looking for: Horror                                                                                |
[2022-06-02 17:21:47,225] [builder.py:619]            [INFO]     |                                                                                                    |
[2022-06-02 17:21:47,226] [builder.py:620]            [INFO]     | Validation Successful                                                                              |
[2022-06-02 17:21:47,226] [plex_meta_manager.py:758]  [INFO]     |                                                                                                    |
[2022-06-02 17:21:47,226] [util.py:216]               [INFO]     |================================= Running Horror Anime Collection ==================================|
[2022-06-02 17:21:47,227] [plex_meta_manager.py:773]  [INFO]     |                                                                                                    |
[2022-06-02 17:21:47,227] [plex_meta_manager.py:774]  [INFO]     | Sync Mode: sync                                                                                    |
[2022-06-02 17:21:47,227] [builder.py:1275]           [DEBUG]    |                                                                                                    |
[2022-06-02 17:21:47,227] [builder.py:1276]           [DEBUG]    | Builder: mal_genre: {'genre_id': 14, 'limit': 0}                                                   |
[2022-06-02 17:21:47,227] [builder.py:1277]           [INFO]     |                                                                                                    |
[2022-06-02 17:21:47,228] [mal.py:223]                [INFO]     | Processing MyAnimeList Genre ID: 14                                                                |
[2022-06-02 17:22:20,500] [mal.py:239]                [DEBUG]    |                                                                                                    |
[2022-06-02 17:22:20,500] [mal.py:240]                [DEBUG]    | 482 MyAnimeList IDs Found: [22319, 22535, 27899, 11111, 226, 8074, 6880, 36511, 35120, 16592, 777, 934, 37799, 47, 28623, 13125, 270, 35994, 437, 11499, 7724, 33, 31580, 1943, 38668, 24765, 12445, 48483, 150, 15037, 228, 384, 10490, 32189, 32379, 33028, 2246, 33253, 37517, 43690, 41006, 30458, 36027, 1571, 22687, 37451, 32438, 36266, 4896, 12115, 31297, 12113, 376, 11701, 19315, 3342, 1281, 34103, 543, 34055, 169, 395, 1594, 36124, 2404, 13807, 10418, 11837, 7662, 617, 369, 4581, 34544, 666, 1462, 13055, 405, 19383, 34152, 10681, 5039, 48488, 32071, 11077, 31430, 1860, 16694, 732, 2130, 14189, 58, 5034, 40333, 665, 7079, 1454, 586, 10083, 514, 16700, 413, 40074, 3603, 326, 104, 10417, 34966, 2981, 553, 37140, 22537, 1107, 41053, 916, 32015, 33519, 30868, 33520, 6904, 618, 44387, 690, 1192, 2683, 22689, 155, 279, 31994, 3446, 1177, 30948, 2775, 30524, 8986, 36992, 1951, 3166, 3354, 2252, 998, 4983, 2354, 34467, 6920, 300, 30869, 620, 1048, 9544, 30870, 35714, 1629, 35069, 724, 2356, 2355, 499, 1384, 1556, 40332, 33814, 31853, 37893, 621, 2012, 32682, 159, 39836, 14117, 2178, 258, 38915, 1346, 42260, 55, 6980, 35676, 6344, 36625, 1225, 1136, 978, 30825, 1517, 1085, 842, 1573, 37735, 35009, 41005, 44208, 1269, 1163, 6016, 9159, 42976, 15045, 1341, 3992, 4082, 1280, 3710, 2204, 1380, 1647, 1500, 34532, 2346, 1342, 2147, 1628, 49110, 2978, 1494, 42129, 1148, 1245, 37590, 1484, 1508, 2988, 1336, 1343, 8278, 3258, 2983, 2017, 34048, 3625, 2592, 1658, 4004, 33820, 2016, 11679, 1338, 6276, 9056, 50599, 999, 2293, 31634, 3475, 6809, 10003, 2261, 2165, 2262, 1767, 5918, 11687, 41124, 38104, 37291, 4095, 35480, 2018, 3525, 20855, 21861, 16610, 4531, 5624, 23057, 9287, 1026, 20811, 38902, 5688, 34974, 39675, 11691, 16091, 6069, 2944, 1353, 32894, 1337, 33103, 42076, 2343, 2360, 1340, 3998, 2315, 3906, 37437, 1611, 16604, 1227, 2745, 4823, 6061, 3254, 2250, 11869, 1702, 16606, 30412, 3427, 1383, 38181, 4350, 1966, 1782, 1819, 220, 28843, 2344, 8208, 3595, 49163, 11915, 3569, 3908, 7025, 4084, 31424, 4853, 36762, 26063, 2345, 5296, 16602, 2977, 31014, 41029, 11411, 32934, 2342, 3599, 8228, 2338, 34060, 30463, 5554, 22055, 33508, 3536, 9509, 1705, 6472, 36135, 24127, 4044, 35952, 4484, 8920, 23063, 12481, 23059, 3176, 3178, 6978, 37742, 41340, 33702, 42290, 2339, 18831, 3428, 12483, 33357, 6270, 4085, 9829, 8162, 30967, 4556, 12769, 49164, 6271, 8539, 3129, 9882, 28951, 50046, 33761, 22053, 42985, 12485, 8145, 8146, 48425, 3130, 8194, 7621, 20353, 38348, 9824, 51306, 33042, 8152, 11995, 38906, 8158, 44090, 33144, 2073, 9345, 8150, 37256, 8157, 9662, 34222, 28953, 23351, 8153, 8154, 8226, 30659, 48890, 8155, 17615, 17405, 36152, 43565, 42737, 8682, 6267, 8227, 41851, 42899, 8182, 8081, 37243, 33914, 48576, 37559, 19533, 38579, 34236, 24259, 41325, 35319, 19513, 34674, 35121, 42906, 32660, 38368, 30089, 22975, 10245, 23765, 37666, 35140, 34233, 32557, 35266, 44776, 22977, 28087, 12833, 23767, 41096, 37729, 44588, 30960, 35141, 29495, 28117, 42047, 28489, 37667, 42014, 40378, 49314, 41504, 36003, 48960, 35496, 35060, 44560, 44670, 44657, 44551, 44554, 44555, 44556, 44552, 44553] |
[2022-06-02 17:22:20,506] [convert.py:100]            [ERROR]    | Convert Error: AniDB ID not found for MyAnimeList ID: 384                                          |
[2022-06-02 17:22:20,507] [convert.py:100]            [ERROR]    | Convert Error: AniDB ID not found for MyAnimeList ID: 30458                                        |
[2022-06-02 17:22:20,507] [convert.py:100]            [ERROR]    | Convert Error: AniDB ID not found for MyAnimeList ID: 12115                                        |
[2022-06-02 17:22:20,507] [convert.py:100]            [ERROR]    | Convert Error: AniDB ID not found for MyAnimeList ID: 31297                                        |
[2022-06-02 17:22:20,508] [convert.py:100]            [ERROR]    | Convert Error: AniDB ID not found for MyAnimeList ID: 12113                                        |
[2022-06-02 17:22:20,508] [convert.py:100]            [ERROR]    | Convert Error: AniDB ID not found for MyAnimeList ID: 376                                          |
[2022-06-02 17:22:20,509] [convert.py:100]            [ERROR]    | Convert Error: AniDB ID not found for MyAnimeList ID: 395                                          |
[2022-06-02 17:22:20,510] [convert.py:78]             [ERROR]    | Convert Error: No TVDb ID or IMDb ID found for AniDB ID: 12654                                     |
[2022-06-02 17:22:20,511] [convert.py:78]             [ERROR]    | Convert Error: No TVDb ID or IMDb ID found for AniDB ID: 12436                                     |
[2022-06-02 17:22:20,512] [convert.py:100]            [ERROR]    | Convert Error: AniDB ID not found for MyAnimeList ID: 11077                                        |
[2022-06-02 17:22:20,513] [convert.py:100]            [ERROR]    | Convert Error: AniDB ID not found for MyAnimeList ID: 16694                                        |
[2022-06-02 17:22:20,513] [convert.py:100]            [ERROR]    | Convert Error: AniDB ID not found for MyAnimeList ID: 14189                                        |
[2022-06-02 17:22:20,514] [convert.py:78]             [ERROR]    | Convert Error: No TVDb ID or IMDb ID found for AniDB ID: 15063                                     |
[2022-06-02 17:22:20,514] [convert.py:100]            [ERROR]    | Convert Error: AniDB ID not found for MyAnimeList ID: 10083                                        |
[2022-06-02 17:22:20,517] [convert.py:100]            [ERROR]    | Convert Error: AniDB ID not found for MyAnimeList ID: 41053                                        |
[2022-06-02 17:22:20,517] [convert.py:100]            [ERROR]    | Convert Error: AniDB ID not found for MyAnimeList ID: 32015                                        |
[2022-06-02 17:22:20,517] [convert.py:100]            [ERROR]    | Convert Error: AniDB ID not found for MyAnimeList ID: 33519                                        |
[2022-06-02 17:22:20,518] [convert.py:100]            [ERROR]    | Convert Error: AniDB ID not found for MyAnimeList ID: 30868                                        |
[2022-06-02 17:22:20,518] [convert.py:100]            [ERROR]    | Convert Error: AniDB ID not found for MyAnimeList ID: 33520                                        |
[2022-06-02 17:22:20,518] [convert.py:100]            [ERROR]    | Convert Error: AniDB ID not found for MyAnimeList ID: 6904                                         |
[2022-06-02 17:22:20,519] [convert.py:78]             [ERROR]    | Convert Error: No TVDb ID or IMDb ID found for AniDB ID: 10456                                     |
[2022-06-02 17:22:20,520] [convert.py:100]            [ERROR]    | Convert Error: AniDB ID not found for MyAnimeList ID: 36992                                        |
[2022-06-02 17:22:20,521] [convert.py:100]            [ERROR]    | Convert Error: AniDB ID not found for MyAnimeList ID: 3354                                         |
[2022-06-02 17:22:20,522] [convert.py:100]            [ERROR]    | Convert Error: AniDB ID not found for MyAnimeList ID: 30869                                        |
[2022-06-02 17:22:20,522] [convert.py:100]            [ERROR]    | Convert Error: AniDB ID not found for MyAnimeList ID: 30870                                        |
[2022-06-02 17:22:20,523] [convert.py:100]            [ERROR]    | Convert Error: AniDB ID not found for MyAnimeList ID: 724                                          |
[2022-06-02 17:22:20,524] [convert.py:78]             [ERROR]    | Convert Error: No TVDb ID or IMDb ID found for AniDB ID: 15064                                     |
[2022-06-02 17:22:20,525] [convert.py:100]            [ERROR]    | Convert Error: AniDB ID not found for MyAnimeList ID: 14117                                        |
[2022-06-02 17:22:20,525] [convert.py:78]             [ERROR]    | Convert Error: No TVDb ID or IMDb ID found for AniDB ID: 14568                                     |
[2022-06-02 17:22:20,525] [convert.py:100]            [ERROR]    | Convert Error: AniDB ID not found for MyAnimeList ID: 35676                                        |
[2022-06-02 17:22:20,526] [convert.py:100]            [ERROR]    | Convert Error: AniDB ID not found for MyAnimeList ID: 6344                                         |
[2022-06-02 17:22:20,526] [convert.py:100]            [ERROR]    | Convert Error: AniDB ID not found for MyAnimeList ID: 36625                                        |
[2022-06-02 17:22:20,526] [convert.py:100]            [ERROR]    | Convert Error: AniDB ID not found for MyAnimeList ID: 30825                                        |
[2022-06-02 17:22:20,527] [convert.py:100]            [ERROR]    | Convert Error: AniDB ID not found for MyAnimeList ID: 35009                                        |
[2022-06-02 17:22:20,527] [convert.py:78]             [ERROR]    | Convert Error: No TVDb ID or IMDb ID found for AniDB ID: 15349                                     |
[2022-06-02 17:22:20,528] [convert.py:78]             [ERROR]    | Convert Error: No TVDb ID or IMDb ID found for AniDB ID: 15744                                     |
[2022-06-02 17:22:20,528] [convert.py:100]            [ERROR]    | Convert Error: AniDB ID not found for MyAnimeList ID: 3992                                         |
[2022-06-02 17:22:20,528] [convert.py:100]            [ERROR]    | Convert Error: AniDB ID not found for MyAnimeList ID: 4082                                         |
[2022-06-02 17:22:20,529] [convert.py:78]             [ERROR]    | Convert Error: No TVDb ID or IMDb ID found for AniDB ID: 14382                                     |
[2022-06-02 17:22:20,530] [convert.py:100]            [ERROR]    | Convert Error: AniDB ID not found for MyAnimeList ID: 1342                                         |
[2022-06-02 17:22:20,530] [convert.py:78]             [ERROR]    | Convert Error: No TVDb ID or IMDb ID found for AniDB ID: 3383                                      |
[2022-06-02 17:22:20,531] [convert.py:78]             [ERROR]    | Convert Error: No TVDb ID or IMDb ID found for AniDB ID: 15585                                     |
[2022-06-02 17:22:20,532] [convert.py:100]            [ERROR]    | Convert Error: AniDB ID not found for MyAnimeList ID: 37590                                        |
[2022-06-02 17:22:20,533] [convert.py:100]            [ERROR]    | Convert Error: AniDB ID not found for MyAnimeList ID: 2988                                         |
[2022-06-02 17:22:20,533] [convert.py:78]             [ERROR]    | Convert Error: No TVDb ID or IMDb ID found for AniDB ID: 8750                                      |
[2022-06-02 17:22:20,535] [convert.py:78]             [ERROR]    | Convert Error: No TVDb ID or IMDb ID found for AniDB ID: 12732                                     |
[2022-06-02 17:22:20,536] [convert.py:78]             [ERROR]    | Convert Error: No TVDb ID or IMDb ID found for AniDB ID: 1871                                      |
[2022-06-02 17:22:20,536] [convert.py:100]            [ERROR]    | Convert Error: AniDB ID not found for MyAnimeList ID: 4004                                         |
[2022-06-02 17:22:20,536] [convert.py:78]             [ERROR]    | Convert Error: No TVDb ID or IMDb ID found for AniDB ID: 8753                                      |
[2022-06-02 17:22:20,537] [convert.py:78]             [ERROR]    | Convert Error: No TVDb ID or IMDb ID found for AniDB ID: 7954                                      |
[2022-06-02 17:22:20,537] [convert.py:78]             [ERROR]    | Convert Error: No TVDb ID or IMDb ID found for AniDB ID: 17057                                     |
[2022-06-02 17:22:20,538] [convert.py:78]             [ERROR]    | Convert Error: No TVDb ID or IMDb ID found for AniDB ID: 11617                                     |
[2022-06-02 17:22:20,538] [convert.py:78]             [ERROR]    | Convert Error: No TVDb ID or IMDb ID found for AniDB ID: 3479                                      |
[2022-06-02 17:22:20,539] [convert.py:78]             [ERROR]    | Convert Error: No TVDb ID or IMDb ID found for AniDB ID: 8745                                      |
[2022-06-02 17:22:20,541] [convert.py:78]             [ERROR]    | Convert Error: No TVDb ID or IMDb ID found for AniDB ID: 3496                                      |
[2022-06-02 17:22:20,541] [convert.py:78]             [ERROR]    | Convert Error: No TVDb ID or IMDb ID found for AniDB ID: 8755                                      |
[2022-06-02 17:22:20,541] [convert.py:78]             [ERROR]    | Convert Error: No TVDb ID or IMDb ID found for AniDB ID: 15365                                     |
[2022-06-02 17:22:20,542] [convert.py:100]            [ERROR]    | Convert Error: AniDB ID not found for MyAnimeList ID: 38104                                        |
[2022-06-02 17:22:20,542] [convert.py:78]             [ERROR]    | Convert Error: No TVDb ID or IMDb ID found for AniDB ID: 13942                                     |
[2022-06-02 17:22:20,543] [convert.py:78]             [ERROR]    | Convert Error: No TVDb ID or IMDb ID found for AniDB ID: 1406                                      |
[2022-06-02 17:22:20,543] [convert.py:78]             [ERROR]    | Convert Error: No TVDb ID or IMDb ID found for AniDB ID: 2754                                      |
[2022-06-02 17:22:20,543] [convert.py:78]             [ERROR]    | Convert Error: No TVDb ID or IMDb ID found for AniDB ID: 11418                                     |
[2022-06-02 17:22:20,543] [convert.py:78]             [ERROR]    | Convert Error: No TVDb ID or IMDb ID found for AniDB ID: 10141                                     |
[2022-06-02 17:22:20,544] [convert.py:78]             [ERROR]    | Convert Error: No TVDb ID or IMDb ID found for AniDB ID: 10645                                     |
[2022-06-02 17:22:20,545] [convert.py:100]            [ERROR]    | Convert Error: AniDB ID not found for MyAnimeList ID: 23057                                        |
[2022-06-02 17:22:20,545] [convert.py:100]            [ERROR]    | Convert Error: AniDB ID not found for MyAnimeList ID: 9287                                         |
[2022-06-02 17:22:20,545] [convert.py:78]             [ERROR]    | Convert Error: No TVDb ID or IMDb ID found for AniDB ID: 10644                                     |
[2022-06-02 17:22:20,546] [convert.py:78]             [ERROR]    | Convert Error: No TVDb ID or IMDb ID found for AniDB ID: 14562                                     |
[2022-06-02 17:22:20,546] [convert.py:78]             [ERROR]    | Convert Error: No TVDb ID or IMDb ID found for AniDB ID: 12898                                     |
[2022-06-02 17:22:20,546] [convert.py:78]             [ERROR]    | Convert Error: No TVDb ID or IMDb ID found for AniDB ID: 15632                                     |
[2022-06-02 17:22:20,547] [convert.py:78]             [ERROR]    | Convert Error: No TVDb ID or IMDb ID found for AniDB ID: 8752                                      |
[2022-06-02 17:22:20,548] [convert.py:100]            [ERROR]    | Convert Error: AniDB ID not found for MyAnimeList ID: 16091                                        |
[2022-06-02 17:22:20,548] [convert.py:78]             [ERROR]    | Convert Error: No TVDb ID or IMDb ID found for AniDB ID: 2235                                      |
[2022-06-02 17:22:20,548] [convert.py:100]            [ERROR]    | Convert Error: AniDB ID not found for MyAnimeList ID: 2944                                         |
[2022-06-02 17:22:20,548] [convert.py:100]            [ERROR]    | Convert Error: AniDB ID not found for MyAnimeList ID: 1353                                         |
[2022-06-02 17:22:20,549] [convert.py:78]             [ERROR]    | Convert Error: No TVDb ID or IMDb ID found for AniDB ID: 12288                                     |
[2022-06-02 17:22:20,549] [convert.py:78]             [ERROR]    | Convert Error: No TVDb ID or IMDb ID found for AniDB ID: 1685                                      |
[2022-06-02 17:22:20,549] [convert.py:78]             [ERROR]    | Convert Error: No TVDb ID or IMDb ID found for AniDB ID: 12063                                     |
[2022-06-02 17:22:20,549] [convert.py:100]            [ERROR]    | Convert Error: AniDB ID not found for MyAnimeList ID: 42076                                        |
[2022-06-02 17:22:20,550] [convert.py:100]            [ERROR]    | Convert Error: AniDB ID not found for MyAnimeList ID: 2343                                         |
[2022-06-02 17:22:20,550] [convert.py:100]            [ERROR]    | Convert Error: AniDB ID not found for MyAnimeList ID: 2360                                         |
[2022-06-02 17:22:20,550] [convert.py:100]            [ERROR]    | Convert Error: AniDB ID not found for MyAnimeList ID: 3998                                         |
[2022-06-02 17:22:20,551] [convert.py:100]            [ERROR]    | Convert Error: AniDB ID not found for MyAnimeList ID: 2315                                         |
[2022-06-02 17:22:20,551] [convert.py:78]             [ERROR]    | Convert Error: No TVDb ID or IMDb ID found for AniDB ID: 13892                                     |
[2022-06-02 17:22:20,552] [convert.py:78]             [ERROR]    | Convert Error: No TVDb ID or IMDb ID found for AniDB ID: 2618                                      |
[2022-06-02 17:22:20,552] [convert.py:78]             [ERROR]    | Convert Error: No TVDb ID or IMDb ID found for AniDB ID: 10646                                     |
[2022-06-02 17:22:20,552] [convert.py:78]             [ERROR]    | Convert Error: No TVDb ID or IMDb ID found for AniDB ID: 4017                                      |
[2022-06-02 17:22:20,552] [convert.py:78]             [ERROR]    | Convert Error: No TVDb ID or IMDb ID found for AniDB ID: 2925                                      |
[2022-06-02 17:22:20,553] [convert.py:100]            [ERROR]    | Convert Error: AniDB ID not found for MyAnimeList ID: 3254                                         |
[2022-06-02 17:22:20,553] [convert.py:78]             [ERROR]    | Convert Error: No TVDb ID or IMDb ID found for AniDB ID: 8756                                      |
[2022-06-02 17:22:20,554] [convert.py:100]            [ERROR]    | Convert Error: AniDB ID not found for MyAnimeList ID: 1702                                         |
[2022-06-02 17:22:20,554] [convert.py:78]             [ERROR]    | Convert Error: No TVDb ID or IMDb ID found for AniDB ID: 10640                                     |
[2022-06-02 17:22:20,554] [convert.py:78]             [ERROR]    | Convert Error: No TVDb ID or IMDb ID found for AniDB ID: 13353                                     |
[2022-06-02 17:22:20,554] [convert.py:100]            [ERROR]    | Convert Error: AniDB ID not found for MyAnimeList ID: 3427                                         |
[2022-06-02 17:22:20,555] [convert.py:100]            [ERROR]    | Convert Error: AniDB ID not found for MyAnimeList ID: 1383                                         |
[2022-06-02 17:22:20,555] [convert.py:78]             [ERROR]    | Convert Error: No TVDb ID or IMDb ID found for AniDB ID: 13780                                     |
[2022-06-02 17:22:20,555] [convert.py:100]            [ERROR]    | Convert Error: AniDB ID not found for MyAnimeList ID: 4350                                         |
[2022-06-02 17:22:20,555] [convert.py:100]            [ERROR]    | Convert Error: AniDB ID not found for MyAnimeList ID: 1782                                         |
[2022-06-02 17:22:20,556] [convert.py:100]            [ERROR]    | Convert Error: AniDB ID not found for MyAnimeList ID: 220                                          |
[2022-06-02 17:22:20,556] [convert.py:78]             [ERROR]    | Convert Error: No TVDb ID or IMDb ID found for AniDB ID: 11432                                     |
[2022-06-02 17:22:20,556] [convert.py:100]            [ERROR]    | Convert Error: AniDB ID not found for MyAnimeList ID: 2344                                         |
[2022-06-02 17:22:20,556] [convert.py:78]             [ERROR]    | Convert Error: No TVDb ID or IMDb ID found for AniDB ID: 16377                                     |
[2022-06-02 17:22:20,557] [convert.py:78]             [ERROR]    | Convert Error: No TVDb ID or IMDb ID found for AniDB ID: 8754                                      |
[2022-06-02 17:22:20,557] [convert.py:100]            [ERROR]    | Convert Error: AniDB ID not found for MyAnimeList ID: 3569                                         |
[2022-06-02 17:22:20,557] [convert.py:100]            [ERROR]    | Convert Error: AniDB ID not found for MyAnimeList ID: 3908                                         |
[2022-06-02 17:22:20,557] [convert.py:78]             [ERROR]    | Convert Error: No TVDb ID or IMDb ID found for AniDB ID: 8614                                      |
[2022-06-02 17:22:20,558] [convert.py:100]            [ERROR]    | Convert Error: AniDB ID not found for MyAnimeList ID: 4084                                         |
[2022-06-02 17:22:20,558] [convert.py:100]            [ERROR]    | Convert Error: AniDB ID not found for MyAnimeList ID: 31424                                        |
[2022-06-02 17:22:20,558] [convert.py:78]             [ERROR]    | Convert Error: No TVDb ID or IMDb ID found for AniDB ID: 13801                                     |
[2022-06-02 17:22:20,558] [convert.py:100]            [ERROR]    | Convert Error: AniDB ID not found for MyAnimeList ID: 26063                                        |
[2022-06-02 17:22:20,559] [convert.py:100]            [ERROR]    | Convert Error: AniDB ID not found for MyAnimeList ID: 2345                                         |
[2022-06-02 17:22:20,559] [convert.py:78]             [ERROR]    | Convert Error: No TVDb ID or IMDb ID found for AniDB ID: 4019                                      |
[2022-06-02 17:22:20,559] [convert.py:100]            [ERROR]    | Convert Error: AniDB ID not found for MyAnimeList ID: 16602                                        |
[2022-06-02 17:22:20,559] [convert.py:100]            [ERROR]    | Convert Error: AniDB ID not found for MyAnimeList ID: 2977                                         |
[2022-06-02 17:22:20,560] [convert.py:100]            [ERROR]    | Convert Error: AniDB ID not found for MyAnimeList ID: 31014                                        |
[2022-06-02 17:22:20,560] [convert.py:78]             [ERROR]    | Convert Error: No TVDb ID or IMDb ID found for AniDB ID: 15353                                     |
[2022-06-02 17:22:20,560] [convert.py:78]             [ERROR]    | Convert Error: No TVDb ID or IMDb ID found for AniDB ID: 6294                                      |
[2022-06-02 17:22:20,560] [convert.py:78]             [ERROR]    | Convert Error: No TVDb ID or IMDb ID found for AniDB ID: 11989                                     |
[2022-06-02 17:22:20,561] [convert.py:100]            [ERROR]    | Convert Error: AniDB ID not found for MyAnimeList ID: 2342                                         |
[2022-06-02 17:22:20,561] [convert.py:78]             [ERROR]    | Convert Error: No TVDb ID or IMDb ID found for AniDB ID: 4018                                      |
[2022-06-02 17:22:20,561] [convert.py:100]            [ERROR]    | Convert Error: AniDB ID not found for MyAnimeList ID: 2338                                         |
[2022-06-02 17:22:20,561] [convert.py:78]             [ERROR]    | Convert Error: No TVDb ID or IMDb ID found for AniDB ID: 13298                                     |
[2022-06-02 17:22:20,562] [convert.py:78]             [ERROR]    | Convert Error: No TVDb ID or IMDb ID found for AniDB ID: 11031                                     |
[2022-06-02 17:22:20,563] [convert.py:78]             [ERROR]    | Convert Error: No TVDb ID or IMDb ID found for AniDB ID: 3138                                      |
[2022-06-02 17:22:20,564] [convert.py:100]            [ERROR]    | Convert Error: AniDB ID not found for MyAnimeList ID: 22055                                        |
[2022-06-02 17:22:20,564] [convert.py:78]             [ERROR]    | Convert Error: No TVDb ID or IMDb ID found for AniDB ID: 13352                                     |
[2022-06-02 17:22:20,564] [convert.py:100]            [ERROR]    | Convert Error: AniDB ID not found for MyAnimeList ID: 3536                                         |
[2022-06-02 17:22:20,564] [convert.py:78]             [ERROR]    | Convert Error: No TVDb ID or IMDb ID found for AniDB ID: 7235                                      |
[2022-06-02 17:22:20,565] [convert.py:78]             [ERROR]    | Convert Error: No TVDb ID or IMDb ID found for AniDB ID: 5456                                      |
[2022-06-02 17:22:20,565] [convert.py:78]             [ERROR]    | Convert Error: No TVDb ID or IMDb ID found for AniDB ID: 10649                                     |
[2022-06-02 17:22:20,565] [convert.py:78]             [ERROR]    | Convert Error: No TVDb ID or IMDb ID found for AniDB ID: 13759                                     |
[2022-06-02 17:22:20,566] [convert.py:78]             [ERROR]    | Convert Error: No TVDb ID or IMDb ID found for AniDB ID: 4730                                      |
[2022-06-02 17:22:20,566] [convert.py:78]             [ERROR]    | Convert Error: No TVDb ID or IMDb ID found for AniDB ID: 6365                                      |
[2022-06-02 17:22:20,566] [convert.py:100]            [ERROR]    | Convert Error: AniDB ID not found for MyAnimeList ID: 23063                                        |
[2022-06-02 17:22:20,566] [convert.py:78]             [ERROR]    | Convert Error: No TVDb ID or IMDb ID found for AniDB ID: 8016                                      |
[2022-06-02 17:22:20,567] [convert.py:100]            [ERROR]    | Convert Error: AniDB ID not found for MyAnimeList ID: 23059                                        |
[2022-06-02 17:22:20,567] [convert.py:78]             [ERROR]    | Convert Error: No TVDb ID or IMDb ID found for AniDB ID: 3602                                      |
[2022-06-02 17:22:20,567] [convert.py:78]             [ERROR]    | Convert Error: No TVDb ID or IMDb ID found for AniDB ID: 4316                                      |
[2022-06-02 17:22:20,568] [convert.py:100]            [ERROR]    | Convert Error: AniDB ID not found for MyAnimeList ID: 37742                                        |
[2022-06-02 17:22:20,568] [convert.py:78]             [ERROR]    | Convert Error: No TVDb ID or IMDb ID found for AniDB ID: 15407                                     |
[2022-06-02 17:22:20,568] [convert.py:100]            [ERROR]    | Convert Error: AniDB ID not found for MyAnimeList ID: 33702                                        |
[2022-06-02 17:22:20,569] [convert.py:78]             [ERROR]    | Convert Error: No TVDb ID or IMDb ID found for AniDB ID: 15674                                     |
[2022-06-02 17:22:20,569] [convert.py:100]            [ERROR]    | Convert Error: AniDB ID not found for MyAnimeList ID: 2339                                         |
[2022-06-02 17:22:20,569] [convert.py:78]             [ERROR]    | Convert Error: No TVDb ID or IMDb ID found for AniDB ID: 10122                                     |
[2022-06-02 17:22:20,569] [convert.py:100]            [ERROR]    | Convert Error: AniDB ID not found for MyAnimeList ID: 3428                                         |
[2022-06-02 17:22:20,569] [convert.py:78]             [ERROR]    | Convert Error: No TVDb ID or IMDb ID found for AniDB ID: 8017                                      |
[2022-06-02 17:22:20,570] [convert.py:78]             [ERROR]    | Convert Error: No TVDb ID or IMDb ID found for AniDB ID: 14781                                     |
[2022-06-02 17:22:20,570] [convert.py:78]             [ERROR]    | Convert Error: No TVDb ID or IMDb ID found for AniDB ID: 4608                                      |
[2022-06-02 17:22:20,570] [convert.py:78]             [ERROR]    | Convert Error: No TVDb ID or IMDb ID found for AniDB ID: 8747                                      |
[2022-06-02 17:22:20,570] [convert.py:78]             [ERROR]    | Convert Error: No TVDb ID or IMDb ID found for AniDB ID: 8748                                      |
[2022-06-02 17:22:20,571] [convert.py:78]             [ERROR]    | Convert Error: No TVDb ID or IMDb ID found for AniDB ID: 5173                                      |
[2022-06-02 17:22:20,571] [convert.py:78]             [ERROR]    | Convert Error: No TVDb ID or IMDb ID found for AniDB ID: 11948                                     |
[2022-06-02 17:22:20,571] [convert.py:100]            [ERROR]    | Convert Error: AniDB ID not found for MyAnimeList ID: 4556                                         |
[2022-06-02 17:22:20,571] [convert.py:78]             [ERROR]    | Convert Error: No TVDb ID or IMDb ID found for AniDB ID: 2903                                      |
[2022-06-02 17:22:20,572] [convert.py:78]             [ERROR]    | Convert Error: No TVDb ID or IMDb ID found for AniDB ID: 16378                                     |
[2022-06-02 17:22:20,572] [convert.py:78]             [ERROR]    | Convert Error: No TVDb ID or IMDb ID found for AniDB ID: 4611                                      |
[2022-06-02 17:22:20,572] [convert.py:78]             [ERROR]    | Convert Error: No TVDb ID or IMDb ID found for AniDB ID: 6366                                      |
[2022-06-02 17:22:20,573] [convert.py:78]             [ERROR]    | Convert Error: No TVDb ID or IMDb ID found for AniDB ID: 5164                                      |
[2022-06-02 17:22:20,573] [convert.py:78]             [ERROR]    | Convert Error: No TVDb ID or IMDb ID found for AniDB ID: 6027                                      |
[2022-06-02 17:22:20,573] [convert.py:78]             [ERROR]    | Convert Error: No TVDb ID or IMDb ID found for AniDB ID: 11358                                     |
[2022-06-02 17:22:20,573] [convert.py:100]            [ERROR]    | Convert Error: AniDB ID not found for MyAnimeList ID: 50046                                        |
[2022-06-02 17:22:20,574] [convert.py:100]            [ERROR]    | Convert Error: AniDB ID not found for MyAnimeList ID: 33761                                        |
[2022-06-02 17:22:20,574] [convert.py:78]             [ERROR]    | Convert Error: No TVDb ID or IMDb ID found for AniDB ID: 8927                                      |
[2022-06-02 17:22:20,574] [convert.py:100]            [ERROR]    | Convert Error: AniDB ID not found for MyAnimeList ID: 42985                                        |
[2022-06-02 17:22:20,575] [convert.py:78]             [ERROR]    | Convert Error: No TVDb ID or IMDb ID found for AniDB ID: 8018                                      |
[2022-06-02 17:22:20,576] [convert.py:78]             [ERROR]    | Convert Error: No TVDb ID or IMDb ID found for AniDB ID: 16108                                     |
[2022-06-02 17:22:20,576] [convert.py:78]             [ERROR]    | Convert Error: No TVDb ID or IMDb ID found for AniDB ID: 1854                                      |
[2022-06-02 17:22:20,576] [convert.py:78]             [ERROR]    | Convert Error: No TVDb ID or IMDb ID found for AniDB ID: 7022                                      |
[2022-06-02 17:22:20,577] [convert.py:78]             [ERROR]    | Convert Error: No TVDb ID or IMDb ID found for AniDB ID: 6102                                      |
[2022-06-02 17:22:20,577] [convert.py:78]             [ERROR]    | Convert Error: No TVDb ID or IMDb ID found for AniDB ID: 14404                                     |
[2022-06-02 17:22:20,580] [convert.py:78]             [ERROR]    | Convert Error: No TVDb ID or IMDb ID found for AniDB ID: 7935                                      |
[2022-06-02 17:22:20,580] [convert.py:78]             [ERROR]    | Convert Error: No TVDb ID or IMDb ID found for AniDB ID: 17266                                     |
[2022-06-02 17:22:20,580] [convert.py:78]             [ERROR]    | Convert Error: No TVDb ID or IMDb ID found for AniDB ID: 13933                                     |
[2022-06-02 17:22:20,580] [convert.py:78]             [ERROR]    | Convert Error: No TVDb ID or IMDb ID found for AniDB ID: 2307                                      |
[2022-06-02 17:22:20,581] [convert.py:78]             [ERROR]    | Convert Error: No TVDb ID or IMDb ID found for AniDB ID: 1855                                      |
[2022-06-02 17:22:20,581] [convert.py:100]            [ERROR]    | Convert Error: AniDB ID not found for MyAnimeList ID: 38906                                        |
[2022-06-02 17:22:20,581] [convert.py:78]             [ERROR]    | Convert Error: No TVDb ID or IMDb ID found for AniDB ID: 1454                                      |
[2022-06-02 17:22:20,581] [convert.py:78]             [ERROR]    | Convert Error: No TVDb ID or IMDb ID found for AniDB ID: 16313                                     |
[2022-06-02 17:22:20,581] [convert.py:100]            [ERROR]    | Convert Error: AniDB ID not found for MyAnimeList ID: 33144                                        |
[2022-06-02 17:22:20,582] [convert.py:78]             [ERROR]    | Convert Error: No TVDb ID or IMDb ID found for AniDB ID: 4320                                      |
[2022-06-02 17:22:20,582] [convert.py:78]             [ERROR]    | Convert Error: No TVDb ID or IMDb ID found for AniDB ID: 7907                                      |
[2022-06-02 17:22:20,582] [convert.py:78]             [ERROR]    | Convert Error: No TVDb ID or IMDb ID found for AniDB ID: 7474                                      |
[2022-06-02 17:22:20,582] [convert.py:100]            [ERROR]    | Convert Error: AniDB ID not found for MyAnimeList ID: 37256                                        |
[2022-06-02 17:22:20,583] [convert.py:78]             [ERROR]    | Convert Error: No TVDb ID or IMDb ID found for AniDB ID: 7358                                      |
[2022-06-02 17:22:20,583] [convert.py:100]            [ERROR]    | Convert Error: AniDB ID not found for MyAnimeList ID: 9662                                         |
[2022-06-02 17:22:20,583] [convert.py:78]             [ERROR]    | Convert Error: No TVDb ID or IMDb ID found for AniDB ID: 12465                                     |
[2022-06-02 17:22:20,584] [convert.py:78]             [ERROR]    | Convert Error: No TVDb ID or IMDb ID found for AniDB ID: 11428                                     |
[2022-06-02 17:22:20,584] [convert.py:78]             [ERROR]    | Convert Error: No TVDb ID or IMDb ID found for AniDB ID: 4710                                      |
[2022-06-02 17:22:20,584] [convert.py:78]             [ERROR]    | Convert Error: No TVDb ID or IMDb ID found for AniDB ID: 2284                                      |
[2022-06-02 17:22:20,584] [convert.py:78]             [ERROR]    | Convert Error: No TVDb ID or IMDb ID found for AniDB ID: 2310                                      |
[2022-06-02 17:22:20,585] [convert.py:78]             [ERROR]    | Convert Error: No TVDb ID or IMDb ID found for AniDB ID: 2050                                      |
[2022-06-02 17:22:20,585] [convert.py:78]             [ERROR]    | Convert Error: No TVDb ID or IMDb ID found for AniDB ID: 11708                                     |
[2022-06-02 17:22:20,585] [convert.py:78]             [ERROR]    | Convert Error: No TVDb ID or IMDb ID found for AniDB ID: 16329                                     |
[2022-06-02 17:22:20,585] [convert.py:78]             [ERROR]    | Convert Error: No TVDb ID or IMDb ID found for AniDB ID: 2315                                      |
[2022-06-02 17:22:20,586] [convert.py:78]             [ERROR]    | Convert Error: No TVDb ID or IMDb ID found for AniDB ID: 6806                                      |
[2022-06-02 17:22:20,586] [convert.py:78]             [ERROR]    | Convert Error: No TVDb ID or IMDb ID found for AniDB ID: 7917                                      |
[2022-06-02 17:22:20,586] [convert.py:78]             [ERROR]    | Convert Error: No TVDb ID or IMDb ID found for AniDB ID: 13393                                     |
[2022-06-02 17:22:20,587] [convert.py:100]            [ERROR]    | Convert Error: AniDB ID not found for MyAnimeList ID: 43565                                        |
[2022-06-02 17:22:20,587] [convert.py:100]            [ERROR]    | Convert Error: AniDB ID not found for MyAnimeList ID: 42737                                        |
[2022-06-02 17:22:20,587] [convert.py:100]            [ERROR]    | Convert Error: AniDB ID not found for MyAnimeList ID: 8682                                         |
[2022-06-02 17:22:20,587] [convert.py:78]             [ERROR]    | Convert Error: No TVDb ID or IMDb ID found for AniDB ID: 4854                                      |
[2022-06-02 17:22:20,588] [convert.py:78]             [ERROR]    | Convert Error: No TVDb ID or IMDb ID found for AniDB ID: 2051                                      |
[2022-06-02 17:22:20,588] [convert.py:78]             [ERROR]    | Convert Error: No TVDb ID or IMDb ID found for AniDB ID: 15066                                     |
[2022-06-02 17:22:20,588] [convert.py:100]            [ERROR]    | Convert Error: AniDB ID not found for MyAnimeList ID: 42899                                        |
[2022-06-02 17:22:20,588] [convert.py:78]             [ERROR]    | Convert Error: No TVDb ID or IMDb ID found for AniDB ID: 3604                                      |
[2022-06-02 17:22:20,588] [convert.py:78]             [ERROR]    | Convert Error: No TVDb ID or IMDb ID found for AniDB ID: 12265                                     |
[2022-06-02 17:22:20,589] [convert.py:100]            [ERROR]    | Convert Error: AniDB ID not found for MyAnimeList ID: 37243                                        |
[2022-06-02 17:22:20,589] [convert.py:100]            [ERROR]    | Convert Error: AniDB ID not found for MyAnimeList ID: 33914                                        |
[2022-06-02 17:22:20,589] [convert.py:78]             [ERROR]    | Convert Error: No TVDb ID or IMDb ID found for AniDB ID: 16116                                     |
[2022-06-02 17:22:20,589] [convert.py:78]             [ERROR]    | Convert Error: No TVDb ID or IMDb ID found for AniDB ID: 13953                                     |
[2022-06-02 17:22:20,590] [convert.py:78]             [ERROR]    | Convert Error: No TVDb ID or IMDb ID found for AniDB ID: 9172                                      |
[2022-06-02 17:22:20,590] [convert.py:78]             [ERROR]    | Convert Error: No TVDb ID or IMDb ID found for AniDB ID: 14460                                     |
[2022-06-02 17:22:20,590] [convert.py:100]            [ERROR]    | Convert Error: AniDB ID not found for MyAnimeList ID: 34236                                        |
[2022-06-02 17:22:20,590] [convert.py:78]             [ERROR]    | Convert Error: No TVDb ID or IMDb ID found for AniDB ID: 10217                                     |
[2022-06-02 17:22:20,591] [convert.py:78]             [ERROR]    | Convert Error: No TVDb ID or IMDb ID found for AniDB ID: 15487                                     |
[2022-06-02 17:22:20,591] [convert.py:100]            [ERROR]    | Convert Error: AniDB ID not found for MyAnimeList ID: 35319                                        |
[2022-06-02 17:22:20,591] [convert.py:78]             [ERROR]    | Convert Error: No TVDb ID or IMDb ID found for AniDB ID: 5944                                      |
[2022-06-02 17:22:20,591] [convert.py:100]            [ERROR]    | Convert Error: AniDB ID not found for MyAnimeList ID: 34674                                        |
[2022-06-02 17:22:20,592] [convert.py:100]            [ERROR]    | Convert Error: AniDB ID not found for MyAnimeList ID: 35121                                        |
[2022-06-02 17:22:20,592] [convert.py:100]            [ERROR]    | Convert Error: AniDB ID not found for MyAnimeList ID: 42906                                        |
[2022-06-02 17:22:20,592] [convert.py:100]            [ERROR]    | Convert Error: AniDB ID not found for MyAnimeList ID: 32660                                        |
[2022-06-02 17:22:20,592] [convert.py:100]            [ERROR]    | Convert Error: AniDB ID not found for MyAnimeList ID: 38368                                        |
[2022-06-02 17:22:20,592] [convert.py:78]             [ERROR]    | Convert Error: No TVDb ID or IMDb ID found for AniDB ID: 11114                                     |
[2022-06-02 17:22:20,593] [convert.py:78]             [ERROR]    | Convert Error: No TVDb ID or IMDb ID found for AniDB ID: 5266                                      |
[2022-06-02 17:22:20,595] [convert.py:100]            [ERROR]    | Convert Error: AniDB ID not found for MyAnimeList ID: 23765                                        |
[2022-06-02 17:22:20,595] [convert.py:100]            [ERROR]    | Convert Error: AniDB ID not found for MyAnimeList ID: 37666                                        |
[2022-06-02 17:22:20,595] [convert.py:78]             [ERROR]    | Convert Error: No TVDb ID or IMDb ID found for AniDB ID: 13022                                     |
[2022-06-02 17:22:20,596] [convert.py:100]            [ERROR]    | Convert Error: AniDB ID not found for MyAnimeList ID: 34233                                        |
[2022-06-02 17:22:20,596] [convert.py:100]            [ERROR]    | Convert Error: AniDB ID not found for MyAnimeList ID: 32557                                        |
[2022-06-02 17:22:20,596] [convert.py:100]            [ERROR]    | Convert Error: AniDB ID not found for MyAnimeList ID: 35266                                        |
[2022-06-02 17:22:20,596] [convert.py:100]            [ERROR]    | Convert Error: AniDB ID not found for MyAnimeList ID: 44776                                        |
[2022-06-02 17:22:20,597] [convert.py:78]             [ERROR]    | Convert Error: No TVDb ID or IMDb ID found for AniDB ID: 9360                                      |
[2022-06-02 17:22:20,597] [convert.py:78]             [ERROR]    | Convert Error: No TVDb ID or IMDb ID found for AniDB ID: 4236                                      |
[2022-06-02 17:22:20,597] [convert.py:100]            [ERROR]    | Convert Error: AniDB ID not found for MyAnimeList ID: 23767                                        |
[2022-06-02 17:22:20,597] [convert.py:100]            [ERROR]    | Convert Error: AniDB ID not found for MyAnimeList ID: 41096                                        |
[2022-06-02 17:22:20,598] [convert.py:100]            [ERROR]    | Convert Error: AniDB ID not found for MyAnimeList ID: 37729                                        |
[2022-06-02 17:22:20,598] [convert.py:100]            [ERROR]    | Convert Error: AniDB ID not found for MyAnimeList ID: 44588                                        |
[2022-06-02 17:22:20,598] [convert.py:100]            [ERROR]    | Convert Error: AniDB ID not found for MyAnimeList ID: 30960                                        |
[2022-06-02 17:22:20,598] [convert.py:100]            [ERROR]    | Convert Error: AniDB ID not found for MyAnimeList ID: 35141                                        |
[2022-06-02 17:22:20,599] [convert.py:78]             [ERROR]    | Convert Error: No TVDb ID or IMDb ID found for AniDB ID: 12938                                     |
[2022-06-02 17:22:20,599] [convert.py:78]             [ERROR]    | Convert Error: No TVDb ID or IMDb ID found for AniDB ID: 7946                                      |
[2022-06-02 17:22:20,599] [convert.py:100]            [ERROR]    | Convert Error: AniDB ID not found for MyAnimeList ID: 42047                                        |
[2022-06-02 17:22:20,599] [convert.py:78]             [ERROR]    | Convert Error: No TVDb ID or IMDb ID found for AniDB ID: 10085                                     |
[2022-06-02 17:22:20,600] [convert.py:78]             [ERROR]    | Convert Error: No TVDb ID or IMDb ID found for AniDB ID: 13021                                     |
[2022-06-02 17:22:20,600] [convert.py:100]            [ERROR]    | Convert Error: AniDB ID not found for MyAnimeList ID: 42014                                        |
[2022-06-02 17:22:20,600] [convert.py:100]            [ERROR]    | Convert Error: AniDB ID not found for MyAnimeList ID: 40378                                        |
[2022-06-02 17:22:20,600] [convert.py:100]            [ERROR]    | Convert Error: AniDB ID not found for MyAnimeList ID: 49314                                        |
[2022-06-02 17:22:20,601] [convert.py:100]            [ERROR]    | Convert Error: AniDB ID not found for MyAnimeList ID: 41504                                        |
[2022-06-02 17:22:20,601] [convert.py:100]            [ERROR]    | Convert Error: AniDB ID not found for MyAnimeList ID: 36003                                        |
[2022-06-02 17:22:20,601] [convert.py:100]            [ERROR]    | Convert Error: AniDB ID not found for MyAnimeList ID: 48960                                        |
[2022-06-02 17:22:20,601] [convert.py:78]             [ERROR]    | Convert Error: No TVDb ID or IMDb ID found for AniDB ID: 13321                                     |
[2022-06-02 17:22:20,602] [convert.py:100]            [ERROR]    | Convert Error: AniDB ID not found for MyAnimeList ID: 35060                                        |
[2022-06-02 17:22:20,602] [convert.py:100]            [ERROR]    | Convert Error: AniDB ID not found for MyAnimeList ID: 44560                                        |
[2022-06-02 17:22:20,602] [convert.py:100]            [ERROR]    | Convert Error: AniDB ID not found for MyAnimeList ID: 44670                                        |
[2022-06-02 17:22:20,602] [convert.py:100]            [ERROR]    | Convert Error: AniDB ID not found for MyAnimeList ID: 44657                                        |
[2022-06-02 17:22:20,602] [convert.py:100]            [ERROR]    | Convert Error: AniDB ID not found for MyAnimeList ID: 44551                                        |
[2022-06-02 17:22:20,603] [convert.py:100]            [ERROR]    | Convert Error: AniDB ID not found for MyAnimeList ID: 44554                                        |
[2022-06-02 17:22:20,603] [convert.py:100]            [ERROR]    | Convert Error: AniDB ID not found for MyAnimeList ID: 44555                                        |
[2022-06-02 17:22:20,603] [convert.py:100]            [ERROR]    | Convert Error: AniDB ID not found for MyAnimeList ID: 44556                                        |
[2022-06-02 17:22:20,603] [convert.py:100]            [ERROR]    | Convert Error: AniDB ID not found for MyAnimeList ID: 44552                                        |
[2022-06-02 17:22:20,604] [convert.py:100]            [ERROR]    | Convert Error: AniDB ID not found for MyAnimeList ID: 44553                                        |
[2022-06-02 17:22:20,604] [builder.py:1282]           [DEBUG]    |                                                                                                    |
[2022-06-02 17:22:20,604] [builder.py:1283]           [DEBUG]    | 221 IDs Found: [(281249, 'tvdb'), (279831, 'tvdb'), (281249, 'tvdb'), (254349, 'tvdb'), (75941, 'tvdb'), (171591, 'tvdb'), (247997, 'tvdb'), (281249, 'tvdb'), (338192, 'tvdb'), (270058, 'tvdb'), (263688, 'tvdb'), (79682, 'tvdb'), (281249, 'tvdb'), (149, 'tmdb'), (305082, 'tvdb'), (262838, 'tvdb'), (71278, 'tvdb'), (344844, 'tvdb'), (10494, 'tmdb'), (257518, 'tvdb'), (172941, 'tvdb'), (73752, 'tvdb'), (300835, 'tvdb'), (4977, 'tmdb'), (370761, 'tvdb'), (283946, 'tvdb'), (257852, 'tvdb'), (399121, 'tvdb'), (78960, 'tvdb'), (271988, 'tvdb'), (79106, 'tvdb'), (249864, 'tvdb'), (270058, 'tvdb'), (307111, 'tvdb'), (314361, 'tvdb'), (80470, 'tvdb'), (300835, 'tvdb'), (347194, 'tvdb'), (391006, 'tvdb'), (385002, 'tvdb'), (332981, 'tvdb'), (79527, 'tvdb'), (279828, 'tvdb'), (355624, 'tvdb'), (305099, 'tvdb'), (341998, 'tvdb'), (101981, 'tvdb'), (254349, 'tvdb'), (272130, 'tvdb'), (81365, 'tvdb'), (82234, 'tvdb'), (314361, 'tvdb'), (15999, 'tmdb'), (307111, 'tvdb'), (74522, 'tvdb'), (79106, 'tvdb'), (335237, 'tvdb'), (80330, 'tvdb'), (271988, 'tvdb'), (247997, 'tvdb'), (257395, 'tvdb'), (193841, 'tvdb'), (14282, 'tmdb'), (71742, 'tvdb'), (83363, 'tvdb'), (83950, 'tvdb'), (42994, 'tmdb'), (257518, 'tvdb'), (919, 'tmdb'), (271591, 'tvdb'), (171823, 'tmdb'), (83408, 'tvdb'), (385002, 'tvdb'), (396263, 'tmdb'), (279828, 'tvdb'), (80014, 'tvdb'), (9463, 'tmdb'), (81877, 'tvdb'), (76664, 'tvdb'), (83363, 'tvdb'), (83950, 'tvdb'), (133451, 'tvdb'), (79410, 'tvdb'), (79202, 'tvdb'), (83628, 'tvdb'), (79682, 'tvdb'), (155661, 'tmdb'), (373082, 'tvdb'), (83950, 'tvdb'), (82970, 'tvdb'), (78262, 'tvdb'), (94684, 'tmdb'), (79106, 'tvdb'), (53064, 'tmdb'), (78855, 'tvdb'), (341996, 'tvdb'), (271591, 'tvdb'), (21453, 'tmdb'), (79774, 'tvdb'), (72842, 'tvdb'), (407852, 'tvdb'), (70862, 'tvdb'), (27812, 'tmdb'), (80014, 'tvdb'), (70865, 'tvdb'), (74957, 'tvdb'), (271591, 'tvdb'), (13648, 'tmdb'), (79239, 'tvdb'), (300107, 'tvdb'), (85010, 'tvdb'), (300106, 'tvdb'), (197001, 'tvdb'), (37433, 'tmdb'), (82847, 'tvdb'), (94701, 'tvdb'), (76695, 'tvdb'), (129465, 'tmdb'), (94701, 'tvdb'), (271591, 'tvdb'), (249846, 'tvdb'), (70973, 'tvdb'), (120151, 'tvdb'), (80211, 'tvdb'), (133121, 'tmdb'), (271591, 'tvdb'), (83309, 'tvdb'), (326336, 'tvdb'), (62182, 'tmdb'), (94701, 'tvdb'), (44179, 'tmdb'), (70862, 'tvdb'), (80768, 'tvdb'), (317391, 'tvdb'), (400136, 'tmdb'), (271591, 'tvdb'), (82070, 'tvdb'), (258908, 'tvdb'), (300106, 'tvdb'), (75000, 'tvdb'), (271591, 'tvdb'), (13194, 'tmdb'), (83347, 'tvdb'), (79223, 'tvdb'), (384424, 'tvdb'), (79268, 'tvdb'), (125561, 'tvdb'), (70973, 'tvdb'), (71654, 'tvdb'), (112501, 'tvdb'), (72493, 'tvdb'), (80466, 'tvdb'), (80015, 'tvdb'), (72844, 'tvdb'), (348704, 'tvdb'), (271591, 'tvdb'), (57224, 'tmdb'), (89771, 'tvdb'), (79103, 'tvdb'), (81877, 'tvdb'), (262105, 'tvdb'), (59332, 'tmdb'), (84537, 'tvdb'), (81701, 'tvdb'), (79457, 'tvdb'), (37326, 'tmdb'), (140551, 'tvdb'), (79780, 'tvdb'), (87069, 'tmdb'), (100421, 'tvdb'), (271591, 'tvdb'), (89191, 'tvdb'), (51576, 'tmdb'), (98611, 'tvdb'), (20089, 'tmdb'), (85077, 'tvdb'), (79478, 'tvdb'), (79103, 'tvdb'), (96650, 'tmdb'), (67253, 'tmdb'), (73792, 'tmdb'), (120151, 'tvdb'), (56609, 'tmdb'), (88799, 'tmdb'), (317391, 'tvdb'), (120151, 'tvdb'), (92976, 'tmdb'), (172133, 'tmdb'), (76695, 'tvdb'), (76847, 'tmdb'), (108449, 'tmdb'), (50113, 'tmdb'), (265216, 'tvdb'), (34772, 'tmdb'), (88879, 'tmdb'), (136601, 'tmdb'), (329831, 'tvdb'), (73461, 'tmdb'), (53986, 'tmdb'), (195281, 'tvdb'), (265216, 'tvdb'), (51096, 'tmdb'), (332167, 'tmdb'), (256873, 'tvdb'), (120501, 'tvdb'), (166706, 'tmdb'), (250974, 'tvdb'), (276287, 'tvdb'), (258908, 'tvdb'), (166821, 'tvdb'), (147231, 'tvdb'), (166821, 'tvdb'), (141751, 'tvdb'), (335039, 'tvdb'), (120501, 'tvdb'), (3066, 'tmdb'), (450999, 'tmdb'), (76724, 'tmdb'), (184211, 'tvdb'), (184211, 'tvdb'), (184211, 'tvdb')] |
[2022-06-02 17:22:20,604] [builder.py:1284]           [DEBUG]    |                                                                                                    |
[2022-06-02 17:22:20,610] [plex_meta_manager.py:797]  [INFO]     |                                                                                                    |
[2022-06-02 17:22:20,611] [plex_meta_manager.py:798]  [INFO]     | Collection Minimum: 1 not met for Horror Anime Collection                                          |
[2022-06-02 17:22:20,611] [builder.py:1929]           [INFO]     |                                                                                                    |
[2022-06-02 17:22:20,612] [util.py:216]               [INFO]     |=============================== Missing Movies from Library: Horror ================================|
[2022-06-02 17:22:20,612] [builder.py:1931]           [INFO]     |                                                                                                    |
[2022-06-02 17:22:20,614] [builder.py:1943]           [INFO]     | Horror Collection | ? | Akira (1988) (TMDb: 149)                                                   |
[2022-06-02 17:22:20,616] [builder.py:1943]           [INFO]     | Horror Collection | ? | Perfect Blue (1997) (TMDb: 10494)                                          |
[2022-06-02 17:22:20,617] [builder.py:1943]           [INFO]     | Horror Collection | ? | Paprika (2006) (TMDb: 4977)                                                |
[2022-06-02 17:22:20,618] [builder.py:1943]           [INFO]     | Horror Collection | ? | Vampire Hunter D: Bloodlust (2000) (TMDb: 15999)                           |
[2022-06-02 17:22:20,619] [builder.py:1943]           [INFO]     | Horror Collection | ? | Ninja Scroll (1993) (TMDb: 14282)                                          |
[2022-06-02 17:22:20,620] [builder.py:1943]           [INFO]     | Horror Collection | ? | Memories (1995) (TMDb: 42994)                                              |
[2022-06-02 17:22:20,621] [builder.py:1943]           [INFO]     | Horror Collection | ? | Blood: The Last Vampire (2000) (TMDb: 919)                                 |
[2022-06-02 17:22:20,621] [builder.py:1943]           [INFO]     | Horror Collection | ? | Blood-C: The Last Dark (2012) (TMDb: 171823)                               |
[2022-06-02 17:22:20,622] [builder.py:1943]           [INFO]     | Horror Collection | ? | Gantz:O (2016) (TMDb: 396263)                                              |
[2022-06-02 17:22:20,623] [builder.py:1943]           [INFO]     | Horror Collection | ? | Vampire Hunter D (1985) (TMDb: 9463)                                       |
[2022-06-02 17:22:21,300] [builder.py:1943]           [INFO]     | Horror Collection | ? | Mars of Destruction (2005) (TMDb: 155661)                                  |
[2022-06-02 17:22:21,559] [builder.py:1943]           [INFO]     | Horror Collection | ? | Gyo: Tokyo Fish Attack (2012) (TMDb: 94684)                                |
[2022-06-02 17:22:21,560] [builder.py:1943]           [INFO]     | Horror Collection | ? | Midori (1992) (TMDb: 53064)                                                |
[2022-06-02 17:22:21,561] [builder.py:1943]           [INFO]     | Horror Collection | ? | Wicked City (1987) (TMDb: 21453)                                           |
[2022-06-02 17:22:21,586] [builder.py:1943]           [INFO]     | Horror Collection | ? | Kakurenbo: Hide & Seek (2005) (TMDb: 27812)                                |
[2022-06-02 17:22:21,588] [builder.py:1943]           [INFO]     | Horror Collection | ? | Resident Evil: Degeneration (2008) (TMDb: 13648)                           |
[2022-06-02 17:22:21,589] [builder.py:1943]           [INFO]     | Horror Collection | ? | Neo Tokyo (1989) (TMDb: 37433)                                             |
[2022-06-02 17:22:21,590] [builder.py:1943]           [INFO]     | Horror Collection | ? | Hells (2008) (TMDb: 129465)                                                |
[2022-06-02 17:22:21,591] [builder.py:1943]           [INFO]     | Horror Collection | ? | Resident Evil: Damnation (2012) (TMDb: 133121)                             |
[2022-06-02 17:22:21,591] [builder.py:1943]           [INFO]     | Horror Collection | ? | Devilman Volume 3: Devilman Apocalypse (2000) (TMDb: 62182)                |
[2022-06-02 17:22:21,592] [builder.py:1943]           [INFO]     | Horror Collection | ? | Demon City Shinjuku (1988) (TMDb: 44179)                                   |
[2022-06-02 17:22:21,593] [builder.py:1943]           [INFO]     | Horror Collection | ? | Resident Evil: Vendetta (2017) (TMDb: 400136)                              |
[2022-06-02 17:22:21,594] [builder.py:1943]           [INFO]     | Horror Collection | ? | Highlander: The Search for Vengeance (2007) (TMDb: 13194)                  |
[2022-06-02 17:22:21,594] [builder.py:1943]           [INFO]     | Horror Collection | ? | Bio Hunter (1995) (TMDb: 57224)                                            |
[2022-06-02 17:22:21,595] [builder.py:1943]           [INFO]     | Horror Collection | ? | Violence Jack: Harlem Bomber (1986) (TMDb: 59332)                          |
[2022-06-02 17:22:21,596] [builder.py:1943]           [INFO]     | Horror Collection | ? | Blue Gender: The Warrior (2002) (TMDb: 37326)                              |
[2022-06-02 17:22:21,596] [builder.py:1943]           [INFO]     | Horror Collection | ? | Ichi the Killer: Episode 0 (2002) (TMDb: 87069)                            |
[2022-06-02 17:22:21,597] [builder.py:1943]           [INFO]     | Horror Collection | ? | Darkside Blues (1994) (TMDb: 51576)                                        |
[2022-06-02 17:22:21,598] [builder.py:1943]           [INFO]     | Horror Collection | ? | Twilight of the Dark Master (1998) (TMDb: 20089)                           |
[2022-06-02 17:22:21,598] [builder.py:1943]           [INFO]     | Horror Collection | ? | Violence Jack: Evil Town (1988) (TMDb: 96650)                              |
[2022-06-02 17:22:21,599] [builder.py:1943]           [INFO]     | Horror Collection | ? | Lily C.A.T. (1987) (TMDb: 67253)                                           |
[2022-06-02 17:22:21,600] [builder.py:1943]           [INFO]     | Horror Collection | ? | Digital Devil Story - Megami Tensei (1987) (TMDb: 73792)                   |
[2022-06-02 17:22:21,601] [builder.py:1943]           [INFO]     | Horror Collection | ? | Battle Royale High School (1987) (TMDb: 56609)                             |
[2022-06-02 17:22:21,601] [builder.py:1943]           [INFO]     | Horror Collection | ? | Kimera (1996) (TMDb: 88799)                                                |
[2022-06-02 17:22:21,603] [builder.py:1943]           [INFO]     | Horror Collection | ? | Tokyo Revelation (1995) (TMDb: 92976)                                      |
[2022-06-02 17:22:21,817] [builder.py:1943]           [INFO]     | Horror Collection | ? | The Curse of Kazuo Umezu (1990) (TMDb: 172133)                             |
[2022-06-02 17:22:21,818] [builder.py:1943]           [INFO]     | Horror Collection | ? | Guyver: Out of Control (1986) (TMDb: 76847)                                |
[2022-06-02 17:22:22,006] [builder.py:1943]           [INFO]     | Horror Collection | ? | Urban Legend Story Hikiko (2008) (TMDb: 108449)                            |
[2022-06-02 17:22:22,007] [builder.py:1943]           [INFO]     | Horror Collection | ? | Malice@Doll (2001) (TMDb: 50113)                                           |
[2022-06-02 17:22:22,008] [builder.py:1943]           [INFO]     | Horror Collection | ? | Sin: The Movie (2000) (TMDb: 34772)                                        |
[2022-06-02 17:22:22,009] [builder.py:1943]           [INFO]     | Horror Collection | ? | Psycho Diver: Soul Siren (1997) (TMDb: 88879)                              |
[2022-06-02 17:22:22,009] [builder.py:1943]           [INFO]     | Horror Collection | ? | The Restaurant of Many Orders (1993) (TMDb: 136601)                        |
[2022-06-02 17:22:22,010] [builder.py:1943]           [INFO]     | Horror Collection | ? | Dark Cat (1991) (TMDb: 73461)                                              |
[2022-06-02 17:22:22,010] [builder.py:1943]           [INFO]     | Horror Collection | ? | Biohazard 4D: Executer (2000) (TMDb: 53986)                                |
[2022-06-02 17:22:22,011] [builder.py:1943]           [INFO]     | Horror Collection | ? | Judge (1991) (TMDb: 51096)                                                 |
[2022-06-02 17:22:22,189] [builder.py:1943]           [INFO]     | Horror Collection | ? | H.P. Lovecraft's The Dunwich Horror and Other Stories (2007) (TMDb: 332167) |
[2022-06-02 17:22:22,191] [builder.py:1943]           [INFO]     | Horror Collection | ? | Roots Search (1986) (TMDb: 166706)                                         |
[2022-06-02 17:22:22,192] [builder.py:1943]           [INFO]     | Horror Collection | ? | Monster of Frankenstein (1981) (TMDb: 3066)                                |
[2022-06-02 17:22:22,192] [builder.py:1943]           [INFO]     | Horror Collection | ? | Spooky Kitaro: Japan Explodes!! (2008) (TMDb: 450999)                      |
[2022-06-02 17:22:22,193] [builder.py:1943]           [INFO]     | Horror Collection | ? | Spooky Kitaro: The Great Sea Beast (1996) (TMDb: 76724)                    |
[2022-06-02 17:22:22,193] [builder.py:1947]           [INFO]     |                                                                                                    |
[2022-06-02 17:22:22,194] [builder.py:1948]           [INFO]     | 50 Movies Missing                                                                                  |
[2022-06-02 17:22:22,981] [builder.py:1969]           [INFO]     |                                                                                                    |
[2022-06-02 17:22:22,981] [util.py:216]               [INFO]     |================================ Missing Shows from Library: Horror ================================|
[2022-06-02 17:22:22,982] [builder.py:1971]           [INFO]     |                                                                                                    |
[2022-06-02 17:22:24,352] [builder.py:1982]           [INFO]     | Horror Collection | ? | Tokyo Ghoul (TVDB: 281249)                                                 |
[2022-06-02 17:22:24,929] [builder.py:1982]           [INFO]     | Horror Collection | ? | Parasyte -the maxim- (TVDB: 279831)                                        |
[2022-06-02 17:22:25,792] [builder.py:1982]           [INFO]     | Horror Collection | ? | Another (TVDB: 254349)                                                     |
[2022-06-02 17:22:26,494] [builder.py:1982]           [INFO]     | Horror Collection | ? | Elfen Lied (TVDB: 75941)                                                   |
[2022-06-02 17:22:27,354] [builder.py:1982]           [INFO]     | Horror Collection | ? | High School of the Dead (TVDB: 171591)                                     |
[2022-06-02 17:22:27,864] [builder.py:1982]           [INFO]     | Horror Collection | ? | Deadman Wonderland (TVDB: 247997)                                          |
[2022-06-02 17:22:28,433] [builder.py:1982]           [INFO]     | Horror Collection | ? | Devilman Crybaby (TVDB: 338192)                                            |
[2022-06-02 17:22:28,987] [builder.py:1982]           [INFO]     | Horror Collection | ? | Danganronpa: The Animation (TVDB: 270058)                                  |
[2022-06-02 17:22:30,309] [builder.py:1982]           [INFO]     | Horror Collection | ? | Hellsing Ultimate (TVDB: 263688)                                           |
[2022-06-02 17:22:31,178] [builder.py:1982]           [INFO]     | Horror Collection | ? | When They Cry - Higurashi (TVDB: 79682)                                    |
[2022-06-02 17:22:32,008] [builder.py:1982]           [INFO]     | Horror Collection | ? | Kabaneri of the Iron Fortress (TVDB: 305082)                               |
[2022-06-02 17:22:33,558] [builder.py:1982]           [INFO]     | Horror Collection | ? | From the New World (TVDB: 262838)                                          |
[2022-06-02 17:22:34,299] [builder.py:1982]           [INFO]     | Horror Collection | ? | Hellsing (TVDB: 71278)                                                     |
[2022-06-02 17:22:34,915] [builder.py:1982]           [INFO]     | Horror Collection | ? | Angels of Death (TVDB: 344844)                                             |
[2022-06-02 17:22:35,764] [builder.py:1982]           [INFO]     | Horror Collection | ? | Sankarea: Undying Love (TVDB: 257518)                                      |
[2022-06-02 17:22:36,403] [builder.py:1982]           [INFO]     | Horror Collection | ? | Shiki (TVDB: 172941)                                                       |
[2022-06-02 17:22:37,445] [builder.py:1982]           [INFO]     | Horror Collection | ? | Berserk (TVDB: 73752)                                                      |
[2022-06-02 17:22:38,202] [builder.py:1982]           [INFO]     | Horror Collection | ? | Ajin (TVDB: 300835)                                                        |
[2022-06-02 17:22:38,955] [builder.py:1982]           [INFO]     | Horror Collection | ? | Dorohedoro (TVDB: 370761)                                                  |
[2022-06-02 17:22:39,741] [builder.py:1982]           [INFO]     | Horror Collection | ? | School-Live! (TVDB: 283946)                                                |
[2022-06-02 17:22:49,859] [builder.py:1982]           [INFO]     | Horror Collection | ? | Dusk Maiden of Amnesia (TVDB: 257852)                                      |
[2022-06-02 17:22:50,405] [builder.py:1982]           [INFO]     | Horror Collection | ? | Mieruko-chan (TVDB: 399121)                                                |
[2022-06-02 17:22:51,104] [builder.py:1982]           [INFO]     | Horror Collection | ? | Blood+ (TVDB: 78960)                                                       |
[2022-06-02 17:22:51,858] [builder.py:1982]           [INFO]     | Horror Collection | ? | Corpse Party: Tortured Souls (TVDB: 271988)                                |
[2022-06-02 17:22:52,756] [builder.py:1982]           [INFO]     | Horror Collection | ? | Hell Girl (TVDB: 79106)                                                    |
[2022-06-02 17:22:53,256] [builder.py:1982]           [INFO]     | Horror Collection | ? | Blood-C (TVDB: 249864)                                                     |
[2022-06-02 17:22:53,835] [builder.py:1982]           [INFO]     | Horror Collection | ? | Berserk (2016) (TVDB: 307111)                                              |
[2022-06-02 17:22:55,106] [builder.py:1982]           [INFO]     | Horror Collection | ? | Danganronpa 3: The End of Hope's Peak Academy Side: Despair (TVDB: 314361) |
[2022-06-02 17:22:55,597] [builder.py:1982]           [INFO]     | Horror Collection | ? | Mononoke (TVDB: 80470)                                                     |
[2022-06-02 17:22:56,128] [builder.py:1982]           [INFO]     | Horror Collection | ? | Happy Sugar Life (TVDB: 347194)                                            |
[2022-06-02 17:22:56,657] [builder.py:1982]           [INFO]     | Horror Collection | ? | High-Rise Invasion (TVDB: 391006)                                          |
[2022-06-02 17:22:58,198] [builder.py:1982]           [INFO]     | Horror Collection | ? | Higurashi: When They Cry  GOU (TVDB: 385002)                              |
[2022-06-02 17:22:59,751] [builder.py:1982]           [INFO]     | Horror Collection | ? | King's Game: The Animation (TVDB: 332981)                                  |
[2022-06-02 17:23:01,472] [builder.py:1982]           [INFO]     | Horror Collection | ? | Ghost Hunt (TVDB: 79527)                                                   |
[2022-06-02 17:23:02,048] [builder.py:1982]           [INFO]     | Horror Collection | ? | Terra Formars (TVDB: 279828)                                               |
[2022-06-02 17:23:02,511] [builder.py:1982]           [INFO]     | Horror Collection | ? | Boogiepop and Others (TVDB: 355624)                                        |
[2022-06-02 17:23:03,342] [builder.py:1982]           [INFO]     | Horror Collection | ? | The Lost Village (TVDB: 305099)                                            |
[2022-06-02 17:23:04,077] [builder.py:1982]           [INFO]     | Horror Collection | ? | Magical Girl Site (TVDB: 341998)                                           |
[2022-06-02 17:23:04,606] [builder.py:1982]           [INFO]     | Horror Collection | ? | Umineko: When They Cry (TVDB: 101981)                                      |
[2022-06-02 17:23:05,961] [builder.py:1982]           [INFO]     | Horror Collection | ? | Pupa (TVDB: 272130)                                                        |
[2022-06-02 17:23:06,722] [builder.py:1982]           [INFO]     | Horror Collection | ? | Rin: Daughters of Mnemosyne (TVDB: 81365)                                  |
[2022-06-02 17:23:07,256] [builder.py:1982]           [INFO]     | Horror Collection | ? | Ghost Stories (TVDB: 82234)                                                |
[2022-06-02 17:23:07,981] [builder.py:1982]           [INFO]     | Horror Collection | ? | Lunar Legend Tsukihime (TVDB: 74522)                                       |
[2022-06-02 17:23:08,469] [builder.py:1982]           [INFO]     | Horror Collection | ? | Junji Ito Collection (TVDB: 335237)                                        |
[2022-06-02 17:23:08,964] [builder.py:1982]           [INFO]     | Horror Collection | ? | Zombie-Loan (TVDB: 80330)                                                  |
[2022-06-02 17:23:09,751] [builder.py:1982]           [INFO]     | Horror Collection | ? | Zetman (TVDB: 257395)                                                      |
[2022-06-02 17:23:10,485] [builder.py:1982]           [INFO]     | Horror Collection | ? | Psychic Detective Yakumo (TVDB: 193841)                                    |
[2022-06-02 17:23:11,215] [builder.py:1982]           [INFO]     | Horror Collection | ? | Boogiepop Phantom (TVDB: 71742)                                            |
[2022-06-02 17:23:11,967] [builder.py:1982]           [INFO]     | Horror Collection | ? | Corpse Princess (TVDB: 83363)                                              |
[2022-06-02 17:23:12,468] [builder.py:1982]           [INFO]     | Horror Collection | ? | JoJo's Bizarre Adventure (TVDB: 83950)                                     |
[2022-06-02 17:23:13,050] [builder.py:1982]           [INFO]     | Horror Collection | ? | Yamishibai: Japanese Ghost Stories (TVDB: 271591)                          |
[2022-06-02 17:23:14,056] [builder.py:1982]           [INFO]     | Horror Collection | ? | Kurozuka (TVDB: 83408)                                                     |
[2022-06-02 17:23:14,559] [builder.py:1982]           [INFO]     | Horror Collection | ? | Tokyo Majin (TVDB: 80014)                                                  |
[2022-06-02 17:23:14,965] [builder.py:1982]           [INFO]     | Horror Collection | ? | Princess Resurrection (TVDB: 81877)                                        |
[2022-06-02 17:23:16,005] [builder.py:1982]           [INFO]     | Horror Collection | ? | Blue Gender (TVDB: 76664)                                                  |
[2022-06-02 17:23:16,467] [builder.py:1982]           [INFO]     | Horror Collection | ? | Okamikakushi ~ Masque of the Wolf (TVDB: 133451)                           |
[2022-06-02 17:23:17,286] [builder.py:1982]           [INFO]     | Horror Collection | ? | Kemonozume (TVDB: 79410)                                                   |
[2022-06-02 17:23:18,012] [builder.py:1982]           [INFO]     | Horror Collection | ? | Ayakashi: Samurai Horror Tales (TVDB: 79202)                               |
[2022-06-02 17:23:18,428] [builder.py:1982]           [INFO]     | Horror Collection | ? | Le Portrait de Petit Cossette (TVDB: 83628)                                |
[2022-06-02 17:23:18,932] [builder.py:1982]           [INFO]     | Horror Collection | ? | Gibiate (TVDB: 373082)                                                     |
[2022-06-02 17:23:19,579] [builder.py:1982]           [INFO]     | Horror Collection | ? | Pet Shop of Horrors (TVDB: 82970)                                          |
[2022-06-02 17:23:20,381] [builder.py:1982]           [INFO]     | Horror Collection | ? | Ceres: Celestial Legend (TVDB: 78262)                                      |
[2022-06-02 17:23:20,884] [builder.py:1977]           [ERROR]    | TVDb Error: Could not find a TVDb Series using TVDb Series ID: 78855                               |
[2022-06-02 17:23:21,433] [builder.py:1982]           [INFO]     | Horror Collection | ? | GeGeGe no Kitaro (2018) (TVDB: 341996)                                     |
[2022-06-02 17:23:22,576] [builder.py:1982]           [INFO]     | Horror Collection | ? | Tokko (TVDB: 79774)                                                        |
[2022-06-02 17:23:23,458] [builder.py:1982]           [INFO]     | Horror Collection | ? | Ninja Scroll: The Series (TVDB: 72842)                                     |
[2022-06-02 17:23:24,484] [builder.py:1982]           [INFO]     | Horror Collection | ? | The Night Beyond the Tricornered Window (TVDB: 407852)                     |
[2022-06-02 17:23:24,976] [builder.py:1982]           [INFO]     | Horror Collection | ? | Vampire Princess Miyu (TVDB: 70862)                                        |
[2022-06-02 17:23:26,230] [builder.py:1982]           [INFO]     | Horror Collection | ? | X (TVDB: 70865)                                                            |
[2022-06-02 17:23:27,010] [builder.py:1982]           [INFO]     | Horror Collection | ? | Requiem from the Darkness (TVDB: 74957)                                    |
[2022-06-02 17:23:27,449] [builder.py:1982]           [INFO]     | Horror Collection | ? | Alien Nine (TVDB: 79239)                                                   |
[2022-06-02 17:23:28,267] [builder.py:1982]           [INFO]     | Horror Collection | ? | Kowabon (TVDB: 300107)                                                     |
[2022-06-02 17:23:29,079] [builder.py:1982]           [INFO]     | Horror Collection | ? | Genocyber (TVDB: 85010)                                                    |
[2022-06-02 17:23:29,586] [builder.py:1982]           [INFO]     | Horror Collection | ? | Kagewani (TVDB: 300106)                                                    |
[2022-06-02 17:23:30,034] [builder.py:1982]           [INFO]     | Horror Collection | ? | Supernatural: The Animation (TVDB: 197001)                                 |
[2022-06-02 17:23:30,546] [builder.py:1982]           [INFO]     | Horror Collection | ? | Ayakashi (TVDB: 82847)                                                     |
[2022-06-02 17:23:31,454] [builder.py:1982]           [INFO]     | Horror Collection | ? | Devilman (TVDB: 94701)                                                     |
[2022-06-02 17:23:32,111] [builder.py:1982]           [INFO]     | Horror Collection | ? | Blue Seed (TVDB: 76695)                                                    |
[2022-06-02 17:23:32,976] [builder.py:1982]           [INFO]     | Horror Collection | ? | Blade (2011) (TVDB: 249846)                                                |
[2022-06-02 17:23:34,226] [builder.py:1982]           [INFO]     | Horror Collection | ? | 3x3 Eyes (TVDB: 70973)                                                     |
[2022-06-02 17:23:34,744] [builder.py:1982]           [INFO]     | Horror Collection | ? | Mermaid Forest (TVDB: 120151)                                              |
[2022-06-02 17:23:35,454] [builder.py:1982]           [INFO]     | Horror Collection | ? | The SoulTaker (TVDB: 80211)                                                |
[2022-06-02 17:23:36,284] [builder.py:1982]           [INFO]     | Horror Collection | ? | Devil Lady (TVDB: 83309)                                                   |
[2022-06-02 17:23:36,966] [builder.py:1982]           [INFO]     | Horror Collection | ? | The World Yamizukan (TVDB: 326336)                                         |
[2022-06-02 17:23:37,518] [builder.py:1982]           [INFO]     | Horror Collection | ? | Demon Prince Enma (TVDB: 80768)                                            |
[2022-06-02 17:23:38,310] [builder.py:1982]           [INFO]     | Horror Collection | ? | Aooni the Blue Monster (TVDB: 317391)                                      |
[2022-06-02 17:23:38,691] [builder.py:1982]           [INFO]     | Horror Collection | ? | Nightwalker: Midnight Detective (TVDB: 82070)                              |
[2022-06-02 17:23:39,894] [builder.py:1982]           [INFO]     | Horror Collection | ? | Hell Teacher Nube (TVDB: 258908)                                           |
[2022-06-02 17:23:40,686] [builder.py:1982]           [INFO]     | Horror Collection | ? | The Melody of Oblivion (TVDB: 75000)                                       |
[2022-06-02 17:23:41,362] [builder.py:1982]           [INFO]     | Horror Collection | ? | Lament of the Lamb (TVDB: 83347)                                           |
[2022-06-02 17:23:42,134] [builder.py:1982]           [INFO]     | Horror Collection | ? | AD Police (TVDB: 79223)                                                    |
[2022-06-02 17:23:42,835] [builder.py:1982]           [INFO]     | Horror Collection | ? | Ninja Collection (TVDB: 384424)                                            |
[2022-06-02 17:23:43,516] [builder.py:1982]           [INFO]     | Horror Collection | ? | Arc the Lad (TVDB: 79268)                                                  |
[2022-06-02 17:23:43,986] [builder.py:1982]           [INFO]     | Horror Collection | ? | Kaidan Resutoran (TVDB: 125561)                                            |
[2022-06-02 17:23:45,163] [builder.py:1982]           [INFO]     | Horror Collection | ? | Betterman (TVDB: 71654)                                                    |
[2022-06-02 17:23:45,922] [builder.py:1982]           [INFO]     | Horror Collection | ? | Getter Robo: Armageddon (TVDB: 112501)                                     |
[2022-06-02 17:23:46,438] [builder.py:1982]           [INFO]     | Horror Collection | ? | Silent Mbius (TVDB: 72493)                                                |
[2022-06-02 17:23:47,421] [builder.py:1982]           [INFO]     | Horror Collection | ? | Interlude (TVDB: 80466)                                                    |
[2022-06-02 17:23:48,277] [builder.py:1982]           [INFO]     | Horror Collection | ? | Ushio and Tora (TVDB: 80015)                                               |
[2022-06-02 17:23:48,791] [builder.py:1982]           [INFO]     | Horror Collection | ? | Zenki (TVDB: 72844)                                                        |
[2022-06-02 17:23:49,167] [builder.py:1982]           [INFO]     | Horror Collection | ? | Calamity of a Zombie Girl (TVDB: 348704)                                   |
[2022-06-02 17:23:49,680] [builder.py:1982]           [INFO]     | Horror Collection | ? | Neo Ranga (TVDB: 89771)                                                    |
[2022-06-02 17:23:50,336] [builder.py:1982]           [INFO]     | Horror Collection | ? | The Guyver: Bio-Booster Armor (TVDB: 79103)                                |
[2022-06-02 17:23:50,824] [builder.py:1982]           [INFO]     | Horror Collection | ? | Lychee Light Club (TVDB: 262105)                                           |
[2022-06-02 17:23:51,606] [builder.py:1982]           [INFO]     | Horror Collection | ? | Devil Hunter Yohko (TVDB: 84537)                                           |
[2022-06-02 17:23:52,009] [builder.py:1982]           [INFO]     | Horror Collection | ? | Hakaba Kitarou (TVDB: 81701)                                               |
[2022-06-02 17:23:52,438] [builder.py:1982]           [INFO]     | Horror Collection | ? | Karakuri Zoushi Ayatsuri Sakon (TVDB: 79457)                               |
[2022-06-02 17:23:52,850] [builder.py:1982]           [INFO]     | Horror Collection | ? | Apocalypse Zero (TVDB: 140551)                                             |
[2022-06-02 17:23:54,018] [builder.py:1982]           [INFO]     | Horror Collection | ? | Ghost Talker's Daydream (TVDB: 79780)                                      |
[2022-06-02 17:23:54,419] [builder.py:1982]           [INFO]     | Horror Collection | ? | Demon Lord Dante (TVDB: 100421)                                            |
[2022-06-02 17:23:55,087] [builder.py:1982]           [INFO]     | Horror Collection | ? | New Getter Robo (TVDB: 89191)                                              |
[2022-06-02 17:23:55,591] [builder.py:1982]           [INFO]     | Horror Collection | ? | Doomed Megalopolis (TVDB: 98611)                                           |
[2022-06-02 17:23:56,568] [builder.py:1982]           [INFO]     | Horror Collection | ? | Blood Reign: Curse of the Yoma (TVDB: 85077)                               |
[2022-06-02 17:23:57,280] [builder.py:1982]           [INFO]     | Horror Collection | ? | Sci-Fi Harry (TVDB: 79478)                                                 |
[2022-06-02 17:23:58,228] [builder.py:1982]           [INFO]     | Horror Collection | ? | Cackling Kitarou (TVDB: 265216)                                            |
[2022-06-02 17:23:59,177] [builder.py:1982]           [INFO]     | Horror Collection | ? | Karadasagashi (TVDB: 329831)                                               |
[2022-06-02 17:23:59,622] [builder.py:1982]           [INFO]     | Horror Collection | ? | Eight Clouds Rising (TVDB: 195281)                                         |
[2022-06-02 17:24:00,075] [builder.py:1982]           [INFO]     | Horror Collection | ? | The Star Hand Kid (TVDB: 256873)                                           |
[2022-06-02 17:24:04,556] [builder.py:1982]           [INFO]     | Horror Collection | ? | Bem, The Humanoid Monster (TVDB: 120501)                                   |
[2022-06-02 17:24:05,075] [builder.py:1982]           [INFO]     | Horror Collection | ? | Dark Myth (TVDB: 250974)                                                   |
[2022-06-02 17:24:05,728] [builder.py:1982]           [INFO]     | Horror Collection | ? | Demon of Steel: Battle of the Great Demon Beasts (TVDB: 276287)            |
[2022-06-02 17:24:06,466] [builder.py:1982]           [INFO]     | Horror Collection | ? | Spirit Warrior (TVDB: 166821)                                              |
[2022-06-02 17:24:07,040] [builder.py:1982]           [INFO]     | Horror Collection | ? | Don Dracula (TVDB: 147231)                                                 |
[2022-06-02 17:24:07,780] [builder.py:1982]           [INFO]     | Horror Collection | ? | Genma Wars (TVDB: 141751)                                                  |
[2022-06-02 17:24:08,647] [builder.py:1982]           [INFO]     | Horror Collection | ? | Oretacha Youkai Ningen (TVDB: 335039)                                      |
[2022-06-02 17:24:09,403] [builder.py:1982]           [INFO]     | Horror Collection | ? | Kaibutsu-kun (TVDB: 184211)                                                |
[2022-06-02 17:24:09,403] [builder.py:1986]           [INFO]     |                                                                                                    |
[2022-06-02 17:24:09,404] [builder.py:1987]           [INFO]     | 125 Shows Missing                                                                                  |
[2022-06-02 17:24:10,225] [plex_meta_manager.py:843]  [INFO]     |                                                                                                    |
[2022-06-02 17:24:10,226] [util.py:216]               [INFO]     |========================================== No Items Found ==========================================|
[2022-06-02 17:24:10,226] [plex_meta_manager.py:880]  [INFO]     |                                                                                                    |
[2022-06-02 17:24:10,227] [util.py:209]               [INFO]     |====================================================================================================|
[2022-06-02 17:24:10,227] [util.py:216]               [INFO]     |                                  Finished Horror Anime Collection                                  |
[2022-06-02 17:24:10,227] [util.py:216]               [INFO]     |                                    Collection Run Time: 0:02:23                                    |
[2022-06-02 17:24:10,227] [util.py:220]               [INFO]     |====================================================================================================|
