[2022-11-06 01:08:09,892] [util.py:209]               [INFO]     |====================================================================================================|
[2022-11-06 01:08:09,892] [util.py:216]               [INFO]     |                                Jack Recommends Collection in Movies                                |
[2022-11-06 01:08:09,892] [util.py:220]               [INFO]     |====================================================================================================|
[2022-11-06 01:08:09,893] [plex_meta_manager.py:750]  [INFO]     |                                                                                                    |
[2022-11-06 01:08:09,900] [util.py:216]               [INFO]     |============================== Validating Jack Recommends Attributes ===============================|
[2022-11-06 01:08:09,900] [builder.py:265]            [DEBUG]    |                                                                                                    |
[2022-11-06 01:08:09,901] [builder.py:266]            [DEBUG]    | Validating Method: template                                                                        |
[2022-11-06 01:08:09,901] [meta.py:83]                [DEBUG]    | Value: ordereddict([('name', 'Special Genre')])                                                    |
[2022-11-06 01:08:09,901] [builder.py:330]            [DEBUG]    |                                                                                                    |
[2022-11-06 01:08:09,902] [builder.py:331]            [DEBUG]    | Validating Method: sync_mode                                                                       |
[2022-11-06 01:08:09,902] [builder.py:335]            [DEBUG]    | Value: sync                                                                                        |
[2022-11-06 01:08:09,902] [builder.py:453]            [DEBUG]    |                                                                                                    |
[2022-11-06 01:08:09,902] [builder.py:454]            [DEBUG]    | Validating Method: collection_order                                                                |
[2022-11-06 01:08:09,902] [builder.py:455]            [DEBUG]    | Value: release                                                                                     |
[2022-11-06 01:08:09,903] [builder.py:472]            [DEBUG]    |                                                                                                    |
[2022-11-06 01:08:09,903] [builder.py:473]            [DEBUG]    | Validating Method: trakt_list                                                                      |
[2022-11-06 01:08:09,903] [builder.py:474]            [DEBUG]    | Value: ['https://trakt.tv/users/h0tsh0t/lists/jack-recommends']                                    |
[2022-11-06 01:08:10,214] [builder.py:472]            [DEBUG]    |                                                                                                    |
[2022-11-06 01:08:10,214] [builder.py:473]            [DEBUG]    | Validating Method: summary                                                                         |
[2022-11-06 01:08:10,214] [builder.py:474]            [DEBUG]    | Value: A collection of movies Jack thinks you should give a shot.                                  |
[2022-11-06 01:08:10,215] [builder.py:472]            [DEBUG]    |                                                                                                    |
[2022-11-06 01:08:10,215] [builder.py:473]            [DEBUG]    | Validating Method: sort_title                                                                      |
[2022-11-06 01:08:10,215] [builder.py:474]            [DEBUG]    | Value: 00000b_7                                                                                    |
[2022-11-06 01:08:10,215] [builder.py:472]            [DEBUG]    |                                                                                                    |
[2022-11-06 01:08:10,216] [builder.py:473]            [DEBUG]    | Validating Method: visible_shared                                                                  |
[2022-11-06 01:08:10,216] [builder.py:474]            [DEBUG]    | Value: True                                                                                        |
[2022-11-06 01:08:10,216] [builder.py:472]            [DEBUG]    |                                                                                                    |
[2022-11-06 01:08:10,216] [builder.py:473]            [DEBUG]    | Validating Method: url_background                                                                  |
[2022-11-06 01:08:10,216] [builder.py:474]            [DEBUG]    | Value: https://wallpaperbat.com/img/23094-cinema-hd-wallpaper-top-free-cinema-hd-background.jpg    |
[2022-11-06 01:08:10,217] [builder.py:472]            [DEBUG]    |                                                                                                    |
[2022-11-06 01:08:10,217] [builder.py:473]            [DEBUG]    | Validating Method: visible_library                                                                 |
[2022-11-06 01:08:10,217] [builder.py:474]            [DEBUG]    | Value: True                                                                                        |
[2022-11-06 01:08:10,217] [builder.py:472]            [DEBUG]    |                                                                                                    |
[2022-11-06 01:08:10,218] [builder.py:473]            [DEBUG]    | Validating Method: visible_home                                                                    |
[2022-11-06 01:08:10,218] [builder.py:474]            [DEBUG]    | Value: True                                                                                        |
[2022-11-06 01:08:10,378] [builder.py:619]            [INFO]     |                                                                                                    |
[2022-11-06 01:08:10,378] [builder.py:620]            [INFO]     | Validation Successful                                                                              |
[2022-11-06 01:08:10,387] [plex_meta_manager.py:758]  [INFO]     |                                                                                                    |
[2022-11-06 01:08:10,387] [util.py:216]               [INFO]     |================================ Running Jack Recommends Collection ================================|
[2022-11-06 01:08:10,388] [plex_meta_manager.py:773]  [INFO]     |                                                                                                    |
[2022-11-06 01:08:10,388] [plex_meta_manager.py:774]  [INFO]     | Sync Mode: sync                                                                                    |
[2022-11-06 01:08:10,388] [builder.py:1275]           [DEBUG]    |                                                                                                    |
[2022-11-06 01:08:10,389] [builder.py:1276]           [DEBUG]    | Builder: trakt_list: https://trakt.tv/users/h0tsh0t/lists/jack-recommends                          |
[2022-11-06 01:08:10,389] [builder.py:1277]           [INFO]     |                                                                                                    |
[2022-11-06 01:08:10,389] [trakt.py:233]              [INFO]     | Processing Trakt List: https://trakt.tv/users/h0tsh0t/lists/jack-recommends                        |
[2022-11-06 01:08:10,694] [builder.py:1282]           [DEBUG]    |                                                                                                    |
[2022-11-06 01:08:10,695] [builder.py:1283]           [DEBUG]    | 11 IDs Found: [(116149, 'tmdb'), (499701, 'tmdb'), (570670, 'tmdb'), (13310, 'tmdb'), (460885, 'tmdb'), (1124, 'tmdb'), (30018, 'tmdb'), (10515, 'tmdb'), (11704, 'tmdb'), (339403, 'tmdb'), (9654, 'tmdb')] |
[2022-11-06 01:08:10,695] [builder.py:1284]           [DEBUG]    |                                                                                                    |
[2022-11-06 01:08:10,877] [builder.py:1697]           [INFO]     |                                                                                                    |
[2022-11-06 01:08:10,877] [util.py:216]               [INFO]     |=============================== Adding to Jack Recommends Collection ===============================|
[2022-11-06 01:08:10,878] [builder.py:1699]           [INFO]     |                                                                                                    |
[2022-11-06 01:08:10,878] [builder.py:1709]           [INFO]     |  1/11 | Jack Recommends Collection | = | Paddington (2014)                                         |
[2022-11-06 01:08:10,878] [builder.py:1709]           [INFO]     |  2/11 | Jack Recommends Collection | = | Dora and the Lost City of Gold (2019)                     |
[2022-11-06 01:08:10,879] [builder.py:1709]           [INFO]     |  3/11 | Jack Recommends Collection | = | The Invisible Man (2020)                                  |
[2022-11-06 01:08:10,879] [builder.py:1709]           [INFO]     |  4/11 | Jack Recommends Collection | = | Let the Right One In (2008)                               |
[2022-11-06 01:08:10,879] [builder.py:1709]           [INFO]     |  5/11 | Jack Recommends Collection | = | Mandy (2018)                                              |
[2022-11-06 01:08:10,880] [builder.py:1709]           [INFO]     |  6/11 | Jack Recommends Collection | = | The Prestige (2006)                                       |
[2022-11-06 01:08:10,880] [builder.py:1709]           [INFO]     |  7/11 | Jack Recommends Collection | = | Mother (2009)                                             |
[2022-11-06 01:08:10,880] [builder.py:1709]           [INFO]     |  8/11 | Jack Recommends Collection | = | Castle in the Sky (1986)                                  |
[2022-11-06 01:08:10,880] [builder.py:1709]           [INFO]     |  9/11 | Jack Recommends Collection | = | The Secret of NIMH (1982)                                 |
[2022-11-06 01:08:10,881] [builder.py:1709]           [INFO]     | 10/11 | Jack Recommends Collection | = | Baby Driver (2017)                                        |
[2022-11-06 01:08:10,881] [builder.py:1709]           [INFO]     | 11/11 | Jack Recommends Collection | = | The Italian Job (2003)                                    |
[2022-11-06 01:08:10,881] [builder.py:1734]           [INFO]     |                                                                                                    |
[2022-11-06 01:08:10,882] [builder.py:1735]           [INFO]     | 11 Movies Processed                                                                                |
[2022-11-06 01:08:10,885] [builder.py:2147]           [INFO]     |                                                                                                    |
[2022-11-06 01:08:10,886] [util.py:216]               [INFO]     |========================== Updating Details of Jack Recommends Collection ==========================|
[2022-11-06 01:08:10,886] [builder.py:2149]           [INFO]     |                                                                                                    |
[2022-11-06 01:08:10,887] [builder.py:2156]           [INFO]     | Detail: summary updated Collection Summary                                                         |
[2022-11-06 01:08:10,889] [builder.py:2294]           [INFO]     | No poster collection detail or asset folder found                                                  |
[2022-11-06 01:08:10,889] [builder.py:2298]           [DEBUG]    | 1 backgrounds found:                                                                               |
[2022-11-06 01:08:10,889] [builder.py:2300]           [DEBUG]    | Method: url_background Background: https://wallpaperbat.com/img/23094-cinema-hd-wallpaper-top-free-cinema-hd-background.jpg |
[2022-11-06 01:08:10,891] [library.py:197]            [INFO]     | Detail: background update not needed                                                               |
[2022-11-06 01:08:11,048] [plex_meta_manager.py:880]  [INFO]     |                                                                                                    |
[2022-11-06 01:08:11,048] [util.py:209]               [INFO]     |====================================================================================================|
[2022-11-06 01:08:11,049] [util.py:216]               [INFO]     |                                Finished Jack Recommends Collection                                 |
[2022-11-06 01:08:11,049] [util.py:216]               [INFO]     |                                    Collection Run Time: 0:00:01                                    |
[2022-11-06 01:08:11,049] [util.py:220]               [INFO]     |====================================================================================================|
