[2022-10-28 01:01:12,450] [util.py:209]               [INFO]     |====================================================================================================|
[2022-10-28 01:01:12,450] [util.py:216]               [INFO]     |                                    Ocean's Collection in Movies                                    |
[2022-10-28 01:01:12,451] [util.py:220]               [INFO]     |====================================================================================================|
[2022-10-28 01:01:12,451] [plex_meta_manager.py:750]  [INFO]     |                                                                                                    |
[2022-10-28 01:01:12,451] [util.py:216]               [INFO]     |================================== Validating Ocean's Attributes ===================================|
[2022-10-28 01:01:12,452] [builder.py:265]            [DEBUG]    |                                                                                                    |
[2022-10-28 01:01:12,452] [builder.py:266]            [DEBUG]    | Validating Method: template                                                                        |
[2022-10-28 01:01:12,452] [meta.py:83]                [DEBUG]    | Value: ordereddict([('name', 'Movie'), ('collection', 304), ('summary', 304), ('poster', 'https://theposterdb.com/api/assets/102581')]) |
[2022-10-28 01:01:12,452] [builder.py:330]            [DEBUG]    |                                                                                                    |
[2022-10-28 01:01:12,453] [builder.py:331]            [DEBUG]    | Validating Method: sync_mode                                                                       |
[2022-10-28 01:01:12,453] [builder.py:335]            [DEBUG]    | Value: sync                                                                                        |
[2022-10-28 01:01:12,453] [builder.py:453]            [DEBUG]    |                                                                                                    |
[2022-10-28 01:01:12,453] [builder.py:454]            [DEBUG]    | Validating Method: collection_order                                                                |
[2022-10-28 01:01:12,454] [builder.py:455]            [DEBUG]    | Value: release                                                                                     |
[2022-10-28 01:01:12,454] [builder.py:472]            [DEBUG]    |                                                                                                    |
[2022-10-28 01:01:12,454] [builder.py:473]            [DEBUG]    | Validating Method: url_poster                                                                      |
[2022-10-28 01:01:12,454] [builder.py:474]            [DEBUG]    | Value: https://theposterdb.com/api/assets/102581                                                   |
[2022-10-28 01:01:12,455] [builder.py:472]            [DEBUG]    |                                                                                                    |
[2022-10-28 01:01:12,455] [builder.py:473]            [DEBUG]    | Validating Method: tmdb_collection                                                                 |
[2022-10-28 01:01:12,455] [builder.py:474]            [DEBUG]    | Value: 304                                                                                         |
[2022-10-28 01:01:12,552] [builder.py:472]            [DEBUG]    |                                                                                                    |
[2022-10-28 01:01:12,552] [builder.py:473]            [DEBUG]    | Validating Method: tmdb_summary                                                                    |
[2022-10-28 01:01:12,553] [builder.py:474]            [DEBUG]    | Value: 304                                                                                         |
[2022-10-28 01:01:12,553] [builder.py:472]            [DEBUG]    |                                                                                                    |
[2022-10-28 01:01:12,553] [builder.py:473]            [DEBUG]    | Validating Method: sort_title                                                                      |
[2022-10-28 01:01:12,553] [builder.py:474]            [DEBUG]    | Value: 00000f_Ocean's                                                                              |
[2022-10-28 01:01:12,554] [builder.py:472]            [DEBUG]    |                                                                                                    |
[2022-10-28 01:01:12,554] [builder.py:473]            [DEBUG]    | Validating Method: radarr_add_missing                                                              |
[2022-10-28 01:01:12,554] [builder.py:474]            [DEBUG]    | Value: True                                                                                        |
[2022-10-28 01:01:12,689] [builder.py:619]            [INFO]     |                                                                                                    |
[2022-10-28 01:01:12,690] [builder.py:620]            [INFO]     | Validation Successful                                                                              |
[2022-10-28 01:01:12,691] [plex_meta_manager.py:758]  [INFO]     |                                                                                                    |
[2022-10-28 01:01:12,691] [util.py:216]               [INFO]     |==================================== Running Ocean's Collection ====================================|
[2022-10-28 01:01:12,691] [plex_meta_manager.py:773]  [INFO]     |                                                                                                    |
[2022-10-28 01:01:12,691] [plex_meta_manager.py:774]  [INFO]     | Sync Mode: sync                                                                                    |
[2022-10-28 01:01:12,692] [builder.py:1275]           [DEBUG]    |                                                                                                    |
[2022-10-28 01:01:12,692] [builder.py:1276]           [DEBUG]    | Builder: tmdb_collection: 304                                                                      |
[2022-10-28 01:01:12,692] [builder.py:1277]           [INFO]     |                                                                                                    |
[2022-10-28 01:01:12,693] [tmdb.py:321]               [INFO]     | Processing TMDb Collection: (304) Ocean's Collection (3 Items)                                     |
[2022-10-28 01:01:12,693] [builder.py:1282]           [DEBUG]    |                                                                                                    |
[2022-10-28 01:01:12,693] [builder.py:1283]           [DEBUG]    | 3 IDs Found: [(161, 'tmdb'), (163, 'tmdb'), (298, 'tmdb')]                                         |
[2022-10-28 01:01:12,694] [builder.py:1284]           [DEBUG]    |                                                                                                    |
[2022-10-28 01:01:12,771] [builder.py:1697]           [INFO]     |                                                                                                    |
[2022-10-28 01:01:12,771] [util.py:216]               [INFO]     |=================================== Adding to Ocean's Collection ===================================|
[2022-10-28 01:01:12,772] [builder.py:1699]           [INFO]     |                                                                                                    |
[2022-10-28 01:01:12,772] [builder.py:1709]           [INFO]     | 1/3 | Ocean's Collection | = | Ocean's Eleven (2001)                                               |
[2022-10-28 01:01:12,772] [builder.py:1709]           [INFO]     | 2/3 | Ocean's Collection | = | Ocean's Twelve (2004)                                               |
[2022-10-28 01:01:12,773] [builder.py:1709]           [INFO]     | 3/3 | Ocean's Collection | = | Ocean's Thirteen (2007)                                             |
[2022-10-28 01:01:12,773] [builder.py:1734]           [INFO]     |                                                                                                    |
[2022-10-28 01:01:12,773] [builder.py:1735]           [INFO]     | 3 Movies Processed                                                                                 |
[2022-10-28 01:01:12,777] [builder.py:2147]           [INFO]     |                                                                                                    |
[2022-10-28 01:01:12,777] [util.py:216]               [INFO]     |============================== Updating Details of Ocean's Collection ==============================|
[2022-10-28 01:01:12,778] [builder.py:2149]           [INFO]     |                                                                                                    |
[2022-10-28 01:01:12,778] [builder.py:2156]           [INFO]     | Detail: tmdb_summary updated Collection Summary                                                    |
[2022-10-28 01:01:12,779] [builder.py:2258]           [DEBUG]    | 1 posters found:                                                                                   |
[2022-10-28 01:01:12,779] [builder.py:2260]           [DEBUG]    | Method: url_poster Poster: https://theposterdb.com/api/assets/102581                               |
[2022-10-28 01:01:12,779] [builder.py:2327]           [INFO]     | No background collection detail or asset folder found                                              |
[2022-10-28 01:01:12,780] [library.py:147]            [INFO]     | Detail: poster update not needed                                                                   |
[2022-10-28 01:01:12,914] [plex_meta_manager.py:880]  [INFO]     |                                                                                                    |
[2022-10-28 01:01:12,914] [util.py:209]               [INFO]     |====================================================================================================|
[2022-10-28 01:01:12,915] [util.py:216]               [INFO]     |                                    Finished Ocean's Collection                                     |
[2022-10-28 01:01:12,915] [util.py:216]               [INFO]     |                                    Collection Run Time: 0:00:00                                    |
[2022-10-28 01:01:12,915] [util.py:220]               [INFO]     |====================================================================================================|
