[2022-11-23 01:00:55,641] [util.py:209]               [INFO]     |====================================================================================================|
[2022-11-23 01:00:55,642] [util.py:216]               [INFO]     |                            Godzilla (MonsterVerse) Collection in Movies                            |
[2022-11-23 01:00:55,642] [util.py:220]               [INFO]     |====================================================================================================|
[2022-11-23 01:00:55,643] [plex_meta_manager.py:750]  [INFO]     |                                                                                                    |
[2022-11-23 01:00:55,643] [util.py:216]               [INFO]     |========================== Validating Godzilla (MonsterVerse) Attributes ===========================|
[2022-11-23 01:00:55,643] [builder.py:265]            [DEBUG]    |                                                                                                    |
[2022-11-23 01:00:55,643] [builder.py:266]            [DEBUG]    | Validating Method: template                                                                        |
[2022-11-23 01:00:55,644] [meta.py:83]                [DEBUG]    | Value: ordereddict([('name', 'Movie'), ('collection', 535313), ('summary', 535313), ('poster', 'https://theposterdb.com/api/assets/135068')]) |
[2022-11-23 01:00:55,644] [builder.py:330]            [DEBUG]    |                                                                                                    |
[2022-11-23 01:00:55,644] [builder.py:331]            [DEBUG]    | Validating Method: sync_mode                                                                       |
[2022-11-23 01:00:55,644] [builder.py:335]            [DEBUG]    | Value: sync                                                                                        |
[2022-11-23 01:00:55,644] [builder.py:453]            [DEBUG]    |                                                                                                    |
[2022-11-23 01:00:55,645] [builder.py:454]            [DEBUG]    | Validating Method: collection_order                                                                |
[2022-11-23 01:00:55,645] [builder.py:455]            [DEBUG]    | Value: release                                                                                     |
[2022-11-23 01:00:55,645] [builder.py:472]            [DEBUG]    |                                                                                                    |
[2022-11-23 01:00:55,645] [builder.py:473]            [DEBUG]    | Validating Method: sort_title                                                                      |
[2022-11-23 01:00:55,645] [builder.py:474]            [DEBUG]    | Value: Godzilla 05 (MonsterVerse)                                                                  |
[2022-11-23 01:00:55,646] [builder.py:472]            [DEBUG]    |                                                                                                    |
[2022-11-23 01:00:55,646] [builder.py:473]            [DEBUG]    | Validating Method: url_poster                                                                      |
[2022-11-23 01:00:55,646] [builder.py:474]            [DEBUG]    | Value: https://theposterdb.com/api/assets/135068                                                   |
[2022-11-23 01:00:55,646] [builder.py:472]            [DEBUG]    |                                                                                                    |
[2022-11-23 01:00:55,646] [builder.py:473]            [DEBUG]    | Validating Method: tmdb_collection                                                                 |
[2022-11-23 01:00:55,646] [builder.py:474]            [DEBUG]    | Value: 535313                                                                                      |
[2022-11-23 01:00:55,750] [builder.py:472]            [DEBUG]    |                                                                                                    |
[2022-11-23 01:00:55,751] [builder.py:473]            [DEBUG]    | Validating Method: tmdb_summary                                                                    |
[2022-11-23 01:00:55,751] [builder.py:474]            [DEBUG]    | Value: 535313                                                                                      |
[2022-11-23 01:00:55,751] [builder.py:472]            [DEBUG]    |                                                                                                    |
[2022-11-23 01:00:55,752] [builder.py:473]            [DEBUG]    | Validating Method: radarr_add_missing                                                              |
[2022-11-23 01:00:55,752] [builder.py:474]            [DEBUG]    | Value: True                                                                                        |
[2022-11-23 01:00:55,896] [builder.py:619]            [INFO]     |                                                                                                    |
[2022-11-23 01:00:55,897] [builder.py:620]            [INFO]     | Validation Successful                                                                              |
[2022-11-23 01:00:55,898] [plex_meta_manager.py:758]  [INFO]     |                                                                                                    |
[2022-11-23 01:00:55,898] [util.py:216]               [INFO]     |============================ Running Godzilla (MonsterVerse) Collection ============================|
[2022-11-23 01:00:55,899] [plex_meta_manager.py:773]  [INFO]     |                                                                                                    |
[2022-11-23 01:00:55,899] [plex_meta_manager.py:774]  [INFO]     | Sync Mode: sync                                                                                    |
[2022-11-23 01:00:55,899] [builder.py:1275]           [DEBUG]    |                                                                                                    |
[2022-11-23 01:00:55,899] [builder.py:1276]           [DEBUG]    | Builder: tmdb_collection: 535313                                                                   |
[2022-11-23 01:00:55,900] [builder.py:1277]           [INFO]     |                                                                                                    |
[2022-11-23 01:00:55,900] [tmdb.py:323]               [INFO]     | Processing TMDb Collection: (535313) Godzilla Collection (3 Items)                                 |
[2022-11-23 01:00:55,900] [builder.py:1282]           [DEBUG]    |                                                                                                    |
[2022-11-23 01:00:55,901] [builder.py:1283]           [DEBUG]    | 3 IDs Found: [(373571, 'tmdb'), (124905, 'tmdb'), (399566, 'tmdb')]                                |
[2022-11-23 01:00:55,901] [builder.py:1284]           [DEBUG]    |                                                                                                    |
[2022-11-23 01:00:55,981] [builder.py:1697]           [INFO]     |                                                                                                    |
[2022-11-23 01:00:55,981] [util.py:216]               [INFO]     |=========================== Adding to Godzilla (MonsterVerse) Collection ===========================|
[2022-11-23 01:00:55,982] [builder.py:1699]           [INFO]     |                                                                                                    |
[2022-11-23 01:00:55,982] [builder.py:1709]           [INFO]     | 1/3 | Godzilla (MonsterVerse) Collection | = | Godzilla: King of the Monsters (2019)               |
[2022-11-23 01:00:55,982] [builder.py:1709]           [INFO]     | 2/3 | Godzilla (MonsterVerse) Collection | = | Godzilla (2014)                                     |
[2022-11-23 01:00:55,983] [builder.py:1709]           [INFO]     | 3/3 | Godzilla (MonsterVerse) Collection | = | Godzilla vs. Kong (2021)                            |
[2022-11-23 01:00:55,983] [builder.py:1734]           [INFO]     |                                                                                                    |
[2022-11-23 01:00:55,983] [builder.py:1735]           [INFO]     | 3 Movies Processed                                                                                 |
[2022-11-23 01:00:55,987] [builder.py:2147]           [INFO]     |                                                                                                    |
[2022-11-23 01:00:55,988] [util.py:216]               [INFO]     |====================== Updating Details of Godzilla (MonsterVerse) Collection ======================|
[2022-11-23 01:00:55,988] [builder.py:2149]           [INFO]     |                                                                                                    |
[2022-11-23 01:00:55,988] [builder.py:2156]           [INFO]     | Detail: tmdb_summary updated Collection Summary                                                    |
[2022-11-23 01:00:55,989] [builder.py:2258]           [DEBUG]    | 1 posters found:                                                                                   |
[2022-11-23 01:00:55,989] [builder.py:2260]           [DEBUG]    | Method: url_poster Poster: https://theposterdb.com/api/assets/135068                               |
[2022-11-23 01:00:55,989] [builder.py:2327]           [INFO]     | No background collection detail or asset folder found                                              |
[2022-11-23 01:00:55,998] [library.py:147]            [INFO]     | Detail: poster update not needed                                                                   |
[2022-11-23 01:00:56,132] [plex_meta_manager.py:880]  [INFO]     |                                                                                                    |
[2022-11-23 01:00:56,132] [util.py:209]               [INFO]     |====================================================================================================|
[2022-11-23 01:00:56,133] [util.py:216]               [INFO]     |                            Finished Godzilla (MonsterVerse) Collection                             |
[2022-11-23 01:00:56,133] [util.py:216]               [INFO]     |                                    Collection Run Time: 0:00:00                                    |
[2022-11-23 01:00:56,134] [util.py:220]               [INFO]     |====================================================================================================|
