[2022-10-25 01:01:02,287] [util.py:209]               [INFO]     |====================================================================================================|
[2022-10-25 01:01:02,287] [util.py:216]               [INFO]     |                                 Middle Earth Collection in Movies                                  |
[2022-10-25 01:01:02,287] [util.py:220]               [INFO]     |====================================================================================================|
[2022-10-25 01:01:02,288] [plex_meta_manager.py:750]  [INFO]     |                                                                                                    |
[2022-10-25 01:01:02,288] [util.py:216]               [INFO]     |================================ Validating Middle Earth Attributes ================================|
[2022-10-25 01:01:02,288] [builder.py:265]            [DEBUG]    |                                                                                                    |
[2022-10-25 01:01:02,289] [builder.py:266]            [DEBUG]    | Validating Method: template                                                                        |
[2022-10-25 01:01:02,289] [meta.py:83]                [DEBUG]    | Value: ordereddict([('name', 'Movie'), ('collection', '119, 121938'), ('summary', 119), ('poster', 'https://theposterdb.com/api/assets/12363')]) |
[2022-10-25 01:01:02,289] [builder.py:330]            [DEBUG]    |                                                                                                    |
[2022-10-25 01:01:02,290] [builder.py:331]            [DEBUG]    | Validating Method: sync_mode                                                                       |
[2022-10-25 01:01:02,290] [builder.py:335]            [DEBUG]    | Value: sync                                                                                        |
[2022-10-25 01:01:02,290] [builder.py:453]            [DEBUG]    |                                                                                                    |
[2022-10-25 01:01:02,290] [builder.py:454]            [DEBUG]    | Validating Method: collection_order                                                                |
[2022-10-25 01:01:02,290] [builder.py:455]            [DEBUG]    | Value: release                                                                                     |
[2022-10-25 01:01:02,291] [builder.py:472]            [DEBUG]    |                                                                                                    |
[2022-10-25 01:01:02,291] [builder.py:473]            [DEBUG]    | Validating Method: url_poster                                                                      |
[2022-10-25 01:01:02,291] [builder.py:474]            [DEBUG]    | Value: https://theposterdb.com/api/assets/12363                                                    |
[2022-10-25 01:01:02,291] [builder.py:472]            [DEBUG]    |                                                                                                    |
[2022-10-25 01:01:02,291] [builder.py:473]            [DEBUG]    | Validating Method: tmdb_collection                                                                 |
[2022-10-25 01:01:02,292] [builder.py:474]            [DEBUG]    | Value: 119, 121938                                                                                 |
[2022-10-25 01:01:02,519] [builder.py:472]            [DEBUG]    |                                                                                                    |
[2022-10-25 01:01:02,519] [builder.py:473]            [DEBUG]    | Validating Method: tmdb_summary                                                                    |
[2022-10-25 01:01:02,520] [builder.py:474]            [DEBUG]    | Value: 119                                                                                         |
[2022-10-25 01:01:02,520] [builder.py:472]            [DEBUG]    |                                                                                                    |
[2022-10-25 01:01:02,520] [builder.py:473]            [DEBUG]    | Validating Method: sort_title                                                                      |
[2022-10-25 01:01:02,520] [builder.py:474]            [DEBUG]    | Value: 00000f_Middle Earth                                                                         |
[2022-10-25 01:01:02,521] [builder.py:472]            [DEBUG]    |                                                                                                    |
[2022-10-25 01:01:02,521] [builder.py:473]            [DEBUG]    | Validating Method: radarr_add_missing                                                              |
[2022-10-25 01:01:02,521] [builder.py:474]            [DEBUG]    | Value: True                                                                                        |
[2022-10-25 01:01:02,703] [builder.py:619]            [INFO]     |                                                                                                    |
[2022-10-25 01:01:02,704] [builder.py:620]            [INFO]     | Validation Successful                                                                              |
[2022-10-25 01:01:02,705] [plex_meta_manager.py:758]  [INFO]     |                                                                                                    |
[2022-10-25 01:01:02,705] [util.py:216]               [INFO]     |================================= Running Middle Earth Collection ==================================|
[2022-10-25 01:01:02,705] [plex_meta_manager.py:773]  [INFO]     |                                                                                                    |
[2022-10-25 01:01:02,706] [plex_meta_manager.py:774]  [INFO]     | Sync Mode: sync                                                                                    |
[2022-10-25 01:01:02,706] [builder.py:1275]           [DEBUG]    |                                                                                                    |
[2022-10-25 01:01:02,706] [builder.py:1276]           [DEBUG]    | Builder: tmdb_collection: 119                                                                      |
[2022-10-25 01:01:02,707] [builder.py:1277]           [INFO]     |                                                                                                    |
[2022-10-25 01:01:02,707] [tmdb.py:321]               [INFO]     | Processing TMDb Collection: (119) The Lord of the Rings Collection (3 Items)                       |
[2022-10-25 01:01:02,707] [builder.py:1282]           [DEBUG]    |                                                                                                    |
[2022-10-25 01:01:02,707] [builder.py:1283]           [DEBUG]    | 3 IDs Found: [(120, 'tmdb'), (121, 'tmdb'), (122, 'tmdb')]                                         |
[2022-10-25 01:01:02,708] [builder.py:1284]           [DEBUG]    |                                                                                                    |
[2022-10-25 01:01:02,859] [builder.py:1275]           [DEBUG]    |                                                                                                    |
[2022-10-25 01:01:02,859] [builder.py:1276]           [DEBUG]    | Builder: tmdb_collection: 121938                                                                   |
[2022-10-25 01:01:02,859] [builder.py:1277]           [INFO]     |                                                                                                    |
[2022-10-25 01:01:02,860] [tmdb.py:321]               [INFO]     | Processing TMDb Collection: (121938) The Hobbit Collection (3 Items)                               |
[2022-10-25 01:01:02,860] [builder.py:1282]           [DEBUG]    |                                                                                                    |
[2022-10-25 01:01:02,860] [builder.py:1283]           [DEBUG]    | 3 IDs Found: [(49051, 'tmdb'), (57158, 'tmdb'), (122917, 'tmdb')]                                  |
[2022-10-25 01:01:02,860] [builder.py:1284]           [DEBUG]    |                                                                                                    |
[2022-10-25 01:01:02,931] [builder.py:1697]           [INFO]     |                                                                                                    |
[2022-10-25 01:01:02,932] [util.py:216]               [INFO]     |================================ Adding to Middle Earth Collection =================================|
[2022-10-25 01:01:02,932] [builder.py:1699]           [INFO]     |                                                                                                    |
[2022-10-25 01:01:02,932] [builder.py:1709]           [INFO]     | 1/6 | Middle Earth Collection | = | The Lord of the Rings: The Fellowship of the Ring (2001)       |
[2022-10-25 01:01:02,933] [builder.py:1709]           [INFO]     | 2/6 | Middle Earth Collection | = | The Lord of the Rings: The Two Towers (2002)                   |
[2022-10-25 01:01:02,933] [builder.py:1709]           [INFO]     | 3/6 | Middle Earth Collection | = | The Lord of the Rings: The Return of the King (2003)           |
[2022-10-25 01:01:02,933] [builder.py:1709]           [INFO]     | 4/6 | Middle Earth Collection | = | The Hobbit: An Unexpected Journey (2012)                       |
[2022-10-25 01:01:02,934] [builder.py:1709]           [INFO]     | 5/6 | Middle Earth Collection | = | The Hobbit: The Desolation of Smaug (2013)                     |
[2022-10-25 01:01:02,935] [builder.py:1709]           [INFO]     | 6/6 | Middle Earth Collection | = | The Hobbit: The Battle of the Five Armies (2014)               |
[2022-10-25 01:01:02,935] [builder.py:1734]           [INFO]     |                                                                                                    |
[2022-10-25 01:01:02,935] [builder.py:1735]           [INFO]     | 6 Movies Processed                                                                                 |
[2022-10-25 01:01:02,940] [builder.py:2147]           [INFO]     |                                                                                                    |
[2022-10-25 01:01:02,940] [util.py:216]               [INFO]     |=========================== Updating Details of Middle Earth Collection ============================|
[2022-10-25 01:01:02,940] [builder.py:2149]           [INFO]     |                                                                                                    |
[2022-10-25 01:01:02,941] [builder.py:2156]           [INFO]     | Detail: tmdb_summary updated Collection Summary                                                    |
[2022-10-25 01:01:02,941] [builder.py:2258]           [DEBUG]    | 1 posters found:                                                                                   |
[2022-10-25 01:01:02,942] [builder.py:2260]           [DEBUG]    | Method: url_poster Poster: https://theposterdb.com/api/assets/12363                                |
[2022-10-25 01:01:02,942] [builder.py:2327]           [INFO]     | No background collection detail or asset folder found                                              |
[2022-10-25 01:01:02,943] [library.py:147]            [INFO]     | Detail: poster update not needed                                                                   |
[2022-10-25 01:01:03,120] [plex_meta_manager.py:880]  [INFO]     |                                                                                                    |
[2022-10-25 01:01:03,121] [util.py:209]               [INFO]     |====================================================================================================|
[2022-10-25 01:01:03,122] [util.py:216]               [INFO]     |                                  Finished Middle Earth Collection                                  |
[2022-10-25 01:01:03,122] [util.py:216]               [INFO]     |                                    Collection Run Time: 0:00:00                                    |
[2022-10-25 01:01:03,122] [util.py:220]               [INFO]     |====================================================================================================|
