[2022-01-16 14:54:40,033] [util.py:209]               [INFO]     |====================================================================================================|
[2022-01-16 14:54:40,034] [util.py:216]               [INFO]     |                                 Carrie Fisher Collection in Movies                                 |
[2022-01-16 14:54:40,034] [util.py:220]               [INFO]     |====================================================================================================|
[2022-01-16 14:54:40,035] [plex_meta_manager.py:750]  [INFO]     |                                                                                                    |
[2022-01-16 14:54:40,036] [util.py:216]               [INFO]     |=============================== Validating Carrie Fisher Attributes ================================|
[2022-01-16 14:54:40,036] [builder.py:265]            [DEBUG]    |                                                                                                    |
[2022-01-16 14:54:40,036] [builder.py:266]            [DEBUG]    | Validating Method: template                                                                        |
[2022-01-16 14:54:40,037] [meta.py:83]                [DEBUG]    | Value: ordereddict([('name', 'people'), ('person', 4)])                                            |
[2022-01-16 14:54:40,037] [builder.py:367]            [DEBUG]    |                                                                                                    |
[2022-01-16 14:54:40,037] [builder.py:368]            [DEBUG]    | Validating Method: tmdb_person                                                                     |
[2022-01-16 14:54:40,037] [builder.py:372]            [DEBUG]    | Value: 4                                                                                           |
[2022-01-16 14:54:40,170] [builder.py:453]            [DEBUG]    |                                                                                                    |
[2022-01-16 14:54:40,171] [builder.py:454]            [DEBUG]    | Validating Method: collection_order                                                                |
[2022-01-16 14:54:40,171] [builder.py:455]            [DEBUG]    | Value: release                                                                                     |
[2022-01-16 14:54:40,172] [builder.py:472]            [DEBUG]    |                                                                                                    |
[2022-01-16 14:54:40,172] [builder.py:473]            [DEBUG]    | Validating Method: actor                                                                           |
[2022-01-16 14:54:40,172] [builder.py:474]            [DEBUG]    | Value: tmdb                                                                                        |
[2022-01-16 14:54:40,213] [builder.py:472]            [DEBUG]    |                                                                                                    |
[2022-01-16 14:54:40,214] [builder.py:473]            [DEBUG]    | Validating Method: sort_title                                                                      |
[2022-01-16 14:54:40,214] [builder.py:474]            [DEBUG]    | Value: ++_Carrie Fisher                                                                            |
[2022-01-16 14:54:40,218] [plex.py:685]               [DEBUG]    | Looking for: Carrie Fisher                                                                         |
[2022-01-16 14:54:40,219] [builder.py:619]            [INFO]     |                                                                                                    |
[2022-01-16 14:54:40,219] [builder.py:620]            [INFO]     | Validation Successful                                                                              |
[2022-01-16 14:54:40,220] [plex_meta_manager.py:758]  [INFO]     |                                                                                                    |
[2022-01-16 14:54:40,221] [util.py:216]               [INFO]     |================================= Running Carrie Fisher Collection =================================|
[2022-01-16 14:54:40,221] [plex_meta_manager.py:773]  [INFO]     |                                                                                                    |
[2022-01-16 14:54:40,222] [plex_meta_manager.py:774]  [INFO]     | Sync Mode: append                                                                                  |
[2022-01-16 14:54:40,222] [builder.py:1275]           [DEBUG]    |                                                                                                    |
[2022-01-16 14:54:40,222] [builder.py:1276]           [DEBUG]    | Builder: plex_search: (1, 'Plex Movie Search\nSort By: title.asc\nFilter:\n  Match any of the following:\n    Actor is Carrie Fisher', '?type=1&sort=titleSort&push=1&actor=22463&pop=1') |
[2022-01-16 14:54:40,223] [builder.py:1277]           [INFO]     |                                                                                                    |
[2022-01-16 14:54:40,223] [util.py:161]               [INFO]     | Plex Movie Search                                                                                  |
[2022-01-16 14:54:40,223] [util.py:161]               [INFO]     | Sort By: title.asc                                                                                 |
[2022-01-16 14:54:40,224] [util.py:161]               [INFO]     | Filter:                                                                                            |
[2022-01-16 14:54:40,224] [util.py:161]               [INFO]     |   Match any of the following:                                                                      |
[2022-01-16 14:54:40,224] [util.py:161]               [INFO]     |     Actor is Carrie Fisher                                                                         |
[2022-01-16 14:54:40,246] [plex.py:746]               [DEBUG]    |                                                                                                    |
[2022-01-16 14:54:40,246] [plex.py:747]               [DEBUG]    | 4 Keys Found: [(32640, 'ratingKey'), (32152, 'ratingKey'), (32160, 'ratingKey'), (32167, 'ratingKey')] |
[2022-01-16 14:54:40,247] [builder.py:1282]           [DEBUG]    |                                                                                                    |
[2022-01-16 14:54:40,247] [builder.py:1283]           [DEBUG]    | 4 IDs Found: [(32640, 'ratingKey'), (32152, 'ratingKey'), (32160, 'ratingKey'), (32167, 'ratingKey')] |
[2022-01-16 14:54:40,247] [builder.py:1284]           [DEBUG]    |                                                                                                    |
[2022-01-16 14:54:40,436] [builder.py:1697]           [INFO]     |                                                                                                    |
[2022-01-16 14:54:40,437] [util.py:216]               [INFO]     |================================ Adding to Carrie Fisher Collection ================================|
[2022-01-16 14:54:40,437] [builder.py:1699]           [INFO]     |                                                                                                    |
[2022-01-16 14:54:40,438] [builder.py:1709]           [INFO]     | 1/4 | Carrie Fisher Collection | + | Hook (1991)                                                   |
[2022-01-16 14:54:40,542] [builder.py:1709]           [INFO]     | 2/4 | Carrie Fisher Collection | + | Star Wars: Episode IV - A New Hope (1977)                     |
[2022-01-16 14:54:40,692] [builder.py:1709]           [INFO]     | 3/4 | Carrie Fisher Collection | + | Star Wars: Episode V - The Empire Strikes Back (1980)         |
[2022-01-16 14:54:40,866] [builder.py:1709]           [INFO]     | 4/4 | Carrie Fisher Collection | + | Star Wars: Episode VI - Return of the Jedi (1983)             |
[2022-01-16 14:54:41,020] [builder.py:1734]           [INFO]     |                                                                                                    |
[2022-01-16 14:54:41,020] [builder.py:1735]           [INFO]     | 4 Movies Processed                                                                                 |
[2022-01-16 14:54:41,025] [builder.py:2147]           [INFO]     |                                                                                                    |
[2022-01-16 14:54:41,026] [util.py:216]               [INFO]     |=========================== Updating Details of Carrie Fisher Collection ===========================|
[2022-01-16 14:54:41,027] [builder.py:2149]           [INFO]     |                                                                                                    |
[2022-01-16 14:54:41,027] [builder.py:2156]           [INFO]     | Detail: tmdb_person updated Collection Summary                                                     |
[2022-01-16 14:54:41,028] [builder.py:2193]           [INFO]     | Detail: sort_title updated Collection Sort Title to ++_Carrie Fisher                               |
[2022-01-16 14:54:41,028] [builder.py:2235]           [DEBUG]    | {'summary.value': 'Carrie Frances Fisher (21 October 1956 - 27 December 2016) was an American actress, novelist, screenwriter, and lecturer. She is most famous for her portrayal of Princess Leia Organa in the original Star Wars trilogy, her bestselling novel Postcards from the Edge, for which she wrote the screenplay to the film of the same name, and her autobiography Wishful Drinking.', 'summary.locked': 1, 'titleSort.value': '++_Carrie Fisher', 'titleSort.locked': 1} |
[2022-01-16 14:54:41,041] [builder.py:2237]           [INFO]     | Details: have been updated                                                                         |
[2022-01-16 14:54:41,042] [builder.py:2258]           [DEBUG]    | 1 posters found:                                                                                   |
[2022-01-16 14:54:41,042] [builder.py:2260]           [DEBUG]    | Method: tmdb_person Poster: https://image.tmdb.org/t/p/original/rfJtncHewKVnHjqpIZvjn24ESeC.jpg    |
[2022-01-16 14:54:41,042] [builder.py:2327]           [INFO]     | No background collection detail or asset folder found                                              |
[2022-01-16 14:54:41,113] [library.py:145]            [INFO]     | Detail: tmdb_person updated poster to [URL] https://image.tmdb.org/t/p/original/rfJtncHewKVnHjqpIZvjn24ESeC.jpg |
[2022-01-16 14:54:41,306] [plex_meta_manager.py:880]  [INFO]     |                                                                                                    |
[2022-01-16 14:54:41,307] [util.py:209]               [INFO]     |====================================================================================================|
[2022-01-16 14:54:41,307] [util.py:216]               [INFO]     |                                 Finished Carrie Fisher Collection                                  |
[2022-01-16 14:54:41,308] [util.py:216]               [INFO]     |                                    Collection Run Time: 0:00:01                                    |
[2022-01-16 14:54:41,308] [util.py:220]               [INFO]     |====================================================================================================|
