[2022-01-16 14:54:26,455] [util.py:209]               [INFO]     |====================================================================================================|
[2022-01-16 14:54:26,455] [util.py:216]               [INFO]     |                                 Anne Hathaway Collection in Movies                                 |
[2022-01-16 14:54:26,456] [util.py:220]               [INFO]     |====================================================================================================|
[2022-01-16 14:54:26,456] [plex_meta_manager.py:750]  [INFO]     |                                                                                                    |
[2022-01-16 14:54:26,457] [util.py:216]               [INFO]     |=============================== Validating Anne Hathaway Attributes ================================|
[2022-01-16 14:54:26,457] [builder.py:265]            [DEBUG]    |                                                                                                    |
[2022-01-16 14:54:26,458] [builder.py:266]            [DEBUG]    | Validating Method: template                                                                        |
[2022-01-16 14:54:26,458] [meta.py:83]                [DEBUG]    | Value: ordereddict([('name', 'people'), ('person', 1813)])                                         |
[2022-01-16 14:54:26,458] [builder.py:367]            [DEBUG]    |                                                                                                    |
[2022-01-16 14:54:26,459] [builder.py:368]            [DEBUG]    | Validating Method: tmdb_person                                                                     |
[2022-01-16 14:54:26,459] [builder.py:372]            [DEBUG]    | Value: 1813                                                                                        |
[2022-01-16 14:54:26,605] [builder.py:453]            [DEBUG]    |                                                                                                    |
[2022-01-16 14:54:26,605] [builder.py:454]            [DEBUG]    | Validating Method: collection_order                                                                |
[2022-01-16 14:54:26,606] [builder.py:455]            [DEBUG]    | Value: release                                                                                     |
[2022-01-16 14:54:26,606] [builder.py:472]            [DEBUG]    |                                                                                                    |
[2022-01-16 14:54:26,606] [builder.py:473]            [DEBUG]    | Validating Method: actor                                                                           |
[2022-01-16 14:54:26,607] [builder.py:474]            [DEBUG]    | Value: tmdb                                                                                        |
[2022-01-16 14:54:26,646] [builder.py:472]            [DEBUG]    |                                                                                                    |
[2022-01-16 14:54:26,646] [builder.py:473]            [DEBUG]    | Validating Method: sort_title                                                                      |
[2022-01-16 14:54:26,647] [builder.py:474]            [DEBUG]    | Value: ++_Anne Hathaway                                                                            |
[2022-01-16 14:54:26,651] [plex.py:685]               [DEBUG]    | Looking for: Anne Hathaway                                                                         |
[2022-01-16 14:54:26,651] [builder.py:619]            [INFO]     |                                                                                                    |
[2022-01-16 14:54:26,652] [builder.py:620]            [INFO]     | Validation Successful                                                                              |
[2022-01-16 14:54:26,653] [plex_meta_manager.py:758]  [INFO]     |                                                                                                    |
[2022-01-16 14:54:26,653] [util.py:216]               [INFO]     |================================= Running Anne Hathaway Collection =================================|
[2022-01-16 14:54:26,654] [plex_meta_manager.py:773]  [INFO]     |                                                                                                    |
[2022-01-16 14:54:26,654] [plex_meta_manager.py:774]  [INFO]     | Sync Mode: append                                                                                  |
[2022-01-16 14:54:26,655] [builder.py:1275]           [DEBUG]    |                                                                                                    |
[2022-01-16 14:54:26,655] [builder.py:1276]           [DEBUG]    | Builder: plex_search: (1, 'Plex Movie Search\nSort By: title.asc\nFilter:\n  Match any of the following:\n    Actor is Anne Hathaway', '?type=1&sort=titleSort&push=1&actor=19553&pop=1') |
[2022-01-16 14:54:26,655] [builder.py:1277]           [INFO]     |                                                                                                    |
[2022-01-16 14:54:26,656] [util.py:161]               [INFO]     | Plex Movie Search                                                                                  |
[2022-01-16 14:54:26,656] [util.py:161]               [INFO]     | Sort By: title.asc                                                                                 |
[2022-01-16 14:54:26,656] [util.py:161]               [INFO]     | Filter:                                                                                            |
[2022-01-16 14:54:26,657] [util.py:161]               [INFO]     |   Match any of the following:                                                                      |
[2022-01-16 14:54:26,657] [util.py:161]               [INFO]     |     Actor is Anne Hathaway                                                                         |
[2022-01-16 14:54:26,674] [plex.py:746]               [DEBUG]    |                                                                                                    |
[2022-01-16 14:54:26,674] [plex.py:747]               [DEBUG]    | 3 Keys Found: [(32388, 'ratingKey'), (31136, 'ratingKey'), (30833, 'ratingKey')]                   |
[2022-01-16 14:54:26,675] [builder.py:1282]           [DEBUG]    |                                                                                                    |
[2022-01-16 14:54:26,675] [builder.py:1283]           [DEBUG]    | 3 IDs Found: [(32388, 'ratingKey'), (31136, 'ratingKey'), (30833, 'ratingKey')]                    |
[2022-01-16 14:54:26,675] [builder.py:1284]           [DEBUG]    |                                                                                                    |
[2022-01-16 14:54:26,797] [builder.py:1697]           [INFO]     |                                                                                                    |
[2022-01-16 14:54:26,797] [util.py:216]               [INFO]     |================================ Adding to Anne Hathaway Collection ================================|
[2022-01-16 14:54:26,798] [builder.py:1699]           [INFO]     |                                                                                                    |
[2022-01-16 14:54:26,798] [builder.py:1709]           [INFO]     | 1/3 | Anne Hathaway Collection | + | The Dark Knight Rises (2012)                                  |
[2022-01-16 14:54:26,946] [builder.py:1709]           [INFO]     | 2/3 | Anne Hathaway Collection | + | The Hustle (2019)                                             |
[2022-01-16 14:54:27,075] [builder.py:1709]           [INFO]     | 3/3 | Anne Hathaway Collection | + | Interstellar (2014)                                           |
[2022-01-16 14:54:27,247] [builder.py:1734]           [INFO]     |                                                                                                    |
[2022-01-16 14:54:27,248] [builder.py:1735]           [INFO]     | 3 Movies Processed                                                                                 |
[2022-01-16 14:54:27,253] [builder.py:2147]           [INFO]     |                                                                                                    |
[2022-01-16 14:54:27,254] [util.py:216]               [INFO]     |=========================== Updating Details of Anne Hathaway Collection ===========================|
[2022-01-16 14:54:27,254] [builder.py:2149]           [INFO]     |                                                                                                    |
[2022-01-16 14:54:27,255] [builder.py:2156]           [INFO]     | Detail: tmdb_person updated Collection Summary                                                     |
[2022-01-16 14:54:27,255] [builder.py:2193]           [INFO]     | Detail: sort_title updated Collection Sort Title to ++_Anne Hathaway                               |
[2022-01-16 14:54:27,255] [builder.py:2235]           [DEBUG]    | {'summary.value': "Anne Jacqueline Hathaway (born November 12, 1982) is an American actress. After several stage roles, she appeared in the 1999 television series Get Real. She played Mia Thermopolis in The Princess Diaries (2001). Over the next three years, Hathaway reprised that role for The Princess Diaries 2: Royal Engagement, and starred in family films, appearing as the title character in Ella Enchanted, both in 2004.\n\nHathaway had dramatic roles in Havoc and Brokeback Mountain, both in 2005. She starred in The Devil Wears Prada (2006) and in Becoming Jane (2007) as Jane Austen. In 2008, she was acclaimed for her lead role in Rachel Getting Married, for which she won awards and was nominated for the Academy Award for Best Actress. In 2010, she starred in the box office hits Valentine's Day and Tim Burton's Alice In Wonderland, as well as Love and Other Drugs. In 2011, she had a voice role in the animated box office Rio. She is scheduled to play Selina Kyle/Catwoman in Christopher Nolan's The Dark Knight Rises.\n\nPeople magazine named her one of its breakthrough stars of 2001, and she first appeared on its list of the world's 50 Most Beautiful People in 2006.\n\n\u200bFrom Wikipedia, the free encyclopedia", 'summary.locked': 1, 'titleSort.value': '++_Anne Hathaway', 'titleSort.locked': 1} |
[2022-01-16 14:54:27,289] [builder.py:2237]           [INFO]     | Details: have been updated                                                                         |
[2022-01-16 14:54:27,289] [builder.py:2258]           [DEBUG]    | 1 posters found:                                                                                   |
[2022-01-16 14:54:27,290] [builder.py:2260]           [DEBUG]    | Method: tmdb_person Poster: https://image.tmdb.org/t/p/original/tLelKoPNiyJCSEtQTz1FGv4TLGc.jpg    |
[2022-01-16 14:54:27,290] [builder.py:2327]           [INFO]     | No background collection detail or asset folder found                                              |
[2022-01-16 14:54:27,325] [library.py:145]            [INFO]     | Detail: tmdb_person updated poster to [URL] https://image.tmdb.org/t/p/original/tLelKoPNiyJCSEtQTz1FGv4TLGc.jpg |
[2022-01-16 14:54:27,501] [plex_meta_manager.py:880]  [INFO]     |                                                                                                    |
[2022-01-16 14:54:27,501] [util.py:209]               [INFO]     |====================================================================================================|
[2022-01-16 14:54:27,502] [util.py:216]               [INFO]     |                                 Finished Anne Hathaway Collection                                  |
[2022-01-16 14:54:27,502] [util.py:216]               [INFO]     |                                    Collection Run Time: 0:00:01                                    |
[2022-01-16 14:54:27,503] [util.py:220]               [INFO]     |====================================================================================================|
