[2022-11-07 00:05:56,539] [util.py:209]               [INFO]     |====================================================================================================|
[2022-11-07 00:05:56,540] [util.py:216]               [INFO]     |                               Fantastic Beasts Collection in Movies                                |
[2022-11-07 00:05:56,540] [util.py:220]               [INFO]     |====================================================================================================|
[2022-11-07 00:05:56,541] [plex_meta_manager.py:750]  [INFO]     |                                                                                                    |
[2022-11-07 00:05:56,541] [util.py:216]               [INFO]     |============================== Validating Fantastic Beasts Attributes ==============================|
[2022-11-07 00:05:56,542] [builder.py:265]            [DEBUG]    |                                                                                                    |
[2022-11-07 00:05:56,542] [builder.py:266]            [DEBUG]    | Validating Method: template                                                                        |
[2022-11-07 00:05:56,542] [meta.py:83]                [DEBUG]    | Value: ordereddict([('name', 'Movie'), ('collection', 435259), ('summary', 435259), ('poster', 'https://theposterdb.com/api/assets/27620')]) |
[2022-11-07 00:05:56,542] [builder.py:330]            [DEBUG]    |                                                                                                    |
[2022-11-07 00:05:56,543] [builder.py:331]            [DEBUG]    | Validating Method: sync_mode                                                                       |
[2022-11-07 00:05:56,543] [builder.py:335]            [DEBUG]    | Value: sync                                                                                        |
[2022-11-07 00:05:56,543] [builder.py:453]            [DEBUG]    |                                                                                                    |
[2022-11-07 00:05:56,544] [builder.py:454]            [DEBUG]    | Validating Method: collection_order                                                                |
[2022-11-07 00:05:56,544] [builder.py:455]            [DEBUG]    | Value: release                                                                                     |
[2022-11-07 00:05:56,544] [builder.py:472]            [DEBUG]    |                                                                                                    |
[2022-11-07 00:05:56,544] [builder.py:473]            [DEBUG]    | Validating Method: url_poster                                                                      |
[2022-11-07 00:05:56,545] [builder.py:474]            [DEBUG]    | Value: https://theposterdb.com/api/assets/27620                                                    |
[2022-11-07 00:05:56,545] [builder.py:472]            [DEBUG]    |                                                                                                    |
[2022-11-07 00:05:56,545] [builder.py:473]            [DEBUG]    | Validating Method: tmdb_collection                                                                 |
[2022-11-07 00:05:56,545] [builder.py:474]            [DEBUG]    | Value: 435259                                                                                      |
[2022-11-07 00:05:57,661] [builder.py:472]            [DEBUG]    |                                                                                                    |
[2022-11-07 00:05:57,661] [builder.py:473]            [DEBUG]    | Validating Method: tmdb_summary                                                                    |
[2022-11-07 00:05:57,661] [builder.py:474]            [DEBUG]    | Value: 435259                                                                                      |
[2022-11-07 00:05:57,662] [builder.py:472]            [DEBUG]    |                                                                                                    |
[2022-11-07 00:05:57,662] [builder.py:473]            [DEBUG]    | Validating Method: sort_title                                                                      |
[2022-11-07 00:05:57,662] [builder.py:474]            [DEBUG]    | Value: 00000f_Fantastic Beasts                                                                     |
[2022-11-07 00:05:57,662] [builder.py:472]            [DEBUG]    |                                                                                                    |
[2022-11-07 00:05:57,663] [builder.py:473]            [DEBUG]    | Validating Method: radarr_add_missing                                                              |
[2022-11-07 00:05:57,663] [builder.py:474]            [DEBUG]    | Value: True                                                                                        |
[2022-11-07 00:05:57,805] [builder.py:619]            [INFO]     |                                                                                                    |
[2022-11-07 00:05:57,805] [builder.py:620]            [INFO]     | Validation Successful                                                                              |
[2022-11-07 00:05:57,806] [plex_meta_manager.py:758]  [INFO]     |                                                                                                    |
[2022-11-07 00:05:57,806] [util.py:216]               [INFO]     |=============================== Running Fantastic Beasts Collection ================================|
[2022-11-07 00:05:57,806] [plex_meta_manager.py:773]  [INFO]     |                                                                                                    |
[2022-11-07 00:05:57,807] [plex_meta_manager.py:774]  [INFO]     | Sync Mode: sync                                                                                    |
[2022-11-07 00:05:57,807] [builder.py:1275]           [DEBUG]    |                                                                                                    |
[2022-11-07 00:05:57,807] [builder.py:1276]           [DEBUG]    | Builder: tmdb_collection: 435259                                                                   |
[2022-11-07 00:05:57,807] [builder.py:1277]           [INFO]     |                                                                                                    |
[2022-11-07 00:05:57,808] [tmdb.py:323]               [INFO]     | Processing TMDb Collection: (435259) Fantastic Beasts Collection (5 Items)                         |
[2022-11-07 00:05:57,808] [builder.py:1282]           [DEBUG]    |                                                                                                    |
[2022-11-07 00:05:57,808] [builder.py:1283]           [DEBUG]    | 5 IDs Found: [(259316, 'tmdb'), (422641, 'tmdb'), (422642, 'tmdb'), (338953, 'tmdb'), (338952, 'tmdb')] |
[2022-11-07 00:05:57,809] [builder.py:1284]           [DEBUG]    |                                                                                                    |
[2022-11-07 00:05:57,901] [builder.py:1697]           [INFO]     |                                                                                                    |
[2022-11-07 00:05:57,902] [util.py:216]               [INFO]     |============================== Adding to Fantastic Beasts Collection ===============================|
[2022-11-07 00:05:57,902] [builder.py:1699]           [INFO]     |                                                                                                    |
[2022-11-07 00:05:57,902] [builder.py:1709]           [INFO]     | 1/3 | Fantastic Beasts Collection | = | Fantastic Beasts and Where to Find Them (2016)             |
[2022-11-07 00:05:57,903] [builder.py:1709]           [INFO]     | 2/3 | Fantastic Beasts Collection | = | Fantastic Beasts: The Secrets of Dumbledore (2022)         |
[2022-11-07 00:05:57,903] [builder.py:1709]           [INFO]     | 3/3 | Fantastic Beasts Collection | = | Fantastic Beasts: The Crimes of Grindelwald (2018)         |
[2022-11-07 00:05:57,904] [builder.py:1734]           [INFO]     |                                                                                                    |
[2022-11-07 00:05:57,904] [builder.py:1735]           [INFO]     | 3 Movies Processed                                                                                 |
[2022-11-07 00:05:57,904] [builder.py:1929]           [INFO]     |                                                                                                    |
[2022-11-07 00:05:57,904] [util.py:216]               [INFO]     |========================== Missing Movies from Library: Fantastic Beasts ===========================|
[2022-11-07 00:05:57,905] [builder.py:1931]           [INFO]     |                                                                                                    |
[2022-11-07 00:05:58,017] [builder.py:1943]           [INFO]     | Fantastic Beasts Collection | ? | Fantastic Beasts 4 (TMDb: 422641)                                |
[2022-11-07 00:05:58,071] [builder.py:1943]           [INFO]     | Fantastic Beasts Collection | ? | Fantastic Beasts 5 (TMDb: 422642)                                |
[2022-11-07 00:05:58,071] [builder.py:1947]           [INFO]     |                                                                                                    |
[2022-11-07 00:05:58,072] [builder.py:1948]           [INFO]     | 2 Movies Missing                                                                                   |
[2022-11-07 00:05:58,078] [radarr.py:46]              [INFO]     |                                                                                                    |
[2022-11-07 00:05:58,079] [util.py:216]               [INFO]     |===================================== Adding Missing to Radarr =====================================|
[2022-11-07 00:05:58,079] [radarr.py:48]              [DEBUG]    |                                                                                                    |
[2022-11-07 00:05:58,079] [radarr.py:49]              [DEBUG]    | Radarr Adds: [422641, 422642]                                                                      |
[2022-11-07 00:05:58,956] [radarr.py:138]             [INFO]     |                                                                                                    |
[2022-11-07 00:05:58,957] [radarr.py:146]             [INFO]     | Skipped: In Cache | 422641                                                                         |
[2022-11-07 00:05:58,957] [radarr.py:146]             [INFO]     | Skipped: In Cache | 422642                                                                         |
[2022-11-07 00:05:58,957] [radarr.py:147]             [INFO]     | 2 Movies already exist in Radarr                                                                   |
[2022-11-07 00:05:58,973] [builder.py:2147]           [INFO]     |                                                                                                    |
[2022-11-07 00:05:58,974] [util.py:216]               [INFO]     |========================= Updating Details of Fantastic Beasts Collection ==========================|
[2022-11-07 00:05:58,974] [builder.py:2149]           [INFO]     |                                                                                                    |
[2022-11-07 00:05:58,975] [builder.py:2156]           [INFO]     | Detail: tmdb_summary updated Collection Summary                                                    |
[2022-11-07 00:05:58,975] [builder.py:2258]           [DEBUG]    | 1 posters found:                                                                                   |
[2022-11-07 00:05:58,976] [builder.py:2260]           [DEBUG]    | Method: url_poster Poster: https://theposterdb.com/api/assets/27620                                |
[2022-11-07 00:05:58,976] [builder.py:2327]           [INFO]     | No background collection detail or asset folder found                                              |
[2022-11-07 00:05:58,977] [library.py:147]            [INFO]     | Detail: poster update not needed                                                                   |
[2022-11-07 00:05:59,120] [plex_meta_manager.py:880]  [INFO]     |                                                                                                    |
[2022-11-07 00:05:59,121] [util.py:209]               [INFO]     |====================================================================================================|
[2022-11-07 00:05:59,121] [util.py:216]               [INFO]     |                                Finished Fantastic Beasts Collection                                |
[2022-11-07 00:05:59,122] [util.py:216]               [INFO]     |                                    Collection Run Time: 0:00:02                                    |
[2022-11-07 00:05:59,122] [util.py:220]               [INFO]     |====================================================================================================|
