[2022-11-23 01:39:55,405] [util.py:209]               [INFO]     |====================================================================================================|
[2022-11-23 01:39:55,405] [util.py:216]               [INFO]     |                                     AMC Collection in TV Shows                                     |
[2022-11-23 01:39:55,406] [util.py:220]               [INFO]     |====================================================================================================|
[2022-11-23 01:39:55,406] [plex_meta_manager.py:750]  [INFO]     |                                                                                                    |
[2022-11-23 01:39:55,406] [util.py:216]               [INFO]     |==================================== Validating AMC Attributes =====================================|
[2022-11-23 01:39:55,407] [builder.py:265]            [DEBUG]    |                                                                                                    |
[2022-11-23 01:39:55,407] [builder.py:266]            [DEBUG]    | Validating Method: template                                                                        |
[2022-11-23 01:39:55,407] [meta.py:83]                [DEBUG]    | Value: ordereddict([('name', 'network'), ('network', '174, 4661'), ('poster', 'https://theposterdb.com/api/assets/104445')]) |
[2022-11-23 01:39:55,407] [builder.py:330]            [DEBUG]    |                                                                                                    |
[2022-11-23 01:39:55,408] [builder.py:331]            [DEBUG]    | Validating Method: sync_mode                                                                       |
[2022-11-23 01:39:55,408] [builder.py:335]            [DEBUG]    | Value: sync                                                                                        |
[2022-11-23 01:39:55,408] [builder.py:453]            [DEBUG]    |                                                                                                    |
[2022-11-23 01:39:55,408] [builder.py:454]            [DEBUG]    | Validating Method: collection_order                                                                |
[2022-11-23 01:39:55,408] [builder.py:455]            [DEBUG]    | Value: alpha                                                                                       |
[2022-11-23 01:39:55,409] [builder.py:472]            [DEBUG]    |                                                                                                    |
[2022-11-23 01:39:55,409] [builder.py:473]            [DEBUG]    | Validating Method: tmdb_network                                                                    |
[2022-11-23 01:39:55,409] [builder.py:474]            [DEBUG]    | Value: 174, 4661                                                                                   |
[2022-11-23 01:39:55,688] [builder.py:472]            [DEBUG]    |                                                                                                    |
[2022-11-23 01:39:55,689] [builder.py:473]            [DEBUG]    | Validating Method: url_poster                                                                      |
[2022-11-23 01:39:55,689] [builder.py:474]            [DEBUG]    | Value: https://theposterdb.com/api/assets/104445                                                   |
[2022-11-23 01:39:55,689] [builder.py:472]            [DEBUG]    |                                                                                                    |
[2022-11-23 01:39:55,689] [builder.py:473]            [DEBUG]    | Validating Method: sort_title                                                                      |
[2022-11-23 01:39:55,689] [builder.py:474]            [DEBUG]    | Value: +2_AMC                                                                                      |
[2022-11-23 01:39:55,751] [builder.py:619]            [INFO]     |                                                                                                    |
[2022-11-23 01:39:55,752] [builder.py:620]            [INFO]     | Validation Successful                                                                              |
[2022-11-23 01:39:55,752] [plex_meta_manager.py:758]  [INFO]     |                                                                                                    |
[2022-11-23 01:39:55,753] [util.py:216]               [INFO]     |====================================== Running AMC Collection ======================================|
[2022-11-23 01:39:55,753] [plex_meta_manager.py:773]  [INFO]     |                                                                                                    |
[2022-11-23 01:39:55,753] [plex_meta_manager.py:774]  [INFO]     | Sync Mode: sync                                                                                    |
[2022-11-23 01:39:55,754] [builder.py:1275]           [DEBUG]    |                                                                                                    |
[2022-11-23 01:39:55,754] [builder.py:1276]           [DEBUG]    | Builder: tmdb_network: 174                                                                         |
[2022-11-23 01:39:55,754] [builder.py:1277]           [INFO]     |                                                                                                    |
[2022-11-23 01:39:56,386] [tmdb.py:282]               [INFO]     | Processing TMDb Network: (174) AMC (77 Shows)                                                      |
[2022-11-23 01:39:56,387] [builder.py:1282]           [DEBUG]    |                                                                                                    |
[2022-11-23 01:39:56,387] [builder.py:1283]           [DEBUG]    | 77 IDs Found: [(1402, 'tmdb_show'), (62286, 'tmdb_show'), (1396, 'tmdb_show'), (129035, 'tmdb_show'), (136248, 'tmdb_show'), (60059, 'tmdb_show'), (94305, 'tmdb_show'), (194583, 'tmdb_show'), (1104, 'tmdb_show'), (42021, 'tmdb_show'), (128098, 'tmdb_show'), (64230, 'tmdb_show'), (206586, 'tmdb_show'), (1401, 'tmdb_show'), (47450, 'tmdb_show'), (75191, 'tmdb_show'), (59659, 'tmdb_show'), (34415, 'tmdb_show'), (85273, 'tmdb_show'), (90746, 'tmdb_show'), (208071, 'tmdb_show'), (42004, 'tmdb_show'), (67232, 'tmdb_show'), (57276, 'tmdb_show'), (79003, 'tmdb_show'), (100771, 'tmdb_show'), (214487, 'tmdb_show'), (83181, 'tmdb_show'), (81241, 'tmdb_show'), (211684, 'tmdb_show'), (80925, 'tmdb_show'), (30892, 'tmdb_show'), (62336, 'tmdb_show'), (128904, 'tmdb_show'), (99652, 'tmdb_show'), (20056, 'tmdb_show'), (31319, 'tmdb_show'), (79005, 'tmdb_show'), (68010, 'tmdb_show'), (65664, 'tmdb_show'), (47323, 'tmdb_show'), (75262, 'tmdb_show'), (10479, 'tmdb_show'), (11481, 'tmdb_show'), (129536, 'tmdb_show'), (90306, 'tmdb_show'), (66316, 'tmdb_show'), (66402, 'tmdb_show'), (207863, 'tmdb_show'), (66737, 'tmdb_show'), (98657, 'tmdb_show'), (119492, 'tmdb_show'), (28902, 'tmdb_show'), (102832, 'tmdb_show'), (80071, 'tmdb_show'), (94902, 'tmdb_show'), (91497, 'tmdb_show'), (43706, 'tmdb_show'), (210239, 'tmdb_show'), (30089, 'tmdb_show'), (15526, 'tmdb_show'), (11084, 'tmdb_show'), (28026, 'tmdb_show'), (105839, 'tmdb_show'), (56240, 'tmdb_show'), (194741, 'tmdb_show'), (123987, 'tmdb_show'), (119518, 'tmdb_show'), (59526, 'tmdb_show'), (56880, 'tmdb_show'), (46873, 'tmdb_show'), (46772, 'tmdb_show'), (35123, 'tmdb_show'), (25078, 'tmdb_show'), (23653, 'tmdb_show'), (22886, 'tmdb_show'), (17414, 'tmdb_show')] |
[2022-11-23 01:39:56,387] [builder.py:1284]           [DEBUG]    |                                                                                                    |
[2022-11-23 01:39:56,524] [builder.py:1361]           [ERROR]    | Convert Error: No TVDb ID Found for TMDb ID: 129035                                                |
[2022-11-23 01:39:56,661] [builder.py:1361]           [ERROR]    | Convert Error: No TVDb ID Found for TMDb ID: 206586                                                |
[2022-11-23 01:39:56,803] [builder.py:1361]           [ERROR]    | Convert Error: No TVDb ID Found for TMDb ID: 208071                                                |
[2022-11-23 01:39:56,934] [builder.py:1361]           [ERROR]    | Convert Error: No TVDb ID Found for TMDb ID: 214487                                                |
[2022-11-23 01:39:57,141] [builder.py:1361]           [ERROR]    | Convert Error: No TVDb ID Found for TMDb ID: 65664                                                 |
[2022-11-23 01:39:57,260] [builder.py:1361]           [ERROR]    | Convert Error: No TVDb ID Found for TMDb ID: 119492                                                |
[2022-11-23 01:39:57,365] [builder.py:1361]           [ERROR]    | Convert Error: No TVDb ID Found for TMDb ID: 28902                                                 |
[2022-11-23 01:39:57,474] [builder.py:1361]           [ERROR]    | Convert Error: No TVDb ID Found for TMDb ID: 91497                                                 |
[2022-11-23 01:39:57,579] [builder.py:1361]           [ERROR]    | Convert Error: No TVDb ID Found for TMDb ID: 210239                                                |
[2022-11-23 01:39:57,697] [builder.py:1361]           [ERROR]    | Convert Error: No TVDb ID Found for TMDb ID: 30089                                                 |
[2022-11-23 01:39:57,822] [builder.py:1361]           [ERROR]    | Convert Error: No TVDb ID Found for TMDb ID: 15526                                                 |
[2022-11-23 01:39:57,928] [builder.py:1361]           [ERROR]    | Convert Error: No TVDb ID Found for TMDb ID: 56240                                                 |
[2022-11-23 01:39:57,930] [builder.py:1361]           [ERROR]    | Convert Error: No TVDb ID Found for TMDb ID: 123987                                                |
[2022-11-23 01:39:58,037] [builder.py:1361]           [ERROR]    | Convert Error: No TVDb ID Found for TMDb ID: 119518                                                |
[2022-11-23 01:39:58,141] [builder.py:1361]           [ERROR]    | Convert Error: No TVDb ID Found for TMDb ID: 46772                                                 |
[2022-11-23 01:39:58,250] [builder.py:1361]           [ERROR]    | Convert Error: No TVDb ID Found for TMDb ID: 35123                                                 |
[2022-11-23 01:39:58,368] [builder.py:1361]           [ERROR]    | Convert Error: No TVDb ID Found for TMDb ID: 25078                                                 |
[2022-11-23 01:39:58,475] [builder.py:1361]           [ERROR]    | Convert Error: No TVDb ID Found for TMDb ID: 17414                                                 |
[2022-11-23 01:39:58,476] [builder.py:1275]           [DEBUG]    |                                                                                                    |
[2022-11-23 01:39:58,476] [builder.py:1276]           [DEBUG]    | Builder: tmdb_network: 4661                                                                        |
[2022-11-23 01:39:58,477] [builder.py:1277]           [INFO]     |                                                                                                    |
[2022-11-23 01:39:58,691] [tmdb.py:282]               [INFO]     | Processing TMDb Network: (4661) AMC+ (8 Shows)                                                     |
[2022-11-23 01:39:58,691] [builder.py:1282]           [DEBUG]    |                                                                                                    |
[2022-11-23 01:39:58,691] [builder.py:1283]           [DEBUG]    | 8 IDs Found: [(195339, 'tmdb_show'), (125398, 'tmdb_show'), (157084, 'tmdb_show'), (138525, 'tmdb_show'), (135156, 'tmdb_show'), (158704, 'tmdb_show'), (121214, 'tmdb_show'), (198015, 'tmdb_show')] |
[2022-11-23 01:39:58,691] [builder.py:1284]           [DEBUG]    |                                                                                                    |
[2022-11-23 01:39:58,904] [builder.py:1361]           [ERROR]    | Convert Error: No TVDb ID Found for TMDb ID: 121214                                                |
[2022-11-23 01:39:58,905] [builder.py:1697]           [INFO]     |                                                                                                    |
[2022-11-23 01:39:58,905] [util.py:216]               [INFO]     |===================================== Adding to AMC Collection =====================================|
[2022-11-23 01:39:58,906] [builder.py:1699]           [INFO]     |                                                                                                    |
[2022-11-23 01:39:58,906] [builder.py:1709]           [INFO]     | 1/3 | AMC Collection | = | Breaking Bad                                                            |
[2022-11-23 01:39:58,906] [builder.py:1709]           [INFO]     | 2/3 | AMC Collection | = | Better Call Saul                                                        |
[2022-11-23 01:39:58,906] [builder.py:1709]           [INFO]     | 3/3 | AMC Collection | = | The Terror                                                              |
[2022-11-23 01:39:58,907] [builder.py:1734]           [INFO]     |                                                                                                    |
[2022-11-23 01:39:58,907] [builder.py:1735]           [INFO]     | 3 Shows Processed                                                                                  |
[2022-11-23 01:39:58,907] [builder.py:1969]           [INFO]     |                                                                                                    |
[2022-11-23 01:39:58,908] [util.py:216]               [INFO]     |================================= Missing Shows from Library: AMC ==================================|
[2022-11-23 01:39:58,908] [builder.py:1971]           [INFO]     |                                                                                                    |
[2022-11-23 01:39:59,804] [builder.py:1982]           [INFO]     | AMC Collection | ? | The Walking Dead (TVDB: 153021)                                               |
[2022-11-23 01:40:00,310] [builder.py:1982]           [INFO]     | AMC Collection | ? | Fear the Walking Dead (TVDB: 290853)                                          |
[2022-11-23 01:40:00,536] [builder.py:1982]           [INFO]     | AMC Collection | ? | Tales of the Walking Dead (TVDB: 411314)                                      |
[2022-11-23 01:40:00,816] [builder.py:1982]           [INFO]     | AMC Collection | ? | The Walking Dead: World Beyond (TVDB: 372787)                                 |
[2022-11-23 01:40:00,990] [builder.py:1982]           [INFO]     | AMC Collection | ? | The Walking Dead: Dead City (TVDB: 417549)                                    |
[2022-11-23 01:40:01,563] [builder.py:1982]           [INFO]     | AMC Collection | ? | Mad Men (TVDB: 80337)                                                         |
[2022-11-23 01:40:01,965] [builder.py:1982]           [INFO]     | AMC Collection | ? | Talking Dead (TVDB: 252861)                                                   |
[2022-11-23 01:40:02,251] [builder.py:1982]           [INFO]     | AMC Collection | ? | Interview with the Vampire (TVDB: 405535)                                     |
[2022-11-23 01:40:02,676] [builder.py:1982]           [INFO]     | AMC Collection | ? | Preacher (TVDB: 300472)                                                       |
[2022-11-23 01:40:02,987] [builder.py:1982]           [INFO]     | AMC Collection | ? | Hell on Wheels (TVDB: 212961)                                                 |
[2022-11-23 01:40:03,265] [builder.py:1982]           [INFO]     | AMC Collection | ? | Into the Badlands (TVDB: 289079)                                              |
[2022-11-23 01:40:03,647] [builder.py:1982]           [INFO]     | AMC Collection | ? | Halt and Catch Fire (TVDB: 271910)                                            |
[2022-11-23 01:40:03,992] [builder.py:1982]           [INFO]     | AMC Collection | ? | The Killing (US) (TVDB: 210171)                                               |
[2022-11-23 01:40:04,246] [builder.py:1982]           [INFO]     | AMC Collection | ? | NOS4A2 (TVDB: 359637)                                                         |
[2022-11-23 01:40:04,594] [builder.py:1982]           [INFO]     | AMC Collection | ? | Better Call Saul: Employee Training (TVDB: 365403)                            |
[2022-11-23 01:40:04,912] [builder.py:1982]           [INFO]     | AMC Collection | ? | Comic Book Men (TVDB: 254990)                                                 |
[2022-11-23 01:40:05,198] [builder.py:1982]           [INFO]     | AMC Collection | ? | The Son (TVDB: 320286)                                                        |
[2022-11-23 01:40:05,480] [builder.py:1982]           [INFO]     | AMC Collection | ? | TURN: Washington's Spies (TVDB: 272135)                                       |
[2022-11-23 01:40:05,695] [builder.py:1982]           [INFO]     | AMC Collection | ? | James Cameron's Story of Science Fiction (TVDB: 341484)                       |
[2022-11-23 01:40:05,941] [builder.py:1982]           [INFO]     | AMC Collection | ? | Soulmates (2020) (TVDB: 380909)                                               |
[2022-11-23 01:40:06,156] [builder.py:1982]           [INFO]     | AMC Collection | ? | Eli Roth's History of Horror (TVDB: 350842)                                   |
[2022-11-23 01:40:06,350] [builder.py:1982]           [INFO]     | AMC Collection | ? | Dispatches from Elsewhere (TVDB: 371820)                                      |
[2022-11-23 01:40:06,507] [builder.py:1982]           [INFO]     | AMC Collection | ? | The Walking Dead: Daryl Dixon (TVDB: 427464)                                  |
[2022-11-23 01:40:06,761] [builder.py:1982]           [INFO]     | AMC Collection | ? | Lodge 49 (TVDB: 346081)                                                       |
[2022-11-23 01:40:06,972] [builder.py:1982]           [INFO]     | AMC Collection | ? | Rubicon (TVDB: 158411)                                                        |
[2022-11-23 01:40:07,162] [builder.py:1982]           [INFO]     | AMC Collection | ? | The Making of The Mob (TVDB: 294781)                                          |
[2022-11-23 01:40:07,411] [builder.py:1982]           [INFO]     | AMC Collection | ? | Dark Winds (TVDB: 406179)                                                     |
[2022-11-23 01:40:07,644] [builder.py:1982]           [INFO]     | AMC Collection | ? | Kevin Can F**k Himself (TVDB: 355827)                                         |
[2022-11-23 01:40:07,844] [builder.py:1982]           [INFO]     | AMC Collection | ? | Broken Trail (TVDB: 81129)                                                    |
[2022-11-23 01:40:08,047] [builder.py:1982]           [INFO]     | AMC Collection | ? | The Prisoner (2009) (TVDB: 85242)                                             |
[2022-11-23 01:40:08,303] [builder.py:1982]           [INFO]     | AMC Collection | ? | Dietland (TVDB: 344186)                                                       |
[2022-11-23 01:40:08,476] [builder.py:1982]           [INFO]     | AMC Collection | ? | Geeking Out (TVDB: 314564)                                                    |
[2022-11-23 01:40:08,677] [builder.py:1982]           [INFO]     | AMC Collection | ? | Low Winter Sun (2013) (TVDB: 267206)                                          |
[2022-11-23 01:40:08,871] [builder.py:1982]           [INFO]     | AMC Collection | ? | Robert Kirkman's Secret History of Comics (TVDB: 335355)                      |
[2022-11-23 01:40:09,182] [builder.py:1982]           [INFO]     | AMC Collection | ? | Remember WENN (TVDB: 76182)                                                   |
[2022-11-23 01:40:09,373] [builder.py:1982]           [INFO]     | AMC Collection | ? | The Lot (TVDB: 75860)                                                         |
[2022-11-23 01:40:09,554] [builder.py:1982]           [INFO]     | AMC Collection | ? | Eden: Untamed Planet (TVDB: 405495)                                           |
[2022-11-23 01:40:09,828] [builder.py:1982]           [INFO]     | AMC Collection | ? | Ultra City Smiths (TVDB: 388542)                                              |
[2022-11-23 01:40:10,049] [builder.py:1982]           [INFO]     | AMC Collection | ? | Feed The Beast (TVDB: 305722)                                                 |
[2022-11-23 01:40:10,320] [builder.py:1982]           [INFO]     | AMC Collection | ? | Ride with Norman Reedus (TVDB: 310633)                                        |
[2022-11-23 01:40:10,514] [builder.py:1982]           [INFO]     | AMC Collection | ? | Anne Rice's Mayfair Witches (TVDB: 413074)                                    |
[2022-11-23 01:40:10,731] [builder.py:1982]           [INFO]     | AMC Collection | ? | The American West (TVDB: 310911)                                              |
[2022-11-23 01:40:10,949] [builder.py:1982]           [INFO]     | AMC Collection | ? | 61st Street (TVDB: 372178)                                                    |
[2022-11-23 01:40:11,153] [builder.py:1982]           [INFO]     | AMC Collection | ? | Friday Night in With the Morgans (TVDB: 380149)                               |
[2022-11-23 01:40:11,324] [builder.py:1982]           [INFO]     | AMC Collection | ? | Unapologetic with Aisha Tyler (TVDB: 348515)                                  |
[2022-11-23 01:40:11,504] [builder.py:1982]           [INFO]     | AMC Collection | ? | The Preppy Murder: Death In Central Park (TVDB: 371350)                       |
[2022-11-23 01:40:11,698] [builder.py:1982]           [INFO]     | AMC Collection | ? | The Pitch (TVDB: 257717)                                                      |
[2022-11-23 01:40:11,868] [builder.py:1982]           [INFO]     | AMC Collection | ? | Celebrity Charades (TVDB: 76084)                                              |
[2022-11-23 01:40:12,056] [builder.py:1982]           [INFO]     | AMC Collection | ? | Movies That Shook The World (TVDB: 101891)                                    |
[2022-11-23 01:40:12,247] [builder.py:1982]           [INFO]     | AMC Collection | ? | The Broken and the Bad (TVDB: 384782)                                         |
[2022-11-23 01:40:12,413] [builder.py:1982]           [INFO]     | AMC Collection | ? | Parish (TVDB: 417605)                                                         |
[2022-11-23 01:40:12,626] [builder.py:1982]           [INFO]     | AMC Collection | ? | Small Town Security (TVDB: 259728)                                            |
[2022-11-23 01:40:12,809] [builder.py:1982]           [INFO]     | AMC Collection | ? | Owner's Manual (TVDB: 271341)                                                 |
[2022-11-23 01:40:13,010] [builder.py:1982]           [INFO]     | AMC Collection | ? | Freakshow (2013) (TVDB: 266522)                                               |
[2022-11-23 01:40:13,166] [builder.py:1982]           [INFO]     | AMC Collection | ? | Into Character (TVDB: 74804)                                                  |
[2022-11-23 01:40:13,327] [builder.py:1982]           [INFO]     | AMC Collection | ? | FilmFakers (TVDB: 264022)                                                     |
[2022-11-23 01:40:13,531] [builder.py:1982]           [INFO]     | AMC Collection | ? | Pantheon (TVDB: 417208)                                                       |
[2022-11-23 01:40:13,722] [builder.py:1982]           [INFO]     | AMC Collection | ? | Moonhaven (TVDB: 402621)                                                      |
[2022-11-23 01:40:13,943] [builder.py:1982]           [INFO]     | AMC Collection | ? | That Dirty Black Bag (TVDB: 413035)                                           |
[2022-11-23 01:40:14,153] [builder.py:1982]           [INFO]     | AMC Collection | ? | Firebite (TVDB: 404468)                                                       |
[2022-11-23 01:40:14,364] [builder.py:1982]           [INFO]     | AMC Collection | ? | Ragdoll (TVDB: 397146)                                                        |
[2022-11-23 01:40:14,532] [builder.py:1982]           [INFO]     | AMC Collection | ? | Better Call Saul Presents: Slippin' Jimmy (TVDB: 402050)                      |
[2022-11-23 01:40:14,721] [builder.py:1982]           [INFO]     | AMC Collection | ? | Cooper's Bar (TVDB: 416957)                                                   |
[2022-11-23 01:40:14,721] [builder.py:1986]           [INFO]     |                                                                                                    |
[2022-11-23 01:40:14,721] [builder.py:1987]           [INFO]     | 63 Shows Missing                                                                                   |
[2022-11-23 01:40:14,844] [builder.py:2147]           [INFO]     |                                                                                                    |
[2022-11-23 01:40:14,844] [util.py:216]               [INFO]     |================================ Updating Details of AMC Collection ================================|
[2022-11-23 01:40:14,845] [builder.py:2149]           [INFO]     |                                                                                                    |
[2022-11-23 01:40:14,845] [builder.py:2258]           [DEBUG]    | 1 posters found:                                                                                   |
[2022-11-23 01:40:14,846] [builder.py:2260]           [DEBUG]    | Method: url_poster Poster: https://theposterdb.com/api/assets/104445                               |
[2022-11-23 01:40:14,846] [builder.py:2327]           [INFO]     | No background collection detail or asset folder found                                              |
[2022-11-23 01:40:14,847] [library.py:147]            [INFO]     | Detail: poster update not needed                                                                   |
[2022-11-23 01:40:14,903] [plex_meta_manager.py:880]  [INFO]     |                                                                                                    |
[2022-11-23 01:40:14,903] [util.py:209]               [INFO]     |====================================================================================================|
[2022-11-23 01:40:14,904] [util.py:216]               [INFO]     |                                      Finished AMC Collection                                       |
[2022-11-23 01:40:14,904] [util.py:216]               [INFO]     |                                    Collection Run Time: 0:00:19                                    |
[2022-11-23 01:40:14,904] [util.py:220]               [INFO]     |====================================================================================================|
