[2022-11-06 12:47:15,432] [util.py:209]               [INFO]     |====================================================================================================|
[2022-11-06 12:47:15,433] [util.py:216]               [INFO]     |                                    Starz Collection in TV Shows                                    |
[2022-11-06 12:47:15,433] [util.py:220]               [INFO]     |====================================================================================================|
[2022-11-06 12:47:15,433] [plex_meta_manager.py:750]  [INFO]     |                                                                                                    |
[2022-11-06 12:47:15,434] [util.py:216]               [INFO]     |=================================== Validating Starz Attributes ====================================|
[2022-11-06 12:47:15,434] [builder.py:265]            [DEBUG]    |                                                                                                    |
[2022-11-06 12:47:15,434] [builder.py:266]            [DEBUG]    | Validating Method: template                                                                        |
[2022-11-06 12:47:15,435] [meta.py:83]                [DEBUG]    | Value: ordereddict([('name', 'network'), ('network', '318, 758, 4906'), ('poster', 'https://theposterdb.com/api/assets/81775')]) |
[2022-11-06 12:47:15,435] [builder.py:330]            [DEBUG]    |                                                                                                    |
[2022-11-06 12:47:15,435] [builder.py:331]            [DEBUG]    | Validating Method: sync_mode                                                                       |
[2022-11-06 12:47:15,435] [builder.py:335]            [DEBUG]    | Value: sync                                                                                        |
[2022-11-06 12:47:15,436] [builder.py:453]            [DEBUG]    |                                                                                                    |
[2022-11-06 12:47:15,436] [builder.py:454]            [DEBUG]    | Validating Method: collection_order                                                                |
[2022-11-06 12:47:15,436] [builder.py:455]            [DEBUG]    | Value: alpha                                                                                       |
[2022-11-06 12:47:15,436] [builder.py:472]            [DEBUG]    |                                                                                                    |
[2022-11-06 12:47:15,437] [builder.py:473]            [DEBUG]    | Validating Method: tmdb_network                                                                    |
[2022-11-06 12:47:15,437] [builder.py:474]            [DEBUG]    | Value: 318, 758, 4906                                                                              |
[2022-11-06 12:47:15,877] [tmdb.py:242]               [ERROR]    | TMDb Error: No Network found for TMDb ID 4906: The resource you requested could not be found.      |
[2022-11-06 12:47:15,878] [builder.py:472]            [DEBUG]    |                                                                                                    |
[2022-11-06 12:47:15,878] [builder.py:473]            [DEBUG]    | Validating Method: url_poster                                                                      |
[2022-11-06 12:47:15,878] [builder.py:474]            [DEBUG]    | Value: https://theposterdb.com/api/assets/81775                                                    |
[2022-11-06 12:47:15,879] [builder.py:472]            [DEBUG]    |                                                                                                    |
[2022-11-06 12:47:15,879] [builder.py:473]            [DEBUG]    | Validating Method: sort_title                                                                      |
[2022-11-06 12:47:15,879] [builder.py:474]            [DEBUG]    | Value: +2_Starz                                                                                    |
[2022-11-06 12:47:15,882] [plex.py:687]               [DEBUG]    | Looking for: Starz                                                                                 |
[2022-11-06 12:47:15,882] [builder.py:619]            [INFO]     |                                                                                                    |
[2022-11-06 12:47:15,882] [builder.py:620]            [INFO]     | Validation Successful                                                                              |
[2022-11-06 12:47:15,883] [plex_meta_manager.py:758]  [INFO]     |                                                                                                    |
[2022-11-06 12:47:15,883] [util.py:216]               [INFO]     |===================================== Running Starz Collection =====================================|
[2022-11-06 12:47:15,883] [plex_meta_manager.py:773]  [INFO]     |                                                                                                    |
[2022-11-06 12:47:15,884] [plex_meta_manager.py:774]  [INFO]     | Sync Mode: sync                                                                                    |
[2022-11-06 12:47:15,884] [builder.py:1275]           [DEBUG]    |                                                                                                    |
[2022-11-06 12:47:15,884] [builder.py:1276]           [DEBUG]    | Builder: tmdb_network: 318                                                                         |
[2022-11-06 12:47:15,884] [builder.py:1277]           [INFO]     |                                                                                                    |
[2022-11-06 12:47:16,413] [tmdb.py:282]               [INFO]     | Processing TMDb Network: (318) Starz (62 Shows)                                                    |
[2022-11-06 12:47:16,413] [builder.py:1282]           [DEBUG]    |                                                                                                    |
[2022-11-06 12:47:16,414] [builder.py:1283]           [DEBUG]    | 62 IDs Found: [(46296, 'tmdb_show'), (56570, 'tmdb_show'), (46639, 'tmdb_show'), (47665, 'tmdb_show'), (75379, 'tmdb_show'), (54650, 'tmdb_show'), (155278, 'tmdb_show'), (62264, 'tmdb_show'), (124394, 'tmdb_show'), (118189, 'tmdb_show'), (86428, 'tmdb_show'), (70215, 'tmdb_show'), (92553, 'tmdb_show'), (33234, 'tmdb_show'), (33958, 'tmdb_show'), (64387, 'tmdb_show'), (97890, 'tmdb_show'), (40293, 'tmdb_show'), (212109, 'tmdb_show'), (63646, 'tmdb_show'), (87017, 'tmdb_show'), (86588, 'tmdb_show'), (119845, 'tmdb_show'), (17287, 'tmdb_show'), (38922, 'tmdb_show'), (101591, 'tmdb_show'), (38967, 'tmdb_show'), (77031, 'tmdb_show'), (62516, 'tmdb_show'), (84880, 'tmdb_show'), (77032, 'tmdb_show'), (107407, 'tmdb_show'), (74630, 'tmdb_show'), (198085, 'tmdb_show'), (79272, 'tmdb_show'), (109373, 'tmdb_show'), (8016, 'tmdb_show'), (62238, 'tmdb_show'), (61469, 'tmdb_show'), (136745, 'tmdb_show'), (111647, 'tmdb_show'), (123084, 'tmdb_show'), (5194, 'tmdb_show'), (7089, 'tmdb_show'), (104712, 'tmdb_show'), (29572, 'tmdb_show'), (132846, 'tmdb_show'), (120984, 'tmdb_show'), (39797, 'tmdb_show'), (22748, 'tmdb_show'), (31393, 'tmdb_show'), (79471, 'tmdb_show'), (94635, 'tmdb_show'), (93433, 'tmdb_show'), (82049, 'tmdb_show'), (82427, 'tmdb_show'), (205751, 'tmdb_show'), (207484, 'tmdb_show'), (58876, 'tmdb_show'), (3134, 'tmdb_show'), (211781, 'tmdb_show'), (61566, 'tmdb_show')] |
[2022-11-06 12:47:16,414] [builder.py:1284]           [DEBUG]    |                                                                                                    |
[2022-11-06 12:47:16,535] [builder.py:1361]           [ERROR]    | Convert Error: No TVDb ID Found for TMDb ID: 39797                                                 |
[2022-11-06 12:47:16,657] [builder.py:1361]           [ERROR]    | Convert Error: No TVDb ID Found for TMDb ID: 93433                                                 |
[2022-11-06 12:47:16,769] [builder.py:1361]           [ERROR]    | Convert Error: No TVDb ID Found for TMDb ID: 207484                                                |
[2022-11-06 12:47:16,770] [builder.py:1361]           [ERROR]    | Convert Error: No TVDb ID Found for TMDb ID: 58876                                                 |
[2022-11-06 12:47:16,884] [builder.py:1361]           [ERROR]    | Convert Error: No TVDb ID Found for TMDb ID: 211781                                                |
[2022-11-06 12:47:16,885] [builder.py:1275]           [DEBUG]    |                                                                                                    |
[2022-11-06 12:47:16,885] [builder.py:1276]           [DEBUG]    | Builder: tmdb_network: 758                                                                         |
[2022-11-06 12:47:16,885] [builder.py:1277]           [INFO]     |                                                                                                    |
[2022-11-06 12:47:17,114] [tmdb.py:282]               [INFO]     | Processing TMDb Network: (758) Starz Encore (2 Shows)                                              |
[2022-11-06 12:47:17,115] [builder.py:1282]           [DEBUG]    |                                                                                                    |
[2022-11-06 12:47:17,115] [builder.py:1283]           [DEBUG]    | 2 IDs Found: [(39803, 'tmdb_show'), (23726, 'tmdb_show')]                                          |
[2022-11-06 12:47:17,115] [builder.py:1284]           [DEBUG]    |                                                                                                    |
[2022-11-06 12:47:17,116] [plex_meta_manager.py:797]  [INFO]     |                                                                                                    |
[2022-11-06 12:47:17,117] [plex_meta_manager.py:798]  [INFO]     | Collection Minimum: 1 not met for Starz Collection                                                 |
[2022-11-06 12:47:17,117] [builder.py:1969]           [INFO]     |                                                                                                    |
[2022-11-06 12:47:17,117] [util.py:216]               [INFO]     |================================ Missing Shows from Library: Starz =================================|
[2022-11-06 12:47:17,118] [builder.py:1971]           [INFO]     |                                                                                                    |
[2022-11-06 12:47:17,525] [builder.py:1982]           [INFO]     | Starz Collection | ? | Spartacus (TVDB: 129261)                                                    |
[2022-11-06 12:47:18,019] [builder.py:1982]           [INFO]     | Starz Collection | ? | Outlander (TVDB: 270408)                                                    |
[2022-11-06 12:47:18,348] [builder.py:1982]           [INFO]     | Starz Collection | ? | American Gods (TVDB: 253573)                                                |
[2022-11-06 12:47:18,729] [builder.py:1982]           [INFO]     | Starz Collection | ? | Black Sails (TVDB: 262407)                                                  |
[2022-11-06 12:47:19,000] [builder.py:1982]           [INFO]     | Starz Collection | ? | Step Up (TVDB: 339544)                                                      |
[2022-11-06 12:47:19,447] [builder.py:1982]           [INFO]     | Starz Collection | ? | Power (TVDB: 276562)                                                        |
[2022-11-06 12:47:19,683] [builder.py:1982]           [INFO]     | Starz Collection | ? | Dangerous Liaisons (2022) (TVDB: 421025)                                    |
[2022-11-06 12:47:20,032] [builder.py:1982]           [INFO]     | Starz Collection | ? | Ash vs Evil Dead (TVDB: 296295)                                             |
[2022-11-06 12:47:20,307] [builder.py:1982]           [INFO]     | Starz Collection | ? | Power Book III: Raising Kanan (TVDB: 377332)                                |
[2022-11-06 12:47:20,510] [builder.py:1982]           [INFO]     | Starz Collection | ? | The Serpent Queen (TVDB: 396325)                                            |
[2022-11-06 12:47:20,750] [builder.py:1982]           [INFO]     | Starz Collection | ? | The Spanish Princess (TVDB: 360667)                                         |
[2022-11-06 12:47:20,982] [builder.py:1982]           [INFO]     | Starz Collection | ? | The White Princess (TVDB: 322212)                                           |
[2022-11-06 12:47:21,190] [builder.py:1982]           [INFO]     | Starz Collection | ? | Heels (TVDB: 349345)                                                        |
[2022-11-06 12:47:21,511] [builder.py:1982]           [INFO]     | Starz Collection | ? | The Pillars of the Earth (TVDB: 159431)                                     |
[2022-11-06 12:47:21,722] [builder.py:1982]           [INFO]     | Starz Collection | ? | Camelot (TVDB: 208791)                                                      |
[2022-11-06 12:47:22,017] [builder.py:1982]           [INFO]     | Starz Collection | ? | The Girlfriend Experience (TVDB: 297346)                                    |
[2022-11-06 12:47:22,264] [builder.py:1982]           [INFO]     | Starz Collection | ? | Power Book II: Ghost (TVDB: 376837)                                         |
[2022-11-06 12:47:22,571] [builder.py:1982]           [INFO]     | Starz Collection | ? | Da Vinci's Demons (TVDB: 259669)                                            |
[2022-11-06 12:47:22,754] [builder.py:1982]           [INFO]     | Starz Collection | ? | The BMF Documentary: Blowing Money Fast (TVDB: 425905)                      |
[2022-11-06 12:47:22,998] [builder.py:1982]           [INFO]     | Starz Collection | ? | Counterpart (TVDB: 337302)                                                  |
[2022-11-06 12:47:23,255] [builder.py:1982]           [INFO]     | Starz Collection | ? | P-Valley (TVDB: 356405)                                                     |
[2022-11-06 12:47:23,478] [builder.py:1982]           [INFO]     | Starz Collection | ? | Hightown (TVDB: 366172)                                                     |
[2022-11-06 12:47:23,743] [builder.py:1982]           [INFO]     | Starz Collection | ? | Power Book IV: Force (TVDB: 377593)                                         |
[2022-11-06 12:47:24,062] [builder.py:1982]           [INFO]     | Starz Collection | ? | Party Down (TVDB: 83616)                                                    |
[2022-11-06 12:47:24,272] [builder.py:1982]           [INFO]     | Starz Collection | ? | Boss (TVDB: 249361)                                                         |
[2022-11-06 12:47:24,499] [builder.py:1982]           [INFO]     | Starz Collection | ? | BMF (TVDB: 383658)                                                          |
[2022-11-06 12:47:24,703] [builder.py:1982]           [INFO]     | Starz Collection | ? | Magic City (TVDB: 210961)                                                   |
[2022-11-06 12:47:24,970] [builder.py:1982]           [INFO]     | Starz Collection | ? | Vida (TVDB: 340976)                                                         |
[2022-11-06 12:47:25,190] [builder.py:1982]           [INFO]     | Starz Collection | ? | Flesh and Bone (TVDB: 282400)                                               |
[2022-11-06 12:47:25,421] [builder.py:1982]           [INFO]     | Starz Collection | ? | Now Apocalypse (TVDB: 354336)                                               |
[2022-11-06 12:47:25,671] [builder.py:1982]           [INFO]     | Starz Collection | ? | Sweetbitter (TVDB: 339512)                                                  |
[2022-11-06 12:47:25,873] [builder.py:1982]           [INFO]     | Starz Collection | ? | Gaslit (TVDB: 415658)                                                       |
[2022-11-06 12:47:26,052] [builder.py:1982]           [INFO]     | Starz Collection | ? | Howards End (TVDB: 334451)                                                  |
[2022-11-06 12:47:26,296] [builder.py:1982]           [INFO]     | Starz Collection | ? | Becoming Elizabeth (TVDB: 373873)                                           |
[2022-11-06 12:47:26,498] [builder.py:1982]           [INFO]     | Starz Collection | ? | The Rook (TVDB: 360927)                                                     |
[2022-11-06 12:47:26,750] [builder.py:1982]           [INFO]     | Starz Collection | ? | Blindspotting (TVDB: 392720)                                                |
[2022-11-06 12:47:26,971] [builder.py:1982]           [INFO]     | Starz Collection | ? | Crash (TVDB: 83266)                                                         |
[2022-11-06 12:47:27,232] [builder.py:1982]           [INFO]     | Starz Collection | ? | Blunt Talk (TVDB: 281181)                                                   |
[2022-11-06 12:47:27,525] [builder.py:1982]           [INFO]     | Starz Collection | ? | Survivor's Remorse (TVDB: 282402)                                           |
[2022-11-06 12:47:27,724] [builder.py:1982]           [INFO]     | Starz Collection | ? | Shining Vale (TVDB: 349342)                                                 |
[2022-11-06 12:47:27,893] [builder.py:1982]           [INFO]     | Starz Collection | ? | Seduced: Inside The NXIVM Cult (TVDB: 390138)                               |
[2022-11-06 12:47:28,102] [builder.py:1982]           [INFO]     | Starz Collection | ? | Run the World (TVDB: 376451)                                                |
[2022-11-06 12:47:28,283] [builder.py:1982]           [INFO]     | Starz Collection | ? | Me, Eloise (TVDB: 264340)                                                   |
[2022-11-06 12:47:28,525] [builder.py:1982]           [INFO]     | Starz Collection | ? | Head Case (TVDB: 81414)                                                     |
[2022-11-06 12:47:28,720] [builder.py:1982]           [INFO]     | Starz Collection | ? | Men in Kilts: A Roadtrip with Sam and Graham (TVDB: 383753)                 |
[2022-11-06 12:47:28,953] [builder.py:1982]           [INFO]     | Starz Collection | ? | Martin Lawrence Presents 1st Amendment Stand-Up (TVDB: 84209)               |
[2022-11-06 12:47:29,169] [builder.py:1982]           [INFO]     | Starz Collection | ? | Spartacus: Blood and Sand - The Motion Comic (TVDB: 178691)                 |
[2022-11-06 12:47:29,352] [builder.py:1982]           [INFO]     | Starz Collection | ? | Confronting a Serial Killer (TVDB: 395417)                                  |
[2022-11-06 12:47:29,514] [builder.py:1982]           [INFO]     | Starz Collection | ? | Hollywood Residential (TVDB: 96201)                                         |
[2022-11-06 12:47:29,726] [builder.py:1982]           [INFO]     | Starz Collection | ? | Gravity (TVDB: 142861)                                                      |
[2022-11-06 12:47:29,923] [builder.py:1982]           [INFO]     | Starz Collection | ? | Wrong Man (TVDB: 345189)                                                    |
[2022-11-06 12:47:30,100] [builder.py:1982]           [INFO]     | Starz Collection | ? | Leavenworth (TVDB: 368901)                                                  |
[2022-11-06 12:47:30,269] [builder.py:1982]           [INFO]     | Starz Collection | ? | America to Me (TVDB: 349870)                                                |
[2022-11-06 12:47:30,438] [builder.py:1982]           [INFO]     | Starz Collection | ? | Warriors of Liberty City (TVDB: 352472)                                     |
[2022-11-06 12:47:30,646] [builder.py:1982]           [INFO]     | Starz Collection | ? | Who is Ghislaine Maxwell? (TVDB: 421803)                                    |
[2022-11-06 12:47:30,834] [builder.py:1982]           [INFO]     | Starz Collection | ? | The Bronx Bunny Show (US) (TVDB: 260945)                                    |
[2022-11-06 12:47:31,019] [builder.py:1982]           [INFO]     | Starz Collection | ? | The Chair (2014) (TVDB: 284458)                                             |
[2022-11-06 12:47:31,245] [builder.py:1982]           [INFO]     | Starz Collection | ? | Moby Dick (2011) (TVDB: 248601)                                             |
[2022-11-06 12:47:31,424] [builder.py:1982]           [INFO]     | Starz Collection | ? | The Directors (TVDB: 77753)                                                 |
[2022-11-06 12:47:31,424] [builder.py:1986]           [INFO]     |                                                                                                    |
[2022-11-06 12:47:31,425] [builder.py:1987]           [INFO]     | 59 Shows Missing                                                                                   |
[2022-11-06 12:47:32,086] [plex_meta_manager.py:880]  [INFO]     |                                                                                                    |
[2022-11-06 12:47:32,086] [util.py:209]               [INFO]     |====================================================================================================|
[2022-11-06 12:47:32,086] [util.py:216]               [INFO]     |                                     Finished Starz Collection                                      |
[2022-11-06 12:47:32,087] [util.py:216]               [INFO]     |                                    Collection Run Time: 0:00:16                                    |
[2022-11-06 12:47:32,087] [util.py:220]               [INFO]     |====================================================================================================|
