[2022-10-28 01:01:15,130] [util.py:209]               [INFO]     |====================================================================================================|
[2022-10-28 01:01:15,130] [util.py:216]               [INFO]     |                                   Predator Collection in Movies                                    |
[2022-10-28 01:01:15,130] [util.py:220]               [INFO]     |====================================================================================================|
[2022-10-28 01:01:15,131] [plex_meta_manager.py:750]  [INFO]     |                                                                                                    |
[2022-10-28 01:01:15,131] [util.py:216]               [INFO]     |================================== Validating Predator Attributes ==================================|
[2022-10-28 01:01:15,131] [builder.py:265]            [DEBUG]    |                                                                                                    |
[2022-10-28 01:01:15,131] [builder.py:266]            [DEBUG]    | Validating Method: template                                                                        |
[2022-10-28 01:01:15,132] [meta.py:83]                [DEBUG]    | Value: ordereddict([('name', 'Movie'), ('collection', 399), ('summary', 399), ('poster', 'https://theposterdb.com/api/assets/43442')]) |
[2022-10-28 01:01:15,132] [builder.py:330]            [DEBUG]    |                                                                                                    |
[2022-10-28 01:01:15,132] [builder.py:331]            [DEBUG]    | Validating Method: sync_mode                                                                       |
[2022-10-28 01:01:15,133] [builder.py:335]            [DEBUG]    | Value: sync                                                                                        |
[2022-10-28 01:01:15,133] [builder.py:453]            [DEBUG]    |                                                                                                    |
[2022-10-28 01:01:15,133] [builder.py:454]            [DEBUG]    | Validating Method: collection_order                                                                |
[2022-10-28 01:01:15,133] [builder.py:455]            [DEBUG]    | Value: release                                                                                     |
[2022-10-28 01:01:15,133] [builder.py:472]            [DEBUG]    |                                                                                                    |
[2022-10-28 01:01:15,134] [builder.py:473]            [DEBUG]    | Validating Method: url_poster                                                                      |
[2022-10-28 01:01:15,134] [builder.py:474]            [DEBUG]    | Value: https://theposterdb.com/api/assets/43442                                                    |
[2022-10-28 01:01:15,134] [builder.py:472]            [DEBUG]    |                                                                                                    |
[2022-10-28 01:01:15,134] [builder.py:473]            [DEBUG]    | Validating Method: tmdb_collection                                                                 |
[2022-10-28 01:01:15,134] [builder.py:474]            [DEBUG]    | Value: 399                                                                                         |
[2022-10-28 01:01:15,224] [builder.py:472]            [DEBUG]    |                                                                                                    |
[2022-10-28 01:01:15,224] [builder.py:473]            [DEBUG]    | Validating Method: tmdb_summary                                                                    |
[2022-10-28 01:01:15,224] [builder.py:474]            [DEBUG]    | Value: 399                                                                                         |
[2022-10-28 01:01:15,224] [builder.py:472]            [DEBUG]    |                                                                                                    |
[2022-10-28 01:01:15,225] [builder.py:473]            [DEBUG]    | Validating Method: sort_title                                                                      |
[2022-10-28 01:01:15,225] [builder.py:474]            [DEBUG]    | Value: 00000f_Predator                                                                             |
[2022-10-28 01:01:15,225] [builder.py:472]            [DEBUG]    |                                                                                                    |
[2022-10-28 01:01:15,225] [builder.py:473]            [DEBUG]    | Validating Method: radarr_add_missing                                                              |
[2022-10-28 01:01:15,226] [builder.py:474]            [DEBUG]    | Value: True                                                                                        |
[2022-10-28 01:01:15,366] [builder.py:619]            [INFO]     |                                                                                                    |
[2022-10-28 01:01:15,366] [builder.py:620]            [INFO]     | Validation Successful                                                                              |
[2022-10-28 01:01:15,368] [plex_meta_manager.py:758]  [INFO]     |                                                                                                    |
[2022-10-28 01:01:15,368] [util.py:216]               [INFO]     |=================================== Running Predator Collection ====================================|
[2022-10-28 01:01:15,368] [plex_meta_manager.py:773]  [INFO]     |                                                                                                    |
[2022-10-28 01:01:15,369] [plex_meta_manager.py:774]  [INFO]     | Sync Mode: sync                                                                                    |
[2022-10-28 01:01:15,369] [builder.py:1275]           [DEBUG]    |                                                                                                    |
[2022-10-28 01:01:15,369] [builder.py:1276]           [DEBUG]    | Builder: tmdb_collection: 399                                                                      |
[2022-10-28 01:01:15,370] [builder.py:1277]           [INFO]     |                                                                                                    |
[2022-10-28 01:01:15,370] [tmdb.py:321]               [INFO]     | Processing TMDb Collection: (399) Predator Collection (5 Items)                                    |
[2022-10-28 01:01:15,370] [builder.py:1282]           [DEBUG]    |                                                                                                    |
[2022-10-28 01:01:15,371] [builder.py:1283]           [DEBUG]    | 5 IDs Found: [(106, 'tmdb'), (169, 'tmdb'), (34851, 'tmdb'), (346910, 'tmdb'), (766507, 'tmdb')]   |
[2022-10-28 01:01:15,371] [builder.py:1284]           [DEBUG]    |                                                                                                    |
[2022-10-28 01:01:15,479] [builder.py:1697]           [INFO]     |                                                                                                    |
[2022-10-28 01:01:15,479] [util.py:216]               [INFO]     |================================== Adding to Predator Collection ===================================|
[2022-10-28 01:01:15,480] [builder.py:1699]           [INFO]     |                                                                                                    |
[2022-10-28 01:01:15,480] [builder.py:1709]           [INFO]     | 1/5 | Predator Collection | = | Predator (1987)                                                    |
[2022-10-28 01:01:15,481] [builder.py:1709]           [INFO]     | 2/5 | Predator Collection | = | Predator 2 (1990)                                                  |
[2022-10-28 01:01:15,481] [builder.py:1709]           [INFO]     | 3/5 | Predator Collection | = | Predators (2010)                                                   |
[2022-10-28 01:01:15,481] [builder.py:1709]           [INFO]     | 4/5 | Predator Collection | = | The Predator (2018)                                                |
[2022-10-28 01:01:15,482] [builder.py:1709]           [INFO]     | 5/5 | Predator Collection | = | Prey (2022)                                                        |
[2022-10-28 01:01:15,482] [builder.py:1734]           [INFO]     |                                                                                                    |
[2022-10-28 01:01:15,482] [builder.py:1735]           [INFO]     | 5 Movies Processed                                                                                 |
[2022-10-28 01:01:15,486] [builder.py:2147]           [INFO]     |                                                                                                    |
[2022-10-28 01:01:15,486] [util.py:216]               [INFO]     |============================= Updating Details of Predator Collection ==============================|
[2022-10-28 01:01:15,486] [builder.py:2149]           [INFO]     |                                                                                                    |
[2022-10-28 01:01:15,487] [builder.py:2156]           [INFO]     | Detail: tmdb_summary updated Collection Summary                                                    |
[2022-10-28 01:01:15,487] [builder.py:2258]           [DEBUG]    | 1 posters found:                                                                                   |
[2022-10-28 01:01:15,488] [builder.py:2260]           [DEBUG]    | Method: url_poster Poster: https://theposterdb.com/api/assets/43442                                |
[2022-10-28 01:01:15,488] [builder.py:2327]           [INFO]     | No background collection detail or asset folder found                                              |
[2022-10-28 01:01:15,489] [library.py:147]            [INFO]     | Detail: poster update not needed                                                                   |
[2022-10-28 01:01:15,625] [plex_meta_manager.py:880]  [INFO]     |                                                                                                    |
[2022-10-28 01:01:15,625] [util.py:209]               [INFO]     |====================================================================================================|
[2022-10-28 01:01:15,626] [util.py:216]               [INFO]     |                                    Finished Predator Collection                                    |
[2022-10-28 01:01:15,626] [util.py:216]               [INFO]     |                                    Collection Run Time: 0:00:00                                    |
[2022-10-28 01:01:15,627] [util.py:220]               [INFO]     |====================================================================================================|
