[2022-01-16 15:04:37,921] [util.py:209]               [INFO]     |====================================================================================================|
[2022-01-16 15:04:37,922] [util.py:216]               [INFO]     |                           St. Patrick's Day Movies Collection in Movies                            |
[2022-01-16 15:04:37,923] [util.py:220]               [INFO]     |====================================================================================================|
[2022-01-16 15:04:37,923] [plex_meta_manager.py:750]  [INFO]     |                                                                                                    |
[2022-01-16 15:04:37,924] [util.py:216]               [INFO]     |========================== Validating St. Patrick's Day Movies Attributes ==========================|
[2022-01-16 15:04:37,925] [builder.py:265]            [DEBUG]    |                                                                                                    |
[2022-01-16 15:04:37,925] [builder.py:266]            [DEBUG]    | Validating Method: template                                                                        |
[2022-01-16 15:04:37,925] [meta.py:83]                [DEBUG]    | Value: ordereddict([('name', 'Holiday'), ('holiday', "St. Patrick's Day")])                        |
[2022-01-16 15:04:37,925] [builder.py:279]            [DEBUG]    |                                                                                                    |
[2022-01-16 15:04:37,926] [builder.py:280]            [DEBUG]    | Validating Method: schedule                                                                        |
[2022-01-16 15:04:37,926] [builder.py:284]            [DEBUG]    | Value: range(03/01-03/17)                                                                          |
[2022-01-16 15:04:37,926] [util.py:161]               [INFO]     |                                                                                                    |
[2022-01-16 15:04:37,927] [util.py:161]               [INFO]     | Scheduled between March 1st and March 17th                                                         |
[2022-01-16 15:04:37,927] [util.py:161]               [INFO]     |                                                                                                    |
[2022-01-16 15:04:37,927] [util.py:161]               [INFO]     | Collection St. Patrick's Day Movies not scheduled to run                                           |
[2022-01-16 15:04:37,927] [plex_meta_manager.py:880]  [INFO]     |                                                                                                    |
[2022-01-16 15:04:37,928] [util.py:209]               [INFO]     |====================================================================================================|
[2022-01-16 15:04:37,928] [util.py:216]               [INFO]     |                            Finished St. Patrick's Day Movies Collection                            |
[2022-01-16 15:04:37,928] [util.py:216]               [INFO]     |                                    Collection Run Time: 0:00:00                                    |
[2022-01-16 15:04:37,929] [util.py:220]               [INFO]     |====================================================================================================|
