[2022-11-06 23:20:00,364] [util.py:209]               [INFO]     |====================================================================================================|
[2022-11-06 23:20:00,364] [util.py:216]               [INFO]     |                                     Alien Collection in Movies                                     |
[2022-11-06 23:20:00,364] [util.py:220]               [INFO]     |====================================================================================================|
[2022-11-06 23:20:00,365] [plex_meta_manager.py:750]  [INFO]     |                                                                                                    |
[2022-11-06 23:20:00,365] [util.py:216]               [INFO]     |=================================== Validating Alien Attributes ====================================|
[2022-11-06 23:20:00,366] [builder.py:265]            [DEBUG]    |                                                                                                    |
[2022-11-06 23:20:00,366] [builder.py:266]            [DEBUG]    | Validating Method: template                                                                        |
[2022-11-06 23:20:00,366] [meta.py:83]                [DEBUG]    | Value: ordereddict([('name', 'Movie'), ('collection', '8091, 135416, 115762'), ('summary', 8091), ('poster', 'https://theposterdb.com/api/assets/43458')]) |
[2022-11-06 23:20:00,367] [builder.py:330]            [DEBUG]    |                                                                                                    |
[2022-11-06 23:20:00,367] [builder.py:331]            [DEBUG]    | Validating Method: sync_mode                                                                       |
[2022-11-06 23:20:00,367] [builder.py:335]            [DEBUG]    | Value: sync                                                                                        |
[2022-11-06 23:20:00,367] [builder.py:453]            [DEBUG]    |                                                                                                    |
[2022-11-06 23:20:00,368] [builder.py:454]            [DEBUG]    | Validating Method: collection_order                                                                |
[2022-11-06 23:20:00,368] [builder.py:455]            [DEBUG]    | Value: release                                                                                     |
[2022-11-06 23:20:00,368] [builder.py:472]            [DEBUG]    |                                                                                                    |
[2022-11-06 23:20:00,369] [builder.py:473]            [DEBUG]    | Validating Method: url_poster                                                                      |
[2022-11-06 23:20:00,369] [builder.py:474]            [DEBUG]    | Value: https://theposterdb.com/api/assets/43458                                                    |
[2022-11-06 23:20:00,369] [builder.py:472]            [DEBUG]    |                                                                                                    |
[2022-11-06 23:20:00,370] [builder.py:473]            [DEBUG]    | Validating Method: tmdb_collection                                                                 |
[2022-11-06 23:20:00,370] [builder.py:474]            [DEBUG]    | Value: 8091, 135416, 115762                                                                        |
[2022-11-06 23:20:01,052] [builder.py:472]            [DEBUG]    |                                                                                                    |
[2022-11-06 23:20:01,052] [builder.py:473]            [DEBUG]    | Validating Method: tmdb_summary                                                                    |
[2022-11-06 23:20:01,052] [builder.py:474]            [DEBUG]    | Value: 8091                                                                                        |
[2022-11-06 23:20:01,053] [builder.py:472]            [DEBUG]    |                                                                                                    |
[2022-11-06 23:20:01,053] [builder.py:473]            [DEBUG]    | Validating Method: sort_title                                                                      |
[2022-11-06 23:20:01,053] [builder.py:474]            [DEBUG]    | Value: 00000f_Alien                                                                                |
[2022-11-06 23:20:01,053] [builder.py:472]            [DEBUG]    |                                                                                                    |
[2022-11-06 23:20:01,054] [builder.py:473]            [DEBUG]    | Validating Method: radarr_add_missing                                                              |
[2022-11-06 23:20:01,054] [builder.py:474]            [DEBUG]    | Value: True                                                                                        |
[2022-11-06 23:20:01,220] [builder.py:619]            [INFO]     |                                                                                                    |
[2022-11-06 23:20:01,221] [builder.py:620]            [INFO]     | Validation Successful                                                                              |
[2022-11-06 23:20:01,221] [plex_meta_manager.py:758]  [INFO]     |                                                                                                    |
[2022-11-06 23:20:01,222] [util.py:216]               [INFO]     |===================================== Running Alien Collection =====================================|
[2022-11-06 23:20:01,222] [plex_meta_manager.py:773]  [INFO]     |                                                                                                    |
[2022-11-06 23:20:01,222] [plex_meta_manager.py:774]  [INFO]     | Sync Mode: sync                                                                                    |
[2022-11-06 23:20:01,223] [builder.py:1275]           [DEBUG]    |                                                                                                    |
[2022-11-06 23:20:01,223] [builder.py:1276]           [DEBUG]    | Builder: tmdb_collection: 8091                                                                     |
[2022-11-06 23:20:01,223] [builder.py:1277]           [INFO]     |                                                                                                    |
[2022-11-06 23:20:01,223] [tmdb.py:323]               [INFO]     | Processing TMDb Collection: (8091) Alien Collection (4 Items)                                      |
[2022-11-06 23:20:01,224] [builder.py:1282]           [DEBUG]    |                                                                                                    |
[2022-11-06 23:20:01,224] [builder.py:1283]           [DEBUG]    | 4 IDs Found: [(348, 'tmdb'), (679, 'tmdb'), (8077, 'tmdb'), (8078, 'tmdb')]                        |
[2022-11-06 23:20:01,224] [builder.py:1284]           [DEBUG]    |                                                                                                    |
[2022-11-06 23:20:01,300] [builder.py:1275]           [DEBUG]    |                                                                                                    |
[2022-11-06 23:20:01,300] [builder.py:1276]           [DEBUG]    | Builder: tmdb_collection: 135416                                                                   |
[2022-11-06 23:20:01,300] [builder.py:1277]           [INFO]     |                                                                                                    |
[2022-11-06 23:20:01,301] [tmdb.py:323]               [INFO]     | Processing TMDb Collection: (135416) Prometheus Collection (2 Items)                               |
[2022-11-06 23:20:01,301] [builder.py:1282]           [DEBUG]    |                                                                                                    |
[2022-11-06 23:20:01,302] [builder.py:1283]           [DEBUG]    | 2 IDs Found: [(70981, 'tmdb'), (126889, 'tmdb')]                                                   |
[2022-11-06 23:20:01,302] [builder.py:1284]           [DEBUG]    |                                                                                                    |
[2022-11-06 23:20:01,341] [builder.py:1275]           [DEBUG]    |                                                                                                    |
[2022-11-06 23:20:01,341] [builder.py:1276]           [DEBUG]    | Builder: tmdb_collection: 115762                                                                   |
[2022-11-06 23:20:01,341] [builder.py:1277]           [INFO]     |                                                                                                    |
[2022-11-06 23:20:01,342] [tmdb.py:323]               [INFO]     | Processing TMDb Collection: (115762) AVP Collection (2 Items)                                      |
[2022-11-06 23:20:01,342] [builder.py:1282]           [DEBUG]    |                                                                                                    |
[2022-11-06 23:20:01,342] [builder.py:1283]           [DEBUG]    | 2 IDs Found: [(395, 'tmdb'), (440, 'tmdb')]                                                        |
[2022-11-06 23:20:01,343] [builder.py:1284]           [DEBUG]    |                                                                                                    |
[2022-11-06 23:20:01,389] [builder.py:1697]           [INFO]     |                                                                                                    |
[2022-11-06 23:20:01,389] [util.py:216]               [INFO]     |==================================== Adding to Alien Collection ====================================|
[2022-11-06 23:20:01,390] [builder.py:1699]           [INFO]     |                                                                                                    |
[2022-11-06 23:20:01,390] [builder.py:1709]           [INFO]     | 1/8 | Alien Collection | = | Alien (1979)                                                          |
[2022-11-06 23:20:01,390] [builder.py:1709]           [INFO]     | 2/8 | Alien Collection | = | Aliens (1986)                                                         |
[2022-11-06 23:20:01,391] [builder.py:1709]           [INFO]     | 3/8 | Alien Collection | = | Alien³ (1992)                                                         |
[2022-11-06 23:20:01,392] [builder.py:1709]           [INFO]     | 4/8 | Alien Collection | = | Alien: Resurrection (1997)                                            |
[2022-11-06 23:20:01,392] [builder.py:1709]           [INFO]     | 5/8 | Alien Collection | = | Prometheus (2012)                                                     |
[2022-11-06 23:20:01,392] [builder.py:1709]           [INFO]     | 6/8 | Alien Collection | = | Alien: Covenant (2017)                                                |
[2022-11-06 23:20:01,392] [builder.py:1709]           [INFO]     | 7/8 | Alien Collection | = | Alien vs. Predator (2004)                                             |
[2022-11-06 23:20:01,393] [builder.py:1709]           [INFO]     | 8/8 | Alien Collection | = | Aliens vs. Predator: Requiem (2007)                                   |
[2022-11-06 23:20:01,393] [builder.py:1734]           [INFO]     |                                                                                                    |
[2022-11-06 23:20:01,393] [builder.py:1735]           [INFO]     | 8 Movies Processed                                                                                 |
[2022-11-06 23:20:01,397] [builder.py:2147]           [INFO]     |                                                                                                    |
[2022-11-06 23:20:01,398] [util.py:216]               [INFO]     |=============================== Updating Details of Alien Collection ===============================|
[2022-11-06 23:20:01,398] [builder.py:2149]           [INFO]     |                                                                                                    |
[2022-11-06 23:20:01,399] [builder.py:2156]           [INFO]     | Detail: tmdb_summary updated Collection Summary                                                    |
[2022-11-06 23:20:01,399] [builder.py:2258]           [DEBUG]    | 1 posters found:                                                                                   |
[2022-11-06 23:20:01,399] [builder.py:2260]           [DEBUG]    | Method: url_poster Poster: https://theposterdb.com/api/assets/43458                                |
[2022-11-06 23:20:01,400] [builder.py:2327]           [INFO]     | No background collection detail or asset folder found                                              |
[2022-11-06 23:20:01,400] [library.py:147]            [INFO]     | Detail: poster update not needed                                                                   |
[2022-11-06 23:20:01,566] [plex_meta_manager.py:880]  [INFO]     |                                                                                                    |
[2022-11-06 23:20:01,566] [util.py:209]               [INFO]     |====================================================================================================|
[2022-11-06 23:20:01,567] [util.py:216]               [INFO]     |                                     Finished Alien Collection                                      |
[2022-11-06 23:20:01,567] [util.py:216]               [INFO]     |                                    Collection Run Time: 0:00:01                                    |
[2022-11-06 23:20:01,567] [util.py:220]               [INFO]     |====================================================================================================|
