[2022-01-16 14:55:38,962] [util.py:209]               [INFO]     |====================================================================================================|
[2022-01-16 14:55:38,962] [util.py:216]               [INFO]     |                               Robert Downey Jr. Collection in Movies                               |
[2022-01-16 14:55:38,963] [util.py:220]               [INFO]     |====================================================================================================|
[2022-01-16 14:55:38,963] [plex_meta_manager.py:750]  [INFO]     |                                                                                                    |
[2022-01-16 14:55:38,964] [plex_meta_manager.py:752]  [INFO]     | Log Folder Name: Robert Downey Jr. is invalid using Robert Downey Jr                               |
[2022-01-16 14:55:38,965] [plex_meta_manager.py:753]  [INFO]     |                                                                                                    |
[2022-01-16 14:55:38,965] [util.py:216]               [INFO]     |============================= Validating Robert Downey Jr. Attributes ==============================|
[2022-01-16 14:55:38,965] [builder.py:265]            [DEBUG]    |                                                                                                    |
[2022-01-16 14:55:38,966] [builder.py:266]            [DEBUG]    | Validating Method: template                                                                        |
[2022-01-16 14:55:38,966] [meta.py:83]                [DEBUG]    | Value: ordereddict([('name', 'people'), ('person', 3223)])                                         |
[2022-01-16 14:55:38,966] [builder.py:367]            [DEBUG]    |                                                                                                    |
[2022-01-16 14:55:38,966] [builder.py:368]            [DEBUG]    | Validating Method: tmdb_person                                                                     |
[2022-01-16 14:55:38,967] [builder.py:372]            [DEBUG]    | Value: 3223                                                                                        |
[2022-01-16 14:55:39,117] [builder.py:453]            [DEBUG]    |                                                                                                    |
[2022-01-16 14:55:39,118] [builder.py:454]            [DEBUG]    | Validating Method: collection_order                                                                |
[2022-01-16 14:55:39,118] [builder.py:455]            [DEBUG]    | Value: release                                                                                     |
[2022-01-16 14:55:39,118] [builder.py:472]            [DEBUG]    |                                                                                                    |
[2022-01-16 14:55:39,119] [builder.py:473]            [DEBUG]    | Validating Method: actor                                                                           |
[2022-01-16 14:55:39,119] [builder.py:474]            [DEBUG]    | Value: tmdb                                                                                        |
[2022-01-16 14:55:39,160] [builder.py:472]            [DEBUG]    |                                                                                                    |
[2022-01-16 14:55:39,160] [builder.py:473]            [DEBUG]    | Validating Method: sort_title                                                                      |
[2022-01-16 14:55:39,161] [builder.py:474]            [DEBUG]    | Value: ++_Robert Downey Jr.                                                                        |
[2022-01-16 14:55:39,165] [plex.py:685]               [DEBUG]    | Looking for: Robert Downey Jr.                                                                     |
[2022-01-16 14:55:39,166] [builder.py:619]            [INFO]     |                                                                                                    |
[2022-01-16 14:55:39,166] [builder.py:620]            [INFO]     | Validation Successful                                                                              |
[2022-01-16 14:55:39,167] [plex_meta_manager.py:758]  [INFO]     |                                                                                                    |
[2022-01-16 14:55:39,167] [util.py:216]               [INFO]     |=============================== Running Robert Downey Jr. Collection ===============================|
[2022-01-16 14:55:39,168] [plex_meta_manager.py:773]  [INFO]     |                                                                                                    |
[2022-01-16 14:55:39,168] [plex_meta_manager.py:774]  [INFO]     | Sync Mode: append                                                                                  |
[2022-01-16 14:55:39,169] [builder.py:1275]           [DEBUG]    |                                                                                                    |
[2022-01-16 14:55:39,169] [builder.py:1276]           [DEBUG]    | Builder: plex_search: (1, 'Plex Movie Search\nSort By: title.asc\nFilter:\n  Match any of the following:\n    Actor is Robert Downey Jr.', '?type=1&sort=titleSort&push=1&actor=2832&pop=1') |
[2022-01-16 14:55:39,169] [builder.py:1277]           [INFO]     |                                                                                                    |
[2022-01-16 14:55:39,169] [util.py:161]               [INFO]     | Plex Movie Search                                                                                  |
[2022-01-16 14:55:39,170] [util.py:161]               [INFO]     | Sort By: title.asc                                                                                 |
[2022-01-16 14:55:39,170] [util.py:161]               [INFO]     | Filter:                                                                                            |
[2022-01-16 14:55:39,170] [util.py:161]               [INFO]     |   Match any of the following:                                                                      |
[2022-01-16 14:55:39,170] [util.py:161]               [INFO]     |     Actor is Robert Downey Jr.                                                                     |
[2022-01-16 14:55:39,182] [plex.py:746]               [DEBUG]    |                                                                                                    |
[2022-01-16 14:55:39,183] [plex.py:747]               [DEBUG]    | 2 Keys Found: [(31593, 'ratingKey'), (32423, 'ratingKey')]                                         |
[2022-01-16 14:55:39,183] [builder.py:1282]           [DEBUG]    |                                                                                                    |
[2022-01-16 14:55:39,183] [builder.py:1283]           [DEBUG]    | 2 IDs Found: [(31593, 'ratingKey'), (32423, 'ratingKey')]                                          |
[2022-01-16 14:55:39,184] [builder.py:1284]           [DEBUG]    |                                                                                                    |
[2022-01-16 14:55:39,254] [builder.py:1697]           [INFO]     |                                                                                                    |
[2022-01-16 14:55:39,254] [util.py:216]               [INFO]     |============================== Adding to Robert Downey Jr. Collection ==============================|
[2022-01-16 14:55:39,255] [builder.py:1699]           [INFO]     |                                                                                                    |
[2022-01-16 14:55:39,255] [builder.py:1709]           [INFO]     | 1/2 | Robert Downey Jr. Collection | + | Tropic Thunder (2008)                                     |
[2022-01-16 14:55:39,384] [builder.py:1709]           [INFO]     | 2/2 | Robert Downey Jr. Collection | + | Zodiac (2007)                                             |
[2022-01-16 14:55:39,512] [builder.py:1734]           [INFO]     |                                                                                                    |
[2022-01-16 14:55:39,512] [builder.py:1735]           [INFO]     | 2 Movies Processed                                                                                 |
[2022-01-16 14:55:39,518] [builder.py:2147]           [INFO]     |                                                                                                    |
[2022-01-16 14:55:39,518] [util.py:216]               [INFO]     |========================= Updating Details of Robert Downey Jr. Collection =========================|
[2022-01-16 14:55:39,519] [builder.py:2149]           [INFO]     |                                                                                                    |
[2022-01-16 14:55:39,519] [builder.py:2156]           [INFO]     | Detail: tmdb_person updated Collection Summary                                                     |
[2022-01-16 14:55:39,519] [builder.py:2193]           [INFO]     | Detail: sort_title updated Collection Sort Title to ++_Robert Downey Jr.                           |
[2022-01-16 14:55:39,521] [builder.py:2235]           [DEBUG]    | {'summary.value': "Robert John Downey Jr. (born April 4, 1965) is an American actor and producer. Downey made his screen debut in 1970, at the age of five, when he appeared in his father's film Pound, and has worked consistently in film and television ever since. He received two Academy Award nominations for his roles in films Chaplin (1992) and Tropic Thunder (2008).\n\nDowney Jr. is most known for his role in the Marvel Cinematic Universe as Tony Stark/Iron Man. He has appeared as the character in Iron Man (2008), The Incredible Hulk (2008), Iron Man 2 (2010), The Avengers (2012), Iron Man 3 (2013), Avengers: Age of Ultron (2015), Captain America: Civil War (2016), Spider-Man: Homecoming (2017), Avengers: Infinity War (2018), and Avengers: Endgame (2019).", 'summary.locked': 1, 'titleSort.value': '++_Robert Downey Jr.', 'titleSort.locked': 1} |
[2022-01-16 14:55:39,533] [builder.py:2237]           [INFO]     | Details: have been updated                                                                         |
[2022-01-16 14:55:39,534] [builder.py:2258]           [DEBUG]    | 1 posters found:                                                                                   |
[2022-01-16 14:55:39,534] [builder.py:2260]           [DEBUG]    | Method: tmdb_person Poster: https://image.tmdb.org/t/p/original/5qHNjhtjMD4YWH3UP0rm4tKwxCL.jpg    |
[2022-01-16 14:55:39,535] [builder.py:2327]           [INFO]     | No background collection detail or asset folder found                                              |
[2022-01-16 14:55:39,564] [library.py:145]            [INFO]     | Detail: tmdb_person updated poster to [URL] https://image.tmdb.org/t/p/original/5qHNjhtjMD4YWH3UP0rm4tKwxCL.jpg |
[2022-01-16 14:55:39,684] [plex_meta_manager.py:880]  [INFO]     |                                                                                                    |
[2022-01-16 14:55:39,685] [util.py:209]               [INFO]     |====================================================================================================|
[2022-01-16 14:55:39,686] [util.py:216]               [INFO]     |                               Finished Robert Downey Jr. Collection                                |
[2022-01-16 14:55:39,686] [util.py:216]               [INFO]     |                                    Collection Run Time: 0:00:00                                    |
[2022-01-16 14:55:39,686] [util.py:220]               [INFO]     |====================================================================================================|
