[2022-11-23 17:31:36,700] [util.py:209]               [INFO]     |====================================================================================================|
[2022-11-23 17:31:36,701] [util.py:216]               [INFO]     |                             Godzilla (Millennium) Collection in Movies                             |
[2022-11-23 17:31:36,701] [util.py:220]               [INFO]     |====================================================================================================|
[2022-11-23 17:31:36,701] [plex_meta_manager.py:750]  [INFO]     |                                                                                                    |
[2022-11-23 17:31:36,709] [util.py:216]               [INFO]     |=========================== Validating Godzilla (Millennium) Attributes ============================|
[2022-11-23 17:31:36,710] [builder.py:265]            [DEBUG]    |                                                                                                    |
[2022-11-23 17:31:36,710] [builder.py:266]            [DEBUG]    | Validating Method: template                                                                        |
[2022-11-23 17:31:36,710] [meta.py:83]                [DEBUG]    | Value: ordereddict([('name', 'Movie'), ('collection', 374512), ('summary', 374512), ('poster', 'https://theposterdb.com/api/assets/136302')]) |
[2022-11-23 17:31:36,711] [builder.py:330]            [DEBUG]    |                                                                                                    |
[2022-11-23 17:31:36,711] [builder.py:331]            [DEBUG]    | Validating Method: sync_mode                                                                       |
[2022-11-23 17:31:36,711] [builder.py:335]            [DEBUG]    | Value: sync                                                                                        |
[2022-11-23 17:31:36,711] [builder.py:453]            [DEBUG]    |                                                                                                    |
[2022-11-23 17:31:36,712] [builder.py:454]            [DEBUG]    | Validating Method: collection_order                                                                |
[2022-11-23 17:31:36,712] [builder.py:455]            [DEBUG]    | Value: release                                                                                     |
[2022-11-23 17:31:36,712] [builder.py:472]            [DEBUG]    |                                                                                                    |
[2022-11-23 17:31:36,712] [builder.py:473]            [DEBUG]    | Validating Method: sort_title                                                                      |
[2022-11-23 17:31:36,713] [builder.py:474]            [DEBUG]    | Value: Godzilla 04 (Millennium)                                                                    |
[2022-11-23 17:31:36,713] [builder.py:472]            [DEBUG]    |                                                                                                    |
[2022-11-23 17:31:36,713] [builder.py:473]            [DEBUG]    | Validating Method: url_poster                                                                      |
[2022-11-23 17:31:36,713] [builder.py:474]            [DEBUG]    | Value: https://theposterdb.com/api/assets/136302                                                   |
[2022-11-23 17:31:36,714] [builder.py:472]            [DEBUG]    |                                                                                                    |
[2022-11-23 17:31:36,714] [builder.py:473]            [DEBUG]    | Validating Method: tmdb_collection                                                                 |
[2022-11-23 17:31:36,714] [builder.py:474]            [DEBUG]    | Value: 374512                                                                                      |
[2022-11-23 17:31:36,745] [builder.py:472]            [DEBUG]    |                                                                                                    |
[2022-11-23 17:31:36,745] [builder.py:473]            [DEBUG]    | Validating Method: tmdb_summary                                                                    |
[2022-11-23 17:31:36,745] [builder.py:474]            [DEBUG]    | Value: 374512                                                                                      |
[2022-11-23 17:31:36,746] [builder.py:472]            [DEBUG]    |                                                                                                    |
[2022-11-23 17:31:36,746] [builder.py:473]            [DEBUG]    | Validating Method: radarr_add_missing                                                              |
[2022-11-23 17:31:36,747] [builder.py:474]            [DEBUG]    | Value: True                                                                                        |
[2022-11-23 17:31:36,890] [builder.py:619]            [INFO]     |                                                                                                    |
[2022-11-23 17:31:36,891] [builder.py:620]            [INFO]     | Validation Successful                                                                              |
[2022-11-23 17:31:36,892] [plex_meta_manager.py:758]  [INFO]     |                                                                                                    |
[2022-11-23 17:31:36,892] [util.py:216]               [INFO]     |============================= Running Godzilla (Millennium) Collection =============================|
[2022-11-23 17:31:36,892] [plex_meta_manager.py:773]  [INFO]     |                                                                                                    |
[2022-11-23 17:31:36,893] [plex_meta_manager.py:774]  [INFO]     | Sync Mode: sync                                                                                    |
[2022-11-23 17:31:36,893] [builder.py:1275]           [DEBUG]    |                                                                                                    |
[2022-11-23 17:31:36,894] [builder.py:1276]           [DEBUG]    | Builder: tmdb_collection: 374512                                                                   |
[2022-11-23 17:31:36,894] [builder.py:1277]           [INFO]     |                                                                                                    |
[2022-11-23 17:31:36,894] [tmdb.py:323]               [INFO]     | Processing TMDb Collection: (374512) Godzilla (Millennium) Collection (6 Items)                    |
[2022-11-23 17:31:36,895] [builder.py:1282]           [DEBUG]    |                                                                                                    |
[2022-11-23 17:31:36,895] [builder.py:1283]           [DEBUG]    | 6 IDs Found: [(10643, 'tmdb'), (39468, 'tmdb'), (36243, 'tmdb'), (12636, 'tmdb'), (39469, 'tmdb'), (15767, 'tmdb')] |
[2022-11-23 17:31:36,895] [builder.py:1284]           [DEBUG]    |                                                                                                    |
[2022-11-23 17:31:36,910] [builder.py:1697]           [INFO]     |                                                                                                    |
[2022-11-23 17:31:36,910] [util.py:216]               [INFO]     |============================ Adding to Godzilla (Millennium) Collection ============================|
[2022-11-23 17:31:36,911] [builder.py:1699]           [INFO]     |                                                                                                    |
[2022-11-23 17:31:36,911] [builder.py:1709]           [INFO]     | 1/1 | Godzilla (Millennium) Collection | = | Godzilla 2000: Millennium (1999)                      |
[2022-11-23 17:31:36,911] [builder.py:1734]           [INFO]     |                                                                                                    |
[2022-11-23 17:31:36,912] [builder.py:1735]           [INFO]     | 1 Movie Processed                                                                                  |
[2022-11-23 17:31:36,913] [builder.py:1929]           [INFO]     |                                                                                                    |
[2022-11-23 17:31:36,913] [util.py:216]               [INFO]     |======================== Missing Movies from Library: Godzilla (Millennium) ========================|
[2022-11-23 17:31:36,914] [builder.py:1931]           [INFO]     |                                                                                                    |
[2022-11-23 17:31:36,941] [builder.py:1943]           [INFO]     | Godzilla (Millennium) Collection | ? | Godzilla vs. Megaguirus (2000) (TMDb: 39468)                |
[2022-11-23 17:31:36,976] [builder.py:1943]           [INFO]     | Godzilla (Millennium) Collection | ? | Godzilla, Mothra and King Ghidorah: Giant Monsters All-Out Attack (2001) (TMDb: 36243) |
[2022-11-23 17:31:37,011] [builder.py:1943]           [INFO]     | Godzilla (Millennium) Collection | ? | Godzilla Against MechaGodzilla (2002) (TMDb: 12636)         |
[2022-11-23 17:31:37,039] [builder.py:1943]           [INFO]     | Godzilla (Millennium) Collection | ? | Godzilla: Tokyo S.O.S. (2003) (TMDb: 39469)                 |
[2022-11-23 17:31:37,069] [builder.py:1943]           [INFO]     | Godzilla (Millennium) Collection | ? | Godzilla: Final Wars (2004) (TMDb: 15767)                   |
[2022-11-23 17:31:37,070] [builder.py:1947]           [INFO]     |                                                                                                    |
[2022-11-23 17:31:37,070] [builder.py:1948]           [INFO]     | 5 Movies Missing                                                                                   |
[2022-11-23 17:31:37,077] [radarr.py:46]              [INFO]     |                                                                                                    |
[2022-11-23 17:31:37,078] [util.py:216]               [INFO]     |===================================== Adding Missing to Radarr =====================================|
[2022-11-23 17:31:37,078] [radarr.py:48]              [DEBUG]    |                                                                                                    |
[2022-11-23 17:31:37,078] [radarr.py:49]              [DEBUG]    | Radarr Adds: [39468, 36243, 12636, 39469, 15767]                                                   |
[2022-11-23 17:31:37,931] [radarr.py:138]             [INFO]     |                                                                                                    |
[2022-11-23 17:31:37,932] [radarr.py:146]             [INFO]     | Skipped: In Cache | 39468                                                                          |
[2022-11-23 17:31:37,932] [radarr.py:146]             [INFO]     | Skipped: In Cache | 36243                                                                          |
[2022-11-23 17:31:37,932] [radarr.py:146]             [INFO]     | Skipped: In Cache | 12636                                                                          |
[2022-11-23 17:31:37,933] [radarr.py:146]             [INFO]     | Skipped: In Cache | 39469                                                                          |
[2022-11-23 17:31:37,933] [radarr.py:146]             [INFO]     | Skipped: In Cache | 15767                                                                          |
[2022-11-23 17:31:37,933] [radarr.py:147]             [INFO]     | 5 Movies already exist in Radarr                                                                   |
[2022-11-23 17:31:37,950] [builder.py:2147]           [INFO]     |                                                                                                    |
[2022-11-23 17:31:37,950] [util.py:216]               [INFO]     |======================= Updating Details of Godzilla (Millennium) Collection =======================|
[2022-11-23 17:31:37,951] [builder.py:2149]           [INFO]     |                                                                                                    |
[2022-11-23 17:31:37,952] [builder.py:2156]           [INFO]     | Detail: tmdb_summary updated Collection Summary                                                    |
[2022-11-23 17:31:37,953] [builder.py:2258]           [DEBUG]    | 1 posters found:                                                                                   |
[2022-11-23 17:31:37,954] [builder.py:2260]           [DEBUG]    | Method: url_poster Poster: https://theposterdb.com/api/assets/136302                               |
[2022-11-23 17:31:37,954] [builder.py:2327]           [INFO]     | No background collection detail or asset folder found                                              |
[2022-11-23 17:31:37,955] [library.py:147]            [INFO]     | Detail: poster update not needed                                                                   |
[2022-11-23 17:31:38,080] [plex_meta_manager.py:880]  [INFO]     |                                                                                                    |
[2022-11-23 17:31:38,080] [util.py:209]               [INFO]     |====================================================================================================|
[2022-11-23 17:31:38,081] [util.py:216]               [INFO]     |                             Finished Godzilla (Millennium) Collection                              |
[2022-11-23 17:31:38,081] [util.py:216]               [INFO]     |                                    Collection Run Time: 0:00:01                                    |
[2022-11-23 17:31:38,082] [util.py:220]               [INFO]     |====================================================================================================|
