[2022-01-16 14:54:28,966] [util.py:209]               [INFO]     |====================================================================================================|
[2022-01-16 14:54:28,966] [util.py:216]               [INFO]     |                                  Ben Affleck Collection in Movies                                  |
[2022-01-16 14:54:28,967] [util.py:220]               [INFO]     |====================================================================================================|
[2022-01-16 14:54:28,967] [plex_meta_manager.py:750]  [INFO]     |                                                                                                    |
[2022-01-16 14:54:28,968] [util.py:216]               [INFO]     |================================ Validating Ben Affleck Attributes =================================|
[2022-01-16 14:54:28,968] [builder.py:265]            [DEBUG]    |                                                                                                    |
[2022-01-16 14:54:28,968] [builder.py:266]            [DEBUG]    | Validating Method: template                                                                        |
[2022-01-16 14:54:28,969] [meta.py:83]                [DEBUG]    | Value: ordereddict([('name', 'people'), ('person', 880)])                                          |
[2022-01-16 14:54:28,969] [builder.py:367]            [DEBUG]    |                                                                                                    |
[2022-01-16 14:54:28,969] [builder.py:368]            [DEBUG]    | Validating Method: tmdb_person                                                                     |
[2022-01-16 14:54:28,970] [builder.py:372]            [DEBUG]    | Value: 880                                                                                         |
[2022-01-16 14:54:29,103] [builder.py:453]            [DEBUG]    |                                                                                                    |
[2022-01-16 14:54:29,104] [builder.py:454]            [DEBUG]    | Validating Method: collection_order                                                                |
[2022-01-16 14:54:29,104] [builder.py:455]            [DEBUG]    | Value: release                                                                                     |
[2022-01-16 14:54:29,105] [builder.py:472]            [DEBUG]    |                                                                                                    |
[2022-01-16 14:54:29,105] [builder.py:473]            [DEBUG]    | Validating Method: actor                                                                           |
[2022-01-16 14:54:29,105] [builder.py:474]            [DEBUG]    | Value: tmdb                                                                                        |
[2022-01-16 14:54:29,145] [builder.py:472]            [DEBUG]    |                                                                                                    |
[2022-01-16 14:54:29,145] [builder.py:473]            [DEBUG]    | Validating Method: sort_title                                                                      |
[2022-01-16 14:54:29,146] [builder.py:474]            [DEBUG]    | Value: ++_Ben Affleck                                                                              |
[2022-01-16 14:54:29,150] [plex.py:685]               [DEBUG]    | Looking for: Ben Affleck                                                                           |
[2022-01-16 14:54:29,150] [builder.py:619]            [INFO]     |                                                                                                    |
[2022-01-16 14:54:29,151] [builder.py:620]            [INFO]     | Validation Successful                                                                              |
[2022-01-16 14:54:29,151] [plex_meta_manager.py:758]  [INFO]     |                                                                                                    |
[2022-01-16 14:54:29,152] [util.py:216]               [INFO]     |================================== Running Ben Affleck Collection ==================================|
[2022-01-16 14:54:29,152] [plex_meta_manager.py:773]  [INFO]     |                                                                                                    |
[2022-01-16 14:54:29,153] [plex_meta_manager.py:774]  [INFO]     | Sync Mode: append                                                                                  |
[2022-01-16 14:54:29,153] [builder.py:1275]           [DEBUG]    |                                                                                                    |
[2022-01-16 14:54:29,153] [builder.py:1276]           [DEBUG]    | Builder: plex_search: (1, 'Plex Movie Search\nSort By: title.asc\nFilter:\n  Match any of the following:\n    Actor is Ben Affleck', '?type=1&sort=titleSort&push=1&actor=25305&pop=1') |
[2022-01-16 14:54:29,154] [builder.py:1277]           [INFO]     |                                                                                                    |
[2022-01-16 14:54:29,154] [util.py:161]               [INFO]     | Plex Movie Search                                                                                  |
[2022-01-16 14:54:29,154] [util.py:161]               [INFO]     | Sort By: title.asc                                                                                 |
[2022-01-16 14:54:29,155] [util.py:161]               [INFO]     | Filter:                                                                                            |
[2022-01-16 14:54:29,155] [util.py:161]               [INFO]     |   Match any of the following:                                                                      |
[2022-01-16 14:54:29,155] [util.py:161]               [INFO]     |     Actor is Ben Affleck                                                                           |
[2022-01-16 14:54:29,163] [plex.py:746]               [DEBUG]    |                                                                                                    |
[2022-01-16 14:54:29,164] [plex.py:747]               [DEBUG]    | 1 Keys Found: [(32424, 'ratingKey')]                                                               |
[2022-01-16 14:54:29,164] [builder.py:1282]           [DEBUG]    |                                                                                                    |
[2022-01-16 14:54:29,165] [builder.py:1283]           [DEBUG]    | 1 IDs Found: [(32424, 'ratingKey')]                                                                |
[2022-01-16 14:54:29,165] [builder.py:1284]           [DEBUG]    |                                                                                                    |
[2022-01-16 14:54:29,196] [builder.py:1697]           [INFO]     |                                                                                                    |
[2022-01-16 14:54:29,196] [util.py:216]               [INFO]     |================================= Adding to Ben Affleck Collection =================================|
[2022-01-16 14:54:29,197] [builder.py:1699]           [INFO]     |                                                                                                    |
[2022-01-16 14:54:29,197] [builder.py:1709]           [INFO]     | 1/1 | Ben Affleck Collection | + | Gone Girl (2014)                                                |
[2022-01-16 14:54:29,300] [builder.py:1734]           [INFO]     |                                                                                                    |
[2022-01-16 14:54:29,301] [builder.py:1735]           [INFO]     | 1 Movie Processed                                                                                  |
[2022-01-16 14:54:29,306] [builder.py:2147]           [INFO]     |                                                                                                    |
[2022-01-16 14:54:29,307] [util.py:216]               [INFO]     |============================ Updating Details of Ben Affleck Collection ============================|
[2022-01-16 14:54:29,308] [builder.py:2149]           [INFO]     |                                                                                                    |
[2022-01-16 14:54:29,308] [builder.py:2156]           [INFO]     | Detail: tmdb_person updated Collection Summary                                                     |
[2022-01-16 14:54:29,308] [builder.py:2193]           [INFO]     | Detail: sort_title updated Collection Sort Title to ++_Ben Affleck                                 |
[2022-01-16 14:54:29,309] [builder.py:2235]           [DEBUG]    | {'summary.value': 'Ben Affleck (born August 15, 1972) is an American actor, film director, writer, and producer. He became known in the mid-1990s with his performance in the Kevin Smith films Mallrats (1995) and Chasing Amy (1997). Affleck is an Academy Award as well as a Golden Globe Award winner, along with Matt Damon, for their collaborative screenplay for the 1997 film Good Will Hunting. He established himself as a Hollywood leading man, having starred in several big budget films, such as Armageddon (1998), Pearl Harbor (2001), Changing Lanes (2002), The Sum of All Fears (2002), and Daredevil (2003). Affleck also portrays Bruce Wayne/Batman in the DC Extended Universe. He has portrayed the character in Batman vs Superman: Dawn of Justice (2016), Suicide Squad (2016), and Justice League (2017). He will reprise the role in 2021’s new version of Zack Snyder’s Justice League. Affleck has drawn critical acclaim for his work as a filmmaker, directing Gone Baby Gone (2007) and The Town (2010), and playing the lead role in the latter. He has worked with his younger brother, actor Casey Affleck, on several projects, including Good Will Hunting and Gone Baby Gone.\n\nAfter a high profile relationship with actress Gwyneth Paltrow in 1998, his relationship with actress/singer Jennifer Lopez attracted worldwide media attention in which Affleck and Lopez were dubbed "Bennifer". Following their breakup in 2004, he began dating Jennifer Garner. The two married in June 2005 and have two daughters, Violet Anne, born December 2005, and Seraphina Rose Elizabeth, born January 2009.\n\nAffleck has been actively involved in politics and charitable causes. He and Matt Damon also founded the production company LivePlanet.\n\n\u200bFrom Wikipedia, the free encyclopedia', 'summary.locked': 1, 'titleSort.value': '++_Ben Affleck', 'titleSort.locked': 1} |
[2022-01-16 14:54:29,324] [builder.py:2237]           [INFO]     | Details: have been updated                                                                         |
[2022-01-16 14:54:29,325] [builder.py:2258]           [DEBUG]    | 1 posters found:                                                                                   |
[2022-01-16 14:54:29,325] [builder.py:2260]           [DEBUG]    | Method: tmdb_person Poster: https://image.tmdb.org/t/p/original/aTcqu8cI4wMohU17xTdqmXKTGrw.jpg    |
[2022-01-16 14:54:29,325] [builder.py:2327]           [INFO]     | No background collection detail or asset folder found                                              |
[2022-01-16 14:54:29,361] [library.py:145]            [INFO]     | Detail: tmdb_person updated poster to [URL] https://image.tmdb.org/t/p/original/aTcqu8cI4wMohU17xTdqmXKTGrw.jpg |
[2022-01-16 14:54:29,535] [plex_meta_manager.py:880]  [INFO]     |                                                                                                    |
[2022-01-16 14:54:29,535] [util.py:209]               [INFO]     |====================================================================================================|
[2022-01-16 14:54:29,536] [util.py:216]               [INFO]     |                                  Finished Ben Affleck Collection                                   |
[2022-01-16 14:54:29,536] [util.py:216]               [INFO]     |                                    Collection Run Time: 0:00:00                                    |
[2022-01-16 14:54:29,537] [util.py:220]               [INFO]     |====================================================================================================|
