[2022-06-02 15:03:17,526] [util.py:209]               [INFO]     |====================================================================================================|
[2022-06-02 15:03:17,526] [util.py:216]               [INFO]     |                              Psychological Anime Collection in Anime                               |
[2022-06-02 15:03:17,526] [util.py:220]               [INFO]     |====================================================================================================|
[2022-06-02 15:03:17,527] [plex_meta_manager.py:750]  [INFO]     |                                                                                                    |
[2022-06-02 15:03:17,527] [util.py:216]               [INFO]     |============================ Validating Psychological Anime Attributes =============================|
[2022-06-02 15:03:17,527] [builder.py:255]            [DEBUG]    |                                                                                                    |
[2022-06-02 15:03:17,528] [builder.py:256]            [DEBUG]    | Validating Method: name                                                                            |
[2022-06-02 15:03:17,528] [builder.py:259]            [DEBUG]    | Value: Psychological                                                                               |
[2022-06-02 15:03:17,528] [builder.py:330]            [DEBUG]    |                                                                                                    |
[2022-06-02 15:03:17,528] [builder.py:331]            [DEBUG]    | Validating Method: sync_mode                                                                       |
[2022-06-02 15:03:17,529] [builder.py:335]            [DEBUG]    | Value: sync                                                                                        |
[2022-06-02 15:03:17,529] [builder.py:453]            [DEBUG]    |                                                                                                    |
[2022-06-02 15:03:17,529] [builder.py:454]            [DEBUG]    | Validating Method: collection_order                                                                |
[2022-06-02 15:03:17,530] [builder.py:455]            [DEBUG]    | Value: custom                                                                                      |
[2022-06-02 15:03:17,530] [builder.py:472]            [DEBUG]    |                                                                                                    |
[2022-06-02 15:03:17,530] [builder.py:473]            [DEBUG]    | Validating Method: mal_genre                                                                       |
[2022-06-02 15:03:17,531] [builder.py:474]            [DEBUG]    | Value: ordereddict([('genre_id', 40)])                                                             |
[2022-06-02 15:03:17,531] [builder.py:689]            [WARNING]  | Collection Warning: mal_genre limit attribute not found using 0 as default                         |
[2022-06-02 15:03:17,531] [builder.py:472]            [DEBUG]    |                                                                                                    |
[2022-06-02 15:03:17,531] [builder.py:473]            [DEBUG]    | Validating Method: url_poster                                                                      |
[2022-06-02 15:03:17,532] [builder.py:474]            [DEBUG]    | Value: https://i.imgur.com/SVRqQeX.png                                                             |
[2022-06-02 15:03:17,535] [plex.py:685]               [DEBUG]    | Looking for: Psychological                                                                         |
[2022-06-02 15:03:17,536] [builder.py:619]            [INFO]     |                                                                                                    |
[2022-06-02 15:03:17,536] [builder.py:620]            [INFO]     | Validation Successful                                                                              |
[2022-06-02 15:03:17,536] [plex_meta_manager.py:758]  [INFO]     |                                                                                                    |
[2022-06-02 15:03:17,537] [util.py:216]               [INFO]     |============================== Running Psychological Anime Collection ==============================|
[2022-06-02 15:03:17,537] [plex_meta_manager.py:773]  [INFO]     |                                                                                                    |
[2022-06-02 15:03:17,537] [plex_meta_manager.py:774]  [INFO]     | Sync Mode: sync                                                                                    |
[2022-06-02 15:03:17,538] [builder.py:1275]           [DEBUG]    |                                                                                                    |
[2022-06-02 15:03:17,538] [builder.py:1276]           [DEBUG]    | Builder: mal_genre: {'genre_id': 40, 'limit': 0}                                                   |
[2022-06-02 15:03:17,538] [builder.py:1277]           [INFO]     |                                                                                                    |
[2022-06-02 15:03:17,538] [mal.py:223]                [INFO]     | Processing MyAnimeList Genre ID: 40                                                                |
[2022-06-02 15:03:31,742] [mal.py:239]                [DEBUG]    |                                                                                                    |
[2022-06-02 15:03:31,742] [mal.py:240]                [DEBUG]    | 386 MyAnimeList IDs Found: [1535, 22319, 9253, 31240, 10620, 31043, 37779, 22535, 27899, 30, 28223, 13601, 37999, 226, 34933, 9756, 40591, 23283, 36511, 39587, 35507, 19, 16592, 39617, 14345, 32, 934, 227, 37799, 39195, 13125, 42203, 37086, 1210, 339, 43299, 23281, 790, 35994, 437, 34542, 43, 14075, 17729, 7724, 40052, 2759, 43608, 3784, 1943, 1889, 24765, 7785, 3785, 29095, 40935, 323, 11981, 16762, 228, 384, 44961, 40911, 32189, 3002, 32827, 40046, 3786, 861, 33028, 10721, 2246, 4975, 486, 41619, 37517, 21557, 387, 41006, 39491, 31, 30458, 14353, 26, 5040, 38414, 37451, 32438, 36266, 4896, 7193, 16201, 31297, 440, 43325, 11979, 2994, 11977, 376, 3652, 19315, 1690, 10271, 36548, 34103, 28621, 23333, 50273, 395, 570, 1594, 4981, 468, 182, 22273, 25519, 38256, 36124, 2596, 3091, 37525, 48614, 30485, 32491, 369, 38735, 2216, 165, 33377, 1462, 2154, 3713, 32086, 26165, 658, 34152, 1004, 37440, 48488, 32071, 37522, 567, 3420, 6774, 974, 4672, 37994, 634, 51096, 37442, 37441, 40858, 28625, 24037, 875, 36245, 40333, 601, 8100, 10083, 514, 4918, 16700, 793, 1023, 42822, 17187, 4879, 104, 36525, 28211, 23133, 20903, 34966, 33197, 40602, 41530, 19191, 24781, 48820, 47616, 789, 27411, 23279, 19193, 593, 29325, 43767, 795, 252, 10624, 19195, 2449, 37338, 1192, 3466, 1520, 3508, 10714, 279, 35250, 12053, 1177, 38536, 2775, 35815, 25567, 1243, 34607, 49469, 51180, 32153, 688, 2235, 1629, 34753, 49733, 35315, 49291, 782, 1457, 2356, 3326, 4066, 38292, 20889, 3859, 159, 39584, 31280, 1080, 37175, 4715, 50339, 1346, 219, 758, 49590, 12137, 1082, 1136, 978, 33969, 108, 15045, 1246, 3626, 1109, 48624, 7651, 35737, 50891, 2346, 30913, 1106, 1494, 2033, 2349, 4460, 49915, 36494, 1370, 2218, 4639, 2983, 559, 1981, 6985, 17012, 12035, 1105, 3077, 1832, 1207, 36083, 2767, 2261, 48633, 1767, 5918, 38104, 37291, 35752, 2219, 21027, 36932, 38902, 6535, 3507, 49290, 49848, 5924, 3411, 37507, 12877, 5622, 1611, 30924, 4756, 47794, 11869, 2781, 1529, 1966, 6328, 3152, 8689, 39290, 50098, 37365, 33508, 9509, 13303, 32247, 39332, 32139, 7257, 12919, 4085, 9829, 36493, 39020, 4640, 12769, 7258, 12133, 41217, 7259, 31476, 12135, 28641, 28993, 51068, 35115, 9662, 28831, 23351, 37177, 35158, 30659, 51494, 50462, 29904, 29908, 35116, 7511, 50037, 29585, 29906, 50429, 26117, 7420, 28991, 37530, 29727, 43492, 39449, 41505, 42805, 51008, 44223, 40171, 29671, 9447, 50427, 49314, 49054, 40598, 50054, 50072, 50074, 48960, 50062, 50053, 50038, 51493, 49684, 45582, 49956, 41464, 50255, 51486, 51618, 50241, 51599, 51597] |
[2022-06-02 15:03:31,748] [convert.py:100]            [ERROR]    | Convert Error: AniDB ID not found for MyAnimeList ID: 11981                                        |
[2022-06-02 15:03:31,748] [convert.py:100]            [ERROR]    | Convert Error: AniDB ID not found for MyAnimeList ID: 384                                          |
[2022-06-02 15:03:31,750] [convert.py:100]            [ERROR]    | Convert Error: AniDB ID not found for MyAnimeList ID: 30458                                        |
[2022-06-02 15:03:31,750] [convert.py:100]            [ERROR]    | Convert Error: AniDB ID not found for MyAnimeList ID: 38414                                        |
[2022-06-02 15:03:31,751] [convert.py:100]            [ERROR]    | Convert Error: AniDB ID not found for MyAnimeList ID: 31297                                        |
[2022-06-02 15:03:31,751] [convert.py:100]            [ERROR]    | Convert Error: AniDB ID not found for MyAnimeList ID: 11979                                        |
[2022-06-02 15:03:31,751] [convert.py:100]            [ERROR]    | Convert Error: AniDB ID not found for MyAnimeList ID: 2994                                         |
[2022-06-02 15:03:31,751] [convert.py:100]            [ERROR]    | Convert Error: AniDB ID not found for MyAnimeList ID: 11977                                        |
[2022-06-02 15:03:31,752] [convert.py:100]            [ERROR]    | Convert Error: AniDB ID not found for MyAnimeList ID: 376                                          |
[2022-06-02 15:03:31,752] [convert.py:100]            [ERROR]    | Convert Error: AniDB ID not found for MyAnimeList ID: 395                                          |
[2022-06-02 15:03:31,753] [convert.py:100]            [ERROR]    | Convert Error: AniDB ID not found for MyAnimeList ID: 48614                                        |
[2022-06-02 15:03:31,755] [convert.py:78]             [ERROR]    | Convert Error: No TVDb ID or IMDb ID found for AniDB ID: 12436                                     |
[2022-06-02 15:03:31,756] [convert.py:100]            [ERROR]    | Convert Error: AniDB ID not found for MyAnimeList ID: 37440                                        |
[2022-06-02 15:03:31,757] [convert.py:100]            [ERROR]    | Convert Error: AniDB ID not found for MyAnimeList ID: 567                                          |
[2022-06-02 15:03:31,759] [convert.py:78]             [ERROR]    | Convert Error: No TVDb ID or IMDb ID found for AniDB ID: 17208                                     |
[2022-06-02 15:03:31,759] [convert.py:100]            [ERROR]    | Convert Error: AniDB ID not found for MyAnimeList ID: 37442                                        |
[2022-06-02 15:03:31,759] [convert.py:100]            [ERROR]    | Convert Error: AniDB ID not found for MyAnimeList ID: 37441                                        |
[2022-06-02 15:03:31,761] [convert.py:78]             [ERROR]    | Convert Error: No TVDb ID or IMDb ID found for AniDB ID: 15063                                     |
[2022-06-02 15:03:31,761] [convert.py:100]            [ERROR]    | Convert Error: AniDB ID not found for MyAnimeList ID: 8100                                         |
[2022-06-02 15:03:31,762] [convert.py:100]            [ERROR]    | Convert Error: AniDB ID not found for MyAnimeList ID: 10083                                        |
[2022-06-02 15:03:31,762] [convert.py:100]            [ERROR]    | Convert Error: AniDB ID not found for MyAnimeList ID: 1023                                         |
[2022-06-02 15:03:31,763] [convert.py:100]            [ERROR]    | Convert Error: AniDB ID not found for MyAnimeList ID: 17187                                        |
[2022-06-02 15:03:31,763] [convert.py:100]            [ERROR]    | Convert Error: AniDB ID not found for MyAnimeList ID: 19191                                        |
[2022-06-02 15:03:31,763] [convert.py:78]             [ERROR]    | Convert Error: No TVDb ID or IMDb ID found for AniDB ID: 10628                                     |
[2022-06-02 15:03:31,764] [convert.py:100]            [ERROR]    | Convert Error: AniDB ID not found for MyAnimeList ID: 47616                                        |
[2022-06-02 15:03:31,765] [convert.py:100]            [ERROR]    | Convert Error: AniDB ID not found for MyAnimeList ID: 19193                                        |
[2022-06-02 15:03:31,765] [convert.py:100]            [ERROR]    | Convert Error: AniDB ID not found for MyAnimeList ID: 10624                                        |
[2022-06-02 15:03:31,765] [convert.py:100]            [ERROR]    | Convert Error: AniDB ID not found for MyAnimeList ID: 19195                                        |
[2022-06-02 15:03:31,766] [convert.py:100]            [ERROR]    | Convert Error: AniDB ID not found for MyAnimeList ID: 3466                                         |
[2022-06-02 15:03:31,766] [convert.py:100]            [ERROR]    | Convert Error: AniDB ID not found for MyAnimeList ID: 1520                                         |
[2022-06-02 15:03:31,768] [convert.py:100]            [ERROR]    | Convert Error: AniDB ID not found for MyAnimeList ID: 10714                                        |
[2022-06-02 15:03:31,768] [convert.py:100]            [ERROR]    | Convert Error: AniDB ID not found for MyAnimeList ID: 12053                                        |
[2022-06-02 15:03:31,768] [convert.py:78]             [ERROR]    | Convert Error: No TVDb ID or IMDb ID found for AniDB ID: 15599                                     |
[2022-06-02 15:03:31,769] [convert.py:100]            [ERROR]    | Convert Error: AniDB ID not found for MyAnimeList ID: 35815                                        |
[2022-06-02 15:03:31,769] [convert.py:100]            [ERROR]    | Convert Error: AniDB ID not found for MyAnimeList ID: 25567                                        |
[2022-06-02 15:03:31,770] [convert.py:78]             [ERROR]    | Convert Error: No TVDb ID or IMDb ID found for AniDB ID: 16443                                     |
[2022-06-02 15:03:31,770] [convert.py:78]             [ERROR]    | Convert Error: No TVDb ID or IMDb ID found for AniDB ID: 17237                                     |
[2022-06-02 15:03:31,770] [convert.py:78]             [ERROR]    | Convert Error: No TVDb ID or IMDb ID found for AniDB ID: 11793                                     |
[2022-06-02 15:03:31,771] [convert.py:100]            [ERROR]    | Convert Error: AniDB ID not found for MyAnimeList ID: 34753                                        |
[2022-06-02 15:03:31,771] [convert.py:78]             [ERROR]    | Convert Error: No TVDb ID or IMDb ID found for AniDB ID: 16600                                     |
[2022-06-02 15:03:31,772] [convert.py:78]             [ERROR]    | Convert Error: No TVDb ID or IMDb ID found for AniDB ID: 14622                                     |
[2022-06-02 15:03:31,774] [convert.py:78]             [ERROR]    | Convert Error: No TVDb ID or IMDb ID found for AniDB ID: 13766                                     |
[2022-06-02 15:03:31,774] [convert.py:100]            [ERROR]    | Convert Error: AniDB ID not found for MyAnimeList ID: 4715                                         |
[2022-06-02 15:03:31,775] [convert.py:78]             [ERROR]    | Convert Error: No TVDb ID or IMDb ID found for AniDB ID: 16967                                     |
[2022-06-02 15:03:31,776] [convert.py:78]             [ERROR]    | Convert Error: No TVDb ID or IMDb ID found for AniDB ID: 9489                                      |
[2022-06-02 15:03:31,776] [convert.py:78]             [ERROR]    | Convert Error: No TVDb ID or IMDb ID found for AniDB ID: 13351                                     |
[2022-06-02 15:03:31,777] [convert.py:100]            [ERROR]    | Convert Error: AniDB ID not found for MyAnimeList ID: 1109                                         |
[2022-06-02 15:03:31,777] [convert.py:78]             [ERROR]    | Convert Error: No TVDb ID or IMDb ID found for AniDB ID: 16180                                     |
[2022-06-02 15:03:31,777] [convert.py:78]             [ERROR]    | Convert Error: No TVDb ID or IMDb ID found for AniDB ID: 13225                                     |
[2022-06-02 15:03:31,777] [convert.py:78]             [ERROR]    | Convert Error: No TVDb ID or IMDb ID found for AniDB ID: 17150                                     |
[2022-06-02 15:03:31,778] [convert.py:78]             [ERROR]    | Convert Error: No TVDb ID or IMDb ID found for AniDB ID: 14010                                     |
[2022-06-02 15:03:31,778] [convert.py:78]             [ERROR]    | Convert Error: No TVDb ID or IMDb ID found for AniDB ID: 2777                                      |
[2022-06-02 15:03:31,780] [convert.py:100]            [ERROR]    | Convert Error: AniDB ID not found for MyAnimeList ID: 2349                                         |
[2022-06-02 15:03:31,780] [convert.py:78]             [ERROR]    | Convert Error: No TVDb ID or IMDb ID found for AniDB ID: 4452                                      |
[2022-06-02 15:03:31,780] [convert.py:100]            [ERROR]    | Convert Error: AniDB ID not found for MyAnimeList ID: 49915                                        |
[2022-06-02 15:03:31,780] [convert.py:78]             [ERROR]    | Convert Error: No TVDb ID or IMDb ID found for AniDB ID: 14006                                     |
[2022-06-02 15:03:31,781] [convert.py:78]             [ERROR]    | Convert Error: No TVDb ID or IMDb ID found for AniDB ID: 1269                                      |
[2022-06-02 15:03:31,782] [convert.py:100]            [ERROR]    | Convert Error: AniDB ID not found for MyAnimeList ID: 17012                                        |
[2022-06-02 15:03:31,783] [convert.py:78]             [ERROR]    | Convert Error: No TVDb ID or IMDb ID found for AniDB ID: 13361                                     |
[2022-06-02 15:03:31,784] [convert.py:78]             [ERROR]    | Convert Error: No TVDb ID or IMDb ID found for AniDB ID: 16182                                     |
[2022-06-02 15:03:31,785] [convert.py:78]             [ERROR]    | Convert Error: No TVDb ID or IMDb ID found for AniDB ID: 3496                                      |
[2022-06-02 15:03:31,785] [convert.py:100]            [ERROR]    | Convert Error: AniDB ID not found for MyAnimeList ID: 38104                                        |
[2022-06-02 15:03:31,786] [convert.py:78]             [ERROR]    | Convert Error: No TVDb ID or IMDb ID found for AniDB ID: 13942                                     |
[2022-06-02 15:03:31,786] [convert.py:78]             [ERROR]    | Convert Error: No TVDb ID or IMDb ID found for AniDB ID: 14016                                     |
[2022-06-02 15:03:31,786] [convert.py:78]             [ERROR]    | Convert Error: No TVDb ID or IMDb ID found for AniDB ID: 1270                                      |
[2022-06-02 15:03:31,787] [convert.py:100]            [ERROR]    | Convert Error: AniDB ID not found for MyAnimeList ID: 36932                                        |
[2022-06-02 15:03:31,787] [convert.py:78]             [ERROR]    | Convert Error: No TVDb ID or IMDb ID found for AniDB ID: 14562                                     |
[2022-06-02 15:03:31,788] [convert.py:78]             [ERROR]    | Convert Error: No TVDb ID or IMDb ID found for AniDB ID: 2756                                      |
[2022-06-02 15:03:31,790] [convert.py:100]            [ERROR]    | Convert Error: AniDB ID not found for MyAnimeList ID: 49290                                        |
[2022-06-02 15:03:31,790] [convert.py:100]            [ERROR]    | Convert Error: AniDB ID not found for MyAnimeList ID: 49848                                        |
[2022-06-02 15:03:31,790] [convert.py:100]            [ERROR]    | Convert Error: AniDB ID not found for MyAnimeList ID: 5924                                         |
[2022-06-02 15:03:31,790] [convert.py:100]            [ERROR]    | Convert Error: AniDB ID not found for MyAnimeList ID: 3411                                         |
[2022-06-02 15:03:31,791] [convert.py:78]             [ERROR]    | Convert Error: No TVDb ID or IMDb ID found for AniDB ID: 14022                                     |
[2022-06-02 15:03:31,791] [convert.py:100]            [ERROR]    | Convert Error: AniDB ID not found for MyAnimeList ID: 12877                                        |
[2022-06-02 15:03:31,791] [convert.py:78]             [ERROR]    | Convert Error: No TVDb ID or IMDb ID found for AniDB ID: 5008                                      |
[2022-06-02 15:03:31,791] [convert.py:78]             [ERROR]    | Convert Error: No TVDb ID or IMDb ID found for AniDB ID: 2618                                      |
[2022-06-02 15:03:31,792] [convert.py:100]            [ERROR]    | Convert Error: AniDB ID not found for MyAnimeList ID: 30924                                        |
[2022-06-02 15:03:31,792] [convert.py:78]             [ERROR]    | Convert Error: No TVDb ID or IMDb ID found for AniDB ID: 4351                                      |
[2022-06-02 15:03:31,792] [convert.py:100]            [ERROR]    | Convert Error: AniDB ID not found for MyAnimeList ID: 47794                                        |
[2022-06-02 15:03:31,793] [convert.py:78]             [ERROR]    | Convert Error: No TVDb ID or IMDb ID found for AniDB ID: 8756                                      |
[2022-06-02 15:03:31,793] [convert.py:100]            [ERROR]    | Convert Error: AniDB ID not found for MyAnimeList ID: 6328                                         |
[2022-06-02 15:03:31,793] [convert.py:78]             [ERROR]    | Convert Error: No TVDb ID or IMDb ID found for AniDB ID: 4394                                      |
[2022-06-02 15:03:31,793] [convert.py:100]            [ERROR]    | Convert Error: AniDB ID not found for MyAnimeList ID: 8689                                         |
[2022-06-02 15:03:31,794] [convert.py:100]            [ERROR]    | Convert Error: AniDB ID not found for MyAnimeList ID: 39290                                        |
[2022-06-02 15:03:31,794] [convert.py:100]            [ERROR]    | Convert Error: AniDB ID not found for MyAnimeList ID: 50098                                        |
[2022-06-02 15:03:31,794] [convert.py:78]             [ERROR]    | Convert Error: No TVDb ID or IMDb ID found for AniDB ID: 13836                                     |
[2022-06-02 15:03:31,794] [convert.py:78]             [ERROR]    | Convert Error: No TVDb ID or IMDb ID found for AniDB ID: 13352                                     |
[2022-06-02 15:03:31,795] [convert.py:78]             [ERROR]    | Convert Error: No TVDb ID or IMDb ID found for AniDB ID: 7235                                      |
[2022-06-02 15:03:31,795] [convert.py:78]             [ERROR]    | Convert Error: No TVDb ID or IMDb ID found for AniDB ID: 9069                                      |
[2022-06-02 15:03:31,795] [convert.py:78]             [ERROR]    | Convert Error: No TVDb ID or IMDb ID found for AniDB ID: 2778                                      |
[2022-06-02 15:03:31,795] [convert.py:100]            [ERROR]    | Convert Error: AniDB ID not found for MyAnimeList ID: 39332                                        |
[2022-06-02 15:03:31,796] [convert.py:78]             [ERROR]    | Convert Error: No TVDb ID or IMDb ID found for AniDB ID: 12060                                     |
[2022-06-02 15:03:31,797] [convert.py:78]             [ERROR]    | Convert Error: No TVDb ID or IMDb ID found for AniDB ID: 11564                                     |
[2022-06-02 15:03:31,797] [convert.py:78]             [ERROR]    | Convert Error: No TVDb ID or IMDb ID found for AniDB ID: 8747                                      |
[2022-06-02 15:03:31,797] [convert.py:78]             [ERROR]    | Convert Error: No TVDb ID or IMDb ID found for AniDB ID: 8748                                      |
[2022-06-02 15:03:31,798] [convert.py:100]            [ERROR]    | Convert Error: AniDB ID not found for MyAnimeList ID: 36493                                        |
[2022-06-02 15:03:31,798] [convert.py:100]            [ERROR]    | Convert Error: AniDB ID not found for MyAnimeList ID: 39020                                        |
[2022-06-02 15:03:31,798] [convert.py:78]             [ERROR]    | Convert Error: No TVDb ID or IMDb ID found for AniDB ID: 2903                                      |
[2022-06-02 15:03:31,799] [convert.py:100]            [ERROR]    | Convert Error: AniDB ID not found for MyAnimeList ID: 12133                                        |
[2022-06-02 15:03:31,799] [convert.py:78]             [ERROR]    | Convert Error: No TVDb ID or IMDb ID found for AniDB ID: 15469                                     |
[2022-06-02 15:03:31,800] [convert.py:78]             [ERROR]    | Convert Error: No TVDb ID or IMDb ID found for AniDB ID: 12539                                     |
[2022-06-02 15:03:31,800] [convert.py:100]            [ERROR]    | Convert Error: AniDB ID not found for MyAnimeList ID: 12135                                        |
[2022-06-02 15:03:31,801] [convert.py:78]             [ERROR]    | Convert Error: No TVDb ID or IMDb ID found for AniDB ID: 11362                                     |
[2022-06-02 15:03:31,801] [convert.py:78]             [ERROR]    | Convert Error: No TVDb ID or IMDb ID found for AniDB ID: 11331                                     |
[2022-06-02 15:03:31,801] [convert.py:100]            [ERROR]    | Convert Error: AniDB ID not found for MyAnimeList ID: 51068                                        |
[2022-06-02 15:03:31,802] [convert.py:100]            [ERROR]    | Convert Error: AniDB ID not found for MyAnimeList ID: 35115                                        |
[2022-06-02 15:03:31,802] [convert.py:100]            [ERROR]    | Convert Error: AniDB ID not found for MyAnimeList ID: 9662                                         |
[2022-06-02 15:03:31,802] [convert.py:78]             [ERROR]    | Convert Error: No TVDb ID or IMDb ID found for AniDB ID: 11406                                     |
[2022-06-02 15:03:31,802] [convert.py:78]             [ERROR]    | Convert Error: No TVDb ID or IMDb ID found for AniDB ID: 4710                                      |
[2022-06-02 15:03:31,803] [convert.py:78]             [ERROR]    | Convert Error: No TVDb ID or IMDb ID found for AniDB ID: 16699                                     |
[2022-06-02 15:03:31,803] [convert.py:100]            [ERROR]    | Convert Error: AniDB ID not found for MyAnimeList ID: 35158                                        |
[2022-06-02 15:03:31,806] [convert.py:78]             [ERROR]    | Convert Error: No TVDb ID or IMDb ID found for AniDB ID: 11708                                     |
[2022-06-02 15:03:31,806] [convert.py:100]            [ERROR]    | Convert Error: AniDB ID not found for MyAnimeList ID: 51494                                        |
[2022-06-02 15:03:31,807] [convert.py:78]             [ERROR]    | Convert Error: No TVDb ID or IMDb ID found for AniDB ID: 16760                                     |
[2022-06-02 15:03:31,807] [convert.py:78]             [ERROR]    | Convert Error: No TVDb ID or IMDb ID found for AniDB ID: 13371                                     |
[2022-06-02 15:03:31,807] [convert.py:78]             [ERROR]    | Convert Error: No TVDb ID or IMDb ID found for AniDB ID: 13367                                     |
[2022-06-02 15:03:31,808] [convert.py:100]            [ERROR]    | Convert Error: AniDB ID not found for MyAnimeList ID: 35116                                        |
[2022-06-02 15:03:31,808] [convert.py:100]            [ERROR]    | Convert Error: AniDB ID not found for MyAnimeList ID: 7511                                         |
[2022-06-02 15:03:31,808] [convert.py:78]             [ERROR]    | Convert Error: No TVDb ID or IMDb ID found for AniDB ID: 16145                                     |
[2022-06-02 15:03:31,808] [convert.py:78]             [ERROR]    | Convert Error: No TVDb ID or IMDb ID found for AniDB ID: 11187                                     |
[2022-06-02 15:03:31,809] [convert.py:78]             [ERROR]    | Convert Error: No TVDb ID or IMDb ID found for AniDB ID: 13366                                     |
[2022-06-02 15:03:31,809] [convert.py:100]            [ERROR]    | Convert Error: AniDB ID not found for MyAnimeList ID: 50429                                        |
[2022-06-02 15:03:31,809] [convert.py:100]            [ERROR]    | Convert Error: AniDB ID not found for MyAnimeList ID: 26117                                        |
[2022-06-02 15:03:31,809] [convert.py:78]             [ERROR]    | Convert Error: No TVDb ID or IMDb ID found for AniDB ID: 6767                                      |
[2022-06-02 15:03:31,810] [convert.py:78]             [ERROR]    | Convert Error: No TVDb ID or IMDb ID found for AniDB ID: 11431                                     |
[2022-06-02 15:03:31,810] [convert.py:100]            [ERROR]    | Convert Error: AniDB ID not found for MyAnimeList ID: 37530                                        |
[2022-06-02 15:03:31,810] [convert.py:100]            [ERROR]    | Convert Error: AniDB ID not found for MyAnimeList ID: 29727                                        |
[2022-06-02 15:03:31,811] [convert.py:100]            [ERROR]    | Convert Error: AniDB ID not found for MyAnimeList ID: 43492                                        |
[2022-06-02 15:03:31,811] [convert.py:100]            [ERROR]    | Convert Error: AniDB ID not found for MyAnimeList ID: 39449                                        |
[2022-06-02 15:03:31,811] [convert.py:100]            [ERROR]    | Convert Error: AniDB ID not found for MyAnimeList ID: 41505                                        |
[2022-06-02 15:03:31,811] [convert.py:100]            [ERROR]    | Convert Error: AniDB ID not found for MyAnimeList ID: 42805                                        |
[2022-06-02 15:03:31,812] [convert.py:78]             [ERROR]    | Convert Error: No TVDb ID or IMDb ID found for AniDB ID: 17194                                     |
[2022-06-02 15:03:31,812] [convert.py:100]            [ERROR]    | Convert Error: AniDB ID not found for MyAnimeList ID: 44223                                        |
[2022-06-02 15:03:31,812] [convert.py:100]            [ERROR]    | Convert Error: AniDB ID not found for MyAnimeList ID: 40171                                        |
[2022-06-02 15:03:31,812] [convert.py:78]             [ERROR]    | Convert Error: No TVDb ID or IMDb ID found for AniDB ID: 14362                                     |
[2022-06-02 15:03:31,813] [convert.py:100]            [ERROR]    | Convert Error: AniDB ID not found for MyAnimeList ID: 50427                                        |
[2022-06-02 15:03:31,813] [convert.py:100]            [ERROR]    | Convert Error: AniDB ID not found for MyAnimeList ID: 49314                                        |
[2022-06-02 15:03:31,814] [convert.py:100]            [ERROR]    | Convert Error: AniDB ID not found for MyAnimeList ID: 49054                                        |
[2022-06-02 15:03:31,814] [convert.py:100]            [ERROR]    | Convert Error: AniDB ID not found for MyAnimeList ID: 40598                                        |
[2022-06-02 15:03:31,814] [convert.py:100]            [ERROR]    | Convert Error: AniDB ID not found for MyAnimeList ID: 50054                                        |
[2022-06-02 15:03:31,815] [convert.py:100]            [ERROR]    | Convert Error: AniDB ID not found for MyAnimeList ID: 50072                                        |
[2022-06-02 15:03:31,815] [convert.py:100]            [ERROR]    | Convert Error: AniDB ID not found for MyAnimeList ID: 50074                                        |
[2022-06-02 15:03:31,815] [convert.py:100]            [ERROR]    | Convert Error: AniDB ID not found for MyAnimeList ID: 48960                                        |
[2022-06-02 15:03:31,815] [convert.py:100]            [ERROR]    | Convert Error: AniDB ID not found for MyAnimeList ID: 50062                                        |
[2022-06-02 15:03:31,816] [convert.py:100]            [ERROR]    | Convert Error: AniDB ID not found for MyAnimeList ID: 50053                                        |
[2022-06-02 15:03:31,816] [convert.py:100]            [ERROR]    | Convert Error: AniDB ID not found for MyAnimeList ID: 50038                                        |
[2022-06-02 15:03:31,816] [convert.py:100]            [ERROR]    | Convert Error: AniDB ID not found for MyAnimeList ID: 51493                                        |
[2022-06-02 15:03:31,817] [convert.py:100]            [ERROR]    | Convert Error: AniDB ID not found for MyAnimeList ID: 49684                                        |
[2022-06-02 15:03:31,817] [convert.py:100]            [ERROR]    | Convert Error: AniDB ID not found for MyAnimeList ID: 45582                                        |
[2022-06-02 15:03:31,818] [convert.py:100]            [ERROR]    | Convert Error: AniDB ID not found for MyAnimeList ID: 49956                                        |
[2022-06-02 15:03:31,818] [convert.py:100]            [ERROR]    | Convert Error: AniDB ID not found for MyAnimeList ID: 41464                                        |
[2022-06-02 15:03:31,818] [convert.py:100]            [ERROR]    | Convert Error: AniDB ID not found for MyAnimeList ID: 50255                                        |
[2022-06-02 15:03:31,819] [convert.py:100]            [ERROR]    | Convert Error: AniDB ID not found for MyAnimeList ID: 51486                                        |
[2022-06-02 15:03:31,821] [convert.py:100]            [ERROR]    | Convert Error: AniDB ID not found for MyAnimeList ID: 51618                                        |
[2022-06-02 15:03:31,821] [convert.py:100]            [ERROR]    | Convert Error: AniDB ID not found for MyAnimeList ID: 50241                                        |
[2022-06-02 15:03:31,822] [convert.py:100]            [ERROR]    | Convert Error: AniDB ID not found for MyAnimeList ID: 51599                                        |
[2022-06-02 15:03:31,822] [convert.py:100]            [ERROR]    | Convert Error: AniDB ID not found for MyAnimeList ID: 51597                                        |
[2022-06-02 15:03:31,822] [builder.py:1282]           [DEBUG]    |                                                                                                    |
[2022-06-02 15:03:31,823] [builder.py:1283]           [DEBUG]    | 229 IDs Found: [(79481, 'tvdb'), (281249, 'tvdb'), (244061, 'tvdb'), (305089, 'tvdb'), (249827, 'tvdb'), (303071, 'tvdb'), (348002, 'tvdb'), (279831, 'tvdb'), (281249, 'tvdb'), (70350, 'tvdb'), (289177, 'tvdb'), (262090, 'tvdb'), (354198, 'tvdb'), (75941, 'tvdb'), (327572, 'tvdb'), (219181, 'tvdb'), (354198, 'tvdb'), (279986, 'tvdb'), (281249, 'tvdb'), (305089, 'tvdb'), (329822, 'tvdb'), (74599, 'tvdb'), (270058, 'tvdb'), (348002, 'tvdb'), (262095, 'tvdb'), (18491, 'tmdb'), (79682, 'tvdb'), (78878, 'tvdb'), (281249, 'tvdb'), (361013, 'tvdb'), (262838, 'tvdb'), (305089, 'tvdb'), (327572, 'tvdb'), (79415, 'tvdb'), (78814, 'tvdb'), (390028, 'tvdb'), (262090, 'tvdb'), (79228, 'tvdb'), (344844, 'tvdb'), (10494, 'tmdb'), (321209, 'tvdb'), (9323, 'tmdb'), (262109, 'tvdb'), (281949, 'tvdb'), (172941, 'tvdb'), (376144, 'tvdb'), (15137, 'tmdb'), (354198, 'tvdb'), (22843, 'tmdb'), (4977, 'tmdb'), (79682, 'tvdb'), (283946, 'tvdb'), (140751, 'tvdb'), (75629, 'tmdb'), (281949, 'tvdb'), (361013, 'tvdb'), (75092, 'tvdb'), (249827, 'tvdb'), (79106, 'tvdb'), (393742, 'tvdb'), (385542, 'tvdb'), (270058, 'tvdb'), (81234, 'tvdb'), (339353, 'tvdb'), (370377, 'tvdb'), (283566, 'tmdb'), (79283, 'tvdb'), (314361, 'tvdb'), (250084, 'tvdb'), (80470, 'tvdb'), (83358, 'tvdb'), (79179, 'tvdb'), (386714, 'tvdb'), (347194, 'tvdb'), (242828, 'tmdb'), (79105, 'tvdb'), (385002, 'tvdb'), (262090, 'tvdb'), (21832, 'tmdb'), (289177, 'tvdb'), (74493, 'tvdb'), (84616, 'tvdb'), (355624, 'tvdb'), (305099, 'tvdb'), (341998, 'tvdb'), (101981, 'tvdb'), (119781, 'tvdb'), (267810, 'tvdb'), (79449, 'tvdb'), (385542, 'tvdb'), (79682, 'tvdb'), (272130, 'tvdb'), (80111, 'tvdb'), (81234, 'tvdb'), (336480, 'tvdb'), (314361, 'tvdb'), (296072, 'tvdb'), (279983, 'tvdb'), (412031, 'tvdb'), (823, 'tmdb'), (79106, 'tvdb'), (83316, 'tvdb'), (12140, 'tmdb'), (77248, 'tvdb'), (278327, 'tvdb'), (284263, 'tvdb'), (370931, 'tvdb'), (335237, 'tvdb'), (80733, 'tvdb'), (79283, 'tvdb'), (369143, 'tvdb'), (320459, 'tvdb'), (305799, 'tvdb'), (71742, 'tvdb'), (356032, 'tvdb'), (109061, 'tvdb'), (72720, 'tvdb'), (315093, 'tvdb'), (42994, 'tmdb'), (13754, 'tmdb'), (79106, 'tvdb'), (409421, 'tmdb'), (289172, 'tvdb'), (81935, 'tvdb'), (18143, 'tmdb'), (385002, 'tvdb'), (396263, 'tmdb'), (369140, 'tvdb'), (81807, 'tvdb'), (121391, 'tvdb'), (15981, 'tmdb'), (14092, 'tmdb'), (339353, 'tvdb'), (79142, 'tvdb'), (262090, 'tvdb'), (342588, 'tmdb'), (278327, 'tvdb'), (21712, 'tmdb'), (335316, 'tvdb'), (25078, 'tmdb'), (83628, 'tvdb'), (79283, 'tvdb'), (79682, 'tvdb'), (38567, 'tmdb'), (391365, 'tvdb'), (83474, 'tvdb'), (78262, 'tvdb'), (342117, 'tvdb'), (357411, 'tmdb'), (279829, 'tvdb'), (259863, 'tvdb'), (79106, 'tvdb'), (317206, 'tvdb'), (356032, 'tvdb'), (370931, 'tvdb'), (219181, 'tvdb'), (82490, 'tvdb'), (334376, 'tmdb'), (357407, 'tmdb'), (72393, 'tvdb'), (293491, 'tvdb'), (402003, 'tvdb'), (84318, 'tvdb'), (75001, 'tvdb'), (18839, 'tmdb'), (344200, 'tvdb'), (27812, 'tmdb'), (40123, 'tmdb'), (74957, 'tvdb'), (332980, 'tvdb'), (79239, 'tvdb'), (85010, 'tvdb'), (79484, 'tvdb'), (317206, 'tvdb'), (79454, 'tvdb'), (62447, 'tmdb'), (83309, 'tvdb'), (320459, 'tvdb'), (370931, 'tvdb'), (72726, 'tvdb'), (80669, 'tvdb'), (62182, 'tmdb'), (73714, 'tmdb'), (83364, 'tvdb'), (259863, 'tvdb'), (81984, 'tvdb'), (75000, 'tvdb'), (593240, 'tmdb'), (278327, 'tvdb'), (74924, 'tvdb'), (79223, 'tvdb'), (36613, 'tmdb'), (16860, 'tmdb'), (408631, 'tvdb'), (81113, 'tvdb'), (71654, 'tvdb'), (112501, 'tvdb'), (73239, 'tvdb'), (262105, 'tvdb'), (82075, 'tvdb'), (79327, 'tvdb'), (119781, 'tvdb'), (87069, 'tmdb'), (51576, 'tmdb'), (39962, 'tmdb'), (36072, 'tmdb'), (84348, 'tvdb'), (73792, 'tmdb'), (72720, 'tvdb'), (87031, 'tvdb'), (60132, 'tmdb'), (91088, 'tmdb'), (139371, 'tvdb'), (283189, 'tvdb'), (112961, 'tvdb'), (256838, 'tmdb'), (54058, 'tmdb'), (50113, 'tmdb'), (88879, 'tmdb'), (211247, 'tmdb'), (147566, 'tmdb'), (89791, 'tvdb'), (175151, 'tvdb'), (250974, 'tvdb'), (61687, 'tmdb'), (84348, 'tvdb'), (238143, 'tmdb'), (261269, 'tmdb'), (73785, 'tmdb')] |
[2022-06-02 15:03:31,823] [builder.py:1284]           [DEBUG]    |                                                                                                    |
[2022-06-02 15:03:31,828] [plex_meta_manager.py:797]  [INFO]     |                                                                                                    |
[2022-06-02 15:03:31,828] [plex_meta_manager.py:798]  [INFO]     | Collection Minimum: 1 not met for Psychological Anime Collection                                   |
[2022-06-02 15:03:31,828] [builder.py:1929]           [INFO]     |                                                                                                    |
[2022-06-02 15:03:31,829] [util.py:216]               [INFO]     |============================ Missing Movies from Library: Psychological ============================|
[2022-06-02 15:03:31,829] [builder.py:1931]           [INFO]     |                                                                                                    |
[2022-06-02 15:03:31,830] [builder.py:1943]           [INFO]     | Psychological Collection | ? | Neon Genesis Evangelion: The End of Evangelion (1997) (TMDb: 18491) |
[2022-06-02 15:03:32,312] [builder.py:1943]           [INFO]     | Psychological Collection | ? | Perfect Blue (1997) (TMDb: 10494)                                   |
[2022-06-02 15:03:32,314] [builder.py:1943]           [INFO]     | Psychological Collection | ? | Ghost in the Shell (1995) (TMDb: 9323)                              |
[2022-06-02 15:03:32,315] [builder.py:1943]           [INFO]     | Psychological Collection | ? | Evangelion: 1.0 You Are (Not) Alone (2007) (TMDb: 15137)            |
[2022-06-02 15:03:32,317] [builder.py:1943]           [INFO]     | Psychological Collection | ? | Evangelion: 2.0 You Can (Not) Advance (2009) (TMDb: 22843)          |
[2022-06-02 15:03:33,537] [builder.py:1943]           [INFO]     | Psychological Collection | ? | Paprika (2006) (TMDb: 4977)                                         |
[2022-06-02 15:03:33,539] [builder.py:1943]           [INFO]     | Psychological Collection | ? | Evangelion: 3.0 You Can (Not) Redo (2012) (TMDb: 75629)             |
[2022-06-02 15:03:33,541] [builder.py:1943]           [INFO]     | Psychological Collection | ? | Evangelion: 3.0+1.0 Thrice Upon a Time (2021) (TMDb: 283566)        |
[2022-06-02 15:03:36,282] [builder.py:1943]           [INFO]     | Psychological Collection | ? | When Marnie Was There (2014) (TMDb: 242828)                         |
[2022-06-02 15:03:36,283] [builder.py:1943]           [INFO]     | Psychological Collection | ? | Neon Genesis Evangelion: Death and Rebirth (1997) (TMDb: 21832)     |
[2022-06-02 15:03:36,284] [builder.py:1943]           [INFO]     | Psychological Collection | ? | Jin-Roh: The Wolf Brigade (1999) (TMDb: 823)                        |
[2022-06-02 15:03:36,286] [builder.py:1943]           [INFO]     | Psychological Collection | ? | Ghost in the Shell 2: Innocence (2004) (TMDb: 12140)                |
[2022-06-02 15:03:36,548] [builder.py:1943]           [INFO]     | Psychological Collection | ? | Memories (1995) (TMDb: 42994)                                       |
[2022-06-02 15:03:37,207] [builder.py:1943]           [INFO]     | Psychological Collection | ? | Tekkonkinkreet (2006) (TMDb: 13754)                                 |
[2022-06-02 15:03:37,209] [builder.py:1943]           [INFO]     | Psychological Collection | ? | Blame! (2017) (TMDb: 409421)                                        |
[2022-06-02 15:03:38,522] [builder.py:1943]           [INFO]     | Psychological Collection | ? | She and Her Cat (1999) (TMDb: 18143)                                |
[2022-06-02 15:03:38,523] [builder.py:1943]           [INFO]     | Psychological Collection | ? | Gantz:O (2016) (TMDb: 396263)                                       |
[2022-06-02 15:03:38,809] [builder.py:1943]           [INFO]     | Psychological Collection | ? | Dead Leaves (2004) (TMDb: 15981)                                    |
[2022-06-02 15:03:38,810] [builder.py:1943]           [INFO]     | Psychological Collection | ? | Ghost in the Shell 2.0 (2008) (TMDb: 14092)                         |
[2022-06-02 15:03:39,080] [builder.py:1943]           [INFO]     | Psychological Collection | ? | The Empire of Corpses (2015) (TMDb: 342588)                         |
[2022-06-02 15:03:39,344] [builder.py:1943]           [INFO]     | Psychological Collection | ? | Mind Game (2004) (TMDb: 21712)                                      |
[2022-06-02 15:03:39,617] [builder.py:1943]           [INFO]     | Psychological Collection | ? | Cat Soup (2001) (TMDb: 25078)                                       |
[2022-06-02 15:03:39,880] [builder.py:1943]           [INFO]     | Psychological Collection | ? | xxxHOLiC The Movie: A Midsummer Night's Dream (2005) (TMDb: 38567)  |
[2022-06-02 15:03:40,262] [builder.py:1943]           [INFO]     | Psychological Collection | ? | Harmony (2015) (TMDb: 357411)                                       |
[2022-06-02 15:03:40,263] [builder.py:1943]           [INFO]     | Psychological Collection | ? | Ghost in the Shell: The New Movie (2015) (TMDb: 334376)             |
[2022-06-02 15:03:40,264] [builder.py:1943]           [INFO]     | Psychological Collection | ? | Genocidal Organ (2017) (TMDb: 357407)                               |
[2022-06-02 15:03:40,265] [builder.py:1943]           [INFO]     | Psychological Collection | ? | Ghost in the Shell: Stand Alone Complex - The Laughing Man (2005) (TMDb: 18839) |
[2022-06-02 15:03:40,496] [builder.py:1943]           [INFO]     | Psychological Collection | ? | Kakurenbo: Hide & Seek (2005) (TMDb: 27812)                         |
[2022-06-02 15:03:40,497] [builder.py:1943]           [INFO]     | Psychological Collection | ? | Genius Party (2007) (TMDb: 40123)                                   |
[2022-06-02 15:03:40,747] [builder.py:1943]           [INFO]     | Psychological Collection | ? | Aquatic Language (2002) (TMDb: 62447)                               |
[2022-06-02 15:03:40,748] [builder.py:1943]           [INFO]     | Psychological Collection | ? | Devilman Volume 3: Devilman Apocalypse (2000) (TMDb: 62182)         |
[2022-06-02 15:03:40,985] [builder.py:1943]           [INFO]     | Psychological Collection | ? | Franz Kafka's a Country Doctor (2007) (TMDb: 73714)                 |
[2022-06-02 15:03:41,565] [builder.py:1943]           [INFO]     | Psychological Collection | ? | Human Lost (2019) (TMDb: 593240)                                    |
[2022-06-02 15:03:41,566] [builder.py:1943]           [INFO]     | Psychological Collection | ? | Martian Successor Nadesico: The Motion Picture - Prince of Darkness (1998) (TMDb: 36613) |
[2022-06-02 15:03:41,566] [builder.py:1943]           [INFO]     | Psychological Collection | ? | RahXephon: Pluralitas Concentio (2003) (TMDb: 16860)                |
[2022-06-02 15:03:41,831] [builder.py:1943]           [INFO]     | Psychological Collection | ? | Ichi the Killer: Episode 0 (2002) (TMDb: 87069)                     |
[2022-06-02 15:03:42,093] [builder.py:1943]           [INFO]     | Psychological Collection | ? | Darkside Blues (1994) (TMDb: 51576)                                 |
[2022-06-02 15:03:42,338] [builder.py:1943]           [INFO]     | Psychological Collection | ? | Tamala 2010: A Punk Cat in Space (2002) (TMDb: 39962)               |
[2022-06-02 15:03:42,722] [builder.py:1943]           [INFO]     | Psychological Collection | ? | Mount Head (2002) (TMDb: 36072)                                     |
[2022-06-02 15:03:42,723] [builder.py:1943]           [INFO]     | Psychological Collection | ? | Digital Devil Story - Megami Tensei (1987) (TMDb: 73792)            |
[2022-06-02 15:03:42,981] [builder.py:1943]           [INFO]     | Psychological Collection | ? | The Rebirth of Buddha (2009) (TMDb: 60132)                          |
[2022-06-02 15:03:43,217] [builder.py:1943]           [INFO]     | Psychological Collection | ? | The King of Pigs (2011) (TMDb: 91088)                               |
[2022-06-02 15:03:43,473] [builder.py:1943]           [INFO]     | Psychological Collection | ? | The Star of Cottonland (1984) (TMDb: 256838)                        |
[2022-06-02 15:03:44,741] [builder.py:1943]           [INFO]     | Psychological Collection | ? | The Night of Taneyamagahara (2006) (TMDb: 54058)                    |
[2022-06-02 15:03:45,238] [builder.py:1943]           [INFO]     | Psychological Collection | ? | Malice@Doll (2001) (TMDb: 50113)                                    |
[2022-06-02 15:03:45,594] [builder.py:1943]           [INFO]     | Psychological Collection | ? | Psycho Diver: Soul Siren (1997) (TMDb: 88879)                       |
[2022-06-02 15:03:45,872] [builder.py:1943]           [INFO]     | Psychological Collection | ? | The Fake (2013) (TMDb: 211247)                                      |
[2022-06-02 15:03:46,427] [builder.py:1943]           [INFO]     | Psychological Collection | ? | Love (1964) (TMDb: 147566)                                          |
[2022-06-02 15:03:46,734] [builder.py:1943]           [INFO]     | Psychological Collection | ? | A Poet's Life (1974) (TMDb: 61687)                                  |
[2022-06-02 15:03:47,087] [builder.py:1943]           [INFO]     | Psychological Collection | ? | The Trip (1973) (TMDb: 238143)                                      |
[2022-06-02 15:03:47,360] [builder.py:1943]           [INFO]     | Psychological Collection | ? | Anthropo-Cynical Farce (1970) (TMDb: 261269)                        |
[2022-06-02 15:03:47,650] [builder.py:1943]           [INFO]     | Psychological Collection | ? | If You Were Me: Anima Vision 2 (2008) (TMDb: 73785)                 |
[2022-06-02 15:03:47,651] [builder.py:1947]           [INFO]     |                                                                                                    |
[2022-06-02 15:03:47,651] [builder.py:1948]           [INFO]     | 52 Movies Missing                                                                                  |
[2022-06-02 15:03:47,758] [builder.py:1969]           [INFO]     |                                                                                                    |
[2022-06-02 15:03:47,758] [util.py:216]               [INFO]     |============================ Missing Shows from Library: Psychological =============================|
[2022-06-02 15:03:47,758] [builder.py:1971]           [INFO]     |                                                                                                    |
[2022-06-02 15:03:48,267] [builder.py:1982]           [INFO]     | Psychological Collection | ? | Death Note (TVDB: 79481)                                            |
[2022-06-02 15:03:49,062] [builder.py:1982]           [INFO]     | Psychological Collection | ? | Tokyo Ghoul (TVDB: 281249)                                          |
[2022-06-02 15:03:49,544] [builder.py:1982]           [INFO]     | Psychological Collection | ? | Steins;Gate (TVDB: 244061)                                          |
[2022-06-02 15:03:50,177] [builder.py:1982]           [INFO]     | Psychological Collection | ? | Re: ZERO, Starting Life in Another World (TVDB: 305089)             |
[2022-06-02 15:03:50,827] [builder.py:1982]           [INFO]     | Psychological Collection | ? | The Future Diary (TVDB: 249827)                                     |
[2022-06-02 15:03:52,157] [builder.py:1982]           [INFO]     | Psychological Collection | ? | Erased (TVDB: 303071)                                               |
[2022-06-02 15:03:52,620] [builder.py:1982]           [INFO]     | Psychological Collection | ? | The Promised Neverland (TVDB: 348002)                               |
[2022-06-02 15:03:53,047] [builder.py:1982]           [INFO]     | Psychological Collection | ? | Parasyte -the maxim- (TVDB: 279831)                                 |
[2022-06-02 15:03:53,698] [builder.py:1982]           [INFO]     | Psychological Collection | ? | Neon Genesis Evangelion (TVDB: 70350)                               |
[2022-06-02 15:03:54,054] [builder.py:1982]           [INFO]     | Psychological Collection | ? | Death Parade (TVDB: 289177)                                         |
[2022-06-02 15:03:54,527] [builder.py:1982]           [INFO]     | Psychological Collection | ? | Psycho-Pass (TVDB: 262090)                                          |
[2022-06-02 15:03:55,141] [builder.py:1982]           [INFO]     | Psychological Collection | ? | Kaguya-sama: Love Is War (TVDB: 354198)                             |
[2022-06-02 15:03:56,071] [builder.py:1982]           [INFO]     | Psychological Collection | ? | Elfen Lied (TVDB: 75941)                                            |
[2022-06-02 15:03:57,092] [builder.py:1982]           [INFO]     | Psychological Collection | ? | Kakegurui (TVDB: 327572)                                            |
[2022-06-02 15:03:58,073] [builder.py:1982]           [INFO]     | Psychological Collection | ? | Puella Magi Madoka Magica (TVDB: 219181)                            |
[2022-06-02 15:03:58,555] [builder.py:1982]           [INFO]     | Psychological Collection | ? | Terror in Resonance (TVDB: 279986)                                  |
[2022-06-02 15:03:59,642] [builder.py:1982]           [INFO]     | Psychological Collection | ? | Classroom of the Elite (TVDB: 329822)                               |
[2022-06-02 15:04:00,451] [builder.py:1982]           [INFO]     | Psychological Collection | ? | Monster (TVDB: 74599)                                               |
[2022-06-02 15:04:00,916] [builder.py:1982]           [INFO]     | Psychological Collection | ? | Danganronpa: The Animation (TVDB: 270058)                           |
[2022-06-02 15:04:01,375] [builder.py:1982]           [INFO]     | Psychological Collection | ? | Btooom! (TVDB: 262095)                                              |
[2022-06-02 15:04:02,170] [builder.py:1982]           [INFO]     | Psychological Collection | ? | When They Cry - Higurashi (TVDB: 79682)                             |
[2022-06-02 15:04:02,764] [builder.py:1982]           [INFO]     | Psychological Collection | ? | FLCL (TVDB: 78878)                                                  |
[2022-06-02 15:04:03,370] [builder.py:1982]           [INFO]     | Psychological Collection | ? | Beastars (TVDB: 361013)                                             |
[2022-06-02 15:04:03,726] [builder.py:1982]           [INFO]     | Psychological Collection | ? | From the New World (TVDB: 262838)                                   |
[2022-06-02 15:04:03,992] [builder.py:1982]           [INFO]     | Psychological Collection | ? | Welcome to the N.H.K. (TVDB: 79415)                                 |
[2022-06-02 15:04:18,650] [builder.py:1982]           [INFO]     | Psychological Collection | ? | Serial Experiments Lain (TVDB: 78814)                               |
[2022-06-02 15:04:19,537] [builder.py:1982]           [INFO]     | Psychological Collection | ? | Wonder Egg Priority (TVDB: 390028)                                  |
[2022-06-02 15:04:20,016] [builder.py:1982]           [INFO]     | Psychological Collection | ? | Ergo Proxy (TVDB: 79228)                                            |
[2022-06-02 15:04:22,165] [builder.py:1982]           [INFO]     | Psychological Collection | ? | Angels of Death (TVDB: 344844)                                      |
[2022-06-02 15:04:22,556] [builder.py:1982]           [INFO]     | Psychological Collection | ? | Inuyashiki Last Hero (TVDB: 321209)                                 |
[2022-06-02 15:04:23,188] [builder.py:1982]           [INFO]     | Psychological Collection | ? | Blast of Tempest (TVDB: 262109)                                     |
[2022-06-02 15:04:23,676] [builder.py:1982]           [INFO]     | Psychological Collection | ? | The Fruit of Grisaia (TVDB: 281949)                                 |
[2022-06-02 15:04:24,086] [builder.py:1982]           [INFO]     | Psychological Collection | ? | Shiki (TVDB: 172941)                                                |
[2022-06-02 15:04:24,529] [builder.py:1982]           [INFO]     | Psychological Collection | ? | Great Pretender (TVDB: 376144)                                      |
[2022-06-02 15:04:24,841] [builder.py:1982]           [INFO]     | Psychological Collection | ? | School-Live! (TVDB: 283946)                                         |
[2022-06-02 15:04:25,125] [builder.py:1982]           [INFO]     | Psychological Collection | ? | The Tatami Galaxy (TVDB: 140751)                                    |
[2022-06-02 15:04:25,394] [builder.py:1982]           [INFO]     | Psychological Collection | ? | Paranoia Agent (TVDB: 75092)                                        |
[2022-06-02 15:04:26,203] [builder.py:1982]           [INFO]     | Psychological Collection | ? | Hell Girl (TVDB: 79106)                                             |
[2022-06-02 15:04:26,347] [builder.py:1977]           [ERROR]    | TVDb Error: Could not find a TVDb Series using TVDb Series ID: 393742                              |
[2022-06-02 15:04:26,768] [builder.py:1982]           [INFO]     | Psychological Collection | ? | Moriarty the Patriot (TVDB: 385542)                                 |
[2022-06-02 15:04:27,215] [builder.py:1982]           [INFO]     | Psychological Collection | ? | Kaiji (TVDB: 81234)                                                 |
[2022-06-02 15:04:27,856] [builder.py:1982]           [INFO]     | Psychological Collection | ? | B: The Beginning (TVDB: 339353)                                     |
[2022-06-02 15:04:28,290] [builder.py:1982]           [INFO]     | Psychological Collection | ? | ID: INVADED (TVDB: 370377)                                          |
[2022-06-02 15:04:28,785] [builder.py:1982]           [INFO]     | Psychological Collection | ? | xxxHOLiC (TVDB: 79283)                                              |
[2022-06-02 15:04:29,829] [builder.py:1982]           [INFO]     | Psychological Collection | ? | Danganronpa 3: The End of Hope's Peak Academy Side: Despair (TVDB: 314361) |
[2022-06-02 15:04:32,395] [builder.py:1982]           [INFO]     | Psychological Collection | ? | Penguindrum (TVDB: 250084)                                          |
[2022-06-02 15:04:33,646] [builder.py:1982]           [INFO]     | Psychological Collection | ? | Mononoke (TVDB: 80470)                                              |
[2022-06-02 15:04:34,018] [builder.py:1982]           [INFO]     | Psychological Collection | ? | ChoS;Head (TVDB: 83358)                                            |
[2022-06-02 15:04:34,349] [builder.py:1982]           [INFO]     | Psychological Collection | ? | Kino's Journey (TVDB: 79179)                                        |
[2022-06-02 15:04:34,744] [builder.py:1982]           [INFO]     | Psychological Collection | ? | Talentless Nana (TVDB: 386714)                                      |
[2022-06-02 15:04:35,108] [builder.py:1982]           [INFO]     | Psychological Collection | ? | Happy Sugar Life (TVDB: 347194)                                     |
[2022-06-02 15:04:35,423] [builder.py:1982]           [INFO]     | Psychological Collection | ? | Haibane Renmei (TVDB: 79105)                                        |
[2022-06-02 15:04:35,911] [builder.py:1982]           [INFO]     | Psychological Collection | ? | Higurashi: When They Cry  GOU (TVDB: 385002)                       |
[2022-06-02 15:04:36,206] [builder.py:1982]           [INFO]     | Psychological Collection | ? | Texhnolyze (TVDB: 74493)                                            |
[2022-06-02 15:04:36,817] [builder.py:1982]           [INFO]     | Psychological Collection | ? | One Outs (TVDB: 84616)                                              |
[2022-06-02 15:04:37,516] [builder.py:1982]           [INFO]     | Psychological Collection | ? | Boogiepop and Others (TVDB: 355624)                                 |
[2022-06-02 15:04:37,875] [builder.py:1982]           [INFO]     | Psychological Collection | ? | The Lost Village (TVDB: 305099)                                     |
[2022-06-02 15:04:38,268] [builder.py:1982]           [INFO]     | Psychological Collection | ? | Magical Girl Site (TVDB: 341998)                                    |
[2022-06-02 15:04:38,885] [builder.py:1982]           [INFO]     | Psychological Collection | ? | Umineko: When They Cry (TVDB: 101981)                               |
[2022-06-02 15:04:39,242] [builder.py:1982]           [INFO]     | Psychological Collection | ? | Blue Literature (TVDB: 119781)                                      |
[2022-06-02 15:04:39,927] [builder.py:1982]           [INFO]     | Psychological Collection | ? | Flowers of Evil (TVDB: 267810)                                      |
[2022-06-02 15:04:40,389] [builder.py:1982]           [INFO]     | Psychological Collection | ? | Revolutionary Girl Utena (TVDB: 79449)                              |
[2022-06-02 15:04:40,735] [builder.py:1982]           [INFO]     | Psychological Collection | ? | Pupa (TVDB: 272130)                                                 |
[2022-06-02 15:04:41,134] [builder.py:1982]           [INFO]     | Psychological Collection | ? | Bokurano (TVDB: 80111)                                              |
[2022-06-02 15:04:42,114] [builder.py:1982]           [INFO]     | Psychological Collection | ? | Kokkoku (TVDB: 336480)                                              |
[2022-06-02 15:04:42,592] [builder.py:1982]           [INFO]     | Psychological Collection | ? | The Perfect Insider (TVDB: 296072)                                  |
[2022-06-02 15:04:42,991] [builder.py:1982]           [INFO]     | Psychological Collection | ? | DRAMAtical Murder (TVDB: 279983)                                    |
[2022-06-02 15:04:43,416] [builder.py:1982]           [INFO]     | Psychological Collection | ? | Tomodachi Game (TVDB: 412031)                                       |
[2022-06-02 15:04:44,024] [builder.py:1982]           [INFO]     | Psychological Collection | ? | Casshern Sins (TVDB: 83316)                                         |
[2022-06-02 15:04:44,326] [builder.py:1982]           [INFO]     | Psychological Collection | ? | Vision of Escaflowne (TVDB: 77248)                                  |
[2022-06-02 15:04:44,695] [builder.py:1982]           [INFO]     | Psychological Collection | ? | Selector Infected Wixoss (TVDB: 278327)                             |
[2022-06-02 15:04:45,231] [builder.py:1982]           [INFO]     | Psychological Collection | ? | Yuki Yuna Is a Hero (TVDB: 284263)                                  |
[2022-06-02 15:04:45,620] [builder.py:1982]           [INFO]     | Psychological Collection | ? | Magia Record: Puella Magi Madoka Magica Side Story (TVDB: 370931)   |
[2022-06-02 15:04:45,877] [builder.py:1982]           [INFO]     | Psychological Collection | ? | Junji Ito Collection (TVDB: 335237)                                 |
[2022-06-02 15:04:46,177] [builder.py:1982]           [INFO]     | Psychological Collection | ? | Ghost Hound (TVDB: 80733)                                           |
[2022-06-02 15:04:46,486] [builder.py:1982]           [INFO]     | Psychological Collection | ? | Babylon (2019) (TVDB: 369143)                                       |
[2022-06-02 15:04:46,836] [builder.py:1982]           [INFO]     | Psychological Collection | ? | ChoS;Child (TVDB: 320459)                                          |
[2022-06-02 15:04:47,157] [builder.py:1982]           [INFO]     | Psychological Collection | ? | She and Her Cat: Everything Flows (TVDB: 305799)                    |
[2022-06-02 15:04:47,449] [builder.py:1982]           [INFO]     | Psychological Collection | ? | Boogiepop Phantom (TVDB: 71742)                                     |
[2022-06-02 15:04:47,801] [builder.py:1982]           [INFO]     | Psychological Collection | ? | 7Seeds (TVDB: 356032)                                               |
[2022-06-02 15:04:48,533] [builder.py:1982]           [INFO]     | Psychological Collection | ? | Shigurui: Death Frenzy (TVDB: 109061)                               |
[2022-06-02 15:04:49,114] [builder.py:1982]           [INFO]     | Psychological Collection | ? | RahXephon (TVDB: 72720)                                             |
[2022-06-02 15:04:49,786] [builder.py:1982]           [INFO]     | Psychological Collection | ? | Trickster (TVDB: 315093)                                            |
[2022-06-02 15:04:50,371] [builder.py:1982]           [INFO]     | Psychological Collection | ? | Yuri Kuma Arashi (TVDB: 289172)                                     |
[2022-06-02 15:04:51,031] [builder.py:1982]           [INFO]     | Psychological Collection | ? | Akagi (TVDB: 81935)                                                 |
[2022-06-02 15:04:51,760] [builder.py:1982]           [INFO]     | Psychological Collection | ? | pet (TVDB: 369140)                                                  |
[2022-06-02 15:04:52,120] [builder.py:1982]           [INFO]     | Psychological Collection | ? | Shigofumi - Letters from the Departed (TVDB: 81807)                 |
[2022-06-02 15:04:52,507] [builder.py:1982]           [INFO]     | Psychological Collection | ? | Welcome to Irabu's Office (TVDB: 121391)                            |
[2022-06-02 15:04:52,899] [builder.py:1982]           [INFO]     | Psychological Collection | ? | Koi Kaze (TVDB: 79142)                                              |
[2022-06-02 15:04:53,227] [builder.py:1982]           [INFO]     | Psychological Collection | ? | Evil or Live (TVDB: 335316)                                         |
[2022-06-02 15:04:53,815] [builder.py:1982]           [INFO]     | Psychological Collection | ? | Le Portrait de Petit Cossette (TVDB: 83628)                         |
[2022-06-02 15:04:54,486] [builder.py:1982]           [INFO]     | Psychological Collection | ? | Dr. Ramune: Mysterious Disease Specialist (TVDB: 391365)            |
[2022-06-02 15:04:54,817] [builder.py:1982]           [INFO]     | Psychological Collection | ? | Mouryou no Hako (TVDB: 83474)                                       |
[2022-06-02 15:04:55,146] [builder.py:1982]           [INFO]     | Psychological Collection | ? | Ceres: Celestial Legend (TVDB: 78262)                               |
[2022-06-02 15:04:55,834] [builder.py:1982]           [INFO]     | Psychological Collection | ? | DOREIKU The Animation (TVDB: 342117)                                |
[2022-06-02 15:04:56,113] [builder.py:1982]           [INFO]     | Psychological Collection | ? | M3: The Dark Metal (TVDB: 279829)                                   |
[2022-06-02 15:04:56,448] [builder.py:1982]           [INFO]     | Psychological Collection | ? | Anime Mirai (TVDB: 259863)                                          |
[2022-06-02 15:04:56,822] [builder.py:1982]           [INFO]     | Psychological Collection | ? | Lostorage incited WIXOSS (TVDB: 317206)                             |
[2022-06-02 15:04:57,850] [builder.py:1982]           [INFO]     | Psychological Collection | ? | Momo, Girl God of Death - Ballad of a Shinigami (TVDB: 82490)       |
[2022-06-02 15:04:58,207] [builder.py:1982]           [INFO]     | Psychological Collection | ? | Infinite Ryvius (TVDB: 72393)                                       |
[2022-06-02 15:04:59,270] [builder.py:1982]           [INFO]     | Psychological Collection | ? | Ghost in the Shell: Arise - Alternative Architecture (TVDB: 293491) |
[2022-06-02 15:04:59,743] [builder.py:1982]           [INFO]     | Psychological Collection | ? | Night Head 2041 (TVDB: 402003)                                      |
[2022-06-02 15:05:00,051] [builder.py:1982]           [INFO]     | Psychological Collection | ? | Brother, Dear Brother (TVDB: 84318)                                 |
[2022-06-02 15:05:00,688] [builder.py:1982]           [INFO]     | Psychological Collection | ? | Madlax (TVDB: 75001)                                                |
[2022-06-02 15:05:01,349] [builder.py:1982]           [INFO]     | Psychological Collection | ? | Mr. TONEGAWA Middle Management Blues (TVDB: 344200)                 |
[2022-06-02 15:05:01,974] [builder.py:1982]           [INFO]     | Psychological Collection | ? | Requiem from the Darkness (TVDB: 74957)                             |
[2022-06-02 15:05:02,552] [builder.py:1982]           [INFO]     | Psychological Collection | ? | Urahara (TVDB: 332980)                                              |
[2022-06-02 15:05:03,221] [builder.py:1982]           [INFO]     | Psychological Collection | ? | Alien Nine (TVDB: 79239)                                            |
[2022-06-02 15:05:03,850] [builder.py:1982]           [INFO]     | Psychological Collection | ? | Genocyber (TVDB: 85010)                                             |
[2022-06-02 15:05:04,115] [builder.py:1982]           [INFO]     | Psychological Collection | ? | Night Head Genesis (TVDB: 79484)                                    |
[2022-06-02 15:05:04,411] [builder.py:1982]           [INFO]     | Psychological Collection | ? | Uta Kata (TVDB: 79454)                                              |
[2022-06-02 15:05:05,982] [builder.py:1982]           [INFO]     | Psychological Collection | ? | Devil Lady (TVDB: 83309)                                            |
[2022-06-02 15:05:06,264] [builder.py:1982]           [INFO]     | Psychological Collection | ? | Gasaraki (TVDB: 72726)                                              |
[2022-06-02 15:05:06,493] [builder.py:1982]           [INFO]     | Psychological Collection | ? | Key the Metal Idol (TVDB: 80669)                                    |
[2022-06-02 15:05:06,789] [builder.py:1982]           [INFO]     | Psychological Collection | ? | Tytania (TVDB: 83364)                                               |
[2022-06-02 15:05:07,057] [builder.py:1982]           [INFO]     | Psychological Collection | ? | Top Secret: The Revelation (TVDB: 81984)                            |
[2022-06-02 15:05:07,340] [builder.py:1982]           [INFO]     | Psychological Collection | ? | The Melody of Oblivion (TVDB: 75000)                                |
[2022-06-02 15:05:07,652] [builder.py:1982]           [INFO]     | Psychological Collection | ? | Yukikaze (TVDB: 74924)                                              |
[2022-06-02 15:05:07,980] [builder.py:1982]           [INFO]     | Psychological Collection | ? | AD Police (TVDB: 79223)                                             |
[2022-06-02 15:05:08,264] [builder.py:1982]           [INFO]     | Psychological Collection | ? | Tatami Time Machine Blues (TVDB: 408631)                            |
[2022-06-02 15:05:08,639] [builder.py:1982]           [INFO]     | Psychological Collection | ? | Daphne in the Brilliant Blue (TVDB: 81113)                          |
[2022-06-02 15:05:08,933] [builder.py:1982]           [INFO]     | Psychological Collection | ? | Betterman (TVDB: 71654)                                             |
[2022-06-02 15:05:09,300] [builder.py:1982]           [INFO]     | Psychological Collection | ? | Getter Robo: Armageddon (TVDB: 112501)                              |
[2022-06-02 15:05:09,604] [builder.py:1982]           [INFO]     | Psychological Collection | ? | Jing: King of Bandits (TVDB: 73239)                                 |
[2022-06-02 15:05:09,905] [builder.py:1982]           [INFO]     | Psychological Collection | ? | Lychee Light Club (TVDB: 262105)                                    |
[2022-06-02 15:05:10,197] [builder.py:1982]           [INFO]     | Psychological Collection | ? | Yugo the Negotiator (TVDB: 82075)                                   |
[2022-06-02 15:05:10,588] [builder.py:1982]           [INFO]     | Psychological Collection | ? | Mobile Suit Gundam Wing (TVDB: 79327)                               |
[2022-06-02 15:05:11,009] [builder.py:1982]           [INFO]     | Psychological Collection | ? | Gosenzo-sama Banbanzai! (TVDB: 84348)                               |
[2022-06-02 15:05:11,311] [builder.py:1982]           [INFO]     | Psychological Collection | ? | Twilight Q (TVDB: 87031)                                            |
[2022-06-02 15:05:11,865] [builder.py:1982]           [INFO]     | Psychological Collection | ? | Digital Juice (TVDB: 139371)                                        |
[2022-06-02 15:05:12,607] [builder.py:1982]           [INFO]     | Psychological Collection | ? | Laughing Salesman (TVDB: 283189)                                    |
[2022-06-02 15:05:13,025] [builder.py:1982]           [INFO]     | Psychological Collection | ? | Hades Project Zeorymer (TVDB: 112961)                               |
[2022-06-02 15:05:13,328] [builder.py:1982]           [INFO]     | Psychological Collection | ? | St. Luminous Mission High School (TVDB: 89791)                      |
[2022-06-02 15:05:13,641] [builder.py:1982]           [INFO]     | Psychological Collection | ? | Devadasy (TVDB: 175151)                                             |
[2022-06-02 15:05:13,972] [builder.py:1982]           [INFO]     | Psychological Collection | ? | Dark Myth (TVDB: 250974)                                            |
[2022-06-02 15:05:13,973] [builder.py:1986]           [INFO]     |                                                                                                    |
[2022-06-02 15:05:13,973] [builder.py:1987]           [INFO]     | 134 Shows Missing                                                                                  |
[2022-06-02 15:05:14,086] [plex_meta_manager.py:843]  [INFO]     |                                                                                                    |
[2022-06-02 15:05:14,087] [util.py:216]               [INFO]     |========================================== No Items Found ==========================================|
[2022-06-02 15:05:14,087] [plex_meta_manager.py:880]  [INFO]     |                                                                                                    |
[2022-06-02 15:05:14,088] [util.py:209]               [INFO]     |====================================================================================================|
[2022-06-02 15:05:14,088] [util.py:216]               [INFO]     |                              Finished Psychological Anime Collection                               |
[2022-06-02 15:05:14,088] [util.py:216]               [INFO]     |                                    Collection Run Time: 0:01:56                                    |
[2022-06-02 15:05:14,089] [util.py:220]               [INFO]     |====================================================================================================|
