[2022-01-16 14:55:39,687] [util.py:209]               [INFO]     |====================================================================================================|
[2022-01-16 14:55:39,688] [util.py:216]               [INFO]     |                                Robin Williams Collection in Movies                                 |
[2022-01-16 14:55:39,688] [util.py:220]               [INFO]     |====================================================================================================|
[2022-01-16 14:55:39,689] [plex_meta_manager.py:750]  [INFO]     |                                                                                                    |
[2022-01-16 14:55:39,689] [util.py:216]               [INFO]     |=============================== Validating Robin Williams Attributes ===============================|
[2022-01-16 14:55:39,690] [builder.py:265]            [DEBUG]    |                                                                                                    |
[2022-01-16 14:55:39,690] [builder.py:266]            [DEBUG]    | Validating Method: template                                                                        |
[2022-01-16 14:55:39,691] [meta.py:83]                [DEBUG]    | Value: ordereddict([('name', 'people'), ('person', 2157)])                                         |
[2022-01-16 14:55:39,691] [builder.py:367]            [DEBUG]    |                                                                                                    |
[2022-01-16 14:55:39,691] [builder.py:368]            [DEBUG]    | Validating Method: tmdb_person                                                                     |
[2022-01-16 14:55:39,691] [builder.py:372]            [DEBUG]    | Value: 2157                                                                                        |
[2022-01-16 14:55:39,830] [builder.py:453]            [DEBUG]    |                                                                                                    |
[2022-01-16 14:55:39,830] [builder.py:454]            [DEBUG]    | Validating Method: collection_order                                                                |
[2022-01-16 14:55:39,831] [builder.py:455]            [DEBUG]    | Value: release                                                                                     |
[2022-01-16 14:55:39,831] [builder.py:472]            [DEBUG]    |                                                                                                    |
[2022-01-16 14:55:39,831] [builder.py:473]            [DEBUG]    | Validating Method: actor                                                                           |
[2022-01-16 14:55:39,831] [builder.py:474]            [DEBUG]    | Value: tmdb                                                                                        |
[2022-01-16 14:55:39,871] [builder.py:472]            [DEBUG]    |                                                                                                    |
[2022-01-16 14:55:39,872] [builder.py:473]            [DEBUG]    | Validating Method: sort_title                                                                      |
[2022-01-16 14:55:39,872] [builder.py:474]            [DEBUG]    | Value: ++_Robin Williams                                                                           |
[2022-01-16 14:55:39,876] [plex.py:685]               [DEBUG]    | Looking for: Robin Williams                                                                        |
[2022-01-16 14:55:39,877] [builder.py:619]            [INFO]     |                                                                                                    |
[2022-01-16 14:55:39,877] [builder.py:620]            [INFO]     | Validation Successful                                                                              |
[2022-01-16 14:55:39,878] [plex_meta_manager.py:758]  [INFO]     |                                                                                                    |
[2022-01-16 14:55:39,878] [util.py:216]               [INFO]     |================================ Running Robin Williams Collection =================================|
[2022-01-16 14:55:39,879] [plex_meta_manager.py:773]  [INFO]     |                                                                                                    |
[2022-01-16 14:55:39,879] [plex_meta_manager.py:774]  [INFO]     | Sync Mode: append                                                                                  |
[2022-01-16 14:55:39,880] [builder.py:1275]           [DEBUG]    |                                                                                                    |
[2022-01-16 14:55:39,880] [builder.py:1276]           [DEBUG]    | Builder: plex_search: (1, 'Plex Movie Search\nSort By: title.asc\nFilter:\n  Match any of the following:\n    Actor is Robin Williams', '?type=1&sort=titleSort&push=1&actor=23846&pop=1') |
[2022-01-16 14:55:39,881] [builder.py:1277]           [INFO]     |                                                                                                    |
[2022-01-16 14:55:39,881] [util.py:161]               [INFO]     | Plex Movie Search                                                                                  |
[2022-01-16 14:55:39,881] [util.py:161]               [INFO]     | Sort By: title.asc                                                                                 |
[2022-01-16 14:55:39,882] [util.py:161]               [INFO]     | Filter:                                                                                            |
[2022-01-16 14:55:39,882] [util.py:161]               [INFO]     |   Match any of the following:                                                                      |
[2022-01-16 14:55:39,882] [util.py:161]               [INFO]     |     Actor is Robin Williams                                                                        |
[2022-01-16 14:55:39,894] [plex.py:746]               [DEBUG]    |                                                                                                    |
[2022-01-16 14:55:39,894] [plex.py:747]               [DEBUG]    | 2 Keys Found: [(32640, 'ratingKey'), (32353, 'ratingKey')]                                         |
[2022-01-16 14:55:39,895] [builder.py:1282]           [DEBUG]    |                                                                                                    |
[2022-01-16 14:55:39,895] [builder.py:1283]           [DEBUG]    | 2 IDs Found: [(32640, 'ratingKey'), (32353, 'ratingKey')]                                          |
[2022-01-16 14:55:39,895] [builder.py:1284]           [DEBUG]    |                                                                                                    |
[2022-01-16 14:55:39,946] [builder.py:1697]           [INFO]     |                                                                                                    |
[2022-01-16 14:55:39,946] [util.py:216]               [INFO]     |=============================== Adding to Robin Williams Collection ================================|
[2022-01-16 14:55:39,947] [builder.py:1699]           [INFO]     |                                                                                                    |
[2022-01-16 14:55:39,948] [builder.py:1709]           [INFO]     | 1/2 | Robin Williams Collection | + | Hook (1991)                                                  |
[2022-01-16 14:55:40,073] [builder.py:1709]           [INFO]     | 2/2 | Robin Williams Collection | + | Insomnia (2002)                                              |
[2022-01-16 14:55:40,235] [builder.py:1734]           [INFO]     |                                                                                                    |
[2022-01-16 14:55:40,235] [builder.py:1735]           [INFO]     | 2 Movies Processed                                                                                 |
[2022-01-16 14:55:40,240] [builder.py:2147]           [INFO]     |                                                                                                    |
[2022-01-16 14:55:40,241] [util.py:216]               [INFO]     |========================== Updating Details of Robin Williams Collection ===========================|
[2022-01-16 14:55:40,241] [builder.py:2149]           [INFO]     |                                                                                                    |
[2022-01-16 14:55:40,242] [builder.py:2156]           [INFO]     | Detail: tmdb_person updated Collection Summary                                                     |
[2022-01-16 14:55:40,242] [builder.py:2193]           [INFO]     | Detail: sort_title updated Collection Sort Title to ++_Robin Williams                              |
[2022-01-16 14:55:40,242] [builder.py:2235]           [DEBUG]    | {'summary.value': 'Robin McLaurin Williams (July 21, 1951 – August 11, 2014) was an  American actor and stand-up comedian. Rising to fame with his role as  the alien Mork in the TV series Mork & Mindy  (1978–1982), Williams  went on to establish a successful career in both  stand-up comedy and  feature film acting. His film career included such  acclaimed films as  "The World According to Garp" (1982), Good Morning, Vietnam (1987), Dead  Poets Society (1989), Awakenings (1990), The Fisher King (1991), and  Good Will Hunting (1997), as well as financial successes such as Popeye  (1980), Hook (1991), Aladdin (1992), Mrs. Doubtfire (1993), Jumanji  (1995), The Birdcage (1996), Night at the Museum (2006), and Happy Feet  (2006).\n\nHe also appeared in the video "Don\'t Worry, Be Happy" by Bobby  McFerrin.  Nominated for the Academy Award for Best Actor three times, Williams  received the Academy Award for Best Supporting Actor for his performance  in Good Will Hunting (1997). He also received two Emmy Awards, four  Golden Globe Awards, two Screen Actors Guild Awards and five Grammy  Awards.\n\nOn August 11, 2014, Williams was found unconscious at his residence and  was pronounced dead at the scene. The Marin County, California,  coroner\'s office said they believe the cause of death was asphyxiation.', 'summary.locked': 1, 'titleSort.value': '++_Robin Williams', 'titleSort.locked': 1} |
[2022-01-16 14:55:40,258] [builder.py:2237]           [INFO]     | Details: have been updated                                                                         |
[2022-01-16 14:55:40,259] [builder.py:2258]           [DEBUG]    | 1 posters found:                                                                                   |
[2022-01-16 14:55:40,259] [builder.py:2260]           [DEBUG]    | Method: tmdb_person Poster: https://image.tmdb.org/t/p/original/iYdeP6K0qz44Wg2Nw9LPJGMBkQ5.jpg    |
[2022-01-16 14:55:40,259] [builder.py:2327]           [INFO]     | No background collection detail or asset folder found                                              |
[2022-01-16 14:55:40,298] [library.py:145]            [INFO]     | Detail: tmdb_person updated poster to [URL] https://image.tmdb.org/t/p/original/iYdeP6K0qz44Wg2Nw9LPJGMBkQ5.jpg |
[2022-01-16 14:55:40,448] [plex_meta_manager.py:880]  [INFO]     |                                                                                                    |
[2022-01-16 14:55:40,449] [util.py:209]               [INFO]     |====================================================================================================|
[2022-01-16 14:55:40,449] [util.py:216]               [INFO]     |                                 Finished Robin Williams Collection                                 |
[2022-01-16 14:55:40,450] [util.py:216]               [INFO]     |                                    Collection Run Time: 0:00:00                                    |
[2022-01-16 14:55:40,450] [util.py:220]               [INFO]     |====================================================================================================|
