[2022-11-06 11:54:36,649] [plex_meta_manager.py:216]  [INFO]     |                                                                                                    |
[2022-11-06 11:54:36,650] [util.py:209]               [INFO]     |====================================================================================================|
[2022-11-06 11:54:36,650] [util.py:216]               [INFO]     |                                          TV Shows Library                                          |
[2022-11-06 11:54:36,650] [util.py:220]               [INFO]     |====================================================================================================|
[2022-11-06 11:54:36,650] [plex_meta_manager.py:222]  [DEBUG]    |                                                                                                    |
[2022-11-06 11:54:36,651] [plex_meta_manager.py:223]  [DEBUG]    | Mapping Name: TV Shows                                                                             |
[2022-11-06 11:54:36,651] [plex_meta_manager.py:224]  [DEBUG]    | Folder Name: TV Shows                                                                              |
[2022-11-06 11:54:36,651] [plex_meta_manager.py:225]  [DEBUG]    | Missing Path: C:\Plex-Stack\Plex-Meta-Manager\config\TV Shows_missing.yml                          |
[2022-11-06 11:54:36,651] [plex_meta_manager.py:227]  [DEBUG]    | Asset Directory: config/assets                                                                     |
[2022-11-06 11:54:36,652] [plex_meta_manager.py:228]  [DEBUG]    | Asset Folders: False                                                                               |
[2022-11-06 11:54:36,652] [plex_meta_manager.py:229]  [DEBUG]    | Create Asset Folders: False                                                                        |
[2022-11-06 11:54:36,652] [plex_meta_manager.py:230]  [DEBUG]    | Download URL Assets: False                                                                         |
[2022-11-06 11:54:36,652] [plex_meta_manager.py:231]  [DEBUG]    | Sync Mode: append                                                                                  |
[2022-11-06 11:54:36,652] [plex_meta_manager.py:232]  [DEBUG]    | Collection Minimum: 1                                                                              |
[2022-11-06 11:54:36,653] [plex_meta_manager.py:233]  [DEBUG]    | Delete Below Minimum: True                                                                         |
[2022-11-06 11:54:36,653] [plex_meta_manager.py:234]  [DEBUG]    | Delete Not Scheduled: False                                                                        |
[2022-11-06 11:54:36,653] [plex_meta_manager.py:235]  [DEBUG]    | Default Collection Order: release                                                                  |
[2022-11-06 11:54:36,653] [plex_meta_manager.py:236]  [DEBUG]    | Missing Only Released: False                                                                       |
[2022-11-06 11:54:36,653] [plex_meta_manager.py:237]  [DEBUG]    | Only Filter Missing: False                                                                         |
[2022-11-06 11:54:36,654] [plex_meta_manager.py:238]  [DEBUG]    | Show Unmanaged: True                                                                               |
[2022-11-06 11:54:36,654] [plex_meta_manager.py:239]  [DEBUG]    | Show Filtered: False                                                                               |
[2022-11-06 11:54:36,654] [plex_meta_manager.py:240]  [DEBUG]    | Show Missing: True                                                                                 |
[2022-11-06 11:54:36,654] [plex_meta_manager.py:241]  [DEBUG]    | Show Missing Assets: False                                                                         |
[2022-11-06 11:54:36,655] [plex_meta_manager.py:242]  [DEBUG]    | Save Missing: True                                                                                 |
[2022-11-06 11:54:36,655] [plex_meta_manager.py:243]  [DEBUG]    | Clean Bundles: False                                                                               |
[2022-11-06 11:54:36,655] [plex_meta_manager.py:244]  [DEBUG]    | Empty Trash: False                                                                                 |
[2022-11-06 11:54:36,655] [plex_meta_manager.py:245]  [DEBUG]    | Optimize: False                                                                                    |
[2022-11-06 11:54:36,656] [plex_meta_manager.py:246]  [DEBUG]    | Timeout: 60                                                                                        |
[2022-11-06 11:54:36,656] [plex_meta_manager.py:256]  [INFO]     |                                                                                                    |
[2022-11-06 11:54:36,656] [util.py:216]               [INFO]     |===================================== Mapping TV Shows Library =====================================|
[2022-11-06 11:54:36,656] [plex_meta_manager.py:258]  [INFO]     |                                                                                                    |
[2022-11-06 11:54:36,657] [plex.py:456]               [INFO]     | Loading All Shows from Library: TV Shows                                                           |
[2022-11-06 11:54:36,815] [plex.py:465]               [INFO]     | Loaded 100 Shows                                                                                   |
[2022-11-06 11:54:36,815] [library.py:248]            [INFO]     | Mapping Show Library: TV Shows                                                                     |
[2022-11-06 11:54:36,816] [library.py:249]            [INFO]     |                                                                                                    |
[2022-11-06 11:54:36,827] [convert.py:332]            [INFO]     |  Cache  |  ^  | plex://show/5d9c0809ffd9ef001e98b4c5           | TVDb ID: 315178  | IMDb ID: tt4820370  | Channel Zero |
[2022-11-06 11:54:36,840] [convert.py:332]            [INFO]     |  Cache  |  ^  | plex://show/5d9c0838ffd9ef001e98fd77           | TVDb ID: 269613  | IMDb ID: tt2802850  | Fargo |
[2022-11-06 11:54:36,849] [convert.py:332]            [INFO]     |  Cache  |  ^  | plex://show/5ebd396587fb03004011823e           | TVDb ID: 382296  | IMDb ID: tt12355298 | House of Ho |
[2022-11-06 11:54:36,859] [convert.py:332]            [INFO]     |  Cache  |  ^  | plex://show/5d9c09154eefaa001f5e7cd2           | TVDb ID: 367506  | IMDb ID: tt7631058  | The Lord of the Rings: The Rings of Power |
[2022-11-06 11:54:36,872] [convert.py:332]            [INFO]     |  Cache  |  ^  | plex://show/606ef593f7bbab002c3d09f8           | TVDb ID: 390161  | IMDb ID: tt11212276 | The Sex Lives of College Girls |
[2022-11-06 11:54:36,878] [convert.py:332]            [INFO]     |  Cache  |  ^  | plex://show/61a4e7e9816b07cef5e7404d           | TVDb ID: 411597  | IMDb ID: tt16283666 | Single’s Inferno |
[2022-11-06 11:54:36,891] [library.py:263]            [INFO]     |                                                                                                    |
[2022-11-06 11:54:36,891] [library.py:264]            [INFO]     | Processed 100 Shows                                                                                |
[2022-11-06 11:54:36,892] [plex_meta_manager.py:261]  [INFO]     |                                                                                                    |
[2022-11-06 11:54:36,892] [util.py:209]               [INFO]     |====================================================================================================|
[2022-11-06 11:54:36,893] [util.py:216]               [INFO]     |                                       Running Metadata File                                        |
[2022-11-06 11:54:36,893] [util.py:216]               [INFO]     |                                        config/TV_Shows.yml                                         |
[2022-11-06 11:54:36,893] [util.py:220]               [INFO]     |====================================================================================================|
[2022-11-06 11:54:36,894] [plex_meta_manager.py:275]  [INFO]     |                                                                                                    |
[2022-11-06 11:54:36,894] [util.py:209]               [INFO]     |====================================================================================================|
[2022-11-06 11:54:36,894] [util.py:216]               [INFO]     |                                            Collections                                             |
[2022-11-06 11:54:36,895] [util.py:220]               [INFO]     |====================================================================================================|
[2022-11-06 12:56:56,908] [plex_meta_manager.py:261]  [INFO]     |                                                                                                    |
[2022-11-06 12:56:56,909] [util.py:209]               [INFO]     |====================================================================================================|
[2022-11-06 12:56:56,909] [util.py:216]               [INFO]     |                                       Running Metadata File                                        |
[2022-11-06 12:56:56,909] [util.py:216]               [INFO]     |                                        config/Overlays.yml                                         |
[2022-11-06 12:56:56,910] [util.py:220]               [INFO]     |====================================================================================================|
[2022-11-06 12:56:56,910] [plex_meta_manager.py:275]  [INFO]     |                                                                                                    |
[2022-11-06 12:56:56,910] [util.py:209]               [INFO]     |====================================================================================================|
[2022-11-06 12:56:56,911] [util.py:216]               [INFO]     |                                            Collections                                             |
[2022-11-06 12:56:56,911] [util.py:220]               [INFO]     |====================================================================================================|
[2022-11-06 12:56:58,726] [plex_meta_manager.py:423]  [INFO]     |                                                                                                    |
[2022-11-06 12:56:58,726] [util.py:209]               [INFO]     |====================================================================================================|
[2022-11-06 12:56:58,726] [util.py:216]               [INFO]     |                                    TV Shows Library Operations                                     |
[2022-11-06 12:56:58,727] [util.py:220]               [INFO]     |====================================================================================================|
[2022-11-06 12:56:58,727] [plex_meta_manager.py:425]  [INFO]     |                                                                                                    |
[2022-11-06 12:56:58,727] [plex_meta_manager.py:426]  [DEBUG]    | Assets For All: False                                                                              |
[2022-11-06 12:56:58,728] [plex_meta_manager.py:427]  [DEBUG]    | Delete Collections With Less: None                                                                 |
[2022-11-06 12:56:58,728] [plex_meta_manager.py:428]  [DEBUG]    | Delete Unmanaged Collections: False                                                                |
[2022-11-06 12:56:58,728] [plex_meta_manager.py:429]  [DEBUG]    | Mass Genre Update: None                                                                            |
[2022-11-06 12:56:58,728] [plex_meta_manager.py:430]  [DEBUG]    | Mass Audience Rating Update: None                                                                  |
[2022-11-06 12:56:58,729] [plex_meta_manager.py:431]  [DEBUG]    | Mass Critic Rating Update: None                                                                    |
[2022-11-06 12:56:58,729] [plex_meta_manager.py:432]  [DEBUG]    | Mass Trakt Rating Update: False                                                                    |
[2022-11-06 12:56:58,729] [plex_meta_manager.py:433]  [DEBUG]    | Mass Collection Mode Update: None                                                                  |
[2022-11-06 12:56:58,729] [plex_meta_manager.py:434]  [DEBUG]    | Split Duplicates: False                                                                            |
[2022-11-06 12:56:58,730] [plex_meta_manager.py:435]  [DEBUG]    | Radarr Add All Existing: False                                                                     |
[2022-11-06 12:56:58,730] [plex_meta_manager.py:436]  [DEBUG]    | Radarr Remove by Tag: None                                                                         |
[2022-11-06 12:56:58,730] [plex_meta_manager.py:437]  [DEBUG]    | Sonarr Add All Existing: False                                                                     |
[2022-11-06 12:56:58,730] [plex_meta_manager.py:438]  [DEBUG]    | Sonarr Remove by Tag: None                                                                         |
[2022-11-06 12:56:58,730] [plex_meta_manager.py:439]  [DEBUG]    | TMDb Collections: None                                                                             |
[2022-11-06 12:56:58,731] [plex_meta_manager.py:440]  [DEBUG]    | Genre Collections: None                                                                            |
[2022-11-06 12:56:58,731] [plex_meta_manager.py:441]  [DEBUG]    | Genre Mapper: None                                                                                 |
[2022-11-06 12:56:58,731] [plex_meta_manager.py:442]  [DEBUG]    | TMDb Operation: False                                                                              |
[2022-11-06 12:56:58,738] [plex_meta_manager.py:696]  [INFO]     |                                                                                                    |
[2022-11-06 12:56:58,739] [util.py:216]               [INFO]     |=========================== No Unmanaged Collections in TV Shows Library ===========================|
[2022-11-06 12:56:58,739] [plex_meta_manager.py:698]  [INFO]     |                                                                                                    |
