[2022-01-16 14:55:29,172] [util.py:209]               [INFO]     |====================================================================================================|
[2022-01-16 14:55:29,172] [util.py:216]               [INFO]     |                                Natalie Portman Collection in Movies                                |
[2022-01-16 14:55:29,173] [util.py:220]               [INFO]     |====================================================================================================|
[2022-01-16 14:55:29,173] [plex_meta_manager.py:750]  [INFO]     |                                                                                                    |
[2022-01-16 14:55:29,174] [util.py:216]               [INFO]     |============================== Validating Natalie Portman Attributes ===============================|
[2022-01-16 14:55:29,174] [builder.py:265]            [DEBUG]    |                                                                                                    |
[2022-01-16 14:55:29,174] [builder.py:266]            [DEBUG]    | Validating Method: template                                                                        |
[2022-01-16 14:55:29,175] [meta.py:83]                [DEBUG]    | Value: ordereddict([('name', 'people'), ('person', 524)])                                          |
[2022-01-16 14:55:29,175] [builder.py:367]            [DEBUG]    |                                                                                                    |
[2022-01-16 14:55:29,175] [builder.py:368]            [DEBUG]    | Validating Method: tmdb_person                                                                     |
[2022-01-16 14:55:29,175] [builder.py:372]            [DEBUG]    | Value: 524                                                                                         |
[2022-01-16 14:55:29,363] [builder.py:453]            [DEBUG]    |                                                                                                    |
[2022-01-16 14:55:29,364] [builder.py:454]            [DEBUG]    | Validating Method: collection_order                                                                |
[2022-01-16 14:55:29,364] [builder.py:455]            [DEBUG]    | Value: release                                                                                     |
[2022-01-16 14:55:29,364] [builder.py:472]            [DEBUG]    |                                                                                                    |
[2022-01-16 14:55:29,365] [builder.py:473]            [DEBUG]    | Validating Method: actor                                                                           |
[2022-01-16 14:55:29,365] [builder.py:474]            [DEBUG]    | Value: tmdb                                                                                        |
[2022-01-16 14:55:29,399] [builder.py:472]            [DEBUG]    |                                                                                                    |
[2022-01-16 14:55:29,400] [builder.py:473]            [DEBUG]    | Validating Method: sort_title                                                                      |
[2022-01-16 14:55:29,400] [builder.py:474]            [DEBUG]    | Value: ++_Natalie Portman                                                                          |
[2022-01-16 14:55:29,405] [plex.py:685]               [DEBUG]    | Looking for: Natalie Portman                                                                       |
[2022-01-16 14:55:29,405] [builder.py:619]            [INFO]     |                                                                                                    |
[2022-01-16 14:55:29,406] [builder.py:620]            [INFO]     | Validation Successful                                                                              |
[2022-01-16 14:55:29,407] [plex_meta_manager.py:758]  [INFO]     |                                                                                                    |
[2022-01-16 14:55:29,407] [util.py:216]               [INFO]     |================================ Running Natalie Portman Collection ================================|
[2022-01-16 14:55:29,408] [plex_meta_manager.py:773]  [INFO]     |                                                                                                    |
[2022-01-16 14:55:29,408] [plex_meta_manager.py:774]  [INFO]     | Sync Mode: append                                                                                  |
[2022-01-16 14:55:29,409] [builder.py:1275]           [DEBUG]    |                                                                                                    |
[2022-01-16 14:55:29,409] [builder.py:1276]           [DEBUG]    | Builder: plex_search: (1, 'Plex Movie Search\nSort By: title.asc\nFilter:\n  Match any of the following:\n    Actor is Natalie Portman', '?type=1&sort=titleSort&push=1&actor=182&pop=1') |
[2022-01-16 14:55:29,409] [builder.py:1277]           [INFO]     |                                                                                                    |
[2022-01-16 14:55:29,410] [util.py:161]               [INFO]     | Plex Movie Search                                                                                  |
[2022-01-16 14:55:29,410] [util.py:161]               [INFO]     | Sort By: title.asc                                                                                 |
[2022-01-16 14:55:29,410] [util.py:161]               [INFO]     | Filter:                                                                                            |
[2022-01-16 14:55:29,411] [util.py:161]               [INFO]     |   Match any of the following:                                                                      |
[2022-01-16 14:55:29,411] [util.py:161]               [INFO]     |     Actor is Natalie Portman                                                                       |
[2022-01-16 14:55:29,430] [plex.py:746]               [DEBUG]    |                                                                                                    |
[2022-01-16 14:55:29,431] [plex.py:747]               [DEBUG]    | 4 Keys Found: [(31554, 'ratingKey'), (32212, 'ratingKey'), (32171, 'ratingKey'), (32182, 'ratingKey')] |
[2022-01-16 14:55:29,431] [builder.py:1282]           [DEBUG]    |                                                                                                    |
[2022-01-16 14:55:29,432] [builder.py:1283]           [DEBUG]    | 4 IDs Found: [(31554, 'ratingKey'), (32212, 'ratingKey'), (32171, 'ratingKey'), (32182, 'ratingKey')] |
[2022-01-16 14:55:29,432] [builder.py:1284]           [DEBUG]    |                                                                                                    |
[2022-01-16 14:55:29,843] [builder.py:1697]           [INFO]     |                                                                                                    |
[2022-01-16 14:55:29,844] [util.py:216]               [INFO]     |=============================== Adding to Natalie Portman Collection ===============================|
[2022-01-16 14:55:29,844] [builder.py:1699]           [INFO]     |                                                                                                    |
[2022-01-16 14:55:29,845] [builder.py:1709]           [INFO]     | 1/4 | Natalie Portman Collection | + | Annihilation (2018)                                         |
[2022-01-16 14:55:30,033] [builder.py:1709]           [INFO]     | 2/4 | Natalie Portman Collection | + | The Darjeeling Limited (2007)                               |
[2022-01-16 14:55:30,413] [builder.py:1709]           [INFO]     | 3/4 | Natalie Portman Collection | + | Star Wars: Episode I - The Phantom Menace (1999)            |
[2022-01-16 14:55:30,588] [builder.py:1709]           [INFO]     | 4/4 | Natalie Portman Collection | + | Star Wars: Episode II - Attack of the Clones (2002)         |
[2022-01-16 14:55:30,742] [builder.py:1734]           [INFO]     |                                                                                                    |
[2022-01-16 14:55:30,743] [builder.py:1735]           [INFO]     | 4 Movies Processed                                                                                 |
[2022-01-16 14:55:30,748] [builder.py:2147]           [INFO]     |                                                                                                    |
[2022-01-16 14:55:30,748] [util.py:216]               [INFO]     |========================== Updating Details of Natalie Portman Collection ==========================|
[2022-01-16 14:55:30,749] [builder.py:2149]           [INFO]     |                                                                                                    |
[2022-01-16 14:55:30,749] [builder.py:2156]           [INFO]     | Detail: tmdb_person updated Collection Summary                                                     |
[2022-01-16 14:55:30,749] [builder.py:2193]           [INFO]     | Detail: sort_title updated Collection Sort Title to ++_Natalie Portman                             |
[2022-01-16 14:55:30,750] [builder.py:2235]           [DEBUG]    | {'summary.value': "Natalie Portman (born Neta-Lee Hershlag, June 9, 1981) is an actress with dual American and Israeli citizenship. Her first role was in the 1994 action thriller Léon: The Professional, opposite Jean Reno. She was later cast as Padmé Amidala in the Star Wars prequel trilogy (released in 1999, 2002 and 2005).\n\nBorn in Jerusalem to an Israeli father and American mother, Portman grew up in the eastern United States from the age of three. She studied dancing and acting in New York, and starred in Star Wars: Episode I – The Phantom Menace while still at high school on Long Island. In 1999, Portman enrolled at Harvard University to study psychology, alongside her work as an actress; she completed a bachelor's degree in 2003. During her studies she starred in a second Star Wars film and opened in New York City's The Public Theater production of Anton Chekhov's The Seagull in 2001.\n\nPortman won a Golden Globe and was nominated for an Academy Award for starring in the 2004 drama Closer, appeared in Star Wars: Episode III – Revenge of the Sith the following year, and won a Constellation Award for Best Female Performance and the Saturn Award for Best Actress for her starring role in the political thriller V for Vendetta (2006). She played leading roles in the historical dramas Goya's Ghosts (2006) and The Other Boleyn Girl (2008), and also appeared in Thor (2011) and its 2013 sequel. In 2010, Portman starred in the psychological thriller film Black Swan. Her performance received widespread critical acclaim and she earned her first Academy Award for Best Actress, her second Golden Globe Award, the SAG Award, the BAFTA Award and the BFCA Award in 2011. In 2016, she portrayed First Lady Jacqueline Kennedy in the biographical drama Jackie. She was nominated for an Academy Award, a BAFTA Award, a Golden Globe Award, a Screen Actors Guild Award and won the BFCA for Best Actress. In May 2008, Portman served as the youngest member of the 61st Annual Cannes Film Festival jury. The same year she directed a segment of the collective film New York, I Love You. Her first feature film as a director, A Tale of Love and Darkness, was released in 2015.", 'summary.locked': 1, 'titleSort.value': '++_Natalie Portman', 'titleSort.locked': 1} |
[2022-01-16 14:55:30,765] [builder.py:2237]           [INFO]     | Details: have been updated                                                                         |
[2022-01-16 14:55:30,766] [builder.py:2258]           [DEBUG]    | 1 posters found:                                                                                   |
[2022-01-16 14:55:30,767] [builder.py:2260]           [DEBUG]    | Method: tmdb_person Poster: https://image.tmdb.org/t/p/original/wU8RzVFj39YUuKLav9WceDhKzbk.jpg    |
[2022-01-16 14:55:30,767] [builder.py:2327]           [INFO]     | No background collection detail or asset folder found                                              |
[2022-01-16 14:55:30,797] [library.py:145]            [INFO]     | Detail: tmdb_person updated poster to [URL] https://image.tmdb.org/t/p/original/wU8RzVFj39YUuKLav9WceDhKzbk.jpg |
[2022-01-16 14:55:31,124] [plex_meta_manager.py:880]  [INFO]     |                                                                                                    |
[2022-01-16 14:55:31,125] [util.py:209]               [INFO]     |====================================================================================================|
[2022-01-16 14:55:31,125] [util.py:216]               [INFO]     |                                Finished Natalie Portman Collection                                 |
[2022-01-16 14:55:31,126] [util.py:216]               [INFO]     |                                    Collection Run Time: 0:00:01                                    |
[2022-01-16 14:55:31,126] [util.py:220]               [INFO]     |====================================================================================================|
