[2022-11-06 12:56:57,919] [util.py:209]               [INFO]     |====================================================================================================|
[2022-11-06 12:56:57,920] [util.py:216]               [INFO]     |                               4K-HDR Overlay Collection in TV Shows                                |
[2022-11-06 12:56:57,920] [util.py:220]               [INFO]     |====================================================================================================|
[2022-11-06 12:56:57,920] [plex_meta_manager.py:750]  [INFO]     |                                                                                                    |
[2022-11-06 12:56:57,921] [util.py:216]               [INFO]     |=============================== Validating 4K-HDR Overlay Attributes ===============================|
[2022-11-06 12:56:57,921] [builder.py:323]            [DEBUG]    |                                                                                                    |
[2022-11-06 12:56:57,921] [builder.py:324]            [DEBUG]    | Validating Method: build_collection                                                                |
[2022-11-06 12:56:57,922] [builder.py:325]            [DEBUG]    | Value: False                                                                                       |
[2022-11-06 12:56:57,922] [builder.py:472]            [DEBUG]    |                                                                                                    |
[2022-11-06 12:56:57,922] [builder.py:473]            [DEBUG]    | Validating Method: plex_search                                                                     |
[2022-11-06 12:56:57,922] [builder.py:474]            [DEBUG]    | Value: ordereddict([('all', ordereddict([('resolution', '4K'), ('hdr', True)]))])                  |
[2022-11-06 12:56:57,931] [builder.py:472]            [DEBUG]    |                                                                                                    |
[2022-11-06 12:56:57,931] [builder.py:473]            [DEBUG]    | Validating Method: item_overlay                                                                    |
[2022-11-06 12:56:57,932] [builder.py:474]            [DEBUG]    | Value: 4K-HDR                                                                                      |
[2022-11-06 12:56:57,932] [builder.py:472]            [DEBUG]    |                                                                                                    |
[2022-11-06 12:56:57,932] [builder.py:473]            [DEBUG]    | Validating Method: create_asset_folders                                                            |
[2022-11-06 12:56:57,933] [builder.py:474]            [DEBUG]    | Value: False                                                                                       |
[2022-11-06 12:56:57,933] [builder.py:619]            [INFO]     |                                                                                                    |
[2022-11-06 12:56:57,933] [builder.py:620]            [INFO]     | Validation Successful                                                                              |
[2022-11-06 12:56:57,934] [plex_meta_manager.py:758]  [INFO]     |                                                                                                    |
[2022-11-06 12:56:57,934] [util.py:216]               [INFO]     |================================ Running 4K-HDR Overlay Collection =================================|
[2022-11-06 12:56:57,935] [plex_meta_manager.py:773]  [INFO]     |                                                                                                    |
[2022-11-06 12:56:57,935] [plex_meta_manager.py:774]  [INFO]     | Sync Mode: append                                                                                  |
[2022-11-06 12:56:57,935] [builder.py:1275]           [DEBUG]    |                                                                                                    |
[2022-11-06 12:56:57,936] [builder.py:1276]           [DEBUG]    | Builder: plex_search: (2, 'Plex Show Search\nSort By: title.asc\nFilter:\n  Match all of the following:\n    Resolution is 4K\n    HDR is true', '?type=2&sort=titleSort&episode.resolution=4k&and=1&episode.hdr=1') |
[2022-11-06 12:56:57,936] [builder.py:1277]           [INFO]     |                                                                                                    |
[2022-11-06 12:56:57,936] [util.py:161]               [INFO]     | Plex Show Search                                                                                   |
[2022-11-06 12:56:57,937] [util.py:161]               [INFO]     | Sort By: title.asc                                                                                 |
[2022-11-06 12:56:57,937] [util.py:161]               [INFO]     | Filter:                                                                                            |
[2022-11-06 12:56:57,937] [util.py:161]               [INFO]     |   Match all of the following:                                                                      |
[2022-11-06 12:56:57,937] [util.py:161]               [INFO]     |     Resolution is 4K                                                                               |
[2022-11-06 12:56:57,938] [util.py:161]               [INFO]     |     HDR is true                                                                                    |
[2022-11-06 12:56:57,968] [plex.py:748]               [DEBUG]    |                                                                                                    |
[2022-11-06 12:56:57,968] [plex.py:749]               [DEBUG]    | 9 Keys Found: [(111599, 'ratingKey'), (109107, 'ratingKey'), (108967, 'ratingKey'), (107440, 'ratingKey'), (108806, 'ratingKey'), (110850, 'ratingKey'), (108087, 'ratingKey'), (109087, 'ratingKey'), (106649, 'ratingKey')] |
[2022-11-06 12:56:57,969] [builder.py:1282]           [DEBUG]    |                                                                                                    |
[2022-11-06 12:56:57,969] [builder.py:1283]           [DEBUG]    | 9 IDs Found: [(111599, 'ratingKey'), (109107, 'ratingKey'), (108967, 'ratingKey'), (107440, 'ratingKey'), (108806, 'ratingKey'), (110850, 'ratingKey'), (108087, 'ratingKey'), (109087, 'ratingKey'), (106649, 'ratingKey')] |
[2022-11-06 12:56:57,969] [builder.py:1284]           [DEBUG]    |                                                                                                    |
[2022-11-06 12:56:58,108] [builder.py:2015]           [INFO]     |                                                                                                    |
[2022-11-06 12:56:58,108] [util.py:216]               [INFO]     |============================ Items Found for 4K-HDR Overlay Collection =============================|
[2022-11-06 12:56:58,109] [builder.py:2017]           [INFO]     |                                                                                                    |
[2022-11-06 12:56:58,109] [builder.py:2023]           [INFO]     |                                                                                                    |
[2022-11-06 12:56:58,109] [util.py:216]               [INFO]     |==================== Updating Details of the Items in 4K-HDR Overlay Collection ====================|
[2022-11-06 12:56:58,109] [builder.py:2025]           [INFO]     |                                                                                                    |
[2022-11-06 12:56:58,169] [builder.py:2067]           [ERROR]    | Overlay Error: Poster already has an existing Overlay: 4K Overlay                                  |
[2022-11-06 12:56:58,274] [builder.py:2067]           [ERROR]    | Overlay Error: Poster already has an existing Overlay: 4K Overlay                                  |
[2022-11-06 12:56:58,688] [builder.py:2067]           [ERROR]    | Overlay Error: Poster already has an existing Overlay: 4K Overlay                                  |
[2022-11-06 12:56:58,723] [plex_meta_manager.py:880]  [INFO]     |                                                                                                    |
[2022-11-06 12:56:58,724] [util.py:209]               [INFO]     |====================================================================================================|
[2022-11-06 12:56:58,724] [util.py:216]               [INFO]     |                                 Finished 4K-HDR Overlay Collection                                 |
[2022-11-06 12:56:58,724] [util.py:216]               [INFO]     |                                    Collection Run Time: 0:00:00                                    |
[2022-11-06 12:56:58,725] [util.py:220]               [INFO]     |====================================================================================================|
