[2022-10-28 01:06:33,751] [util.py:209]               [INFO]     |====================================================================================================|
[2022-10-28 01:06:33,752] [util.py:216]               [INFO]     |                                     Music Collection in Movies                                     |
[2022-10-28 01:06:33,752] [util.py:220]               [INFO]     |====================================================================================================|
[2022-10-28 01:06:33,752] [plex_meta_manager.py:750]  [INFO]     |                                                                                                    |
[2022-10-28 01:06:33,753] [util.py:216]               [INFO]     |=================================== Validating Music Attributes ====================================|
[2022-10-28 01:06:33,753] [builder.py:265]            [DEBUG]    |                                                                                                    |
[2022-10-28 01:06:33,753] [builder.py:266]            [DEBUG]    | Validating Method: template                                                                        |
[2022-10-28 01:06:33,754] [meta.py:83]                [DEBUG]    | Value: ordereddict([('name', 'Other Genre'), ('poster', 'https://theposterdb.com/api/assets/51398')]) |
[2022-10-28 01:06:33,754] [builder.py:330]            [DEBUG]    |                                                                                                    |
[2022-10-28 01:06:33,754] [builder.py:331]            [DEBUG]    | Validating Method: sync_mode                                                                       |
[2022-10-28 01:06:33,754] [builder.py:335]            [DEBUG]    | Value: sync                                                                                        |
[2022-10-28 01:06:33,755] [builder.py:453]            [DEBUG]    |                                                                                                    |
[2022-10-28 01:06:33,755] [builder.py:454]            [DEBUG]    | Validating Method: collection_order                                                                |
[2022-10-28 01:06:33,755] [builder.py:455]            [DEBUG]    | Value: alpha                                                                                       |
[2022-10-28 01:06:33,755] [builder.py:472]            [DEBUG]    |                                                                                                    |
[2022-10-28 01:06:33,756] [builder.py:473]            [DEBUG]    | Validating Method: imdb_list                                                                       |
[2022-10-28 01:06:33,756] [builder.py:474]            [DEBUG]    | Value: [ordereddict([('url', 'https://www.imdb.com/search/title/?title_type=feature&release_date=1990-01-01,&user_rating=5.0,10.0&num_votes=100000,&genres=music'), ('limit', 200)]), ordereddict([('url', 'https://www.imdb.com/search/title/?title_type=feature&release_date=1990-01-01,&user_rating=5.0,10.0&num_votes=100000,&genres=music&sort=user_rating,desc'), ('limit', 200)])] |
[2022-10-28 01:06:34,946] [builder.py:472]            [DEBUG]    |                                                                                                    |
[2022-10-28 01:06:34,947] [builder.py:473]            [DEBUG]    | Validating Method: summary                                                                         |
[2022-10-28 01:06:34,947] [builder.py:474]            [DEBUG]    | Value: Music film is genre that revolves around music being an integral part of the characters lives. |
[2022-10-28 01:06:34,947] [builder.py:472]            [DEBUG]    |                                                                                                    |
[2022-10-28 01:06:34,947] [builder.py:473]            [DEBUG]    | Validating Method: sort_title                                                                      |
[2022-10-28 01:06:34,948] [builder.py:474]            [DEBUG]    | Value: 00000d_Music                                                                                |
[2022-10-28 01:06:34,948] [builder.py:472]            [DEBUG]    |                                                                                                    |
[2022-10-28 01:06:34,948] [builder.py:473]            [DEBUG]    | Validating Method: url_poster                                                                      |
[2022-10-28 01:06:34,948] [builder.py:474]            [DEBUG]    | Value: https://theposterdb.com/api/assets/51398                                                    |
[2022-10-28 01:06:35,122] [builder.py:619]            [INFO]     |                                                                                                    |
[2022-10-28 01:06:35,122] [builder.py:620]            [INFO]     | Validation Successful                                                                              |
[2022-10-28 01:06:35,125] [plex_meta_manager.py:758]  [INFO]     |                                                                                                    |
[2022-10-28 01:06:35,125] [util.py:216]               [INFO]     |===================================== Running Music Collection =====================================|
[2022-10-28 01:06:35,126] [plex_meta_manager.py:773]  [INFO]     |                                                                                                    |
[2022-10-28 01:06:35,126] [plex_meta_manager.py:774]  [INFO]     | Sync Mode: sync                                                                                    |
[2022-10-28 01:06:35,126] [builder.py:1275]           [DEBUG]    |                                                                                                    |
[2022-10-28 01:06:35,126] [builder.py:1276]           [DEBUG]    | Builder: imdb_list: {'url': 'https://www.imdb.com/search/title/?title_type=feature&release_date=1990-01-01,&user_rating=5.0,10.0&num_votes=100000,&genres=music', 'limit': 200} |
[2022-10-28 01:06:35,127] [builder.py:1277]           [INFO]     |                                                                                                    |
[2022-10-28 01:06:35,127] [imdb.py:158]               [INFO]     | Processing IMDb List: 200 Items at https://www.imdb.com/search/title/?title_type=feature&release_date=1990-01-01,&user_rating=5.0,10.0&num_votes=100000,&genres=music |
[2022-10-28 01:06:38,220] [imdb.py:127]               [DEBUG]    | 47 IMDb IDs Found: ['tt3704428', 'tt2582802', 'tt10366460', 'tt1981677', 'tt2380307', 'tt6966692', 'tt3783958', 'tt0181875', 'tt1727824', 'tt3890160', 'tt0253474', 'tt5363618', 'tt0190590', 'tt0298203', 'tt0332379', 'tt1517451', 'tt4062536', 'tt2948372', 'tt2848292', 'tt0200550', 'tt8079248', 'tt1398426', 'tt0322330', 'tt0120888', 'tt0358273', 'tt0120855', 'tt0105793', 'tt0103855', 'tt0146882', 'tt0462590', 'tt1436562', 'tt1980929', 'tt0249462', 'tt2042568', 'tt0366548', 'tt0350258', 'tt0396555', 'tt0445922', 'tt1355630', 'tt1131729', 'tt0451079', 'tt0365830', 'tt0426931', 'tt0108394', 'tt1226229', 'tt0907657', 'tt0758766'] |
[2022-10-28 01:06:38,221] [builder.py:1282]           [DEBUG]    |                                                                                                    |
[2022-10-28 01:06:38,221] [builder.py:1283]           [DEBUG]    | 47 IDs Found: [('tt3704428', 'imdb'), ('tt2582802', 'imdb'), ('tt10366460', 'imdb'), ('tt1981677', 'imdb'), ('tt2380307', 'imdb'), ('tt6966692', 'imdb'), ('tt3783958', 'imdb'), ('tt0181875', 'imdb'), ('tt1727824', 'imdb'), ('tt3890160', 'imdb'), ('tt0253474', 'imdb'), ('tt5363618', 'imdb'), ('tt0190590', 'imdb'), ('tt0298203', 'imdb'), ('tt0332379', 'imdb'), ('tt1517451', 'imdb'), ('tt4062536', 'imdb'), ('tt2948372', 'imdb'), ('tt2848292', 'imdb'), ('tt0200550', 'imdb'), ('tt8079248', 'imdb'), ('tt1398426', 'imdb'), ('tt0322330', 'imdb'), ('tt0120888', 'imdb'), ('tt0358273', 'imdb'), ('tt0120855', 'imdb'), ('tt0105793', 'imdb'), ('tt0103855', 'imdb'), ('tt0146882', 'imdb'), ('tt0462590', 'imdb'), ('tt1436562', 'imdb'), ('tt1980929', 'imdb'), ('tt0249462', 'imdb'), ('tt2042568', 'imdb'), ('tt0366548', 'imdb'), ('tt0350258', 'imdb'), ('tt0396555', 'imdb'), ('tt0445922', 'imdb'), ('tt1355630', 'imdb'), ('tt1131729', 'imdb'), ('tt0451079', 'imdb'), ('tt0365830', 'imdb'), ('tt0426931', 'imdb'), ('tt0108394', 'imdb'), ('tt1226229', 'imdb'), ('tt0907657', 'imdb'), ('tt0758766', 'imdb')] |
[2022-10-28 01:06:38,221] [builder.py:1284]           [DEBUG]    |                                                                                                    |
[2022-10-28 01:06:38,551] [builder.py:1275]           [DEBUG]    |                                                                                                    |
[2022-10-28 01:06:38,551] [builder.py:1276]           [DEBUG]    | Builder: imdb_list: {'url': 'https://www.imdb.com/search/title/?title_type=feature&release_date=1990-01-01,&user_rating=5.0,10.0&num_votes=100000,&genres=music&sort=user_rating,desc', 'limit': 200} |
[2022-10-28 01:06:38,552] [builder.py:1277]           [INFO]     |                                                                                                    |
[2022-10-28 01:06:38,552] [imdb.py:158]               [INFO]     | Processing IMDb List: 200 Items at https://www.imdb.com/search/title/?title_type=feature&release_date=1990-01-01,&user_rating=5.0,10.0&num_votes=100000,&genres=music&sort=user_rating,desc |
[2022-10-28 01:06:41,739] [imdb.py:127]               [DEBUG]    | 47 IMDb IDs Found: ['tt2582802', 'tt0253474', 'tt2380307', 'tt6966692', 'tt3783958', 'tt2948372', 'tt10366460', 'tt1727824', 'tt0181875', 'tt0108394', 'tt1398426', 'tt0907657', 'tt0358273', 'tt5363618', 'tt0350258', 'tt0249462', 'tt0190590', 'tt3890160', 'tt1517451', 'tt3704428', 'tt2042568', 'tt1980929', 'tt0426931', 'tt0146882', 'tt1131729', 'tt0445922', 'tt0120855', 'tt0332379', 'tt0298203', 'tt1981677', 'tt4062536', 'tt0105793', 'tt1436562', 'tt0120888', 'tt8079248', 'tt0451079', 'tt0396555', 'tt0365830', 'tt1355630', 'tt0758766', 'tt0462590', 'tt2848292', 'tt0366548', 'tt1226229', 'tt0322330', 'tt0103855', 'tt0200550'] |
[2022-10-28 01:06:41,740] [builder.py:1282]           [DEBUG]    |                                                                                                    |
[2022-10-28 01:06:41,740] [builder.py:1283]           [DEBUG]    | 47 IDs Found: [('tt2582802', 'imdb'), ('tt0253474', 'imdb'), ('tt2380307', 'imdb'), ('tt6966692', 'imdb'), ('tt3783958', 'imdb'), ('tt2948372', 'imdb'), ('tt10366460', 'imdb'), ('tt1727824', 'imdb'), ('tt0181875', 'imdb'), ('tt0108394', 'imdb'), ('tt1398426', 'imdb'), ('tt0907657', 'imdb'), ('tt0358273', 'imdb'), ('tt5363618', 'imdb'), ('tt0350258', 'imdb'), ('tt0249462', 'imdb'), ('tt0190590', 'imdb'), ('tt3890160', 'imdb'), ('tt1517451', 'imdb'), ('tt3704428', 'imdb'), ('tt2042568', 'imdb'), ('tt1980929', 'imdb'), ('tt0426931', 'imdb'), ('tt0146882', 'imdb'), ('tt1131729', 'imdb'), ('tt0445922', 'imdb'), ('tt0120855', 'imdb'), ('tt0332379', 'imdb'), ('tt0298203', 'imdb'), ('tt1981677', 'imdb'), ('tt4062536', 'imdb'), ('tt0105793', 'imdb'), ('tt1436562', 'imdb'), ('tt0120888', 'imdb'), ('tt8079248', 'imdb'), ('tt0451079', 'imdb'), ('tt0396555', 'imdb'), ('tt0365830', 'imdb'), ('tt1355630', 'imdb'), ('tt0758766', 'imdb'), ('tt0462590', 'imdb'), ('tt2848292', 'imdb'), ('tt0366548', 'imdb'), ('tt1226229', 'imdb'), ('tt0322330', 'imdb'), ('tt0103855', 'imdb'), ('tt0200550', 'imdb')] |
[2022-10-28 01:06:41,740] [builder.py:1284]           [DEBUG]    |                                                                                                    |
[2022-10-28 01:06:42,096] [builder.py:1697]           [INFO]     |                                                                                                    |
[2022-10-28 01:06:42,097] [util.py:216]               [INFO]     |==================================== Adding to Music Collection ====================================|
[2022-10-28 01:06:42,097] [builder.py:1699]           [INFO]     |                                                                                                    |
[2022-10-28 01:06:42,097] [builder.py:1709]           [INFO]     |  1/15 | Music Collection | = | Elvis (2022)                                                        |
[2022-10-28 01:06:42,098] [builder.py:1709]           [INFO]     |  2/15 | Music Collection | = | Whiplash (2014)                                                     |
[2022-10-28 01:06:42,098] [builder.py:1709]           [INFO]     |  3/15 | Music Collection | = | CODA (2021)                                                         |
[2022-10-28 01:06:42,098] [builder.py:1709]           [INFO]     |  4/15 | Music Collection | = | Coco (2017)                                                         |
[2022-10-28 01:06:42,098] [builder.py:1709]           [INFO]     |  5/15 | Music Collection | = | La La Land (2016)                                                   |
[2022-10-28 01:06:42,099] [builder.py:1709]           [INFO]     |  6/15 | Music Collection | = | Baby Driver (2017)                                                  |
[2022-10-28 01:06:42,099] [builder.py:1709]           [INFO]     |  7/15 | Music Collection | = | The Pianist (2002)                                                  |
[2022-10-28 01:06:42,099] [builder.py:1709]           [INFO]     |  8/15 | Music Collection | = | Sound of Metal (2020)                                               |
[2022-10-28 01:06:42,099] [builder.py:1709]           [INFO]     |  9/15 | Music Collection | = | A Star Is Born (2018)                                               |
[2022-10-28 01:06:42,100] [builder.py:1709]           [INFO]     | 10/15 | Music Collection | = | Green Room (2016)                                                   |
[2022-10-28 01:06:42,100] [builder.py:1709]           [INFO]     | 11/15 | Music Collection | = | Soul (2020)                                                         |
[2022-10-28 01:06:42,100] [builder.py:1709]           [INFO]     | 12/15 | Music Collection | = | Freaky Friday (2003)                                                |
[2022-10-28 01:06:42,100] [builder.py:1709]           [INFO]     | 13/15 | Music Collection | = | Tarzan (1999)                                                       |
[2022-10-28 01:06:42,101] [builder.py:1709]           [INFO]     | 14/15 | Music Collection | = | Wayne's World (1992)                                                |
[2022-10-28 01:06:42,101] [builder.py:1709]           [INFO]     | 15/15 | Music Collection | = | Tenacious D in the Pick of Destiny (2006)                           |
[2022-10-28 01:06:42,101] [builder.py:1734]           [INFO]     |                                                                                                    |
[2022-10-28 01:06:42,102] [builder.py:1735]           [INFO]     | 15 Movies Processed                                                                                |
[2022-10-28 01:06:42,102] [builder.py:1929]           [INFO]     |                                                                                                    |
[2022-10-28 01:06:42,102] [util.py:216]               [INFO]     |================================ Missing Movies from Library: Music ================================|
[2022-10-28 01:06:42,102] [builder.py:1931]           [INFO]     |                                                                                                    |
[2022-10-28 01:06:42,245] [builder.py:1943]           [INFO]     | Music Collection | ? | Pitch Perfect (2012) (TMDb: 114150)                                         |
[2022-10-28 01:06:42,362] [builder.py:1943]           [INFO]     | Music Collection | ? | Green Book (2018) (TMDb: 490132)                                            |
[2022-10-28 01:06:42,460] [builder.py:1943]           [INFO]     | Music Collection | ? | Almost Famous (2000) (TMDb: 786)                                            |
[2022-10-28 01:06:42,643] [builder.py:1943]           [INFO]     | Music Collection | ? | Bohemian Rhapsody (2018) (TMDb: 424694)                                     |
[2022-10-28 01:06:42,774] [builder.py:1943]           [INFO]     | Music Collection | ? | O Brother, Where Art Thou? (2000) (TMDb: 134)                               |
[2022-10-28 01:06:42,892] [builder.py:1943]           [INFO]     | Music Collection | ? | 8 Mile (2002) (TMDb: 65)                                                    |
[2022-10-28 01:06:43,016] [builder.py:1943]           [INFO]     | Music Collection | ? | School of Rock (2003) (TMDb: 1584)                                          |
[2022-10-28 01:06:43,147] [builder.py:1943]           [INFO]     | Music Collection | ? | Pitch Perfect 2 (2015) (TMDb: 254470)                                       |
[2022-10-28 01:06:43,290] [builder.py:1943]           [INFO]     | Music Collection | ? | Coyote Ugly (2000) (TMDb: 6282)                                             |
[2022-10-28 01:06:43,459] [builder.py:1943]           [INFO]     | Music Collection | ? | Yesterday (2019) (TMDb: 515195)                                             |
[2022-10-28 01:06:43,592] [builder.py:1943]           [INFO]     | Music Collection | ? | Straight Outta Compton (2015) (TMDb: 277216)                                |
[2022-10-28 01:06:43,714] [builder.py:1943]           [INFO]     | Music Collection | ? | The Wedding Singer (1998) (TMDb: 11003)                                     |
[2022-10-28 01:06:43,835] [builder.py:1943]           [INFO]     | Music Collection | ? | Walk the Line (2005) (TMDb: 69)                                             |
[2022-10-28 01:06:43,955] [builder.py:1943]           [INFO]     | Music Collection | ? | The Bodyguard (1992) (TMDb: 619)                                            |
[2022-10-28 01:06:44,088] [builder.py:1943]           [INFO]     | Music Collection | ? | High Fidelity (2000) (TMDb: 243)                                            |
[2022-10-28 01:06:44,256] [builder.py:1943]           [INFO]     | Music Collection | ? | Step Up (2006) (TMDb: 9762)                                                 |
[2022-10-28 01:06:44,388] [builder.py:1943]           [INFO]     | Music Collection | ? | Rio (2011) (TMDb: 46195)                                                    |
[2022-10-28 01:06:44,504] [builder.py:1943]           [INFO]     | Music Collection | ? | Begin Again (2013) (TMDb: 198277)                                           |
[2022-10-28 01:06:44,627] [builder.py:1943]           [INFO]     | Music Collection | ? | Billy Elliot (2000) (TMDb: 71)                                              |
[2022-10-28 01:06:44,756] [builder.py:1943]           [INFO]     | Music Collection | ? | Inside Llewyn Davis (2013) (TMDb: 86829)                                    |
[2022-10-28 01:06:44,866] [builder.py:1943]           [INFO]     | Music Collection | ? | Happy Feet (2006) (TMDb: 9836)                                              |
[2022-10-28 01:06:45,001] [builder.py:1943]           [INFO]     | Music Collection | ? | Ray (2004) (TMDb: 1677)                                                     |
[2022-10-28 01:06:45,122] [builder.py:1943]           [INFO]     | Music Collection | ? | Meet the Robinsons (2007) (TMDb: 1267)                                      |
[2022-10-28 01:06:45,124] [builder.py:1943]           [INFO]     | Music Collection | ? | Across the Universe (2007) (TMDb: 4688)                                     |
[2022-10-28 01:06:45,252] [builder.py:1943]           [INFO]     | Music Collection | ? | If I Stay (2014) (TMDb: 249164)                                             |
[2022-10-28 01:06:45,380] [builder.py:1943]           [INFO]     | Music Collection | ? | The Boat That Rocked (2009) (TMDb: 18947)                                   |
[2022-10-28 01:06:45,507] [builder.py:1943]           [INFO]     | Music Collection | ? | Horton Hears a Who! (2008) (TMDb: 12222)                                    |
[2022-10-28 01:06:45,662] [builder.py:1943]           [INFO]     | Music Collection | ? | August Rush (2007) (TMDb: 5123)                                             |
[2022-10-28 01:06:45,793] [builder.py:1943]           [INFO]     | Music Collection | ? | Three Colors: Blue (1993) (TMDb: 108)                                       |
[2022-10-28 01:06:45,912] [builder.py:1943]           [INFO]     | Music Collection | ? | Get Him to the Greek (2010) (TMDb: 32823)                                   |
[2022-10-28 01:06:46,006] [builder.py:1943]           [INFO]     | Music Collection | ? | Once (2007) (TMDb: 5723)                                                    |
[2022-10-28 01:06:46,148] [builder.py:1943]           [INFO]     | Music Collection | ? | Music and Lyrics (2007) (TMDb: 11172)                                       |
[2022-10-28 01:06:46,149] [builder.py:1947]           [INFO]     |                                                                                                    |
[2022-10-28 01:06:46,149] [builder.py:1948]           [INFO]     | 32 Movies Missing                                                                                  |
[2022-10-28 01:06:46,205] [builder.py:2147]           [INFO]     |                                                                                                    |
[2022-10-28 01:06:46,205] [util.py:216]               [INFO]     |=============================== Updating Details of Music Collection ===============================|
[2022-10-28 01:06:46,205] [builder.py:2149]           [INFO]     |                                                                                                    |
[2022-10-28 01:06:46,206] [builder.py:2156]           [INFO]     | Detail: summary updated Collection Summary                                                         |
[2022-10-28 01:06:46,206] [builder.py:2258]           [DEBUG]    | 1 posters found:                                                                                   |
[2022-10-28 01:06:46,206] [builder.py:2260]           [DEBUG]    | Method: url_poster Poster: https://theposterdb.com/api/assets/51398                                |
[2022-10-28 01:06:46,207] [builder.py:2327]           [INFO]     | No background collection detail or asset folder found                                              |
[2022-10-28 01:06:46,207] [library.py:147]            [INFO]     | Detail: poster update not needed                                                                   |
[2022-10-28 01:06:46,368] [plex_meta_manager.py:880]  [INFO]     |                                                                                                    |
[2022-10-28 01:06:46,369] [util.py:209]               [INFO]     |====================================================================================================|
[2022-10-28 01:06:46,369] [util.py:216]               [INFO]     |                                     Finished Music Collection                                      |
[2022-10-28 01:06:46,369] [util.py:216]               [INFO]     |                                    Collection Run Time: 0:00:12                                    |
[2022-10-28 01:06:46,370] [util.py:220]               [INFO]     |====================================================================================================|
