[2022-11-06 11:53:35,019] [util.py:209]               [INFO]     |====================================================================================================|
[2022-11-06 11:53:35,019] [util.py:216]               [INFO]     |                                Sword & Sorcery Collection in Movies                                |
[2022-11-06 11:53:35,020] [util.py:220]               [INFO]     |====================================================================================================|
[2022-11-06 11:53:35,020] [plex_meta_manager.py:750]  [INFO]     |                                                                                                    |
[2022-11-06 11:53:35,021] [util.py:216]               [INFO]     |============================== Validating Sword & Sorcery Attributes ===============================|
[2022-11-06 11:53:35,021] [builder.py:265]            [DEBUG]    |                                                                                                    |
[2022-11-06 11:53:35,022] [builder.py:266]            [DEBUG]    | Validating Method: template                                                                        |
[2022-11-06 11:53:35,022] [meta.py:83]                [DEBUG]    | Value: ordereddict([('name', 'Other Genre'), ('poster', 'https://theposterdb.com/api/assets/74604')]) |
[2022-11-06 11:53:35,022] [builder.py:330]            [DEBUG]    |                                                                                                    |
[2022-11-06 11:53:35,023] [builder.py:331]            [DEBUG]    | Validating Method: sync_mode                                                                       |
[2022-11-06 11:53:35,023] [builder.py:335]            [DEBUG]    | Value: sync                                                                                        |
[2022-11-06 11:53:35,023] [builder.py:453]            [DEBUG]    |                                                                                                    |
[2022-11-06 11:53:35,023] [builder.py:454]            [DEBUG]    | Validating Method: collection_order                                                                |
[2022-11-06 11:53:35,024] [builder.py:455]            [DEBUG]    | Value: alpha                                                                                       |
[2022-11-06 11:53:35,024] [builder.py:472]            [DEBUG]    |                                                                                                    |
[2022-11-06 11:53:35,024] [builder.py:473]            [DEBUG]    | Validating Method: imdb_list                                                                       |
[2022-11-06 11:53:35,025] [builder.py:474]            [DEBUG]    | Value: https://www.imdb.com/list/ls022909805                                                       |
[2022-11-06 11:53:37,773] [builder.py:472]            [DEBUG]    |                                                                                                    |
[2022-11-06 11:53:37,773] [builder.py:473]            [DEBUG]    | Validating Method: summary                                                                         |
[2022-11-06 11:53:37,774] [builder.py:474]            [DEBUG]    | Value: Sword and Sorcery film is a sub-genre of Fantasy that tend to be more plot-driven. These films rely on heavy action and battle scenes. Common themes in Sword and Sorcery films include a rescue mission, saving a princess, and battling a fantastical monster. The worlds and characters in these films are often much less developed than in other fantasy sub-genres. Of all the Fantasy sub-genres, Sword and Sorcery is most likely to be geared towards a younger audience, as many of these films are animated. |
[2022-11-06 11:53:37,774] [builder.py:472]            [DEBUG]    |                                                                                                    |
[2022-11-06 11:53:37,774] [builder.py:473]            [DEBUG]    | Validating Method: sort_title                                                                      |
[2022-11-06 11:53:37,774] [builder.py:474]            [DEBUG]    | Value: 00000d_Sword & Sorcery                                                                      |
[2022-11-06 11:53:37,775] [builder.py:472]            [DEBUG]    |                                                                                                    |
[2022-11-06 11:53:37,775] [builder.py:473]            [DEBUG]    | Validating Method: url_poster                                                                      |
[2022-11-06 11:53:37,775] [builder.py:474]            [DEBUG]    | Value: https://theposterdb.com/api/assets/74604                                                    |
[2022-11-06 11:53:38,029] [builder.py:619]            [INFO]     |                                                                                                    |
[2022-11-06 11:53:38,030] [builder.py:620]            [INFO]     | Validation Successful                                                                              |
[2022-11-06 11:53:38,030] [plex_meta_manager.py:758]  [INFO]     |                                                                                                    |
[2022-11-06 11:53:38,030] [util.py:216]               [INFO]     |================================ Running Sword & Sorcery Collection ================================|
[2022-11-06 11:53:38,031] [plex_meta_manager.py:773]  [INFO]     |                                                                                                    |
[2022-11-06 11:53:38,031] [plex_meta_manager.py:774]  [INFO]     | Sync Mode: sync                                                                                    |
[2022-11-06 11:53:38,031] [builder.py:1275]           [DEBUG]    |                                                                                                    |
[2022-11-06 11:53:38,031] [builder.py:1276]           [DEBUG]    | Builder: imdb_list: {'url': 'https://www.imdb.com/list/ls022909805', 'limit': 0}                   |
[2022-11-06 11:53:38,031] [builder.py:1277]           [INFO]     |                                                                                                    |
[2022-11-06 11:53:38,032] [imdb.py:158]               [INFO]     | Processing IMDb List: https://www.imdb.com/list/ls022909805                                        |
[2022-11-06 11:53:49,978] [util.py:209]               [INFO]     |====================================================================================================|
[2022-11-06 11:53:49,978] [util.py:216]               [INFO]     |                                     Exiting Plex Meta Manager                                      |
[2022-11-06 11:53:49,979] [util.py:220]               [INFO]     |====================================================================================================|
