[2022-01-25 17:20:58,519] [util.py:209]               [INFO]     |====================================================================================================|
[2022-01-25 17:20:58,520] [util.py:216]               [INFO]     |                                Wizarding World Collection in Movies                                |
[2022-01-25 17:20:58,520] [util.py:220]               [INFO]     |====================================================================================================|
[2022-01-25 17:20:58,521] [plex_meta_manager.py:750]  [INFO]     |                                                                                                    |
[2022-01-25 17:20:58,522] [util.py:216]               [INFO]     |============================== Validating Wizarding World Attributes ===============================|
[2022-01-25 17:20:58,522] [builder.py:265]            [DEBUG]    |                                                                                                    |
[2022-01-25 17:20:58,522] [builder.py:266]            [DEBUG]    | Validating Method: template                                                                        |
[2022-01-25 17:20:58,523] [meta.py:83]                [DEBUG]    | Value: ordereddict([('name', 'Movie'), ('collection', '1241, 435259'), ('summary', 1241), ('poster', 'https://theposterdb.com/api/assets/34022')]) |
[2022-01-25 17:20:58,524] [builder.py:453]            [DEBUG]    |                                                                                                    |
[2022-01-25 17:20:58,524] [builder.py:454]            [DEBUG]    | Validating Method: collection_order                                                                |
[2022-01-25 17:20:58,525] [builder.py:455]            [DEBUG]    | Value: release                                                                                     |
[2022-01-25 17:20:58,525] [builder.py:472]            [DEBUG]    |                                                                                                    |
[2022-01-25 17:20:58,526] [builder.py:473]            [DEBUG]    | Validating Method: tmdb_collection                                                                 |
[2022-01-25 17:20:58,526] [builder.py:474]            [DEBUG]    | Value: 1241, 435259                                                                                |
[2022-01-25 17:20:58,625] [builder.py:472]            [DEBUG]    |                                                                                                    |
[2022-01-25 17:20:58,625] [builder.py:473]            [DEBUG]    | Validating Method: tmdb_summary                                                                    |
[2022-01-25 17:20:58,626] [builder.py:474]            [DEBUG]    | Value: 1241                                                                                        |
[2022-01-25 17:20:58,626] [builder.py:472]            [DEBUG]    |                                                                                                    |
[2022-01-25 17:20:58,626] [builder.py:473]            [DEBUG]    | Validating Method: url_poster                                                                      |
[2022-01-25 17:20:58,627] [builder.py:474]            [DEBUG]    | Value: https://theposterdb.com/api/assets/34022                                                    |
[2022-01-25 17:20:58,627] [builder.py:472]            [DEBUG]    |                                                                                                    |
[2022-01-25 17:20:58,628] [builder.py:473]            [DEBUG]    | Validating Method: sort_title                                                                      |
[2022-01-25 17:20:58,628] [builder.py:474]            [DEBUG]    | Value: 00000f_Wizarding World                                                                      |
[2022-01-25 17:20:58,632] [plex.py:685]               [DEBUG]    | Looking for: Wizarding World                                                                       |
[2022-01-25 17:20:58,633] [builder.py:619]            [INFO]     |                                                                                                    |
[2022-01-25 17:20:58,633] [builder.py:620]            [INFO]     | Validation Successful                                                                              |
[2022-01-25 17:20:58,634] [plex_meta_manager.py:758]  [INFO]     |                                                                                                    |
[2022-01-25 17:20:58,634] [util.py:216]               [INFO]     |================================ Running Wizarding World Collection ================================|
[2022-01-25 17:20:58,635] [plex_meta_manager.py:773]  [INFO]     |                                                                                                    |
[2022-01-25 17:20:58,635] [plex_meta_manager.py:774]  [INFO]     | Sync Mode: append                                                                                  |
[2022-01-25 17:20:58,635] [builder.py:1275]           [DEBUG]    |                                                                                                    |
[2022-01-25 17:20:58,636] [builder.py:1276]           [DEBUG]    | Builder: tmdb_collection: 1241                                                                     |
[2022-01-25 17:20:58,636] [builder.py:1277]           [INFO]     |                                                                                                    |
[2022-01-25 17:20:58,637] [tmdb.py:321]               [INFO]     | Processing TMDb Collection: (1241) Harry Potter Collection (8 Items)                               |
[2022-01-25 17:20:58,637] [builder.py:1282]           [DEBUG]    |                                                                                                    |
[2022-01-25 17:20:58,637] [builder.py:1283]           [DEBUG]    | 8 IDs Found: [(671, 'tmdb'), (672, 'tmdb'), (674, 'tmdb'), (767, 'tmdb'), (673, 'tmdb'), (675, 'tmdb'), (12444, 'tmdb'), (12445, 'tmdb')] |
[2022-01-25 17:20:58,638] [builder.py:1284]           [DEBUG]    |                                                                                                    |
[2022-01-25 17:20:58,935] [builder.py:1275]           [DEBUG]    |                                                                                                    |
[2022-01-25 17:20:58,935] [builder.py:1276]           [DEBUG]    | Builder: tmdb_collection: 435259                                                                   |
[2022-01-25 17:20:58,936] [builder.py:1277]           [INFO]     |                                                                                                    |
[2022-01-25 17:20:58,937] [tmdb.py:321]               [INFO]     | Processing TMDb Collection: (435259) Fantastic Beasts Collection (5 Items)                         |
[2022-01-25 17:20:58,937] [builder.py:1282]           [DEBUG]    |                                                                                                    |
[2022-01-25 17:20:58,937] [builder.py:1283]           [DEBUG]    | 5 IDs Found: [(259316, 'tmdb'), (422641, 'tmdb'), (422642, 'tmdb'), (338953, 'tmdb'), (338952, 'tmdb')] |
[2022-01-25 17:20:58,938] [builder.py:1284]           [DEBUG]    |                                                                                                    |
[2022-01-25 17:20:58,938] [builder.py:1697]           [INFO]     |                                                                                                    |
[2022-01-25 17:20:58,939] [util.py:216]               [INFO]     |=============================== Adding to Wizarding World Collection ===============================|
[2022-01-25 17:20:58,939] [builder.py:1699]           [INFO]     |                                                                                                    |
[2022-01-25 17:20:58,939] [builder.py:1709]           [INFO]     | 1/7 | Wizarding World Collection | + | Harry Potter and the Sorcerer's Stone (2001)                |
[2022-01-25 17:20:59,020] [builder.py:1709]           [INFO]     | 2/7 | Wizarding World Collection | + | Harry Potter and the Chamber of Secrets (2002)              |
[2022-01-25 17:20:59,165] [builder.py:1709]           [INFO]     | 3/7 | Wizarding World Collection | + | Harry Potter and the Goblet of Fire (2005)                  |
[2022-01-25 17:20:59,307] [builder.py:1709]           [INFO]     | 4/7 | Wizarding World Collection | + | Harry Potter and the Half-Blood Prince (2009)               |
[2022-01-25 17:20:59,408] [builder.py:1709]           [INFO]     | 5/7 | Wizarding World Collection | + | Harry Potter and the Prisoner of Azkaban (2004)             |
[2022-01-25 17:20:59,488] [builder.py:1709]           [INFO]     | 6/7 | Wizarding World Collection | + | Harry Potter and the Order of the Phoenix (2007)            |
[2022-01-25 17:20:59,565] [builder.py:1709]           [INFO]     | 7/7 | Wizarding World Collection | + | Harry Potter and the Deathly Hallows: Part 1 (2010)         |
[2022-01-25 17:20:59,656] [builder.py:1734]           [INFO]     |                                                                                                    |
[2022-01-25 17:20:59,656] [builder.py:1735]           [INFO]     | 7 Movies Processed                                                                                 |
[2022-01-25 17:20:59,657] [builder.py:1929]           [INFO]     |                                                                                                    |
[2022-01-25 17:20:59,657] [util.py:216]               [INFO]     |=========================== Missing Movies from Library: Wizarding World ===========================|
[2022-01-25 17:20:59,657] [builder.py:1931]           [INFO]     |                                                                                                    |
[2022-01-25 17:20:59,661] [builder.py:1943]           [INFO]     | Wizarding World Collection | ? | Harry Potter and the Deathly Hallows: Part 2 (2011) (TMDb: 12445) |
[2022-01-25 17:20:59,668] [builder.py:1943]           [INFO]     | Wizarding World Collection | ? | Fantastic Beasts and Where to Find Them (2016) (TMDb: 259316)     |
[2022-01-25 17:20:59,707] [builder.py:1943]           [INFO]     | Wizarding World Collection | ? | Fantastic Beasts 4 (TMDb: 422641)                                 |
[2022-01-25 17:20:59,753] [builder.py:1943]           [INFO]     | Wizarding World Collection | ? | Fantastic Beasts 5 (TMDb: 422642)                                 |
[2022-01-25 17:20:59,796] [builder.py:1943]           [INFO]     | Wizarding World Collection | ? | Fantastic Beasts: The Secrets of Dumbledore (2022) (TMDb: 338953) |
[2022-01-25 17:20:59,800] [builder.py:1943]           [INFO]     | Wizarding World Collection | ? | Fantastic Beasts: The Crimes of Grindelwald (2018) (TMDb: 338952) |
[2022-01-25 17:20:59,801] [builder.py:1947]           [INFO]     |                                                                                                    |
[2022-01-25 17:20:59,803] [builder.py:1948]           [INFO]     | 6 Movies Missing                                                                                   |
[2022-01-25 17:20:59,891] [builder.py:2147]           [INFO]     |                                                                                                    |
[2022-01-25 17:20:59,892] [util.py:216]               [INFO]     |========================== Updating Details of Wizarding World Collection ==========================|
[2022-01-25 17:20:59,892] [builder.py:2149]           [INFO]     |                                                                                                    |
[2022-01-25 17:20:59,892] [builder.py:2156]           [INFO]     | Detail: tmdb_summary updated Collection Summary                                                    |
[2022-01-25 17:20:59,893] [builder.py:2193]           [INFO]     | Detail: sort_title updated Collection Sort Title to 00000f_Wizarding World                         |
[2022-01-25 17:20:59,893] [builder.py:2235]           [DEBUG]    | {'summary.value': 'The Harry Potter films are a fantasy series based on the series of seven Harry Potter novels by British writer J. K. Rowling.', 'summary.locked': 1, 'titleSort.value': '00000f_Wizarding World', 'titleSort.locked': 1} |
[2022-01-25 17:20:59,912] [builder.py:2237]           [INFO]     | Details: have been updated                                                                         |
[2022-01-25 17:20:59,973] [plex.py:936]               [INFO]     | Asset Directory Created: config/assets\Wizarding World                                             |
[2022-01-25 17:20:59,974] [builder.py:2258]           [DEBUG]    | 1 posters found:                                                                                   |
[2022-01-25 17:20:59,974] [builder.py:2260]           [DEBUG]    | Method: url_poster Poster: https://theposterdb.com/api/assets/34022                                |
[2022-01-25 17:21:01,007] [builder.py:2327]           [INFO]     | No background collection detail or asset folder found                                              |
[2022-01-25 17:21:01,067] [library.py:145]            [INFO]     | Detail: asset_directory updated Wizarding World's poster to [File] config/assets\Wizarding World\poster.png |
[2022-01-25 17:21:01,313] [plex_meta_manager.py:880]  [INFO]     |                                                                                                    |
[2022-01-25 17:21:01,314] [util.py:209]               [INFO]     |====================================================================================================|
[2022-01-25 17:21:01,316] [util.py:216]               [INFO]     |                                Finished Wizarding World Collection                                 |
[2022-01-25 17:21:01,316] [util.py:216]               [INFO]     |                                    Collection Run Time: 0:00:02                                    |
[2022-01-25 17:21:01,317] [util.py:220]               [INFO]     |====================================================================================================|
