[2022-10-28 01:00:54,271] [util.py:209]               [INFO]     |====================================================================================================|
[2022-10-28 01:00:54,272] [util.py:216]               [INFO]     |                                   Kill Bill Collection in Movies                                   |
[2022-10-28 01:00:54,272] [util.py:220]               [INFO]     |====================================================================================================|
[2022-10-28 01:00:54,272] [plex_meta_manager.py:750]  [INFO]     |                                                                                                    |
[2022-10-28 01:00:54,273] [util.py:216]               [INFO]     |================================= Validating Kill Bill Attributes ==================================|
[2022-10-28 01:00:54,273] [builder.py:265]            [DEBUG]    |                                                                                                    |
[2022-10-28 01:00:54,273] [builder.py:266]            [DEBUG]    | Validating Method: template                                                                        |
[2022-10-28 01:00:54,273] [meta.py:83]                [DEBUG]    | Value: ordereddict([('name', 'Movie'), ('collection', 2883), ('summary 2883', None), ('poster', 'https://theposterdb.com/api/assets/40153')]) |
[2022-10-28 01:00:54,274] [builder.py:330]            [DEBUG]    |                                                                                                    |
[2022-10-28 01:00:54,274] [builder.py:331]            [DEBUG]    | Validating Method: sync_mode                                                                       |
[2022-10-28 01:00:54,274] [builder.py:335]            [DEBUG]    | Value: sync                                                                                        |
[2022-10-28 01:00:54,274] [builder.py:453]            [DEBUG]    |                                                                                                    |
[2022-10-28 01:00:54,275] [builder.py:454]            [DEBUG]    | Validating Method: collection_order                                                                |
[2022-10-28 01:00:54,275] [builder.py:455]            [DEBUG]    | Value: release                                                                                     |
[2022-10-28 01:00:54,275] [builder.py:472]            [DEBUG]    |                                                                                                    |
[2022-10-28 01:00:54,275] [builder.py:473]            [DEBUG]    | Validating Method: url_poster                                                                      |
[2022-10-28 01:00:54,276] [builder.py:474]            [DEBUG]    | Value: https://theposterdb.com/api/assets/40153                                                    |
[2022-10-28 01:00:54,276] [builder.py:472]            [DEBUG]    |                                                                                                    |
[2022-10-28 01:00:54,276] [builder.py:473]            [DEBUG]    | Validating Method: tmdb_collection                                                                 |
[2022-10-28 01:00:54,276] [builder.py:474]            [DEBUG]    | Value: 2883                                                                                        |
[2022-10-28 01:00:54,377] [builder.py:472]            [DEBUG]    |                                                                                                    |
[2022-10-28 01:00:54,377] [builder.py:473]            [DEBUG]    | Validating Method: sort_title                                                                      |
[2022-10-28 01:00:54,378] [builder.py:474]            [DEBUG]    | Value: 00000f_Kill Bill                                                                            |
[2022-10-28 01:00:54,378] [builder.py:472]            [DEBUG]    |                                                                                                    |
[2022-10-28 01:00:54,378] [builder.py:473]            [DEBUG]    | Validating Method: radarr_add_missing                                                              |
[2022-10-28 01:00:54,379] [builder.py:474]            [DEBUG]    | Value: True                                                                                        |
[2022-10-28 01:00:54,511] [builder.py:619]            [INFO]     |                                                                                                    |
[2022-10-28 01:00:54,512] [builder.py:620]            [INFO]     | Validation Successful                                                                              |
[2022-10-28 01:00:54,513] [plex_meta_manager.py:758]  [INFO]     |                                                                                                    |
[2022-10-28 01:00:54,513] [util.py:216]               [INFO]     |=================================== Running Kill Bill Collection ===================================|
[2022-10-28 01:00:54,513] [plex_meta_manager.py:773]  [INFO]     |                                                                                                    |
[2022-10-28 01:00:54,514] [plex_meta_manager.py:774]  [INFO]     | Sync Mode: sync                                                                                    |
[2022-10-28 01:00:54,514] [builder.py:1275]           [DEBUG]    |                                                                                                    |
[2022-10-28 01:00:54,514] [builder.py:1276]           [DEBUG]    | Builder: tmdb_collection: 2883                                                                     |
[2022-10-28 01:00:54,514] [builder.py:1277]           [INFO]     |                                                                                                    |
[2022-10-28 01:00:54,515] [tmdb.py:321]               [INFO]     | Processing TMDb Collection: (2883) Kill Bill Collection (2 Items)                                  |
[2022-10-28 01:00:54,515] [builder.py:1282]           [DEBUG]    |                                                                                                    |
[2022-10-28 01:00:54,515] [builder.py:1283]           [DEBUG]    | 2 IDs Found: [(24, 'tmdb'), (393, 'tmdb')]                                                         |
[2022-10-28 01:00:54,515] [builder.py:1284]           [DEBUG]    |                                                                                                    |
[2022-10-28 01:00:54,552] [builder.py:1697]           [INFO]     |                                                                                                    |
[2022-10-28 01:00:54,552] [util.py:216]               [INFO]     |================================== Adding to Kill Bill Collection ==================================|
[2022-10-28 01:00:54,552] [builder.py:1699]           [INFO]     |                                                                                                    |
[2022-10-28 01:00:54,553] [builder.py:1709]           [INFO]     | 1/2 | Kill Bill Collection | = | Kill Bill: Vol. 1 (2003)                                          |
[2022-10-28 01:00:54,553] [builder.py:1709]           [INFO]     | 2/2 | Kill Bill Collection | = | Kill Bill: Vol. 2 (2004)                                          |
[2022-10-28 01:00:54,553] [builder.py:1734]           [INFO]     |                                                                                                    |
[2022-10-28 01:00:54,554] [builder.py:1735]           [INFO]     | 2 Movies Processed                                                                                 |
[2022-10-28 01:00:54,557] [builder.py:2147]           [INFO]     |                                                                                                    |
[2022-10-28 01:00:54,558] [util.py:216]               [INFO]     |============================= Updating Details of Kill Bill Collection =============================|
[2022-10-28 01:00:54,558] [builder.py:2149]           [INFO]     |                                                                                                    |
[2022-10-28 01:00:54,559] [builder.py:2258]           [DEBUG]    | 1 posters found:                                                                                   |
[2022-10-28 01:00:54,559] [builder.py:2260]           [DEBUG]    | Method: url_poster Poster: https://theposterdb.com/api/assets/40153                                |
[2022-10-28 01:00:54,559] [builder.py:2327]           [INFO]     | No background collection detail or asset folder found                                              |
[2022-10-28 01:00:54,560] [library.py:147]            [INFO]     | Detail: poster update not needed                                                                   |
[2022-10-28 01:00:54,687] [plex_meta_manager.py:880]  [INFO]     |                                                                                                    |
[2022-10-28 01:00:54,687] [util.py:209]               [INFO]     |====================================================================================================|
[2022-10-28 01:00:54,688] [util.py:216]               [INFO]     |                                   Finished Kill Bill Collection                                    |
[2022-10-28 01:00:54,688] [util.py:216]               [INFO]     |                                    Collection Run Time: 0:00:00                                    |
[2022-10-28 01:00:54,689] [util.py:220]               [INFO]     |====================================================================================================|
