[2022-03-17 08:07:19,618] [util.py:209]               [INFO]     |====================================================================================================|
[2022-03-17 08:07:19,619] [util.py:216]               [INFO]     |                                  10's Movies Collection in Movies                                  |
[2022-03-17 08:07:19,620] [util.py:220]               [INFO]     |====================================================================================================|
[2022-03-17 08:07:19,621] [plex_meta_manager.py:750]  [INFO]     |                                                                                                    |
[2022-03-17 08:07:19,622] [util.py:216]               [INFO]     |================================ Validating 10's Movies Attributes =================================|
[2022-03-17 08:07:19,622] [builder.py:453]            [DEBUG]    |                                                                                                    |
[2022-03-17 08:07:19,623] [builder.py:454]            [DEBUG]    | Validating Method: collection_order                                                                |
[2022-03-17 08:07:19,623] [builder.py:455]            [DEBUG]    | Value: alpha                                                                                       |
[2022-03-17 08:07:19,624] [builder.py:472]            [DEBUG]    |                                                                                                    |
[2022-03-17 08:07:19,624] [builder.py:473]            [DEBUG]    | Validating Method: plex_search                                                                     |
[2022-03-17 08:07:19,624] [builder.py:474]            [DEBUG]    | Value: ordereddict([('decade', 2010)])                                                             |
[2022-03-17 08:07:19,625] [builder.py:472]            [DEBUG]    |                                                                                                    |
[2022-03-17 08:07:19,625] [builder.py:473]            [DEBUG]    | Validating Method: sort_title                                                                      |
[2022-03-17 08:07:19,625] [builder.py:474]            [DEBUG]    | Value: 00000db_<<collection_name>>                                                                 |
[2022-03-17 08:07:19,626] [builder.py:472]            [DEBUG]    |                                                                                                    |
[2022-03-17 08:07:19,626] [builder.py:473]            [DEBUG]    | Validating Method: file_poster                                                                     |
[2022-03-17 08:07:19,626] [builder.py:474]            [DEBUG]    | Value: ./config/assets/10's Movies/poster.jpg                                                      |
[2022-03-17 08:07:19,627] [builder.py:727]            [ERROR]    | Collection Error: Poster Path Does Not Exist: E:\Plex Media Manager\Plex-Meta-Manager\config\assets\10's Movies\poster.jpg |
[2022-03-17 08:07:20,606] [builder.py:619]            [INFO]     |                                                                                                    |
[2022-03-17 08:07:20,607] [builder.py:620]            [INFO]     | Validation Successful                                                                              |
[2022-03-17 08:07:20,615] [plex_meta_manager.py:758]  [INFO]     |                                                                                                    |
[2022-03-17 08:07:20,616] [util.py:216]               [INFO]     |================================== Running 10's Movies Collection ==================================|
[2022-03-17 08:07:20,617] [plex_meta_manager.py:773]  [INFO]     |                                                                                                    |
[2022-03-17 08:07:20,617] [plex_meta_manager.py:774]  [INFO]     | Sync Mode: append                                                                                  |
[2022-03-17 08:07:20,618] [builder.py:1275]           [DEBUG]    |                                                                                                    |
[2022-03-17 08:07:20,618] [builder.py:1276]           [DEBUG]    | Builder: plex_search: (1, 'Plex Movie Search\nSort By: title.asc\nFilter:\n  Match all of the following:\n    Match any of the following:\n      Decade is 2010', '?type=1&sort=titleSort&push=1&decade=2010&pop=1') |
[2022-03-17 08:07:20,618] [builder.py:1277]           [INFO]     |                                                                                                    |
[2022-03-17 08:07:20,618] [util.py:161]               [INFO]     | Plex Movie Search                                                                                  |
[2022-03-17 08:07:20,619] [util.py:161]               [INFO]     | Sort By: title.asc                                                                                 |
[2022-03-17 08:07:20,619] [util.py:161]               [INFO]     | Filter:                                                                                            |
[2022-03-17 08:07:20,620] [util.py:161]               [INFO]     |   Match all of the following:                                                                      |
[2022-03-17 08:07:20,620] [util.py:161]               [INFO]     |     Match any of the following:                                                                    |
[2022-03-17 08:07:20,620] [util.py:161]               [INFO]     |       Decade is 2010                                                                               |
[2022-03-17 08:07:21,281] [plex.py:746]               [DEBUG]    |                                                                                                    |
[2022-03-17 08:07:21,281] [plex.py:747]               [DEBUG]    | 194 Keys Found: [(35576, 'ratingKey'), (36120, 'ratingKey'), (36710, 'ratingKey'), (35756, 'ratingKey'), (31554, 'ratingKey'), (34336, 'ratingKey'), (34017, 'ratingKey'), (36140, 'ratingKey'), (31702, 'ratingKey'), (33911, 'ratingKey'), (33878, 'ratingKey'), (33871, 'ratingKey'), (33849, 'ratingKey'), (33495, 'ratingKey'), (36993, 'ratingKey'), (31215, 'ratingKey'), (35536, 'ratingKey'), (35773, 'ratingKey'), (34045, 'ratingKey'), (36397, 'ratingKey'), (31539, 'ratingKey'), (31694, 'ratingKey'), (31527, 'ratingKey'), (35913, 'ratingKey'), (31881, 'ratingKey'), (36551, 'ratingKey'), (36147, 'ratingKey'), (36595, 'ratingKey'), (36115, 'ratingKey'), (34114, 'ratingKey'), (34148, 'ratingKey'), (34072, 'ratingKey'), (34167, 'ratingKey'), (37035, 'ratingKey'), (35615, 'ratingKey'), (31898, 'ratingKey'), (35811, 'ratingKey'), (34834, 'ratingKey'), (34862, 'ratingKey'), (31511, 'ratingKey'), (36459, 'ratingKey'), (32388, 'ratingKey'), (34739, 'ratingKey'), (34738, 'ratingKey'), (31281, 'ratingKey'), (34728, 'ratingKey'), (34195, 'ratingKey'), (35654, 'ratingKey'), (31665, 'ratingKey'), (31664, 'ratingKey'), (36185, 'ratingKey'), (36220, 'ratingKey'), (33380, 'ratingKey'), (33537, 'ratingKey'), (36634, 'ratingKey'), (36537, 'ratingKey'), (31496, 'ratingKey'), (33635, 'ratingKey'), (33724, 'ratingKey'), (36440, 'ratingKey'), (33396, 'ratingKey'), (32424, 'ratingKey'), (32211, 'ratingKey'), (36458, 'ratingKey'), (33944, 'ratingKey'), (33920, 'ratingKey'), (33081, 'ratingKey'), (33804, 'ratingKey'), (36455, 'ratingKey'), (32140, 'ratingKey'), (34631, 'ratingKey'), (32421, 'ratingKey'), (36229, 'ratingKey'), (35315, 'ratingKey'), (33522, 'ratingKey'), (35735, 'ratingKey'), (35736, 'ratingKey'), (35737, 'ratingKey'), (36753, 'ratingKey'), (32035, 'ratingKey'), (36752, 'ratingKey'), (31663, 'ratingKey'), (35202, 'ratingKey'), (35200, 'ratingKey'), (35277, 'ratingKey'), (35201, 'ratingKey'), (31136, 'ratingKey'), (33082, 'ratingKey'), (31489, 'ratingKey'), (31897, 'ratingKey'), (31471, 'ratingKey'), (30833, 'ratingKey'), (36114, 'ratingKey'), (33248, 'ratingKey'), (33243, 'ratingKey'), (33242, 'ratingKey'), (33991, 'ratingKey'), (33973, 'ratingKey'), (32214, 'ratingKey'), (37043, 'ratingKey'), (33513, 'ratingKey'), (36830, 'ratingKey'), (36845, 'ratingKey'), (36873, 'ratingKey'), (31466, 'ratingKey'), (33843, 'ratingKey'), (37063, 'ratingKey'), (32440, 'ratingKey'), (32458, 'ratingKey'), (36761, 'ratingKey'), (34536, 'ratingKey'), (36093, 'ratingKey'), (36027, 'ratingKey'), (31969, 'ratingKey'), (31985, 'ratingKey'), (35988, 'ratingKey'), (31631, 'ratingKey'), (36697, 'ratingKey'), (30889, 'ratingKey'), (36263, 'ratingKey'), (33094, 'ratingKey'), (32648, 'ratingKey'), (31279, 'ratingKey'), (36898, 'ratingKey'), (36917, 'ratingKey'), (36957, 'ratingKey'), (36821, 'ratingKey'), (31431, 'ratingKey'), (35868, 'ratingKey'), (32438, 'ratingKey'), (32213, 'ratingKey'), (31216, 'ratingKey'), (36492, 'ratingKey'), (33064, 'ratingKey'), (32418, 'ratingKey'), (32432, 'ratingKey'), (32431, 'ratingKey'), (32652, 'ratingKey'), (32653, 'ratingKey'), (32657, 'ratingKey'), (36619, 'ratingKey'), (34894, 'ratingKey'), (34893, 'ratingKey'), (33093, 'ratingKey'), (32314, 'ratingKey'), (35351, 'ratingKey'), (33434, 'ratingKey'), (36781, 'ratingKey'), (36532, 'ratingKey'), (31320, 'ratingKey'), (32644, 'ratingKey'), (36533, 'ratingKey'), (36992, 'ratingKey'), (36324, 'ratingKey'), (35332, 'ratingKey'), (35955, 'ratingKey'), (35878, 'ratingKey'), (35463, 'ratingKey'), (36737, 'ratingKey'), (31211, 'ratingKey'), (35386, 'ratingKey'), (31099, 'ratingKey'), (33063, 'ratingKey'), (35888, 'ratingKey'), (36544, 'ratingKey'), (33253, 'ratingKey'), (34240, 'ratingKey'), (34222, 'ratingKey'), (32181, 'ratingKey'), (35499, 'ratingKey'), (34965, 'ratingKey'), (34937, 'ratingKey'), (34945, 'ratingKey'), (34707, 'ratingKey'), (35716, 'ratingKey'), (34325, 'ratingKey'), (34292, 'ratingKey'), (34317, 'ratingKey'), (31814, 'ratingKey'), (31832, 'ratingKey'), (33096, 'ratingKey'), (31563, 'ratingKey'), (33095, 'ratingKey'), (35730, 'ratingKey'), (32200, 'ratingKey'), (34684, 'ratingKey'), (35939, 'ratingKey'), (31253, 'ratingKey'), (36471, 'ratingKey'), (36026, 'ratingKey'), (36793, 'ratingKey'), (36580, 'ratingKey'), (31542, 'ratingKey'), (33697, 'ratingKey')] |
[2022-03-17 08:07:21,283] [builder.py:1282]           [DEBUG]    |                                                                                                    |
[2022-03-17 08:07:21,284] [builder.py:1283]           [DEBUG]    | 194 IDs Found: [(35576, 'ratingKey'), (36120, 'ratingKey'), (36710, 'ratingKey'), (35756, 'ratingKey'), (31554, 'ratingKey'), (34336, 'ratingKey'), (34017, 'ratingKey'), (36140, 'ratingKey'), (31702, 'ratingKey'), (33911, 'ratingKey'), (33878, 'ratingKey'), (33871, 'ratingKey'), (33849, 'ratingKey'), (33495, 'ratingKey'), (36993, 'ratingKey'), (31215, 'ratingKey'), (35536, 'ratingKey'), (35773, 'ratingKey'), (34045, 'ratingKey'), (36397, 'ratingKey'), (31539, 'ratingKey'), (31694, 'ratingKey'), (31527, 'ratingKey'), (35913, 'ratingKey'), (31881, 'ratingKey'), (36551, 'ratingKey'), (36147, 'ratingKey'), (36595, 'ratingKey'), (36115, 'ratingKey'), (34114, 'ratingKey'), (34148, 'ratingKey'), (34072, 'ratingKey'), (34167, 'ratingKey'), (37035, 'ratingKey'), (35615, 'ratingKey'), (31898, 'ratingKey'), (35811, 'ratingKey'), (34834, 'ratingKey'), (34862, 'ratingKey'), (31511, 'ratingKey'), (36459, 'ratingKey'), (32388, 'ratingKey'), (34739, 'ratingKey'), (34738, 'ratingKey'), (31281, 'ratingKey'), (34728, 'ratingKey'), (34195, 'ratingKey'), (35654, 'ratingKey'), (31665, 'ratingKey'), (31664, 'ratingKey'), (36185, 'ratingKey'), (36220, 'ratingKey'), (33380, 'ratingKey'), (33537, 'ratingKey'), (36634, 'ratingKey'), (36537, 'ratingKey'), (31496, 'ratingKey'), (33635, 'ratingKey'), (33724, 'ratingKey'), (36440, 'ratingKey'), (33396, 'ratingKey'), (32424, 'ratingKey'), (32211, 'ratingKey'), (36458, 'ratingKey'), (33944, 'ratingKey'), (33920, 'ratingKey'), (33081, 'ratingKey'), (33804, 'ratingKey'), (36455, 'ratingKey'), (32140, 'ratingKey'), (34631, 'ratingKey'), (32421, 'ratingKey'), (36229, 'ratingKey'), (35315, 'ratingKey'), (33522, 'ratingKey'), (35735, 'ratingKey'), (35736, 'ratingKey'), (35737, 'ratingKey'), (36753, 'ratingKey'), (32035, 'ratingKey'), (36752, 'ratingKey'), (31663, 'ratingKey'), (35202, 'ratingKey'), (35200, 'ratingKey'), (35277, 'ratingKey'), (35201, 'ratingKey'), (31136, 'ratingKey'), (33082, 'ratingKey'), (31489, 'ratingKey'), (31897, 'ratingKey'), (31471, 'ratingKey'), (30833, 'ratingKey'), (36114, 'ratingKey'), (33248, 'ratingKey'), (33243, 'ratingKey'), (33242, 'ratingKey'), (33991, 'ratingKey'), (33973, 'ratingKey'), (32214, 'ratingKey'), (37043, 'ratingKey'), (33513, 'ratingKey'), (36830, 'ratingKey'), (36845, 'ratingKey'), (36873, 'ratingKey'), (31466, 'ratingKey'), (33843, 'ratingKey'), (37063, 'ratingKey'), (32440, 'ratingKey'), (32458, 'ratingKey'), (36761, 'ratingKey'), (34536, 'ratingKey'), (36093, 'ratingKey'), (36027, 'ratingKey'), (31969, 'ratingKey'), (31985, 'ratingKey'), (35988, 'ratingKey'), (31631, 'ratingKey'), (36697, 'ratingKey'), (30889, 'ratingKey'), (36263, 'ratingKey'), (33094, 'ratingKey'), (32648, 'ratingKey'), (31279, 'ratingKey'), (36898, 'ratingKey'), (36917, 'ratingKey'), (36957, 'ratingKey'), (36821, 'ratingKey'), (31431, 'ratingKey'), (35868, 'ratingKey'), (32438, 'ratingKey'), (32213, 'ratingKey'), (31216, 'ratingKey'), (36492, 'ratingKey'), (33064, 'ratingKey'), (32418, 'ratingKey'), (32432, 'ratingKey'), (32431, 'ratingKey'), (32652, 'ratingKey'), (32653, 'ratingKey'), (32657, 'ratingKey'), (36619, 'ratingKey'), (34894, 'ratingKey'), (34893, 'ratingKey'), (33093, 'ratingKey'), (32314, 'ratingKey'), (35351, 'ratingKey'), (33434, 'ratingKey'), (36781, 'ratingKey'), (36532, 'ratingKey'), (31320, 'ratingKey'), (32644, 'ratingKey'), (36533, 'ratingKey'), (36992, 'ratingKey'), (36324, 'ratingKey'), (35332, 'ratingKey'), (35955, 'ratingKey'), (35878, 'ratingKey'), (35463, 'ratingKey'), (36737, 'ratingKey'), (31211, 'ratingKey'), (35386, 'ratingKey'), (31099, 'ratingKey'), (33063, 'ratingKey'), (35888, 'ratingKey'), (36544, 'ratingKey'), (33253, 'ratingKey'), (34240, 'ratingKey'), (34222, 'ratingKey'), (32181, 'ratingKey'), (35499, 'ratingKey'), (34965, 'ratingKey'), (34937, 'ratingKey'), (34945, 'ratingKey'), (34707, 'ratingKey'), (35716, 'ratingKey'), (34325, 'ratingKey'), (34292, 'ratingKey'), (34317, 'ratingKey'), (31814, 'ratingKey'), (31832, 'ratingKey'), (33096, 'ratingKey'), (31563, 'ratingKey'), (33095, 'ratingKey'), (35730, 'ratingKey'), (32200, 'ratingKey'), (34684, 'ratingKey'), (35939, 'ratingKey'), (31253, 'ratingKey'), (36471, 'ratingKey'), (36026, 'ratingKey'), (36793, 'ratingKey'), (36580, 'ratingKey'), (31542, 'ratingKey'), (33697, 'ratingKey')] |
[2022-03-17 08:07:21,285] [builder.py:1284]           [DEBUG]    |                                                                                                    |
[2022-03-17 08:07:28,343] [builder.py:1697]           [INFO]     |                                                                                                    |
[2022-03-17 08:07:28,344] [util.py:216]               [INFO]     |================================= Adding to 10's Movies Collection =================================|
[2022-03-17 08:07:28,345] [builder.py:1699]           [INFO]     |                                                                                                    |
[2022-03-17 08:07:28,345] [builder.py:1709]           [INFO]     |   1/194 | 10's Movies Collection | = | 12 Years a Slave (2013)                                     |
[2022-03-17 08:07:28,346] [builder.py:1709]           [INFO]     |   2/194 | 10's Movies Collection | = | 1917 (2019)                                                 |
[2022-03-17 08:07:28,346] [builder.py:1709]           [INFO]     |   3/194 | 10's Movies Collection | = | Alien: Covenant (2017)                                      |
[2022-03-17 08:07:28,347] [builder.py:1709]           [INFO]     |   4/194 | 10's Movies Collection | = | All the Way (2016)                                          |
[2022-03-17 08:07:28,347] [builder.py:1709]           [INFO]     |   5/194 | 10's Movies Collection | = | Annihilation (2018)                                         |
[2022-03-17 08:07:28,347] [builder.py:1709]           [INFO]     |   6/194 | 10's Movies Collection | = | Ant-Man (2015)                                              |
[2022-03-17 08:07:28,348] [builder.py:1709]           [INFO]     |   7/194 | 10's Movies Collection | = | Ant-Man and the Wasp (2018)                                 |
[2022-03-17 08:07:28,348] [builder.py:1709]           [INFO]     |   8/194 | 10's Movies Collection | = | Aquaman (2018)                                              |
[2022-03-17 08:07:28,349] [builder.py:1709]           [INFO]     |   9/194 | 10's Movies Collection | = | Arrival (2016)                                              |
[2022-03-17 08:07:28,349] [builder.py:1709]           [INFO]     |  10/194 | 10's Movies Collection | = | The Avengers (2012)                                         |
[2022-03-17 08:07:28,350] [builder.py:1709]           [INFO]     |  11/194 | 10's Movies Collection | = | Avengers: Age of Ultron (2015)                              |
[2022-03-17 08:07:28,350] [builder.py:1709]           [INFO]     |  12/194 | 10's Movies Collection | = | Avengers: Infinity War (2018)                               |
[2022-03-17 08:07:28,350] [builder.py:1709]           [INFO]     |  13/194 | 10's Movies Collection | = | Avengers: Endgame (2019)                                    |
[2022-03-17 08:07:28,351] [builder.py:1709]           [INFO]     |  14/194 | 10's Movies Collection | = | The Babadook (2014)                                         |
[2022-03-17 08:07:28,351] [builder.py:1709]           [INFO]     |  15/194 | 10's Movies Collection | = | Baby Driver (2017)                                          |
[2022-03-17 08:07:28,352] [builder.py:1709]           [INFO]     |  16/194 | 10's Movies Collection | = | Beast (2017)                                                |
[2022-03-17 08:07:28,352] [builder.py:1709]           [INFO]     |  17/194 | 10's Movies Collection | = | Belle (2013)                                                |
[2022-03-17 08:07:28,353] [builder.py:1709]           [INFO]     |  18/194 | 10's Movies Collection | = | Big Hero 6 (2014)                                           |
[2022-03-17 08:07:28,355] [builder.py:1709]           [INFO]     |  19/194 | 10's Movies Collection | = | Black Panther (2018)                                        |
[2022-03-17 08:07:28,355] [builder.py:1709]           [INFO]     |  20/194 | 10's Movies Collection | = | BlacKkKlansman (2018)                                       |
[2022-03-17 08:07:28,356] [builder.py:1709]           [INFO]     |  21/194 | 10's Movies Collection | = | Blade Runner 2049 (2017)                                    |
[2022-03-17 08:07:28,356] [builder.py:1709]           [INFO]     |  22/194 | 10's Movies Collection | = | Border (2018)                                               |
[2022-03-17 08:07:28,357] [builder.py:1709]           [INFO]     |  23/194 | 10's Movies Collection | = | Boy & the World (2013)                                      |
[2022-03-17 08:07:28,357] [builder.py:1709]           [INFO]     |  24/194 | 10's Movies Collection | = | The Boy and the Beast (2015)                                |
[2022-03-17 08:07:28,357] [builder.py:1709]           [INFO]     |  25/194 | 10's Movies Collection | = | Brave (2012)                                                |
[2022-03-17 08:07:28,358] [builder.py:1709]           [INFO]     |  26/194 | 10's Movies Collection | = | Brooklyn (2015)                                             |
[2022-03-17 08:07:28,358] [builder.py:1709]           [INFO]     |  27/194 | 10's Movies Collection | = | The Cabin in the Woods (2012)                               |
[2022-03-17 08:07:28,359] [builder.py:1709]           [INFO]     |  28/194 | 10's Movies Collection | = | Calvary (2014)                                              |
[2022-03-17 08:07:28,359] [builder.py:1709]           [INFO]     |  29/194 | 10's Movies Collection | = | Capernaum (2018)                                            |
[2022-03-17 08:07:28,360] [builder.py:1709]           [INFO]     |  30/194 | 10's Movies Collection | = | Captain America: The First Avenger (2011)                   |
[2022-03-17 08:07:28,360] [builder.py:1709]           [INFO]     |  31/194 | 10's Movies Collection | = | Captain America: The Winter Soldier (2014)                  |
[2022-03-17 08:07:28,361] [builder.py:1709]           [INFO]     |  32/194 | 10's Movies Collection | = | Captain America: Civil War (2016)                           |
[2022-03-17 08:07:28,361] [builder.py:1709]           [INFO]     |  33/194 | 10's Movies Collection | = | Captain Marvel (2019)                                       |
[2022-03-17 08:07:28,362] [builder.py:1709]           [INFO]     |  34/194 | 10's Movies Collection | = | The Chronicles of Narnia: The Voyage of the Dawn Treader (2010) |
[2022-03-17 08:07:28,362] [builder.py:1709]           [INFO]     |  35/194 | 10's Movies Collection | = | Cloudy with a Chance of Meatballs 2 (2013)                  |
[2022-03-17 08:07:28,363] [builder.py:1709]           [INFO]     |  36/194 | 10's Movies Collection | = | Coco (2017)                                                 |
[2022-03-17 08:07:28,363] [builder.py:1709]           [INFO]     |  37/194 | 10's Movies Collection | = | Color Out of Space (2019)                                   |
[2022-03-17 08:07:28,364] [builder.py:1709]           [INFO]     |  38/194 | 10's Movies Collection | = | The Conjuring (2013)                                        |
[2022-03-17 08:07:28,364] [builder.py:1709]           [INFO]     |  39/194 | 10's Movies Collection | = | The Conjuring 2 (2016)                                      |
[2022-03-17 08:07:28,365] [builder.py:1709]           [INFO]     |  40/194 | 10's Movies Collection | = | Crazy Rich Asians (2018)                                    |
[2022-03-17 08:07:28,366] [builder.py:1709]           [INFO]     |  41/194 | 10's Movies Collection | = | The Curse of La Llorona (2019)                              |
[2022-03-17 08:07:28,366] [builder.py:1709]           [INFO]     |  42/194 | 10's Movies Collection | = | The Dark Knight Rises (2012)                                |
[2022-03-17 08:07:28,367] [builder.py:1709]           [INFO]     |  43/194 | 10's Movies Collection | = | Deadpool (2016)                                             |
[2022-03-17 08:07:28,367] [builder.py:1709]           [INFO]     |  44/194 | 10's Movies Collection | = | Deadpool 2 (2018)                                           |
[2022-03-17 08:07:28,368] [builder.py:1709]           [INFO]     |  45/194 | 10's Movies Collection | = | The Devil's Candy (2017)                                    |
[2022-03-17 08:07:28,368] [builder.py:1709]           [INFO]     |  46/194 | 10's Movies Collection | = | Django Unchained (2012)                                     |
[2022-03-17 08:07:28,369] [builder.py:1709]           [INFO]     |  47/194 | 10's Movies Collection | = | Doctor Strange (2016)                                       |
[2022-03-17 08:07:28,371] [builder.py:1709]           [INFO]     |  48/194 | 10's Movies Collection | = | Dora and the Lost City of Gold (2019)                       |
[2022-03-17 08:07:28,372] [builder.py:1709]           [INFO]     |  49/194 | 10's Movies Collection | = | Dunkirk (2017)                                              |
[2022-03-17 08:07:28,373] [builder.py:1709]           [INFO]     |  50/194 | 10's Movies Collection | = | Ex Machina (2015)                                           |
[2022-03-17 08:07:28,373] [builder.py:1709]           [INFO]     |  51/194 | 10's Movies Collection | = | Fantastic Beasts and Where to Find Them (2016)              |
[2022-03-17 08:07:28,374] [builder.py:1709]           [INFO]     |  52/194 | 10's Movies Collection | = | Fantastic Beasts: The Crimes of Grindelwald (2018)          |
[2022-03-17 08:07:28,374] [builder.py:1709]           [INFO]     |  53/194 | 10's Movies Collection | = | Fists of Legend (2013)                                      |
[2022-03-17 08:07:28,375] [builder.py:1709]           [INFO]     |  54/194 | 10's Movies Collection | = | The Foreigner (2017)                                        |
[2022-03-17 08:07:28,375] [builder.py:1709]           [INFO]     |  55/194 | 10's Movies Collection | = | Frank (2014)                                                |
[2022-03-17 08:07:28,376] [builder.py:1709]           [INFO]     |  56/194 | 10's Movies Collection | = | Freaks (2018)                                               |
[2022-03-17 08:07:28,376] [builder.py:1709]           [INFO]     |  57/194 | 10's Movies Collection | = | From Up on Poppy Hill (2011)                                |
[2022-03-17 08:07:28,377] [builder.py:1709]           [INFO]     |  58/194 | 10's Movies Collection | = | Frozen (2013)                                               |
[2022-03-17 08:07:28,377] [builder.py:1709]           [INFO]     |  59/194 | 10's Movies Collection | = | Frozen II (2019)                                            |
[2022-03-17 08:07:28,378] [builder.py:1709]           [INFO]     |  60/194 | 10's Movies Collection | = | Gerald's Game (2017)                                        |
[2022-03-17 08:07:28,379] [builder.py:1709]           [INFO]     |  61/194 | 10's Movies Collection | = | Get Out (2017)                                              |
[2022-03-17 08:07:28,379] [builder.py:1709]           [INFO]     |  62/194 | 10's Movies Collection | = | Gone Girl (2014)                                            |
[2022-03-17 08:07:28,380] [builder.py:1709]           [INFO]     |  63/194 | 10's Movies Collection | = | The Grand Budapest Hotel (2014)                             |
[2022-03-17 08:07:28,380] [builder.py:1709]           [INFO]     |  64/194 | 10's Movies Collection | = | Green Room (2015)                                           |
[2022-03-17 08:07:28,381] [builder.py:1709]           [INFO]     |  65/194 | 10's Movies Collection | = | Guardians of the Galaxy (2014)                              |
[2022-03-17 08:07:28,381] [builder.py:1709]           [INFO]     |  66/194 | 10's Movies Collection | = | Guardians of the Galaxy Vol. 2 (2017)                       |
[2022-03-17 08:07:28,382] [builder.py:1709]           [INFO]     |  67/194 | 10's Movies Collection | = | The Handmaiden (2016)                                       |
[2022-03-17 08:07:28,383] [builder.py:1709]           [INFO]     |  68/194 | 10's Movies Collection | = | Hara-Kiri: Death of a Samurai (2011)                        |
[2022-03-17 08:07:28,383] [builder.py:1709]           [INFO]     |  69/194 | 10's Movies Collection | = | Harpoon (2019)                                              |
[2022-03-17 08:07:28,384] [builder.py:1709]           [INFO]     |  70/194 | 10's Movies Collection | = | Harry Potter and the Deathly Hallows: Part 1 (2010)         |
[2022-03-17 08:07:28,384] [builder.py:1709]           [INFO]     |  71/194 | 10's Movies Collection | = | Harry Potter and the Deathly Hallows: Part 2 (2011)         |
[2022-03-17 08:07:28,385] [builder.py:1709]           [INFO]     |  72/194 | 10's Movies Collection | = | The Hateful Eight (2015)                                    |
[2022-03-17 08:07:28,387] [builder.py:1709]           [INFO]     |  73/194 | 10's Movies Collection | = | Hell or High Water (2016)                                   |
[2022-03-17 08:07:28,388] [builder.py:1709]           [INFO]     |  74/194 | 10's Movies Collection | = | Her (2013)                                                  |
[2022-03-17 08:07:28,388] [builder.py:1709]           [INFO]     |  75/194 | 10's Movies Collection | = | Hereditary (2018)                                           |
[2022-03-17 08:07:28,389] [builder.py:1709]           [INFO]     |  76/194 | 10's Movies Collection | = | The Hobbit: An Unexpected Journey (2012)                    |
[2022-03-17 08:07:28,390] [builder.py:1709]           [INFO]     |  77/194 | 10's Movies Collection | = | The Hobbit: The Desolation of Smaug (2013)                  |
[2022-03-17 08:07:28,390] [builder.py:1709]           [INFO]     |  78/194 | 10's Movies Collection | = | The Hobbit: The Battle of the Five Armies (2014)            |
[2022-03-17 08:07:28,391] [builder.py:1709]           [INFO]     |  79/194 | 10's Movies Collection | = | How to Train Your Dragon (2010)                             |
[2022-03-17 08:07:28,392] [builder.py:1709]           [INFO]     |  80/194 | 10's Movies Collection | = | How to Train Your Dragon 2 (2014)                           |
[2022-03-17 08:07:28,392] [builder.py:1709]           [INFO]     |  81/194 | 10's Movies Collection | = | How to Train Your Dragon: The Hidden World (2019)           |
[2022-03-17 08:07:28,393] [builder.py:1709]           [INFO]     |  82/194 | 10's Movies Collection | = | Hugo (2011)                                                 |
[2022-03-17 08:07:28,393] [builder.py:1709]           [INFO]     |  83/194 | 10's Movies Collection | = | The Hunger Games (2012)                                     |
[2022-03-17 08:07:28,394] [builder.py:1709]           [INFO]     |  84/194 | 10's Movies Collection | = | The Hunger Games: Catching Fire (2013)                      |
[2022-03-17 08:07:28,395] [builder.py:1709]           [INFO]     |  85/194 | 10's Movies Collection | = | The Hunger Games: Mockingjay - Part 1 (2014)                |
[2022-03-17 08:07:28,395] [builder.py:1709]           [INFO]     |  86/194 | 10's Movies Collection | = | The Hunger Games: Mockingjay - Part 2 (2015)                |
[2022-03-17 08:07:28,396] [builder.py:1709]           [INFO]     |  87/194 | 10's Movies Collection | = | The Hustle (2019)                                           |
[2022-03-17 08:07:28,397] [builder.py:1709]           [INFO]     |  88/194 | 10's Movies Collection | = | I Saw the Devil (2010)                                      |
[2022-03-17 08:07:28,397] [builder.py:1709]           [INFO]     |  89/194 | 10's Movies Collection | = | Inception (2010)                                            |
[2022-03-17 08:07:28,398] [builder.py:1709]           [INFO]     |  90/194 | 10's Movies Collection | = | Inside Out (2015)                                           |
[2022-03-17 08:07:28,399] [builder.py:1709]           [INFO]     |  91/194 | 10's Movies Collection | = | Insidious (2010)                                            |
[2022-03-17 08:07:28,399] [builder.py:1709]           [INFO]     |  92/194 | 10's Movies Collection | = | Interstellar (2014)                                         |
[2022-03-17 08:07:28,400] [builder.py:1709]           [INFO]     |  93/194 | 10's Movies Collection | = | The Intouchables (2011)                                     |
[2022-03-17 08:07:28,401] [builder.py:1709]           [INFO]     |  94/194 | 10's Movies Collection | = | Ip Man 2 (2010)                                             |
[2022-03-17 08:07:28,403] [builder.py:1709]           [INFO]     |  95/194 | 10's Movies Collection | = | Ip Man 3 (2015)                                             |
[2022-03-17 08:07:28,404] [builder.py:1709]           [INFO]     |  96/194 | 10's Movies Collection | = | Ip Man 4: The Finale (2019)                                 |
[2022-03-17 08:07:28,405] [builder.py:1709]           [INFO]     |  97/194 | 10's Movies Collection | = | Iron Man 2 (2010)                                           |
[2022-03-17 08:07:28,405] [builder.py:1709]           [INFO]     |  98/194 | 10's Movies Collection | = | Iron Man 3 (2013)                                           |
[2022-03-17 08:07:28,406] [builder.py:1709]           [INFO]     |  99/194 | 10's Movies Collection | = | Isle of Dogs (2018)                                         |
[2022-03-17 08:07:28,407] [builder.py:1709]           [INFO]     | 100/194 | 10's Movies Collection | = | It Chapter Two (2019)                                       |
[2022-03-17 08:07:28,407] [builder.py:1709]           [INFO]     | 101/194 | 10's Movies Collection | = | It Follows (2014)                                           |
[2022-03-17 08:07:28,408] [builder.py:1709]           [INFO]     | 102/194 | 10's Movies Collection | = | John Wick (2014)                                            |
[2022-03-17 08:07:28,409] [builder.py:1709]           [INFO]     | 103/194 | 10's Movies Collection | = | John Wick: Chapter 2 (2017)                                 |
[2022-03-17 08:07:28,409] [builder.py:1709]           [INFO]     | 104/194 | 10's Movies Collection | = | John Wick: Chapter 3 - Parabellum (2019)                    |
[2022-03-17 08:07:28,410] [builder.py:1709]           [INFO]     | 105/194 | 10's Movies Collection | = | Jojo Rabbit (2019)                                          |
[2022-03-17 08:07:28,411] [builder.py:1709]           [INFO]     | 106/194 | 10's Movies Collection | = | Joker (2019)                                                |
[2022-03-17 08:07:28,412] [builder.py:1709]           [INFO]     | 107/194 | 10's Movies Collection | + | Judy (2019)                                                 |
[2022-03-17 08:07:28,574] [builder.py:1709]           [INFO]     | 108/194 | 10's Movies Collection | = | Jumanji: Welcome to the Jungle (2017)                       |
[2022-03-17 08:07:28,575] [builder.py:1709]           [INFO]     | 109/194 | 10's Movies Collection | = | Jumanji: The Next Level (2019)                              |
[2022-03-17 08:07:28,576] [builder.py:1709]           [INFO]     | 110/194 | 10's Movies Collection | = | Jurassic World (2015)                                       |
[2022-03-17 08:07:28,576] [builder.py:1709]           [INFO]     | 111/194 | 10's Movies Collection | = | Jurassic World: Fallen Kingdom (2018)                       |
[2022-03-17 08:07:28,577] [builder.py:1709]           [INFO]     | 112/194 | 10's Movies Collection | = | The Karate Kid (2010)                                       |
[2022-03-17 08:07:28,578] [builder.py:1709]           [INFO]     | 113/194 | 10's Movies Collection | = | Knives Out (2019)                                           |
[2022-03-17 08:07:28,579] [builder.py:1709]           [INFO]     | 114/194 | 10's Movies Collection | = | Kung Fu Panda 2 (2011)                                      |
[2022-03-17 08:07:28,579] [builder.py:1709]           [INFO]     | 115/194 | 10's Movies Collection | = | Kung Fu Panda 3 (2016)                                      |
[2022-03-17 08:07:28,580] [builder.py:1709]           [INFO]     | 116/194 | 10's Movies Collection | = | Les Misérables (2012)                                       |
[2022-03-17 08:07:28,581] [builder.py:1709]           [INFO]     | 117/194 | 10's Movies Collection | = | The Lighthouse (2019)                                       |
[2022-03-17 08:07:28,582] [builder.py:1709]           [INFO]     | 118/194 | 10's Movies Collection | = | Logan (2017)                                                |
[2022-03-17 08:07:28,582] [builder.py:1709]           [INFO]     | 119/194 | 10's Movies Collection | = | Mad Max: Fury Road (2015)                                   |
[2022-03-17 08:07:28,583] [builder.py:1709]           [INFO]     | 120/194 | 10's Movies Collection | = | Mamma Mia! Here We Go Again (2018)                          |
[2022-03-17 08:07:28,584] [builder.py:1709]           [INFO]     | 121/194 | 10's Movies Collection | = | The Man from Nowhere (2010)                                 |
[2022-03-17 08:07:28,585] [builder.py:1709]           [INFO]     | 122/194 | 10's Movies Collection | = | Mandy (2018)                                                |
[2022-03-17 08:07:28,585] [builder.py:1709]           [INFO]     | 123/194 | 10's Movies Collection | = | The Martian (2015)                                          |
[2022-03-17 08:07:28,586] [builder.py:1709]           [INFO]     | 124/194 | 10's Movies Collection | = | The Maze Runner (2014)                                      |
[2022-03-17 08:07:28,587] [builder.py:1709]           [INFO]     | 125/194 | 10's Movies Collection | = | Maze Runner: The Death Cure (2018)                          |
[2022-03-17 08:07:28,588] [builder.py:1709]           [INFO]     | 126/194 | 10's Movies Collection | = | Maze Runner: The Scorch Trials (2015)                       |
[2022-03-17 08:07:28,588] [builder.py:1709]           [INFO]     | 127/194 | 10's Movies Collection | = | Men in Black: International (2019)                          |
[2022-03-17 08:07:28,589] [builder.py:1709]           [INFO]     | 128/194 | 10's Movies Collection | = | Midsommar (2019)                                            |
[2022-03-17 08:07:28,590] [builder.py:1709]           [INFO]     | 129/194 | 10's Movies Collection | = | Mirai (2018)                                                |
[2022-03-17 08:07:28,592] [builder.py:1709]           [INFO]     | 130/194 | 10's Movies Collection | = | Moana (2016)                                                |
[2022-03-17 08:07:28,594] [builder.py:1709]           [INFO]     | 131/194 | 10's Movies Collection | = | Moonrise Kingdom (2012)                                     |
[2022-03-17 08:07:28,594] [builder.py:1709]           [INFO]     | 132/194 | 10's Movies Collection | = | Never Let Me Go (2010)                                      |
[2022-03-17 08:07:28,595] [builder.py:1709]           [INFO]     | 133/194 | 10's Movies Collection | = | Nightcrawler (2014)                                         |
[2022-03-17 08:07:28,596] [builder.py:1709]           [INFO]     | 134/194 | 10's Movies Collection | = | Okja (2017)                                                 |
[2022-03-17 08:07:28,597] [builder.py:1709]           [INFO]     | 135/194 | 10's Movies Collection | = | Once Upon a Time... In Hollywood (2019)                     |
[2022-03-17 08:07:28,597] [builder.py:1709]           [INFO]     | 136/194 | 10's Movies Collection | = | Pacific Rim (2013)                                          |
[2022-03-17 08:07:28,598] [builder.py:1709]           [INFO]     | 137/194 | 10's Movies Collection | = | Pacific Rim: Uprising (2018)                                |
[2022-03-17 08:07:28,599] [builder.py:1709]           [INFO]     | 138/194 | 10's Movies Collection | = | Paddington (2014)                                           |
[2022-03-17 08:07:28,600] [builder.py:1709]           [INFO]     | 139/194 | 10's Movies Collection | = | Paddington 2 (2017)                                         |
[2022-03-17 08:07:28,600] [builder.py:1709]           [INFO]     | 140/194 | 10's Movies Collection | = | Parasite (2019)                                             |
[2022-03-17 08:07:28,601] [builder.py:1709]           [INFO]     | 141/194 | 10's Movies Collection | = | Philomena (2013)                                            |
[2022-03-17 08:07:28,602] [builder.py:1709]           [INFO]     | 142/194 | 10's Movies Collection | = | Pirates of the Caribbean: Dead Men Tell No Tales (2017)     |
[2022-03-17 08:07:28,603] [builder.py:1709]           [INFO]     | 143/194 | 10's Movies Collection | = | Pirates of the Caribbean: On Stranger Tides (2011)          |
[2022-03-17 08:07:28,603] [builder.py:1709]           [INFO]     | 144/194 | 10's Movies Collection | = | Poetry (2010)                                               |
[2022-03-17 08:07:28,604] [builder.py:1709]           [INFO]     | 145/194 | 10's Movies Collection | = | Prometheus (2012)                                           |
[2022-03-17 08:07:28,605] [builder.py:1709]           [INFO]     | 146/194 | 10's Movies Collection | = | Queen of Katwe (2016)                                       |
[2022-03-17 08:07:28,606] [builder.py:1709]           [INFO]     | 147/194 | 10's Movies Collection | = | A Quiet Place (2018)                                        |
[2022-03-17 08:07:28,612] [builder.py:1709]           [INFO]     | 148/194 | 10's Movies Collection | = | Ralph Breaks the Internet (2018)                            |
[2022-03-17 08:07:28,613] [builder.py:1709]           [INFO]     | 149/194 | 10's Movies Collection | = | Raw (2016)                                                  |
[2022-03-17 08:07:28,614] [builder.py:1709]           [INFO]     | 150/194 | 10's Movies Collection | = | Ready or Not (2019)                                         |
[2022-03-17 08:07:28,615] [builder.py:1709]           [INFO]     | 151/194 | 10's Movies Collection | = | The Red Turtle (2016)                                       |
[2022-03-17 08:07:28,616] [builder.py:1709]           [INFO]     | 152/194 | 10's Movies Collection | = | Revenge (2017)                                              |
[2022-03-17 08:07:28,616] [builder.py:1709]           [INFO]     | 153/194 | 10's Movies Collection | = | The Ritual (2017)                                           |
[2022-03-17 08:07:28,617] [builder.py:1709]           [INFO]     | 154/194 | 10's Movies Collection | = | Scary Stories to Tell in the Dark (2019)                    |
[2022-03-17 08:07:28,618] [builder.py:1709]           [INFO]     | 155/194 | 10's Movies Collection | = | Scott Pilgrim vs. the World (2010)                          |
[2022-03-17 08:07:28,619] [builder.py:1709]           [INFO]     | 156/194 | 10's Movies Collection | = | The Secret World of Arrietty (2010)                         |
[2022-03-17 08:07:28,620] [builder.py:1709]           [INFO]     | 157/194 | 10's Movies Collection | = | Seoul Station (2016)                                        |
[2022-03-17 08:07:28,621] [builder.py:1709]           [INFO]     | 158/194 | 10's Movies Collection | = | The Shape of Water (2017)                                   |
[2022-03-17 08:07:28,622] [builder.py:1709]           [INFO]     | 159/194 | 10's Movies Collection | = | Shrek Forever After (2010)                                  |
[2022-03-17 08:07:28,624] [builder.py:1709]           [INFO]     | 160/194 | 10's Movies Collection | = | Shrew's Nest (2014)                                         |
[2022-03-17 08:07:28,625] [builder.py:1709]           [INFO]     | 161/194 | 10's Movies Collection | = | Silver Linings Playbook (2012)                              |
[2022-03-17 08:07:28,626] [builder.py:1709]           [INFO]     | 162/194 | 10's Movies Collection | = | Skyfall (2012)                                              |
[2022-03-17 08:07:28,627] [builder.py:1709]           [INFO]     | 163/194 | 10's Movies Collection | = | Snowpiercer (2013)                                          |
[2022-03-17 08:07:28,628] [builder.py:1709]           [INFO]     | 164/194 | 10's Movies Collection | = | Solo: A Star Wars Story (2018)                              |
[2022-03-17 08:07:28,629] [builder.py:1709]           [INFO]     | 165/194 | 10's Movies Collection | = | Song of the Sea (2014)                                      |
[2022-03-17 08:07:28,630] [builder.py:1709]           [INFO]     | 166/194 | 10's Movies Collection | = | Spectre (2015)                                              |
[2022-03-17 08:07:28,630] [builder.py:1709]           [INFO]     | 167/194 | 10's Movies Collection | = | Spider-Man: Homecoming (2017)                               |
[2022-03-17 08:07:28,631] [builder.py:1709]           [INFO]     | 168/194 | 10's Movies Collection | = | Spider-Man: Far from Home (2019)                            |
[2022-03-17 08:07:28,632] [builder.py:1709]           [INFO]     | 169/194 | 10's Movies Collection | = | Spider-Man: Into the Spider-Verse (2018)                    |
[2022-03-17 08:07:28,633] [builder.py:1709]           [INFO]     | 170/194 | 10's Movies Collection | = | A Star Is Born (2018)                                       |
[2022-03-17 08:07:28,634] [builder.py:1709]           [INFO]     | 171/194 | 10's Movies Collection | = | Star Wars: Episode IX - The Rise of Skywalker (2019)        |
[2022-03-17 08:07:28,635] [builder.py:1709]           [INFO]     | 172/194 | 10's Movies Collection | = | Star Wars: Episode VII - The Force Awakens (2015)           |
[2022-03-17 08:07:28,636] [builder.py:1709]           [INFO]     | 173/194 | 10's Movies Collection | = | Star Wars: Episode VIII - The Last Jedi (2017)              |
[2022-03-17 08:07:28,637] [builder.py:1709]           [INFO]     | 174/194 | 10's Movies Collection | = | The Tale of The Princess Kaguya (2013)                      |
[2022-03-17 08:07:28,638] [builder.py:1709]           [INFO]     | 175/194 | 10's Movies Collection | = | Tangled (2010)                                              |
[2022-03-17 08:07:28,640] [builder.py:1709]           [INFO]     | 176/194 | 10's Movies Collection | = | Thor (2011)                                                 |
[2022-03-17 08:07:28,641] [builder.py:1709]           [INFO]     | 177/194 | 10's Movies Collection | = | Thor: The Dark World (2013)                                 |
[2022-03-17 08:07:28,642] [builder.py:1709]           [INFO]     | 178/194 | 10's Movies Collection | = | Thor: Ragnarok (2017)                                       |
[2022-03-17 08:07:28,643] [builder.py:1709]           [INFO]     | 179/194 | 10's Movies Collection | = | Toy Story 3 (2010)                                          |
[2022-03-17 08:07:28,644] [builder.py:1709]           [INFO]     | 180/194 | 10's Movies Collection | = | Toy Story 4 (2019)                                          |
[2022-03-17 08:07:28,645] [builder.py:1709]           [INFO]     | 181/194 | 10's Movies Collection | = | Train to Busan (2016)                                       |
[2022-03-17 08:07:28,645] [builder.py:1709]           [INFO]     | 182/194 | 10's Movies Collection | = | Us (2019)                                                   |
[2022-03-17 08:07:28,646] [builder.py:1709]           [INFO]     | 183/194 | 10's Movies Collection | = | The Wailing (2016)                                          |
[2022-03-17 08:07:28,647] [builder.py:1709]           [INFO]     | 184/194 | 10's Movies Collection | = | Waves (2019)                                                |
[2022-03-17 08:07:28,648] [builder.py:1709]           [INFO]     | 185/194 | 10's Movies Collection | = | Weathering with You (2019)                                  |
[2022-03-17 08:07:28,649] [builder.py:1709]           [INFO]     | 186/194 | 10's Movies Collection | = | When Marnie Was There (2014)                                |
[2022-03-17 08:07:28,650] [builder.py:1709]           [INFO]     | 187/194 | 10's Movies Collection | = | Whiplash (2014)                                             |
[2022-03-17 08:07:28,651] [builder.py:1709]           [INFO]     | 188/194 | 10's Movies Collection | = | The Wind Rises (2013)                                       |
[2022-03-17 08:07:28,652] [builder.py:1709]           [INFO]     | 189/194 | 10's Movies Collection | = | The Witch (2015)                                            |
[2022-03-17 08:07:28,653] [builder.py:1709]           [INFO]     | 190/194 | 10's Movies Collection | = | Wolf Children (2012)                                        |
[2022-03-17 08:07:28,654] [builder.py:1709]           [INFO]     | 191/194 | 10's Movies Collection | = | Wreck-It Ralph (2012)                                       |
[2022-03-17 08:07:28,656] [builder.py:1709]           [INFO]     | 192/194 | 10's Movies Collection | = | The Young Offenders (2016)                                  |
[2022-03-17 08:07:28,657] [builder.py:1709]           [INFO]     | 193/194 | 10's Movies Collection | = | Your Name. (2016)                                           |
[2022-03-17 08:07:28,658] [builder.py:1709]           [INFO]     | 194/194 | 10's Movies Collection | = | Zootopia (2016)                                             |
[2022-03-17 08:07:28,659] [builder.py:1734]           [INFO]     |                                                                                                    |
[2022-03-17 08:07:28,660] [builder.py:1735]           [INFO]     | 194 Movies Processed                                                                               |
[2022-03-17 08:07:28,666] [builder.py:2147]           [INFO]     |                                                                                                    |
[2022-03-17 08:07:28,667] [util.py:216]               [INFO]     |============================ Updating Details of 10's Movies Collection ============================|
[2022-03-17 08:07:28,667] [builder.py:2149]           [INFO]     |                                                                                                    |
[2022-03-17 08:07:28,668] [builder.py:2258]           [DEBUG]    | 1 posters found:                                                                                   |
[2022-03-17 08:07:28,668] [builder.py:2260]           [DEBUG]    | Method: asset_directory Poster: {'attribute': 'asset_directory', 'location': "E:\\Plex Media Manager\\Plex-Meta-Manager\\config\\assets\\10's Movies\\poster.png", 'prefix': "10's Movies's ", 'is_poster': True, 'is_url': False, 'compare': 2651958, 'message': "10's Movies's poster to [File] E:\\Plex Media Manager\\Plex-Meta-Manager\\config\\assets\\10's Movies\\poster.png"} |
[2022-03-17 08:07:28,669] [builder.py:2327]           [INFO]     | No background collection detail or asset folder found                                              |
[2022-03-17 08:07:28,772] [library.py:145]            [INFO]     | Detail: asset_directory updated 10's Movies's poster to [File] E:\Plex Media Manager\Plex-Meta-Manager\config\assets\10's Movies\poster.png |
[2022-03-17 08:07:29,813] [plex_meta_manager.py:880]  [INFO]     |                                                                                                    |
[2022-03-17 08:07:29,814] [util.py:209]               [INFO]     |====================================================================================================|
[2022-03-17 08:07:29,815] [util.py:216]               [INFO]     |                                  Finished 10's Movies Collection                                   |
[2022-03-17 08:07:29,815] [util.py:216]               [INFO]     |                                    Collection Run Time: 0:00:10                                    |
[2022-03-17 08:07:29,816] [util.py:220]               [INFO]     |====================================================================================================|
