[2022-11-23 01:02:35,243] [util.py:209]               [INFO]     |====================================================================================================|
[2022-11-23 01:02:35,243] [util.py:216]               [INFO]     |                    Its the Most Wonderful Time of the Year Collection in Movies                    |
[2022-11-23 01:02:35,243] [util.py:220]               [INFO]     |====================================================================================================|
[2022-11-23 01:02:35,244] [plex_meta_manager.py:750]  [INFO]     |                                                                                                    |
[2022-11-23 01:02:35,244] [util.py:216]               [INFO]     |================== Validating Its the Most Wonderful Time of the Year Attributes ===================|
[2022-11-23 01:02:35,244] [builder.py:265]            [DEBUG]    |                                                                                                    |
[2022-11-23 01:02:35,245] [builder.py:266]            [DEBUG]    | Validating Method: template                                                                        |
[2022-11-23 01:02:35,245] [meta.py:83]                [DEBUG]    | Value: ordereddict([('name', 'Holiday'), ('poster', './config/posters/paintings/christmas.jpg')])  |
[2022-11-23 01:02:35,245] [builder.py:273]            [DEBUG]    |                                                                                                    |
[2022-11-23 01:02:35,245] [builder.py:274]            [DEBUG]    | Validating Method: delete_not_scheduled                                                            |
[2022-11-23 01:02:35,246] [builder.py:275]            [DEBUG]    | Value: True                                                                                        |
[2022-11-23 01:02:35,246] [builder.py:279]            [DEBUG]    |                                                                                                    |
[2022-11-23 01:02:35,246] [builder.py:280]            [DEBUG]    | Validating Method: schedule                                                                        |
[2022-11-23 01:02:35,246] [builder.py:284]            [DEBUG]    | Value: range(11/30-12/26)                                                                          |
[2022-11-23 01:02:35,249] [plex.py:687]               [DEBUG]    | Looking for: Its the Most Wonderful Time of the Year                                               |
[2022-11-23 01:02:35,250] [util.py:161]               [INFO]     |                                                                                                    |
[2022-11-23 01:02:35,250] [util.py:161]               [INFO]     | Scheduled between November 30th and December 26th                                                  |
[2022-11-23 01:02:35,251] [util.py:161]               [INFO]     |                                                                                                    |
[2022-11-23 01:02:35,251] [util.py:161]               [INFO]     | Collection Its the Most Wonderful Time of the Year not scheduled to run and could not be found to delete |
[2022-11-23 01:02:35,251] [plex_meta_manager.py:880]  [INFO]     |                                                                                                    |
[2022-11-23 01:02:35,252] [util.py:209]               [INFO]     |====================================================================================================|
[2022-11-23 01:02:35,252] [util.py:216]               [INFO]     |                    Finished Its the Most Wonderful Time of the Year Collection                     |
[2022-11-23 01:02:35,252] [util.py:216]               [INFO]     |                                    Collection Run Time: 0:00:00                                    |
[2022-11-23 01:02:35,253] [util.py:220]               [INFO]     |====================================================================================================|
