[2022-01-16 14:55:38,127] [util.py:209]               [INFO]     |====================================================================================================|
[2022-01-16 14:55:38,128] [util.py:216]               [INFO]     |                                Robert De Niro Collection in Movies                                 |
[2022-01-16 14:55:38,128] [util.py:220]               [INFO]     |====================================================================================================|
[2022-01-16 14:55:38,128] [plex_meta_manager.py:750]  [INFO]     |                                                                                                    |
[2022-01-16 14:55:38,129] [util.py:216]               [INFO]     |=============================== Validating Robert De Niro Attributes ===============================|
[2022-01-16 14:55:38,129] [builder.py:265]            [DEBUG]    |                                                                                                    |
[2022-01-16 14:55:38,130] [builder.py:266]            [DEBUG]    | Validating Method: template                                                                        |
[2022-01-16 14:55:38,130] [meta.py:83]                [DEBUG]    | Value: ordereddict([('name', 'people'), ('person', 380)])                                          |
[2022-01-16 14:55:38,130] [builder.py:367]            [DEBUG]    |                                                                                                    |
[2022-01-16 14:55:38,130] [builder.py:368]            [DEBUG]    | Validating Method: tmdb_person                                                                     |
[2022-01-16 14:55:38,131] [builder.py:372]            [DEBUG]    | Value: 380                                                                                         |
[2022-01-16 14:55:38,265] [builder.py:453]            [DEBUG]    |                                                                                                    |
[2022-01-16 14:55:38,266] [builder.py:454]            [DEBUG]    | Validating Method: collection_order                                                                |
[2022-01-16 14:55:38,266] [builder.py:455]            [DEBUG]    | Value: release                                                                                     |
[2022-01-16 14:55:38,267] [builder.py:472]            [DEBUG]    |                                                                                                    |
[2022-01-16 14:55:38,267] [builder.py:473]            [DEBUG]    | Validating Method: actor                                                                           |
[2022-01-16 14:55:38,267] [builder.py:474]            [DEBUG]    | Value: tmdb                                                                                        |
[2022-01-16 14:55:38,302] [builder.py:472]            [DEBUG]    |                                                                                                    |
[2022-01-16 14:55:38,303] [builder.py:473]            [DEBUG]    | Validating Method: sort_title                                                                      |
[2022-01-16 14:55:38,303] [builder.py:474]            [DEBUG]    | Value: ++_Robert De Niro                                                                           |
[2022-01-16 14:55:38,307] [plex.py:685]               [DEBUG]    | Looking for: Robert De Niro                                                                        |
[2022-01-16 14:55:38,308] [builder.py:619]            [INFO]     |                                                                                                    |
[2022-01-16 14:55:38,308] [builder.py:620]            [INFO]     | Validation Successful                                                                              |
[2022-01-16 14:55:38,310] [plex_meta_manager.py:758]  [INFO]     |                                                                                                    |
[2022-01-16 14:55:38,310] [util.py:216]               [INFO]     |================================ Running Robert De Niro Collection =================================|
[2022-01-16 14:55:38,311] [plex_meta_manager.py:773]  [INFO]     |                                                                                                    |
[2022-01-16 14:55:38,311] [plex_meta_manager.py:774]  [INFO]     | Sync Mode: append                                                                                  |
[2022-01-16 14:55:38,311] [builder.py:1275]           [DEBUG]    |                                                                                                    |
[2022-01-16 14:55:38,312] [builder.py:1276]           [DEBUG]    | Builder: plex_search: (1, 'Plex Movie Search\nSort By: title.asc\nFilter:\n  Match any of the following:\n    Actor is Robert De Niro', '?type=1&sort=titleSort&push=1&actor=26818&pop=1') |
[2022-01-16 14:55:38,312] [builder.py:1277]           [INFO]     |                                                                                                    |
[2022-01-16 14:55:38,312] [util.py:161]               [INFO]     | Plex Movie Search                                                                                  |
[2022-01-16 14:55:38,312] [util.py:161]               [INFO]     | Sort By: title.asc                                                                                 |
[2022-01-16 14:55:38,313] [util.py:161]               [INFO]     | Filter:                                                                                            |
[2022-01-16 14:55:38,313] [util.py:161]               [INFO]     |   Match any of the following:                                                                      |
[2022-01-16 14:55:38,313] [util.py:161]               [INFO]     |     Actor is Robert De Niro                                                                        |
[2022-01-16 14:55:38,326] [plex.py:746]               [DEBUG]    |                                                                                                    |
[2022-01-16 14:55:38,326] [plex.py:747]               [DEBUG]    | 2 Keys Found: [(32381, 'ratingKey'), (32413, 'ratingKey')]                                         |
[2022-01-16 14:55:38,326] [builder.py:1282]           [DEBUG]    |                                                                                                    |
[2022-01-16 14:55:38,327] [builder.py:1283]           [DEBUG]    | 2 IDs Found: [(32381, 'ratingKey'), (32413, 'ratingKey')]                                          |
[2022-01-16 14:55:38,327] [builder.py:1284]           [DEBUG]    |                                                                                                    |
[2022-01-16 14:55:38,396] [builder.py:1697]           [INFO]     |                                                                                                    |
[2022-01-16 14:55:38,397] [util.py:216]               [INFO]     |=============================== Adding to Robert De Niro Collection ================================|
[2022-01-16 14:55:38,397] [builder.py:1699]           [INFO]     |                                                                                                    |
[2022-01-16 14:55:38,397] [builder.py:1709]           [INFO]     | 1/2 | Robert De Niro Collection | + | The Godfather: Part II (1974)                                |
[2022-01-16 14:55:38,536] [builder.py:1709]           [INFO]     | 2/2 | Robert De Niro Collection | + | Taxi Driver (1976)                                           |
[2022-01-16 14:55:38,657] [builder.py:1734]           [INFO]     |                                                                                                    |
[2022-01-16 14:55:38,657] [builder.py:1735]           [INFO]     | 2 Movies Processed                                                                                 |
[2022-01-16 14:55:38,662] [builder.py:2147]           [INFO]     |                                                                                                    |
[2022-01-16 14:55:38,663] [util.py:216]               [INFO]     |========================== Updating Details of Robert De Niro Collection ===========================|
[2022-01-16 14:55:38,663] [builder.py:2149]           [INFO]     |                                                                                                    |
[2022-01-16 14:55:38,664] [builder.py:2156]           [INFO]     | Detail: tmdb_person updated Collection Summary                                                     |
[2022-01-16 14:55:38,664] [builder.py:2193]           [INFO]     | Detail: sort_title updated Collection Sort Title to ++_Robert De Niro                              |
[2022-01-16 14:55:38,664] [builder.py:2235]           [DEBUG]    | {'summary.value': "Robert De Niro, Jr. (born August 17, 1943) is an American actor, director, and producer.\n\nHis first major film role was in 1973's Bang the Drum Slowly. In 1974, he played the young Vito Corleone in The Godfather Part II, a role that won him the Academy Award for Best Supporting Actor. His longtime collaboration with Martin Scorsese began with 1973's Mean Streets, and earned De Niro an Academy Award for Best Actor for his portrayal of Jake LaMotta in the 1980 film, Raging Bull. He was also nominated for an Academy Award for his roles in Scorsese's Taxi Driver (1976) and Cape Fear (1991). In addition, he received nominations for his acting in Michael Cimino's The Deer Hunter (1978) and Penny Marshall's Awakenings (1990).\n\nHe has received high critical praise in Scorsese's films such as for his portrayals as Travis Bickle in Taxi Driver, Jake Lamotta in Raging Bull, and as Jimmy Conway in Goodfellas. He has earned four nominations for the Golden Globe Award for Best Actor – Motion Picture Musical or Comedy: New York, New York (1977), Midnight Run (1988), Analyze This (1999) and Meet the Parents (2000). He directed A Bronx Tale (1993) and The Good Shepherd (2006).", 'summary.locked': 1, 'titleSort.value': '++_Robert De Niro', 'titleSort.locked': 1} |
[2022-01-16 14:55:38,678] [builder.py:2237]           [INFO]     | Details: have been updated                                                                         |
[2022-01-16 14:55:38,679] [builder.py:2258]           [DEBUG]    | 1 posters found:                                                                                   |
[2022-01-16 14:55:38,679] [builder.py:2260]           [DEBUG]    | Method: tmdb_person Poster: https://image.tmdb.org/t/p/original/cT8htcckIuyI1Lqwt1CvD02ynTh.jpg    |
[2022-01-16 14:55:38,680] [builder.py:2327]           [INFO]     | No background collection detail or asset folder found                                              |
[2022-01-16 14:55:38,711] [library.py:145]            [INFO]     | Detail: tmdb_person updated poster to [URL] https://image.tmdb.org/t/p/original/cT8htcckIuyI1Lqwt1CvD02ynTh.jpg |
[2022-01-16 14:55:38,959] [plex_meta_manager.py:880]  [INFO]     |                                                                                                    |
[2022-01-16 14:55:38,959] [util.py:209]               [INFO]     |====================================================================================================|
[2022-01-16 14:55:38,960] [util.py:216]               [INFO]     |                                 Finished Robert De Niro Collection                                 |
[2022-01-16 14:55:38,960] [util.py:216]               [INFO]     |                                    Collection Run Time: 0:00:00                                    |
[2022-01-16 14:55:38,961] [util.py:220]               [INFO]     |====================================================================================================|
