[2022-01-16 14:55:14,046] [util.py:209]               [INFO]     |====================================================================================================|
[2022-01-16 14:55:14,046] [util.py:216]               [INFO]     |                                 Julia Roberts Collection in Movies                                 |
[2022-01-16 14:55:14,047] [util.py:220]               [INFO]     |====================================================================================================|
[2022-01-16 14:55:14,047] [plex_meta_manager.py:750]  [INFO]     |                                                                                                    |
[2022-01-16 14:55:14,048] [util.py:216]               [INFO]     |=============================== Validating Julia Roberts Attributes ================================|
[2022-01-16 14:55:14,049] [builder.py:265]            [DEBUG]    |                                                                                                    |
[2022-01-16 14:55:14,049] [builder.py:266]            [DEBUG]    | Validating Method: template                                                                        |
[2022-01-16 14:55:14,049] [meta.py:83]                [DEBUG]    | Value: ordereddict([('name', 'people'), ('person', 1204)])                                         |
[2022-01-16 14:55:14,050] [builder.py:367]            [DEBUG]    |                                                                                                    |
[2022-01-16 14:55:14,050] [builder.py:368]            [DEBUG]    | Validating Method: tmdb_person                                                                     |
[2022-01-16 14:55:14,050] [builder.py:372]            [DEBUG]    | Value: 1204                                                                                        |
[2022-01-16 14:55:14,188] [builder.py:453]            [DEBUG]    |                                                                                                    |
[2022-01-16 14:55:14,189] [builder.py:454]            [DEBUG]    | Validating Method: collection_order                                                                |
[2022-01-16 14:55:14,189] [builder.py:455]            [DEBUG]    | Value: release                                                                                     |
[2022-01-16 14:55:14,190] [builder.py:472]            [DEBUG]    |                                                                                                    |
[2022-01-16 14:55:14,190] [builder.py:473]            [DEBUG]    | Validating Method: actor                                                                           |
[2022-01-16 14:55:14,190] [builder.py:474]            [DEBUG]    | Value: tmdb                                                                                        |
[2022-01-16 14:55:14,230] [builder.py:472]            [DEBUG]    |                                                                                                    |
[2022-01-16 14:55:14,230] [builder.py:473]            [DEBUG]    | Validating Method: sort_title                                                                      |
[2022-01-16 14:55:14,230] [builder.py:474]            [DEBUG]    | Value: ++_Julia Roberts                                                                            |
[2022-01-16 14:55:14,235] [plex.py:685]               [DEBUG]    | Looking for: Julia Roberts                                                                         |
[2022-01-16 14:55:14,235] [builder.py:619]            [INFO]     |                                                                                                    |
[2022-01-16 14:55:14,236] [builder.py:620]            [INFO]     | Validation Successful                                                                              |
[2022-01-16 14:55:14,237] [plex_meta_manager.py:758]  [INFO]     |                                                                                                    |
[2022-01-16 14:55:14,237] [util.py:216]               [INFO]     |================================= Running Julia Roberts Collection =================================|
[2022-01-16 14:55:14,238] [plex_meta_manager.py:773]  [INFO]     |                                                                                                    |
[2022-01-16 14:55:14,238] [plex_meta_manager.py:774]  [INFO]     | Sync Mode: append                                                                                  |
[2022-01-16 14:55:14,239] [builder.py:1275]           [DEBUG]    |                                                                                                    |
[2022-01-16 14:55:14,239] [builder.py:1276]           [DEBUG]    | Builder: plex_search: (1, 'Plex Movie Search\nSort By: title.asc\nFilter:\n  Match any of the following:\n    Actor is Julia Roberts', '?type=1&sort=titleSort&push=1&actor=25547&pop=1') |
[2022-01-16 14:55:14,239] [builder.py:1277]           [INFO]     |                                                                                                    |
[2022-01-16 14:55:14,240] [util.py:161]               [INFO]     | Plex Movie Search                                                                                  |
[2022-01-16 14:55:14,240] [util.py:161]               [INFO]     | Sort By: title.asc                                                                                 |
[2022-01-16 14:55:14,240] [util.py:161]               [INFO]     | Filter:                                                                                            |
[2022-01-16 14:55:14,241] [util.py:161]               [INFO]     |   Match any of the following:                                                                      |
[2022-01-16 14:55:14,241] [util.py:161]               [INFO]     |     Actor is Julia Roberts                                                                         |
[2022-01-16 14:55:14,249] [plex.py:746]               [DEBUG]    |                                                                                                    |
[2022-01-16 14:55:14,250] [plex.py:747]               [DEBUG]    | 1 Keys Found: [(32640, 'ratingKey')]                                                               |
[2022-01-16 14:55:14,250] [builder.py:1282]           [DEBUG]    |                                                                                                    |
[2022-01-16 14:55:14,250] [builder.py:1283]           [DEBUG]    | 1 IDs Found: [(32640, 'ratingKey')]                                                                |
[2022-01-16 14:55:14,250] [builder.py:1284]           [DEBUG]    |                                                                                                    |
[2022-01-16 14:55:14,279] [builder.py:1697]           [INFO]     |                                                                                                    |
[2022-01-16 14:55:14,280] [util.py:216]               [INFO]     |================================ Adding to Julia Roberts Collection ================================|
[2022-01-16 14:55:14,280] [builder.py:1699]           [INFO]     |                                                                                                    |
[2022-01-16 14:55:14,280] [builder.py:1709]           [INFO]     | 1/1 | Julia Roberts Collection | + | Hook (1991)                                                   |
[2022-01-16 14:55:14,394] [builder.py:1734]           [INFO]     |                                                                                                    |
[2022-01-16 14:55:14,395] [builder.py:1735]           [INFO]     | 1 Movie Processed                                                                                  |
[2022-01-16 14:55:14,400] [builder.py:2147]           [INFO]     |                                                                                                    |
[2022-01-16 14:55:14,400] [util.py:216]               [INFO]     |=========================== Updating Details of Julia Roberts Collection ===========================|
[2022-01-16 14:55:14,401] [builder.py:2149]           [INFO]     |                                                                                                    |
[2022-01-16 14:55:14,401] [builder.py:2156]           [INFO]     | Detail: tmdb_person updated Collection Summary                                                     |
[2022-01-16 14:55:14,402] [builder.py:2193]           [INFO]     | Detail: sort_title updated Collection Sort Title to ++_Julia Roberts                               |
[2022-01-16 14:55:14,402] [builder.py:2235]           [DEBUG]    | {'summary.value': "Julia Fiona Roberts (born October 28, 1967) is an American actress and producer. She established herself as a leading lady in Hollywood after headlining the romantic comedy film Pretty Woman (1990), which grossed $464 million worldwide. She has won three Golden Globe Awards, from eight nominations, and has been nominated for four Academy Awards for her film acting, winning the Academy Award for Best Actress for her performance in Erin Brockovich (2000).\n\nHer films have collectively brought box office receipts of over US$2.8 billion, making her one of the most bankable actresses in Hollywood. Her most successful films include Mystic Pizza (1988), Steel Magnolias (1989), Pretty Woman (1990), Sleeping with the Enemy (1991), The Pelican Brief (1993), My Best Friend's Wedding (1997), Notting Hill (1999), Runaway Bride (1999), Erin Brockovich (2000), Ocean's Eleven (2001), Ocean's Twelve (2004), Charlie Wilson's War (2007), Valentine's Day (2010), Eat Pray Love (2010), Money Monster (2016), and Wonder (2017). Roberts was nominated for the Primetime Emmy Award for Outstanding Supporting Actress in a Limited Series or Movie for her performance in the HBO television film The Normal Heart (2014). In 2018, she starred in the Prime Video psychological thriller series Homecoming.\n\nRoberts was the highest-paid actress in the world throughout most of the 1990s and in the first half of the 2000s. Her fee for 1990's Pretty Woman was US$300,000; in 2003, she was paid an unprecedented $25 million for her role in Mona Lisa Smile (2003). As of 2017, Roberts's net worth was estimated to be $170 million. People magazine has named her the most beautiful woman in the world a record five times.\n\nDescription above from the Wikipedia article Julia Roberts licensed under CC-BY-SA, full list of contributors on Wikipedia.", 'summary.locked': 1, 'titleSort.value': '++_Julia Roberts', 'titleSort.locked': 1} |
[2022-01-16 14:55:14,417] [builder.py:2237]           [INFO]     | Details: have been updated                                                                         |
[2022-01-16 14:55:14,418] [builder.py:2258]           [DEBUG]    | 1 posters found:                                                                                   |
[2022-01-16 14:55:14,418] [builder.py:2260]           [DEBUG]    | Method: tmdb_person Poster: https://image.tmdb.org/t/p/original/4XvEI2AgZ7bNOy1z2Nx8LcwLnTM.jpg    |
[2022-01-16 14:55:14,418] [builder.py:2327]           [INFO]     | No background collection detail or asset folder found                                              |
[2022-01-16 14:55:14,448] [library.py:145]            [INFO]     | Detail: tmdb_person updated poster to [URL] https://image.tmdb.org/t/p/original/4XvEI2AgZ7bNOy1z2Nx8LcwLnTM.jpg |
[2022-01-16 14:55:14,595] [plex_meta_manager.py:880]  [INFO]     |                                                                                                    |
[2022-01-16 14:55:14,596] [util.py:209]               [INFO]     |====================================================================================================|
[2022-01-16 14:55:14,596] [util.py:216]               [INFO]     |                                 Finished Julia Roberts Collection                                  |
[2022-01-16 14:55:14,597] [util.py:216]               [INFO]     |                                    Collection Run Time: 0:00:00                                    |
[2022-01-16 14:55:14,597] [util.py:220]               [INFO]     |====================================================================================================|
