[2022-08-19 01:22:46,682] [util.py:209]               [INFO]     |====================================================================================================|
[2022-08-19 01:22:46,683] [util.py:216]               [INFO]     |                                Seasonal Spring Collection in Anime                                 |
[2022-08-19 01:22:46,683] [util.py:220]               [INFO]     |====================================================================================================|
[2022-08-19 01:22:46,683] [plex_meta_manager.py:750]  [INFO]     |                                                                                                    |
[2022-08-19 01:22:46,684] [util.py:216]               [INFO]     |============================== Validating Seasonal Spring Attributes ===============================|
[2022-08-19 01:22:46,684] [builder.py:330]            [DEBUG]    |                                                                                                    |
[2022-08-19 01:22:46,684] [builder.py:331]            [DEBUG]    | Validating Method: sync_mode                                                                       |
[2022-08-19 01:22:46,684] [builder.py:335]            [DEBUG]    | Value: sync                                                                                        |
[2022-08-19 01:22:46,685] [builder.py:453]            [DEBUG]    |                                                                                                    |
[2022-08-19 01:22:46,685] [builder.py:454]            [DEBUG]    | Validating Method: collection_order                                                                |
[2022-08-19 01:22:46,685] [builder.py:455]            [DEBUG]    | Value: custom                                                                                      |
[2022-08-19 01:22:46,685] [builder.py:472]            [DEBUG]    |                                                                                                    |
[2022-08-19 01:22:46,686] [builder.py:473]            [DEBUG]    | Validating Method: mal_season                                                                      |
[2022-08-19 01:22:46,686] [builder.py:474]            [DEBUG]    | Value: ordereddict([('season', 'spring'), ('limit', 20)])                                          |
[2022-08-19 01:22:46,686] [builder.py:689]            [WARNING]  | Collection Warning: mal_season sort_by attribute not found using members as default                |
[2022-08-19 01:22:46,686] [builder.py:689]            [WARNING]  | Collection Warning: mal_season year attribute not found using 2022 as default                      |
[2022-08-19 01:22:46,687] [builder.py:472]            [DEBUG]    |                                                                                                    |
[2022-08-19 01:22:46,687] [builder.py:473]            [DEBUG]    | Validating Method: sort_title                                                                      |
[2022-08-19 01:22:46,687] [builder.py:474]            [DEBUG]    | Value: +++++++_Spring                                                                              |
[2022-08-19 01:22:46,687] [builder.py:472]            [DEBUG]    |                                                                                                    |
[2022-08-19 01:22:46,687] [builder.py:473]            [DEBUG]    | Validating Method: sonarr_add_existing                                                             |
[2022-08-19 01:22:46,687] [builder.py:474]            [DEBUG]    | Value: True                                                                                        |
[2022-08-19 01:22:46,688] [builder.py:472]            [DEBUG]    |                                                                                                    |
[2022-08-19 01:22:46,688] [builder.py:473]            [DEBUG]    | Validating Method: sonarr_add_missing                                                              |
[2022-08-19 01:22:46,688] [builder.py:474]            [DEBUG]    | Value: True                                                                                        |
[2022-08-19 01:22:46,704] [builder.py:619]            [INFO]     |                                                                                                    |
[2022-08-19 01:22:46,704] [builder.py:620]            [INFO]     | Validation Successful                                                                              |
[2022-08-19 01:22:46,704] [plex_meta_manager.py:758]  [INFO]     |                                                                                                    |
[2022-08-19 01:22:46,704] [util.py:216]               [INFO]     |================================ Running Seasonal Spring Collection ================================|
[2022-08-19 01:22:46,705] [plex_meta_manager.py:773]  [INFO]     |                                                                                                    |
[2022-08-19 01:22:46,705] [plex_meta_manager.py:774]  [INFO]     | Sync Mode: sync                                                                                    |
[2022-08-19 01:22:46,705] [builder.py:1275]           [DEBUG]    |                                                                                                    |
[2022-08-19 01:22:46,705] [builder.py:1276]           [DEBUG]    | Builder: mal_season: {'season': 'spring', 'sort_by': 'anime_num_list_users', 'year': 2022, 'limit': 20} |
[2022-08-19 01:22:46,706] [builder.py:1277]           [INFO]     |                                                                                                    |
[2022-08-19 01:22:46,706] [mal.py:229]                [INFO]     | Processing MyAnimeList Season: 20 Anime from Spring 2022 sorted by Members                         |
[2022-08-19 01:22:46,971] [mal.py:239]                [DEBUG]    |                                                                                                    |
[2022-08-19 01:22:46,972] [mal.py:240]                [DEBUG]    | 20 MyAnimeList IDs Found: [21, 50265, 34566, 43608, 40356, 45613, 50631, 235, 47194, 49520, 50273, 48760, 50380, 50175, 41461, 50461, 48675, 48415, 50549, 48548] |
[2022-08-19 01:22:46,972] [convert.py:78]             [ERROR]    | Convert Error: No TVDb ID or IMDb ID found for AniDB ID: 17025                                     |
[2022-08-19 01:22:46,972] [convert.py:78]             [ERROR]    | Convert Error: No TVDb ID or IMDb ID found for AniDB ID: 16165                                     |
[2022-08-19 01:22:46,973] [builder.py:1282]           [DEBUG]    |                                                                                                    |
[2022-08-19 01:22:46,973] [builder.py:1283]           [DEBUG]    | 18 IDs Found: [(81797, 'tvdb'), (405920, 'tvdb'), (321285, 'tvdb'), (354198, 'tvdb'), (353712, 'tvdb'), (402117, 'tvdb'), (402412, 'tvdb'), (72454, 'tvdb'), (102575, 'ratingKey'), (407833, 'tvdb'), (103732, 'ratingKey'), (401279, 'tvdb'), (103217, 'ratingKey'), (411625, 'tvdb'), (264663, 'tvdb'), (103231, 'ratingKey'), (400585, 'tvdb'), (402652, 'tvdb')] |
[2022-08-19 01:22:46,973] [builder.py:1284]           [DEBUG]    |                                                                                                    |
[2022-08-19 01:22:47,040] [builder.py:1697]           [INFO]     |                                                                                                    |
[2022-08-19 01:22:47,041] [util.py:216]               [INFO]     |=============================== Adding to Seasonal Spring Collection ===============================|
[2022-08-19 01:22:47,041] [builder.py:1699]           [INFO]     |                                                                                                    |
[2022-08-19 01:22:47,042] [builder.py:1709]           [INFO]     |  1/10 | Seasonal Spring Collection | = | Kaguya-sama wa Kokurasetai: Tensai-tachi no Ren'ai Zunousen |
[2022-08-19 01:22:47,042] [builder.py:1709]           [INFO]     |  2/10 | Seasonal Spring Collection | = | Kawaii dake ja Nai Shikimori-san                          |
[2022-08-19 01:22:47,042] [builder.py:1709]           [INFO]     |  3/10 | Seasonal Spring Collection | = | Komi-san wa, Komyushou Desu.                              |
[2022-08-19 01:22:47,042] [builder.py:1709]           [INFO]     |  4/10 | Seasonal Spring Collection | = | Summer Time Render                                        |
[2022-08-19 01:22:47,043] [builder.py:1709]           [INFO]     |  5/10 | Seasonal Spring Collection | = | Aharen-san wa Hakarenai                                   |
[2022-08-19 01:22:47,043] [builder.py:1709]           [INFO]     |  6/10 | Seasonal Spring Collection | = | Tomodachi Game                                            |
[2022-08-19 01:22:47,043] [builder.py:1709]           [INFO]     |  7/10 | Seasonal Spring Collection | = | Paripi Koumei                                             |
[2022-08-19 01:22:47,044] [builder.py:1709]           [INFO]     |  8/10 | Seasonal Spring Collection | = | Date a Live                                               |
[2022-08-19 01:22:47,044] [builder.py:1709]           [INFO]     |  9/10 | Seasonal Spring Collection | = | Otomege Sekai wa Mob ni Kibishii Sekai Desu               |
[2022-08-19 01:22:47,044] [builder.py:1709]           [INFO]     | 10/10 | Seasonal Spring Collection | = | Shijou Saikyou no Daimaou, Murabito A ni Tensei Suru      |
[2022-08-19 01:22:47,045] [builder.py:1734]           [INFO]     |                                                                                                    |
[2022-08-19 01:22:47,045] [builder.py:1735]           [INFO]     | 10 Shows Processed                                                                                 |
[2022-08-19 01:22:47,045] [builder.py:1969]           [INFO]     |                                                                                                    |
[2022-08-19 01:22:47,045] [util.py:216]               [INFO]     |=========================== Missing Shows from Library: Seasonal Spring ============================|
[2022-08-19 01:22:47,046] [builder.py:1971]           [INFO]     |                                                                                                    |
[2022-08-19 01:22:48,367] [builder.py:1982]           [INFO]     | Seasonal Spring Collection | ? | One Piece (TVDB: 81797)                                           |
[2022-08-19 01:22:48,668] [builder.py:1982]           [INFO]     | Seasonal Spring Collection | ? | SPY x FAMILY (TVDB: 405920)                                       |
[2022-08-19 01:22:49,164] [builder.py:1982]           [INFO]     | Seasonal Spring Collection | ? | Boruto: Naruto Next Generations (TVDB: 321285)                    |
[2022-08-19 01:22:49,447] [builder.py:1982]           [INFO]     | Seasonal Spring Collection | ? | The Rising of the Shield Hero (TVDB: 353712)                      |
[2022-08-19 01:22:50,701] [builder.py:1982]           [INFO]     | Seasonal Spring Collection | ? | Detective Conan (TVDB: 72454)                                     |
[2022-08-19 01:22:50,941] [builder.py:1982]           [INFO]     | Seasonal Spring Collection | ? | Skeleton Knight in Another World (TVDB: 401279)                   |
[2022-08-19 01:22:51,214] [builder.py:1982]           [INFO]     | Seasonal Spring Collection | ? | I'm Quitting Heroing (TVDB: 411625)                               |
[2022-08-19 01:22:51,481] [builder.py:1982]           [INFO]     | Seasonal Spring Collection | ? | A Couple of Cuckoos (TVDB: 400585)                                |
[2022-08-19 01:22:51,481] [builder.py:1986]           [INFO]     |                                                                                                    |
[2022-08-19 01:22:51,482] [builder.py:1987]           [INFO]     | 8 Shows Missing                                                                                    |
[2022-08-19 01:22:51,500] [sonarr.py:66]              [INFO]     |                                                                                                    |
[2022-08-19 01:22:51,500] [util.py:216]               [INFO]     |===================================== Adding Missing to Sonarr =====================================|
[2022-08-19 01:22:51,501] [sonarr.py:68]              [DEBUG]    |                                                                                                    |
[2022-08-19 01:22:51,501] [sonarr.py:69]              [DEBUG]    | Sonarr Adds: [81797, 405920, 321285, 353712, 72454, 401279, 411625, 400585]                        |
[2022-08-19 01:22:51,731] [sonarr.py:162]             [INFO]     |                                                                                                    |
[2022-08-19 01:22:51,731] [sonarr.py:170]             [INFO]     | Skipped: In Cache | 81797                                                                          |
[2022-08-19 01:22:51,732] [sonarr.py:170]             [INFO]     | Skipped: In Cache | 405920                                                                         |
[2022-08-19 01:22:51,732] [sonarr.py:170]             [INFO]     | Skipped: In Cache | 321285                                                                         |
[2022-08-19 01:22:51,732] [sonarr.py:170]             [INFO]     | Skipped: In Cache | 353712                                                                         |
[2022-08-19 01:22:51,733] [sonarr.py:170]             [INFO]     | Skipped: In Cache | 72454                                                                          |
[2022-08-19 01:22:51,733] [sonarr.py:170]             [INFO]     | Skipped: In Cache | 401279                                                                         |
[2022-08-19 01:22:51,733] [sonarr.py:170]             [INFO]     | Skipped: In Cache | 411625                                                                         |
[2022-08-19 01:22:51,734] [sonarr.py:170]             [INFO]     | Skipped: In Cache | 400585                                                                         |
[2022-08-19 01:22:51,734] [sonarr.py:171]             [INFO]     | 8 Series already exist in Sonarr                                                                   |
[2022-08-19 01:22:51,738] [builder.py:2147]           [INFO]     |                                                                                                    |
[2022-08-19 01:22:51,739] [util.py:216]               [INFO]     |========================== Updating Details of Seasonal Spring Collection ==========================|
[2022-08-19 01:22:51,740] [builder.py:2149]           [INFO]     |                                                                                                    |
[2022-08-19 01:22:51,740] [builder.py:2294]           [INFO]     | No poster collection detail or asset folder found                                                  |
[2022-08-19 01:22:51,741] [builder.py:2327]           [INFO]     | No background collection detail or asset folder found                                              |
[2022-08-19 01:22:51,753] [builder.py:2023]           [INFO]     |                                                                                                    |
[2022-08-19 01:22:51,754] [util.py:216]               [INFO]     |=================== Updating Details of the Items in Seasonal Spring Collection ====================|
[2022-08-19 01:22:51,754] [builder.py:2025]           [INFO]     |                                                                                                    |
[2022-08-19 01:22:53,351] [sonarr.py:66]              [INFO]     |                                                                                                    |
[2022-08-19 01:22:53,352] [util.py:216]               [INFO]     |==================================== Adding Existing to Sonarr =====================================|
[2022-08-19 01:22:53,352] [sonarr.py:68]              [DEBUG]    |                                                                                                    |
[2022-08-19 01:22:53,352] [sonarr.py:69]              [DEBUG]    | Sonarr Adds:                                                                                       |
[2022-08-19 01:22:53,353] [sonarr.py:71]              [DEBUG]    | (407306, 'F:\\Anime\\Summer Time Rendering (2022) [tvdb-407306]')                                  |
[2022-08-19 01:22:53,353] [sonarr.py:71]              [DEBUG]    | (354198, 'F:\\Anime\\Kaguya-sama - Love Is War (2019) [tvdb-354198]')                              |
[2022-08-19 01:22:53,353] [sonarr.py:71]              [DEBUG]    | (402117, "F:\\Anime\\Shikimori's Not Just a Cutie (2022) [tvdb-402117]")                           |
[2022-08-19 01:22:53,353] [sonarr.py:71]              [DEBUG]    | (402412, "F:\\Anime\\Komi Can't Communicate (2021) [tvdb-402412]")                                 |
[2022-08-19 01:22:53,354] [sonarr.py:71]              [DEBUG]    | (407833, 'F:\\Anime\\Aharen Is Indecipherable (2022) [tvdb-407833]')                               |
[2022-08-19 01:22:53,354] [sonarr.py:71]              [DEBUG]    | (412031, 'F:\\Anime\\Tomodachi Game (2022) [tvdb-412031]')                                         |
[2022-08-19 01:22:53,354] [sonarr.py:71]              [DEBUG]    | (412580, 'F:\\Anime\\Ya Boy Kongming! (2022) [tvdb-412580]')                                       |
[2022-08-19 01:22:53,354] [sonarr.py:71]              [DEBUG]    | (264663, 'F:\\Anime\\Date A Live (2013) [tvdb-264663]')                                            |
[2022-08-19 01:22:53,355] [sonarr.py:71]              [DEBUG]    | (412826, 'F:\\Anime\\Trapped in a Dating Sim - The World of Otome Games Is Tough for Mobs (2022) [tvdb-412826]') |
[2022-08-19 01:22:53,355] [sonarr.py:71]              [DEBUG]    | (402652, 'F:\\Anime\\Greatest Demon Lord Is Reborn as a Typical Nobody, The (2022) [tvdb-402652]') |
[2022-08-19 01:22:53,598] [sonarr.py:162]             [INFO]     |                                                                                                    |
[2022-08-19 01:22:53,598] [sonarr.py:170]             [INFO]     | Skipped: In Cache | (407306, 'F:\\Anime\\Summer Time Rendering (2022) [tvdb-407306]')              |
[2022-08-19 01:22:53,599] [sonarr.py:170]             [INFO]     | Skipped: In Cache | (354198, 'F:\\Anime\\Kaguya-sama - Love Is War (2019) [tvdb-354198]')          |
[2022-08-19 01:22:53,599] [sonarr.py:170]             [INFO]     | Skipped: In Cache | (402117, "F:\\Anime\\Shikimori's Not Just a Cutie (2022) [tvdb-402117]")       |
[2022-08-19 01:22:53,599] [sonarr.py:170]             [INFO]     | Skipped: In Cache | (402412, "F:\\Anime\\Komi Can't Communicate (2021) [tvdb-402412]")             |
[2022-08-19 01:22:53,600] [sonarr.py:170]             [INFO]     | Skipped: In Cache | (407833, 'F:\\Anime\\Aharen Is Indecipherable (2022) [tvdb-407833]')           |
[2022-08-19 01:22:53,600] [sonarr.py:170]             [INFO]     | Skipped: In Cache | (412031, 'F:\\Anime\\Tomodachi Game (2022) [tvdb-412031]')                     |
[2022-08-19 01:22:53,600] [sonarr.py:170]             [INFO]     | Skipped: In Cache | (412580, 'F:\\Anime\\Ya Boy Kongming! (2022) [tvdb-412580]')                   |
[2022-08-19 01:22:53,601] [sonarr.py:170]             [INFO]     | Skipped: In Cache | (264663, 'F:\\Anime\\Date A Live (2013) [tvdb-264663]')                        |
[2022-08-19 01:22:53,601] [sonarr.py:170]             [INFO]     | Skipped: In Cache | (412826, 'F:\\Anime\\Trapped in a Dating Sim - The World of Otome Games Is Tough for Mobs (2022) [tvdb-412826]') |
[2022-08-19 01:22:53,601] [sonarr.py:170]             [INFO]     | Skipped: In Cache | (402652, 'F:\\Anime\\Greatest Demon Lord Is Reborn as a Typical Nobody, The (2022) [tvdb-402652]') |
[2022-08-19 01:22:53,601] [sonarr.py:171]             [INFO]     | 10 Series already exist in Sonarr                                                                  |
[2022-08-19 01:22:53,602] [plex_meta_manager.py:880]  [INFO]     |                                                                                                    |
[2022-08-19 01:22:53,603] [util.py:209]               [INFO]     |====================================================================================================|
[2022-08-19 01:22:53,603] [util.py:216]               [INFO]     |                                Finished Seasonal Spring Collection                                 |
[2022-08-19 01:22:53,603] [util.py:216]               [INFO]     |                                    Collection Run Time: 0:00:06                                    |
[2022-08-19 01:22:53,603] [util.py:220]               [INFO]     |====================================================================================================|
