[2022-11-06 01:10:05,341] [plex_meta_manager.py:216]  [INFO]     |                                                                                                    |
[2022-11-06 01:10:05,342] [util.py:209]               [INFO]     |====================================================================================================|
[2022-11-06 01:10:05,342] [util.py:216]               [INFO]     |                                           Anime Library                                            |
[2022-11-06 01:10:05,342] [util.py:220]               [INFO]     |====================================================================================================|
[2022-11-06 01:10:05,343] [plex_meta_manager.py:222]  [DEBUG]    |                                                                                                    |
[2022-11-06 01:10:05,343] [plex_meta_manager.py:223]  [DEBUG]    | Mapping Name: Anime                                                                                |
[2022-11-06 01:10:05,343] [plex_meta_manager.py:224]  [DEBUG]    | Folder Name: Anime                                                                                 |
[2022-11-06 01:10:05,343] [plex_meta_manager.py:225]  [DEBUG]    | Missing Path: C:\Plex-Stack\Plex-Meta-Manager\config\Anime_missing.yml                             |
[2022-11-06 01:10:05,344] [plex_meta_manager.py:227]  [DEBUG]    | Asset Directory: config/assets                                                                     |
[2022-11-06 01:10:05,344] [plex_meta_manager.py:228]  [DEBUG]    | Asset Folders: False                                                                               |
[2022-11-06 01:10:05,344] [plex_meta_manager.py:229]  [DEBUG]    | Create Asset Folders: False                                                                        |
[2022-11-06 01:10:05,344] [plex_meta_manager.py:230]  [DEBUG]    | Download URL Assets: False                                                                         |
[2022-11-06 01:10:05,345] [plex_meta_manager.py:231]  [DEBUG]    | Sync Mode: append                                                                                  |
[2022-11-06 01:10:05,345] [plex_meta_manager.py:232]  [DEBUG]    | Collection Minimum: 1                                                                              |
[2022-11-06 01:10:05,345] [plex_meta_manager.py:233]  [DEBUG]    | Delete Below Minimum: True                                                                         |
[2022-11-06 01:10:05,345] [plex_meta_manager.py:234]  [DEBUG]    | Delete Not Scheduled: False                                                                        |
[2022-11-06 01:10:05,346] [plex_meta_manager.py:235]  [DEBUG]    | Default Collection Order: release                                                                  |
[2022-11-06 01:10:05,346] [plex_meta_manager.py:236]  [DEBUG]    | Missing Only Released: False                                                                       |
[2022-11-06 01:10:05,346] [plex_meta_manager.py:237]  [DEBUG]    | Only Filter Missing: False                                                                         |
[2022-11-06 01:10:05,346] [plex_meta_manager.py:238]  [DEBUG]    | Show Unmanaged: True                                                                               |
[2022-11-06 01:10:05,347] [plex_meta_manager.py:239]  [DEBUG]    | Show Filtered: False                                                                               |
[2022-11-06 01:10:05,347] [plex_meta_manager.py:240]  [DEBUG]    | Show Missing: True                                                                                 |
[2022-11-06 01:10:05,347] [plex_meta_manager.py:241]  [DEBUG]    | Show Missing Assets: False                                                                         |
[2022-11-06 01:10:05,347] [plex_meta_manager.py:242]  [DEBUG]    | Save Missing: True                                                                                 |
[2022-11-06 01:10:05,348] [plex_meta_manager.py:243]  [DEBUG]    | Clean Bundles: False                                                                               |
[2022-11-06 01:10:05,348] [plex_meta_manager.py:244]  [DEBUG]    | Empty Trash: False                                                                                 |
[2022-11-06 01:10:05,348] [plex_meta_manager.py:245]  [DEBUG]    | Optimize: False                                                                                    |
[2022-11-06 01:10:05,348] [plex_meta_manager.py:246]  [DEBUG]    | Timeout: 60                                                                                        |
[2022-11-06 01:10:05,349] [plex_meta_manager.py:256]  [INFO]     |                                                                                                    |
[2022-11-06 01:10:05,349] [util.py:216]               [INFO]     |====================================== Mapping Anime Library =======================================|
[2022-11-06 01:10:05,349] [plex_meta_manager.py:258]  [INFO]     |                                                                                                    |
[2022-11-06 01:10:05,349] [plex.py:456]               [INFO]     | Loading All Shows from Library: Anime                                                              |
[2022-11-06 01:10:05,447] [plex.py:465]               [INFO]     | Loaded 127 Shows                                                                                   |
[2022-11-06 01:10:05,447] [library.py:248]            [INFO]     | Mapping Show Library: Anime                                                                        |
[2022-11-06 01:10:05,447] [library.py:249]            [INFO]     |                                                                                                    |
[2022-11-06 01:10:05,451] [convert.py:348]            [INFO]     | Mapping Error | local://118854                                 | No match in Plex for "Arknights"  |
[2022-11-06 01:10:06,363] [convert.py:348]            [INFO]     | Mapping Error | com.plexapp.agents.hama://anidb-17481?lang=en  | AniDB: 17481 not found for "Birdie Wing: Golf Girls' Story (2023)" |
[2022-11-06 01:10:06,369] [convert.py:332]            [INFO]     |  Cache  |  ^  | com.plexapp.agents.hama://anidb-16196?lang=en  | TVDb ID: 402125  | IMDb ID: tt15391190 | Dance Dance Danseur |
[2022-11-06 01:10:06,379] [convert.py:332]            [INFO]     |  Cache  |  ^  | com.plexapp.agents.hama://anidb-4345?lang=en   | TVDb ID: 81037   | IMDb ID: tt1033796  | Dennou Coil |
[2022-11-06 01:10:06,401] [convert.py:348]            [INFO]     | Mapping Error | com.plexapp.agents.hama://anidb-17648?lang=en  | AniDB: 17648 not found for "Kidou Senshi Gundam: Suisei no Majo (2023)" |
[2022-11-06 01:10:06,412] [convert.py:348]            [INFO]     | Mapping Error | local://111284                                 | No match in Plex for "Prince of Tennis Ii U 17 World Cup, The" |
[2022-11-06 01:10:06,430] [library.py:263]            [INFO]     |                                                                                                    |
[2022-11-06 01:10:06,430] [library.py:264]            [INFO]     | Processed 127 Shows                                                                                |
[2022-11-06 01:10:06,431] [plex_meta_manager.py:261]  [INFO]     |                                                                                                    |
[2022-11-06 01:10:06,431] [util.py:209]               [INFO]     |====================================================================================================|
[2022-11-06 01:10:06,432] [util.py:216]               [INFO]     |                                       Running Metadata File                                        |
[2022-11-06 01:10:06,432] [util.py:216]               [INFO]     |                                          config/Anime.yml                                          |
[2022-11-06 01:10:06,432] [util.py:220]               [INFO]     |====================================================================================================|
[2022-11-06 01:10:06,433] [plex_meta_manager.py:275]  [INFO]     |                                                                                                    |
[2022-11-06 01:10:06,433] [util.py:209]               [INFO]     |====================================================================================================|
[2022-11-06 01:10:06,433] [util.py:216]               [INFO]     |                                            Collections                                             |
[2022-11-06 01:10:06,434] [util.py:220]               [INFO]     |====================================================================================================|
[2022-11-06 01:14:04,032] [plex_meta_manager.py:281]  [INFO]     |                                                                                                    |
[2022-11-06 01:14:04,040] [util.py:216]               [INFO]     |=============================== Sorting Anime Library's Collections ================================|
[2022-11-06 01:14:04,040] [plex_meta_manager.py:283]  [INFO]     |                                                                                                    |
[2022-11-06 01:14:04,040] [plex_meta_manager.py:285]  [INFO]     |                                                                                                    |
[2022-11-06 01:14:04,041] [util.py:216]               [INFO]     |============================= Sorting Jack's Favorite Anime Collection =============================|
[2022-11-06 01:14:04,041] [plex_meta_manager.py:287]  [INFO]     |                                                                                                    |
[2022-11-06 01:14:04,041] [builder.py:2333]           [INFO]     |                                                                                                    |
[2022-11-06 01:14:04,042] [util.py:216]               [INFO]     |============================= Sorting Jack's Favorite Anime Collection =============================|
[2022-11-06 01:14:04,043] [builder.py:2335]           [INFO]     |                                                                                                    |
[2022-11-06 01:14:04,043] [builder.py:2344]           [INFO]     | Moving Mushishi to the beginning                                                                   |
[2022-11-06 01:14:04,052] [builder.py:2344]           [INFO]     | Moving Hagane no Renkinjutsushi (2009) after Mushishi                                              |
[2022-11-06 01:14:04,060] [builder.py:2344]           [INFO]     | Moving Steins;Gate after Hagane no Renkinjutsushi (2009)                                           |
[2022-11-06 01:14:04,067] [builder.py:2344]           [INFO]     | Moving Hunter x Hunter (2011) after Steins;Gate                                                    |
[2022-11-06 01:14:04,075] [builder.py:2344]           [INFO]     | Moving Shingeki no Kyojin after Hunter x Hunter (2011)                                             |
[2022-11-06 01:14:04,083] [builder.py:2344]           [INFO]     | Moving Jujutsu Kaisen after Shingeki no Kyojin                                                     |
[2022-11-06 01:14:04,090] [builder.py:2344]           [INFO]     | Moving Fumetsu no Anata e after Jujutsu Kaisen                                                     |
[2022-11-06 01:14:04,097] [builder.py:2344]           [INFO]     | Moving Vivy: Fluorite Eye's Song after Fumetsu no Anata e                                          |
[2022-11-06 01:14:04,104] [builder.py:2344]           [INFO]     | Moving Cowboy Bebop after Vivy: Fluorite Eye's Song                                                |
[2022-11-06 01:14:04,113] [builder.py:2344]           [INFO]     | Moving Death Note after Cowboy Bebop                                                               |
[2022-11-06 01:14:04,120] [builder.py:2344]           [INFO]     | Moving Code Geass: Hangyaku no Lelouch after Death Note                                            |
[2022-11-06 01:14:04,127] [builder.py:2344]           [INFO]     | Moving Toradora! after Code Geass: Hangyaku no Lelouch                                             |
[2022-11-06 01:14:04,135] [builder.py:2344]           [INFO]     | Moving Haikyuu!! after Toradora!                                                                   |
[2022-11-06 01:14:04,143] [builder.py:2344]           [INFO]     | Moving One Punch Man after Haikyuu!!                                                               |
[2022-11-06 01:14:04,150] [builder.py:2344]           [INFO]     | Moving Kobayashi-san Chi no Maidragon after One Punch Man                                          |
[2022-11-06 01:14:04,157] [builder.py:2344]           [INFO]     | Moving Kimetsu no Yaiba after Kobayashi-san Chi no Maidragon                                       |
[2022-11-06 01:14:04,165] [builder.py:2344]           [INFO]     | Moving Re:Zero kara Hajimeru Isekai Seikatsu (2021) after Kimetsu no Yaiba                         |
[2022-11-06 01:14:04,172] [builder.py:2344]           [INFO]     | Moving Odd Taxi after Re:Zero kara Hajimeru Isekai Seikatsu (2021)                                 |
[2022-11-06 01:14:04,179] [builder.py:2344]           [INFO]     | Moving Sono Bisque Doll wa Koi o Suru after Odd Taxi                                               |
[2022-11-06 01:14:04,192] [builder.py:2344]           [INFO]     | Moving Shinseiki Evangelion after Sono Bisque Doll wa Koi o Suru                                   |
[2022-11-06 01:14:04,200] [builder.py:2344]           [INFO]     | Moving Samurai Champloo after Shinseiki Evangelion                                                 |
[2022-11-06 01:14:04,208] [plex_meta_manager.py:285]  [INFO]     |                                                                                                    |
[2022-11-06 01:14:04,208] [util.py:216]               [INFO]     |=========================== Sorting Jack's Currently Watching Collection ===========================|
[2022-11-06 01:14:04,209] [plex_meta_manager.py:287]  [INFO]     |                                                                                                    |
[2022-11-06 01:14:04,209] [builder.py:2333]           [INFO]     |                                                                                                    |
[2022-11-06 01:14:04,209] [util.py:216]               [INFO]     |=========================== Sorting Jack's Currently Watching Collection ===========================|
[2022-11-06 01:14:04,209] [builder.py:2335]           [INFO]     |                                                                                                    |
[2022-11-06 01:14:04,210] [builder.py:2344]           [INFO]     | Moving Sangatsu no Lion to the beginning                                                           |
[2022-11-06 01:14:04,218] [builder.py:2344]           [INFO]     | Moving Bocchi the Rock! after Sangatsu no Lion                                                     |
[2022-11-06 01:14:04,225] [builder.py:2344]           [INFO]     | Moving Boku no Hero Academia after Bocchi the Rock!                                                |
[2022-11-06 01:14:04,233] [builder.py:2344]           [INFO]     | Moving Chainsaw Man after Boku no Hero Academia                                                    |
[2022-11-06 01:14:04,240] [builder.py:2344]           [INFO]     | Moving Do It Yourself!! after Chainsaw Man                                                         |
[2022-11-06 01:14:04,248] [builder.py:2344]           [INFO]     | Moving Dungeon ni Deai o Motomeru no wa Machigatte Iru Darouka: Familia Myth after Do It Yourself!! |
[2022-11-06 01:14:04,254] [builder.py:2344]           [INFO]     | Moving Hataraku Maou-sama! after Dungeon ni Deai o Motomeru no wa Machigatte Iru Darouka: Familia Myth |
[2022-11-06 01:14:04,261] [builder.py:2344]           [INFO]     | Moving Isekai Ojisan after Hataraku Maou-sama!                                                     |
[2022-11-06 01:14:04,268] [builder.py:2344]           [INFO]     | Moving Kage no Jitsuryokusha ni Naritakute! after Isekai Ojisan                                    |
[2022-11-06 01:14:04,275] [builder.py:2344]           [INFO]     | Moving Kaguya-sama wa Kokurasetai: Tensai-tachi no Ren'ai Zunousen after Kage no Jitsuryokusha ni Naritakute! |
[2022-11-06 01:14:04,281] [builder.py:2344]           [INFO]     | Moving Made in Abyss after Kaguya-sama wa Kokurasetai: Tensai-tachi no Ren'ai Zunousen             |
[2022-11-06 01:14:04,288] [builder.py:2344]           [INFO]     | Moving Mamahaha no Tsurego ga Motokano Datta after Made in Abyss                                   |
[2022-11-06 01:14:04,294] [builder.py:2344]           [INFO]     | Moving Mob Psycho 100 after Mamahaha no Tsurego ga Motokano Datta                                  |
[2022-11-06 01:14:04,301] [builder.py:2344]           [INFO]     | Moving No Game No Life after Mob Psycho 100                                                        |
[2022-11-06 01:14:04,308] [builder.py:2344]           [INFO]     | Moving Ousama Ranking after No Game No Life                                                        |
[2022-11-06 01:14:04,314] [builder.py:2344]           [INFO]     | Moving Sabikui Bisco after Ousama Ranking                                                          |
[2022-11-06 01:14:04,320] [builder.py:2344]           [INFO]     | Moving Shiguang Dailiren after Sabikui Bisco                                                       |
[2022-11-06 01:14:04,327] [builder.py:2344]           [INFO]     | Moving Spy x Family (2022) after Shiguang Dailiren                                                 |
[2022-11-06 01:14:04,333] [builder.py:2344]           [INFO]     | Moving Summer Time Render after Spy x Family (2022)                                                |
[2022-11-06 01:14:04,340] [builder.py:2344]           [INFO]     | Moving Tensei Shitara Ken Deshita after Summer Time Render                                         |
[2022-11-06 01:14:04,346] [plex_meta_manager.py:285]  [INFO]     |                                                                                                    |
[2022-11-06 01:14:04,346] [util.py:216]               [INFO]     |============================= Sorting Jack's Plan to Watch Collection ==============================|
[2022-11-06 01:14:04,346] [plex_meta_manager.py:287]  [INFO]     |                                                                                                    |
[2022-11-06 01:14:04,347] [builder.py:2333]           [INFO]     |                                                                                                    |
[2022-11-06 01:14:04,347] [util.py:216]               [INFO]     |============================= Sorting Jack's Plan to Watch Collection ==============================|
[2022-11-06 01:14:04,347] [builder.py:2335]           [INFO]     |                                                                                                    |
[2022-11-06 01:14:04,348] [builder.py:2344]           [INFO]     | Moving Sangatsu no Lion to the beginning                                                           |
[2022-11-06 01:14:04,358] [builder.py:2344]           [INFO]     | Moving Go-Toubun no Hanayome after Sangatsu no Lion                                                |
[2022-11-06 01:14:04,369] [builder.py:2344]           [INFO]     | Moving Akiba Meido Sensou after Go-Toubun no Hanayome                                              |
[2022-11-06 01:14:04,378] [builder.py:2344]           [INFO]     | Moving Another after Akiba Meido Sensou                                                            |
[2022-11-06 01:14:04,390] [builder.py:2344]           [INFO]     | Moving Burn the Witch after Another                                                                |
[2022-11-06 01:14:04,400] [builder.py:2344]           [INFO]     | Moving Dance Dance Danseur after Burn the Witch                                                    |
[2022-11-06 01:14:04,409] [builder.py:2344]           [INFO]     | Moving Danshi Koukousei no Nichijou after Dance Dance Danseur                                      |
[2022-11-06 01:14:04,418] [builder.py:2344]           [INFO]     | Moving Date a Live after Danshi Koukousei no Nichijou                                              |
[2022-11-06 01:14:04,427] [builder.py:2344]           [INFO]     | Moving Dr. Stone after Date a Live                                                                 |
[2022-11-06 01:14:04,437] [builder.py:2344]           [INFO]     | Moving Dungeon ni Deai o Motomeru no wa Machigatte Iru Darouka: Familia Myth after Dr. Stone       |
[2022-11-06 01:14:04,447] [builder.py:2344]           [INFO]     | Moving Given after Dungeon ni Deai o Motomeru no wa Machigatte Iru Darouka: Familia Myth           |
[2022-11-06 01:14:04,456] [builder.py:2344]           [INFO]     | Moving Goblin Slayer after Given                                                                   |
[2022-11-06 01:14:04,467] [builder.py:2344]           [INFO]     | Moving Golden Kamuy after Goblin Slayer                                                            |
[2022-11-06 01:14:04,476] [builder.py:2344]           [INFO]     | Moving Hajime no Ippo: The Fighting! after Golden Kamuy                                            |
[2022-11-06 01:14:04,485] [builder.py:2344]           [INFO]     | Moving Horimiya after Hajime no Ippo: The Fighting!                                                |
[2022-11-06 01:14:04,495] [builder.py:2344]           [INFO]     | Moving Hyouka after Horimiya                                                                       |
[2022-11-06 01:14:04,504] [builder.py:2344]           [INFO]     | Moving K-On! after Hyouka                                                                          |
[2022-11-06 01:14:04,514] [builder.py:2344]           [INFO]     | Moving Kaguya-sama wa Kokurasetai: Tensai-tachi no Ren'ai Zunousen after K-On!                     |
[2022-11-06 01:14:04,523] [builder.py:2344]           [INFO]     | Moving Kami no Tou after Kaguya-sama wa Kokurasetai: Tensai-tachi no Ren'ai Zunousen               |
[2022-11-06 01:14:04,532] [builder.py:2344]           [INFO]     | Moving Kanojo, Okarishimasu after Kami no Tou                                                      |
[2022-11-06 01:14:04,541] [builder.py:2344]           [INFO]     | Moving Kinsou no Vermeil: Gakeppuchi Majutsushi wa Saikyou no Yakusai to Mahou Sekai o Tsukisusumu after Kanojo, Okarishimasu |
[2022-11-06 01:14:04,550] [builder.py:2344]           [INFO]     | Moving Kiseijuu: Sei no Kakuritsu after Kinsou no Vermeil: Gakeppuchi Majutsushi wa Saikyou no Yakusai to Mahou Sekai o Tsukisusumu |
[2022-11-06 01:14:04,560] [builder.py:2344]           [INFO]     | Moving Komi-san wa, Komyushou Desu. after Kiseijuu: Sei no Kakuritsu                               |
[2022-11-06 01:14:04,569] [builder.py:2344]           [INFO]     | Moving Mieruko-chan after Komi-san wa, Komyushou Desu.                                             |
[2022-11-06 01:14:04,579] [builder.py:2344]           [INFO]     | Moving Bakemonogatari after Mieruko-chan                                                           |
[2022-11-06 01:14:04,588] [builder.py:2344]           [INFO]     | Moving Ookami to Koushinryou after Bakemonogatari                                                  |
[2022-11-06 01:14:04,597] [builder.py:2344]           [INFO]     | Moving Overlord after Ookami to Koushinryou                                                        |
[2022-11-06 01:14:04,606] [builder.py:2344]           [INFO]     | Moving Shinsekai yori after Overlord                                                               |
[2022-11-06 01:14:04,615] [builder.py:2344]           [INFO]     | Moving Slime Taoshite 300-nen, Shiranai Uchi ni Level Max ni Nattemashita after Shinsekai yori     |
[2022-11-06 01:14:04,625] [builder.py:2344]           [INFO]     | Moving Sonny Boy after Slime Taoshite 300-nen, Shiranai Uchi ni Level Max ni Nattemashita          |
[2022-11-06 01:14:04,640] [builder.py:2344]           [INFO]     | Moving Soredemo Ayumu wa Yosetekuru after Sonny Boy                                                |
[2022-11-06 01:14:04,650] [builder.py:2344]           [INFO]     | Moving Star Wars: Visions after Soredemo Ayumu wa Yosetekuru                                       |
[2022-11-06 01:14:04,659] [builder.py:2344]           [INFO]     | Moving Tanaka-kun wa Itsumo Kedaruge after Star Wars: Visions                                      |
[2022-11-06 01:14:04,669] [builder.py:2344]           [INFO]     | Moving Tensei Kenja no Isekai Life: Daini no Shokugyou o Ete, Sekai Saikyou ni Narimashita after Tanaka-kun wa Itsumo Kedaruge |
[2022-11-06 01:14:04,678] [builder.py:2344]           [INFO]     | Moving Tensei Shitara Slime Datta Ken after Tensei Kenja no Isekai Life: Daini no Shokugyou o Ete, Sekai Saikyou ni Narimashita |
[2022-11-06 01:14:04,688] [builder.py:2344]           [INFO]     | Moving The God of High School after Tensei Shitara Slime Datta Ken                                 |
[2022-11-06 01:14:04,698] [builder.py:2344]           [INFO]     | Moving Tonikaku Kawaii after The God of High School                                                |
[2022-11-06 01:14:04,708] [builder.py:2344]           [INFO]     | Moving Vanitas no Karte after Tonikaku Kawaii                                                      |
[2022-11-06 01:14:04,718] [builder.py:2344]           [INFO]     | Moving Violet Evergarden after Vanitas no Karte                                                    |
[2022-11-06 01:14:04,728] [builder.py:2344]           [INFO]     | Moving Yakusoku no Neverland after Violet Evergarden                                               |
[2022-11-06 01:14:04,737] [builder.py:2344]           [INFO]     | Moving Youkoso Jitsuryoku Shijou Shugi no Kyoushitsu e after Yakusoku no Neverland                 |
[2022-11-06 01:14:04,746] [builder.py:2344]           [INFO]     | Moving Yuuri!!! on Ice after Youkoso Jitsuryoku Shijou Shugi no Kyoushitsu e                       |
[2022-11-06 01:14:04,754] [plex_meta_manager.py:285]  [INFO]     |                                                                                                    |
[2022-11-06 01:14:04,755] [util.py:216]               [INFO]     |=============================== Sorting Top Airing Anime Collection ================================|
[2022-11-06 01:14:04,755] [plex_meta_manager.py:287]  [INFO]     |                                                                                                    |
[2022-11-06 01:14:04,756] [builder.py:2333]           [INFO]     |                                                                                                    |
[2022-11-06 01:14:04,756] [util.py:216]               [INFO]     |=============================== Sorting Top Airing Anime Collection ================================|
[2022-11-06 01:14:04,756] [builder.py:2335]           [INFO]     |                                                                                                    |
[2022-11-06 01:14:04,757] [builder.py:2344]           [INFO]     | Moving Chainsaw Man to the beginning                                                               |
[2022-11-06 01:14:04,763] [builder.py:2344]           [INFO]     | Moving Spy x Family (2022) after Chainsaw Man                                                      |
[2022-11-06 01:14:04,768] [builder.py:2344]           [INFO]     | Moving Mob Psycho 100 after Spy x Family (2022)                                                    |
[2022-11-06 01:14:04,774] [builder.py:2344]           [INFO]     | Moving Bocchi the Rock! after Mob Psycho 100                                                       |
[2022-11-06 01:14:04,780] [builder.py:2344]           [INFO]     | Moving Golden Kamuy after Bocchi the Rock!                                                         |
[2022-11-06 01:14:04,785] [builder.py:2344]           [INFO]     | Moving Boku no Hero Academia after Golden Kamuy                                                    |
[2022-11-06 01:14:04,790] [builder.py:2344]           [INFO]     | Moving Fumetsu no Anata e after Boku no Hero Academia                                              |
[2022-11-06 01:14:04,796] [builder.py:2344]           [INFO]     | Moving Isekai Ojisan after Fumetsu no Anata e                                                      |
[2022-11-06 01:14:04,801] [builder.py:2344]           [INFO]     | Moving Kage no Jitsuryokusha ni Naritakute! after Isekai Ojisan                                    |
[2022-11-06 01:14:04,806] [builder.py:2344]           [INFO]     | Moving Do It Yourself!! after Kage no Jitsuryokusha ni Naritakute!                                 |
[2022-11-06 01:14:04,812] [plex_meta_manager.py:285]  [INFO]     |                                                                                                    |
[2022-11-06 01:14:04,812] [util.py:216]               [INFO]     |============================== Sorting Most Popular Anime Collection ===============================|
[2022-11-06 01:14:04,812] [plex_meta_manager.py:287]  [INFO]     |                                                                                                    |
[2022-11-06 01:14:04,813] [builder.py:2333]           [INFO]     |                                                                                                    |
[2022-11-06 01:14:04,813] [util.py:216]               [INFO]     |============================== Sorting Most Popular Anime Collection ===============================|
[2022-11-06 01:14:04,813] [builder.py:2335]           [INFO]     |                                                                                                    |
[2022-11-06 01:14:04,813] [builder.py:2344]           [INFO]     | Moving Shingeki no Kyojin to the beginning                                                         |
[2022-11-06 01:14:04,821] [builder.py:2344]           [INFO]     | Moving Death Note after Shingeki no Kyojin                                                         |
[2022-11-06 01:14:04,829] [builder.py:2344]           [INFO]     | Moving Hagane no Renkinjutsushi (2009) after Death Note                                            |
[2022-11-06 01:14:04,837] [builder.py:2344]           [INFO]     | Moving One Punch Man after Hagane no Renkinjutsushi (2009)                                         |
[2022-11-06 01:14:04,849] [builder.py:2344]           [INFO]     | Moving Boku no Hero Academia after One Punch Man                                                   |
[2022-11-06 01:14:04,857] [builder.py:2344]           [INFO]     | Moving Kimetsu no Yaiba after Boku no Hero Academia                                                |
[2022-11-06 01:14:04,864] [builder.py:2344]           [INFO]     | Moving Tokyo Ghoul after Kimetsu no Yaiba                                                          |
[2022-11-06 01:14:04,872] [builder.py:2344]           [INFO]     | Moving Hunter x Hunter (2011) after Tokyo Ghoul                                                    |
[2022-11-06 01:14:04,880] [builder.py:2344]           [INFO]     | Moving Steins;Gate after Hunter x Hunter (2011)                                                    |
[2022-11-06 01:14:04,888] [builder.py:2344]           [INFO]     | Moving No Game No Life after Steins;Gate                                                           |
[2022-11-06 01:14:04,896] [builder.py:2344]           [INFO]     | Moving Code Geass: Hangyaku no Lelouch after No Game No Life                                       |
[2022-11-06 01:14:04,904] [builder.py:2344]           [INFO]     | Moving Toradora! after Code Geass: Hangyaku no Lelouch                                             |
[2022-11-06 01:14:04,913] [builder.py:2344]           [INFO]     | Moving Jujutsu Kaisen after Toradora!                                                              |
[2022-11-06 01:14:04,921] [builder.py:2344]           [INFO]     | Moving Shigatsu wa Kimi no Uso after Jujutsu Kaisen                                                |
[2022-11-06 01:14:04,929] [builder.py:2344]           [INFO]     | Moving Re:Zero kara Hajimeru Isekai Seikatsu (2021) after Shigatsu wa Kimi no Uso                  |
[2022-11-06 01:14:04,937] [builder.py:2344]           [INFO]     | Moving Angel Beats! after Re:Zero kara Hajimeru Isekai Seikatsu (2021)                             |
[2022-11-06 01:14:04,945] [builder.py:2344]           [INFO]     | Moving Akame ga Kill! after Angel Beats!                                                           |
[2022-11-06 01:14:04,952] [builder.py:2344]           [INFO]     | Moving Boku dake ga Inai Machi after Akame ga Kill!                                                |
[2022-11-06 01:14:04,960] [builder.py:2344]           [INFO]     | Moving Mob Psycho 100 after Boku dake ga Inai Machi                                                |
[2022-11-06 01:14:04,967] [builder.py:2344]           [INFO]     | Moving Haikyuu!! after Mob Psycho 100                                                              |
[2022-11-06 01:14:04,975] [builder.py:2344]           [INFO]     | Moving Yakusoku no Neverland after Haikyuu!!                                                       |
[2022-11-06 01:14:04,983] [builder.py:2344]           [INFO]     | Moving Kono Subarashii Sekai ni Shukufuku o! after Yakusoku no Neverland                           |
[2022-11-06 01:14:04,991] [builder.py:2344]           [INFO]     | Moving Kiseijuu: Sei no Kakuritsu after Kono Subarashii Sekai ni Shukufuku o!                      |
[2022-11-06 01:14:04,998] [builder.py:2344]           [INFO]     | Moving Cowboy Bebop after Kiseijuu: Sei no Kakuritsu                                               |
[2022-11-06 01:14:05,007] [builder.py:2344]           [INFO]     | Moving Shinseiki Evangelion after Cowboy Bebop                                                     |
[2022-11-06 01:14:05,014] [builder.py:2344]           [INFO]     | Moving Kill la Kill after Shinseiki Evangelion                                                     |
[2022-11-06 01:14:05,022] [plex_meta_manager.py:285]  [INFO]     |                                                                                                    |
[2022-11-06 01:14:05,022] [util.py:216]               [INFO]     |============================= Sorting Most Favorited Anime Collection ==============================|
[2022-11-06 01:14:05,023] [plex_meta_manager.py:287]  [INFO]     |                                                                                                    |
[2022-11-06 01:14:05,023] [builder.py:2333]           [INFO]     |                                                                                                    |
[2022-11-06 01:14:05,023] [util.py:216]               [INFO]     |============================= Sorting Most Favorited Anime Collection ==============================|
[2022-11-06 01:14:05,023] [builder.py:2335]           [INFO]     |                                                                                                    |
[2022-11-06 01:14:05,024] [builder.py:2344]           [INFO]     | Moving Hagane no Renkinjutsushi (2009) to the beginning                                            |
[2022-11-06 01:14:05,032] [builder.py:2344]           [INFO]     | Moving Hunter x Hunter (2011) after Hagane no Renkinjutsushi (2009)                                |
[2022-11-06 01:14:05,041] [builder.py:2344]           [INFO]     | Moving Steins;Gate after Hunter x Hunter (2011)                                                    |
[2022-11-06 01:14:05,049] [builder.py:2344]           [INFO]     | Moving Death Note after Steins;Gate                                                                |
[2022-11-06 01:14:05,063] [builder.py:2344]           [INFO]     | Moving Shingeki no Kyojin after Death Note                                                         |
[2022-11-06 01:14:05,073] [builder.py:2344]           [INFO]     | Moving Code Geass: Hangyaku no Lelouch after Shingeki no Kyojin                                    |
[2022-11-06 01:14:05,082] [builder.py:2344]           [INFO]     | Moving Shinseiki Evangelion after Code Geass: Hangyaku no Lelouch                                  |
[2022-11-06 01:14:05,091] [builder.py:2344]           [INFO]     | Moving Kimetsu no Yaiba after Shinseiki Evangelion                                                 |
[2022-11-06 01:14:05,100] [builder.py:2344]           [INFO]     | Moving Shigatsu wa Kimi no Uso after Kimetsu no Yaiba                                              |
[2022-11-06 01:14:05,109] [builder.py:2344]           [INFO]     | Moving Jujutsu Kaisen after Shigatsu wa Kimi no Uso                                                |
[2022-11-06 01:14:05,118] [builder.py:2344]           [INFO]     | Moving Cowboy Bebop after Jujutsu Kaisen                                                           |
[2022-11-06 01:14:05,129] [builder.py:2344]           [INFO]     | Moving Tengen Toppa Gurren Lagann after Cowboy Bebop                                               |
[2022-11-06 01:14:05,139] [builder.py:2344]           [INFO]     | Moving Haikyuu!! after Tengen Toppa Gurren Lagann                                                  |
[2022-11-06 01:14:05,149] [builder.py:2344]           [INFO]     | Moving Re:Zero kara Hajimeru Isekai Seikatsu (2021) after Haikyuu!!                                |
[2022-11-06 01:14:05,157] [builder.py:2344]           [INFO]     | Moving One Punch Man after Re:Zero kara Hajimeru Isekai Seikatsu (2021)                            |
[2022-11-06 01:14:05,166] [builder.py:2344]           [INFO]     | Moving Violet Evergarden after One Punch Man                                                       |
[2022-11-06 01:14:05,174] [builder.py:2344]           [INFO]     | Moving Toradora! after Violet Evergarden                                                           |
[2022-11-06 01:14:05,183] [builder.py:2344]           [INFO]     | Moving Boku no Hero Academia after Toradora!                                                       |
[2022-11-06 01:14:05,192] [builder.py:2344]           [INFO]     | Moving Tokyo Ghoul after Boku no Hero Academia                                                     |
[2022-11-06 01:14:05,201] [builder.py:2344]           [INFO]     | Moving Bakemonogatari after Tokyo Ghoul                                                            |
[2022-11-06 01:14:05,209] [builder.py:2344]           [INFO]     | Moving No Game No Life after Bakemonogatari                                                        |
[2022-11-06 01:14:05,217] [builder.py:2344]           [INFO]     | Moving Angel Beats! after No Game No Life                                                          |
[2022-11-06 01:14:05,225] [builder.py:2344]           [INFO]     | Moving Boku dake ga Inai Machi after Angel Beats!                                                  |
[2022-11-06 01:14:05,234] [builder.py:2344]           [INFO]     | Moving Seishun Buta Yarou wa Bunny Girl Senpai no Yume o Minai after Boku dake ga Inai Machi       |
[2022-11-06 01:14:05,243] [builder.py:2344]           [INFO]     | Moving Kono Subarashii Sekai ni Shukufuku o! after Seishun Buta Yarou wa Bunny Girl Senpai no Yume o Minai |
[2022-11-06 01:14:05,252] [builder.py:2344]           [INFO]     | Moving Mob Psycho 100 after Kono Subarashii Sekai ni Shukufuku o!                                  |
[2022-11-06 01:14:05,262] [builder.py:2344]           [INFO]     | Moving Made in Abyss after Mob Psycho 100                                                          |
[2022-11-06 01:14:05,271] [builder.py:2344]           [INFO]     | Moving Vinland Saga after Made in Abyss                                                            |
[2022-11-06 01:14:05,280] [builder.py:2344]           [INFO]     | Moving Kill la Kill after Vinland Saga                                                             |
[2022-11-06 01:14:05,289] [builder.py:2344]           [INFO]     | Moving Kaguya-sama wa Kokurasetai: Tensai-tachi no Ren'ai Zunousen after Kill la Kill              |
[2022-11-06 01:14:05,298] [builder.py:2344]           [INFO]     | Moving Spy x Family (2022) after Kaguya-sama wa Kokurasetai: Tensai-tachi no Ren'ai Zunousen       |
[2022-11-06 01:14:05,310] [builder.py:2344]           [INFO]     | Moving Samurai Champloo after Spy x Family (2022)                                                  |
[2022-11-06 01:14:05,319] [plex_meta_manager.py:423]  [INFO]     |                                                                                                    |
[2022-11-06 01:14:05,320] [util.py:209]               [INFO]     |====================================================================================================|
[2022-11-06 01:14:05,320] [util.py:216]               [INFO]     |                                      Anime Library Operations                                      |
[2022-11-06 01:14:05,320] [util.py:220]               [INFO]     |====================================================================================================|
[2022-11-06 01:14:05,321] [plex_meta_manager.py:425]  [INFO]     |                                                                                                    |
[2022-11-06 01:14:05,321] [plex_meta_manager.py:426]  [DEBUG]    | Assets For All: False                                                                              |
[2022-11-06 01:14:05,321] [plex_meta_manager.py:427]  [DEBUG]    | Delete Collections With Less: None                                                                 |
[2022-11-06 01:14:05,322] [plex_meta_manager.py:428]  [DEBUG]    | Delete Unmanaged Collections: False                                                                |
[2022-11-06 01:14:05,322] [plex_meta_manager.py:429]  [DEBUG]    | Mass Genre Update: None                                                                            |
[2022-11-06 01:14:05,322] [plex_meta_manager.py:430]  [DEBUG]    | Mass Audience Rating Update: None                                                                  |
[2022-11-06 01:14:05,322] [plex_meta_manager.py:431]  [DEBUG]    | Mass Critic Rating Update: None                                                                    |
[2022-11-06 01:14:05,323] [plex_meta_manager.py:432]  [DEBUG]    | Mass Trakt Rating Update: False                                                                    |
[2022-11-06 01:14:05,323] [plex_meta_manager.py:433]  [DEBUG]    | Mass Collection Mode Update: None                                                                  |
[2022-11-06 01:14:05,323] [plex_meta_manager.py:434]  [DEBUG]    | Split Duplicates: False                                                                            |
[2022-11-06 01:14:05,323] [plex_meta_manager.py:435]  [DEBUG]    | Radarr Add All Existing: False                                                                     |
[2022-11-06 01:14:05,324] [plex_meta_manager.py:436]  [DEBUG]    | Radarr Remove by Tag: None                                                                         |
[2022-11-06 01:14:05,324] [plex_meta_manager.py:437]  [DEBUG]    | Sonarr Add All Existing: False                                                                     |
[2022-11-06 01:14:05,324] [plex_meta_manager.py:438]  [DEBUG]    | Sonarr Remove by Tag: None                                                                         |
[2022-11-06 01:14:05,324] [plex_meta_manager.py:439]  [DEBUG]    | TMDb Collections: None                                                                             |
[2022-11-06 01:14:05,324] [plex_meta_manager.py:440]  [DEBUG]    | Genre Collections: None                                                                            |
[2022-11-06 01:14:05,325] [plex_meta_manager.py:441]  [DEBUG]    | Genre Mapper: None                                                                                 |
[2022-11-06 01:14:05,325] [plex_meta_manager.py:442]  [DEBUG]    | TMDb Operation: False                                                                              |
[2022-11-06 01:14:05,338] [plex_meta_manager.py:688]  [INFO]     |                                                                                                    |
[2022-11-06 01:14:05,338] [util.py:216]               [INFO]     |============================== Unmanaged Collections in Anime Library ==============================|
[2022-11-06 01:14:05,339] [plex_meta_manager.py:690]  [INFO]     |                                                                                                    |
[2022-11-06 01:14:05,339] [plex_meta_manager.py:692]  [INFO]     | Tengen Toppa Gurren Lagann Collection                                                              |
[2022-11-06 01:14:05,339] [plex_meta_manager.py:693]  [INFO]     |                                                                                                    |
[2022-11-06 01:14:05,340] [plex_meta_manager.py:694]  [INFO]     | 1 Unmanaged Collection                                                                             |
