[2022-03-17 08:07:07,566] [util.py:209]               [INFO]     |====================================================================================================|
[2022-03-17 08:07:07,567] [util.py:216]               [INFO]     |                                  80's Movies Collection in Movies                                  |
[2022-03-17 08:07:07,567] [util.py:220]               [INFO]     |====================================================================================================|
[2022-03-17 08:07:07,568] [plex_meta_manager.py:750]  [INFO]     |                                                                                                    |
[2022-03-17 08:07:07,568] [util.py:216]               [INFO]     |================================ Validating 80's Movies Attributes =================================|
[2022-03-17 08:07:07,569] [builder.py:265]            [DEBUG]    |                                                                                                    |
[2022-03-17 08:07:07,569] [builder.py:266]            [DEBUG]    | Validating Method: template                                                                        |
[2022-03-17 08:07:07,569] [meta.py:83]                [DEBUG]    | Value: ordereddict([('name', 'Decade'), ('year', 1980), ('poster', 'https://theposterdb.com/api/assets/105333')]) |
[2022-03-17 08:07:07,570] [builder.py:453]            [DEBUG]    |                                                                                                    |
[2022-03-17 08:07:07,570] [builder.py:454]            [DEBUG]    | Validating Method: collection_order                                                                |
[2022-03-17 08:07:07,570] [builder.py:455]            [DEBUG]    | Value: alpha                                                                                       |
[2022-03-17 08:07:07,571] [builder.py:472]            [DEBUG]    |                                                                                                    |
[2022-03-17 08:07:07,571] [builder.py:473]            [DEBUG]    | Validating Method: plex_search                                                                     |
[2022-03-17 08:07:07,571] [builder.py:474]            [DEBUG]    | Value: {'decade': 1980}                                                                            |
[2022-03-17 08:07:07,572] [builder.py:472]            [DEBUG]    |                                                                                                    |
[2022-03-17 08:07:07,572] [builder.py:473]            [DEBUG]    | Validating Method: sort_title                                                                      |
[2022-03-17 08:07:07,572] [builder.py:474]            [DEBUG]    | Value: 00000d_80's Movies                                                                          |
[2022-03-17 08:07:07,572] [builder.py:472]            [DEBUG]    |                                                                                                    |
[2022-03-17 08:07:07,573] [builder.py:473]            [DEBUG]    | Validating Method: url_poster                                                                      |
[2022-03-17 08:07:07,573] [builder.py:474]            [DEBUG]    | Value: https://theposterdb.com/api/assets/105333                                                   |
[2022-03-17 08:07:07,835] [builder.py:619]            [INFO]     |                                                                                                    |
[2022-03-17 08:07:07,836] [builder.py:620]            [INFO]     | Validation Successful                                                                              |
[2022-03-17 08:07:07,839] [plex_meta_manager.py:758]  [INFO]     |                                                                                                    |
[2022-03-17 08:07:07,839] [util.py:216]               [INFO]     |================================== Running 80's Movies Collection ==================================|
[2022-03-17 08:07:07,840] [plex_meta_manager.py:773]  [INFO]     |                                                                                                    |
[2022-03-17 08:07:07,840] [plex_meta_manager.py:774]  [INFO]     | Sync Mode: append                                                                                  |
[2022-03-17 08:07:07,841] [builder.py:1275]           [DEBUG]    |                                                                                                    |
[2022-03-17 08:07:07,841] [builder.py:1276]           [DEBUG]    | Builder: plex_search: (1, 'Plex Movie Search\nSort By: title.asc\nFilter:\n  Match all of the following:\n    Match any of the following:\n      Decade is 1980', '?type=1&sort=titleSort&push=1&decade=1980&pop=1') |
[2022-03-17 08:07:07,841] [builder.py:1277]           [INFO]     |                                                                                                    |
[2022-03-17 08:07:07,842] [util.py:161]               [INFO]     | Plex Movie Search                                                                                  |
[2022-03-17 08:07:07,842] [util.py:161]               [INFO]     | Sort By: title.asc                                                                                 |
[2022-03-17 08:07:07,842] [util.py:161]               [INFO]     | Filter:                                                                                            |
[2022-03-17 08:07:07,843] [util.py:161]               [INFO]     |   Match all of the following:                                                                      |
[2022-03-17 08:07:07,843] [util.py:161]               [INFO]     |     Match any of the following:                                                                    |
[2022-03-17 08:07:07,843] [util.py:161]               [INFO]     |       Decade is 1980                                                                               |
[2022-03-17 08:07:08,005] [plex.py:746]               [DEBUG]    |                                                                                                    |
[2022-03-17 08:07:08,005] [plex.py:747]               [DEBUG]    | 45 Keys Found: [(35616, 'ratingKey'), (32316, 'ratingKey'), (33808, 'ratingKey'), (34356, 'ratingKey'), (32471, 'ratingKey'), (34695, 'ratingKey'), (31540, 'ratingKey'), (35814, 'ratingKey'), (36364, 'ratingKey'), (31446, 'ratingKey'), (33839, 'ratingKey'), (34704, 'ratingKey'), (36182, 'ratingKey'), (34732, 'ratingKey'), (32411, 'ratingKey'), (34386, 'ratingKey'), (34375, 'ratingKey'), (34337, 'ratingKey'), (32641, 'ratingKey'), (32643, 'ratingKey'), (32642, 'ratingKey'), (35609, 'ratingKey'), (35610, 'ratingKey'), (36064, 'ratingKey'), (31797, 'ratingKey'), (33657, 'ratingKey'), (34933, 'ratingKey'), (36394, 'ratingKey'), (31425, 'ratingKey'), (31419, 'ratingKey'), (31405, 'ratingKey'), (36777, 'ratingKey'), (33847, 'ratingKey'), (31350, 'ratingKey'), (30721, 'ratingKey'), (36054, 'ratingKey'), (34930, 'ratingKey'), (36066, 'ratingKey'), (34626, 'ratingKey'), (32412, 'ratingKey'), (36385, 'ratingKey'), (32160, 'ratingKey'), (32167, 'ratingKey'), (31596, 'ratingKey'), (36426, 'ratingKey')] |
[2022-03-17 08:07:08,006] [builder.py:1282]           [DEBUG]    |                                                                                                    |
[2022-03-17 08:07:08,006] [builder.py:1283]           [DEBUG]    | 45 IDs Found: [(35616, 'ratingKey'), (32316, 'ratingKey'), (33808, 'ratingKey'), (34356, 'ratingKey'), (32471, 'ratingKey'), (34695, 'ratingKey'), (31540, 'ratingKey'), (35814, 'ratingKey'), (36364, 'ratingKey'), (31446, 'ratingKey'), (33839, 'ratingKey'), (34704, 'ratingKey'), (36182, 'ratingKey'), (34732, 'ratingKey'), (32411, 'ratingKey'), (34386, 'ratingKey'), (34375, 'ratingKey'), (34337, 'ratingKey'), (32641, 'ratingKey'), (32643, 'ratingKey'), (32642, 'ratingKey'), (35609, 'ratingKey'), (35610, 'ratingKey'), (36064, 'ratingKey'), (31797, 'ratingKey'), (33657, 'ratingKey'), (34933, 'ratingKey'), (36394, 'ratingKey'), (31425, 'ratingKey'), (31419, 'ratingKey'), (31405, 'ratingKey'), (36777, 'ratingKey'), (33847, 'ratingKey'), (31350, 'ratingKey'), (30721, 'ratingKey'), (36054, 'ratingKey'), (34930, 'ratingKey'), (36066, 'ratingKey'), (34626, 'ratingKey'), (32412, 'ratingKey'), (36385, 'ratingKey'), (32160, 'ratingKey'), (32167, 'ratingKey'), (31596, 'ratingKey'), (36426, 'ratingKey')] |
[2022-03-17 08:07:08,008] [builder.py:1284]           [DEBUG]    |                                                                                                    |
[2022-03-17 08:07:09,271] [builder.py:1697]           [INFO]     |                                                                                                    |
[2022-03-17 08:07:09,272] [util.py:216]               [INFO]     |================================= Adding to 80's Movies Collection =================================|
[2022-03-17 08:07:09,272] [builder.py:1699]           [INFO]     |                                                                                                    |
[2022-03-17 08:07:09,273] [builder.py:1709]           [INFO]     |  1/45 | 80's Movies Collection | = | The Abyss (1989)                                              |
[2022-03-17 08:07:09,273] [builder.py:1709]           [INFO]     |  2/45 | 80's Movies Collection | = | Aliens (1986)                                                 |
[2022-03-17 08:07:09,274] [builder.py:1709]           [INFO]     |  3/45 | 80's Movies Collection | = | Back to the Future (1985)                                     |
[2022-03-17 08:07:09,274] [builder.py:1709]           [INFO]     |  4/45 | 80's Movies Collection | = | Back to the Future Part II (1989)                             |
[2022-03-17 08:07:09,275] [builder.py:1709]           [INFO]     |  5/45 | 80's Movies Collection | = | Big Trouble in Little China (1986)                            |
[2022-03-17 08:07:09,275] [builder.py:1709]           [INFO]     |  6/45 | 80's Movies Collection | = | The Black Cauldron (1985)                                     |
[2022-03-17 08:07:09,275] [builder.py:1709]           [INFO]     |  7/45 | 80's Movies Collection | = | Blade Runner (1982)                                           |
[2022-03-17 08:07:09,276] [builder.py:1709]           [INFO]     |  8/45 | 80's Movies Collection | = | The Boat (1981)                                               |
[2022-03-17 08:07:09,276] [builder.py:1709]           [INFO]     |  9/45 | 80's Movies Collection | = | The Breakfast Club (1985)                                     |
[2022-03-17 08:07:09,277] [builder.py:1709]           [INFO]     | 10/45 | 80's Movies Collection | = | Castle in the Sky (1986)                                      |
[2022-03-17 08:07:09,277] [builder.py:1709]           [INFO]     | 11/45 | 80's Movies Collection | = | Cinema Paradiso (1988)                                        |
[2022-03-17 08:07:09,278] [builder.py:1709]           [INFO]     | 12/45 | 80's Movies Collection | = | The Color of Money (1986)                                     |
[2022-03-17 08:07:09,280] [builder.py:1709]           [INFO]     | 13/45 | 80's Movies Collection | = | The Fog (1980)                                                |
[2022-03-17 08:07:09,280] [builder.py:1709]           [INFO]     | 14/45 | 80's Movies Collection | = | The Fox and the Hound (1981)                                  |
[2022-03-17 08:07:09,281] [builder.py:1709]           [INFO]     | 15/45 | 80's Movies Collection | = | Full Metal Jacket (1987)                                      |
[2022-03-17 08:07:09,281] [builder.py:1709]           [INFO]     | 16/45 | 80's Movies Collection | = | Grave of the Fireflies (1988)                                 |
[2022-03-17 08:07:09,282] [builder.py:1709]           [INFO]     | 17/45 | 80's Movies Collection | = | The Great Mouse Detective (1986)                              |
[2022-03-17 08:07:09,282] [builder.py:1709]           [INFO]     | 18/45 | 80's Movies Collection | = | Gremlins (1984)                                               |
[2022-03-17 08:07:09,283] [builder.py:1709]           [INFO]     | 19/45 | 80's Movies Collection | = | Indiana Jones and the Raiders of the Lost Ark (1981)          |
[2022-03-17 08:07:09,283] [builder.py:1709]           [INFO]     | 20/45 | 80's Movies Collection | = | Indiana Jones and the Temple of Doom (1984)                   |
[2022-03-17 08:07:09,284] [builder.py:1709]           [INFO]     | 21/45 | 80's Movies Collection | = | Indiana Jones and the Last Crusade (1989)                     |
[2022-03-17 08:07:09,284] [builder.py:1709]           [INFO]     | 22/45 | 80's Movies Collection | = | Jaws 3-D (1983)                                               |
[2022-03-17 08:07:09,285] [builder.py:1709]           [INFO]     | 23/45 | 80's Movies Collection | = | Jaws: The Revenge (1987)                                      |
[2022-03-17 08:07:09,285] [builder.py:1709]           [INFO]     | 24/45 | 80's Movies Collection | = | The Jewel of the Nile (1985)                                  |
[2022-03-17 08:07:09,285] [builder.py:1709]           [INFO]     | 25/45 | 80's Movies Collection | = | Kiki's Delivery Service (1989)                                |
[2022-03-17 08:07:09,286] [builder.py:1709]           [INFO]     | 26/45 | 80's Movies Collection | = | The Little Mermaid (1989)                                     |
[2022-03-17 08:07:09,286] [builder.py:1709]           [INFO]     | 27/45 | 80's Movies Collection | = | Mad Max Beyond Thunderdome (1985)                             |
[2022-03-17 08:07:09,287] [builder.py:1709]           [INFO]     | 28/45 | 80's Movies Collection | = | The Meaning of Life (1983)                                    |
[2022-03-17 08:07:09,287] [builder.py:1709]           [INFO]     | 29/45 | 80's Movies Collection | = | Moonstruck (1987)                                             |
[2022-03-17 08:07:09,288] [builder.py:1709]           [INFO]     | 30/45 | 80's Movies Collection | = | My Neighbor Totoro (1988)                                     |
[2022-03-17 08:07:09,288] [builder.py:1709]           [INFO]     | 31/45 | 80's Movies Collection | = | Nausicaä of the Valley of the Wind (1984)                     |
[2022-03-17 08:07:09,289] [builder.py:1709]           [INFO]     | 32/45 | 80's Movies Collection | = | Oliver & Company (1988)                                       |
[2022-03-17 08:07:09,289] [builder.py:1709]           [INFO]     | 33/45 | 80's Movies Collection | = | Once Upon a Time in America (1984)                            |
[2022-03-17 08:07:09,290] [builder.py:1709]           [INFO]     | 34/45 | 80's Movies Collection | = | Predator (1987)                                               |
[2022-03-17 08:07:09,290] [builder.py:1709]           [INFO]     | 35/45 | 80's Movies Collection | = | The Princess Bride (1987)                                     |
[2022-03-17 08:07:09,291] [builder.py:1709]           [INFO]     | 36/45 | 80's Movies Collection | = | Raging Bull (1980)                                            |
[2022-03-17 08:07:09,291] [builder.py:1709]           [INFO]     | 37/45 | 80's Movies Collection | = | The Road Warrior (1981)                                       |
[2022-03-17 08:07:09,292] [builder.py:1709]           [INFO]     | 38/45 | 80's Movies Collection | = | Romancing the Stone (1984)                                    |
[2022-03-17 08:07:09,292] [builder.py:1709]           [INFO]     | 39/45 | 80's Movies Collection | = | The Secret of NIMH (1982)                                     |
[2022-03-17 08:07:09,293] [builder.py:1709]           [INFO]     | 40/45 | 80's Movies Collection | = | The Shining (1980)                                            |
[2022-03-17 08:07:09,293] [builder.py:1709]           [INFO]     | 41/45 | 80's Movies Collection | = | Spaceballs (1987)                                             |
[2022-03-17 08:07:09,294] [builder.py:1709]           [INFO]     | 42/45 | 80's Movies Collection | = | Star Wars: Episode V - The Empire Strikes Back (1980)         |
[2022-03-17 08:07:09,296] [builder.py:1709]           [INFO]     | 43/45 | 80's Movies Collection | = | Star Wars: Episode VI - Return of the Jedi (1983)             |
[2022-03-17 08:07:09,297] [builder.py:1709]           [INFO]     | 44/45 | 80's Movies Collection | = | The Terminator (1984)                                         |
[2022-03-17 08:07:09,297] [builder.py:1709]           [INFO]     | 45/45 | 80's Movies Collection | = | The Thing (1982)                                              |
[2022-03-17 08:07:09,298] [builder.py:1734]           [INFO]     |                                                                                                    |
[2022-03-17 08:07:09,298] [builder.py:1735]           [INFO]     | 45 Movies Processed                                                                                |
[2022-03-17 08:07:09,303] [builder.py:2147]           [INFO]     |                                                                                                    |
[2022-03-17 08:07:09,304] [util.py:216]               [INFO]     |============================ Updating Details of 80's Movies Collection ============================|
[2022-03-17 08:07:09,304] [builder.py:2149]           [INFO]     |                                                                                                    |
[2022-03-17 08:07:09,305] [builder.py:2258]           [DEBUG]    | 2 posters found:                                                                                   |
[2022-03-17 08:07:09,305] [builder.py:2260]           [DEBUG]    | Method: url_poster Poster: https://theposterdb.com/api/assets/105333                               |
[2022-03-17 08:07:09,306] [builder.py:2260]           [DEBUG]    | Method: asset_directory Poster: {'attribute': 'asset_directory', 'location': "E:\\Plex Media Manager\\Plex-Meta-Manager\\config\\assets\\80's Movies\\poster.png", 'prefix': "80's Movies's ", 'is_poster': True, 'is_url': False, 'compare': 2231852, 'message': "80's Movies's poster to [File] E:\\Plex Media Manager\\Plex-Meta-Manager\\config\\assets\\80's Movies\\poster.png"} |
[2022-03-17 08:07:09,306] [builder.py:2327]           [INFO]     | No background collection detail or asset folder found                                              |
[2022-03-17 08:07:09,307] [library.py:147]            [INFO]     | Detail: 80's Movies's poster update not needed                                                     |
[2022-03-17 08:07:09,561] [plex_meta_manager.py:880]  [INFO]     |                                                                                                    |
[2022-03-17 08:07:09,562] [util.py:209]               [INFO]     |====================================================================================================|
[2022-03-17 08:07:09,563] [util.py:216]               [INFO]     |                                  Finished 80's Movies Collection                                   |
[2022-03-17 08:07:09,564] [util.py:216]               [INFO]     |                                    Collection Run Time: 0:00:02                                    |
[2022-03-17 08:07:09,564] [util.py:220]               [INFO]     |====================================================================================================|
