[2022-11-23 01:01:36,381] [util.py:209]               [INFO]     |====================================================================================================|
[2022-11-23 01:01:36,381] [util.py:216]               [INFO]     |                        Star Trek: Complete Collection Collection in Movies                         |
[2022-11-23 01:01:36,382] [util.py:220]               [INFO]     |====================================================================================================|
[2022-11-23 01:01:36,382] [plex_meta_manager.py:750]  [INFO]     |                                                                                                    |
[2022-11-23 01:01:36,383] [plex_meta_manager.py:752]  [INFO]     | Log Folder Name: Star Trek: Complete Collection is invalid using Star Trek Complete Collection     |
[2022-11-23 01:01:36,383] [plex_meta_manager.py:753]  [INFO]     |                                                                                                    |
[2022-11-23 01:01:36,383] [util.py:216]               [INFO]     |======================= Validating Star Trek: Complete Collection Attributes =======================|
[2022-11-23 01:01:36,384] [builder.py:265]            [DEBUG]    |                                                                                                    |
[2022-11-23 01:01:36,384] [builder.py:266]            [DEBUG]    | Validating Method: template                                                                        |
[2022-11-23 01:01:36,384] [meta.py:83]                [DEBUG]    | Value: ordereddict([('name', 'Movie'), ('collection', '115575, 115570, 151'), ('summary', 115575), ('poster', 'https://theposterdb.com/api/assets/146184')]) |
[2022-11-23 01:01:36,385] [builder.py:330]            [DEBUG]    |                                                                                                    |
[2022-11-23 01:01:36,385] [builder.py:331]            [DEBUG]    | Validating Method: sync_mode                                                                       |
[2022-11-23 01:01:36,385] [builder.py:335]            [DEBUG]    | Value: sync                                                                                        |
[2022-11-23 01:01:36,385] [builder.py:453]            [DEBUG]    |                                                                                                    |
[2022-11-23 01:01:36,386] [builder.py:454]            [DEBUG]    | Validating Method: collection_order                                                                |
[2022-11-23 01:01:36,386] [builder.py:455]            [DEBUG]    | Value: release                                                                                     |
[2022-11-23 01:01:36,386] [builder.py:472]            [DEBUG]    |                                                                                                    |
[2022-11-23 01:01:36,386] [builder.py:473]            [DEBUG]    | Validating Method: url_poster                                                                      |
[2022-11-23 01:01:36,387] [builder.py:474]            [DEBUG]    | Value: https://theposterdb.com/api/assets/146184                                                   |
[2022-11-23 01:01:36,387] [builder.py:472]            [DEBUG]    |                                                                                                    |
[2022-11-23 01:01:36,387] [builder.py:473]            [DEBUG]    | Validating Method: tmdb_collection                                                                 |
[2022-11-23 01:01:36,387] [builder.py:474]            [DEBUG]    | Value: 115575, 115570, 151                                                                         |
[2022-11-23 01:01:36,787] [builder.py:472]            [DEBUG]    |                                                                                                    |
[2022-11-23 01:01:36,787] [builder.py:473]            [DEBUG]    | Validating Method: tmdb_summary                                                                    |
[2022-11-23 01:01:36,787] [builder.py:474]            [DEBUG]    | Value: 115575                                                                                      |
[2022-11-23 01:01:36,788] [builder.py:472]            [DEBUG]    |                                                                                                    |
[2022-11-23 01:01:36,788] [builder.py:473]            [DEBUG]    | Validating Method: sort_title                                                                      |
[2022-11-23 01:01:36,788] [builder.py:474]            [DEBUG]    | Value: 00000f_Star Trek: Complete Collection                                                       |
[2022-11-23 01:01:36,788] [builder.py:472]            [DEBUG]    |                                                                                                    |
[2022-11-23 01:01:36,789] [builder.py:473]            [DEBUG]    | Validating Method: radarr_add_missing                                                              |
[2022-11-23 01:01:36,789] [builder.py:474]            [DEBUG]    | Value: True                                                                                        |
[2022-11-23 01:01:36,948] [builder.py:619]            [INFO]     |                                                                                                    |
[2022-11-23 01:01:36,948] [builder.py:620]            [INFO]     | Validation Successful                                                                              |
[2022-11-23 01:01:36,949] [plex_meta_manager.py:758]  [INFO]     |                                                                                                    |
[2022-11-23 01:01:36,950] [util.py:216]               [INFO]     |======================== Running Star Trek: Complete Collection Collection =========================|
[2022-11-23 01:01:36,950] [plex_meta_manager.py:773]  [INFO]     |                                                                                                    |
[2022-11-23 01:01:36,950] [plex_meta_manager.py:774]  [INFO]     | Sync Mode: sync                                                                                    |
[2022-11-23 01:01:36,951] [builder.py:1275]           [DEBUG]    |                                                                                                    |
[2022-11-23 01:01:36,951] [builder.py:1276]           [DEBUG]    | Builder: tmdb_collection: 115575                                                                   |
[2022-11-23 01:01:36,951] [builder.py:1277]           [INFO]     |                                                                                                    |
[2022-11-23 01:01:36,952] [tmdb.py:323]               [INFO]     | Processing TMDb Collection: (115575) Star Trek: Alternate Reality Collection (4 Items)             |
[2022-11-23 01:01:36,952] [builder.py:1282]           [DEBUG]    |                                                                                                    |
[2022-11-23 01:01:36,952] [builder.py:1283]           [DEBUG]    | 4 IDs Found: [(13475, 'tmdb'), (54138, 'tmdb'), (188927, 'tmdb'), (467903, 'tmdb')]                |
[2022-11-23 01:01:36,952] [builder.py:1284]           [DEBUG]    |                                                                                                    |
[2022-11-23 01:01:37,043] [builder.py:1275]           [DEBUG]    |                                                                                                    |
[2022-11-23 01:01:37,043] [builder.py:1276]           [DEBUG]    | Builder: tmdb_collection: 115570                                                                   |
[2022-11-23 01:01:37,043] [builder.py:1277]           [INFO]     |                                                                                                    |
[2022-11-23 01:01:37,044] [tmdb.py:323]               [INFO]     | Processing TMDb Collection: (115570) Star Trek: The Next Generation Collection (4 Items)           |
[2022-11-23 01:01:37,044] [builder.py:1282]           [DEBUG]    |                                                                                                    |
[2022-11-23 01:01:37,044] [builder.py:1283]           [DEBUG]    | 4 IDs Found: [(193, 'tmdb'), (199, 'tmdb'), (200, 'tmdb'), (201, 'tmdb')]                          |
[2022-11-23 01:01:37,044] [builder.py:1284]           [DEBUG]    |                                                                                                    |
[2022-11-23 01:01:37,134] [builder.py:1275]           [DEBUG]    |                                                                                                    |
[2022-11-23 01:01:37,135] [builder.py:1276]           [DEBUG]    | Builder: tmdb_collection: 151                                                                      |
[2022-11-23 01:01:37,135] [builder.py:1277]           [INFO]     |                                                                                                    |
[2022-11-23 01:01:37,136] [tmdb.py:323]               [INFO]     | Processing TMDb Collection: (151) Star Trek: The Original Series Collection (6 Items)              |
[2022-11-23 01:01:37,136] [builder.py:1282]           [DEBUG]    |                                                                                                    |
[2022-11-23 01:01:37,136] [builder.py:1283]           [DEBUG]    | 6 IDs Found: [(152, 'tmdb'), (154, 'tmdb'), (157, 'tmdb'), (168, 'tmdb'), (172, 'tmdb'), (174, 'tmdb')] |
[2022-11-23 01:01:37,136] [builder.py:1284]           [DEBUG]    |                                                                                                    |
[2022-11-23 01:01:37,242] [builder.py:1697]           [INFO]     |                                                                                                    |
[2022-11-23 01:01:37,242] [util.py:216]               [INFO]     |======================= Adding to Star Trek: Complete Collection Collection ========================|
[2022-11-23 01:01:37,243] [builder.py:1699]           [INFO]     |                                                                                                    |
[2022-11-23 01:01:37,243] [builder.py:1709]           [INFO]     |  1/13 | Star Trek: Complete Collection Collection | = | Star Trek (2009)                           |
[2022-11-23 01:01:37,244] [builder.py:1709]           [INFO]     |  2/13 | Star Trek: Complete Collection Collection | = | Star Trek Into Darkness (2013)             |
[2022-11-23 01:01:37,244] [builder.py:1709]           [INFO]     |  3/13 | Star Trek: Complete Collection Collection | = | Star Trek Beyond (2016)                    |
[2022-11-23 01:01:37,244] [builder.py:1709]           [INFO]     |  4/13 | Star Trek: Complete Collection Collection | = | Star Trek: Generations (1994)              |
[2022-11-23 01:01:37,245] [builder.py:1709]           [INFO]     |  5/13 | Star Trek: Complete Collection Collection | = | Star Trek: First Contact (1996)            |
[2022-11-23 01:01:37,245] [builder.py:1709]           [INFO]     |  6/13 | Star Trek: Complete Collection Collection | = | Star Trek: Insurrection (1998)             |
[2022-11-23 01:01:37,245] [builder.py:1709]           [INFO]     |  7/13 | Star Trek: Complete Collection Collection | = | Star Trek: Nemesis (2002)                  |
[2022-11-23 01:01:37,246] [builder.py:1709]           [INFO]     |  8/13 | Star Trek: Complete Collection Collection | = | Star Trek: The Motion Picture (1979)       |
[2022-11-23 01:01:37,246] [builder.py:1709]           [INFO]     |  9/13 | Star Trek: Complete Collection Collection | = | Star Trek II: The Wrath of Khan (1982)     |
[2022-11-23 01:01:37,246] [builder.py:1709]           [INFO]     | 10/13 | Star Trek: Complete Collection Collection | = | Star Trek III: The Search for Spock (1984) |
[2022-11-23 01:01:37,247] [builder.py:1709]           [INFO]     | 11/13 | Star Trek: Complete Collection Collection | = | Star Trek IV: The Voyage Home (1986)       |
[2022-11-23 01:01:37,247] [builder.py:1709]           [INFO]     | 12/13 | Star Trek: Complete Collection Collection | = | Star Trek V: The Final Frontier (1989)     |
[2022-11-23 01:01:37,247] [builder.py:1709]           [INFO]     | 13/13 | Star Trek: Complete Collection Collection | = | Star Trek VI: The Undiscovered Country (1991) |
[2022-11-23 01:01:37,248] [builder.py:1734]           [INFO]     |                                                                                                    |
[2022-11-23 01:01:37,248] [builder.py:1735]           [INFO]     | 13 Movies Processed                                                                                |
[2022-11-23 01:01:37,248] [builder.py:1929]           [INFO]     |                                                                                                    |
[2022-11-23 01:01:37,249] [util.py:216]               [INFO]     |=================== Missing Movies from Library: Star Trek: Complete Collection ====================|
[2022-11-23 01:01:37,249] [builder.py:1931]           [INFO]     |                                                                                                    |
[2022-11-23 01:01:37,538] [builder.py:1943]           [INFO]     | Star Trek: Complete Collection Collection | ? | Untitled Star Trek Sequel (TMDb: 467903)           |
[2022-11-23 01:01:37,539] [builder.py:1947]           [INFO]     |                                                                                                    |
[2022-11-23 01:01:37,540] [builder.py:1948]           [INFO]     | 1 Movie Missing                                                                                    |
[2022-11-23 01:01:37,548] [radarr.py:46]              [INFO]     |                                                                                                    |
[2022-11-23 01:01:37,549] [util.py:216]               [INFO]     |===================================== Adding Missing to Radarr =====================================|
[2022-11-23 01:01:37,549] [radarr.py:48]              [DEBUG]    |                                                                                                    |
[2022-11-23 01:01:37,549] [radarr.py:49]              [DEBUG]    | Radarr Adds: [467903]                                                                              |
[2022-11-23 01:01:38,380] [radarr.py:138]             [INFO]     |                                                                                                    |
[2022-11-23 01:01:38,380] [radarr.py:146]             [INFO]     | Skipped: In Cache | 467903                                                                         |
[2022-11-23 01:01:38,380] [radarr.py:147]             [INFO]     | 1 Movie already exist in Radarr                                                                    |
[2022-11-23 01:01:38,397] [builder.py:2147]           [INFO]     |                                                                                                    |
[2022-11-23 01:01:38,397] [util.py:216]               [INFO]     |================== Updating Details of Star Trek: Complete Collection Collection ===================|
[2022-11-23 01:01:38,397] [builder.py:2149]           [INFO]     |                                                                                                    |
[2022-11-23 01:01:38,398] [builder.py:2156]           [INFO]     | Detail: tmdb_summary updated Collection Summary                                                    |
[2022-11-23 01:01:38,398] [builder.py:2258]           [DEBUG]    | 1 posters found:                                                                                   |
[2022-11-23 01:01:38,399] [builder.py:2260]           [DEBUG]    | Method: url_poster Poster: https://theposterdb.com/api/assets/146184                               |
[2022-11-23 01:01:38,399] [builder.py:2327]           [INFO]     | No background collection detail or asset folder found                                              |
[2022-11-23 01:01:38,400] [library.py:147]            [INFO]     | Detail: poster update not needed                                                                   |
[2022-11-23 01:01:38,565] [plex_meta_manager.py:880]  [INFO]     |                                                                                                    |
[2022-11-23 01:01:38,566] [util.py:209]               [INFO]     |====================================================================================================|
[2022-11-23 01:01:38,567] [util.py:216]               [INFO]     |                         Finished Star Trek: Complete Collection Collection                         |
[2022-11-23 01:01:38,567] [util.py:216]               [INFO]     |                                    Collection Run Time: 0:00:02                                    |
[2022-11-23 01:01:38,567] [util.py:220]               [INFO]     |====================================================================================================|
