[2022-01-16 15:04:37,913] [util.py:209]               [INFO]     |====================================================================================================|
[2022-01-16 15:04:37,914] [util.py:216]               [INFO]     |                            Valentine's Day Movies Collection in Movies                             |
[2022-01-16 15:04:37,914] [util.py:220]               [INFO]     |====================================================================================================|
[2022-01-16 15:04:37,914] [plex_meta_manager.py:750]  [INFO]     |                                                                                                    |
[2022-01-16 15:04:37,915] [util.py:216]               [INFO]     |=========================== Validating Valentine's Day Movies Attributes ===========================|
[2022-01-16 15:04:37,915] [builder.py:265]            [DEBUG]    |                                                                                                    |
[2022-01-16 15:04:37,916] [builder.py:266]            [DEBUG]    | Validating Method: template                                                                        |
[2022-01-16 15:04:37,916] [meta.py:83]                [DEBUG]    | Value: ordereddict([('name', 'Holiday'), ('holiday', "Valentine's Day")])                          |
[2022-01-16 15:04:37,916] [builder.py:279]            [DEBUG]    |                                                                                                    |
[2022-01-16 15:04:37,916] [builder.py:280]            [DEBUG]    | Validating Method: schedule                                                                        |
[2022-01-16 15:04:37,917] [builder.py:284]            [DEBUG]    | Value: range(02/01-02/14)                                                                          |
[2022-01-16 15:04:37,917] [util.py:161]               [INFO]     |                                                                                                    |
[2022-01-16 15:04:37,917] [util.py:161]               [INFO]     | Scheduled between February 1st and February 14th                                                   |
[2022-01-16 15:04:37,918] [util.py:161]               [INFO]     |                                                                                                    |
[2022-01-16 15:04:37,918] [util.py:161]               [INFO]     | Collection Valentine's Day Movies not scheduled to run                                             |
[2022-01-16 15:04:37,918] [plex_meta_manager.py:880]  [INFO]     |                                                                                                    |
[2022-01-16 15:04:37,919] [util.py:209]               [INFO]     |====================================================================================================|
[2022-01-16 15:04:37,919] [util.py:216]               [INFO]     |                             Finished Valentine's Day Movies Collection                             |
[2022-01-16 15:04:37,919] [util.py:216]               [INFO]     |                                    Collection Run Time: 0:00:00                                    |
[2022-01-16 15:04:37,920] [util.py:220]               [INFO]     |====================================================================================================|
