[2022-11-23 17:31:42,375] [util.py:209]               [INFO]     |====================================================================================================|
[2022-11-23 17:31:42,376] [util.py:216]               [INFO]     |                                 Indiana Jones Collection in Movies                                 |
[2022-11-23 17:31:42,376] [util.py:220]               [INFO]     |====================================================================================================|
[2022-11-23 17:31:42,377] [plex_meta_manager.py:750]  [INFO]     |                                                                                                    |
[2022-11-23 17:31:42,384] [util.py:216]               [INFO]     |=============================== Validating Indiana Jones Attributes ================================|
[2022-11-23 17:31:42,385] [builder.py:265]            [DEBUG]    |                                                                                                    |
[2022-11-23 17:31:42,385] [builder.py:266]            [DEBUG]    | Validating Method: template                                                                        |
[2022-11-23 17:31:42,385] [meta.py:83]                [DEBUG]    | Value: ordereddict([('name', 'Movie'), ('collection', 84), ('summary', 84), ('poster', 'https://theposterdb.com/api/assets/12872')]) |
[2022-11-23 17:31:42,385] [builder.py:330]            [DEBUG]    |                                                                                                    |
[2022-11-23 17:31:42,386] [builder.py:331]            [DEBUG]    | Validating Method: sync_mode                                                                       |
[2022-11-23 17:31:42,386] [builder.py:335]            [DEBUG]    | Value: sync                                                                                        |
[2022-11-23 17:31:42,386] [builder.py:453]            [DEBUG]    |                                                                                                    |
[2022-11-23 17:31:42,387] [builder.py:454]            [DEBUG]    | Validating Method: collection_order                                                                |
[2022-11-23 17:31:42,387] [builder.py:455]            [DEBUG]    | Value: release                                                                                     |
[2022-11-23 17:31:42,387] [builder.py:472]            [DEBUG]    |                                                                                                    |
[2022-11-23 17:31:42,387] [builder.py:473]            [DEBUG]    | Validating Method: url_poster                                                                      |
[2022-11-23 17:31:42,388] [builder.py:474]            [DEBUG]    | Value: https://theposterdb.com/api/assets/12872                                                    |
[2022-11-23 17:31:42,388] [builder.py:472]            [DEBUG]    |                                                                                                    |
[2022-11-23 17:31:42,388] [builder.py:473]            [DEBUG]    | Validating Method: tmdb_collection                                                                 |
[2022-11-23 17:31:42,389] [builder.py:474]            [DEBUG]    | Value: 84                                                                                          |
[2022-11-23 17:31:42,417] [builder.py:472]            [DEBUG]    |                                                                                                    |
[2022-11-23 17:31:42,417] [builder.py:473]            [DEBUG]    | Validating Method: tmdb_summary                                                                    |
[2022-11-23 17:31:42,417] [builder.py:474]            [DEBUG]    | Value: 84                                                                                          |
[2022-11-23 17:31:42,418] [builder.py:472]            [DEBUG]    |                                                                                                    |
[2022-11-23 17:31:42,418] [builder.py:473]            [DEBUG]    | Validating Method: sort_title                                                                      |
[2022-11-23 17:31:42,418] [builder.py:474]            [DEBUG]    | Value: 00000f_Indiana Jones                                                                        |
[2022-11-23 17:31:42,418] [builder.py:472]            [DEBUG]    |                                                                                                    |
[2022-11-23 17:31:42,419] [builder.py:473]            [DEBUG]    | Validating Method: radarr_add_missing                                                              |
[2022-11-23 17:31:42,419] [builder.py:474]            [DEBUG]    | Value: True                                                                                        |
[2022-11-23 17:31:42,557] [builder.py:619]            [INFO]     |                                                                                                    |
[2022-11-23 17:31:42,557] [builder.py:620]            [INFO]     | Validation Successful                                                                              |
[2022-11-23 17:31:42,558] [plex_meta_manager.py:758]  [INFO]     |                                                                                                    |
[2022-11-23 17:31:42,559] [util.py:216]               [INFO]     |================================= Running Indiana Jones Collection =================================|
[2022-11-23 17:31:42,559] [plex_meta_manager.py:773]  [INFO]     |                                                                                                    |
[2022-11-23 17:31:42,559] [plex_meta_manager.py:774]  [INFO]     | Sync Mode: sync                                                                                    |
[2022-11-23 17:31:42,560] [builder.py:1275]           [DEBUG]    |                                                                                                    |
[2022-11-23 17:31:42,560] [builder.py:1276]           [DEBUG]    | Builder: tmdb_collection: 84                                                                       |
[2022-11-23 17:31:42,560] [builder.py:1277]           [INFO]     |                                                                                                    |
[2022-11-23 17:31:42,561] [tmdb.py:323]               [INFO]     | Processing TMDb Collection: (84) Indiana Jones Collection (5 Items)                                |
[2022-11-23 17:31:42,561] [builder.py:1282]           [DEBUG]    |                                                                                                    |
[2022-11-23 17:31:42,561] [builder.py:1283]           [DEBUG]    | 5 IDs Found: [(85, 'tmdb'), (87, 'tmdb'), (89, 'tmdb'), (217, 'tmdb'), (335977, 'tmdb')]           |
[2022-11-23 17:31:42,562] [builder.py:1284]           [DEBUG]    |                                                                                                    |
[2022-11-23 17:31:42,652] [builder.py:1697]           [INFO]     |                                                                                                    |
[2022-11-23 17:31:42,652] [util.py:216]               [INFO]     |================================ Adding to Indiana Jones Collection ================================|
[2022-11-23 17:31:42,653] [builder.py:1699]           [INFO]     |                                                                                                    |
[2022-11-23 17:31:42,653] [builder.py:1709]           [INFO]     | 1/4 | Indiana Jones Collection | = | Indiana Jones and the Raiders of the Lost Ark (1981)          |
[2022-11-23 17:31:42,654] [builder.py:1709]           [INFO]     | 2/4 | Indiana Jones Collection | = | Indiana Jones and the Temple of Doom (1984)                   |
[2022-11-23 17:31:42,654] [builder.py:1709]           [INFO]     | 3/4 | Indiana Jones Collection | = | Indiana Jones and the Last Crusade (1989)                     |
[2022-11-23 17:31:42,654] [builder.py:1709]           [INFO]     | 4/4 | Indiana Jones Collection | = | Indiana Jones and the Kingdom of the Crystal Skull (2008)     |
[2022-11-23 17:31:42,655] [builder.py:1734]           [INFO]     |                                                                                                    |
[2022-11-23 17:31:42,655] [builder.py:1735]           [INFO]     | 4 Movies Processed                                                                                 |
[2022-11-23 17:31:42,655] [builder.py:1929]           [INFO]     |                                                                                                    |
[2022-11-23 17:31:42,656] [util.py:216]               [INFO]     |============================ Missing Movies from Library: Indiana Jones ============================|
[2022-11-23 17:31:42,656] [builder.py:1931]           [INFO]     |                                                                                                    |
[2022-11-23 17:31:42,728] [builder.py:1943]           [INFO]     | Indiana Jones Collection | ? | Untitled Indiana Jones Project (2023) (TMDb: 335977)                |
[2022-11-23 17:31:42,729] [builder.py:1947]           [INFO]     |                                                                                                    |
[2022-11-23 17:31:42,729] [builder.py:1948]           [INFO]     | 1 Movie Missing                                                                                    |
[2022-11-23 17:31:42,736] [radarr.py:46]              [INFO]     |                                                                                                    |
[2022-11-23 17:31:42,737] [util.py:216]               [INFO]     |===================================== Adding Missing to Radarr =====================================|
[2022-11-23 17:31:42,737] [radarr.py:48]              [DEBUG]    |                                                                                                    |
[2022-11-23 17:31:42,737] [radarr.py:49]              [DEBUG]    | Radarr Adds: [335977]                                                                              |
[2022-11-23 17:31:43,592] [radarr.py:138]             [INFO]     |                                                                                                    |
[2022-11-23 17:31:43,593] [radarr.py:146]             [INFO]     | Skipped: In Cache | 335977                                                                         |
[2022-11-23 17:31:43,593] [radarr.py:147]             [INFO]     | 1 Movie already exist in Radarr                                                                    |
[2022-11-23 17:31:43,609] [builder.py:2147]           [INFO]     |                                                                                                    |
[2022-11-23 17:31:43,610] [util.py:216]               [INFO]     |=========================== Updating Details of Indiana Jones Collection ===========================|
[2022-11-23 17:31:43,610] [builder.py:2149]           [INFO]     |                                                                                                    |
[2022-11-23 17:31:43,610] [builder.py:2156]           [INFO]     | Detail: tmdb_summary updated Collection Summary                                                    |
[2022-11-23 17:31:43,611] [builder.py:2258]           [DEBUG]    | 1 posters found:                                                                                   |
[2022-11-23 17:31:43,611] [builder.py:2260]           [DEBUG]    | Method: url_poster Poster: https://theposterdb.com/api/assets/12872                                |
[2022-11-23 17:31:43,612] [builder.py:2327]           [INFO]     | No background collection detail or asset folder found                                              |
[2022-11-23 17:31:43,612] [library.py:147]            [INFO]     | Detail: poster update not needed                                                                   |
[2022-11-23 17:31:43,765] [plex_meta_manager.py:880]  [INFO]     |                                                                                                    |
[2022-11-23 17:31:43,765] [util.py:209]               [INFO]     |====================================================================================================|
[2022-11-23 17:31:43,766] [util.py:216]               [INFO]     |                                 Finished Indiana Jones Collection                                  |
[2022-11-23 17:31:43,766] [util.py:216]               [INFO]     |                                    Collection Run Time: 0:00:01                                    |
[2022-11-23 17:31:43,767] [util.py:220]               [INFO]     |====================================================================================================|
