[2022-05-15 04:14:44,477] [util.py:209]               [INFO]     |====================================================================================================|
[2022-05-15 04:14:44,478] [util.py:216]               [INFO]     |                           Top 10 Movies of The Week Collection in Movies                           |
[2022-05-15 04:14:44,478] [util.py:220]               [INFO]     |====================================================================================================|
[2022-05-15 04:14:44,478] [plex_meta_manager.py:750]  [INFO]     |                                                                                                    |
[2022-05-15 04:14:44,479] [util.py:216]               [INFO]     |========================= Validating Top 10 Movies of The Week Attributes ==========================|
[2022-05-15 04:14:44,479] [builder.py:265]            [DEBUG]    |                                                                                                    |
[2022-05-15 04:14:44,479] [builder.py:266]            [DEBUG]    | Validating Method: template                                                                        |
[2022-05-15 04:14:44,479] [meta.py:83]                [DEBUG]    | Value: ordereddict([('name', 'Special Genre')])                                                    |
[2022-05-15 04:14:44,480] [builder.py:453]            [DEBUG]    |                                                                                                    |
[2022-05-15 04:14:44,480] [builder.py:454]            [DEBUG]    | Validating Method: collection_order                                                                |
[2022-05-15 04:14:44,480] [builder.py:455]            [DEBUG]    | Value: release                                                                                     |
[2022-05-15 04:14:44,480] [builder.py:472]            [DEBUG]    |                                                                                                    |
[2022-05-15 04:14:44,481] [builder.py:473]            [DEBUG]    | Validating Method: sort_title                                                                      |
[2022-05-15 04:14:44,481] [builder.py:474]            [DEBUG]    | Value: 00000b_2                                                                                    |
[2022-05-15 04:14:44,481] [builder.py:472]            [DEBUG]    |                                                                                                    |
[2022-05-15 04:14:44,481] [builder.py:473]            [DEBUG]    | Validating Method: trakt_list                                                                      |
[2022-05-15 04:14:44,481] [builder.py:474]            [DEBUG]    | Value: https://trakt.tv/users/giladg/lists/top-10-movies-of-the-week                               |
[2022-05-15 04:14:44,586] [builder.py:472]            [DEBUG]    |                                                                                                    |
[2022-05-15 04:14:44,587] [builder.py:473]            [DEBUG]    | Validating Method: summary                                                                         |
[2022-05-15 04:14:44,587] [builder.py:474]            [DEBUG]    | Value: Top 10 Movies of The Week                                                                   |
[2022-05-15 04:14:44,625] [builder.py:619]            [INFO]     |                                                                                                    |
[2022-05-15 04:14:44,626] [builder.py:620]            [INFO]     | Validation Successful                                                                              |
[2022-05-15 04:14:44,627] [plex_meta_manager.py:758]  [INFO]     |                                                                                                    |
[2022-05-15 04:14:44,627] [util.py:216]               [INFO]     |=========================== Running Top 10 Movies of The Week Collection ===========================|
[2022-05-15 04:14:44,627] [plex_meta_manager.py:773]  [INFO]     |                                                                                                    |
[2022-05-15 04:14:44,628] [plex_meta_manager.py:774]  [INFO]     | Sync Mode: append                                                                                  |
[2022-05-15 04:14:44,628] [builder.py:1275]           [DEBUG]    |                                                                                                    |
[2022-05-15 04:14:44,628] [builder.py:1276]           [DEBUG]    | Builder: trakt_list: https://trakt.tv/users/giladg/lists/top-10-movies-of-the-week                 |
[2022-05-15 04:14:44,629] [builder.py:1277]           [INFO]     |                                                                                                    |
[2022-05-15 04:14:44,629] [trakt.py:231]              [INFO]     | Processing Trakt List: https://trakt.tv/users/giladg/lists/top-10-movies-of-the-week               |
[2022-05-15 04:14:44,733] [builder.py:1282]           [DEBUG]    |                                                                                                    |
[2022-05-15 04:14:44,733] [builder.py:1283]           [DEBUG]    | 10 IDs Found: [(566525, 'tmdb'), (617653, 'tmdb'), (438631, 'tmdb'), (568124, 'tmdb'), (370172, 'tmdb'), (646380, 'tmdb'), (580489, 'tmdb'), (460458, 'tmdb'), (634649, 'tmdb'), (624860, 'tmdb')] |
[2022-05-15 04:14:44,733] [builder.py:1284]           [DEBUG]    |                                                                                                    |
[2022-05-15 04:14:44,797] [builder.py:1697]           [INFO]     |                                                                                                    |
[2022-05-15 04:14:44,797] [util.py:216]               [INFO]     |========================== Adding to Top 10 Movies of The Week Collection ==========================|
[2022-05-15 04:14:44,797] [builder.py:1699]           [INFO]     |                                                                                                    |
[2022-05-15 04:14:44,798] [builder.py:1709]           [INFO]     | 1/3 | Top 10 Movies of The Week Collection | + | Dune (2021)                                       |
[2022-05-15 04:14:44,830] [builder.py:1709]           [INFO]     | 2/3 | Top 10 Movies of The Week Collection | + | Encanto (2021)                                    |
[2022-05-15 04:14:44,859] [builder.py:1709]           [INFO]     | 3/3 | Top 10 Movies of The Week Collection | = | Spider-Man: No Way Home (2021)                    |
[2022-05-15 04:14:44,860] [builder.py:1734]           [INFO]     |                                                                                                    |
[2022-05-15 04:14:44,860] [builder.py:1735]           [INFO]     | 3 Movies Processed                                                                                 |
[2022-05-15 04:14:44,860] [builder.py:1929]           [INFO]     |                                                                                                    |
[2022-05-15 04:14:44,861] [util.py:216]               [INFO]     |====================== Missing Movies from Library: Top 10 Movies of The Week ======================|
[2022-05-15 04:14:44,861] [builder.py:1931]           [INFO]     |                                                                                                    |
[2022-05-15 04:14:44,863] [builder.py:1943]           [INFO]     | Top 10 Movies of The Week Collection | ? | Shang-Chi and the Legend of the Ten Rings (2021) (TMDb: 566525) |
[2022-05-15 04:14:44,866] [builder.py:1943]           [INFO]     | Top 10 Movies of The Week Collection | ? | The Last Duel (2021) (TMDb: 617653)                     |
[2022-05-15 04:14:44,868] [builder.py:1943]           [INFO]     | Top 10 Movies of The Week Collection | ? | No Time to Die (2021) (TMDb: 370172)                    |
[2022-05-15 04:14:44,870] [builder.py:1943]           [INFO]     | Top 10 Movies of The Week Collection | ? | Don't Look Up (2021) (TMDb: 646380)                     |
[2022-05-15 04:14:44,871] [builder.py:1943]           [INFO]     | Top 10 Movies of The Week Collection | ? | Venom: Let There Be Carnage (2021) (TMDb: 580489)       |
[2022-05-15 04:14:44,873] [builder.py:1943]           [INFO]     | Top 10 Movies of The Week Collection | ? | Resident Evil: Welcome to Raccoon City (2021) (TMDb: 460458) |
[2022-05-15 04:14:44,875] [builder.py:1943]           [INFO]     | Top 10 Movies of The Week Collection | ? | The Matrix Resurrections (2021) (TMDb: 624860)          |
[2022-05-15 04:14:44,876] [builder.py:1947]           [INFO]     |                                                                                                    |
[2022-05-15 04:14:44,876] [builder.py:1948]           [INFO]     | 7 Movies Missing                                                                                   |
[2022-05-15 04:14:45,004] [builder.py:2147]           [INFO]     |                                                                                                    |
[2022-05-15 04:14:45,005] [util.py:216]               [INFO]     |===================== Updating Details of Top 10 Movies of The Week Collection =====================|
[2022-05-15 04:14:45,005] [builder.py:2149]           [INFO]     |                                                                                                    |
[2022-05-15 04:14:45,006] [builder.py:2156]           [INFO]     | Detail: summary updated Collection Summary                                                         |
[2022-05-15 04:14:45,006] [builder.py:2294]           [INFO]     | No poster collection detail or asset folder found                                                  |
[2022-05-15 04:14:45,007] [builder.py:2327]           [INFO]     | No background collection detail or asset folder found                                              |
[2022-05-15 04:14:45,046] [plex_meta_manager.py:880]  [INFO]     |                                                                                                    |
[2022-05-15 04:14:45,047] [util.py:209]               [INFO]     |====================================================================================================|
[2022-05-15 04:14:45,047] [util.py:216]               [INFO]     |                           Finished Top 10 Movies of The Week Collection                            |
[2022-05-15 04:14:45,047] [util.py:216]               [INFO]     |                                    Collection Run Time: 0:00:00                                    |
[2022-05-15 04:14:45,048] [util.py:220]               [INFO]     |====================================================================================================|
