[2022-01-16 14:55:40,833] [util.py:209]               [INFO]     |====================================================================================================|
[2022-01-16 14:55:40,834] [util.py:216]               [INFO]     |                               Samuel L. Jackson Collection in Movies                               |
[2022-01-16 14:55:40,834] [util.py:220]               [INFO]     |====================================================================================================|
[2022-01-16 14:55:40,835] [plex_meta_manager.py:750]  [INFO]     |                                                                                                    |
[2022-01-16 14:55:40,835] [util.py:216]               [INFO]     |============================= Validating Samuel L. Jackson Attributes ==============================|
[2022-01-16 14:55:40,836] [builder.py:265]            [DEBUG]    |                                                                                                    |
[2022-01-16 14:55:40,836] [builder.py:266]            [DEBUG]    | Validating Method: template                                                                        |
[2022-01-16 14:55:40,836] [meta.py:83]                [DEBUG]    | Value: ordereddict([('name', 'people'), ('person', 2231)])                                         |
[2022-01-16 14:55:40,837] [builder.py:367]            [DEBUG]    |                                                                                                    |
[2022-01-16 14:55:40,837] [builder.py:368]            [DEBUG]    | Validating Method: tmdb_person                                                                     |
[2022-01-16 14:55:40,837] [builder.py:372]            [DEBUG]    | Value: 2231                                                                                        |
[2022-01-16 14:55:40,969] [builder.py:453]            [DEBUG]    |                                                                                                    |
[2022-01-16 14:55:40,970] [builder.py:454]            [DEBUG]    | Validating Method: collection_order                                                                |
[2022-01-16 14:55:40,970] [builder.py:455]            [DEBUG]    | Value: release                                                                                     |
[2022-01-16 14:55:40,971] [builder.py:472]            [DEBUG]    |                                                                                                    |
[2022-01-16 14:55:40,971] [builder.py:473]            [DEBUG]    | Validating Method: actor                                                                           |
[2022-01-16 14:55:40,971] [builder.py:474]            [DEBUG]    | Value: tmdb                                                                                        |
[2022-01-16 14:55:41,006] [builder.py:472]            [DEBUG]    |                                                                                                    |
[2022-01-16 14:55:41,006] [builder.py:473]            [DEBUG]    | Validating Method: sort_title                                                                      |
[2022-01-16 14:55:41,007] [builder.py:474]            [DEBUG]    | Value: ++_Samuel L. Jackson                                                                        |
[2022-01-16 14:55:41,012] [plex.py:685]               [DEBUG]    | Looking for: Samuel L. Jackson                                                                     |
[2022-01-16 14:55:41,012] [builder.py:619]            [INFO]     |                                                                                                    |
[2022-01-16 14:55:41,013] [builder.py:620]            [INFO]     | Validation Successful                                                                              |
[2022-01-16 14:55:41,014] [plex_meta_manager.py:758]  [INFO]     |                                                                                                    |
[2022-01-16 14:55:41,015] [util.py:216]               [INFO]     |=============================== Running Samuel L. Jackson Collection ===============================|
[2022-01-16 14:55:41,015] [plex_meta_manager.py:773]  [INFO]     |                                                                                                    |
[2022-01-16 14:55:41,016] [plex_meta_manager.py:774]  [INFO]     | Sync Mode: append                                                                                  |
[2022-01-16 14:55:41,016] [builder.py:1275]           [DEBUG]    |                                                                                                    |
[2022-01-16 14:55:41,016] [builder.py:1276]           [DEBUG]    | Builder: plex_search: (1, 'Plex Movie Search\nSort By: title.asc\nFilter:\n  Match any of the following:\n    Actor is Samuel L. Jackson', '?type=1&sort=titleSort&push=1&actor=19496&pop=1') |
[2022-01-16 14:55:41,016] [builder.py:1277]           [INFO]     |                                                                                                    |
[2022-01-16 14:55:41,017] [util.py:161]               [INFO]     | Plex Movie Search                                                                                  |
[2022-01-16 14:55:41,017] [util.py:161]               [INFO]     | Sort By: title.asc                                                                                 |
[2022-01-16 14:55:41,017] [util.py:161]               [INFO]     | Filter:                                                                                            |
[2022-01-16 14:55:41,018] [util.py:161]               [INFO]     |   Match any of the following:                                                                      |
[2022-01-16 14:55:41,018] [util.py:161]               [INFO]     |     Actor is Samuel L. Jackson                                                                     |
[2022-01-16 14:55:41,052] [plex.py:746]               [DEBUG]    |                                                                                                    |
[2022-01-16 14:55:41,053] [plex.py:747]               [DEBUG]    | 8 Keys Found: [(32421, 'ratingKey'), (31861, 'ratingKey'), (32417, 'ratingKey'), (32420, 'ratingKey'), (32416, 'ratingKey'), (31615, 'ratingKey'), (32171, 'ratingKey'), (32182, 'ratingKey')] |
[2022-01-16 14:55:41,053] [builder.py:1282]           [DEBUG]    |                                                                                                    |
[2022-01-16 14:55:41,053] [builder.py:1283]           [DEBUG]    | 8 IDs Found: [(32421, 'ratingKey'), (31861, 'ratingKey'), (32417, 'ratingKey'), (32420, 'ratingKey'), (32416, 'ratingKey'), (31615, 'ratingKey'), (32171, 'ratingKey'), (32182, 'ratingKey')] |
[2022-01-16 14:55:41,054] [builder.py:1284]           [DEBUG]    |                                                                                                    |
[2022-01-16 14:55:41,314] [builder.py:1697]           [INFO]     |                                                                                                    |
[2022-01-16 14:55:41,314] [util.py:216]               [INFO]     |============================== Adding to Samuel L. Jackson Collection ==============================|
[2022-01-16 14:55:41,315] [builder.py:1699]           [INFO]     |                                                                                                    |
[2022-01-16 14:55:41,315] [builder.py:1709]           [INFO]     | 1/8 | Samuel L. Jackson Collection | + | The Hateful Eight (2015)                                  |
[2022-01-16 14:55:41,553] [builder.py:1709]           [INFO]     | 2/8 | Samuel L. Jackson Collection | + | The Incredibles (2004)                                    |
[2022-01-16 14:55:41,709] [builder.py:1709]           [INFO]     | 3/8 | Samuel L. Jackson Collection | + | Inglourious Basterds (2009)                               |
[2022-01-16 14:55:41,861] [builder.py:1709]           [INFO]     | 4/8 | Samuel L. Jackson Collection | + | Kill Bill: Vol. 2 (2004)                                  |
[2022-01-16 14:55:41,970] [builder.py:1709]           [INFO]     | 5/8 | Samuel L. Jackson Collection | + | Pulp Fiction (1994)                                       |
[2022-01-16 14:55:42,128] [builder.py:1709]           [INFO]     | 6/8 | Samuel L. Jackson Collection | + | The Red Violin (1998)                                     |
[2022-01-16 14:55:42,229] [builder.py:1709]           [INFO]     | 7/8 | Samuel L. Jackson Collection | + | Star Wars: Episode I - The Phantom Menace (1999)          |
[2022-01-16 14:55:42,406] [builder.py:1709]           [INFO]     | 8/8 | Samuel L. Jackson Collection | + | Star Wars: Episode II - Attack of the Clones (2002)       |
[2022-01-16 14:55:42,564] [builder.py:1734]           [INFO]     |                                                                                                    |
[2022-01-16 14:55:42,564] [builder.py:1735]           [INFO]     | 8 Movies Processed                                                                                 |
[2022-01-16 14:55:42,569] [builder.py:2147]           [INFO]     |                                                                                                    |
[2022-01-16 14:55:42,570] [util.py:216]               [INFO]     |========================= Updating Details of Samuel L. Jackson Collection =========================|
[2022-01-16 14:55:42,571] [builder.py:2149]           [INFO]     |                                                                                                    |
[2022-01-16 14:55:42,571] [builder.py:2156]           [INFO]     | Detail: tmdb_person updated Collection Summary                                                     |
[2022-01-16 14:55:42,571] [builder.py:2193]           [INFO]     | Detail: sort_title updated Collection Sort Title to ++_Samuel L. Jackson                           |
[2022-01-16 14:55:42,572] [builder.py:2235]           [DEBUG]    | {'summary.value': "An American film and television actor and film producer. After Jackson became involved with the Civil Rights Movement, he moved on to acting in theater at Morehouse College, and then films. He had several small roles such as in the film Goodfellas, Def by Temptation, before meeting his mentor, Morgan Freeman, and the director Spike Lee. After gaining critical acclaim for his role in Jungle Fever in 1991, he appeared in films such as Patriot Games, Amos & Andrew, True Romance and Jurassic Park. In 1994 he was cast as Jules Winnfield in Pulp Fiction, and his performance received several award nominations and critical acclaim.\n\nJackson has since appeared in over 100 films including Die Hard with a Vengeance, The 51st State, Jackie Brown, Unbreakable, The Incredibles, Black Snake Moan, Shaft, Snakes on a Plane, as well as the Star Wars prequel trilogy and small roles in Quentin Tarantino's Kill Bill Vol. 2 and Inglourious Basterds. He played Nick Fury in the Marvel Cinematic Universe  in Iron Man (2008) Iron Man 2 (2010), Thor (2011), Captain America: The First Avenger (2011), The Avengers (2012), Captain America: The Winter Soldier (2014), Avengers: Age of Ultron (2015), Avengers: Infinity War (2018), Captain Marvel (2019), Avengers: Endgame (2019), and Spider-Man: Far From Home (2019). Jackson's many roles have made him one of the highest grossing actors at the box office. Jackson has won multiple awards throughout his career and has been portrayed in various forms of media including films, television series, and songs. In 1980, Jackson married LaTanya Richardson, with whom he has one daughter, Zoe.\n\nDescription above from the Wikipedia article Samuel L. Jackson, licensed under CC-BY-SA, full list of contributors on Wikipedia.", 'summary.locked': 1, 'titleSort.value': '++_Samuel L. Jackson', 'titleSort.locked': 1} |
[2022-01-16 14:55:42,588] [builder.py:2237]           [INFO]     | Details: have been updated                                                                         |
[2022-01-16 14:55:42,588] [builder.py:2258]           [DEBUG]    | 1 posters found:                                                                                   |
[2022-01-16 14:55:42,589] [builder.py:2260]           [DEBUG]    | Method: tmdb_person Poster: https://image.tmdb.org/t/p/original/yYpPvzdEKud48En8wbtGXs4C9Kk.jpg    |
[2022-01-16 14:55:42,589] [builder.py:2327]           [INFO]     | No background collection detail or asset folder found                                              |
[2022-01-16 14:55:42,628] [library.py:145]            [INFO]     | Detail: tmdb_person updated poster to [URL] https://image.tmdb.org/t/p/original/yYpPvzdEKud48En8wbtGXs4C9Kk.jpg |
[2022-01-16 14:55:42,886] [plex_meta_manager.py:880]  [INFO]     |                                                                                                    |
[2022-01-16 14:55:42,887] [util.py:209]               [INFO]     |====================================================================================================|
[2022-01-16 14:55:42,887] [util.py:216]               [INFO]     |                               Finished Samuel L. Jackson Collection                                |
[2022-01-16 14:55:42,888] [util.py:216]               [INFO]     |                                    Collection Run Time: 0:00:02                                    |
[2022-01-16 14:55:42,888] [util.py:220]               [INFO]     |====================================================================================================|
