[2022-11-07 00:05:01,559] [util.py:209]               [INFO]     |====================================================================================================|
[2022-11-07 00:05:01,560] [util.py:216]               [INFO]     |                                      300 Collection in Movies                                      |
[2022-11-07 00:05:01,560] [util.py:220]               [INFO]     |====================================================================================================|
[2022-11-07 00:05:01,560] [plex_meta_manager.py:750]  [INFO]     |                                                                                                    |
[2022-11-07 00:05:01,561] [util.py:216]               [INFO]     |==================================== Validating 300 Attributes =====================================|
[2022-11-07 00:05:01,561] [builder.py:265]            [DEBUG]    |                                                                                                    |
[2022-11-07 00:05:01,561] [builder.py:266]            [DEBUG]    | Validating Method: template                                                                        |
[2022-11-07 00:05:01,562] [meta.py:83]                [DEBUG]    | Value: ordereddict([('name', 'Movie'), ('collection', 125570), ('summary 125570', None), ('poster', 'https://theposterdb.com/api/assets/5575')]) |
[2022-11-07 00:05:01,562] [builder.py:330]            [DEBUG]    |                                                                                                    |
[2022-11-07 00:05:01,562] [builder.py:331]            [DEBUG]    | Validating Method: sync_mode                                                                       |
[2022-11-07 00:05:01,562] [builder.py:335]            [DEBUG]    | Value: sync                                                                                        |
[2022-11-07 00:05:01,562] [builder.py:453]            [DEBUG]    |                                                                                                    |
[2022-11-07 00:05:01,563] [builder.py:454]            [DEBUG]    | Validating Method: collection_order                                                                |
[2022-11-07 00:05:01,563] [builder.py:455]            [DEBUG]    | Value: release                                                                                     |
[2022-11-07 00:05:01,563] [builder.py:472]            [DEBUG]    |                                                                                                    |
[2022-11-07 00:05:01,563] [builder.py:473]            [DEBUG]    | Validating Method: url_poster                                                                      |
[2022-11-07 00:05:01,563] [builder.py:474]            [DEBUG]    | Value: https://theposterdb.com/api/assets/5575                                                     |
[2022-11-07 00:05:01,564] [builder.py:472]            [DEBUG]    |                                                                                                    |
[2022-11-07 00:05:01,564] [builder.py:473]            [DEBUG]    | Validating Method: tmdb_collection                                                                 |
[2022-11-07 00:05:01,564] [builder.py:474]            [DEBUG]    | Value: 125570                                                                                      |
[2022-11-07 00:05:01,609] [builder.py:472]            [DEBUG]    |                                                                                                    |
[2022-11-07 00:05:01,610] [builder.py:473]            [DEBUG]    | Validating Method: sort_title                                                                      |
[2022-11-07 00:05:01,610] [builder.py:474]            [DEBUG]    | Value: 00000f_300                                                                                  |
[2022-11-07 00:05:01,610] [builder.py:472]            [DEBUG]    |                                                                                                    |
[2022-11-07 00:05:01,610] [builder.py:473]            [DEBUG]    | Validating Method: radarr_add_missing                                                              |
[2022-11-07 00:05:01,611] [builder.py:474]            [DEBUG]    | Value: True                                                                                        |
[2022-11-07 00:05:01,757] [builder.py:619]            [INFO]     |                                                                                                    |
[2022-11-07 00:05:01,757] [builder.py:620]            [INFO]     | Validation Successful                                                                              |
[2022-11-07 00:05:01,758] [plex_meta_manager.py:758]  [INFO]     |                                                                                                    |
[2022-11-07 00:05:01,758] [util.py:216]               [INFO]     |====================================== Running 300 Collection ======================================|
[2022-11-07 00:05:01,758] [plex_meta_manager.py:773]  [INFO]     |                                                                                                    |
[2022-11-07 00:05:01,759] [plex_meta_manager.py:774]  [INFO]     | Sync Mode: sync                                                                                    |
[2022-11-07 00:05:01,759] [builder.py:1275]           [DEBUG]    |                                                                                                    |
[2022-11-07 00:05:01,759] [builder.py:1276]           [DEBUG]    | Builder: tmdb_collection: 125570                                                                   |
[2022-11-07 00:05:01,759] [builder.py:1277]           [INFO]     |                                                                                                    |
[2022-11-07 00:05:01,760] [tmdb.py:323]               [INFO]     | Processing TMDb Collection: (125570) 300 Collection (2 Items)                                      |
[2022-11-07 00:05:01,760] [builder.py:1282]           [DEBUG]    |                                                                                                    |
[2022-11-07 00:05:01,760] [builder.py:1283]           [DEBUG]    | 2 IDs Found: [(1271, 'tmdb'), (53182, 'tmdb')]                                                     |
[2022-11-07 00:05:01,761] [builder.py:1284]           [DEBUG]    |                                                                                                    |
[2022-11-07 00:05:01,813] [builder.py:1697]           [INFO]     |                                                                                                    |
[2022-11-07 00:05:01,814] [util.py:216]               [INFO]     |===================================== Adding to 300 Collection =====================================|
[2022-11-07 00:05:01,814] [builder.py:1699]           [INFO]     |                                                                                                    |
[2022-11-07 00:05:01,814] [builder.py:1709]           [INFO]     | 1/2 | 300 Collection | = | 300 (2007)                                                              |
[2022-11-07 00:05:01,815] [builder.py:1709]           [INFO]     | 2/2 | 300 Collection | = | 300: Rise of an Empire (2014)                                           |
[2022-11-07 00:05:01,815] [builder.py:1734]           [INFO]     |                                                                                                    |
[2022-11-07 00:05:01,815] [builder.py:1735]           [INFO]     | 2 Movies Processed                                                                                 |
[2022-11-07 00:05:01,819] [builder.py:2147]           [INFO]     |                                                                                                    |
[2022-11-07 00:05:01,820] [util.py:216]               [INFO]     |================================ Updating Details of 300 Collection ================================|
[2022-11-07 00:05:01,820] [builder.py:2149]           [INFO]     |                                                                                                    |
[2022-11-07 00:05:01,821] [builder.py:2258]           [DEBUG]    | 1 posters found:                                                                                   |
[2022-11-07 00:05:01,821] [builder.py:2260]           [DEBUG]    | Method: url_poster Poster: https://theposterdb.com/api/assets/5575                                 |
[2022-11-07 00:05:01,822] [builder.py:2327]           [INFO]     | No background collection detail or asset folder found                                              |
[2022-11-07 00:05:01,823] [library.py:147]            [INFO]     | Detail: poster update not needed                                                                   |
[2022-11-07 00:05:01,962] [plex_meta_manager.py:880]  [INFO]     |                                                                                                    |
[2022-11-07 00:05:01,963] [util.py:209]               [INFO]     |====================================================================================================|
[2022-11-07 00:05:01,963] [util.py:216]               [INFO]     |                                      Finished 300 Collection                                       |
[2022-11-07 00:05:01,963] [util.py:216]               [INFO]     |                                    Collection Run Time: 0:00:00                                    |
[2022-11-07 00:05:01,964] [util.py:220]               [INFO]     |====================================================================================================|
