[2022-11-23 01:14:24,707] [util.py:209]               [INFO]     |====================================================================================================|
[2022-11-23 01:14:24,708] [util.py:216]               [INFO]     |                                 Warner Bros. Collection in Movies                                  |
[2022-11-23 01:14:24,708] [util.py:220]               [INFO]     |====================================================================================================|
[2022-11-23 01:14:24,708] [plex_meta_manager.py:750]  [INFO]     |                                                                                                    |
[2022-11-23 01:14:24,708] [plex_meta_manager.py:752]  [INFO]     | Log Folder Name: Warner Bros. is invalid using Warner Bros                                         |
[2022-11-23 01:14:24,709] [plex_meta_manager.py:753]  [INFO]     |                                                                                                    |
[2022-11-23 01:14:24,709] [util.py:216]               [INFO]     |================================ Validating Warner Bros. Attributes ================================|
[2022-11-23 01:14:24,709] [builder.py:265]            [DEBUG]    |                                                                                                    |
[2022-11-23 01:14:24,709] [builder.py:266]            [DEBUG]    | Validating Method: template                                                                        |
[2022-11-23 01:14:24,709] [meta.py:83]                [DEBUG]    | Value: ordereddict([('name', 'Studio'), ('studio', 'Warner Bros. Pictures, Warner Animation Group, Warner Bros., Warner Bros. Animation, Warner Independent Pictures (WIP)'), ('poster', 'https://theposterdb.com/api/assets/47604')]) |
[2022-11-23 01:14:24,710] [builder.py:453]            [DEBUG]    |                                                                                                    |
[2022-11-23 01:14:24,710] [builder.py:454]            [DEBUG]    | Validating Method: collection_order                                                                |
[2022-11-23 01:14:24,710] [builder.py:455]            [DEBUG]    | Value: alpha                                                                                       |
[2022-11-23 01:14:24,710] [builder.py:472]            [DEBUG]    |                                                                                                    |
[2022-11-23 01:14:24,711] [builder.py:473]            [DEBUG]    | Validating Method: summary                                                                         |
[2022-11-23 01:14:24,711] [builder.py:474]            [DEBUG]    | Value: Warner Bros.is the third-oldest American movie studio in continuous operation, after Paramount Pictures was founded on May 8, 1912 as Famous Players Film Corporation, and Universal Studios founded on June 8, 1912. Warner Bros. incorporated on April 4, 1923. |
[2022-11-23 01:14:24,711] [builder.py:472]            [DEBUG]    |                                                                                                    |
[2022-11-23 01:14:24,711] [builder.py:473]            [DEBUG]    | Validating Method: plex_search                                                                     |
[2022-11-23 01:14:24,711] [builder.py:474]            [DEBUG]    | Value: {'studio': 'Warner Bros. Pictures, Warner Animation Group, Warner Bros., Warner Bros. Animation, Warner Independent Pictures (WIP)'} |
[2022-11-23 01:14:24,712] [builder.py:472]            [DEBUG]    |                                                                                                    |
[2022-11-23 01:14:24,712] [builder.py:473]            [DEBUG]    | Validating Method: url_poster                                                                      |
[2022-11-23 01:14:24,712] [builder.py:474]            [DEBUG]    | Value: https://theposterdb.com/api/assets/47604                                                    |
[2022-11-23 01:14:24,713] [builder.py:472]            [DEBUG]    |                                                                                                    |
[2022-11-23 01:14:24,713] [builder.py:473]            [DEBUG]    | Validating Method: sort_title                                                                      |
[2022-11-23 01:14:24,713] [builder.py:474]            [DEBUG]    | Value: 00000e_Warner Bros.                                                                         |
[2022-11-23 01:14:25,005] [builder.py:619]            [INFO]     |                                                                                                    |
[2022-11-23 01:14:25,005] [builder.py:620]            [INFO]     | Validation Successful                                                                              |
[2022-11-23 01:14:25,008] [plex_meta_manager.py:758]  [INFO]     |                                                                                                    |
[2022-11-23 01:14:25,009] [util.py:216]               [INFO]     |================================= Running Warner Bros. Collection ==================================|
[2022-11-23 01:14:25,009] [plex_meta_manager.py:773]  [INFO]     |                                                                                                    |
[2022-11-23 01:14:25,009] [plex_meta_manager.py:774]  [INFO]     | Sync Mode: append                                                                                  |
[2022-11-23 01:14:25,010] [builder.py:1275]           [DEBUG]    |                                                                                                    |
[2022-11-23 01:14:25,010] [builder.py:1276]           [DEBUG]    | Builder: plex_search: (1, 'Plex Movie Search\nSort By: title.asc\nFilter:\n  Match all of the following:\n    Match any of the following:\n      Studio contains Warner Bros. Pictures, Warner Animation Group, Warner Bros., Warner Bros. Animation, Warner Independent Pictures (WIP)', '?type=1&sort=titleSort&push=1&studio=Warner%20Bros.%20Pictures%2C%20Warner%20Animation%20Group%2C%20Warner%20Bros.%2C%20Warner%20Bros.%20Animation%2C%20Warner%20Independent%20Pictures%20%28WIP%29&pop=1') |
[2022-11-23 01:14:25,010] [builder.py:1277]           [INFO]     |                                                                                                    |
[2022-11-23 01:14:25,010] [util.py:161]               [INFO]     | Plex Movie Search                                                                                  |
[2022-11-23 01:14:25,011] [util.py:161]               [INFO]     | Sort By: title.asc                                                                                 |
[2022-11-23 01:14:25,011] [util.py:161]               [INFO]     | Filter:                                                                                            |
[2022-11-23 01:14:25,011] [util.py:161]               [INFO]     |   Match all of the following:                                                                      |
[2022-11-23 01:14:25,011] [util.py:161]               [INFO]     |     Match any of the following:                                                                    |
[2022-11-23 01:14:25,012] [util.py:161]               [INFO]     |       Studio contains Warner Bros. Pictures, Warner Animation Group, Warner Bros., Warner Bros. Animation, Warner Independent Pictures (WIP) |
[2022-11-23 01:14:25,144] [plex.py:748]               [DEBUG]    |                                                                                                    |
[2022-11-23 01:14:25,144] [plex.py:749]               [DEBUG]    | 54 Keys Found: [(118216, 'ratingKey'), (118233, 'ratingKey'), (99176, 'ratingKey'), (99173, 'ratingKey'), (117349, 'ratingKey'), (118080, 'ratingKey'), (118084, 'ratingKey'), (118062, 'ratingKey'), (117995, 'ratingKey'), (117329, 'ratingKey'), (116180, 'ratingKey'), (99394, 'ratingKey'), (113115, 'ratingKey'), (117962, 'ratingKey'), (99478, 'ratingKey'), (104300, 'ratingKey'), (118904, 'ratingKey'), (96863, 'ratingKey'), (117645, 'ratingKey'), (117453, 'ratingKey'), (105809, 'ratingKey'), (100007, 'ratingKey'), (99098, 'ratingKey'), (99838, 'ratingKey'), (116884, 'ratingKey'), (116907, 'ratingKey'), (116885, 'ratingKey'), (61624, 'ratingKey'), (101078, 'ratingKey'), (113274, 'ratingKey'), (116578, 'ratingKey'), (119041, 'ratingKey'), (119045, 'ratingKey'), (119019, 'ratingKey'), (119020, 'ratingKey'), (119022, 'ratingKey'), (119018, 'ratingKey'), (119063, 'ratingKey'), (119064, 'ratingKey'), (99924, 'ratingKey'), (115485, 'ratingKey'), (114981, 'ratingKey'), (112498, 'ratingKey'), (113143, 'ratingKey'), (101453, 'ratingKey'), (104450, 'ratingKey'), (101649, 'ratingKey'), (114700, 'ratingKey'), (112737, 'ratingKey'), (112141, 'ratingKey'), (102051, 'ratingKey'), (115932, 'ratingKey'), (102076, 'ratingKey'), (113475, 'ratingKey')] |
[2022-11-23 01:14:25,145] [builder.py:1282]           [DEBUG]    |                                                                                                    |
[2022-11-23 01:14:25,145] [builder.py:1283]           [DEBUG]    | 54 IDs Found: [(118216, 'ratingKey'), (118233, 'ratingKey'), (99176, 'ratingKey'), (99173, 'ratingKey'), (117349, 'ratingKey'), (118080, 'ratingKey'), (118084, 'ratingKey'), (118062, 'ratingKey'), (117995, 'ratingKey'), (117329, 'ratingKey'), (116180, 'ratingKey'), (99394, 'ratingKey'), (113115, 'ratingKey'), (117962, 'ratingKey'), (99478, 'ratingKey'), (104300, 'ratingKey'), (118904, 'ratingKey'), (96863, 'ratingKey'), (117645, 'ratingKey'), (117453, 'ratingKey'), (105809, 'ratingKey'), (100007, 'ratingKey'), (99098, 'ratingKey'), (99838, 'ratingKey'), (116884, 'ratingKey'), (116907, 'ratingKey'), (116885, 'ratingKey'), (61624, 'ratingKey'), (101078, 'ratingKey'), (113274, 'ratingKey'), (116578, 'ratingKey'), (119041, 'ratingKey'), (119045, 'ratingKey'), (119019, 'ratingKey'), (119020, 'ratingKey'), (119022, 'ratingKey'), (119018, 'ratingKey'), (119063, 'ratingKey'), (119064, 'ratingKey'), (99924, 'ratingKey'), (115485, 'ratingKey'), (114981, 'ratingKey'), (112498, 'ratingKey'), (113143, 'ratingKey'), (101453, 'ratingKey'), (104450, 'ratingKey'), (101649, 'ratingKey'), (114700, 'ratingKey'), (112737, 'ratingKey'), (112141, 'ratingKey'), (102051, 'ratingKey'), (115932, 'ratingKey'), (102076, 'ratingKey'), (113475, 'ratingKey')] |
[2022-11-23 01:14:25,146] [builder.py:1284]           [DEBUG]    |                                                                                                    |
[2022-11-23 01:14:26,419] [builder.py:1697]           [INFO]     |                                                                                                    |
[2022-11-23 01:14:26,419] [util.py:216]               [INFO]     |================================ Adding to Warner Bros. Collection =================================|
[2022-11-23 01:14:26,419] [builder.py:1699]           [INFO]     |                                                                                                    |
[2022-11-23 01:14:26,420] [builder.py:1709]           [INFO]     |  1/54 | Warner Bros. Collection | = | 300 (2007)                                                   |
[2022-11-23 01:14:26,420] [builder.py:1709]           [INFO]     |  2/54 | Warner Bros. Collection | = | 300: Rise of an Empire (2014)                                |
[2022-11-23 01:14:26,421] [builder.py:1709]           [INFO]     |  3/54 | Warner Bros. Collection | = | Ace Ventura: Pet Detective (1994)                            |
[2022-11-23 01:14:26,421] [builder.py:1709]           [INFO]     |  4/54 | Warner Bros. Collection | = | Ace Ventura: When Nature Calls (1995)                        |
[2022-11-23 01:14:26,421] [builder.py:1709]           [INFO]     |  5/54 | Warner Bros. Collection | = | Aquaman (2018)                                               |
[2022-11-23 01:14:26,422] [builder.py:1709]           [INFO]     |  6/54 | Warner Bros. Collection | = | Batman (1989)                                                |
[2022-11-23 01:14:26,422] [builder.py:1709]           [INFO]     |  7/54 | Warner Bros. Collection | = | The Batman (2022)                                            |
[2022-11-23 01:14:26,422] [builder.py:1709]           [INFO]     |  8/54 | Warner Bros. Collection | = | Batman & Robin (1997)                                        |
[2022-11-23 01:14:26,422] [builder.py:1709]           [INFO]     |  9/54 | Warner Bros. Collection | = | Batman Begins (2005)                                         |
[2022-11-23 01:14:26,423] [builder.py:1709]           [INFO]     | 10/54 | Warner Bros. Collection | = | Batman Forever (1995)                                        |
[2022-11-23 01:14:26,423] [builder.py:1709]           [INFO]     | 11/54 | Warner Bros. Collection | = | Batman v Superman: Dawn of Justice (2016)                    |
[2022-11-23 01:14:26,423] [builder.py:1709]           [INFO]     | 12/54 | Warner Bros. Collection | = | Berserk: The Golden Age Arc II - The Battle for Doldrey (2012) |
[2022-11-23 01:14:26,423] [builder.py:1709]           [INFO]     | 13/54 | Warner Bros. Collection | = | Birds of Prey (2020)                                         |
[2022-11-23 01:14:26,424] [builder.py:1709]           [INFO]     | 14/54 | Warner Bros. Collection | = | Blade Runner (1982)                                          |
[2022-11-23 01:14:26,424] [builder.py:1709]           [INFO]     | 15/54 | Warner Bros. Collection | = | Casablanca (1943)                                            |
[2022-11-23 01:14:26,424] [builder.py:1709]           [INFO]     | 16/54 | Warner Bros. Collection | = | Contact (1997)                                               |
[2022-11-23 01:14:26,425] [builder.py:1709]           [INFO]     | 17/54 | Warner Bros. Collection | = | Crazy Rich Asians (2018)                                     |
[2022-11-23 01:14:26,425] [builder.py:1709]           [INFO]     | 18/54 | Warner Bros. Collection | = | The Dark Knight (2008)                                       |
[2022-11-23 01:14:26,425] [builder.py:1709]           [INFO]     | 19/54 | Warner Bros. Collection | = | The Dark Knight Rises (2012)                                 |
[2022-11-23 01:14:26,426] [builder.py:1709]           [INFO]     | 20/54 | Warner Bros. Collection | = | Dunkirk (2017)                                               |
[2022-11-23 01:14:26,426] [builder.py:1709]           [INFO]     | 21/54 | Warner Bros. Collection | = | Elvis (2022)                                                 |
[2022-11-23 01:14:26,426] [builder.py:1709]           [INFO]     | 22/54 | Warner Bros. Collection | = | Enter the Dragon (1973)                                      |
[2022-11-23 01:14:26,427] [builder.py:1709]           [INFO]     | 23/54 | Warner Bros. Collection | = | The Exorcist (1973)                                          |
[2022-11-23 01:14:26,427] [builder.py:1709]           [INFO]     | 24/54 | Warner Bros. Collection | = | Eyes Wide Shut (1999)                                        |
[2022-11-23 01:14:26,427] [builder.py:1709]           [INFO]     | 25/54 | Warner Bros. Collection | = | Fantastic Beasts and Where to Find Them (2016)               |
[2022-11-23 01:14:26,428] [builder.py:1709]           [INFO]     | 26/54 | Warner Bros. Collection | = | Fantastic Beasts: The Crimes of Grindelwald (2018)           |
[2022-11-23 01:14:26,428] [builder.py:1709]           [INFO]     | 27/54 | Warner Bros. Collection | = | Fantastic Beasts: The Secrets of Dumbledore (2022)           |
[2022-11-23 01:14:26,428] [builder.py:1709]           [INFO]     | 28/54 | Warner Bros. Collection | = | Full Metal Jacket (1987)                                     |
[2022-11-23 01:14:26,429] [builder.py:1709]           [INFO]     | 29/54 | Warner Bros. Collection | = | Gravity (2013)                                               |
[2022-11-23 01:14:26,429] [builder.py:1709]           [INFO]     | 30/54 | Warner Bros. Collection | = | The Hangover (2009)                                          |
[2022-11-23 01:14:26,429] [builder.py:1709]           [INFO]     | 31/54 | Warner Bros. Collection | = | The Hangover Part II (2011)                                  |
[2022-11-23 01:14:26,430] [builder.py:1709]           [INFO]     | 32/54 | Warner Bros. Collection | = | Harry Potter and the Chamber of Secrets (2002)               |
[2022-11-23 01:14:26,430] [builder.py:1709]           [INFO]     | 33/54 | Warner Bros. Collection | = | Harry Potter and the Deathly Hallows: Part 1 (2010)          |
[2022-11-23 01:14:26,431] [builder.py:1709]           [INFO]     | 34/54 | Warner Bros. Collection | = | Harry Potter and the Deathly Hallows: Part 2 (2011)          |
[2022-11-23 01:14:26,431] [builder.py:1709]           [INFO]     | 35/54 | Warner Bros. Collection | = | Harry Potter and the Goblet of Fire (2005)                   |
[2022-11-23 01:14:26,431] [builder.py:1709]           [INFO]     | 36/54 | Warner Bros. Collection | = | Harry Potter and the Half-Blood Prince (2009)                |
[2022-11-23 01:14:26,432] [builder.py:1709]           [INFO]     | 37/54 | Warner Bros. Collection | = | Harry Potter and the Order of the Phoenix (2007)             |
[2022-11-23 01:14:26,432] [builder.py:1709]           [INFO]     | 38/54 | Warner Bros. Collection | = | Harry Potter and the Prisoner of Azkaban (2004)              |
[2022-11-23 01:14:26,432] [builder.py:1709]           [INFO]     | 39/54 | Warner Bros. Collection | = | Harry Potter and the Sorcerer's Stone (2001)                 |
[2022-11-23 01:14:26,433] [builder.py:1709]           [INFO]     | 40/54 | Warner Bros. Collection | = | Her (2014)                                                   |
[2022-11-23 01:14:26,433] [builder.py:1709]           [INFO]     | 41/54 | Warner Bros. Collection | = | Inception (2010)                                             |
[2022-11-23 01:14:26,433] [builder.py:1709]           [INFO]     | 42/54 | Warner Bros. Collection | = | Justice League (2017)                                        |
[2022-11-23 01:14:26,434] [builder.py:1709]           [INFO]     | 43/54 | Warner Bros. Collection | = | King Richard (2021)                                          |
[2022-11-23 01:14:26,434] [builder.py:1709]           [INFO]     | 44/54 | Warner Bros. Collection | = | Man of Steel (2013)                                          |
[2022-11-23 01:14:26,434] [builder.py:1709]           [INFO]     | 45/54 | Warner Bros. Collection | = | Matchstick Men (2003)                                        |
[2022-11-23 01:14:26,435] [builder.py:1709]           [INFO]     | 46/54 | Warner Bros. Collection | = | Never Say Never Again (1983)                                 |
[2022-11-23 01:14:26,435] [builder.py:1709]           [INFO]     | 47/54 | Warner Bros. Collection | = | Once Upon a Time in America (1984)                           |
[2022-11-23 01:14:26,437] [builder.py:1709]           [INFO]     | 48/54 | Warner Bros. Collection | = | The Road Warrior (1981)                                      |
[2022-11-23 01:14:26,438] [builder.py:1709]           [INFO]     | 49/54 | Warner Bros. Collection | = | The Suicide Squad (2021)                                     |
[2022-11-23 01:14:26,438] [builder.py:1709]           [INFO]     | 50/54 | Warner Bros. Collection | = | Tenet (2020)                                                 |
[2022-11-23 01:14:26,438] [builder.py:1709]           [INFO]     | 51/54 | Warner Bros. Collection | = | Trick 'r Treat (2007)                                        |
[2022-11-23 01:14:26,439] [builder.py:1709]           [INFO]     | 52/54 | Warner Bros. Collection | = | V for Vendetta (2006)                                        |
[2022-11-23 01:14:26,439] [builder.py:1709]           [INFO]     | 53/54 | Warner Bros. Collection | = | Wait Until Dark (1967)                                       |
[2022-11-23 01:14:26,440] [builder.py:1709]           [INFO]     | 54/54 | Warner Bros. Collection | = | Zack Snyder's Justice League (2021)                          |
[2022-11-23 01:14:26,440] [builder.py:1734]           [INFO]     |                                                                                                    |
[2022-11-23 01:14:26,440] [builder.py:1735]           [INFO]     | 54 Movies Processed                                                                                |
[2022-11-23 01:14:26,444] [builder.py:2147]           [INFO]     |                                                                                                    |
[2022-11-23 01:14:26,445] [util.py:216]               [INFO]     |=========================== Updating Details of Warner Bros. Collection ============================|
[2022-11-23 01:14:26,445] [builder.py:2149]           [INFO]     |                                                                                                    |
[2022-11-23 01:14:26,445] [builder.py:2156]           [INFO]     | Detail: summary updated Collection Summary                                                         |
[2022-11-23 01:14:26,446] [builder.py:2258]           [DEBUG]    | 1 posters found:                                                                                   |
[2022-11-23 01:14:26,446] [builder.py:2260]           [DEBUG]    | Method: url_poster Poster: https://theposterdb.com/api/assets/47604                                |
[2022-11-23 01:14:26,446] [builder.py:2327]           [INFO]     | No background collection detail or asset folder found                                              |
[2022-11-23 01:14:26,447] [library.py:147]            [INFO]     | Detail: poster update not needed                                                                   |
[2022-11-23 01:14:26,738] [plex_meta_manager.py:880]  [INFO]     |                                                                                                    |
[2022-11-23 01:14:26,738] [util.py:209]               [INFO]     |====================================================================================================|
[2022-11-23 01:14:26,739] [util.py:216]               [INFO]     |                                  Finished Warner Bros. Collection                                  |
[2022-11-23 01:14:26,739] [util.py:216]               [INFO]     |                                    Collection Run Time: 0:00:02                                    |
[2022-11-23 01:14:26,739] [util.py:220]               [INFO]     |====================================================================================================|
