[2022-01-16 14:54:49,971] [util.py:209]               [INFO]     |====================================================================================================|
[2022-01-16 14:54:49,971] [util.py:216]               [INFO]     |                               Denzel Washington Collection in Movies                               |
[2022-01-16 14:54:49,972] [util.py:220]               [INFO]     |====================================================================================================|
[2022-01-16 14:54:49,972] [plex_meta_manager.py:750]  [INFO]     |                                                                                                    |
[2022-01-16 14:54:49,973] [util.py:216]               [INFO]     |============================= Validating Denzel Washington Attributes ==============================|
[2022-01-16 14:54:49,973] [builder.py:265]            [DEBUG]    |                                                                                                    |
[2022-01-16 14:54:49,973] [builder.py:266]            [DEBUG]    | Validating Method: template                                                                        |
[2022-01-16 14:54:49,974] [meta.py:83]                [DEBUG]    | Value: ordereddict([('name', 'people'), ('person', 5292)])                                         |
[2022-01-16 14:54:49,974] [builder.py:367]            [DEBUG]    |                                                                                                    |
[2022-01-16 14:54:49,974] [builder.py:368]            [DEBUG]    | Validating Method: tmdb_person                                                                     |
[2022-01-16 14:54:49,974] [builder.py:372]            [DEBUG]    | Value: 5292                                                                                        |
[2022-01-16 14:54:50,117] [builder.py:453]            [DEBUG]    |                                                                                                    |
[2022-01-16 14:54:50,117] [builder.py:454]            [DEBUG]    | Validating Method: collection_order                                                                |
[2022-01-16 14:54:50,117] [builder.py:455]            [DEBUG]    | Value: release                                                                                     |
[2022-01-16 14:54:50,118] [builder.py:472]            [DEBUG]    |                                                                                                    |
[2022-01-16 14:54:50,118] [builder.py:473]            [DEBUG]    | Validating Method: actor                                                                           |
[2022-01-16 14:54:50,118] [builder.py:474]            [DEBUG]    | Value: tmdb                                                                                        |
[2022-01-16 14:54:50,152] [builder.py:472]            [DEBUG]    |                                                                                                    |
[2022-01-16 14:54:50,153] [builder.py:473]            [DEBUG]    | Validating Method: sort_title                                                                      |
[2022-01-16 14:54:50,153] [builder.py:474]            [DEBUG]    | Value: ++_Denzel Washington                                                                        |
[2022-01-16 14:54:50,157] [plex.py:685]               [DEBUG]    | Looking for: Denzel Washington                                                                     |
[2022-01-16 14:54:50,158] [builder.py:619]            [INFO]     |                                                                                                    |
[2022-01-16 14:54:50,158] [builder.py:620]            [INFO]     | Validation Successful                                                                              |
[2022-01-16 14:54:50,159] [plex_meta_manager.py:758]  [INFO]     |                                                                                                    |
[2022-01-16 14:54:50,160] [util.py:216]               [INFO]     |=============================== Running Denzel Washington Collection ===============================|
[2022-01-16 14:54:50,160] [plex_meta_manager.py:773]  [INFO]     |                                                                                                    |
[2022-01-16 14:54:50,160] [plex_meta_manager.py:774]  [INFO]     | Sync Mode: append                                                                                  |
[2022-01-16 14:54:50,161] [builder.py:1275]           [DEBUG]    |                                                                                                    |
[2022-01-16 14:54:50,161] [builder.py:1276]           [DEBUG]    | Builder: plex_search: (1, 'Plex Movie Search\nSort By: title.asc\nFilter:\n  Match any of the following:\n    Actor is Denzel Washington', '?type=1&sort=titleSort&push=1&actor=24719&pop=1') |
[2022-01-16 14:54:50,162] [builder.py:1277]           [INFO]     |                                                                                                    |
[2022-01-16 14:54:50,162] [util.py:161]               [INFO]     | Plex Movie Search                                                                                  |
[2022-01-16 14:54:50,162] [util.py:161]               [INFO]     | Sort By: title.asc                                                                                 |
[2022-01-16 14:54:50,163] [util.py:161]               [INFO]     | Filter:                                                                                            |
[2022-01-16 14:54:50,163] [util.py:161]               [INFO]     |   Match any of the following:                                                                      |
[2022-01-16 14:54:50,163] [util.py:161]               [INFO]     |     Actor is Denzel Washington                                                                     |
[2022-01-16 14:54:50,172] [plex.py:746]               [DEBUG]    |                                                                                                    |
[2022-01-16 14:54:50,172] [plex.py:747]               [DEBUG]    | 1 Keys Found: [(32428, 'ratingKey')]                                                               |
[2022-01-16 14:54:50,172] [builder.py:1282]           [DEBUG]    |                                                                                                    |
[2022-01-16 14:54:50,173] [builder.py:1283]           [DEBUG]    | 1 IDs Found: [(32428, 'ratingKey')]                                                                |
[2022-01-16 14:54:50,173] [builder.py:1284]           [DEBUG]    |                                                                                                    |
[2022-01-16 14:54:50,220] [builder.py:1697]           [INFO]     |                                                                                                    |
[2022-01-16 14:54:50,221] [util.py:216]               [INFO]     |============================== Adding to Denzel Washington Collection ==============================|
[2022-01-16 14:54:50,221] [builder.py:1699]           [INFO]     |                                                                                                    |
[2022-01-16 14:54:50,222] [builder.py:1709]           [INFO]     | 1/1 | Denzel Washington Collection | + | American Gangster (2007)                                  |
[2022-01-16 14:54:50,388] [builder.py:1734]           [INFO]     |                                                                                                    |
[2022-01-16 14:54:50,389] [builder.py:1735]           [INFO]     | 1 Movie Processed                                                                                  |
[2022-01-16 14:54:50,393] [builder.py:2147]           [INFO]     |                                                                                                    |
[2022-01-16 14:54:50,394] [util.py:216]               [INFO]     |========================= Updating Details of Denzel Washington Collection =========================|
[2022-01-16 14:54:50,394] [builder.py:2149]           [INFO]     |                                                                                                    |
[2022-01-16 14:54:50,394] [builder.py:2156]           [INFO]     | Detail: tmdb_person updated Collection Summary                                                     |
[2022-01-16 14:54:50,395] [builder.py:2193]           [INFO]     | Detail: sort_title updated Collection Sort Title to ++_Denzel Washington                           |
[2022-01-16 14:54:50,395] [builder.py:2235]           [DEBUG]    | {'summary.value': 'Denzel Hayes Washington, Jr. is an American actor, screenwriter, director and film producer. He first rose to prominence when he joined the cast of the medical drama St. Elsewhere, playing Dr. Philip Chandler for six years. He has received much critical acclaim for his work in film since the 1990s, including for his portrayals of real-life figures, such as Steve Biko, Malcolm X, Rubin ‘Hurricane’ Carter, Melvin B. Tolson, Frank Lucas, and Herman Boone. Washington has received two Academy Awards, two Golden Globe awards, and a Tony Award. He is notable for winning the Best Supporting Actor Oscar for his part in Glory in 1989, and the Academy Award for Best Actor in 2001 for his role in the film Training Day.', 'summary.locked': 1, 'titleSort.value': '++_Denzel Washington', 'titleSort.locked': 1} |
[2022-01-16 14:54:50,408] [builder.py:2237]           [INFO]     | Details: have been updated                                                                         |
[2022-01-16 14:54:50,409] [builder.py:2258]           [DEBUG]    | 1 posters found:                                                                                   |
[2022-01-16 14:54:50,409] [builder.py:2260]           [DEBUG]    | Method: tmdb_person Poster: https://image.tmdb.org/t/p/original/cEU2Vrdo83izpGmOvbVAOz5jCof.jpg    |
[2022-01-16 14:54:50,409] [builder.py:2327]           [INFO]     | No background collection detail or asset folder found                                              |
[2022-01-16 14:54:50,434] [library.py:145]            [INFO]     | Detail: tmdb_person updated poster to [URL] https://image.tmdb.org/t/p/original/cEU2Vrdo83izpGmOvbVAOz5jCof.jpg |
[2022-01-16 14:54:50,629] [plex_meta_manager.py:880]  [INFO]     |                                                                                                    |
[2022-01-16 14:54:50,630] [util.py:209]               [INFO]     |====================================================================================================|
[2022-01-16 14:54:50,631] [util.py:216]               [INFO]     |                               Finished Denzel Washington Collection                                |
[2022-01-16 14:54:50,631] [util.py:216]               [INFO]     |                                    Collection Run Time: 0:00:00                                    |
[2022-01-16 14:54:50,631] [util.py:220]               [INFO]     |====================================================================================================|
