[2022-10-28 01:00:44,420] [util.py:209]               [INFO]     |====================================================================================================|
[2022-10-28 01:00:44,420] [util.py:216]               [INFO]     |                                 Harry Potter Collection in Movies                                  |
[2022-10-28 01:00:44,421] [util.py:220]               [INFO]     |====================================================================================================|
[2022-10-28 01:00:44,421] [plex_meta_manager.py:750]  [INFO]     |                                                                                                    |
[2022-10-28 01:00:44,421] [util.py:216]               [INFO]     |================================ Validating Harry Potter Attributes ================================|
[2022-10-28 01:00:44,422] [builder.py:265]            [DEBUG]    |                                                                                                    |
[2022-10-28 01:00:44,422] [builder.py:266]            [DEBUG]    | Validating Method: template                                                                        |
[2022-10-28 01:00:44,422] [meta.py:83]                [DEBUG]    | Value: ordereddict([('name', 'Movie'), ('collection', 1241), ('summary', 1241), ('poster', 'https://theposterdb.com/api/assets/737')]) |
[2022-10-28 01:00:44,423] [builder.py:330]            [DEBUG]    |                                                                                                    |
[2022-10-28 01:00:44,423] [builder.py:331]            [DEBUG]    | Validating Method: sync_mode                                                                       |
[2022-10-28 01:00:44,423] [builder.py:335]            [DEBUG]    | Value: sync                                                                                        |
[2022-10-28 01:00:44,423] [builder.py:453]            [DEBUG]    |                                                                                                    |
[2022-10-28 01:00:44,424] [builder.py:454]            [DEBUG]    | Validating Method: collection_order                                                                |
[2022-10-28 01:00:44,424] [builder.py:455]            [DEBUG]    | Value: release                                                                                     |
[2022-10-28 01:00:44,424] [builder.py:472]            [DEBUG]    |                                                                                                    |
[2022-10-28 01:00:44,424] [builder.py:473]            [DEBUG]    | Validating Method: url_poster                                                                      |
[2022-10-28 01:00:44,425] [builder.py:474]            [DEBUG]    | Value: https://theposterdb.com/api/assets/737                                                      |
[2022-10-28 01:00:44,425] [builder.py:472]            [DEBUG]    |                                                                                                    |
[2022-10-28 01:00:44,425] [builder.py:473]            [DEBUG]    | Validating Method: tmdb_collection                                                                 |
[2022-10-28 01:00:44,425] [builder.py:474]            [DEBUG]    | Value: 1241                                                                                        |
[2022-10-28 01:00:44,517] [builder.py:472]            [DEBUG]    |                                                                                                    |
[2022-10-28 01:00:44,517] [builder.py:473]            [DEBUG]    | Validating Method: tmdb_summary                                                                    |
[2022-10-28 01:00:44,518] [builder.py:474]            [DEBUG]    | Value: 1241                                                                                        |
[2022-10-28 01:00:44,518] [builder.py:472]            [DEBUG]    |                                                                                                    |
[2022-10-28 01:00:44,518] [builder.py:473]            [DEBUG]    | Validating Method: sort_title                                                                      |
[2022-10-28 01:00:44,518] [builder.py:474]            [DEBUG]    | Value: 00000f_Harry Potter                                                                         |
[2022-10-28 01:00:44,519] [builder.py:472]            [DEBUG]    |                                                                                                    |
[2022-10-28 01:00:44,519] [builder.py:473]            [DEBUG]    | Validating Method: radarr_add_missing                                                              |
[2022-10-28 01:00:44,519] [builder.py:474]            [DEBUG]    | Value: True                                                                                        |
[2022-10-28 01:00:44,682] [builder.py:619]            [INFO]     |                                                                                                    |
[2022-10-28 01:00:44,683] [builder.py:620]            [INFO]     | Validation Successful                                                                              |
[2022-10-28 01:00:44,683] [plex_meta_manager.py:758]  [INFO]     |                                                                                                    |
[2022-10-28 01:00:44,684] [util.py:216]               [INFO]     |================================= Running Harry Potter Collection ==================================|
[2022-10-28 01:00:44,684] [plex_meta_manager.py:773]  [INFO]     |                                                                                                    |
[2022-10-28 01:00:44,684] [plex_meta_manager.py:774]  [INFO]     | Sync Mode: sync                                                                                    |
[2022-10-28 01:00:44,685] [builder.py:1275]           [DEBUG]    |                                                                                                    |
[2022-10-28 01:00:44,685] [builder.py:1276]           [DEBUG]    | Builder: tmdb_collection: 1241                                                                     |
[2022-10-28 01:00:44,685] [builder.py:1277]           [INFO]     |                                                                                                    |
[2022-10-28 01:00:44,686] [tmdb.py:321]               [INFO]     | Processing TMDb Collection: (1241) Harry Potter Collection (8 Items)                               |
[2022-10-28 01:00:44,686] [builder.py:1282]           [DEBUG]    |                                                                                                    |
[2022-10-28 01:00:44,686] [builder.py:1283]           [DEBUG]    | 8 IDs Found: [(671, 'tmdb'), (672, 'tmdb'), (674, 'tmdb'), (767, 'tmdb'), (673, 'tmdb'), (675, 'tmdb'), (12444, 'tmdb'), (12445, 'tmdb')] |
[2022-10-28 01:00:44,686] [builder.py:1284]           [DEBUG]    |                                                                                                    |
[2022-10-28 01:00:44,910] [builder.py:1697]           [INFO]     |                                                                                                    |
[2022-10-28 01:00:44,911] [util.py:216]               [INFO]     |================================ Adding to Harry Potter Collection =================================|
[2022-10-28 01:00:44,911] [builder.py:1699]           [INFO]     |                                                                                                    |
[2022-10-28 01:00:44,911] [builder.py:1709]           [INFO]     | 1/8 | Harry Potter Collection | = | Harry Potter and the Sorcerer's Stone (2001)                   |
[2022-10-28 01:00:44,912] [builder.py:1709]           [INFO]     | 2/8 | Harry Potter Collection | = | Harry Potter and the Chamber of Secrets (2002)                 |
[2022-10-28 01:00:44,912] [builder.py:1709]           [INFO]     | 3/8 | Harry Potter Collection | = | Harry Potter and the Goblet of Fire (2005)                     |
[2022-10-28 01:00:44,912] [builder.py:1709]           [INFO]     | 4/8 | Harry Potter Collection | = | Harry Potter and the Half-Blood Prince (2009)                  |
[2022-10-28 01:00:44,913] [builder.py:1709]           [INFO]     | 5/8 | Harry Potter Collection | = | Harry Potter and the Prisoner of Azkaban (2004)                |
[2022-10-28 01:00:44,913] [builder.py:1709]           [INFO]     | 6/8 | Harry Potter Collection | = | Harry Potter and the Order of the Phoenix (2007)               |
[2022-10-28 01:00:44,913] [builder.py:1709]           [INFO]     | 7/8 | Harry Potter Collection | = | Harry Potter and the Deathly Hallows: Part 1 (2010)            |
[2022-10-28 01:00:44,914] [builder.py:1709]           [INFO]     | 8/8 | Harry Potter Collection | = | Harry Potter and the Deathly Hallows: Part 2 (2011)            |
[2022-10-28 01:00:44,914] [builder.py:1734]           [INFO]     |                                                                                                    |
[2022-10-28 01:00:44,914] [builder.py:1735]           [INFO]     | 8 Movies Processed                                                                                 |
[2022-10-28 01:00:44,918] [builder.py:2147]           [INFO]     |                                                                                                    |
[2022-10-28 01:00:44,918] [util.py:216]               [INFO]     |=========================== Updating Details of Harry Potter Collection ============================|
[2022-10-28 01:00:44,919] [builder.py:2149]           [INFO]     |                                                                                                    |
[2022-10-28 01:00:44,919] [builder.py:2156]           [INFO]     | Detail: tmdb_summary updated Collection Summary                                                    |
[2022-10-28 01:00:44,920] [builder.py:2258]           [DEBUG]    | 1 posters found:                                                                                   |
[2022-10-28 01:00:44,920] [builder.py:2260]           [DEBUG]    | Method: url_poster Poster: https://theposterdb.com/api/assets/737                                  |
[2022-10-28 01:00:44,920] [builder.py:2327]           [INFO]     | No background collection detail or asset folder found                                              |
[2022-10-28 01:00:44,921] [library.py:147]            [INFO]     | Detail: poster update not needed                                                                   |
[2022-10-28 01:00:45,079] [plex_meta_manager.py:880]  [INFO]     |                                                                                                    |
[2022-10-28 01:00:45,080] [util.py:209]               [INFO]     |====================================================================================================|
[2022-10-28 01:00:45,080] [util.py:216]               [INFO]     |                                  Finished Harry Potter Collection                                  |
[2022-10-28 01:00:45,081] [util.py:216]               [INFO]     |                                    Collection Run Time: 0:00:00                                    |
[2022-10-28 01:00:45,081] [util.py:220]               [INFO]     |====================================================================================================|
