[2022-03-18 11:54:45,389] [util.py:209]               [INFO]     |====================================================================================================|
[2022-03-18 11:54:45,390] [util.py:216]               [INFO]     |                         Outer Space Movie Collection Collection in Movies                          |
[2022-03-18 11:54:45,390] [util.py:220]               [INFO]     |====================================================================================================|
[2022-03-18 11:54:45,391] [plex_meta_manager.py:750]  [INFO]     |                                                                                                    |
[2022-03-18 11:54:45,392] [util.py:216]               [INFO]     |======================== Validating Outer Space Movie Collection Attributes ========================|
[2022-03-18 11:54:45,392] [builder.py:330]            [DEBUG]    |                                                                                                    |
[2022-03-18 11:54:45,392] [builder.py:331]            [DEBUG]    | Validating Method: sync_mode                                                                       |
[2022-03-18 11:54:45,393] [builder.py:335]            [DEBUG]    | Value: sync                                                                                        |
[2022-03-18 11:54:45,393] [builder.py:389]            [DEBUG]    |                                                                                                    |
[2022-03-18 11:54:45,393] [builder.py:390]            [DEBUG]    | Validating Method: smart_label                                                                     |
[2022-03-18 11:54:45,394] [builder.py:395]            [DEBUG]    | Value: critic_rating.desc                                                                          |
[2022-03-18 11:54:45,394] [builder.py:472]            [DEBUG]    |                                                                                                    |
[2022-03-18 11:54:45,394] [builder.py:473]            [DEBUG]    | Validating Method: trakt_list                                                                      |
[2022-03-18 11:54:45,395] [builder.py:474]            [DEBUG]    | Value: https://trakt.tv/users/hdlists/lists/outer-space-space-exploration-movies                   |
[2022-03-18 11:54:45,509] [builder.py:472]            [DEBUG]    |                                                                                                    |
[2022-03-18 11:54:45,509] [builder.py:473]            [DEBUG]    | Validating Method: summary                                                                         |
[2022-03-18 11:54:45,509] [builder.py:474]            [DEBUG]    | Value: Movies That Take Place in Outer Space                                                       |
[2022-03-18 11:54:45,510] [builder.py:472]            [DEBUG]    |                                                                                                    |
[2022-03-18 11:54:45,510] [builder.py:473]            [DEBUG]    | Validating Method: sort_title                                                                      |
[2022-03-18 11:54:45,510] [builder.py:474]            [DEBUG]    | Value: +3_Outer Space Movie Collection                                                             |
[2022-03-18 11:54:45,511] [builder.py:472]            [DEBUG]    |                                                                                                    |
[2022-03-18 11:54:45,511] [builder.py:473]            [DEBUG]    | Validating Method: url_poster                                                                      |
[2022-03-18 11:54:45,511] [builder.py:474]            [DEBUG]    | Value: https://i.imgur.com/tOujJnS.jpg                                                             |
[2022-03-18 11:54:45,512] [builder.py:472]            [DEBUG]    |                                                                                                    |
[2022-03-18 11:54:45,512] [builder.py:473]            [DEBUG]    | Validating Method: url_background                                                                  |
[2022-03-18 11:54:45,512] [builder.py:474]            [DEBUG]    | Value: https://i.imgur.com/CUIrEWQ.jpg                                                             |
[2022-03-18 11:54:45,706] [builder.py:619]            [INFO]     |                                                                                                    |
[2022-03-18 11:54:45,707] [builder.py:620]            [INFO]     | Validation Successful                                                                              |
[2022-03-18 11:54:45,710] [plex_meta_manager.py:758]  [INFO]     |                                                                                                    |
[2022-03-18 11:54:45,710] [util.py:216]               [INFO]     |========================= Running Outer Space Movie Collection Collection ==========================|
[2022-03-18 11:54:45,711] [plex_meta_manager.py:773]  [INFO]     |                                                                                                    |
[2022-03-18 11:54:45,711] [plex_meta_manager.py:774]  [INFO]     | Sync Mode: sync                                                                                    |
[2022-03-18 11:54:45,712] [builder.py:1275]           [DEBUG]    |                                                                                                    |
[2022-03-18 11:54:45,712] [builder.py:1276]           [DEBUG]    | Builder: trakt_list: https://trakt.tv/users/hdlists/lists/outer-space-space-exploration-movies     |
[2022-03-18 11:54:45,712] [builder.py:1277]           [INFO]     |                                                                                                    |
[2022-03-18 11:54:45,713] [trakt.py:231]              [INFO]     | Processing Trakt List: https://trakt.tv/users/hdlists/lists/outer-space-space-exploration-movies   |
[2022-03-18 11:54:45,830] [builder.py:1282]           [DEBUG]    |                                                                                                    |
[2022-03-18 11:54:45,831] [builder.py:1283]           [DEBUG]    | 133 IDs Found: [(381284, 'tmdb'), (274870, 'tmdb'), (330459, 'tmdb'), (332502, 'tmdb'), (395560, 'tmdb'), (140607, 'tmdb'), (286217, 'tmdb'), (76757, 'tmdb'), (157336, 'tmdb'), (118340, 'tmdb'), (190847, 'tmdb'), (49047, 'tmdb'), (87421, 'tmdb'), (68724, 'tmdb'), (196830, 'tmdb'), (174772, 'tmdb'), (54138, 'tmdb'), (75612, 'tmdb'), (70981, 'tmdb'), (110122, 'tmdb'), (49529, 'tmdb'), (50357, 'tmdb'), (50321, 'tmdb'), (54320, 'tmdb'), (61984, 'tmdb'), (19995, 'tmdb'), (61706, 'tmdb'), (34069, 'tmdb'), (19898, 'tmdb'), (44578, 'tmdb'), (17431, 'tmdb'), (13475, 'tmdb'), (16873, 'tmdb'), (10681, 'tmdb'), (1272, 'tmdb'), (5172, 'tmdb'), (8814, 'tmdb'), (16320, 'tmdb'), (1895, 'tmdb'), (7453, 'tmdb'), (200039, 'tmdb'), (2789, 'tmdb'), (201, 'tmdb'), (9016, 'tmdb'), (2103, 'tmdb'), (1894, 'tmdb'), (2191, 'tmdb'), (10016, 'tmdb'), (8870, 'tmdb'), (5551, 'tmdb'), (2067, 'tmdb'), (2787, 'tmdb'), (926, 'tmdb'), (1893, 'tmdb'), (13466, 'tmdb'), (200, 'tmdb'), (95, 'tmdb'), (8656, 'tmdb'), (2157, 'tmdb'), (563, 'tmdb'), (36797, 'tmdb'), (8413, 'tmdb'), (686, 'tmdb'), (18, 'tmdb'), (58803, 'tmdb'), (75, 'tmdb'), (199, 'tmdb'), (602, 'tmdb'), (568, 'tmdb'), (193, 'tmdb'), (174, 'tmdb'), (861, 'tmdb'), (172, 'tmdb'), (14916, 'tmdb'), (92331, 'tmdb'), (103217, 'tmdb'), (957, 'tmdb'), (168, 'tmdb'), (679, 'tmdb'), (13766, 'tmdb'), (31909, 'tmdb'), (11864, 'tmdb'), (10372, 'tmdb'), (9872, 'tmdb'), (841, 'tmdb'), (4437, 'tmdb'), (1884, 'tmdb'), (11884, 'tmdb'), (157, 'tmdb'), (9549, 'tmdb'), (1892, 'tmdb'), (154, 'tmdb'), (10540, 'tmdb'), (1891, 'tmdb'), (9570, 'tmdb'), (152, 'tmdb'), (348, 'tmdb'), (11935, 'tmdb'), (840, 'tmdb'), (11, 'tmdb'), (1410, 'tmdb'), (593, 'tmdb'), (811, 'tmdb'), (26121, 'tmdb'), (40140, 'tmdb'), (40430, 'tmdb'), (62, 'tmdb'), (871, 'tmdb'), (27441, 'tmdb'), (36855, 'tmdb'), (72091, 'tmdb'), (34276, 'tmdb'), (7348, 'tmdb'), (64870, 'tmdb'), (29570, 'tmdb'), (17938, 'tmdb'), (10513, 'tmdb'), (92261, 'tmdb'), (43120, 'tmdb'), (830, 'tmdb'), (831, 'tmdb'), (24212, 'tmdb'), (25952, 'tmdb'), (116210, 'tmdb'), (26270, 'tmdb'), (43341, 'tmdb'), (76418, 'tmdb'), (20424, 'tmdb'), (26241, 'tmdb'), (43374, 'tmdb'), (25392, 'tmdb'), (37744, 'tmdb'), (43391, 'tmdb')] |
[2022-03-18 11:54:45,831] [builder.py:1284]           [DEBUG]    |                                                                                                    |
[2022-03-18 11:54:46,709] [builder.py:1697]           [INFO]     |                                                                                                    |
[2022-03-18 11:54:46,709] [util.py:216]               [INFO]     |======================== Adding to Outer Space Movie Collection Collection =========================|
[2022-03-18 11:54:46,710] [builder.py:1699]           [INFO]     |                                                                                                    |
[2022-03-18 11:54:46,813] [builder.py:1709]           [INFO]     |  1/19 | Outer Space Movie Collection Collection | = | Star Wars: Episode VII - The Force Awakens (2015) |
[2022-03-18 11:54:46,814] [builder.py:1709]           [INFO]     |  2/19 | Outer Space Movie Collection Collection | = | The Martian (2015)                           |
[2022-03-18 11:54:46,814] [builder.py:1709]           [INFO]     |  3/19 | Outer Space Movie Collection Collection | = | Interstellar (2014)                          |
[2022-03-18 11:54:46,815] [builder.py:1709]           [INFO]     |  4/19 | Outer Space Movie Collection Collection | = | Guardians of the Galaxy (2014)               |
[2022-03-18 11:54:46,815] [builder.py:1709]           [INFO]     |  5/19 | Outer Space Movie Collection Collection | = | Prometheus (2012)                            |
[2022-03-18 11:54:46,816] [builder.py:1709]           [INFO]     |  6/19 | Outer Space Movie Collection Collection | = | WALL·E (2008)                                |
[2022-03-18 11:54:46,817] [builder.py:1709]           [INFO]     |  7/19 | Outer Space Movie Collection Collection | = | Star Wars: Episode III - Revenge of the Sith (2005) |
[2022-03-18 11:54:46,817] [builder.py:1709]           [INFO]     |  8/19 | Outer Space Movie Collection Collection | = | Treasure Planet (2002)                       |
[2022-03-18 11:54:46,818] [builder.py:1709]           [INFO]     |  9/19 | Outer Space Movie Collection Collection | = | Star Wars: Episode II - Attack of the Clones (2002) |
[2022-03-18 11:54:46,818] [builder.py:1709]           [INFO]     | 10/19 | Outer Space Movie Collection Collection | = | Star Wars: Episode I - The Phantom Menace (1999) |
[2022-03-18 11:54:46,819] [builder.py:1709]           [INFO]     | 11/19 | Outer Space Movie Collection Collection | = | Contact (1997)                               |
[2022-03-18 11:54:46,820] [builder.py:1709]           [INFO]     | 12/19 | Outer Space Movie Collection Collection | = | The Fifth Element (1997)                     |
[2022-03-18 11:54:46,821] [builder.py:1709]           [INFO]     | 13/19 | Outer Space Movie Collection Collection | = | Spaceballs (1987)                            |
[2022-03-18 11:54:46,822] [builder.py:1709]           [INFO]     | 14/19 | Outer Space Movie Collection Collection | = | Aliens (1986)                                |
[2022-03-18 11:54:46,822] [builder.py:1709]           [INFO]     | 15/19 | Outer Space Movie Collection Collection | = | Star Wars: Episode VI - Return of the Jedi (1983) |
[2022-03-18 11:54:46,823] [builder.py:1709]           [INFO]     | 16/19 | Outer Space Movie Collection Collection | = | Star Wars: Episode V - The Empire Strikes Back (1980) |
[2022-03-18 11:54:46,823] [builder.py:1709]           [INFO]     | 17/19 | Outer Space Movie Collection Collection | = | Alien (1979)                                 |
[2022-03-18 11:54:46,824] [builder.py:1709]           [INFO]     | 18/19 | Outer Space Movie Collection Collection | = | Star Wars (1977)                             |
[2022-03-18 11:54:46,824] [builder.py:1709]           [INFO]     | 19/19 | Outer Space Movie Collection Collection | = | 2001: A Space Odyssey (1968)                 |
[2022-03-18 11:54:46,825] [builder.py:1734]           [INFO]     |                                                                                                    |
[2022-03-18 11:54:46,826] [builder.py:1735]           [INFO]     | 19 Movies Processed                                                                                |
[2022-03-18 11:54:46,826] [builder.py:1929]           [INFO]     |                                                                                                    |
[2022-03-18 11:54:46,827] [util.py:216]               [INFO]     |==================== Missing Movies from Library: Outer Space Movie Collection =====================|
[2022-03-18 11:54:46,827] [builder.py:1931]           [INFO]     |                                                                                                    |
[2022-03-18 11:54:47,047] [builder.py:1943]           [INFO]     | Outer Space Movie Collection Collection | ? | Hidden Figures (2016) (TMDb: 381284)                 |
[2022-03-18 11:54:47,383] [builder.py:1943]           [INFO]     | Outer Space Movie Collection Collection | ? | Passengers (2016) (TMDb: 274870)                     |
[2022-03-18 11:54:47,391] [builder.py:1943]           [INFO]     | Outer Space Movie Collection Collection | ? | Rogue One: A Star Wars Story (2016) (TMDb: 330459)   |
[2022-03-18 11:54:47,598] [builder.py:1943]           [INFO]     | Outer Space Movie Collection Collection | ? | 400 Days (2015) (TMDb: 332502)                       |
[2022-03-18 11:54:47,806] [builder.py:1943]           [INFO]     | Outer Space Movie Collection Collection | ? | Capsule (2015) (TMDb: 395560)                        |
[2022-03-18 11:54:48,036] [builder.py:1943]           [INFO]     | Outer Space Movie Collection Collection | ? | Jupiter Ascending (2015) (TMDb: 76757)               |
[2022-03-18 11:54:48,246] [builder.py:1943]           [INFO]     | Outer Space Movie Collection Collection | ? | The Last Days on Mars (2013) (TMDb: 190847)          |
[2022-03-18 11:54:48,513] [builder.py:1943]           [INFO]     | Outer Space Movie Collection Collection | ? | Gravity (2013) (TMDb: 49047)                         |
[2022-03-18 11:54:48,743] [builder.py:1943]           [INFO]     | Outer Space Movie Collection Collection | ? | Riddick (2013) (TMDb: 87421)                         |
[2022-03-18 11:54:48,965] [builder.py:1943]           [INFO]     | Outer Space Movie Collection Collection | ? | Elysium (2013) (TMDb: 68724)                         |
[2022-03-18 11:54:49,176] [builder.py:1943]           [INFO]     | Outer Space Movie Collection Collection | ? | Stranded (2013) (TMDb: 196830)                       |
[2022-03-18 11:54:49,419] [builder.py:1943]           [INFO]     | Outer Space Movie Collection Collection | ? | Europa Report (2013) (TMDb: 174772)                  |
[2022-03-18 11:54:49,646] [builder.py:1943]           [INFO]     | Outer Space Movie Collection Collection | ? | Star Trek Into Darkness (2013) (TMDb: 54138)         |
[2022-03-18 11:54:49,651] [builder.py:1943]           [INFO]     | Outer Space Movie Collection Collection | ? | Oblivion (2013) (TMDb: 75612)                        |
[2022-03-18 11:54:49,938] [builder.py:1943]           [INFO]     | Outer Space Movie Collection Collection | ? | Astronaut: The Last Push (2012) (TMDb: 110122)       |
[2022-03-18 11:54:50,169] [builder.py:1943]           [INFO]     | Outer Space Movie Collection Collection | ? | John Carter (2012) (TMDb: 49529)                     |
[2022-03-18 11:54:50,384] [builder.py:1943]           [INFO]     | Outer Space Movie Collection Collection | ? | Apollo 18 (2011) (TMDb: 50357)                       |
[2022-03-18 11:54:50,595] [builder.py:1943]           [INFO]     | Outer Space Movie Collection Collection | ? | Mars Needs Moms (2011) (TMDb: 50321)                 |
[2022-03-18 11:54:50,810] [builder.py:1943]           [INFO]     | Outer Space Movie Collection Collection | ? | Love (2011) (TMDb: 54320)                            |
[2022-03-18 11:54:51,026] [builder.py:1943]           [INFO]     | Outer Space Movie Collection Collection | ? | Space Battleship Yamato (2010) (TMDb: 61984)         |
[2022-03-18 11:54:51,040] [builder.py:1943]           [INFO]     | Outer Space Movie Collection Collection | ? | Avatar (2009) (TMDb: 19995)                          |
[2022-03-18 11:54:51,245] [builder.py:1943]           [INFO]     | Outer Space Movie Collection Collection | ? | Interplanetary (2009) (TMDb: 61706)                  |
[2022-03-18 11:54:51,458] [builder.py:1943]           [INFO]     | Outer Space Movie Collection Collection | ? | Cargo (2009) (TMDb: 34069)                           |
[2022-03-18 11:54:51,462] [builder.py:1943]           [INFO]     | Outer Space Movie Collection Collection | ? | Pandorum (2009) (TMDb: 19898)                        |
[2022-03-18 11:54:51,664] [builder.py:1943]           [INFO]     | Outer Space Movie Collection Collection | ? | Moonshot: The Flight of Apollo 11 (2009) (TMDb: 44578) |
[2022-03-18 11:54:51,667] [builder.py:1943]           [INFO]     | Outer Space Movie Collection Collection | ? | Moon (2009) (TMDb: 17431)                            |
[2022-03-18 11:54:51,938] [builder.py:1943]           [INFO]     | Outer Space Movie Collection Collection | ? | Star Trek (2009) (TMDb: 13475)                       |
[2022-03-18 11:54:52,152] [builder.py:1943]           [INFO]     | Outer Space Movie Collection Collection | ? | Battle for Terra (2007) (TMDb: 16873)                |
[2022-03-18 11:54:52,156] [builder.py:1943]           [INFO]     | Outer Space Movie Collection Collection | ? | Sunshine (2007) (TMDb: 1272)                         |
[2022-03-18 11:54:52,364] [builder.py:1943]           [INFO]     | Outer Space Movie Collection Collection | ? | The Astronaut Farmer (2006) (TMDb: 5172)             |
[2022-03-18 11:54:52,587] [builder.py:1943]           [INFO]     | Outer Space Movie Collection Collection | ? | Doom (2005) (TMDb: 8814)                             |
[2022-03-18 11:54:52,869] [builder.py:1943]           [INFO]     | Outer Space Movie Collection Collection | ? | Serenity (2005) (TMDb: 16320)                        |
[2022-03-18 11:54:53,087] [builder.py:1943]           [INFO]     | Outer Space Movie Collection Collection | ? | The Hitchhiker's Guide to the Galaxy (2005) (TMDb: 7453) |
[2022-03-18 11:54:53,326] [builder.py:1937]           [ERROR]    | TMDb Error: No Movie found for TMDb ID 200039: The resource you requested could not be found.      |
[2022-03-18 11:54:53,332] [builder.py:1943]           [INFO]     | Outer Space Movie Collection Collection | ? | The Chronicles of Riddick (2004) (TMDb: 2789)        |
[2022-03-18 11:54:53,553] [builder.py:1943]           [INFO]     | Outer Space Movie Collection Collection | ? | Star Trek: Nemesis (2002) (TMDb: 201)                |
[2022-03-18 11:54:53,556] [builder.py:1943]           [INFO]     | Outer Space Movie Collection Collection | ? | Solaris (2002) (TMDb: 2103)                          |
[2022-03-18 11:54:53,763] [builder.py:1943]           [INFO]     | Outer Space Movie Collection Collection | ? | Stranded (2001) (TMDb: 2191)                         |
[2022-03-18 11:54:53,977] [builder.py:1943]           [INFO]     | Outer Space Movie Collection Collection | ? | Ghosts of Mars (2001) (TMDb: 10016)                  |
[2022-03-18 11:54:54,196] [builder.py:1943]           [INFO]     | Outer Space Movie Collection Collection | ? | Red Planet (2000) (TMDb: 8870)                       |
[2022-03-18 11:54:54,426] [builder.py:1943]           [INFO]     | Outer Space Movie Collection Collection | ? | Space Cowboys (2000) (TMDb: 5551)                    |
[2022-03-18 11:54:54,646] [builder.py:1943]           [INFO]     | Outer Space Movie Collection Collection | ? | Mission to Mars (2000) (TMDb: 2067)                  |
[2022-03-18 11:54:54,867] [builder.py:1943]           [INFO]     | Outer Space Movie Collection Collection | ? | Pitch Black (2000) (TMDb: 2787)                      |
[2022-03-18 11:54:55,087] [builder.py:1943]           [INFO]     | Outer Space Movie Collection Collection | ? | Galaxy Quest (1999) (TMDb: 926)                      |
[2022-03-18 11:54:55,357] [builder.py:1943]           [INFO]     | Outer Space Movie Collection Collection | ? | October Sky (1999) (TMDb: 13466)                     |
[2022-03-18 11:54:55,579] [builder.py:1943]           [INFO]     | Outer Space Movie Collection Collection | ? | Star Trek: Insurrection (1998) (TMDb: 200)           |
[2022-03-18 11:54:55,585] [builder.py:1943]           [INFO]     | Outer Space Movie Collection Collection | ? | Armageddon (1998) (TMDb: 95)                         |
[2022-03-18 11:54:55,808] [builder.py:1943]           [INFO]     | Outer Space Movie Collection Collection | ? | Deep Impact (1998) (TMDb: 8656)                      |
[2022-03-18 11:54:56,022] [builder.py:1943]           [INFO]     | Outer Space Movie Collection Collection | ? | Lost in Space (1998) (TMDb: 2157)                    |
[2022-03-18 11:54:56,289] [builder.py:1943]           [INFO]     | Outer Space Movie Collection Collection | ? | Starship Troopers (1997) (TMDb: 563)                 |
[2022-03-18 11:54:56,291] [builder.py:1943]           [INFO]     | Outer Space Movie Collection Collection | ? | RocketMan (1997) (TMDb: 36797)                       |
[2022-03-18 11:54:56,295] [builder.py:1943]           [INFO]     | Outer Space Movie Collection Collection | ? | Event Horizon (1997) (TMDb: 8413)                    |
[2022-03-18 11:54:56,497] [builder.py:1943]           [INFO]     | Outer Space Movie Collection Collection | ? | Dark Planet (1997) (TMDb: 58803)                     |
[2022-03-18 11:54:56,499] [builder.py:1943]           [INFO]     | Outer Space Movie Collection Collection | ? | Mars Attacks! (1996) (TMDb: 75)                      |
[2022-03-18 11:54:56,719] [builder.py:1943]           [INFO]     | Outer Space Movie Collection Collection | ? | Star Trek: First Contact (1996) (TMDb: 199)          |
[2022-03-18 11:54:56,723] [builder.py:1943]           [INFO]     | Outer Space Movie Collection Collection | ? | Independence Day (1996) (TMDb: 602)                  |
[2022-03-18 11:54:56,952] [builder.py:1943]           [INFO]     | Outer Space Movie Collection Collection | ? | Apollo 13 (1995) (TMDb: 568)                         |
[2022-03-18 11:54:57,172] [builder.py:1943]           [INFO]     | Outer Space Movie Collection Collection | ? | Star Trek: Generations (1994) (TMDb: 193)            |
[2022-03-18 11:54:57,388] [builder.py:1943]           [INFO]     | Outer Space Movie Collection Collection | ? | Star Trek VI: The Undiscovered Country (1991) (TMDb: 174) |
[2022-03-18 11:54:57,391] [builder.py:1943]           [INFO]     | Outer Space Movie Collection Collection | ? | Total Recall (1990) (TMDb: 861)                      |
[2022-03-18 11:54:57,662] [builder.py:1943]           [INFO]     | Outer Space Movie Collection Collection | ? | Star Trek V: The Final Frontier (1989) (TMDb: 172)   |
[2022-03-18 11:54:57,868] [builder.py:1943]           [INFO]     | Outer Space Movie Collection Collection | ? | Moontrap (1989) (TMDb: 14916)                        |
[2022-03-18 11:54:58,072] [builder.py:1943]           [INFO]     | Outer Space Movie Collection Collection | ? | Beyond the Stars (1989) (TMDb: 92331)                |
[2022-03-18 11:54:58,277] [builder.py:1943]           [INFO]     | Outer Space Movie Collection Collection | ? | Midnight Movie Massacre (1988) (TMDb: 103217)        |
[2022-03-18 11:54:58,491] [builder.py:1943]           [INFO]     | Outer Space Movie Collection Collection | ? | Star Trek IV: The Voyage Home (1986) (TMDb: 168)     |
[2022-03-18 11:54:58,705] [builder.py:1943]           [INFO]     | Outer Space Movie Collection Collection | ? | SpaceCamp (1986) (TMDb: 13766)                       |
[2022-03-18 11:54:58,915] [builder.py:1943]           [INFO]     | Outer Space Movie Collection Collection | ? | Invaders from Mars (1986) (TMDb: 31909)              |
[2022-03-18 11:54:59,135] [builder.py:1943]           [INFO]     | Outer Space Movie Collection Collection | ? | Enemy Mine (1985) (TMDb: 11864)                      |
[2022-03-18 11:54:59,346] [builder.py:1943]           [INFO]     | Outer Space Movie Collection Collection | ? | Ewoks: The Battle for Endor (1985) (TMDb: 10372)     |
[2022-03-18 11:54:59,555] [builder.py:1943]           [INFO]     | Outer Space Movie Collection Collection | ? | Explorers (1985) (TMDb: 9872)                        |
[2022-03-18 11:54:59,776] [builder.py:1943]           [INFO]     | Outer Space Movie Collection Collection | ? | Dune (1984) (TMDb: 841)                              |
[2022-03-18 11:54:59,990] [builder.py:1943]           [INFO]     | Outer Space Movie Collection Collection | ? | 2010 (1984) (TMDb: 4437)                             |
[2022-03-18 11:55:00,200] [builder.py:1943]           [INFO]     | Outer Space Movie Collection Collection | ? | The Ewok Adventure (1984) (TMDb: 1884)               |
[2022-03-18 11:55:00,413] [builder.py:1943]           [INFO]     | Outer Space Movie Collection Collection | ? | The Last Starfighter (1984) (TMDb: 11884)            |
[2022-03-18 11:55:00,627] [builder.py:1943]           [INFO]     | Outer Space Movie Collection Collection | ? | Star Trek III: The Search for Spock (1984) (TMDb: 157) |
[2022-03-18 11:55:00,840] [builder.py:1943]           [INFO]     | Outer Space Movie Collection Collection | ? | The Right Stuff (1983) (TMDb: 9549)                  |
[2022-03-18 11:55:01,111] [builder.py:1943]           [INFO]     | Outer Space Movie Collection Collection | ? | Star Trek II: The Wrath of Khan (1982) (TMDb: 154)   |
[2022-03-18 11:55:01,324] [builder.py:1943]           [INFO]     | Outer Space Movie Collection Collection | ? | Outland (1981) (TMDb: 10540)                         |
[2022-03-18 11:55:01,544] [builder.py:1943]           [INFO]     | Outer Space Movie Collection Collection | ? | The Black Hole (1979) (TMDb: 9570)                   |
[2022-03-18 11:55:01,757] [builder.py:1943]           [INFO]     | Outer Space Movie Collection Collection | ? | Star Trek: The Motion Picture (1979) (TMDb: 152)     |
[2022-03-18 11:55:01,967] [builder.py:1943]           [INFO]     | Outer Space Movie Collection Collection | ? | Capricorn One (1977) (TMDb: 11935)                   |
[2022-03-18 11:55:02,184] [builder.py:1943]           [INFO]     | Outer Space Movie Collection Collection | ? | Close Encounters of the Third Kind (1977) (TMDb: 840) |
[2022-03-18 11:55:02,395] [builder.py:1943]           [INFO]     | Outer Space Movie Collection Collection | ? | Dark Star (1974) (TMDb: 1410)                        |
[2022-03-18 11:55:02,397] [builder.py:1943]           [INFO]     | Outer Space Movie Collection Collection | ? | Solaris (1972) (TMDb: 593)                           |
[2022-03-18 11:55:02,609] [builder.py:1943]           [INFO]     | Outer Space Movie Collection Collection | ? | Silent Running (1972) (TMDb: 811)                    |
[2022-03-18 11:55:02,813] [builder.py:1943]           [INFO]     | Outer Space Movie Collection Collection | ? | Moon Zero Two (1969) (TMDb: 26121)                   |
[2022-03-18 11:55:03,020] [builder.py:1943]           [INFO]     | Outer Space Movie Collection Collection | ? | Marooned (1969) (TMDb: 40140)                        |
[2022-03-18 11:55:03,228] [builder.py:1943]           [INFO]     | Outer Space Movie Collection Collection | ? | Journey to the Far Side of the Sun (1969) (TMDb: 40430) |
[2022-03-18 11:55:03,497] [builder.py:1943]           [INFO]     | Outer Space Movie Collection Collection | ? | Planet of the Apes (1968) (TMDb: 871)                |
[2022-03-18 11:55:03,703] [builder.py:1943]           [INFO]     | Outer Space Movie Collection Collection | ? | Countdown (1967) (TMDb: 27441)                       |
[2022-03-18 11:55:03,910] [builder.py:1943]           [INFO]     | Outer Space Movie Collection Collection | ? | The Reluctant Astronaut (1967) (TMDb: 36855)         |
[2022-03-18 11:55:04,113] [builder.py:1943]           [INFO]     | Outer Space Movie Collection Collection | ? | Voyage to the Prehistoric Planet (1965) (TMDb: 72091) |
[2022-03-18 11:55:04,320] [builder.py:1943]           [INFO]     | Outer Space Movie Collection Collection | ? | First Men in the Moon (1964) (TMDb: 34276)           |
[2022-03-18 11:55:04,526] [builder.py:1943]           [INFO]     | Outer Space Movie Collection Collection | ? | Robinson Crusoe on Mars (1964) (TMDb: 7348)          |
[2022-03-18 11:55:04,786] [builder.py:1943]           [INFO]     | Outer Space Movie Collection Collection | ? | Moon Pilot (1962) (TMDb: 64870)                      |
[2022-03-18 11:55:04,990] [builder.py:1943]           [INFO]     | Outer Space Movie Collection Collection | ? | Journey to the Seventh Planet (1962) (TMDb: 29570)   |
[2022-03-18 11:55:05,198] [builder.py:1943]           [INFO]     | Outer Space Movie Collection Collection | ? | First Spaceship on Venus (1960) (TMDb: 17938)        |
[2022-03-18 11:55:05,405] [builder.py:1943]           [INFO]     | Outer Space Movie Collection Collection | ? | Plan 9 from Outer Space (1959) (TMDb: 10513)         |
[2022-03-18 11:55:05,642] [builder.py:1943]           [INFO]     | Outer Space Movie Collection Collection | ? | The Cosmic Man (1959) (TMDb: 92261)                  |
[2022-03-18 11:55:05,849] [builder.py:1943]           [INFO]     | Outer Space Movie Collection Collection | ? | Missile to the Moon (1958) (TMDb: 43120)             |
[2022-03-18 11:55:06,150] [builder.py:1943]           [INFO]     | Outer Space Movie Collection Collection | ? | Forbidden Planet (1956) (TMDb: 830)                  |
[2022-03-18 11:55:06,361] [builder.py:1943]           [INFO]     | Outer Space Movie Collection Collection | ? | This Island Earth (1955) (TMDb: 831)                 |
[2022-03-18 11:55:06,626] [builder.py:1943]           [INFO]     | Outer Space Movie Collection Collection | ? | Devil Girl from Mars (1954) (TMDb: 24212)            |
[2022-03-18 11:55:06,833] [builder.py:1943]           [INFO]     | Outer Space Movie Collection Collection | ? | Conquest of Space (1955) (TMDb: 25952)               |
[2022-03-18 11:55:07,044] [builder.py:1943]           [INFO]     | Outer Space Movie Collection Collection | ? | Stranger from Venus (1954) (TMDb: 116210)            |
[2022-03-18 11:55:07,303] [builder.py:1943]           [INFO]     | Outer Space Movie Collection Collection | ? | Project Moon Base (1953) (TMDb: 26270)               |
[2022-03-18 11:55:07,508] [builder.py:1943]           [INFO]     | Outer Space Movie Collection Collection | ? | Cat-Women of the Moon (1953) (TMDb: 43341)           |
[2022-03-18 11:55:07,769] [builder.py:1943]           [INFO]     | Outer Space Movie Collection Collection | ? | Spaceways (1953) (TMDb: 76418)                       |
[2022-03-18 11:55:08,030] [builder.py:1943]           [INFO]     | Outer Space Movie Collection Collection | ? | Invaders from Mars (1953) (TMDb: 20424)              |
[2022-03-18 11:55:08,238] [builder.py:1943]           [INFO]     | Outer Space Movie Collection Collection | ? | Red Planet Mars (1952) (TMDb: 26241)                 |
[2022-03-18 11:55:08,445] [builder.py:1943]           [INFO]     | Outer Space Movie Collection Collection | ? | Flight To Mars (1951) (TMDb: 43374)                  |
[2022-03-18 11:55:08,650] [builder.py:1943]           [INFO]     | Outer Space Movie Collection Collection | ? | Destination Moon (1950) (TMDb: 25392)                |
[2022-03-18 11:55:08,858] [builder.py:1943]           [INFO]     | Outer Space Movie Collection Collection | ? | Rocketship X-M (1950) (TMDb: 37744)                  |
[2022-03-18 11:55:09,064] [builder.py:1943]           [INFO]     | Outer Space Movie Collection Collection | ? | The Flying Saucer (1950) (TMDb: 43391)               |
[2022-03-18 11:55:09,065] [builder.py:1947]           [INFO]     |                                                                                                    |
[2022-03-18 11:55:09,065] [builder.py:1948]           [INFO]     | 113 Movies Missing                                                                                 |
[2022-03-18 11:55:09,235] [builder.py:2147]           [INFO]     |                                                                                                    |
[2022-03-18 11:55:09,236] [util.py:216]               [INFO]     |=================== Updating Details of Outer Space Movie Collection Collection ====================|
[2022-03-18 11:55:09,237] [builder.py:2149]           [INFO]     |                                                                                                    |
[2022-03-18 11:55:09,238] [builder.py:2156]           [INFO]     | Detail: summary updated Collection Summary                                                         |
[2022-03-18 11:55:09,238] [builder.py:2193]           [INFO]     | Detail: sort_title updated Collection Sort Title to +3_Outer Space Movie Collection                |
[2022-03-18 11:55:09,239] [builder.py:2235]           [DEBUG]    | {'titleSort.value': '+3_Outer Space Movie Collection', 'titleSort.locked': 1}                      |
[2022-03-18 11:55:09,253] [builder.py:2237]           [INFO]     | Details: have been updated                                                                         |
[2022-03-18 11:55:09,253] [builder.py:2258]           [DEBUG]    | 1 posters found:                                                                                   |
[2022-03-18 11:55:09,254] [builder.py:2260]           [DEBUG]    | Method: url_poster Poster: https://i.imgur.com/tOujJnS.jpg                                         |
[2022-03-18 11:55:09,254] [builder.py:2298]           [DEBUG]    | 1 backgrounds found:                                                                               |
[2022-03-18 11:55:09,255] [builder.py:2300]           [DEBUG]    | Method: url_background Background: https://i.imgur.com/CUIrEWQ.jpg                                 |
[2022-03-18 11:55:09,255] [library.py:147]            [INFO]     | Detail: poster update not needed                                                                   |
[2022-03-18 11:55:09,256] [library.py:197]            [INFO]     | Detail: background update not needed                                                               |
[2022-03-18 11:55:09,339] [plex_meta_manager.py:880]  [INFO]     |                                                                                                    |
[2022-03-18 11:55:09,340] [util.py:209]               [INFO]     |====================================================================================================|
[2022-03-18 11:55:09,340] [util.py:216]               [INFO]     |                          Finished Outer Space Movie Collection Collection                          |
[2022-03-18 11:55:09,341] [util.py:216]               [INFO]     |                                    Collection Run Time: 0:00:23                                    |
[2022-03-18 11:55:09,341] [util.py:220]               [INFO]     |====================================================================================================|
