[2022-10-28 01:01:20,094] [util.py:209]               [INFO]     |====================================================================================================|
[2022-10-28 01:01:20,095] [util.py:216]               [INFO]     |                                     X-Men Collection in Movies                                     |
[2022-10-28 01:01:20,095] [util.py:220]               [INFO]     |====================================================================================================|
[2022-10-28 01:01:20,095] [plex_meta_manager.py:750]  [INFO]     |                                                                                                    |
[2022-10-28 01:01:20,096] [util.py:216]               [INFO]     |=================================== Validating X-Men Attributes ====================================|
[2022-10-28 01:01:20,096] [builder.py:265]            [DEBUG]    |                                                                                                    |
[2022-10-28 01:01:20,096] [builder.py:266]            [DEBUG]    | Validating Method: template                                                                        |
[2022-10-28 01:01:20,097] [meta.py:83]                [DEBUG]    | Value: ordereddict([('name', 'Movie'), ('collection', 748), ('summary', 748), ('poster', 'https://theposterdb.com/api/assets/214')]) |
[2022-10-28 01:01:20,097] [builder.py:330]            [DEBUG]    |                                                                                                    |
[2022-10-28 01:01:20,097] [builder.py:331]            [DEBUG]    | Validating Method: sync_mode                                                                       |
[2022-10-28 01:01:20,098] [builder.py:335]            [DEBUG]    | Value: sync                                                                                        |
[2022-10-28 01:01:20,098] [builder.py:453]            [DEBUG]    |                                                                                                    |
[2022-10-28 01:01:20,098] [builder.py:454]            [DEBUG]    | Validating Method: collection_order                                                                |
[2022-10-28 01:01:20,098] [builder.py:455]            [DEBUG]    | Value: release                                                                                     |
[2022-10-28 01:01:20,098] [builder.py:472]            [DEBUG]    |                                                                                                    |
[2022-10-28 01:01:20,099] [builder.py:473]            [DEBUG]    | Validating Method: url_poster                                                                      |
[2022-10-28 01:01:20,099] [builder.py:474]            [DEBUG]    | Value: https://theposterdb.com/api/assets/214                                                      |
[2022-10-28 01:01:20,099] [builder.py:472]            [DEBUG]    |                                                                                                    |
[2022-10-28 01:01:20,099] [builder.py:473]            [DEBUG]    | Validating Method: tmdb_collection                                                                 |
[2022-10-28 01:01:20,100] [builder.py:474]            [DEBUG]    | Value: 748                                                                                         |
[2022-10-28 01:01:20,226] [builder.py:472]            [DEBUG]    |                                                                                                    |
[2022-10-28 01:01:20,226] [builder.py:473]            [DEBUG]    | Validating Method: tmdb_summary                                                                    |
[2022-10-28 01:01:20,226] [builder.py:474]            [DEBUG]    | Value: 748                                                                                         |
[2022-10-28 01:01:20,227] [builder.py:472]            [DEBUG]    |                                                                                                    |
[2022-10-28 01:01:20,227] [builder.py:473]            [DEBUG]    | Validating Method: sort_title                                                                      |
[2022-10-28 01:01:20,227] [builder.py:474]            [DEBUG]    | Value: 00000f_X-Men                                                                                |
[2022-10-28 01:01:20,227] [builder.py:472]            [DEBUG]    |                                                                                                    |
[2022-10-28 01:01:20,228] [builder.py:473]            [DEBUG]    | Validating Method: radarr_add_missing                                                              |
[2022-10-28 01:01:20,228] [builder.py:474]            [DEBUG]    | Value: True                                                                                        |
[2022-10-28 01:01:20,374] [builder.py:619]            [INFO]     |                                                                                                    |
[2022-10-28 01:01:20,375] [builder.py:620]            [INFO]     | Validation Successful                                                                              |
[2022-10-28 01:01:20,376] [plex_meta_manager.py:758]  [INFO]     |                                                                                                    |
[2022-10-28 01:01:20,376] [util.py:216]               [INFO]     |===================================== Running X-Men Collection =====================================|
[2022-10-28 01:01:20,377] [plex_meta_manager.py:773]  [INFO]     |                                                                                                    |
[2022-10-28 01:01:20,377] [plex_meta_manager.py:774]  [INFO]     | Sync Mode: sync                                                                                    |
[2022-10-28 01:01:20,377] [builder.py:1275]           [DEBUG]    |                                                                                                    |
[2022-10-28 01:01:20,378] [builder.py:1276]           [DEBUG]    | Builder: tmdb_collection: 748                                                                      |
[2022-10-28 01:01:20,378] [builder.py:1277]           [INFO]     |                                                                                                    |
[2022-10-28 01:01:20,378] [tmdb.py:321]               [INFO]     | Processing TMDb Collection: (748) X-Men Collection (7 Items)                                       |
[2022-10-28 01:01:20,378] [builder.py:1282]           [DEBUG]    |                                                                                                    |
[2022-10-28 01:01:20,379] [builder.py:1283]           [DEBUG]    | 7 IDs Found: [(36657, 'tmdb'), (36658, 'tmdb'), (36668, 'tmdb'), (49538, 'tmdb'), (127585, 'tmdb'), (246655, 'tmdb'), (320288, 'tmdb')] |
[2022-10-28 01:01:20,379] [builder.py:1284]           [DEBUG]    |                                                                                                    |
[2022-10-28 01:01:20,561] [builder.py:1697]           [INFO]     |                                                                                                    |
[2022-10-28 01:01:20,561] [util.py:216]               [INFO]     |==================================== Adding to X-Men Collection ====================================|
[2022-10-28 01:01:20,562] [builder.py:1699]           [INFO]     |                                                                                                    |
[2022-10-28 01:01:20,562] [builder.py:1709]           [INFO]     | 1/7 | X-Men Collection | = | X-Men (2000)                                                          |
[2022-10-28 01:01:20,562] [builder.py:1709]           [INFO]     | 2/7 | X-Men Collection | = | X2: X-Men United (2003)                                               |
[2022-10-28 01:01:20,563] [builder.py:1709]           [INFO]     | 3/7 | X-Men Collection | = | X-Men: The Last Stand (2006)                                          |
[2022-10-28 01:01:20,563] [builder.py:1709]           [INFO]     | 4/7 | X-Men Collection | = | X-Men: First Class (2011)                                             |
[2022-10-28 01:01:20,563] [builder.py:1709]           [INFO]     | 5/7 | X-Men Collection | = | X-Men: Days of Future Past (2014)                                     |
[2022-10-28 01:01:20,564] [builder.py:1709]           [INFO]     | 6/7 | X-Men Collection | = | X-Men: Apocalypse (2016)                                              |
[2022-10-28 01:01:20,564] [builder.py:1709]           [INFO]     | 7/7 | X-Men Collection | = | X-Men: Dark Phoenix (2019)                                            |
[2022-10-28 01:01:20,564] [builder.py:1734]           [INFO]     |                                                                                                    |
[2022-10-28 01:01:20,565] [builder.py:1735]           [INFO]     | 7 Movies Processed                                                                                 |
[2022-10-28 01:01:20,568] [builder.py:2147]           [INFO]     |                                                                                                    |
[2022-10-28 01:01:20,569] [util.py:216]               [INFO]     |=============================== Updating Details of X-Men Collection ===============================|
[2022-10-28 01:01:20,569] [builder.py:2149]           [INFO]     |                                                                                                    |
[2022-10-28 01:01:20,569] [builder.py:2156]           [INFO]     | Detail: tmdb_summary updated Collection Summary                                                    |
[2022-10-28 01:01:20,570] [builder.py:2258]           [DEBUG]    | 1 posters found:                                                                                   |
[2022-10-28 01:01:20,570] [builder.py:2260]           [DEBUG]    | Method: url_poster Poster: https://theposterdb.com/api/assets/214                                  |
[2022-10-28 01:01:20,570] [builder.py:2327]           [INFO]     | No background collection detail or asset folder found                                              |
[2022-10-28 01:01:20,571] [library.py:147]            [INFO]     | Detail: poster update not needed                                                                   |
[2022-10-28 01:01:20,715] [plex_meta_manager.py:880]  [INFO]     |                                                                                                    |
[2022-10-28 01:01:20,715] [util.py:209]               [INFO]     |====================================================================================================|
[2022-10-28 01:01:20,716] [util.py:216]               [INFO]     |                                     Finished X-Men Collection                                      |
[2022-10-28 01:01:20,716] [util.py:216]               [INFO]     |                                    Collection Run Time: 0:00:00                                    |
[2022-10-28 01:01:20,716] [util.py:220]               [INFO]     |====================================================================================================|
