[2022-01-16 14:54:41,309] [util.py:209]               [INFO]     |====================================================================================================|
[2022-01-16 14:54:41,309] [util.py:216]               [INFO]     |                                Cate Blanchett Collection in Movies                                 |
[2022-01-16 14:54:41,310] [util.py:220]               [INFO]     |====================================================================================================|
[2022-01-16 14:54:41,310] [plex_meta_manager.py:750]  [INFO]     |                                                                                                    |
[2022-01-16 14:54:41,311] [util.py:216]               [INFO]     |=============================== Validating Cate Blanchett Attributes ===============================|
[2022-01-16 14:54:41,312] [builder.py:265]            [DEBUG]    |                                                                                                    |
[2022-01-16 14:54:41,312] [builder.py:266]            [DEBUG]    | Validating Method: template                                                                        |
[2022-01-16 14:54:41,312] [meta.py:83]                [DEBUG]    | Value: ordereddict([('name', 'people'), ('person', 112)])                                          |
[2022-01-16 14:54:41,313] [builder.py:367]            [DEBUG]    |                                                                                                    |
[2022-01-16 14:54:41,313] [builder.py:368]            [DEBUG]    | Validating Method: tmdb_person                                                                     |
[2022-01-16 14:54:41,313] [builder.py:372]            [DEBUG]    | Value: 112                                                                                         |
[2022-01-16 14:54:41,450] [builder.py:453]            [DEBUG]    |                                                                                                    |
[2022-01-16 14:54:41,450] [builder.py:454]            [DEBUG]    | Validating Method: collection_order                                                                |
[2022-01-16 14:54:41,451] [builder.py:455]            [DEBUG]    | Value: release                                                                                     |
[2022-01-16 14:54:41,451] [builder.py:472]            [DEBUG]    |                                                                                                    |
[2022-01-16 14:54:41,451] [builder.py:473]            [DEBUG]    | Validating Method: actor                                                                           |
[2022-01-16 14:54:41,452] [builder.py:474]            [DEBUG]    | Value: tmdb                                                                                        |
[2022-01-16 14:54:41,492] [builder.py:472]            [DEBUG]    |                                                                                                    |
[2022-01-16 14:54:41,493] [builder.py:473]            [DEBUG]    | Validating Method: sort_title                                                                      |
[2022-01-16 14:54:41,493] [builder.py:474]            [DEBUG]    | Value: ++_Cate Blanchett                                                                           |
[2022-01-16 14:54:41,497] [plex.py:685]               [DEBUG]    | Looking for: Cate Blanchett                                                                        |
[2022-01-16 14:54:41,498] [builder.py:619]            [INFO]     |                                                                                                    |
[2022-01-16 14:54:41,498] [builder.py:620]            [INFO]     | Validation Successful                                                                              |
[2022-01-16 14:54:41,500] [plex_meta_manager.py:758]  [INFO]     |                                                                                                    |
[2022-01-16 14:54:41,500] [util.py:216]               [INFO]     |================================ Running Cate Blanchett Collection =================================|
[2022-01-16 14:54:41,501] [plex_meta_manager.py:773]  [INFO]     |                                                                                                    |
[2022-01-16 14:54:41,501] [plex_meta_manager.py:774]  [INFO]     | Sync Mode: append                                                                                  |
[2022-01-16 14:54:41,501] [builder.py:1275]           [DEBUG]    |                                                                                                    |
[2022-01-16 14:54:41,502] [builder.py:1276]           [DEBUG]    | Builder: plex_search: (1, 'Plex Movie Search\nSort By: title.asc\nFilter:\n  Match any of the following:\n    Actor is Cate Blanchett', '?type=1&sort=titleSort&push=1&actor=2285&pop=1') |
[2022-01-16 14:54:41,502] [builder.py:1277]           [INFO]     |                                                                                                    |
[2022-01-16 14:54:41,502] [util.py:161]               [INFO]     | Plex Movie Search                                                                                  |
[2022-01-16 14:54:41,503] [util.py:161]               [INFO]     | Sort By: title.asc                                                                                 |
[2022-01-16 14:54:41,503] [util.py:161]               [INFO]     | Filter:                                                                                            |
[2022-01-16 14:54:41,504] [util.py:161]               [INFO]     |   Match any of the following:                                                                      |
[2022-01-16 14:54:41,504] [util.py:161]               [INFO]     |     Actor is Cate Blanchett                                                                        |
[2022-01-16 14:54:41,531] [plex.py:746]               [DEBUG]    |                                                                                                    |
[2022-01-16 14:54:41,531] [plex.py:747]               [DEBUG]    | 6 Keys Found: [(32650, 'ratingKey'), (32651, 'ratingKey'), (32649, 'ratingKey'), (32035, 'ratingKey'), (32215, 'ratingKey'), (31792, 'ratingKey')] |
[2022-01-16 14:54:41,532] [builder.py:1282]           [DEBUG]    |                                                                                                    |
[2022-01-16 14:54:41,532] [builder.py:1283]           [DEBUG]    | 6 IDs Found: [(32650, 'ratingKey'), (32651, 'ratingKey'), (32649, 'ratingKey'), (32035, 'ratingKey'), (32215, 'ratingKey'), (31792, 'ratingKey')] |
[2022-01-16 14:54:41,532] [builder.py:1284]           [DEBUG]    |                                                                                                    |
[2022-01-16 14:54:42,023] [builder.py:1697]           [INFO]     |                                                                                                    |
[2022-01-16 14:54:42,024] [util.py:216]               [INFO]     |=============================== Adding to Cate Blanchett Collection ================================|
[2022-01-16 14:54:42,024] [builder.py:1699]           [INFO]     |                                                                                                    |
[2022-01-16 14:54:42,025] [builder.py:1709]           [INFO]     | 1/6 | Cate Blanchett Collection | + | The Hobbit: An Unexpected Journey (2012)                     |
[2022-01-16 14:54:42,227] [builder.py:1709]           [INFO]     | 2/6 | Cate Blanchett Collection | + | The Hobbit: The Battle of the Five Armies (2014)             |
[2022-01-16 14:54:42,400] [builder.py:1709]           [INFO]     | 3/6 | Cate Blanchett Collection | + | The Hobbit: The Desolation of Smaug (2013)                   |
[2022-01-16 14:54:42,566] [builder.py:1709]           [INFO]     | 4/6 | Cate Blanchett Collection | + | How to Train Your Dragon 2 (2014)                            |
[2022-01-16 14:54:42,721] [builder.py:1709]           [INFO]     | 5/6 | Cate Blanchett Collection | + | The Life Aquatic with Steve Zissou (2004)                    |
[2022-01-16 14:54:43,119] [builder.py:1709]           [INFO]     | 6/6 | Cate Blanchett Collection | + | The Lord of the Rings: The Fellowship of the Ring (2001)     |
[2022-01-16 14:54:43,274] [builder.py:1734]           [INFO]     |                                                                                                    |
[2022-01-16 14:54:43,275] [builder.py:1735]           [INFO]     | 6 Movies Processed                                                                                 |
[2022-01-16 14:54:43,280] [builder.py:2147]           [INFO]     |                                                                                                    |
[2022-01-16 14:54:43,281] [util.py:216]               [INFO]     |========================== Updating Details of Cate Blanchett Collection ===========================|
[2022-01-16 14:54:43,281] [builder.py:2149]           [INFO]     |                                                                                                    |
[2022-01-16 14:54:43,282] [builder.py:2156]           [INFO]     | Detail: tmdb_person updated Collection Summary                                                     |
[2022-01-16 14:54:43,282] [builder.py:2193]           [INFO]     | Detail: sort_title updated Collection Sort Title to ++_Cate Blanchett                              |
[2022-01-16 14:54:43,282] [builder.py:2235]           [DEBUG]    | {'summary.value': 'Catherine Élise "Cate" Blanchett (born 14 May 1969) is an Australian actress and theatre director. She has won multiple acting awards, most notably two SAGs, two Golden Globe Awards, two BAFTAs, and two Academy  Awards, as well as the Volpi Cup at the 64th Venice International Film  Festival. Blanchett has earned seven Academy Award nominations between 1998 and 2015. Blanchett came to international attention for her role as Elizabeth I of England in the 1998 film Elizabeth, directed by Shekhar Kapur, a role which she reprised in Elizabeth: The Golden Age (2007). She is  also well-known for her portrayal of the elf queen Galadriel in Peter Jackson\'s The Lord of the Rings trilogy (2001–2003) and the The Hobbit trilogy (2012–2014), Colonel-Doctor Irina Spalko in Indiana Jones and the Kingdom of the Crystal Skull (2008), Katharine Hepburn in Martin Scorsese\'s The Aviator (2004), Daisy Fuller in The Curious Case of Benjamin Button (2008), Jasmine Francis in Blue Jasmine (2013), Carol Aird in Carol (2015) and Hela in Thor: Ragnarok (2017). For her roles in The Aviator and Blue Jasmine, Blanchett received Academy Awards. From 2008 to 2013, she and her husband Andrew Upton were artistic directors of the Sydney Theatre Company.\n\nDescription above from the Wikipedia article Cate Blanchett, licensed  under CC-BY-SA, full list of contributors on Wikipedia.', 'summary.locked': 1, 'titleSort.value': '++_Cate Blanchett', 'titleSort.locked': 1} |
[2022-01-16 14:54:43,298] [builder.py:2237]           [INFO]     | Details: have been updated                                                                         |
[2022-01-16 14:54:43,299] [builder.py:2258]           [DEBUG]    | 1 posters found:                                                                                   |
[2022-01-16 14:54:43,299] [builder.py:2260]           [DEBUG]    | Method: tmdb_person Poster: https://image.tmdb.org/t/p/original/vUuEHiAR0eD3XEJhg2DWIjymUAA.jpg    |
[2022-01-16 14:54:43,299] [builder.py:2327]           [INFO]     | No background collection detail or asset folder found                                              |
[2022-01-16 14:54:43,401] [library.py:145]            [INFO]     | Detail: tmdb_person updated poster to [URL] https://image.tmdb.org/t/p/original/vUuEHiAR0eD3XEJhg2DWIjymUAA.jpg |
[2022-01-16 14:54:43,606] [plex_meta_manager.py:880]  [INFO]     |                                                                                                    |
[2022-01-16 14:54:43,607] [util.py:209]               [INFO]     |====================================================================================================|
[2022-01-16 14:54:43,607] [util.py:216]               [INFO]     |                                 Finished Cate Blanchett Collection                                 |
[2022-01-16 14:54:43,608] [util.py:216]               [INFO]     |                                    Collection Run Time: 0:00:02                                    |
[2022-01-16 14:54:43,608] [util.py:220]               [INFO]     |====================================================================================================|
