[2022-07-13 01:15:36,880] [util.py:209]               [INFO]     |====================================================================================================|
[2022-07-13 01:15:36,880] [util.py:216]               [INFO]     |                                  Team Sports Collection in Anime                                   |
[2022-07-13 01:15:36,880] [util.py:220]               [INFO]     |====================================================================================================|
[2022-07-13 01:15:36,881] [plex_meta_manager.py:750]  [INFO]     |                                                                                                    |
[2022-07-13 01:15:36,881] [util.py:216]               [INFO]     |================================ Validating Team Sports Attributes =================================|
[2022-07-13 01:15:36,881] [builder.py:265]            [DEBUG]    |                                                                                                    |
[2022-07-13 01:15:36,882] [builder.py:266]            [DEBUG]    | Validating Method: template                                                                        |
[2022-07-13 01:15:36,882] [meta.py:83]                [DEBUG]    | Value: ordereddict([('name', 'Anime'), ('mal_id', 77), ('poster', None)])                          |
[2022-07-13 01:15:36,882] [builder.py:330]            [DEBUG]    |                                                                                                    |
[2022-07-13 01:15:36,882] [builder.py:331]            [DEBUG]    | Validating Method: sync_mode                                                                       |
[2022-07-13 01:15:36,883] [builder.py:335]            [DEBUG]    | Value: sync                                                                                        |
[2022-07-13 01:15:36,883] [builder.py:453]            [DEBUG]    |                                                                                                    |
[2022-07-13 01:15:36,883] [builder.py:454]            [DEBUG]    | Validating Method: collection_order                                                                |
[2022-07-13 01:15:36,883] [builder.py:455]            [DEBUG]    | Value: alpha                                                                                       |
[2022-07-13 01:15:36,883] [builder.py:472]            [DEBUG]    |                                                                                                    |
[2022-07-13 01:15:36,884] [builder.py:473]            [DEBUG]    | Validating Method: mal_genre                                                                       |
[2022-07-13 01:15:36,884] [builder.py:474]            [DEBUG]    | Value: {'genre_id': 77, 'limit': 999}                                                              |
[2022-07-13 01:15:36,884] [builder.py:472]            [DEBUG]    |                                                                                                    |
[2022-07-13 01:15:36,884] [builder.py:473]            [DEBUG]    | Validating Method: sort_title                                                                      |
[2022-07-13 01:15:36,885] [builder.py:474]            [DEBUG]    | Value: +++_Team Sports                                                                             |
[2022-07-13 01:15:36,885] [builder.py:472]            [DEBUG]    |                                                                                                    |
[2022-07-13 01:15:36,885] [builder.py:473]            [DEBUG]    | Validating Method: sonarr_add_existing                                                             |
[2022-07-13 01:15:36,885] [builder.py:474]            [DEBUG]    | Value: True                                                                                        |
[2022-07-13 01:15:36,917] [builder.py:619]            [INFO]     |                                                                                                    |
[2022-07-13 01:15:36,917] [builder.py:620]            [INFO]     | Validation Successful                                                                              |
[2022-07-13 01:15:36,918] [plex_meta_manager.py:758]  [INFO]     |                                                                                                    |
[2022-07-13 01:15:36,918] [util.py:216]               [INFO]     |================================== Running Team Sports Collection ==================================|
[2022-07-13 01:15:36,918] [plex_meta_manager.py:773]  [INFO]     |                                                                                                    |
[2022-07-13 01:15:36,918] [plex_meta_manager.py:774]  [INFO]     | Sync Mode: sync                                                                                    |
[2022-07-13 01:15:36,919] [builder.py:1275]           [DEBUG]    |                                                                                                    |
[2022-07-13 01:15:36,919] [builder.py:1276]           [DEBUG]    | Builder: mal_genre: {'genre_id': 77, 'limit': 999}                                                 |
[2022-07-13 01:15:36,919] [builder.py:1277]           [INFO]     |                                                                                                    |
[2022-07-13 01:15:36,919] [mal.py:223]                [INFO]     | Processing MyAnimeList Genre ID: 77                                                                |
[2022-07-13 01:16:47,144] [mal.py:239]                [DEBUG]    |                                                                                                    |
[2022-07-13 01:16:47,144] [mal.py:240]                [DEBUG]    | 285 MyAnimeList IDs Found: [20583, 28891, 11771, 32935, 38883, 16894, 24415, 40776, 170, 31658, 40262, 18689, 5040, 30205, 5231, 37403, 34825, 15, 32494, 30230, 25303, 5941, 48406, 31588, 40679, 35983, 16916, 2159, 49052, 627, 31051, 42395, 29755, 35806, 2116, 10572, 38731, 49596, 30364, 10507, 11697, 35110, 558, 35111, 5028, 36934, 7661, 1842, 15487, 22673, 3226, 7655, 39583, 1614, 13261, 32947, 19669, 17259, 22125, 5675, 18097, 7720, 30311, 2386, 42774, 12117, 49969, 16051, 33733, 32871, 31754, 32869, 38529, 11917, 35321, 2490, 1065, 36565, 32870, 39966, 35658, 9890, 1674, 9032, 40488, 40372, 38091, 12875, 38235, 10109, 17, 29583, 44274, 34513, 31491, 9693, 292, 38098, 5141, 5029, 40504, 39527, 1764, 15807, 25341, 51781, 2499, 10999, 2498, 1861, 34784, 406, 183, 1327, 3887, 15785, 2117, 35183, 1846, 13839, 34349, 40850, 24347, 42798, 386, 13837, 3053, 1317, 2684, 1550, 34008, 9124, 50379, 45649, 10886, 34178, 3081, 6418, 12585, 37814, 2118, 359, 2119, 2121, 2228, 2120, 2122, 37990, 20155, 3438, 8423, 1540, 5200, 2309, 1539, 36952, 32324, 2682, 5834, 2491, 40769, 2492, 3874, 2493, 4339, 42829, 2316, 3482, 5826, 5217, 5197, 46000, 5273, 45585, 24817, 8042, 2631, 15993, 36993, 2758, 49913, 9916, 10554, 9163, 11919, 3825, 3768, 3844, 9242, 3433, 7092, 9165, 33544, 9166, 33498, 9164, 8953, 9243, 9905, 48536, 5287, 9244, 9665, 4121, 16514, 10774, 29834, 33283, 15875, 22205, 19947, 23737, 33499, 3769, 16486, 28035, 40606, 5994, 7525, 17669, 29603, 27915, 13449, 23011, 17445, 18005, 17441, 18759, 31575, 17443, 10323, 38554, 31177, 17447, 36118, 51288, 20143, 18377, 32835, 33325, 11593, 22111, 27837, 18443, 19887, 8522, 18983, 29501, 35605, 22609, 28489, 17102, 40349, 18327, 18339, 17100, 18341, 23537, 48452, 22197, 34694, 35455, 25051, 17104, 35528, 16572, 35574, 34695, 16824, 35529, 31464, 31465, 51221, 30968, 47612, 39505, 51125, 51880, 51877, 43412, 52159, 52033, 45984, 52210, 51974] |
[2022-07-13 01:16:47,145] [convert.py:100]            [ERROR]    | Convert Error: AniDB ID not found for MyAnimeList ID: 25303                                        |
[2022-07-13 01:16:47,145] [convert.py:100]            [ERROR]    | Convert Error: AniDB ID not found for MyAnimeList ID: 16916                                        |
[2022-07-13 01:16:47,145] [convert.py:100]            [ERROR]    | Convert Error: AniDB ID not found for MyAnimeList ID: 31051                                        |
[2022-07-13 01:16:47,146] [convert.py:100]            [ERROR]    | Convert Error: AniDB ID not found for MyAnimeList ID: 29755                                        |
[2022-07-13 01:16:47,146] [convert.py:100]            [ERROR]    | Convert Error: AniDB ID not found for MyAnimeList ID: 35806                                        |
[2022-07-13 01:16:47,146] [convert.py:78]             [ERROR]    | Convert Error: No TVDb ID or IMDb ID found for AniDB ID: 16519                                     |
[2022-07-13 01:16:47,147] [convert.py:100]            [ERROR]    | Convert Error: AniDB ID not found for MyAnimeList ID: 30364                                        |
[2022-07-13 01:16:47,147] [convert.py:100]            [ERROR]    | Convert Error: AniDB ID not found for MyAnimeList ID: 35110                                        |
[2022-07-13 01:16:47,147] [convert.py:100]            [ERROR]    | Convert Error: AniDB ID not found for MyAnimeList ID: 35111                                        |
[2022-07-13 01:16:47,147] [convert.py:100]            [ERROR]    | Convert Error: AniDB ID not found for MyAnimeList ID: 15487                                        |
[2022-07-13 01:16:47,148] [convert.py:100]            [ERROR]    | Convert Error: AniDB ID not found for MyAnimeList ID: 22673                                        |
[2022-07-13 01:16:47,148] [convert.py:100]            [ERROR]    | Convert Error: AniDB ID not found for MyAnimeList ID: 17259                                        |
[2022-07-13 01:16:47,148] [convert.py:100]            [ERROR]    | Convert Error: AniDB ID not found for MyAnimeList ID: 22125                                        |
[2022-07-13 01:16:47,148] [convert.py:100]            [ERROR]    | Convert Error: AniDB ID not found for MyAnimeList ID: 30311                                        |
[2022-07-13 01:16:47,149] [convert.py:100]            [ERROR]    | Convert Error: AniDB ID not found for MyAnimeList ID: 2386                                         |
[2022-07-13 01:16:47,150] [convert.py:78]             [ERROR]    | Convert Error: No TVDb ID or IMDb ID found for AniDB ID: 16825                                     |
[2022-07-13 01:16:47,151] [convert.py:78]             [ERROR]    | Convert Error: No TVDb ID or IMDb ID found for AniDB ID: 12292                                     |
[2022-07-13 01:16:47,151] [convert.py:100]            [ERROR]    | Convert Error: AniDB ID not found for MyAnimeList ID: 32871                                        |
[2022-07-13 01:16:47,151] [convert.py:100]            [ERROR]    | Convert Error: AniDB ID not found for MyAnimeList ID: 31754                                        |
[2022-07-13 01:16:47,152] [convert.py:100]            [ERROR]    | Convert Error: AniDB ID not found for MyAnimeList ID: 32869                                        |
[2022-07-13 01:16:47,153] [convert.py:100]            [ERROR]    | Convert Error: AniDB ID not found for MyAnimeList ID: 2490                                         |
[2022-07-13 01:16:47,153] [convert.py:100]            [ERROR]    | Convert Error: AniDB ID not found for MyAnimeList ID: 32870                                        |
[2022-07-13 01:16:47,153] [convert.py:100]            [ERROR]    | Convert Error: AniDB ID not found for MyAnimeList ID: 35658                                        |
[2022-07-13 01:16:47,154] [convert.py:78]             [ERROR]    | Convert Error: No TVDb ID or IMDb ID found for AniDB ID: 15128                                     |
[2022-07-13 01:16:47,154] [convert.py:100]            [ERROR]    | Convert Error: AniDB ID not found for MyAnimeList ID: 40372                                        |
[2022-07-13 01:16:47,155] [convert.py:100]            [ERROR]    | Convert Error: AniDB ID not found for MyAnimeList ID: 29583                                        |
[2022-07-13 01:16:47,155] [convert.py:78]             [ERROR]    | Convert Error: No TVDb ID or IMDb ID found for AniDB ID: 11530                                     |
[2022-07-13 01:16:47,156] [convert.py:78]             [ERROR]    | Convert Error: No TVDb ID or IMDb ID found for AniDB ID: 17356                                     |
[2022-07-13 01:16:47,156] [convert.py:100]            [ERROR]    | Convert Error: AniDB ID not found for MyAnimeList ID: 34784                                        |
[2022-07-13 01:16:47,157] [convert.py:100]            [ERROR]    | Convert Error: AniDB ID not found for MyAnimeList ID: 3887                                         |
[2022-07-13 01:16:47,157] [convert.py:100]            [ERROR]    | Convert Error: AniDB ID not found for MyAnimeList ID: 34349                                        |
[2022-07-13 01:16:47,157] [convert.py:78]             [ERROR]    | Convert Error: No TVDb ID or IMDb ID found for AniDB ID: 11027                                     |
[2022-07-13 01:16:47,157] [convert.py:78]             [ERROR]    | Convert Error: No TVDb ID or IMDb ID found for AniDB ID: 15711                                     |
[2022-07-13 01:16:47,158] [convert.py:100]            [ERROR]    | Convert Error: AniDB ID not found for MyAnimeList ID: 1317                                         |
[2022-07-13 01:16:47,158] [convert.py:100]            [ERROR]    | Convert Error: AniDB ID not found for MyAnimeList ID: 9124                                         |
[2022-07-13 01:16:47,158] [convert.py:78]             [ERROR]    | Convert Error: No TVDb ID or IMDb ID found for AniDB ID: 15974                                     |
[2022-07-13 01:16:47,158] [convert.py:78]             [ERROR]    | Convert Error: No TVDb ID or IMDb ID found for AniDB ID: 12452                                     |
[2022-07-13 01:16:47,159] [convert.py:100]            [ERROR]    | Convert Error: AniDB ID not found for MyAnimeList ID: 6418                                         |
[2022-07-13 01:16:47,159] [convert.py:100]            [ERROR]    | Convert Error: AniDB ID not found for MyAnimeList ID: 12585                                        |
[2022-07-13 01:16:47,159] [convert.py:78]             [ERROR]    | Convert Error: No TVDb ID or IMDb ID found for AniDB ID: 14424                                     |
[2022-07-13 01:16:47,161] [convert.py:100]            [ERROR]    | Convert Error: AniDB ID not found for MyAnimeList ID: 20155                                        |
[2022-07-13 01:16:47,162] [convert.py:100]            [ERROR]    | Convert Error: AniDB ID not found for MyAnimeList ID: 8423                                         |
[2022-07-13 01:16:47,162] [convert.py:78]             [ERROR]    | Convert Error: No TVDb ID or IMDb ID found for AniDB ID: 2416                                      |
[2022-07-13 01:16:47,162] [convert.py:78]             [ERROR]    | Convert Error: No TVDb ID or IMDb ID found for AniDB ID: 1760                                      |
[2022-07-13 01:16:47,162] [convert.py:78]             [ERROR]    | Convert Error: No TVDb ID or IMDb ID found for AniDB ID: 12484                                     |
[2022-07-13 01:16:47,163] [convert.py:100]            [ERROR]    | Convert Error: AniDB ID not found for MyAnimeList ID: 32324                                        |
[2022-07-13 01:16:47,163] [convert.py:78]             [ERROR]    | Convert Error: No TVDb ID or IMDb ID found for AniDB ID: 3413                                      |
[2022-07-13 01:16:47,163] [convert.py:100]            [ERROR]    | Convert Error: AniDB ID not found for MyAnimeList ID: 40769                                        |
[2022-07-13 01:16:47,163] [convert.py:78]             [ERROR]    | Convert Error: No TVDb ID or IMDb ID found for AniDB ID: 3076                                      |
[2022-07-13 01:16:47,164] [convert.py:78]             [ERROR]    | Convert Error: No TVDb ID or IMDb ID found for AniDB ID: 15765                                     |
[2022-07-13 01:16:47,164] [convert.py:78]             [ERROR]    | Convert Error: No TVDb ID or IMDb ID found for AniDB ID: 3199                                      |
[2022-07-13 01:16:47,165] [convert.py:78]             [ERROR]    | Convert Error: No TVDb ID or IMDb ID found for AniDB ID: 3668                                      |
[2022-07-13 01:16:47,165] [convert.py:78]             [ERROR]    | Convert Error: No TVDb ID or IMDb ID found for AniDB ID: 1529                                      |
[2022-07-13 01:16:47,165] [convert.py:100]            [ERROR]    | Convert Error: AniDB ID not found for MyAnimeList ID: 46000                                        |
[2022-07-13 01:16:47,165] [convert.py:100]            [ERROR]    | Convert Error: AniDB ID not found for MyAnimeList ID: 45585                                        |
[2022-07-13 01:16:47,166] [convert.py:78]             [ERROR]    | Convert Error: No TVDb ID or IMDb ID found for AniDB ID: 10674                                     |
[2022-07-13 01:16:47,166] [convert.py:100]            [ERROR]    | Convert Error: AniDB ID not found for MyAnimeList ID: 8042                                         |
[2022-07-13 01:16:47,166] [convert.py:100]            [ERROR]    | Convert Error: AniDB ID not found for MyAnimeList ID: 15993                                        |
[2022-07-13 01:16:47,166] [convert.py:78]             [ERROR]    | Convert Error: No TVDb ID or IMDb ID found for AniDB ID: 13161                                     |
[2022-07-13 01:16:47,167] [convert.py:78]             [ERROR]    | Convert Error: No TVDb ID or IMDb ID found for AniDB ID: 4037                                      |
[2022-07-13 01:16:47,167] [convert.py:100]            [ERROR]    | Convert Error: AniDB ID not found for MyAnimeList ID: 49913                                        |
[2022-07-13 01:16:47,167] [convert.py:78]             [ERROR]    | Convert Error: No TVDb ID or IMDb ID found for AniDB ID: 4454                                      |
[2022-07-13 01:16:47,167] [convert.py:78]             [ERROR]    | Convert Error: No TVDb ID or IMDb ID found for AniDB ID: 3488                                      |
[2022-07-13 01:16:47,168] [convert.py:78]             [ERROR]    | Convert Error: No TVDb ID or IMDb ID found for AniDB ID: 3482                                      |
[2022-07-13 01:16:47,168] [convert.py:78]             [ERROR]    | Convert Error: No TVDb ID or IMDb ID found for AniDB ID: 3293                                      |
[2022-07-13 01:16:47,169] [convert.py:78]             [ERROR]    | Convert Error: No TVDb ID or IMDb ID found for AniDB ID: 1902                                      |
[2022-07-13 01:16:47,169] [convert.py:78]             [ERROR]    | Convert Error: No TVDb ID or IMDb ID found for AniDB ID: 3150                                      |
[2022-07-13 01:16:47,169] [convert.py:78]             [ERROR]    | Convert Error: No TVDb ID or IMDb ID found for AniDB ID: 2082                                      |
[2022-07-13 01:16:47,170] [convert.py:100]            [ERROR]    | Convert Error: AniDB ID not found for MyAnimeList ID: 33544                                        |
[2022-07-13 01:16:47,170] [convert.py:100]            [ERROR]    | Convert Error: AniDB ID not found for MyAnimeList ID: 33498                                        |
[2022-07-13 01:16:47,171] [convert.py:78]             [ERROR]    | Convert Error: No TVDb ID or IMDb ID found for AniDB ID: 3147                                      |
[2022-07-13 01:16:47,171] [convert.py:78]             [ERROR]    | Convert Error: No TVDb ID or IMDb ID found for AniDB ID: 3148                                      |
[2022-07-13 01:16:47,171] [convert.py:78]             [ERROR]    | Convert Error: No TVDb ID or IMDb ID found for AniDB ID: 7085                                      |
[2022-07-13 01:16:47,171] [convert.py:100]            [ERROR]    | Convert Error: AniDB ID not found for MyAnimeList ID: 48536                                        |
[2022-07-13 01:16:47,172] [convert.py:78]             [ERROR]    | Convert Error: No TVDb ID or IMDb ID found for AniDB ID: 3094                                      |
[2022-07-13 01:16:47,172] [convert.py:78]             [ERROR]    | Convert Error: No TVDb ID or IMDb ID found for AniDB ID: 3149                                      |
[2022-07-13 01:16:47,172] [convert.py:78]             [ERROR]    | Convert Error: No TVDb ID or IMDb ID found for AniDB ID: 7698                                      |
[2022-07-13 01:16:47,172] [convert.py:78]             [ERROR]    | Convert Error: No TVDb ID or IMDb ID found for AniDB ID: 3048                                      |
[2022-07-13 01:16:47,172] [convert.py:78]             [ERROR]    | Convert Error: No TVDb ID or IMDb ID found for AniDB ID: 7058                                      |
[2022-07-13 01:16:47,173] [convert.py:78]             [ERROR]    | Convert Error: No TVDb ID or IMDb ID found for AniDB ID: 3990                                      |
[2022-07-13 01:16:47,173] [convert.py:100]            [ERROR]    | Convert Error: AniDB ID not found for MyAnimeList ID: 29834                                        |
[2022-07-13 01:16:47,173] [convert.py:100]            [ERROR]    | Convert Error: AniDB ID not found for MyAnimeList ID: 33283                                        |
[2022-07-13 01:16:47,173] [convert.py:78]             [ERROR]    | Convert Error: No TVDb ID or IMDb ID found for AniDB ID: 5517                                      |
[2022-07-13 01:16:47,174] [convert.py:78]             [ERROR]    | Convert Error: No TVDb ID or IMDb ID found for AniDB ID: 11422                                     |
[2022-07-13 01:16:47,174] [convert.py:78]             [ERROR]    | Convert Error: No TVDb ID or IMDb ID found for AniDB ID: 1679                                      |
[2022-07-13 01:16:47,174] [convert.py:78]             [ERROR]    | Convert Error: No TVDb ID or IMDb ID found for AniDB ID: 10593                                     |
[2022-07-13 01:16:47,174] [convert.py:78]             [ERROR]    | Convert Error: No TVDb ID or IMDb ID found for AniDB ID: 14294                                     |
[2022-07-13 01:16:47,174] [convert.py:78]             [ERROR]    | Convert Error: No TVDb ID or IMDb ID found for AniDB ID: 4271                                      |
[2022-07-13 01:16:47,175] [convert.py:78]             [ERROR]    | Convert Error: No TVDb ID or IMDb ID found for AniDB ID: 6181                                      |
[2022-07-13 01:16:47,177] [convert.py:78]             [ERROR]    | Convert Error: No TVDb ID or IMDb ID found for AniDB ID: 10687                                     |
[2022-07-13 01:16:47,177] [convert.py:100]            [ERROR]    | Convert Error: AniDB ID not found for MyAnimeList ID: 40606                                        |
[2022-07-13 01:16:47,177] [convert.py:78]             [ERROR]    | Convert Error: No TVDb ID or IMDb ID found for AniDB ID: 7464                                      |
[2022-07-13 01:16:47,177] [convert.py:78]             [ERROR]    | Convert Error: No TVDb ID or IMDb ID found for AniDB ID: 4653                                      |
[2022-07-13 01:16:47,178] [convert.py:78]             [ERROR]    | Convert Error: No TVDb ID or IMDb ID found for AniDB ID: 4725                                      |
[2022-07-13 01:16:47,178] [convert.py:78]             [ERROR]    | Convert Error: No TVDb ID or IMDb ID found for AniDB ID: 13342                                     |
[2022-07-13 01:16:47,178] [convert.py:78]             [ERROR]    | Convert Error: No TVDb ID or IMDb ID found for AniDB ID: 7165                                      |
[2022-07-13 01:16:47,178] [convert.py:78]             [ERROR]    | Convert Error: No TVDb ID or IMDb ID found for AniDB ID: 4140                                      |
[2022-07-13 01:16:47,179] [convert.py:78]             [ERROR]    | Convert Error: No TVDb ID or IMDb ID found for AniDB ID: 3108                                      |
[2022-07-13 01:16:47,179] [convert.py:78]             [ERROR]    | Convert Error: No TVDb ID or IMDb ID found for AniDB ID: 4561                                      |
[2022-07-13 01:16:47,180] [convert.py:78]             [ERROR]    | Convert Error: No TVDb ID or IMDb ID found for AniDB ID: 7166                                      |
[2022-07-13 01:16:47,180] [convert.py:78]             [ERROR]    | Convert Error: No TVDb ID or IMDb ID found for AniDB ID: 7700                                      |
[2022-07-13 01:16:47,181] [convert.py:78]             [ERROR]    | Convert Error: No TVDb ID or IMDb ID found for AniDB ID: 8231                                      |
[2022-07-13 01:16:47,181] [convert.py:100]            [ERROR]    | Convert Error: AniDB ID not found for MyAnimeList ID: 38554                                        |
[2022-07-13 01:16:47,182] [convert.py:78]             [ERROR]    | Convert Error: No TVDb ID or IMDb ID found for AniDB ID: 11349                                     |
[2022-07-13 01:16:47,182] [convert.py:78]             [ERROR]    | Convert Error: No TVDb ID or IMDb ID found for AniDB ID: 13379                                     |
[2022-07-13 01:16:47,182] [convert.py:100]            [ERROR]    | Convert Error: AniDB ID not found for MyAnimeList ID: 51288                                        |
[2022-07-13 01:16:47,183] [convert.py:78]             [ERROR]    | Convert Error: No TVDb ID or IMDb ID found for AniDB ID: 4119                                      |
[2022-07-13 01:16:47,183] [convert.py:78]             [ERROR]    | Convert Error: No TVDb ID or IMDb ID found for AniDB ID: 3143                                      |
[2022-07-13 01:16:47,183] [convert.py:78]             [ERROR]    | Convert Error: No TVDb ID or IMDb ID found for AniDB ID: 3538                                      |
[2022-07-13 01:16:47,184] [convert.py:78]             [ERROR]    | Convert Error: No TVDb ID or IMDb ID found for AniDB ID: 3539                                      |
[2022-07-13 01:16:47,184] [convert.py:78]             [ERROR]    | Convert Error: No TVDb ID or IMDb ID found for AniDB ID: 4258                                      |
[2022-07-13 01:16:47,184] [convert.py:78]             [ERROR]    | Convert Error: No TVDb ID or IMDb ID found for AniDB ID: 8613                                      |
[2022-07-13 01:16:47,184] [convert.py:78]             [ERROR]    | Convert Error: No TVDb ID or IMDb ID found for AniDB ID: 8103                                      |
[2022-07-13 01:16:47,185] [convert.py:78]             [ERROR]    | Convert Error: No TVDb ID or IMDb ID found for AniDB ID: 9060                                      |
[2022-07-13 01:16:47,185] [convert.py:78]             [ERROR]    | Convert Error: No TVDb ID or IMDb ID found for AniDB ID: 2412                                      |
[2022-07-13 01:16:47,185] [convert.py:78]             [ERROR]    | Convert Error: No TVDb ID or IMDb ID found for AniDB ID: 7465                                      |
[2022-07-13 01:16:47,185] [convert.py:78]             [ERROR]    | Convert Error: No TVDb ID or IMDb ID found for AniDB ID: 9932                                      |
[2022-07-13 01:16:47,186] [convert.py:78]             [ERROR]    | Convert Error: No TVDb ID or IMDb ID found for AniDB ID: 11566                                     |
[2022-07-13 01:16:47,186] [convert.py:100]            [ERROR]    | Convert Error: AniDB ID not found for MyAnimeList ID: 35605                                        |
[2022-07-13 01:16:47,186] [convert.py:78]             [ERROR]    | Convert Error: No TVDb ID or IMDb ID found for AniDB ID: 7869                                      |
[2022-07-13 01:16:47,186] [convert.py:78]             [ERROR]    | Convert Error: No TVDb ID or IMDb ID found for AniDB ID: 10085                                     |
[2022-07-13 01:16:47,187] [convert.py:100]            [ERROR]    | Convert Error: AniDB ID not found for MyAnimeList ID: 17102                                        |
[2022-07-13 01:16:47,187] [convert.py:100]            [ERROR]    | Convert Error: AniDB ID not found for MyAnimeList ID: 40349                                        |
[2022-07-13 01:16:47,187] [convert.py:78]             [ERROR]    | Convert Error: No TVDb ID or IMDb ID found for AniDB ID: 14608                                     |
[2022-07-13 01:16:47,187] [convert.py:78]             [ERROR]    | Convert Error: No TVDb ID or IMDb ID found for AniDB ID: 6607                                      |
[2022-07-13 01:16:47,188] [convert.py:78]             [ERROR]    | Convert Error: No TVDb ID or IMDb ID found for AniDB ID: 14607                                     |
[2022-07-13 01:16:47,188] [convert.py:78]             [ERROR]    | Convert Error: No TVDb ID or IMDb ID found for AniDB ID: 6608                                      |
[2022-07-13 01:16:47,188] [convert.py:78]             [ERROR]    | Convert Error: No TVDb ID or IMDb ID found for AniDB ID: 8912                                      |
[2022-07-13 01:16:47,188] [convert.py:78]             [ERROR]    | Convert Error: No TVDb ID or IMDb ID found for AniDB ID: 16125                                     |
[2022-07-13 01:16:47,189] [convert.py:78]             [ERROR]    | Convert Error: No TVDb ID or IMDb ID found for AniDB ID: 10454                                     |
[2022-07-13 01:16:47,189] [convert.py:100]            [ERROR]    | Convert Error: AniDB ID not found for MyAnimeList ID: 34694                                        |
[2022-07-13 01:16:47,189] [convert.py:100]            [ERROR]    | Convert Error: AniDB ID not found for MyAnimeList ID: 35455                                        |
[2022-07-13 01:16:47,189] [convert.py:100]            [ERROR]    | Convert Error: AniDB ID not found for MyAnimeList ID: 25051                                        |
[2022-07-13 01:16:47,189] [convert.py:100]            [ERROR]    | Convert Error: AniDB ID not found for MyAnimeList ID: 17104                                        |
[2022-07-13 01:16:47,190] [convert.py:78]             [ERROR]    | Convert Error: No TVDb ID or IMDb ID found for AniDB ID: 8250                                      |
[2022-07-13 01:16:47,190] [convert.py:78]             [ERROR]    | Convert Error: No TVDb ID or IMDb ID found for AniDB ID: 14609                                     |
[2022-07-13 01:16:47,190] [convert.py:100]            [ERROR]    | Convert Error: AniDB ID not found for MyAnimeList ID: 35574                                        |
[2022-07-13 01:16:47,192] [convert.py:100]            [ERROR]    | Convert Error: AniDB ID not found for MyAnimeList ID: 34695                                        |
[2022-07-13 01:16:47,193] [convert.py:78]             [ERROR]    | Convert Error: No TVDb ID or IMDb ID found for AniDB ID: 13200                                     |
[2022-07-13 01:16:47,193] [convert.py:78]             [ERROR]    | Convert Error: No TVDb ID or IMDb ID found for AniDB ID: 8284                                      |
[2022-07-13 01:16:47,193] [convert.py:78]             [ERROR]    | Convert Error: No TVDb ID or IMDb ID found for AniDB ID: 11623                                     |
[2022-07-13 01:16:47,193] [convert.py:100]            [ERROR]    | Convert Error: AniDB ID not found for MyAnimeList ID: 31465                                        |
[2022-07-13 01:16:47,194] [convert.py:100]            [ERROR]    | Convert Error: AniDB ID not found for MyAnimeList ID: 51221                                        |
[2022-07-13 01:16:47,194] [convert.py:78]             [ERROR]    | Convert Error: No TVDb ID or IMDb ID found for AniDB ID: 10129                                     |
[2022-07-13 01:16:47,194] [convert.py:78]             [ERROR]    | Convert Error: No TVDb ID or IMDb ID found for AniDB ID: 14462                                     |
[2022-07-13 01:16:47,194] [convert.py:100]            [ERROR]    | Convert Error: AniDB ID not found for MyAnimeList ID: 39505                                        |
[2022-07-13 01:16:47,195] [convert.py:100]            [ERROR]    | Convert Error: AniDB ID not found for MyAnimeList ID: 51125                                        |
[2022-07-13 01:16:47,195] [convert.py:100]            [ERROR]    | Convert Error: AniDB ID not found for MyAnimeList ID: 51880                                        |
[2022-07-13 01:16:47,195] [convert.py:100]            [ERROR]    | Convert Error: AniDB ID not found for MyAnimeList ID: 51877                                        |
[2022-07-13 01:16:47,195] [convert.py:100]            [ERROR]    | Convert Error: AniDB ID not found for MyAnimeList ID: 43412                                        |
[2022-07-13 01:16:47,196] [convert.py:100]            [ERROR]    | Convert Error: AniDB ID not found for MyAnimeList ID: 52159                                        |
[2022-07-13 01:16:47,196] [convert.py:100]            [ERROR]    | Convert Error: AniDB ID not found for MyAnimeList ID: 52033                                        |
[2022-07-13 01:16:47,196] [convert.py:100]            [ERROR]    | Convert Error: AniDB ID not found for MyAnimeList ID: 45984                                        |
[2022-07-13 01:16:47,196] [convert.py:100]            [ERROR]    | Convert Error: AniDB ID not found for MyAnimeList ID: 52210                                        |
[2022-07-13 01:16:47,197] [convert.py:100]            [ERROR]    | Convert Error: AniDB ID not found for MyAnimeList ID: 51974                                        |
[2022-07-13 01:16:47,197] [builder.py:1282]           [DEBUG]    |                                                                                                    |
[2022-07-13 01:16:47,197] [builder.py:1283]           [DEBUG]    | 125 IDs Found: [(278157, 'tvdb'), (278157, 'tvdb'), (257765, 'tvdb'), (278157, 'tvdb'), (278157, 'tvdb'), (257765, 'tvdb'), (257765, 'tvdb'), (278157, 'tvdb'), (72491, 'tvdb'), (257765, 'tvdb'), (278157, 'tvdb'), (273005, 'tvdb'), (84616, 'tvdb'), (295204, 'tvdb'), (146401, 'tvdb'), (365720, 'tvdb'), (328823, 'tvdb'), (79183, 'tvdb'), (311149, 'tvdb'), (273005, 'tvdb'), (87901, 'tvdb'), (400584, 'tvdb'), (308030, 'tvdb'), (389250, 'tvdb'), (346948, 'tvdb'), (81108, 'tvdb'), (407840, 'tvdb'), (76013, 'tvdb'), (396903, 'tvdb'), (84045, 'tvdb'), (249869, 'tvdb'), (273005, 'tvdb'), (146401, 'tvdb'), (254660, 'tvdb'), (76013, 'tvdb'), (76013, 'tvdb'), (339203, 'tvdb'), (139631, 'tvdb'), (76013, 'tvdb'), (76013, 'tvdb'), (76013, 'tvdb'), (373676, 'tvdb'), (84045, 'tvdb'), (146401, 'tvdb'), (309209, 'tvdb'), (257765, 'tvdb'), (87621, 'tvdb'), (146401, 'tvdb'), (81108, 'tvdb'), (394143, 'tvdb'), (72454, 'tvdb'), (249869, 'tvdb'), (367513, 'tvdb'), (76013, 'tvdb'), (278157, 'tvdb'), (83105, 'tvdb'), (341436, 'tvdb'), (376037, 'tvdb'), (76013, 'tvdb'), (84045, 'tvdb'), (118301, 'tmdb'), (359832, 'tvdb'), (258125, 'tvdb'), (352192, 'tvdb'), (248018, 'tvdb'), (81003, 'tvdb'), (400003, 'tvdb'), (311149, 'tvdb'), (248351, 'tvdb'), (169991, 'tvdb'), (360761, 'tvdb'), (102541, 'tvdb'), (77940, 'tmdb'), (341436, 'tvdb'), (361754, 'tvdb'), (72491, 'tvdb'), (249869, 'tvdb'), (273005, 'tvdb'), (72491, 'tvdb'), (256395, 'tmdb'), (72491, 'tvdb'), (72491, 'tvdb'), (156221, 'tvdb'), (84538, 'tvdb'), (79439, 'tvdb'), (146401, 'tvdb'), (84045, 'tvdb'), (341438, 'tvdb'), (72433, 'tvdb'), (72454, 'tvdb'), (374769, 'tvdb'), (138561, 'tvdb'), (72454, 'tvdb'), (82370, 'tvdb'), (80503, 'tvdb'), (82380, 'tvdb'), (311149, 'tvdb'), (412579, 'tvdb'), (171731, 'tvdb'), (83348, 'tvdb'), (171899, 'tmdb'), (75111, 'tvdb'), (84045, 'tvdb'), (84045, 'tvdb'), (134961, 'tvdb'), (84045, 'tvdb'), (84045, 'tvdb'), (341438, 'tvdb'), (115841, 'tvdb'), (83105, 'tvdb'), (83105, 'tvdb'), (79439, 'tvdb'), (83105, 'tvdb'), (83105, 'tvdb'), (250062, 'tvdb'), (83105, 'tvdb'), (251332, 'tvdb'), (234006, 'tmdb'), (255289, 'tvdb'), (75141, 'tvdb'), (663241, 'tmdb'), (83348, 'tvdb'), (82380, 'tvdb'), (82380, 'tvdb'), (82380, 'tvdb')] |
[2022-07-13 01:16:47,197] [builder.py:1284]           [DEBUG]    |                                                                                                    |
[2022-07-13 01:16:47,347] [builder.py:1697]           [INFO]     |                                                                                                    |
[2022-07-13 01:16:47,348] [util.py:216]               [INFO]     |================================= Adding to Team Sports Collection =================================|
[2022-07-13 01:16:47,348] [builder.py:1699]           [INFO]     |                                                                                                    |
[2022-07-13 01:16:47,348] [builder.py:1709]           [INFO]     | 1/2 | Team Sports Collection | + | Haikyu!!                                                        |
[2022-07-13 01:16:47,383] [builder.py:1709]           [INFO]     | 2/2 | Team Sports Collection | = | Aoashi                                                          |
[2022-07-13 01:16:47,383] [builder.py:1734]           [INFO]     |                                                                                                    |
[2022-07-13 01:16:47,384] [builder.py:1735]           [INFO]     | 2 Shows Processed                                                                                  |
[2022-07-13 01:16:47,384] [builder.py:1929]           [INFO]     |                                                                                                    |
[2022-07-13 01:16:47,384] [util.py:216]               [INFO]     |============================= Missing Movies from Library: Team Sports =============================|
[2022-07-13 01:16:47,385] [builder.py:1931]           [INFO]     |                                                                                                    |
[2022-07-13 01:16:47,385] [builder.py:1943]           [INFO]     | Team Sports Collection | ? | Inazuma Eleven: The Movie (2010) (TMDb: 118301)                       |
[2022-07-13 01:16:47,393] [builder.py:1943]           [INFO]     | Team Sports Collection | ? | Major: The Ball of Friendship (2008) (TMDb: 77940)                    |
[2022-07-13 01:16:47,393] [builder.py:1943]           [INFO]     | Team Sports Collection | ? | Inazuma Eleven Go: Kyuukyoku no Kizuna Gryphon (2011) (TMDb: 256395)  |
[2022-07-13 01:16:47,394] [builder.py:1943]           [INFO]     | Team Sports Collection | ? | Captain Tsubasa Movie 01: The Great Competition of Europe (1985) (TMDb: 171899) |
[2022-07-13 01:16:47,394] [builder.py:1943]           [INFO]     | Team Sports Collection | ? | Our Baseball Game (1930) (TMDb: 234006)                               |
[2022-07-13 01:16:47,395] [builder.py:1943]           [INFO]     | Team Sports Collection | ? | Attack No. 1 (1970) (TMDb: 663241)                                    |
[2022-07-13 01:16:47,395] [builder.py:1947]           [INFO]     |                                                                                                    |
[2022-07-13 01:16:47,396] [builder.py:1948]           [INFO]     | 6 Movies Missing                                                                                   |
[2022-07-13 01:16:48,157] [builder.py:1969]           [INFO]     |                                                                                                    |
[2022-07-13 01:16:48,158] [util.py:216]               [INFO]     |============================= Missing Shows from Library: Team Sports ==============================|
[2022-07-13 01:16:48,158] [builder.py:1971]           [INFO]     |                                                                                                    |
[2022-07-13 01:16:48,708] [builder.py:1982]           [INFO]     | Team Sports Collection | ? | Kuroko's Basketball (TVDB: 257765)                                    |
[2022-07-13 01:16:49,545] [builder.py:1982]           [INFO]     | Team Sports Collection | ? | Slam Dunk (TVDB: 72491)                                               |
[2022-07-13 01:16:50,011] [builder.py:1982]           [INFO]     | Team Sports Collection | ? | Ace of Diamond (TVDB: 273005)                                         |
[2022-07-13 01:16:50,411] [builder.py:1982]           [INFO]     | Team Sports Collection | ? | One Outs (TVDB: 84616)                                                |
[2022-07-13 01:16:51,139] [builder.py:1982]           [INFO]     | Team Sports Collection | ? | Aoharu x Machinegun (TVDB: 295204)                                    |
[2022-07-13 01:16:51,724] [builder.py:1982]           [INFO]     | Team Sports Collection | ? | Inazuma Eleven (TVDB: 146401)                                         |
[2022-07-13 01:16:52,152] [builder.py:1982]           [INFO]     | Team Sports Collection | ? | Ahiru no Sora (TVDB: 365720)                                          |
[2022-07-13 01:16:52,523] [builder.py:1982]           [INFO]     | Team Sports Collection | ? | Clean Freak! Aoyama-kun (TVDB: 328823)                                |
[2022-07-13 01:16:53,023] [builder.py:1982]           [INFO]     | Team Sports Collection | ? | EyeShield 21 (TVDB: 79183)                                            |
[2022-07-13 01:16:53,394] [builder.py:1982]           [INFO]     | Team Sports Collection | ? | Days (TVDB: 311149)                                                   |
[2022-07-13 01:16:53,814] [builder.py:1982]           [INFO]     | Team Sports Collection | ? | Cross Game (TVDB: 87901)                                              |
[2022-07-13 01:16:54,315] [builder.py:1982]           [INFO]     | Team Sports Collection | ? | Re-Main (TVDB: 400584)                                                |
[2022-07-13 01:16:54,709] [builder.py:1982]           [INFO]     | Team Sports Collection | ? | All Out!! (TVDB: 308030)                                              |
[2022-07-13 01:16:55,423] [builder.py:1982]           [INFO]     | Team Sports Collection | ? | 2.43: Seiin High School Boys Volleyball Team (TVDB: 389250)           |
[2022-07-13 01:16:55,934] [builder.py:1982]           [INFO]     | Team Sports Collection | ? | Harukana Receive (TVDB: 346948)                                       |
[2022-07-13 01:16:56,360] [builder.py:1982]           [INFO]     | Team Sports Collection | ? | Big Windup! (TVDB: 81108)                                             |
[2022-07-13 01:16:56,995] [builder.py:1982]           [INFO]     | Team Sports Collection | ? | Major (TVDB: 76013)                                                   |
[2022-07-13 01:16:58,496] [builder.py:1982]           [INFO]     | Team Sports Collection | ? | Burning Kabaddi (TVDB: 396903)                                        |
[2022-07-13 01:16:59,526] [builder.py:1982]           [INFO]     | Team Sports Collection | ? | Captain Tsubasa (TVDB: 84045)                                         |
[2022-07-13 01:17:00,003] [builder.py:1982]           [INFO]     | Team Sports Collection | ? | Ro-Kyu-Bu! (TVDB: 249869)                                             |
[2022-07-13 01:17:00,373] [builder.py:1982]           [INFO]     | Team Sports Collection | ? | The Knight in the Area (TVDB: 254660)                                 |
[2022-07-13 01:17:00,783] [builder.py:1982]           [INFO]     | Team Sports Collection | ? | Captain Tsubasa (2018) (TVDB: 339203)                                 |
[2022-07-13 01:17:01,220] [builder.py:1982]           [INFO]     | Team Sports Collection | ? | Giant Killing (TVDB: 139631)                                          |
[2022-07-13 01:17:01,891] [builder.py:1982]           [INFO]     | Team Sports Collection | ? | Number 24 (TVDB: 373676)                                              |
[2022-07-13 01:17:02,337] [builder.py:1982]           [INFO]     | Team Sports Collection | ? | Battery (TVDB: 309209)                                                |
[2022-07-13 01:17:02,759] [builder.py:1982]           [INFO]     | Team Sports Collection | ? | Basquash! (TVDB: 87621)                                               |
[2022-07-13 01:17:03,255] [builder.py:1982]           [INFO]     | Team Sports Collection | ? | Farewell, My Dear Cramer (TVDB: 394143)                               |
[2022-07-13 01:17:05,020] [builder.py:1982]           [INFO]     | Team Sports Collection | ? | Detective Conan (TVDB: 72454)                                         |
[2022-07-13 01:17:05,416] [builder.py:1982]           [INFO]     | Team Sports Collection | ? | Rifle Is Beautiful (TVDB: 367513)                                     |
[2022-07-13 01:17:05,846] [builder.py:1982]           [INFO]     | Team Sports Collection | ? | Touch (TVDB: 83105)                                                   |
[2022-07-13 01:17:06,310] [builder.py:1982]           [INFO]     | Team Sports Collection | ? | Major 2nd (TVDB: 341436)                                              |
[2022-07-13 01:17:06,691] [builder.py:1982]           [INFO]     | Team Sports Collection | ? | TAMAYOMI: The Baseball Girls (TVDB: 376037)                           |
[2022-07-13 01:17:07,084] [builder.py:1982]           [INFO]     | Team Sports Collection | ? | Cinderella Nine (TVDB: 359832)                                        |
[2022-07-13 01:17:07,569] [builder.py:1982]           [INFO]     | Team Sports Collection | ? | Ginga e Kickoff!! (TVDB: 258125)                                      |
[2022-07-13 01:17:08,049] [builder.py:1977]           [ERROR]    | TVDb Error: Could not find a TVDb Series using TVDb Series ID: 352192                              |
[2022-07-13 01:17:08,422] [builder.py:1982]           [INFO]     | Team Sports Collection | ? | Softenni (TVDB: 248018)                                               |
[2022-07-13 01:17:08,796] [builder.py:1982]           [INFO]     | Team Sports Collection | ? | Hungry Heart Wild Striker (TVDB: 81003)                               |
[2022-07-13 01:17:09,241] [builder.py:1982]           [INFO]     | Team Sports Collection | ? | PuraOre! ~Pride of Orange~ (TVDB: 400003)                             |
[2022-07-13 01:17:09,932] [builder.py:1982]           [INFO]     | Team Sports Collection | ? | Moshidora (TVDB: 248351)                                              |
[2022-07-13 01:17:10,324] [builder.py:1982]           [INFO]     | Team Sports Collection | ? | Dear Boys (TVDB: 169991)                                              |
[2022-07-13 01:17:10,711] [builder.py:1982]           [INFO]     | Team Sports Collection | ? | Mix: Meisei Story (TVDB: 360761)                                      |
[2022-07-13 01:17:11,104] [builder.py:1982]           [INFO]     | Team Sports Collection | ? | Taisho Baseball Girls (TVDB: 102541)                                  |
[2022-07-13 01:17:11,492] [builder.py:1982]           [INFO]     | Team Sports Collection | ? | Try Knights (TVDB: 361754)                                            |
[2022-07-13 01:17:12,539] [builder.py:1982]           [INFO]     | Team Sports Collection | ? | Buzzer Beater (TVDB: 156221)                                          |
[2022-07-13 01:17:13,050] [builder.py:1982]           [INFO]     | Team Sports Collection | ? | Whistle! (TVDB: 84538)                                                |
[2022-07-13 01:17:13,431] [builder.py:1982]           [INFO]     | Team Sports Collection | ? | Aoki Densetsu Shoot (TVDB: 79439)                                     |
[2022-07-13 01:17:14,059] [builder.py:1982]           [INFO]     | Team Sports Collection | ? | Gurazeni: Money Pitch (TVDB: 341438)                                  |
[2022-07-13 01:17:14,827] [builder.py:1982]           [INFO]     | Team Sports Collection | ? | Princess Nine (TVDB: 72433)                                           |
[2022-07-13 01:17:15,541] [builder.py:1982]           [INFO]     | Team Sports Collection | ? | Breakers (2020) (TVDB: 374769)                                        |
[2022-07-13 01:17:16,117] [builder.py:1982]           [INFO]     | Team Sports Collection | ? | H2 (1995) (TVDB: 138561)                                              |
[2022-07-13 01:17:16,532] [builder.py:1982]           [INFO]     | Team Sports Collection | ? | Fight! Kickers (TVDB: 82370)                                          |
[2022-07-13 01:17:16,749] [builder.py:1977]           [ERROR]    | TVDb Error: Could not find a TVDb Series using TVDb Series ID: 80503                               |
[2022-07-13 01:17:17,411] [builder.py:1982]           [INFO]     | Team Sports Collection | ? | Attack No.1 (TVDB: 82380)                                             |
[2022-07-13 01:17:17,876] [builder.py:1982]           [INFO]     | Team Sports Collection | ? | Shoot! Goal to the Future (TVDB: 412579)                              |
[2022-07-13 01:17:18,359] [builder.py:1982]           [INFO]     | Team Sports Collection | ? | Nura: Rise of the Yokai Clan (TVDB: 171731)                           |
[2022-07-13 01:17:18,801] [builder.py:1982]           [INFO]     | Team Sports Collection | ? | Attacker You! (TVDB: 83348)                                           |
[2022-07-13 01:17:19,422] [builder.py:1982]           [INFO]     | Team Sports Collection | ? | I'll / CKBC (TVDB: 75111)                                             |
[2022-07-13 01:17:19,742] [builder.py:1982]           [INFO]     | Team Sports Collection | ? | Flaming Rugby Boy: Dodge Danpei (TVDB: 134961)                        |
[2022-07-13 01:17:20,557] [builder.py:1982]           [INFO]     | Team Sports Collection | ? | Burn! Top Striker (TVDB: 115841)                                      |
[2022-07-13 01:17:20,915] [builder.py:1982]           [INFO]     | Team Sports Collection | ? | Forza Campioni (TVDB: 250062)                                         |
[2022-07-13 01:17:21,511] [builder.py:1982]           [INFO]     | Team Sports Collection | ? | The Dark Red Eleven (TVDB: 251332)                                    |
[2022-07-13 01:17:21,958] [builder.py:1982]           [INFO]     | Team Sports Collection | ? | Miracle Giants Dome-kun (TVDB: 255289)                                |
[2022-07-13 01:17:22,408] [builder.py:1982]           [INFO]     | Team Sports Collection | ? | Doraemon (TVDB: 75141)                                                |
[2022-07-13 01:17:22,408] [builder.py:1986]           [INFO]     |                                                                                                    |
[2022-07-13 01:17:22,408] [builder.py:1987]           [INFO]     | 61 Shows Missing                                                                                   |
[2022-07-13 01:17:23,145] [builder.py:2147]           [INFO]     |                                                                                                    |
[2022-07-13 01:17:23,146] [util.py:216]               [INFO]     |============================ Updating Details of Team Sports Collection ============================|
[2022-07-13 01:17:23,146] [builder.py:2149]           [INFO]     |                                                                                                    |
[2022-07-13 01:17:23,147] [builder.py:2294]           [INFO]     | No poster collection detail or asset folder found                                                  |
[2022-07-13 01:17:23,147] [builder.py:2327]           [INFO]     | No background collection detail or asset folder found                                              |
[2022-07-13 01:17:23,176] [builder.py:2023]           [INFO]     |                                                                                                    |
[2022-07-13 01:17:23,177] [util.py:216]               [INFO]     |===================== Updating Details of the Items in Team Sports Collection ======================|
[2022-07-13 01:17:23,177] [builder.py:2025]           [INFO]     |                                                                                                    |
[2022-07-13 01:17:23,369] [sonarr.py:66]              [INFO]     |                                                                                                    |
[2022-07-13 01:17:23,369] [util.py:216]               [INFO]     |==================================== Adding Existing to Sonarr =====================================|
[2022-07-13 01:17:23,370] [sonarr.py:68]              [DEBUG]    |                                                                                                    |
[2022-07-13 01:17:23,370] [sonarr.py:69]              [DEBUG]    | Sonarr Adds:                                                                                       |
[2022-07-13 01:17:23,370] [sonarr.py:71]              [DEBUG]    | (407840, 'D:\\Anime\\Aoashi (2022) [tvdb-407840]')                                                 |
[2022-07-13 01:17:23,370] [sonarr.py:71]              [DEBUG]    | (278157, 'D:\\Anime\\Haikyu!! (2014) [tvdb-278157]')                                               |
[2022-07-13 01:17:23,649] [sonarr.py:162]             [INFO]     |                                                                                                    |
[2022-07-13 01:17:23,650] [sonarr.py:170]             [INFO]     | Skipped: In Cache | (407840, 'D:\\Anime\\Aoashi (2022) [tvdb-407840]')                             |
[2022-07-13 01:17:23,650] [sonarr.py:170]             [INFO]     | Skipped: In Cache | (278157, 'D:\\Anime\\Haikyu!! (2014) [tvdb-278157]')                           |
[2022-07-13 01:17:23,650] [sonarr.py:171]             [INFO]     | 2 Series already exist in Sonarr                                                                   |
[2022-07-13 01:17:23,652] [plex_meta_manager.py:880]  [INFO]     |                                                                                                    |
[2022-07-13 01:17:23,652] [util.py:209]               [INFO]     |====================================================================================================|
[2022-07-13 01:17:23,652] [util.py:216]               [INFO]     |                                  Finished Team Sports Collection                                   |
[2022-07-13 01:17:23,652] [util.py:216]               [INFO]     |                                    Collection Run Time: 0:01:46                                    |
[2022-07-13 01:17:23,653] [util.py:220]               [INFO]     |====================================================================================================|
