[2022-11-06 11:47:09,709] [util.py:209]               [INFO]     |====================================================================================================|
[2022-11-06 11:47:09,710] [util.py:216]               [INFO]     |                                The Maze Runner Collection in Movies                                |
[2022-11-06 11:47:09,710] [util.py:220]               [INFO]     |====================================================================================================|
[2022-11-06 11:47:09,711] [plex_meta_manager.py:750]  [INFO]     |                                                                                                    |
[2022-11-06 11:47:09,711] [util.py:216]               [INFO]     |============================== Validating The Maze Runner Attributes ===============================|
[2022-11-06 11:47:09,711] [builder.py:265]            [DEBUG]    |                                                                                                    |
[2022-11-06 11:47:09,712] [builder.py:266]            [DEBUG]    | Validating Method: template                                                                        |
[2022-11-06 11:47:09,712] [meta.py:83]                [DEBUG]    | Value: ordereddict([('name', 'Movie'), ('collection', 295130), ('summary', 295130), ('poster', 'https://theposterdb.com/api/assets/174')]) |
[2022-11-06 11:47:09,713] [builder.py:330]            [DEBUG]    |                                                                                                    |
[2022-11-06 11:47:09,713] [builder.py:331]            [DEBUG]    | Validating Method: sync_mode                                                                       |
[2022-11-06 11:47:09,713] [builder.py:335]            [DEBUG]    | Value: sync                                                                                        |
[2022-11-06 11:47:09,713] [builder.py:453]            [DEBUG]    |                                                                                                    |
[2022-11-06 11:47:09,714] [builder.py:454]            [DEBUG]    | Validating Method: collection_order                                                                |
[2022-11-06 11:47:09,714] [builder.py:455]            [DEBUG]    | Value: release                                                                                     |
[2022-11-06 11:47:09,714] [builder.py:472]            [DEBUG]    |                                                                                                    |
[2022-11-06 11:47:09,715] [builder.py:473]            [DEBUG]    | Validating Method: url_poster                                                                      |
[2022-11-06 11:47:09,715] [builder.py:474]            [DEBUG]    | Value: https://theposterdb.com/api/assets/174                                                      |
[2022-11-06 11:47:09,715] [builder.py:472]            [DEBUG]    |                                                                                                    |
[2022-11-06 11:47:09,715] [builder.py:473]            [DEBUG]    | Validating Method: tmdb_collection                                                                 |
[2022-11-06 11:47:09,715] [builder.py:474]            [DEBUG]    | Value: 295130                                                                                      |
[2022-11-06 11:47:09,745] [builder.py:472]            [DEBUG]    |                                                                                                    |
[2022-11-06 11:47:09,745] [builder.py:473]            [DEBUG]    | Validating Method: tmdb_summary                                                                    |
[2022-11-06 11:47:09,746] [builder.py:474]            [DEBUG]    | Value: 295130                                                                                      |
[2022-11-06 11:47:09,746] [builder.py:472]            [DEBUG]    |                                                                                                    |
[2022-11-06 11:47:09,746] [builder.py:473]            [DEBUG]    | Validating Method: sort_title                                                                      |
[2022-11-06 11:47:09,747] [builder.py:474]            [DEBUG]    | Value: 00000f_The Maze Runner                                                                      |
[2022-11-06 11:47:09,747] [builder.py:472]            [DEBUG]    |                                                                                                    |
[2022-11-06 11:47:09,747] [builder.py:473]            [DEBUG]    | Validating Method: radarr_add_missing                                                              |
[2022-11-06 11:47:09,747] [builder.py:474]            [DEBUG]    | Value: True                                                                                        |
[2022-11-06 11:47:09,887] [builder.py:619]            [INFO]     |                                                                                                    |
[2022-11-06 11:47:09,887] [builder.py:620]            [INFO]     | Validation Successful                                                                              |
[2022-11-06 11:47:09,888] [plex_meta_manager.py:758]  [INFO]     |                                                                                                    |
[2022-11-06 11:47:09,889] [util.py:216]               [INFO]     |================================ Running The Maze Runner Collection ================================|
[2022-11-06 11:47:09,889] [plex_meta_manager.py:773]  [INFO]     |                                                                                                    |
[2022-11-06 11:47:09,889] [plex_meta_manager.py:774]  [INFO]     | Sync Mode: sync                                                                                    |
[2022-11-06 11:47:09,889] [builder.py:1275]           [DEBUG]    |                                                                                                    |
[2022-11-06 11:47:09,890] [builder.py:1276]           [DEBUG]    | Builder: tmdb_collection: 295130                                                                   |
[2022-11-06 11:47:09,890] [builder.py:1277]           [INFO]     |                                                                                                    |
[2022-11-06 11:47:09,890] [tmdb.py:323]               [INFO]     | Processing TMDb Collection: (295130) The Maze Runner Collection (3 Items)                          |
[2022-11-06 11:47:09,891] [builder.py:1282]           [DEBUG]    |                                                                                                    |
[2022-11-06 11:47:09,891] [builder.py:1283]           [DEBUG]    | 3 IDs Found: [(198663, 'tmdb'), (294254, 'tmdb'), (336843, 'tmdb')]                                |
[2022-11-06 11:47:09,891] [builder.py:1284]           [DEBUG]    |                                                                                                    |
[2022-11-06 11:47:09,958] [builder.py:1697]           [INFO]     |                                                                                                    |
[2022-11-06 11:47:09,958] [util.py:216]               [INFO]     |=============================== Adding to The Maze Runner Collection ===============================|
[2022-11-06 11:47:09,959] [builder.py:1699]           [INFO]     |                                                                                                    |
[2022-11-06 11:47:09,959] [builder.py:1709]           [INFO]     | 1/3 | The Maze Runner Collection | = | The Maze Runner (2014)                                      |
[2022-11-06 11:47:09,960] [builder.py:1709]           [INFO]     | 2/3 | The Maze Runner Collection | = | Maze Runner: The Scorch Trials (2015)                       |
[2022-11-06 11:47:09,960] [builder.py:1709]           [INFO]     | 3/3 | The Maze Runner Collection | = | Maze Runner: The Death Cure (2018)                          |
[2022-11-06 11:47:09,960] [builder.py:1734]           [INFO]     |                                                                                                    |
[2022-11-06 11:47:09,961] [builder.py:1735]           [INFO]     | 3 Movies Processed                                                                                 |
[2022-11-06 11:47:09,965] [builder.py:2147]           [INFO]     |                                                                                                    |
[2022-11-06 11:47:09,965] [util.py:216]               [INFO]     |========================== Updating Details of The Maze Runner Collection ==========================|
[2022-11-06 11:47:09,966] [builder.py:2149]           [INFO]     |                                                                                                    |
[2022-11-06 11:47:09,966] [builder.py:2156]           [INFO]     | Detail: tmdb_summary updated Collection Summary                                                    |
[2022-11-06 11:47:09,967] [builder.py:2258]           [DEBUG]    | 1 posters found:                                                                                   |
[2022-11-06 11:47:09,967] [builder.py:2260]           [DEBUG]    | Method: url_poster Poster: https://theposterdb.com/api/assets/174                                  |
[2022-11-06 11:47:09,968] [builder.py:2327]           [INFO]     | No background collection detail or asset folder found                                              |
[2022-11-06 11:47:09,969] [library.py:147]            [INFO]     | Detail: poster update not needed                                                                   |
[2022-11-06 11:47:10,125] [plex_meta_manager.py:880]  [INFO]     |                                                                                                    |
[2022-11-06 11:47:10,126] [util.py:209]               [INFO]     |====================================================================================================|
[2022-11-06 11:47:10,127] [util.py:216]               [INFO]     |                                Finished The Maze Runner Collection                                 |
[2022-11-06 11:47:10,128] [util.py:216]               [INFO]     |                                    Collection Run Time: 0:00:00                                    |
[2022-11-06 11:47:10,128] [util.py:220]               [INFO]     |====================================================================================================|
