[2022-11-23 02:25:48,279] [util.py:209]               [INFO]     |====================================================================================================|
[2022-11-23 02:25:48,279] [util.py:216]               [INFO]     |                                     TNT Collection in TV Shows                                     |
[2022-11-23 02:25:48,279] [util.py:220]               [INFO]     |====================================================================================================|
[2022-11-23 02:25:48,280] [plex_meta_manager.py:750]  [INFO]     |                                                                                                    |
[2022-11-23 02:25:48,280] [util.py:216]               [INFO]     |==================================== Validating TNT Attributes =====================================|
[2022-11-23 02:25:48,280] [builder.py:265]            [DEBUG]    |                                                                                                    |
[2022-11-23 02:25:48,281] [builder.py:266]            [DEBUG]    | Validating Method: template                                                                        |
[2022-11-23 02:25:48,281] [meta.py:83]                [DEBUG]    | Value: ordereddict([('name', 'network'), ('network', 41), ('poster', 'https://theposterdb.com/api/assets/207429')]) |
[2022-11-23 02:25:48,281] [builder.py:330]            [DEBUG]    |                                                                                                    |
[2022-11-23 02:25:48,282] [builder.py:331]            [DEBUG]    | Validating Method: sync_mode                                                                       |
[2022-11-23 02:25:48,282] [builder.py:335]            [DEBUG]    | Value: sync                                                                                        |
[2022-11-23 02:25:48,282] [builder.py:453]            [DEBUG]    |                                                                                                    |
[2022-11-23 02:25:48,282] [builder.py:454]            [DEBUG]    | Validating Method: collection_order                                                                |
[2022-11-23 02:25:48,283] [builder.py:455]            [DEBUG]    | Value: alpha                                                                                       |
[2022-11-23 02:25:48,283] [builder.py:472]            [DEBUG]    |                                                                                                    |
[2022-11-23 02:25:48,283] [builder.py:473]            [DEBUG]    | Validating Method: tmdb_network                                                                    |
[2022-11-23 02:25:48,283] [builder.py:474]            [DEBUG]    | Value: 41                                                                                          |
[2022-11-23 02:25:48,446] [builder.py:472]            [DEBUG]    |                                                                                                    |
[2022-11-23 02:25:48,446] [builder.py:473]            [DEBUG]    | Validating Method: url_poster                                                                      |
[2022-11-23 02:25:48,446] [builder.py:474]            [DEBUG]    | Value: https://theposterdb.com/api/assets/207429                                                   |
[2022-11-23 02:25:48,446] [builder.py:472]            [DEBUG]    |                                                                                                    |
[2022-11-23 02:25:48,447] [builder.py:473]            [DEBUG]    | Validating Method: sort_title                                                                      |
[2022-11-23 02:25:48,447] [builder.py:474]            [DEBUG]    | Value: +2_TNT                                                                                      |
[2022-11-23 02:25:48,476] [plex.py:687]               [DEBUG]    | Looking for: TNT                                                                                   |
[2022-11-23 02:25:48,476] [builder.py:619]            [INFO]     |                                                                                                    |
[2022-11-23 02:25:48,477] [builder.py:620]            [INFO]     | Validation Successful                                                                              |
[2022-11-23 02:25:48,477] [plex_meta_manager.py:758]  [INFO]     |                                                                                                    |
[2022-11-23 02:25:48,477] [util.py:216]               [INFO]     |====================================== Running TNT Collection ======================================|
[2022-11-23 02:25:48,478] [plex_meta_manager.py:773]  [INFO]     |                                                                                                    |
[2022-11-23 02:25:48,478] [plex_meta_manager.py:774]  [INFO]     | Sync Mode: sync                                                                                    |
[2022-11-23 02:25:48,478] [builder.py:1275]           [DEBUG]    |                                                                                                    |
[2022-11-23 02:25:48,478] [builder.py:1276]           [DEBUG]    | Builder: tmdb_network: 41                                                                          |
[2022-11-23 02:25:48,478] [builder.py:1277]           [INFO]     |                                                                                                    |
[2022-11-23 02:25:49,352] [tmdb.py:282]               [INFO]     | Processing TMDb Network: (41) TNT (101 Shows)                                                      |
[2022-11-23 02:25:49,353] [builder.py:1282]           [DEBUG]    |                                                                                                    |
[2022-11-23 02:25:49,353] [builder.py:1283]           [DEBUG]    | 101 IDs Found: [(91555, 'tmdb_show'), (1450, 'tmdb_show'), (60802, 'tmdb_show'), (32895, 'tmdb_show'), (79680, 'tmdb_show'), (66025, 'tmdb_show'), (3137, 'tmdb_show'), (39483, 'tmdb_show'), (7482, 'tmdb_show'), (61599, 'tmdb_show'), (71769, 'tmdb_show'), (39957, 'tmdb_show'), (34967, 'tmdb_show'), (126997, 'tmdb_show'), (33301, 'tmdb_show'), (237, 'tmdb_show'), (17611, 'tmdb_show'), (636, 'tmdb_show'), (271, 'tmdb_show'), (71199, 'tmdb_show'), (60855, 'tmdb_show'), (39497, 'tmdb_show'), (10190, 'tmdb_show'), (60129, 'tmdb_show'), (18797, 'tmdb_show'), (9899, 'tmdb_show'), (58818, 'tmdb_show'), (7389, 'tmdb_show'), (37759, 'tmdb_show'), (5315, 'tmdb_show'), (64836, 'tmdb_show'), (5256, 'tmdb_show'), (19531, 'tmdb_show'), (4340, 'tmdb_show'), (16208, 'tmdb_show'), (11099, 'tmdb_show'), (81239, 'tmdb_show'), (2120, 'tmdb_show'), (71528, 'tmdb_show'), (10388, 'tmdb_show'), (11222, 'tmdb_show'), (23715, 'tmdb_show'), (5314, 'tmdb_show'), (56401, 'tmdb_show'), (11640, 'tmdb_show'), (18856, 'tmdb_show'), (6974, 'tmdb_show'), (17271, 'tmdb_show'), (2756, 'tmdb_show'), (157512, 'tmdb_show'), (44840, 'tmdb_show'), (71367, 'tmdb_show'), (80, 'tmdb_show'), (43721, 'tmdb_show'), (62812, 'tmdb_show'), (64650, 'tmdb_show'), (63645, 'tmdb_show'), (2332, 'tmdb_show'), (48692, 'tmdb_show'), (49391, 'tmdb_show'), (64237, 'tmdb_show'), (10784, 'tmdb_show'), (47093, 'tmdb_show'), (62910, 'tmdb_show'), (33036, 'tmdb_show'), (1837, 'tmdb_show'), (27562, 'tmdb_show'), (170, 'tmdb_show'), (63464, 'tmdb_show'), (153678, 'tmdb_show'), (63017, 'tmdb_show'), (23608, 'tmdb_show'), (22939, 'tmdb_show'), (72191, 'tmdb_show'), (125575, 'tmdb_show'), (47177, 'tmdb_show'), (48917, 'tmdb_show'), (49163, 'tmdb_show'), (37339, 'tmdb_show'), (101428, 'tmdb_show'), (197990, 'tmdb_show'), (54788, 'tmdb_show'), (78944, 'tmdb_show'), (119506, 'tmdb_show'), (49027, 'tmdb_show'), (92889, 'tmdb_show'), (194949, 'tmdb_show'), (93921, 'tmdb_show'), (78946, 'tmdb_show'), (72559, 'tmdb_show'), (71756, 'tmdb_show'), (71664, 'tmdb_show'), (46789, 'tmdb_show'), (43445, 'tmdb_show'), (39117, 'tmdb_show'), (31037, 'tmdb_show'), (29497, 'tmdb_show'), (24348, 'tmdb_show'), (16121, 'tmdb_show'), (15190, 'tmdb_show'), (10617, 'tmdb_show')] |
[2022-11-23 02:25:49,354] [builder.py:1284]           [DEBUG]    |                                                                                                    |
[2022-11-23 02:25:49,517] [builder.py:1361]           [ERROR]    | Convert Error: No TVDb ID Found for TMDb ID: 23715                                                 |
[2022-11-23 02:25:49,655] [builder.py:1361]           [ERROR]    | Convert Error: No TVDb ID Found for TMDb ID: 80                                                    |
[2022-11-23 02:25:49,769] [builder.py:1361]           [ERROR]    | Convert Error: No TVDb ID Found for TMDb ID: 47177                                                 |
[2022-11-23 02:25:49,878] [builder.py:1361]           [ERROR]    | Convert Error: No TVDb ID Found for TMDb ID: 49163                                                 |
[2022-11-23 02:25:49,979] [builder.py:1361]           [ERROR]    | Convert Error: No TVDb ID Found for TMDb ID: 197990                                                |
[2022-11-23 02:25:50,083] [builder.py:1361]           [ERROR]    | Convert Error: No TVDb ID Found for TMDb ID: 78944                                                 |
[2022-11-23 02:25:50,210] [builder.py:1361]           [ERROR]    | Convert Error: No TVDb ID Found for TMDb ID: 49027                                                 |
[2022-11-23 02:25:50,350] [builder.py:1361]           [ERROR]    | Convert Error: No TVDb ID Found for TMDb ID: 194949                                                |
[2022-11-23 02:25:50,478] [builder.py:1361]           [ERROR]    | Convert Error: No TVDb ID Found for TMDb ID: 93921                                                 |
[2022-11-23 02:25:50,613] [builder.py:1361]           [ERROR]    | Convert Error: No TVDb ID Found for TMDb ID: 78946                                                 |
[2022-11-23 02:25:50,751] [builder.py:1361]           [ERROR]    | Convert Error: No TVDb ID Found for TMDb ID: 72559                                                 |
[2022-11-23 02:25:50,866] [builder.py:1361]           [ERROR]    | Convert Error: No TVDb ID Found for TMDb ID: 71664                                                 |
[2022-11-23 02:25:50,977] [builder.py:1361]           [ERROR]    | Convert Error: No TVDb ID Found for TMDb ID: 46789                                                 |
[2022-11-23 02:25:51,090] [builder.py:1361]           [ERROR]    | Convert Error: No TVDb ID Found for TMDb ID: 43445                                                 |
[2022-11-23 02:25:51,188] [builder.py:1361]           [ERROR]    | Convert Error: No TVDb ID Found for TMDb ID: 39117                                                 |
[2022-11-23 02:25:51,302] [builder.py:1361]           [ERROR]    | Convert Error: No TVDb ID Found for TMDb ID: 31037                                                 |
[2022-11-23 02:25:51,412] [builder.py:1361]           [ERROR]    | Convert Error: No TVDb ID Found for TMDb ID: 29497                                                 |
[2022-11-23 02:25:51,527] [builder.py:1361]           [ERROR]    | Convert Error: No TVDb ID Found for TMDb ID: 24348                                                 |
[2022-11-23 02:25:51,637] [builder.py:1361]           [ERROR]    | Convert Error: No TVDb ID Found for TMDb ID: 16121                                                 |
[2022-11-23 02:25:51,742] [builder.py:1361]           [ERROR]    | Convert Error: No TVDb ID Found for TMDb ID: 15190                                                 |
[2022-11-23 02:25:51,842] [builder.py:1361]           [ERROR]    | Convert Error: No TVDb ID Found for TMDb ID: 10617                                                 |
[2022-11-23 02:25:51,843] [plex_meta_manager.py:797]  [INFO]     |                                                                                                    |
[2022-11-23 02:25:51,843] [plex_meta_manager.py:798]  [INFO]     | Collection Minimum: 1 not met for TNT Collection                                                   |
[2022-11-23 02:25:51,843] [builder.py:1969]           [INFO]     |                                                                                                    |
[2022-11-23 02:25:51,843] [util.py:216]               [INFO]     |================================= Missing Shows from Library: TNT ==================================|
[2022-11-23 02:25:51,844] [builder.py:1971]           [INFO]     |                                                                                                    |
[2022-11-23 02:25:52,431] [builder.py:1982]           [INFO]     | TNT Collection | ? | All Elite Wrestling: Dynamite (TVDB: 369003)                                  |
[2022-11-23 02:25:52,885] [builder.py:1982]           [INFO]     | TNT Collection | ? | The Closer (TVDB: 74875)                                                      |
[2022-11-23 02:25:53,370] [builder.py:1982]           [INFO]     | TNT Collection | ? | The Last Ship (TVDB: 269533)                                                  |
[2022-11-23 02:25:53,851] [builder.py:1982]           [INFO]     | TNT Collection | ? | Rizzoli & Isles (TVDB: 161461)                                                |
[2022-11-23 02:25:54,217] [builder.py:1982]           [INFO]     | TNT Collection | ? | Snowpiercer (TVDB: 364928)                                                    |
[2022-11-23 02:25:54,557] [builder.py:1982]           [INFO]     | TNT Collection | ? | Animal Kingdom (2016) (TVDB: 304262)                                          |
[2022-11-23 02:25:55,122] [builder.py:1982]           [INFO]     | TNT Collection | ? | Babylon 5 (TVDB: 70726)                                                       |
[2022-11-23 02:25:55,523] [builder.py:1982]           [INFO]     | TNT Collection | ? | Major Crimes (TVDB: 257248)                                                   |
[2022-11-23 02:25:55,999] [builder.py:1982]           [INFO]     | TNT Collection | ? | Leverage (TVDB: 82339)                                                        |
[2022-11-23 02:25:56,359] [builder.py:1982]           [INFO]     | TNT Collection | ? | The Librarians (2014) (TVDB: 281709)                                          |
[2022-11-23 02:25:56,642] [builder.py:1982]           [INFO]     | TNT Collection | ? | The Alienist (TVDB: 328690)                                                   |
[2022-11-23 02:25:56,880] [builder.py:1982]           [INFO]     | TNT Collection | ? | Perception (TVDB: 248757)                                                     |
[2022-11-23 02:25:57,299] [builder.py:1982]           [INFO]     | TNT Collection | ? | Falling Skies (TVDB: 205281)                                                  |
[2022-11-23 02:25:57,754] [builder.py:1982]           [INFO]     | TNT Collection | ? | All Elite Wrestling: Rampage (TVDB: 403243)                                   |
[2022-11-23 02:25:58,142] [builder.py:1982]           [INFO]     | TNT Collection | ? | Franklin & Bash (TVDB: 164041)                                                |
[2022-11-23 02:25:58,369] [builder.py:1982]           [INFO]     | TNT Collection | ? | Mortal Kombat: Conquest (TVDB: 74923)                                         |
[2022-11-23 02:25:58,823] [builder.py:1982]           [INFO]     | TNT Collection | ? | SouthLAnd (TVDB: 84645)                                                       |
[2022-11-23 02:25:59,129] [builder.py:1982]           [INFO]     | TNT Collection | ? | Kung Fu: The Legend Continues (TVDB: 78197)                                   |
[2022-11-23 02:25:59,519] [builder.py:1982]           [INFO]     | TNT Collection | ? | Ellen (TVDB: 76813)                                                           |
[2022-11-23 02:25:59,770] [builder.py:1982]           [INFO]     | TNT Collection | ? | Claws (TVDB: 321149)                                                          |
[2022-11-23 02:26:00,011] [builder.py:1982]           [INFO]     | TNT Collection | ? | Legends (2014) (TVDB: 265074)                                                 |
[2022-11-23 02:26:00,297] [builder.py:1982]           [INFO]     | TNT Collection | ? | Transporter (TVDB: 248962)                                                    |
[2022-11-23 02:26:00,590] [builder.py:1982]           [INFO]     | TNT Collection | ? | Witchblade (TVDB: 79072)                                                      |
[2022-11-23 02:26:00,914] [builder.py:1982]           [INFO]     | TNT Collection | ? | Murder in the First (TVDB: 273402)                                            |
[2022-11-23 02:26:01,149] [builder.py:1982]           [INFO]     | TNT Collection | ? | Dark Blue (TVDB: 95781)                                                       |
[2022-11-23 02:26:01,392] [builder.py:1982]           [INFO]     | TNT Collection | ? | Saving Grace (TVDB: 80381)                                                    |
[2022-11-23 02:26:01,719] [builder.py:1982]           [INFO]     | TNT Collection | ? | Cold Justice (TVDB: 271773)                                                   |
[2022-11-23 02:26:01,957] [builder.py:1982]           [INFO]     | TNT Collection | ? | Nuremberg (TVDB: 80961)                                                       |
[2022-11-23 02:26:02,272] [builder.py:1982]           [INFO]     | TNT Collection | ? | Dallas (2012) (TVDB: 242521)                                                  |
[2022-11-23 02:26:02,499] [builder.py:1982]           [INFO]     | TNT Collection | ? | The New Adventures of Robin Hood (TVDB: 73680)                                |
[2022-11-23 02:26:02,749] [builder.py:1982]           [INFO]     | TNT Collection | ? | Good Behavior (TVDB: 306753)                                                  |
[2022-11-23 02:26:02,957] [builder.py:1982]           [INFO]     | TNT Collection | ? | The Mists of Avalon (TVDB: 128661)                                            |
[2022-11-23 02:26:03,191] [builder.py:1982]           [INFO]     | TNT Collection | ? | Salem's Lot (2004) (TVDB: 153321)                                             |
[2022-11-23 02:26:03,397] [builder.py:1982]           [INFO]     | TNT Collection | ? | Nightmares & Dreamscapes: From the Stories of Stephen King (TVDB: 79389)      |
[2022-11-23 02:26:03,629] [builder.py:1982]           [INFO]     | TNT Collection | ? | Men of a Certain Age (TVDB: 121431)                                           |
[2022-11-23 02:26:03,900] [builder.py:1982]           [INFO]     | TNT Collection | ? | Into the West (TVDB: 78828)                                                   |
[2022-11-23 02:26:04,140] [builder.py:1982]           [INFO]     | TNT Collection | ? | I Am the Night (TVDB: 349997)                                                 |
[2022-11-23 02:26:04,410] [builder.py:1982]           [INFO]     | TNT Collection | ? | Crusade (TVDB: 71790)                                                         |
[2022-11-23 02:26:04,622] [builder.py:1982]           [INFO]     | TNT Collection | ? | Drop the Mic (TVDB: 332509)                                                   |
[2022-11-23 02:26:04,867] [builder.py:1982]           [INFO]     | TNT Collection | ? | Wanted (TVDB: 78809)                                                          |
[2022-11-23 02:26:05,325] [builder.py:1982]           [INFO]     | TNT Collection | ? | MonsterVision (TVDB: 78223)                                                   |
[2022-11-23 02:26:05,567] [builder.py:1982]           [INFO]     | TNT Collection | ? | The Company (TVDB: 80424)                                                     |
[2022-11-23 02:26:05,777] [builder.py:1982]           [INFO]     | TNT Collection | ? | King & Maxwell (TVDB: 267988)                                                 |
[2022-11-23 02:26:05,975] [builder.py:1982]           [INFO]     | TNT Collection | ? | Bull (TVDB: 75821)                                                            |
[2022-11-23 02:26:06,245] [builder.py:1982]           [INFO]     | TNT Collection | ? | HawthoRNe (TVDB: 95741)                                                       |
[2022-11-23 02:26:06,494] [builder.py:1982]           [INFO]     | TNT Collection | ? | Raising the Bar (TVDB: 82340)                                                 |
[2022-11-23 02:26:06,721] [builder.py:1982]           [INFO]     | TNT Collection | ? | Trust Me (2009) (TVDB: 84262)                                                 |
[2022-11-23 02:26:06,895] [builder.py:1982]           [INFO]     | TNT Collection | ? | Heartland (TVDB: 80260)                                                       |
[2022-11-23 02:26:07,076] [builder.py:1982]           [INFO]     | TNT Collection | ? | Rich & Shameless (TVDB: 416717)                                               |
[2022-11-23 02:26:07,309] [builder.py:1982]           [INFO]     | TNT Collection | ? | Mob City (TVDB: 259632)                                                       |
[2022-11-23 02:26:07,500] [builder.py:1982]           [INFO]     | TNT Collection | ? | Will (TVDB: 320720)                                                           |
[2022-11-23 02:26:07,739] [builder.py:1982]           [INFO]     | TNT Collection | ? | Monday Mornings (TVDB: 258884)                                                |
[2022-11-23 02:26:07,935] [builder.py:1982]           [INFO]     | TNT Collection | ? | Proof (2015) (TVDB: 281708)                                                   |
[2022-11-23 02:26:08,117] [builder.py:1982]           [INFO]     | TNT Collection | ? | Signos (TVDB: 302711)                                                         |
[2022-11-23 02:26:08,349] [builder.py:1982]           [INFO]     | TNT Collection | ? | Agent X (TVDB: 291517)                                                        |
[2022-11-23 02:26:08,559] [builder.py:1982]           [INFO]     | TNT Collection | ? | L.A. Heat (TVDB: 74998)                                                       |
[2022-11-23 02:26:08,834] [builder.py:1982]           [INFO]     | TNT Collection | ? | Julius Caesar (TVDB: 228971)                                                  |
[2022-11-23 02:26:09,032] [builder.py:1982]           [INFO]     | TNT Collection | ? | Young Catherine (TVDB: 350447)                                                |
[2022-11-23 02:26:09,260] [builder.py:1982]           [INFO]     | TNT Collection | ? | Historia de un clan (TVDB: 300787)                                            |
[2022-11-23 02:26:09,476] [builder.py:1982]           [INFO]     | TNT Collection | ? | The Grid (TVDB: 78950)                                                        |
[2022-11-23 02:26:09,670] [builder.py:1982]           [INFO]     | TNT Collection | ? | Rough Riders (TVDB: 205191)                                                   |
[2022-11-23 02:26:09,874] [builder.py:1982]           [INFO]     | TNT Collection | ? | Wake Up Call (TVDB: 288328)                                                   |
[2022-11-23 02:26:10,091] [builder.py:1982]           [INFO]     | TNT Collection | ? | Memphis Beat (TVDB: 157621)                                                   |
[2022-11-23 02:26:10,457] [builder.py:1982]           [INFO]     | TNT Collection | ? | WCW Monday Nitro (TVDB: 76962)                                                |
[2022-11-23 02:26:10,643] [builder.py:1982]           [INFO]     | TNT Collection | ? | Screen Actors Guild Awards (TVDB: 266085)                                     |
[2022-11-23 02:26:10,816] [builder.py:1982]           [INFO]     | TNT Collection | ? | Saved (TVDB: 79401)                                                           |
[2022-11-23 02:26:11,024] [builder.py:1982]           [INFO]     | TNT Collection | ? | Public Morals (2015) (TVDB: 281707)                                           |
[2022-11-23 02:26:11,296] [builder.py:1982]           [INFO]     | TNT Collection | ? | All Elite Wrestling: Battle Of The Belts (TVDB: 418949)                       |
[2022-11-23 02:26:11,477] [builder.py:1982]           [INFO]     | TNT Collection | ? | Cold Justice: Sex Crimes (TVDB: 298474)                                       |
[2022-11-23 02:26:11,664] [builder.py:1982]           [INFO]     | TNT Collection | ? | AFI Life Achievement Award (TVDB: 146191)                                     |
[2022-11-23 02:26:11,833] [builder.py:1982]           [INFO]     | TNT Collection | ? | MGM: When the Lion Roars (TVDB: 152991)                                       |
[2022-11-23 02:26:12,000] [builder.py:1982]           [INFO]     | TNT Collection | ? | The Nightmare Years (TVDB: 243881)                                            |
[2022-11-23 02:26:12,194] [builder.py:1982]           [INFO]     | TNT Collection | ? | Rhodes to the Top (TVDB: 399895)                                              |
[2022-11-23 02:26:12,385] [builder.py:1982]           [INFO]     | TNT Collection | ? | The Hero (2013) (TVDB: 270156)                                                |
[2022-11-23 02:26:12,587] [builder.py:1982]           [INFO]     | TNT Collection | ? | Boston's Finest (TVDB: 262964)                                                |
[2022-11-23 02:26:12,828] [builder.py:1982]           [INFO]     | TNT Collection | ? | Shaq Life (TVDB: 379863)                                                      |
[2022-11-23 02:26:12,994] [builder.py:1982]           [INFO]     | TNT Collection | ? | 72 Hours (TVDB: 270173)                                                       |
[2022-11-23 02:26:13,176] [builder.py:1982]           [INFO]     | TNT Collection | ? | The Inside Story (2021) (TVDB: 397963)                                        |
[2022-11-23 02:26:13,349] [builder.py:1982]           [INFO]     | TNT Collection | ? | Chasing the Cure (TVDB: 367533)                                               |
[2022-11-23 02:26:13,533] [builder.py:1982]           [INFO]     | TNT Collection | ? | The Dunk King (TVDB: 311670)                                                  |
[2022-11-23 02:26:13,533] [builder.py:1986]           [INFO]     |                                                                                                    |
[2022-11-23 02:26:13,533] [builder.py:1987]           [INFO]     | 80 Shows Missing                                                                                   |
[2022-11-23 02:26:14,166] [plex_meta_manager.py:880]  [INFO]     |                                                                                                    |
[2022-11-23 02:26:14,167] [util.py:209]               [INFO]     |====================================================================================================|
[2022-11-23 02:26:14,167] [util.py:216]               [INFO]     |                                      Finished TNT Collection                                       |
[2022-11-23 02:26:14,168] [util.py:216]               [INFO]     |                                    Collection Run Time: 0:00:25                                    |
[2022-11-23 02:26:14,168] [util.py:220]               [INFO]     |====================================================================================================|
