[2022-11-06 12:20:01,145] [util.py:209]               [INFO]     |====================================================================================================|
[2022-11-06 12:20:01,146] [util.py:216]               [INFO]     |                               Comedy Central Collection in TV Shows                                |
[2022-11-06 12:20:01,146] [util.py:220]               [INFO]     |====================================================================================================|
[2022-11-06 12:20:01,147] [plex_meta_manager.py:750]  [INFO]     |                                                                                                    |
[2022-11-06 12:20:01,154] [util.py:216]               [INFO]     |=============================== Validating Comedy Central Attributes ===============================|
[2022-11-06 12:20:01,154] [builder.py:265]            [DEBUG]    |                                                                                                    |
[2022-11-06 12:20:01,154] [builder.py:266]            [DEBUG]    | Validating Method: template                                                                        |
[2022-11-06 12:20:01,154] [meta.py:83]                [DEBUG]    | Value: ordereddict([('name', 'network'), ('network', 47), ('poster', 'https://theposterdb.com/api/assets/193571')]) |
[2022-11-06 12:20:01,155] [builder.py:330]            [DEBUG]    |                                                                                                    |
[2022-11-06 12:20:01,155] [builder.py:331]            [DEBUG]    | Validating Method: sync_mode                                                                       |
[2022-11-06 12:20:01,155] [builder.py:335]            [DEBUG]    | Value: sync                                                                                        |
[2022-11-06 12:20:01,156] [builder.py:453]            [DEBUG]    |                                                                                                    |
[2022-11-06 12:20:01,156] [builder.py:454]            [DEBUG]    | Validating Method: collection_order                                                                |
[2022-11-06 12:20:01,156] [builder.py:455]            [DEBUG]    | Value: alpha                                                                                       |
[2022-11-06 12:20:01,156] [builder.py:472]            [DEBUG]    |                                                                                                    |
[2022-11-06 12:20:01,156] [builder.py:473]            [DEBUG]    | Validating Method: tmdb_network                                                                    |
[2022-11-06 12:20:01,157] [builder.py:474]            [DEBUG]    | Value: 47                                                                                          |
[2022-11-06 12:20:01,319] [builder.py:472]            [DEBUG]    |                                                                                                    |
[2022-11-06 12:20:01,320] [builder.py:473]            [DEBUG]    | Validating Method: url_poster                                                                      |
[2022-11-06 12:20:01,320] [builder.py:474]            [DEBUG]    | Value: https://theposterdb.com/api/assets/193571                                                   |
[2022-11-06 12:20:01,320] [builder.py:472]            [DEBUG]    |                                                                                                    |
[2022-11-06 12:20:01,320] [builder.py:473]            [DEBUG]    | Validating Method: sort_title                                                                      |
[2022-11-06 12:20:01,320] [builder.py:474]            [DEBUG]    | Value: +2_Comedy Central                                                                           |
[2022-11-06 12:20:01,385] [builder.py:619]            [INFO]     |                                                                                                    |
[2022-11-06 12:20:01,386] [builder.py:620]            [INFO]     | Validation Successful                                                                              |
[2022-11-06 12:20:01,386] [plex_meta_manager.py:758]  [INFO]     |                                                                                                    |
[2022-11-06 12:20:01,387] [util.py:216]               [INFO]     |================================ Running Comedy Central Collection =================================|
[2022-11-06 12:20:01,387] [plex_meta_manager.py:773]  [INFO]     |                                                                                                    |
[2022-11-06 12:20:01,387] [plex_meta_manager.py:774]  [INFO]     | Sync Mode: sync                                                                                    |
[2022-11-06 12:20:01,387] [builder.py:1275]           [DEBUG]    |                                                                                                    |
[2022-11-06 12:20:01,388] [builder.py:1276]           [DEBUG]    | Builder: tmdb_network: 47                                                                          |
[2022-11-06 12:20:01,388] [builder.py:1277]           [INFO]     |                                                                                                    |
[2022-11-06 12:20:02,617] [tmdb.py:282]               [INFO]     | Processing TMDb Network: (47) Comedy Central (177 Shows)                                           |
[2022-11-06 12:20:02,618] [builder.py:1282]           [DEBUG]    |                                                                                                    |
[2022-11-06 12:20:02,618] [builder.py:1283]           [DEBUG]    | 177 IDs Found: [(2190, 'tmdb_show'), (2224, 'tmdb_show'), (615, 'tmdb_show'), (4385, 'tmdb_show'), (4336, 'tmdb_show'), (2187, 'tmdb_show'), (44169, 'tmdb_show'), (36994, 'tmdb_show'), (1952, 'tmdb_show'), (56219, 'tmdb_show'), (61025, 'tmdb_show'), (60839, 'tmdb_show'), (32351, 'tmdb_show'), (18014, 'tmdb_show'), (43082, 'tmdb_show'), (47562, 'tmdb_show'), (1260, 'tmdb_show'), (2513, 'tmdb_show'), (713, 'tmdb_show'), (62819, 'tmdb_show'), (96231, 'tmdb_show'), (4956, 'tmdb_show'), (2097, 'tmdb_show'), (73606, 'tmdb_show'), (58957, 'tmdb_show'), (101, 'tmdb_show'), (901, 'tmdb_show'), (75967, 'tmdb_show'), (14540, 'tmdb_show'), (4787, 'tmdb_show'), (1912, 'tmdb_show'), (72025, 'tmdb_show'), (5580, 'tmdb_show'), (91174, 'tmdb_show'), (63777, 'tmdb_show'), (206084, 'tmdb_show'), (61587, 'tmdb_show'), (12343, 'tmdb_show'), (68050, 'tmdb_show'), (60904, 'tmdb_show'), (85519, 'tmdb_show'), (40430, 'tmdb_show'), (95634, 'tmdb_show'), (12340, 'tmdb_show'), (57607, 'tmdb_show'), (1623, 'tmdb_show'), (62611, 'tmdb_show'), (1286, 'tmdb_show'), (3585, 'tmdb_show'), (555, 'tmdb_show'), (7084, 'tmdb_show'), (65704, 'tmdb_show'), (10319, 'tmdb_show'), (17470, 'tmdb_show'), (7141, 'tmdb_show'), (67761, 'tmdb_show'), (71074, 'tmdb_show'), (66374, 'tmdb_show'), (62445, 'tmdb_show'), (69866, 'tmdb_show'), (65680, 'tmdb_show'), (2496, 'tmdb_show'), (3403, 'tmdb_show'), (4670, 'tmdb_show'), (87609, 'tmdb_show'), (69776, 'tmdb_show'), (66259, 'tmdb_show'), (34318, 'tmdb_show'), (31290, 'tmdb_show'), (2249, 'tmdb_show'), (10646, 'tmdb_show'), (87724, 'tmdb_show'), (31095, 'tmdb_show'), (2067, 'tmdb_show'), (78841, 'tmdb_show'), (91502, 'tmdb_show'), (7529, 'tmdb_show'), (3563, 'tmdb_show'), (4134, 'tmdb_show'), (17046, 'tmdb_show'), (103215, 'tmdb_show'), (87942, 'tmdb_show'), (5214, 'tmdb_show'), (5396, 'tmdb_show'), (1556, 'tmdb_show'), (67260, 'tmdb_show'), (16903, 'tmdb_show'), (67935, 'tmdb_show'), (90577, 'tmdb_show'), (8083, 'tmdb_show'), (62237, 'tmdb_show'), (71091, 'tmdb_show'), (31074, 'tmdb_show'), (59746, 'tmdb_show'), (29407, 'tmdb_show'), (8782, 'tmdb_show'), (2998, 'tmdb_show'), (101892, 'tmdb_show'), (7739, 'tmdb_show'), (31106, 'tmdb_show'), (63079, 'tmdb_show'), (33413, 'tmdb_show'), (6663, 'tmdb_show'), (62993, 'tmdb_show'), (7613, 'tmdb_show'), (70777, 'tmdb_show'), (64988, 'tmdb_show'), (81360, 'tmdb_show'), (70309, 'tmdb_show'), (31690, 'tmdb_show'), (38663, 'tmdb_show'), (39522, 'tmdb_show'), (4469, 'tmdb_show'), (106296, 'tmdb_show'), (73943, 'tmdb_show'), (68922, 'tmdb_show'), (26647, 'tmdb_show'), (97300, 'tmdb_show'), (6097, 'tmdb_show'), (71201, 'tmdb_show'), (45595, 'tmdb_show'), (34508, 'tmdb_show'), (10486, 'tmdb_show'), (93305, 'tmdb_show'), (134028, 'tmdb_show'), (120757, 'tmdb_show'), (1724, 'tmdb_show'), (67160, 'tmdb_show'), (25986, 'tmdb_show'), (207318, 'tmdb_show'), (70631, 'tmdb_show'), (210249, 'tmdb_show'), (44758, 'tmdb_show'), (19138, 'tmdb_show'), (121909, 'tmdb_show'), (157229, 'tmdb_show'), (8652, 'tmdb_show'), (2241, 'tmdb_show'), (72390, 'tmdb_show'), (30062, 'tmdb_show'), (36159, 'tmdb_show'), (59344, 'tmdb_show'), (72558, 'tmdb_show'), (69967, 'tmdb_show'), (198143, 'tmdb_show'), (30782, 'tmdb_show'), (88511, 'tmdb_show'), (34926, 'tmdb_show'), (102190, 'tmdb_show'), (46836, 'tmdb_show'), (26355, 'tmdb_show'), (109375, 'tmdb_show'), (123518, 'tmdb_show'), (92230, 'tmdb_show'), (137580, 'tmdb_show'), (122494, 'tmdb_show'), (104244, 'tmdb_show'), (66231, 'tmdb_show'), (63461, 'tmdb_show'), (59216, 'tmdb_show'), (58493, 'tmdb_show'), (50651, 'tmdb_show'), (40388, 'tmdb_show'), (34885, 'tmdb_show'), (32325, 'tmdb_show'), (26610, 'tmdb_show'), (22895, 'tmdb_show'), (17876, 'tmdb_show'), (13041, 'tmdb_show'), (12199, 'tmdb_show'), (11166, 'tmdb_show'), (10769, 'tmdb_show'), (9346, 'tmdb_show'), (8639, 'tmdb_show'), (8411, 'tmdb_show'), (6195, 'tmdb_show'), (157, 'tmdb_show')] |
[2022-11-06 12:20:02,618] [builder.py:1284]           [DEBUG]    |                                                                                                    |
[2022-11-06 12:20:02,801] [builder.py:1361]           [ERROR]    | Convert Error: No TVDb ID Found for TMDb ID: 87609                                                 |
[2022-11-06 12:20:02,895] [builder.py:1361]           [ERROR]    | Convert Error: No TVDb ID Found for TMDb ID: 31290                                                 |
[2022-11-06 12:20:03,019] [builder.py:1361]           [ERROR]    | Convert Error: No TVDb ID Found for TMDb ID: 16903                                                 |
[2022-11-06 12:20:03,156] [builder.py:1361]           [ERROR]    | Convert Error: No TVDb ID Found for TMDb ID: 71091                                                 |
[2022-11-06 12:20:03,270] [builder.py:1361]           [ERROR]    | Convert Error: No TVDb ID Found for TMDb ID: 101892                                                |
[2022-11-06 12:20:03,386] [builder.py:1361]           [ERROR]    | Convert Error: No TVDb ID Found for TMDb ID: 68922                                                 |
[2022-11-06 12:20:03,519] [builder.py:1361]           [ERROR]    | Convert Error: No TVDb ID Found for TMDb ID: 45595                                                 |
[2022-11-06 12:20:03,652] [builder.py:1361]           [ERROR]    | Convert Error: No TVDb ID Found for TMDb ID: 1724                                                  |
[2022-11-06 12:20:03,757] [builder.py:1361]           [ERROR]    | Convert Error: No TVDb ID Found for TMDb ID: 67160                                                 |
[2022-11-06 12:20:03,864] [builder.py:1361]           [ERROR]    | Convert Error: No TVDb ID Found for TMDb ID: 25986                                                 |
[2022-11-06 12:20:03,976] [builder.py:1361]           [ERROR]    | Convert Error: No TVDb ID Found for TMDb ID: 210249                                                |
[2022-11-06 12:20:04,082] [builder.py:1361]           [ERROR]    | Convert Error: No TVDb ID Found for TMDb ID: 72390                                                 |
[2022-11-06 12:20:04,194] [builder.py:1361]           [ERROR]    | Convert Error: No TVDb ID Found for TMDb ID: 69967                                                 |
[2022-11-06 12:20:04,309] [builder.py:1361]           [ERROR]    | Convert Error: No TVDb ID Found for TMDb ID: 102190                                                |
[2022-11-06 12:20:04,418] [builder.py:1361]           [ERROR]    | Convert Error: No TVDb ID Found for TMDb ID: 26355                                                 |
[2022-11-06 12:20:04,524] [builder.py:1361]           [ERROR]    | Convert Error: No TVDb ID Found for TMDb ID: 109375                                                |
[2022-11-06 12:20:04,629] [builder.py:1361]           [ERROR]    | Convert Error: No TVDb ID Found for TMDb ID: 92230                                                 |
[2022-11-06 12:20:04,733] [builder.py:1361]           [ERROR]    | Convert Error: No TVDb ID Found for TMDb ID: 137580                                                |
[2022-11-06 12:20:04,867] [builder.py:1361]           [ERROR]    | Convert Error: No TVDb ID Found for TMDb ID: 66231                                                 |
[2022-11-06 12:20:04,988] [builder.py:1361]           [ERROR]    | Convert Error: No TVDb ID Found for TMDb ID: 63461                                                 |
[2022-11-06 12:20:05,130] [builder.py:1361]           [ERROR]    | Convert Error: No TVDb ID Found for TMDb ID: 59216                                                 |
[2022-11-06 12:20:05,264] [builder.py:1361]           [ERROR]    | Convert Error: No TVDb ID Found for TMDb ID: 58493                                                 |
[2022-11-06 12:20:05,367] [builder.py:1361]           [ERROR]    | Convert Error: No TVDb ID Found for TMDb ID: 34885                                                 |
[2022-11-06 12:20:05,486] [builder.py:1361]           [ERROR]    | Convert Error: No TVDb ID Found for TMDb ID: 26610                                                 |
[2022-11-06 12:20:05,590] [builder.py:1361]           [ERROR]    | Convert Error: No TVDb ID Found for TMDb ID: 17876                                                 |
[2022-11-06 12:20:05,689] [builder.py:1361]           [ERROR]    | Convert Error: No TVDb ID Found for TMDb ID: 13041                                                 |
[2022-11-06 12:20:05,826] [builder.py:1361]           [ERROR]    | Convert Error: No TVDb ID Found for TMDb ID: 12199                                                 |
[2022-11-06 12:20:05,943] [builder.py:1361]           [ERROR]    | Convert Error: No TVDb ID Found for TMDb ID: 10769                                                 |
[2022-11-06 12:20:06,055] [builder.py:1361]           [ERROR]    | Convert Error: No TVDb ID Found for TMDb ID: 9346                                                  |
[2022-11-06 12:20:06,191] [builder.py:1361]           [ERROR]    | Convert Error: No TVDb ID Found for TMDb ID: 8639                                                  |
[2022-11-06 12:20:06,340] [builder.py:1361]           [ERROR]    | Convert Error: No TVDb ID Found for TMDb ID: 8411                                                  |
[2022-11-06 12:20:06,341] [builder.py:1697]           [INFO]     |                                                                                                    |
[2022-11-06 12:20:06,342] [util.py:216]               [INFO]     |=============================== Adding to Comedy Central Collection ================================|
[2022-11-06 12:20:06,342] [builder.py:1699]           [INFO]     |                                                                                                    |
[2022-11-06 12:20:06,342] [builder.py:1709]           [INFO]     | 1/3 | Comedy Central Collection | = | South Park                                                   |
[2022-11-06 12:20:06,343] [builder.py:1709]           [INFO]     | 2/3 | Comedy Central Collection | = | Futurama                                                     |
[2022-11-06 12:20:06,343] [builder.py:1709]           [INFO]     | 3/3 | Comedy Central Collection | = | Awkwafina Is Nora From Queens                                |
[2022-11-06 12:20:06,343] [builder.py:1734]           [INFO]     |                                                                                                    |
[2022-11-06 12:20:06,343] [builder.py:1735]           [INFO]     | 3 Shows Processed                                                                                  |
[2022-11-06 12:20:06,344] [builder.py:1969]           [INFO]     |                                                                                                    |
[2022-11-06 12:20:06,344] [util.py:216]               [INFO]     |============================ Missing Shows from Library: Comedy Central ============================|
[2022-11-06 12:20:06,344] [builder.py:1971]           [INFO]     |                                                                                                    |
[2022-11-06 12:20:08,172] [builder.py:1982]           [INFO]     | Comedy Central Collection | ? | The Daily Show (TVDB: 71256)                                       |
[2022-11-06 12:20:08,864] [builder.py:1982]           [INFO]     | Comedy Central Collection | ? | The Colbert Report (TVDB: 79274)                                   |
[2022-11-06 12:20:09,174] [builder.py:1982]           [INFO]     | Comedy Central Collection | ? | Drawn Together (TVDB: 78831)                                       |
[2022-11-06 12:20:09,639] [builder.py:1982]           [INFO]     | Comedy Central Collection | ? | Reno 911! (TVDB: 72336)                                            |
[2022-11-06 12:20:09,932] [builder.py:1982]           [INFO]     | Comedy Central Collection | ? | Brickleberry (TVDB: 259569)                                        |
[2022-11-06 12:20:10,299] [builder.py:1982]           [INFO]     | Comedy Central Collection | ? | Workaholics (TVDB: 211751)                                         |
[2022-11-06 12:20:11,074] [builder.py:1982]           [INFO]     | Comedy Central Collection | ? | Mystery Science Theater 3000 (TVDB: 74806)                         |
[2022-11-06 12:20:11,480] [builder.py:1982]           [INFO]     | Comedy Central Collection | ? | Drunk History (TVDB: 270550)                                       |
[2022-11-06 12:20:11,871] [builder.py:1982]           [INFO]     | Comedy Central Collection | ? | @midnight (TVDB: 274099)                                           |
[2022-11-06 12:20:12,217] [builder.py:1982]           [INFO]     | Comedy Central Collection | ? | Broad City (TVDB: 275557)                                          |
[2022-11-06 12:20:12,439] [builder.py:1982]           [INFO]     | Comedy Central Collection | ? | Ugly Americans (TVDB: 150051)                                      |
[2022-11-06 12:20:12,887] [builder.py:1982]           [INFO]     | Comedy Central Collection | ? | Tosh.0 (TVDB: 97731)                                               |
[2022-11-06 12:20:13,204] [builder.py:1982]           [INFO]     | Comedy Central Collection | ? | Key & Peele (TVDB: 255325)                                         |
[2022-11-06 12:20:13,634] [builder.py:1982]           [INFO]     | Comedy Central Collection | ? | Inside Amy Schumer (TVDB: 265374)                                  |
[2022-11-06 12:20:13,867] [builder.py:1982]           [INFO]     | Comedy Central Collection | ? | Duckman (TVDB: 72056)                                              |
[2022-11-06 12:20:14,275] [builder.py:1982]           [INFO]     | Comedy Central Collection | ? | Dr. Katz, Professional Therapist (TVDB: 78244)                     |
[2022-11-06 12:20:14,599] [builder.py:1982]           [INFO]     | Comedy Central Collection | ? | Chappelle's Show (TVDB: 71862)                                     |
[2022-11-06 12:20:14,856] [builder.py:1982]           [INFO]     | Comedy Central Collection | ? | Another Period (TVDB: 284219)                                      |
[2022-11-06 12:20:15,098] [builder.py:1982]           [INFO]     | Comedy Central Collection | ? | Dilbert (TVDB: 78581)                                              |
[2022-11-06 12:20:15,382] [builder.py:1982]           [INFO]     | Comedy Central Collection | ? | Crank Yankers (TVDB: 79009)                                        |
[2022-11-06 12:20:15,584] [builder.py:1982]           [INFO]     | Comedy Central Collection | ? | The Opposition with Jordan Klepper (TVDB: 332734)                  |
[2022-11-06 12:20:15,937] [builder.py:1982]           [INFO]     | Comedy Central Collection | ? | Nathan for You (TVDB: 267002)                                      |
[2022-11-06 12:20:16,147] [builder.py:1982]           [INFO]     | Comedy Central Collection | ? | Beat the Geeks (TVDB: 78110)                                       |
[2022-11-06 12:20:16,476] [builder.py:1982]           [INFO]     | Comedy Central Collection | ? | The Sarah Silverman Program (TVDB: 79789)                          |
[2022-11-06 12:20:16,774] [builder.py:1982]           [INFO]     | Comedy Central Collection | ? | Corporate (TVDB: 339137)                                           |
[2022-11-06 12:20:17,052] [builder.py:1982]           [INFO]     | Comedy Central Collection | ? | The Tick (TVDB: 76992)                                             |
[2022-11-06 12:20:17,495] [builder.py:1982]           [INFO]     | Comedy Central Collection | ? | Comedy Central Presents (TVDB: 74337)                              |
[2022-11-06 12:20:17,888] [builder.py:1982]           [INFO]     | Comedy Central Collection | ? | Strangers with Candy (TVDB: 75341)                                 |
[2022-11-06 12:20:18,126] [builder.py:1982]           [INFO]     | Comedy Central Collection | ? | The Jim Jefferies Show (TVDB: 328640)                              |
[2022-11-06 12:20:18,527] [builder.py:1982]           [INFO]     | Comedy Central Collection | ? | The Man Show (TVDB: 74447)                                         |
[2022-11-06 12:20:18,773] [builder.py:1982]           [INFO]     | Comedy Central Collection | ? | Lights Out with David Spade (TVDB: 365717)                         |
[2022-11-06 12:20:18,998] [builder.py:1982]           [INFO]     | Comedy Central Collection | ? | Moonbeam City (TVDB: 284220)                                       |
[2022-11-06 12:20:19,159] [builder.py:1982]           [INFO]     | Comedy Central Collection | ? | Hell of A Week with Charlamagne tha God (TVDB: 422420)             |
[2022-11-06 12:20:19,422] [builder.py:1982]           [INFO]     | Comedy Central Collection | ? | The Nightly Show with Larry Wilmore (TVDB: 286373)                 |
[2022-11-06 12:20:19,700] [builder.py:1982]           [INFO]     | Comedy Central Collection | ? | Premium Blend (TVDB: 72979)                                        |
[2022-11-06 12:20:19,972] [builder.py:1982]           [INFO]     | Comedy Central Collection | ? | New Kids (TVDB: 116491)                                            |
[2022-11-06 12:20:20,193] [builder.py:1982]           [INFO]     | Comedy Central Collection | ? | TripTank (TVDB: 273999)                                            |
[2022-11-06 12:20:20,424] [builder.py:1982]           [INFO]     | Comedy Central Collection | ? | The Other Two (TVDB: 354628)                                       |
[2022-11-06 12:20:20,606] [builder.py:1982]           [INFO]     | Comedy Central Collection | ? | Hot Sluts (TVDB: 254955)                                           |
[2022-11-06 12:20:20,908] [builder.py:1982]           [INFO]     | Comedy Central Collection | ? | Comedy Central Stand-Up Featuring... (TVDB: 358389)                |
[2022-11-06 12:20:21,119] [builder.py:1982]           [INFO]     | Comedy Central Collection | ? | The Famous Teddy Z (TVDB: 73408)                                   |
[2022-11-06 12:20:21,350] [builder.py:1982]           [INFO]     | Comedy Central Collection | ? | Kroll Show (TVDB: 265387)                                          |
[2022-11-06 12:20:21,548] [builder.py:1982]           [INFO]     | Comedy Central Collection | ? | Tough Crowd (TVDB: 71817)                                          |
[2022-11-06 12:20:21,814] [builder.py:1982]           [INFO]     | Comedy Central Collection | ? | Review (TVDB: 276148)                                              |
[2022-11-06 12:20:22,113] [builder.py:1982]           [INFO]     | Comedy Central Collection | ? | BattleBots (TVDB: 71028)                                           |
[2022-11-06 12:20:22,279] [builder.py:1982]           [INFO]     | Comedy Central Collection | ? | Too Late With Adam Carolla (TVDB: 79560)                           |
[2022-11-06 12:20:22,460] [builder.py:1982]           [INFO]     | Comedy Central Collection | ? | That's My Bush! (TVDB: 73289)                                      |
[2022-11-06 12:20:22,678] [builder.py:1982]           [INFO]     | Comedy Central Collection | ? | Lewis Black's Root of All Evil (TVDB: 81516)                       |
[2022-11-06 12:20:22,882] [builder.py:1982]           [INFO]     | Comedy Central Collection | ? | Idiotsitter (TVDB: 305326)                                         |
[2022-11-06 12:20:23,057] [builder.py:1982]           [INFO]     | Comedy Central Collection | ? | Win Ben Stein's Money (TVDB: 71751)                                |
[2022-11-06 12:20:23,257] [builder.py:1982]           [INFO]     | Comedy Central Collection | ? | Kröd Mändoon and the Flaming Sword of Fire (TVDB: 88631)           |
[2022-11-06 12:20:23,443] [builder.py:1982]           [INFO]     | Comedy Central Collection | ? | Important Things With Demetri Martin (TVDB: 85061)                 |
[2022-11-06 12:20:23,670] [builder.py:1982]           [INFO]     | Comedy Central Collection | ? | Legends of Chamberlain Heights (TVDB: 316659)                      |
[2022-11-06 12:20:23,853] [builder.py:1982]           [INFO]     | Comedy Central Collection | ? | The President Show (TVDB: 326425)                                  |
[2022-11-06 12:20:24,076] [builder.py:1982]           [INFO]     | Comedy Central Collection | ? | Adam DeVine's House Party (TVDB: 274603)                           |
[2022-11-06 12:20:24,256] [builder.py:1982]           [INFO]     | Comedy Central Collection | ? | Big Time in Hollywood, FL (TVDB: 282403)                           |
[2022-11-06 12:20:24,458] [builder.py:1982]           [INFO]     | Comedy Central Collection | ? | Detroiters (TVDB: 320196)                                          |
[2022-11-06 12:20:24,647] [builder.py:1982]           [INFO]     | Comedy Central Collection | ? | Not Safe with Nikki Glaser (TVDB: 305283)                          |
[2022-11-06 12:20:24,856] [builder.py:1982]           [INFO]     | Comedy Central Collection | ? | Mind of Mencia (TVDB: 78958)                                       |
[2022-11-06 12:20:25,044] [builder.py:1982]           [INFO]     | Comedy Central Collection | ? | Strip Mall (TVDB: 144261)                                          |
[2022-11-06 12:20:25,284] [builder.py:1982]           [INFO]     | Comedy Central Collection | ? | Stella (TVDB: 79649)                                               |
[2022-11-06 12:20:25,481] [builder.py:1982]           [INFO]     | Comedy Central Collection | ? | Jeff & Some Aliens (TVDB: 320986)                                  |
[2022-11-06 12:20:25,658] [builder.py:1982]           [INFO]     | Comedy Central Collection | ? | Time Traveling Bong (TVDB: 310000)                                 |
[2022-11-06 12:20:25,849] [builder.py:1982]           [INFO]     | Comedy Central Collection | ? | Nick Swardson's Pretend Time (TVDB: 194551)                        |
[2022-11-06 12:20:26,012] [builder.py:1982]           [INFO]     | Comedy Central Collection | ? | Freak Show (TVDB: 79983)                                           |
[2022-11-06 12:20:26,173] [builder.py:1982]           [INFO]     | Comedy Central Collection | ? | Gary & Mike (TVDB: 140891)                                         |
[2022-11-06 12:20:26,372] [builder.py:1982]           [INFO]     | Comedy Central Collection | ? | Homens? (TVDB: 360987)                                             |
[2022-11-06 12:20:26,581] [builder.py:1982]           [INFO]     | Comedy Central Collection | ? | I'm With Busey (TVDB: 72725)                                       |
[2022-11-06 12:20:26,772] [builder.py:1982]           [INFO]     | Comedy Central Collection | ? | The Showbiz Show with David Spade (TVDB: 80027)                    |
[2022-11-06 12:20:26,971] [builder.py:1982]           [INFO]     | Comedy Central Collection | ? | Taskmaster (US) (TVDB: 344961)                                     |
[2022-11-06 12:20:27,210] [builder.py:1982]           [INFO]     | Comedy Central Collection | ? | South Side (TVDB: 364129)                                          |
[2022-11-06 12:20:27,398] [builder.py:1982]           [INFO]     | Comedy Central Collection | ? | Reality Bites Back (TVDB: 82576)                                   |
[2022-11-06 12:20:27,615] [builder.py:1982]           [INFO]     | Comedy Central Collection | ? | Lil' Bush (TVDB: 80246)                                            |
[2022-11-06 12:20:27,813] [builder.py:1982]           [INFO]     | Comedy Central Collection | ? | Halfway Home (TVDB: 80149)                                         |
[2022-11-06 12:20:28,016] [builder.py:1982]           [INFO]     | Comedy Central Collection | ? | Primetime Glick (TVDB: 76280)                                      |
[2022-11-06 12:20:28,239] [builder.py:1982]           [INFO]     | Comedy Central Collection | ? | Robbie (TVDB: 351605)                                              |
[2022-11-06 12:20:28,400] [builder.py:1982]           [INFO]     | Comedy Central Collection | ? | Klepper (TVDB: 359453)                                             |
[2022-11-06 12:20:28,603] [builder.py:1982]           [INFO]     | Comedy Central Collection | ? | Viva Variety (TVDB: 77889)                                         |
[2022-11-06 12:20:28,840] [builder.py:1982]           [INFO]     | Comedy Central Collection | ? | Upright Citizens Brigade (TVDB: 76823)                             |
[2022-11-06 12:20:29,020] [builder.py:1982]           [INFO]     | Comedy Central Collection | ? | Dog Bites Man (TVDB: 79555)                                        |
[2022-11-06 12:20:29,229] [builder.py:1982]           [INFO]     | Comedy Central Collection | ? | Jeff Ross Presents Roast Battle (TVDB: 314558)                     |
[2022-11-06 12:20:29,433] [builder.py:1982]           [INFO]     | Comedy Central Collection | ? | Hart of the City (TVDB: 317929)                                    |
[2022-11-06 12:20:29,609] [builder.py:1982]           [INFO]     | Comedy Central Collection | ? | Alternatino with Arturo Castro (TVDB: 320593)                      |
[2022-11-06 12:20:29,768] [builder.py:1982]           [INFO]     | Comedy Central Collection | ? | Crossballs (TVDB: 74655)                                           |
[2022-11-06 12:20:29,958] [builder.py:1982]           [INFO]     | Comedy Central Collection | ? | Popoz (TVDB: 274900)                                               |
[2022-11-06 12:20:30,130] [builder.py:1982]           [INFO]     | Comedy Central Collection | ? | Secret Girlfriend (TVDB: 117731)                                   |
[2022-11-06 12:20:30,364] [builder.py:1982]           [INFO]     | Comedy Central Collection | ? | Gabriel Iglesias Presents Stand-Up Revolution (TVDB: 252526)       |
[2022-11-06 12:20:30,607] [builder.py:1982]           [INFO]     | Comedy Central Collection | ? | Insomniac with Dave Attell (TVDB: 78168)                           |
[2022-11-06 12:20:30,761] [builder.py:1982]           [INFO]     | Comedy Central Collection | ? | Contest Searchlight (TVDB: 71234)                                  |
[2022-11-06 12:20:30,951] [builder.py:1982]           [INFO]     | Comedy Central Collection | ? | T.V. Funhouse (TVDB: 75089)                                        |
[2022-11-06 12:20:31,117] [builder.py:1982]           [INFO]     | Comedy Central Collection | ? | Chocolate News (TVDB: 83449)                                       |
[2022-11-06 12:20:31,308] [builder.py:1982]           [INFO]     | Comedy Central Collection | ? | The Jeff Dunham Show (TVDB: 119761)                                |
[2022-11-06 12:20:31,529] [builder.py:1982]           [INFO]     | Comedy Central Collection | ? | The Meltdown with Jonah and Kumail (TVDB: 283549)                  |
[2022-11-06 12:20:31,727] [builder.py:1982]           [INFO]     | Comedy Central Collection | ? | Big Lake (TVDB: 168611)                                            |
[2022-11-06 12:20:31,918] [builder.py:1982]           [INFO]     | Comedy Central Collection | ? | American Body Shop (TVDB: 80419)                                   |
[2022-11-06 12:20:32,106] [builder.py:1982]           [INFO]     | Comedy Central Collection | ? | Why? With Hannibal Buress (TVDB: 295988)                           |
[2022-11-06 12:20:32,283] [builder.py:1982]           [INFO]     | Comedy Central Collection | ? | The Gong Show with Dave Attell (TVDB: 82568)                       |
[2022-11-06 12:20:32,449] [builder.py:1982]           [INFO]     | Comedy Central Collection | ? | The Gorburger Show (2017) (TVDB: 326701)                           |
[2022-11-06 12:20:32,626] [builder.py:1982]           [INFO]     | Comedy Central Collection | ? | Brody Stevens: Enjoy It! (TVDB: 263077)                            |
[2022-11-06 12:20:32,798] [builder.py:1982]           [INFO]     | Comedy Central Collection | ? | Typical Rick (TVDB: 321817)                                        |
[2022-11-06 12:20:32,970] [builder.py:1982]           [INFO]     | Comedy Central Collection | ? | The High Court (TVDB: 320985)                                      |
[2022-11-06 12:20:33,136] [builder.py:1982]           [INFO]     | Comedy Central Collection | ? | Shorties Watchin' Shorties (TVDB: 81503)                           |
[2022-11-06 12:20:33,307] [builder.py:1982]           [INFO]     | Comedy Central Collection | ? | Sports Show with Norm Macdonald (TVDB: 246451)                     |
[2022-11-06 12:20:33,482] [builder.py:1982]           [INFO]     | Comedy Central Collection | ? | Jon Benjamin Has a Van (TVDB: 249373)                              |
[2022-11-06 12:20:33,945] [builder.py:1982]           [INFO]     | Comedy Central Collection | ? | MADtv (TVDB: 77897)                                                |
[2022-11-06 12:20:34,113] [builder.py:1982]           [INFO]     | Comedy Central Collection | ? | Ayo and Rachel are Single (TVDB: 385716)                           |
[2022-11-06 12:20:34,434] [builder.py:1982]           [INFO]     | Comedy Central Collection | ? | Comedy Central Stand-Up Presents… (TVDB: 259073)                   |
[2022-11-06 12:20:34,606] [builder.py:1982]           [INFO]     | Comedy Central Collection | ? | Comic Groove (TVDB: 71287)                                         |
[2022-11-06 12:20:34,794] [builder.py:1982]           [INFO]     | Comedy Central Collection | ? | Bill Burr Presents: The Ringers (TVDB: 375049)                     |
[2022-11-06 12:20:34,945] [builder.py:1982]           [INFO]     | Comedy Central Collection | ? | The Graham Norton Effect (TVDB: 271983)                            |
[2022-11-06 12:20:35,127] [builder.py:1982]           [INFO]     | Comedy Central Collection | ? | Workaholics: The Other Cubicle (TVDB: 278989)                      |
[2022-11-06 12:20:35,337] [builder.py:1982]           [INFO]     | Comedy Central Collection | ? | The Benson Interruption (TVDB: 201021)                             |
[2022-11-06 12:20:35,519] [builder.py:1982]           [INFO]     | Comedy Central Collection | ? | Kid Notorious (TVDB: 72827)                                        |
[2022-11-06 12:20:35,694] [builder.py:1982]           [INFO]     | Comedy Central Collection | ? | Good Talk with Anthony Jeselnik (TVDB: 365980)                     |
[2022-11-06 12:20:35,872] [builder.py:1982]           [INFO]     | Comedy Central Collection | ? | Tha God's Honest Truth with Charlamagne Tha God (TVDB: 407292)     |
[2022-11-06 12:20:36,044] [builder.py:1982]           [INFO]     | Comedy Central Collection | ? | Nothing to Report (TVDB: 294922)                                   |
[2022-11-06 12:20:36,205] [builder.py:1982]           [INFO]     | Comedy Central Collection | ? | Everybody Still Hates Chris (TVDB: 423040)                         |
[2022-11-06 12:20:36,397] [builder.py:1982]           [INFO]     | Comedy Central Collection | ? | The Comedy Jam (TVDB: 320984)                                      |
[2022-11-06 12:20:36,446] [builder.py:1977]           [ERROR]    | TVDb Error: Could not find a TVDb Series using TVDb Series ID: 258985                              |
[2022-11-06 12:20:36,617] [builder.py:1982]           [INFO]     | Comedy Central Collection | ? | Michael and Michael Have Issues (TVDB: 105331)                     |
[2022-11-06 12:20:36,816] [builder.py:1982]           [INFO]     | Comedy Central Collection | ? | Doing the Most with Phoebe Robinson (TVDB: 400553)                 |
[2022-11-06 12:20:37,027] [builder.py:1982]           [INFO]     | Comedy Central Collection | ? | Fairview (TVDB: 411376)                                            |
[2022-11-06 12:20:37,176] [builder.py:1982]           [INFO]     | Comedy Central Collection | ? | The Hollow Men (TVDB: 75887)                                       |
[2022-11-06 12:20:37,354] [builder.py:1982]           [INFO]     | Comedy Central Collection | ? | Exit 57 (TVDB: 77229)                                              |
[2022-11-06 12:20:37,607] [builder.py:1982]           [INFO]     | Comedy Central Collection | ? | Night of Too Many Stars (TVDB: 81786)                              |
[2022-11-06 12:20:37,819] [builder.py:1982]           [INFO]     | Comedy Central Collection | ? | John Oliver's New York Stand-Up Show (TVDB: 136521)                |
[2022-11-06 12:20:38,022] [builder.py:1982]           [INFO]     | Comedy Central Collection | ? | The Burn With Jeff Ross (TVDB: 261222)                             |
[2022-11-06 12:20:38,232] [builder.py:1982]           [INFO]     | Comedy Central Collection | ? | Hood Adjacent With James Davis (TVDB: 330626)                      |
[2022-11-06 12:20:38,388] [builder.py:1982]           [INFO]     | Comedy Central Collection | ? | Russell Simmons Presents The Ruckus (TVDB: 256295)                 |
[2022-11-06 12:20:38,621] [builder.py:1982]           [INFO]     | Comedy Central Collection | ? | The Legend of Neil (TVDB: 91691)                                   |
[2022-11-06 12:20:38,789] [builder.py:1982]           [INFO]     | Comedy Central Collection | ? | The New Negroes (TVDB: 361392)                                     |
[2022-11-06 12:20:38,952] [builder.py:1982]           [INFO]     | Comedy Central Collection | ? | Onion SportsDome (TVDB: 209551)                                    |
[2022-11-06 12:20:39,137] [builder.py:1982]           [INFO]     | Comedy Central Collection | ? | The Jeselnik Offensive (TVDB: 266112)                              |
[2022-11-06 12:20:39,329] [builder.py:1982]           [INFO]     | Comedy Central Collection | ? | The Fake News with Ted Nelms (TVDB: 339235)                        |
[2022-11-06 12:20:39,516] [builder.py:1982]           [INFO]     | Comedy Central Collection | ? | Hall of Flame: Top 100 Comedy Central Roast Moments (TVDB: 400200) |
[2022-11-06 12:20:39,668] [builder.py:1982]           [INFO]     | Comedy Central Collection | ? | Gnarnia (TVDB: 383319)                                             |
[2022-11-06 12:20:39,717] [builder.py:1977]           [ERROR]    | TVDb Error: Could not find a TVDb Series using TVDb Series ID: 195531                              |
[2022-11-06 12:20:39,900] [builder.py:1982]           [INFO]     | Comedy Central Collection | ? | Balls of Steel Australia (TVDB: 248103)                            |
[2022-11-06 12:20:40,079] [builder.py:1982]           [INFO]     | Comedy Central Collection | ? | Dirty, Sexy, Funny (TVDB: 203841)                                  |
[2022-11-06 12:20:40,245] [builder.py:1982]           [INFO]     | Comedy Central Collection | ? | Comic Remix (TVDB: 71244)                                          |
[2022-11-06 12:20:40,433] [builder.py:1982]           [INFO]     | Comedy Central Collection | ? | Let's Bowl (TVDB: 71110)                                           |
[2022-11-06 12:20:40,915] [builder.py:1982]           [INFO]     | Comedy Central Collection | ? | Con (TVDB: 74909)                                                  |
[2022-11-06 12:20:41,075] [builder.py:1982]           [INFO]     | Comedy Central Collection | ? | Gerhard Reinke's Wanderlust (TVDB: 78983)                          |
[2022-11-06 12:20:41,075] [builder.py:1986]           [INFO]     |                                                                                                    |
[2022-11-06 12:20:41,075] [builder.py:1987]           [INFO]     | 141 Shows Missing                                                                                  |
[2022-11-06 12:20:41,350] [builder.py:2147]           [INFO]     |                                                                                                    |
[2022-11-06 12:20:41,351] [util.py:216]               [INFO]     |========================== Updating Details of Comedy Central Collection ===========================|
[2022-11-06 12:20:41,351] [builder.py:2149]           [INFO]     |                                                                                                    |
[2022-11-06 12:20:41,352] [builder.py:2258]           [DEBUG]    | 1 posters found:                                                                                   |
[2022-11-06 12:20:41,352] [builder.py:2260]           [DEBUG]    | Method: url_poster Poster: https://theposterdb.com/api/assets/193571                               |
[2022-11-06 12:20:41,352] [builder.py:2327]           [INFO]     | No background collection detail or asset folder found                                              |
[2022-11-06 12:20:41,353] [library.py:147]            [INFO]     | Detail: poster update not needed                                                                   |
[2022-11-06 12:20:41,415] [plex_meta_manager.py:880]  [INFO]     |                                                                                                    |
[2022-11-06 12:20:41,416] [util.py:209]               [INFO]     |====================================================================================================|
[2022-11-06 12:20:41,416] [util.py:216]               [INFO]     |                                 Finished Comedy Central Collection                                 |
[2022-11-06 12:20:41,416] [util.py:216]               [INFO]     |                                    Collection Run Time: 0:00:40                                    |
[2022-11-06 12:20:41,417] [util.py:220]               [INFO]     |====================================================================================================|
