[2022-01-16 14:55:01,054] [util.py:209]               [INFO]     |====================================================================================================|
[2022-01-16 14:55:01,054] [util.py:216]               [INFO]     |                                 Gerard Butler Collection in Movies                                 |
[2022-01-16 14:55:01,055] [util.py:220]               [INFO]     |====================================================================================================|
[2022-01-16 14:55:01,055] [plex_meta_manager.py:750]  [INFO]     |                                                                                                    |
[2022-01-16 14:55:01,056] [util.py:216]               [INFO]     |=============================== Validating Gerard Butler Attributes ================================|
[2022-01-16 14:55:01,056] [builder.py:265]            [DEBUG]    |                                                                                                    |
[2022-01-16 14:55:01,057] [builder.py:266]            [DEBUG]    | Validating Method: template                                                                        |
[2022-01-16 14:55:01,057] [meta.py:83]                [DEBUG]    | Value: ordereddict([('name', 'people'), ('person', 17276)])                                        |
[2022-01-16 14:55:01,057] [builder.py:367]            [DEBUG]    |                                                                                                    |
[2022-01-16 14:55:01,057] [builder.py:368]            [DEBUG]    | Validating Method: tmdb_person                                                                     |
[2022-01-16 14:55:01,058] [builder.py:372]            [DEBUG]    | Value: 17276                                                                                       |
[2022-01-16 14:55:01,197] [builder.py:453]            [DEBUG]    |                                                                                                    |
[2022-01-16 14:55:01,197] [builder.py:454]            [DEBUG]    | Validating Method: collection_order                                                                |
[2022-01-16 14:55:01,197] [builder.py:455]            [DEBUG]    | Value: release                                                                                     |
[2022-01-16 14:55:01,198] [builder.py:472]            [DEBUG]    |                                                                                                    |
[2022-01-16 14:55:01,198] [builder.py:473]            [DEBUG]    | Validating Method: actor                                                                           |
[2022-01-16 14:55:01,198] [builder.py:474]            [DEBUG]    | Value: tmdb                                                                                        |
[2022-01-16 14:55:01,239] [builder.py:472]            [DEBUG]    |                                                                                                    |
[2022-01-16 14:55:01,239] [builder.py:473]            [DEBUG]    | Validating Method: sort_title                                                                      |
[2022-01-16 14:55:01,240] [builder.py:474]            [DEBUG]    | Value: ++_Gerard Butler                                                                            |
[2022-01-16 14:55:01,244] [plex.py:685]               [DEBUG]    | Looking for: Gerard Butler                                                                         |
[2022-01-16 14:55:01,245] [builder.py:619]            [INFO]     |                                                                                                    |
[2022-01-16 14:55:01,245] [builder.py:620]            [INFO]     | Validation Successful                                                                              |
[2022-01-16 14:55:01,246] [plex_meta_manager.py:758]  [INFO]     |                                                                                                    |
[2022-01-16 14:55:01,247] [util.py:216]               [INFO]     |================================= Running Gerard Butler Collection =================================|
[2022-01-16 14:55:01,247] [plex_meta_manager.py:773]  [INFO]     |                                                                                                    |
[2022-01-16 14:55:01,247] [plex_meta_manager.py:774]  [INFO]     | Sync Mode: append                                                                                  |
[2022-01-16 14:55:01,248] [builder.py:1275]           [DEBUG]    |                                                                                                    |
[2022-01-16 14:55:01,248] [builder.py:1276]           [DEBUG]    | Builder: plex_search: (1, 'Plex Movie Search\nSort By: title.asc\nFilter:\n  Match any of the following:\n    Actor is Gerard Butler', '?type=1&sort=titleSort&push=1&actor=22055&pop=1') |
[2022-01-16 14:55:01,248] [builder.py:1277]           [INFO]     |                                                                                                    |
[2022-01-16 14:55:01,249] [util.py:161]               [INFO]     | Plex Movie Search                                                                                  |
[2022-01-16 14:55:01,249] [util.py:161]               [INFO]     | Sort By: title.asc                                                                                 |
[2022-01-16 14:55:01,250] [util.py:161]               [INFO]     | Filter:                                                                                            |
[2022-01-16 14:55:01,250] [util.py:161]               [INFO]     |   Match any of the following:                                                                      |
[2022-01-16 14:55:01,250] [util.py:161]               [INFO]     |     Actor is Gerard Butler                                                                         |
[2022-01-16 14:55:01,262] [plex.py:746]               [DEBUG]    |                                                                                                    |
[2022-01-16 14:55:01,263] [plex.py:747]               [DEBUG]    | 2 Keys Found: [(32007, 'ratingKey'), (32035, 'ratingKey')]                                         |
[2022-01-16 14:55:01,263] [builder.py:1282]           [DEBUG]    |                                                                                                    |
[2022-01-16 14:55:01,263] [builder.py:1283]           [DEBUG]    | 2 IDs Found: [(32007, 'ratingKey'), (32035, 'ratingKey')]                                          |
[2022-01-16 14:55:01,264] [builder.py:1284]           [DEBUG]    |                                                                                                    |
[2022-01-16 14:55:01,327] [builder.py:1697]           [INFO]     |                                                                                                    |
[2022-01-16 14:55:01,328] [util.py:216]               [INFO]     |================================ Adding to Gerard Butler Collection ================================|
[2022-01-16 14:55:01,329] [builder.py:1699]           [INFO]     |                                                                                                    |
[2022-01-16 14:55:01,329] [builder.py:1709]           [INFO]     | 1/2 | Gerard Butler Collection | + | How to Train Your Dragon (2010)                               |
[2022-01-16 14:55:01,518] [builder.py:1709]           [INFO]     | 2/2 | Gerard Butler Collection | + | How to Train Your Dragon 2 (2014)                             |
[2022-01-16 14:55:01,683] [builder.py:1734]           [INFO]     |                                                                                                    |
[2022-01-16 14:55:01,684] [builder.py:1735]           [INFO]     | 2 Movies Processed                                                                                 |
[2022-01-16 14:55:01,689] [builder.py:2147]           [INFO]     |                                                                                                    |
[2022-01-16 14:55:01,689] [util.py:216]               [INFO]     |=========================== Updating Details of Gerard Butler Collection ===========================|
[2022-01-16 14:55:01,690] [builder.py:2149]           [INFO]     |                                                                                                    |
[2022-01-16 14:55:01,690] [builder.py:2156]           [INFO]     | Detail: tmdb_person updated Collection Summary                                                     |
[2022-01-16 14:55:01,691] [builder.py:2193]           [INFO]     | Detail: sort_title updated Collection Sort Title to ++_Gerard Butler                               |
[2022-01-16 14:55:01,691] [builder.py:2235]           [DEBUG]    | {'summary.value': "Gerard James Butler (born 13 November 1969) is a Scottish actor who has appeared on film, stage, and television.\n\nA trained lawyer, Butler turned to acting in the mid-1990s with small roles in productions such as the James Bond film Tomorrow Never Dies (1997), which he followed with steady work on television, most notably in the American miniseries Attila (2001).\n\nHe garnered critical acclaim for his breakthrough work as the lead in Joel Schumacher's 2004 film adaptation of the musical The Phantom of the Opera. In 2007, Butler gained worldwide recognition through his portrayal of King Leonidas in the film 300. Since then, he has appeared in projects including P.S. I Love You (2007), Nim's Island (2008), RocknRolla (2008), The Ugly Truth (2009), Gamer (2009), Law Abiding Citizen (2009), The Bounty Hunter (2010), and How to Train Your Dragon (2010). Description above from the Wikipedia article Gerard Butler, licensed under CC-BY-SA, full list of contributors on Wikipedia.", 'summary.locked': 1, 'titleSort.value': '++_Gerard Butler', 'titleSort.locked': 1} |
[2022-01-16 14:55:01,706] [builder.py:2237]           [INFO]     | Details: have been updated                                                                         |
[2022-01-16 14:55:01,706] [builder.py:2258]           [DEBUG]    | 1 posters found:                                                                                   |
[2022-01-16 14:55:01,707] [builder.py:2260]           [DEBUG]    | Method: tmdb_person Poster: https://image.tmdb.org/t/p/original/1vRHSuQtLEUAXqKO3l1mjUxd4j4.jpg    |
[2022-01-16 14:55:01,707] [builder.py:2327]           [INFO]     | No background collection detail or asset folder found                                              |
[2022-01-16 14:55:01,746] [library.py:145]            [INFO]     | Detail: tmdb_person updated poster to [URL] https://image.tmdb.org/t/p/original/1vRHSuQtLEUAXqKO3l1mjUxd4j4.jpg |
[2022-01-16 14:55:02,284] [plex_meta_manager.py:880]  [INFO]     |                                                                                                    |
[2022-01-16 14:55:02,285] [util.py:209]               [INFO]     |====================================================================================================|
[2022-01-16 14:55:02,286] [util.py:216]               [INFO]     |                                 Finished Gerard Butler Collection                                  |
[2022-01-16 14:55:02,286] [util.py:216]               [INFO]     |                                    Collection Run Time: 0:00:01                                    |
[2022-01-16 14:55:02,287] [util.py:220]               [INFO]     |====================================================================================================|
