[2022-03-18 14:06:15,970] [util.py:209]               [INFO]     |====================================================================================================|
[2022-03-18 14:06:15,971] [util.py:216]               [INFO]     |                                Mindfuck Movies Collection in Movies                                |
[2022-03-18 14:06:15,972] [util.py:220]               [INFO]     |====================================================================================================|
[2022-03-18 14:06:15,972] [plex_meta_manager.py:750]  [INFO]     |                                                                                                    |
[2022-03-18 14:06:15,973] [util.py:216]               [INFO]     |============================== Validating Mindfuck Movies Attributes ===============================|
[2022-03-18 14:06:15,973] [builder.py:330]            [DEBUG]    |                                                                                                    |
[2022-03-18 14:06:15,974] [builder.py:331]            [DEBUG]    | Validating Method: sync_mode                                                                       |
[2022-03-18 14:06:15,974] [builder.py:335]            [DEBUG]    | Value: sync                                                                                        |
[2022-03-18 14:06:15,974] [builder.py:389]            [DEBUG]    |                                                                                                    |
[2022-03-18 14:06:15,975] [builder.py:390]            [DEBUG]    | Validating Method: smart_label                                                                     |
[2022-03-18 14:06:15,975] [builder.py:395]            [DEBUG]    | Value: critic_rating.desc                                                                          |
[2022-03-18 14:06:15,975] [builder.py:472]            [DEBUG]    |                                                                                                    |
[2022-03-18 14:06:15,975] [builder.py:473]            [DEBUG]    | Validating Method: trakt_list                                                                      |
[2022-03-18 14:06:15,976] [builder.py:474]            [DEBUG]    | Value: ['https://trakt.tv/users/hdlists/lists/mindfuck-movies', 'https://trakt.tv/users/benfranklin/lists/best-mindfucks'] |
[2022-03-18 14:06:16,210] [builder.py:472]            [DEBUG]    |                                                                                                    |
[2022-03-18 14:06:16,210] [builder.py:473]            [DEBUG]    | Validating Method: summary                                                                         |
[2022-03-18 14:06:16,210] [builder.py:474]            [DEBUG]    | Value: There’s nothing greater than a film that makes you think. A film that lingers on your mind long after the credits have rolled and is the subject of many conversation and discussion. Trying to piece together the puzzle of what you saw and coming to a conclusion that makes sense or still doesn’t add up. |
[2022-03-18 14:06:16,211] [builder.py:472]            [DEBUG]    |                                                                                                    |
[2022-03-18 14:06:16,211] [builder.py:473]            [DEBUG]    | Validating Method: sort_title                                                                      |
[2022-03-18 14:06:16,211] [builder.py:474]            [DEBUG]    | Value: +3_Mindfuck Movies                                                                          |
[2022-03-18 14:06:16,212] [builder.py:472]            [DEBUG]    |                                                                                                    |
[2022-03-18 14:06:16,212] [builder.py:473]            [DEBUG]    | Validating Method: url_poster                                                                      |
[2022-03-18 14:06:16,212] [builder.py:474]            [DEBUG]    | Value: https://i.imgur.com/Tl6QMgA.png                                                             |
[2022-03-18 14:06:16,212] [builder.py:472]            [DEBUG]    |                                                                                                    |
[2022-03-18 14:06:16,213] [builder.py:473]            [DEBUG]    | Validating Method: url_background                                                                  |
[2022-03-18 14:06:16,213] [builder.py:474]            [DEBUG]    | Value: https://i.imgur.com/DM1Im1X.jpeg                                                            |
[2022-03-18 14:06:16,224] [plex.py:685]               [DEBUG]    | Looking for: Mindfuck Movies                                                                       |
[2022-03-18 14:06:16,224] [builder.py:619]            [INFO]     |                                                                                                    |
[2022-03-18 14:06:16,230] [builder.py:620]            [INFO]     | Validation Successful                                                                              |
[2022-03-18 14:06:16,233] [plex_meta_manager.py:758]  [INFO]     |                                                                                                    |
[2022-03-18 14:06:16,234] [util.py:216]               [INFO]     |================================ Running Mindfuck Movies Collection ================================|
[2022-03-18 14:06:16,234] [plex_meta_manager.py:773]  [INFO]     |                                                                                                    |
[2022-03-18 14:06:16,235] [plex_meta_manager.py:774]  [INFO]     | Sync Mode: sync                                                                                    |
[2022-03-18 14:06:16,235] [builder.py:1275]           [DEBUG]    |                                                                                                    |
[2022-03-18 14:06:16,235] [builder.py:1276]           [DEBUG]    | Builder: trakt_list: https://trakt.tv/users/hdlists/lists/mindfuck-movies                          |
[2022-03-18 14:06:16,236] [builder.py:1277]           [INFO]     |                                                                                                    |
[2022-03-18 14:06:16,241] [trakt.py:231]              [INFO]     | Processing Trakt List: https://trakt.tv/users/hdlists/lists/mindfuck-movies                        |
[2022-03-18 14:06:16,364] [builder.py:1282]           [DEBUG]    |                                                                                                    |
[2022-03-18 14:06:16,364] [builder.py:1283]           [DEBUG]    | 273 IDs Found: [(656690, 'tmdb'), (577922, 'tmdb'), (500840, 'tmdb'), (496243, 'tmdb'), (475557, 'tmdb'), (568091, 'tmdb'), (458723, 'tmdb'), (569547, 'tmdb'), (529216, 'tmdb'), (486947, 'tmdb'), (489999, 'tmdb'), (491584, 'tmdb'), (300668, 'tmdb'), (392044, 'tmdb'), (411999, 'tmdb'), (343674, 'tmdb'), (432836, 'tmdb'), (351460, 'tmdb'), (432976, 'tmdb'), (376134, 'tmdb'), (315837, 'tmdb'), (340676, 'tmdb'), (419430, 'tmdb'), (340837, 'tmdb'), (381288, 'tmdb'), (411088, 'tmdb'), (329865, 'tmdb'), (372058, 'tmdb'), (324807, 'tmdb'), (313922, 'tmdb'), (333371, 'tmdb'), (321258, 'tmdb'), (294963, 'tmdb'), (254320, 'tmdb'), (284303, 'tmdb'), (300542, 'tmdb'), (328425, 'tmdb'), (306947, 'tmdb'), (354667, 'tmdb'), (335866, 'tmdb'), (264660, 'tmdb'), (206487, 'tmdb'), (296917, 'tmdb'), (194662, 'tmdb'), (157336, 'tmdb'), (204922, 'tmdb'), (253306, 'tmdb'), (244786, 'tmdb'), (246403, 'tmdb'), (157834, 'tmdb'), (110415, 'tmdb'), (137113, 'tmdb'), (273271, 'tmdb'), (210479, 'tmdb'), (157353, 'tmdb'), (184352, 'tmdb'), (242095, 'tmdb'), (181886, 'tmdb'), (97370, 'tmdb'), (215830, 'tmdb'), (219343, 'tmdb'), (157820, 'tmdb'), (220289, 'tmdb'), (145197, 'tmdb'), (86825, 'tmdb'), (111083, 'tmdb'), (83542, 'tmdb'), (103328, 'tmdb'), (59967, 'tmdb'), (68722, 'tmdb'), (116811, 'tmdb'), (64635, 'tmdb'), (22970, 'tmdb'), (85414, 'tmdb'), (31011, 'tmdb'), (61891, 'tmdb'), (50837, 'tmdb'), (63311, 'tmdb'), (64720, 'tmdb'), (71859, 'tmdb'), (80184, 'tmdb'), (62215, 'tmdb'), (8967, 'tmdb'), (48138, 'tmdb'), (44214, 'tmdb'), (48395, 'tmdb'), (45649, 'tmdb'), (34647, 'tmdb'), (27205, 'tmdb'), (59457, 'tmdb'), (45202, 'tmdb'), (36800, 'tmdb'), (11324, 'tmdb'), (32407, 'tmdb'), (26466, 'tmdb'), (38810, 'tmdb'), (42430, 'tmdb'), (19898, 'tmdb'), (21208, 'tmdb'), (17431, 'tmdb'), (17609, 'tmdb'), (14235, 'tmdb'), (14254, 'tmdb'), (20764, 'tmdb'), (4960, 'tmdb'), (13510, 'tmdb'), (9539, 'tmdb'), (14784, 'tmdb'), (4347, 'tmdb'), (5876, 'tmdb'), (8461, 'tmdb'), (6615, 'tmdb'), (14139, 'tmdb'), (1272, 'tmdb'), (3021, 'tmdb'), (13363, 'tmdb'), (14069, 'tmdb'), (3594, 'tmdb'), (1417, 'tmdb'), (1381, 'tmdb'), (1262, 'tmdb'), (9828, 'tmdb'), (1124, 'tmdb'), (4977, 'tmdb'), (1730, 'tmdb'), (1776, 'tmdb'), (1491, 'tmdb'), (3509, 'tmdb'), (300, 'tmdb'), (13318, 'tmdb'), (588, 'tmdb'), (186, 'tmdb'), (9270, 'tmdb'), (13198, 'tmdb'), (18045, 'tmdb'), (21136, 'tmdb'), (8066, 'tmdb'), (11559, 'tmdb'), (10851, 'tmdb'), (44502, 'tmdb'), (9913, 'tmdb'), (10226, 'tmdb'), (12580, 'tmdb'), (7364, 'tmdb'), (9667, 'tmdb'), (14517, 'tmdb'), (2652, 'tmdb'), (4553, 'tmdb'), (14337, 'tmdb'), (12877, 'tmdb'), (16133, 'tmdb'), (12140, 'tmdb'), (21781, 'tmdb'), (11662, 'tmdb'), (17110, 'tmdb'), (38, 'tmdb'), (1586, 'tmdb'), (1954, 'tmdb'), (11588, 'tmdb'), (587, 'tmdb'), (670, 'tmdb'), (8424, 'tmdb'), (9662, 'tmdb'), (12487, 'tmdb'), (4552, 'tmdb'), (553, 'tmdb'), (2832, 'tmdb'), (10782, 'tmdb'), (9613, 'tmdb'), (2757, 'tmdb'), (10133, 'tmdb'), (9357, 'tmdb'), (12079, 'tmdb'), (320, 'tmdb'), (979, 'tmdb'), (11468, 'tmdb'), (2637, 'tmdb'), (453, 'tmdb'), (1903, 'tmdb'), (12149, 'tmdb'), (10881, 'tmdb'), (141, 'tmdb'), (9081, 'tmdb'), (1018, 'tmdb'), (1933, 'tmdb'), (10972, 'tmdb'), (11075, 'tmdb'), (77, 'tmdb'), (9741, 'tmdb'), (641, 'tmdb'), (1359, 'tmdb'), (622, 'tmdb'), (3558, 'tmdb'), (334, 'tmdb'), (492, 'tmdb'), (550, 'tmdb'), (14, 'tmdb'), (10494, 'tmdb'), (745, 'tmdb'), (345, 'tmdb'), (1073, 'tmdb'), (104, 'tmdb'), (1946, 'tmdb'), (1090, 'tmdb'), (11660, 'tmdb'), (603, 'tmdb'), (12159, 'tmdb'), (431, 'tmdb'), (473, 'tmdb'), (37165, 'tmdb'), (1878, 'tmdb'), (2666, 'tmdb'), (1902, 'tmdb'), (2649, 'tmdb'), (10234, 'tmdb'), (638, 'tmdb'), (1592, 'tmdb'), (9323, 'tmdb'), (63, 'tmdb'), (902, 'tmdb'), (807, 'tmdb'), (629, 'tmdb'), (2654, 'tmdb'), (18215, 'tmdb'), (137, 'tmdb'), (86131, 'tmdb'), (2742, 'tmdb'), (290, 'tmdb'), (1483, 'tmdb'), (274, 'tmdb'), (2291, 'tmdb'), (483, 'tmdb'), (861, 'tmdb'), (14506, 'tmdb'), (635, 'tmdb'), (793, 'tmdb'), (68, 'tmdb'), (10176, 'tmdb'), (10957, 'tmdb'), (9314, 'tmdb'), (11707, 'tmdb'), (11336, 'tmdb'), (837, 'tmdb'), (11314, 'tmdb'), (12104, 'tmdb'), (78, 'tmdb'), (36819, 'tmdb'), (9538, 'tmdb'), (11542, 'tmdb'), (694, 'tmdb'), (1398, 'tmdb'), (985, 'tmdb'), (829, 'tmdb'), (16307, 'tmdb'), (8327, 'tmdb'), (12101, 'tmdb'), (593, 'tmdb'), (24559, 'tmdb'), (185, 'tmdb'), (636, 'tmdb'), (13041, 'tmdb'), (321130, 'tmdb'), (805, 'tmdb'), (4798, 'tmdb'), (62, 'tmdb'), (797, 'tmdb'), (20620, 'tmdb'), (396, 'tmdb'), (16093, 'tmdb'), (662, 'tmdb'), (539, 'tmdb'), (426, 'tmdb'), (827, 'tmdb')] |
[2022-03-18 14:06:16,365] [builder.py:1284]           [DEBUG]    |                                                                                                    |
[2022-03-18 14:06:18,055] [builder.py:1275]           [DEBUG]    |                                                                                                    |
[2022-03-18 14:06:18,056] [builder.py:1276]           [DEBUG]    | Builder: trakt_list: https://trakt.tv/users/benfranklin/lists/best-mindfucks                       |
[2022-03-18 14:06:18,056] [builder.py:1277]           [INFO]     |                                                                                                    |
[2022-03-18 14:06:18,056] [trakt.py:231]              [INFO]     | Processing Trakt List: https://trakt.tv/users/benfranklin/lists/best-mindfucks                     |
[2022-03-18 14:06:18,176] [builder.py:1282]           [DEBUG]    |                                                                                                    |
[2022-03-18 14:06:18,177] [builder.py:1283]           [DEBUG]    | 116 IDs Found: [(27205, 'tmdb'), (73739, 'tvdb'), (550, 'tmdb'), (745, 'tmdb'), (77, 'tmdb'), (14237, 'tmdb'), (453, 'tmdb'), (1124, 'tmdb'), (1491, 'tmdb'), (11324, 'tmdb'), (1813, 'tmdb'), (44214, 'tmdb'), (603, 'tmdb'), (694, 'tmdb'), (4553, 'tmdb'), (141, 'tmdb'), (1903, 'tmdb'), (2649, 'tmdb'), (3021, 'tmdb'), (1359, 'tmdb'), (629, 'tmdb'), (9741, 'tmdb'), (176, 'tmdb'), (431, 'tmdb'), (17431, 'tmdb'), (641, 'tmdb'), (64635, 'tmdb'), (8413, 'tmdb'), (45612, 'tmdb'), (13483, 'tmdb'), (31867, 'tmdb'), (63, 'tmdb'), (1946, 'tmdb'), (8843, 'tmdb'), (9667, 'tmdb'), (1933, 'tmdb'), (2832, 'tmdb'), (9315, 'tmdb'), (14462, 'tmdb'), (2163, 'tmdb'), (167, 'tmdb'), (9620, 'tmdb'), (861, 'tmdb'), (184, 'tmdb'), (1417, 'tmdb'), (4970, 'tmdb'), (2103, 'tmdb'), (12149, 'tmdb'), (1902, 'tmdb'), (2291, 'tmdb'), (9705, 'tmdb'), (10782, 'tmdb'), (7183, 'tmdb'), (320, 'tmdb'), (3580, 'tmdb'), (1635, 'tmdb'), (1954, 'tmdb'), (492, 'tmdb'), (55931, 'tmdb'), (21712, 'tmdb'), (1018, 'tmdb'), (38, 'tmdb'), (38050, 'tmdb'), (62, 'tmdb'), (345, 'tmdb'), (638, 'tmdb'), (2654, 'tmdb'), (2048, 'tmdb'), (16617, 'tmdb'), (121606, 'tmdb'), (34647, 'tmdb'), (12994, 'tmdb'), (26466, 'tmdb'), (9481, 'tmdb'), (2043, 'tmdb'), (68727, 'tmdb'), (9437, 'tmdb'), (94348, 'tmdb'), (10226, 'tmdb'), (9539, 'tmdb'), (14337, 'tmdb'), (68, 'tmdb'), (75656, 'tmdb'), (7551, 'tmdb'), (180, 'tmdb'), (4977, 'tmdb'), (10494, 'tmdb'), (13363, 'tmdb'), (32, 'tmdb'), (8066, 'tmdb'), (75612, 'tmdb'), (59436, 'tmdb'), (1090, 'tmdb'), (2666, 'tmdb'), (220289, 'tmdb'), (31011, 'tmdb'), (157547, 'tmdb'), (29917, 'tmdb'), (86597, 'tmdb'), (1592, 'tmdb'), (10851, 'tmdb'), (9282, 'tmdb'), (979, 'tmdb'), (11542, 'tmdb'), (470, 'tmdb'), (22970, 'tmdb'), (10981, 'tmdb'), (2757, 'tmdb'), (635, 'tmdb'), (104, 'tmdb'), (805, 'tmdb'), (539, 'tmdb'), (793, 'tmdb'), (1730, 'tmdb'), (194662, 'tmdb'), (206487, 'tmdb')] |
[2022-03-18 14:06:18,177] [builder.py:1284]           [DEBUG]    |                                                                                                    |
[2022-03-18 14:06:18,715] [builder.py:1697]           [INFO]     |                                                                                                    |
[2022-03-18 14:06:18,716] [util.py:216]               [INFO]     |=============================== Adding to Mindfuck Movies Collection ===============================|
[2022-03-18 14:06:18,716] [builder.py:1699]           [INFO]     |                                                                                                    |
[2022-03-18 14:06:18,920] [builder.py:1709]           [INFO]     |  1/45 | Mindfuck Movies Collection | = | Tenet (2020)                                              |
[2022-03-18 14:06:18,921] [builder.py:1709]           [INFO]     |  2/45 | Mindfuck Movies Collection | = | Parasite (2019)                                           |
[2022-03-18 14:06:18,921] [builder.py:1709]           [INFO]     |  3/45 | Mindfuck Movies Collection | = | Joker (2019)                                              |
[2022-03-18 14:06:18,922] [builder.py:1709]           [INFO]     |  4/45 | Mindfuck Movies Collection | = | Us (2019)                                                 |
[2022-03-18 14:06:18,923] [builder.py:1709]           [INFO]     |  5/45 | Mindfuck Movies Collection | = | Annihilation (2018)                                       |
[2022-03-18 14:06:18,923] [builder.py:1709]           [INFO]     |  6/45 | Mindfuck Movies Collection | = | Gerald's Game (2017)                                      |
[2022-03-18 14:06:18,924] [builder.py:1709]           [INFO]     |  7/45 | Mindfuck Movies Collection | = | Get Out (2017)                                            |
[2022-03-18 14:06:18,924] [builder.py:1709]           [INFO]     |  8/45 | Mindfuck Movies Collection | = | Arrival (2016)                                            |
[2022-03-18 14:06:18,925] [builder.py:1709]           [INFO]     |  9/45 | Mindfuck Movies Collection | = | Your Name. (2016)                                         |
[2022-03-18 14:06:18,926] [builder.py:1709]           [INFO]     | 10/45 | Mindfuck Movies Collection | = | Green Room (2015)                                         |
[2022-03-18 14:06:18,926] [builder.py:1709]           [INFO]     | 11/45 | Mindfuck Movies Collection | = | Ex Machina (2015)                                         |
[2022-03-18 14:06:18,927] [builder.py:1709]           [INFO]     | 12/45 | Mindfuck Movies Collection | = | Interstellar (2014)                                       |
[2022-03-18 14:06:18,927] [builder.py:1709]           [INFO]     | 13/45 | Mindfuck Movies Collection | = | Whiplash (2014)                                           |
[2022-03-18 14:06:18,928] [builder.py:1709]           [INFO]     | 14/45 | Mindfuck Movies Collection | = | Snowpiercer (2013)                                        |
[2022-03-18 14:06:18,928] [builder.py:1709]           [INFO]     | 15/45 | Mindfuck Movies Collection | = | The Cabin in the Woods (2012)                             |
[2022-03-18 14:06:18,929] [builder.py:1709]           [INFO]     | 16/45 | Mindfuck Movies Collection | = | Inception (2010)                                          |
[2022-03-18 14:06:18,929] [builder.py:1709]           [INFO]     | 17/45 | Mindfuck Movies Collection | = | The Fall (2008)                                           |
[2022-03-18 14:06:18,929] [builder.py:1709]           [INFO]     | 18/45 | Mindfuck Movies Collection | = | The Girl Who Leapt Through Time (2006)                    |
[2022-03-18 14:06:18,930] [builder.py:1709]           [INFO]     | 19/45 | Mindfuck Movies Collection | = | Pan's Labyrinth (2006)                                    |
[2022-03-18 14:06:18,930] [builder.py:1709]           [INFO]     | 20/45 | Mindfuck Movies Collection | = | The Prestige (2006)                                       |
[2022-03-18 14:06:18,931] [builder.py:1709]           [INFO]     | 21/45 | Mindfuck Movies Collection | = | Paprika (2006)                                            |
[2022-03-18 14:06:18,931] [builder.py:1709]           [INFO]     | 22/45 | Mindfuck Movies Collection | = | Sahara (2005)                                             |
[2022-03-18 14:06:18,932] [builder.py:1709]           [INFO]     | 23/45 | Mindfuck Movies Collection | = | Eternal Sunshine of the Spotless Mind (2004)              |
[2022-03-18 14:06:18,932] [builder.py:1709]           [INFO]     | 24/45 | Mindfuck Movies Collection | = | Oldboy (2003)                                             |
[2022-03-18 14:06:18,933] [builder.py:1709]           [INFO]     | 25/45 | Mindfuck Movies Collection | = | A Tale of Two Sisters (2003)                              |
[2022-03-18 14:06:18,933] [builder.py:1709]           [INFO]     | 26/45 | Mindfuck Movies Collection | = | Insomnia (2002)                                           |
[2022-03-18 14:06:18,934] [builder.py:1709]           [INFO]     | 27/45 | Mindfuck Movies Collection | = | Donnie Darko (2001)                                       |
[2022-03-18 14:06:18,934] [builder.py:1709]           [INFO]     | 28/45 | Mindfuck Movies Collection | = | Fight Club (1999)                                         |
[2022-03-18 14:06:18,935] [builder.py:1709]           [INFO]     | 29/45 | Mindfuck Movies Collection | = | Perfect Blue (1997)                                       |
[2022-03-18 14:06:18,935] [builder.py:1709]           [INFO]     | 30/45 | Mindfuck Movies Collection | = | Eyes Wide Shut (1999)                                     |
[2022-03-18 14:06:18,936] [builder.py:1709]           [INFO]     | 31/45 | Mindfuck Movies Collection | = | Following (1998)                                          |
[2022-03-18 14:06:18,936] [builder.py:1709]           [INFO]     | 32/45 | Mindfuck Movies Collection | = | The Matrix (1999)                                         |
[2022-03-18 14:06:18,936] [builder.py:1709]           [INFO]     | 33/45 | Mindfuck Movies Collection | = | The Truman Show (1998)                                    |
[2022-03-18 14:06:18,937] [builder.py:1709]           [INFO]     | 34/45 | Mindfuck Movies Collection | = | Se7en (1995)                                              |
[2022-03-18 14:06:18,937] [builder.py:1709]           [INFO]     | 35/45 | Mindfuck Movies Collection | = | The Usual Suspects (1995)                                 |
[2022-03-18 14:06:18,938] [builder.py:1709]           [INFO]     | 36/45 | Mindfuck Movies Collection | = | The Silence of the Lambs (1991)                           |
[2022-03-18 14:06:18,938] [builder.py:1709]           [INFO]     | 37/45 | Mindfuck Movies Collection | = | The Black Cauldron (1985)                                 |
[2022-03-18 14:06:18,939] [builder.py:1709]           [INFO]     | 38/45 | Mindfuck Movies Collection | = | Blade Runner (1982)                                       |
[2022-03-18 14:06:18,939] [builder.py:1709]           [INFO]     | 39/45 | Mindfuck Movies Collection | = | The Shining (1980)                                        |
[2022-03-18 14:06:18,940] [builder.py:1709]           [INFO]     | 40/45 | Mindfuck Movies Collection | = | Soylent Green (1973)                                      |
[2022-03-18 14:06:18,942] [builder.py:1709]           [INFO]     | 41/45 | Mindfuck Movies Collection | = | A Clockwork Orange (1971)                                 |
[2022-03-18 14:06:18,943] [builder.py:1709]           [INFO]     | 42/45 | Mindfuck Movies Collection | = | Rosemary's Baby (1968)                                    |
[2022-03-18 14:06:18,943] [builder.py:1709]           [INFO]     | 43/45 | Mindfuck Movies Collection | = | 2001: A Space Odyssey (1968)                              |
[2022-03-18 14:06:18,944] [builder.py:1709]           [INFO]     | 44/45 | Mindfuck Movies Collection | = | Psycho (1960)                                             |
[2022-03-18 14:06:18,944] [builder.py:1709]           [INFO]     | 45/45 | Mindfuck Movies Collection | = | Jackie Brown (1997)                                       |
[2022-03-18 14:06:18,945] [builder.py:1734]           [INFO]     |                                                                                                    |
[2022-03-18 14:06:18,945] [builder.py:1735]           [INFO]     | 45 Movies Processed                                                                                |
[2022-03-18 14:06:18,946] [builder.py:1929]           [INFO]     |                                                                                                    |
[2022-03-18 14:06:18,947] [util.py:216]               [INFO]     |=========================== Missing Movies from Library: Mindfuck Movies ===========================|
[2022-03-18 14:06:18,947] [builder.py:1931]           [INFO]     |                                                                                                    |
[2022-03-18 14:06:19,150] [builder.py:1943]           [INFO]     | Mindfuck Movies Collection | ? | The Social Dilemma (2020) (TMDb: 656690)                          |
[2022-03-18 14:06:19,411] [builder.py:1943]           [INFO]     | Mindfuck Movies Collection | ? | I'm Thinking of Ending Things (2020) (TMDb: 500840)               |
[2022-03-18 14:06:19,677] [builder.py:1943]           [INFO]     | Mindfuck Movies Collection | ? | Fractured (2019) (TMDb: 568091)                                   |
[2022-03-18 14:06:19,873] [builder.py:1943]           [INFO]     | Mindfuck Movies Collection | ? | Black Mirror: Bandersnatch (2018) (TMDb: 569547)                  |
[2022-03-18 14:06:20,073] [builder.py:1943]           [INFO]     | Mindfuck Movies Collection | ? | Mirage (2018) (TMDb: 529216)                                      |
[2022-03-18 14:06:20,277] [builder.py:1943]           [INFO]     | Mindfuck Movies Collection | ? | The Guilty (2018) (TMDb: 486947)                                  |
[2022-03-18 14:06:20,483] [builder.py:1943]           [INFO]     | Mindfuck Movies Collection | ? | Searching (2018) (TMDb: 489999)                                   |
[2022-03-18 14:06:20,688] [builder.py:1943]           [INFO]     | Mindfuck Movies Collection | ? | Burning (2018) (TMDb: 491584)                                     |
[2022-03-18 14:06:20,897] [builder.py:1943]           [INFO]     | Mindfuck Movies Collection | ? | Murder on the Orient Express (2017) (TMDb: 392044)                |
[2022-03-18 14:06:21,096] [builder.py:1943]           [INFO]     | Mindfuck Movies Collection | ? | OtherLife (2017) (TMDb: 411999)                                   |
[2022-03-18 14:06:21,291] [builder.py:1943]           [INFO]     | Mindfuck Movies Collection | ? | Memoir of a Murderer (2017) (TMDb: 432836)                        |
[2022-03-18 14:06:21,496] [builder.py:1943]           [INFO]     | Mindfuck Movies Collection | ? | Death Note (2017) (TMDb: 351460)                                  |
[2022-03-18 14:06:21,695] [builder.py:1943]           [INFO]     | Mindfuck Movies Collection | ? | Icarus (2017) (TMDb: 432976)                                      |
[2022-03-18 14:06:21,892] [builder.py:1943]           [INFO]     | Mindfuck Movies Collection | ? | The Discovery (2017) (TMDb: 376134)                               |
[2022-03-18 14:06:22,163] [builder.py:1943]           [INFO]     | Mindfuck Movies Collection | ? | Ghost in the Shell (2017) (TMDb: 315837)                          |
[2022-03-18 14:06:22,365] [builder.py:1943]           [INFO]     | Mindfuck Movies Collection | ? | Personal Shopper (2016) (TMDb: 340676)                            |
[2022-03-18 14:06:22,645] [builder.py:1943]           [INFO]     | Mindfuck Movies Collection | ? | A Cure for Wellness (2017) (TMDb: 340837)                         |
[2022-03-18 14:06:22,858] [builder.py:1943]           [INFO]     | Mindfuck Movies Collection | ? | Split (2017) (TMDb: 381288)                                       |
[2022-03-18 14:06:23,114] [builder.py:1943]           [INFO]     | Mindfuck Movies Collection | ? | The Invisible Guest (2017) (TMDb: 411088)                         |
[2022-03-18 14:06:23,357] [builder.py:1943]           [INFO]     | Mindfuck Movies Collection | ? | A Bigger Splash (2015) (TMDb: 324807)                             |
[2022-03-18 14:06:23,567] [builder.py:1943]           [INFO]     | Mindfuck Movies Collection | ? | 10 Cloverfield Lane (2016) (TMDb: 333371)                         |
[2022-03-18 14:06:23,835] [builder.py:1943]           [INFO]     | Mindfuck Movies Collection | ? | The Boy (2016) (TMDb: 321258)                                     |
[2022-03-18 14:06:24,097] [builder.py:1943]           [INFO]     | Mindfuck Movies Collection | ? | Bone Tomahawk (2015) (TMDb: 294963)                               |
[2022-03-18 14:06:24,301] [builder.py:1943]           [INFO]     | Mindfuck Movies Collection | ? | The Lobster (2015) (TMDb: 254320)                                 |
[2022-03-18 14:06:24,498] [builder.py:1943]           [INFO]     | Mindfuck Movies Collection | ? | Goodnight Mommy (2014) (TMDb: 284303)                             |
[2022-03-18 14:06:24,696] [builder.py:1943]           [INFO]     | Mindfuck Movies Collection | ? | Queen of Earth (2015) (TMDb: 300542)                              |
[2022-03-18 14:06:24,898] [builder.py:1943]           [INFO]     | Mindfuck Movies Collection | ? | The Gift (2015) (TMDb: 328425)                                    |
[2022-03-18 14:06:25,101] [builder.py:1943]           [INFO]     | Mindfuck Movies Collection | ? | The Invitation (2015) (TMDb: 306947)                              |
[2022-03-18 14:06:25,294] [builder.py:1943]           [INFO]     | Mindfuck Movies Collection | ? | RangiTaranga (2015) (TMDb: 354667)                                |
[2022-03-18 14:06:25,492] [builder.py:1943]           [INFO]     | Mindfuck Movies Collection | ? | Circle (2015) (TMDb: 335866)                                      |
[2022-03-18 14:06:25,696] [builder.py:1943]           [INFO]     | Mindfuck Movies Collection | ? | Predestination (2014) (TMDb: 206487)                              |
[2022-03-18 14:06:25,893] [builder.py:1943]           [INFO]     | Mindfuck Movies Collection | ? | Psycho-Pass: The Movie (2015) (TMDb: 296917)                      |
[2022-03-18 14:06:26,116] [builder.py:1943]           [INFO]     | Mindfuck Movies Collection | ? | Birdman or (The Unexpected Virtue of Ignorance) (2014) (TMDb: 194662) |
[2022-03-18 14:06:26,328] [builder.py:1943]           [INFO]     | Mindfuck Movies Collection | ? | Before I Go to Sleep (2014) (TMDb: 204922)                        |
[2022-03-18 14:06:26,573] [builder.py:1943]           [INFO]     | Mindfuck Movies Collection | ? | Housebound (2014) (TMDb: 253306)                                  |
[2022-03-18 14:06:26,783] [builder.py:1943]           [INFO]     | Mindfuck Movies Collection | ? | Tusk (2014) (TMDb: 246403)                                        |
[2022-03-18 14:06:26,985] [builder.py:1943]           [INFO]     | Mindfuck Movies Collection | ? | The Zero Theorem (2013) (TMDb: 157834)                            |
[2022-03-18 14:06:27,250] [builder.py:1943]           [INFO]     | Mindfuck Movies Collection | ? | Edge of Tomorrow (2014) (TMDb: 137113)                            |
[2022-03-18 14:06:27,448] [builder.py:1943]           [INFO]     | Mindfuck Movies Collection | ? | Time Lapse (2014) (TMDb: 273271)                                  |
[2022-03-18 14:06:27,650] [builder.py:1943]           [INFO]     | Mindfuck Movies Collection | ? | Locke (2014) (TMDb: 210479)                                       |
[2022-03-18 14:06:27,860] [builder.py:1943]           [INFO]     | Mindfuck Movies Collection | ? | Transcendence (2014) (TMDb: 157353)                               |
[2022-03-18 14:06:28,056] [builder.py:1943]           [INFO]     | Mindfuck Movies Collection | ? | Tom at the Farm (2014) (TMDb: 184352)                             |
[2022-03-18 14:06:28,262] [builder.py:1943]           [INFO]     | Mindfuck Movies Collection | ? | The Signal (2014) (TMDb: 242095)                                  |
[2022-03-18 14:06:28,465] [builder.py:1943]           [INFO]     | Mindfuck Movies Collection | ? | Enemy (2013) (TMDb: 181886)                                       |
[2022-03-18 14:06:28,666] [builder.py:1943]           [INFO]     | Mindfuck Movies Collection | ? | Under the Skin (2014) (TMDb: 97370)                               |
[2022-03-18 14:06:28,868] [builder.py:1943]           [INFO]     | Mindfuck Movies Collection | ? | Open Grave (2013) (TMDb: 215830)                                  |
[2022-03-18 14:06:29,062] [builder.py:1943]           [INFO]     | Mindfuck Movies Collection | ? | Lucia (2013) (TMDb: 219343)                                       |
[2022-03-18 14:06:29,316] [builder.py:1943]           [INFO]     | Mindfuck Movies Collection | ? | Mood Indigo (2013) (TMDb: 157820)                                 |
[2022-03-18 14:06:29,575] [builder.py:1943]           [INFO]     | Mindfuck Movies Collection | ? | Coherence (2013) (TMDb: 220289)                                   |
[2022-03-18 14:06:29,772] [builder.py:1943]           [INFO]     | Mindfuck Movies Collection | ? | Upstream Color (2013) (TMDb: 145197)                              |
[2022-03-18 14:06:29,976] [builder.py:1943]           [INFO]     | Mindfuck Movies Collection | ? | Stoker (2013) (TMDb: 86825)                                       |
[2022-03-18 14:06:30,177] [builder.py:1943]           [INFO]     | Mindfuck Movies Collection | ? | The Body (2012) (TMDb: 111083)                                    |
[2022-03-18 14:06:30,437] [builder.py:1943]           [INFO]     | Mindfuck Movies Collection | ? | Cloud Atlas (2012) (TMDb: 83542)                                  |
[2022-03-18 14:06:30,699] [builder.py:1943]           [INFO]     | Mindfuck Movies Collection | ? | Holy Motors (2012) (TMDb: 103328)                                 |
[2022-03-18 14:06:30,931] [builder.py:1943]           [INFO]     | Mindfuck Movies Collection | ? | Looper (2012) (TMDb: 59967)                                       |
[2022-03-18 14:06:31,138] [builder.py:1943]           [INFO]     | Mindfuck Movies Collection | ? | The Master (2012) (TMDb: 68722)                                   |
[2022-03-18 14:06:31,336] [builder.py:1943]           [INFO]     | Mindfuck Movies Collection | ? | Berberian Sound Studio (2012) (TMDb: 116811)                      |
[2022-03-18 14:06:31,545] [builder.py:1943]           [INFO]     | Mindfuck Movies Collection | ? | Total Recall (2012) (TMDb: 64635)                                 |
[2022-03-18 14:06:31,745] [builder.py:1943]           [INFO]     | Mindfuck Movies Collection | ? | Brake (2012) (TMDb: 85414)                                        |
[2022-03-18 14:06:31,748] [builder.py:1943]           [INFO]     | Mindfuck Movies Collection | ? | Mr. Nobody (2009) (TMDb: 31011)                                   |
[2022-03-18 14:06:32,013] [builder.py:1943]           [INFO]     | Mindfuck Movies Collection | ? | Anonymous (2011) (TMDb: 61891)                                    |
[2022-03-18 14:06:32,213] [builder.py:1943]           [INFO]     | Mindfuck Movies Collection | ? | Martha Marcy May Marlene (2011) (TMDb: 50837)                     |
[2022-03-18 14:06:32,413] [builder.py:1943]           [INFO]     | Mindfuck Movies Collection | ? | The Skin I Live In (2011) (TMDb: 63311)                           |
[2022-03-18 14:06:32,614] [builder.py:1943]           [INFO]     | Mindfuck Movies Collection | ? | Take Shelter (2011) (TMDb: 64720)                                 |
[2022-03-18 14:06:32,816] [builder.py:1943]           [INFO]     | Mindfuck Movies Collection | ? | We Need to Talk About Kevin (2011) (TMDb: 71859)                  |
[2022-03-18 14:06:33,013] [builder.py:1943]           [INFO]     | Mindfuck Movies Collection | ? | The Hidden Face (2011) (TMDb: 80184)                              |
[2022-03-18 14:06:33,213] [builder.py:1943]           [INFO]     | Mindfuck Movies Collection | ? | Melancholia (2011) (TMDb: 62215)                                  |
[2022-03-18 14:06:33,419] [builder.py:1943]           [INFO]     | Mindfuck Movies Collection | ? | The Tree of Life (2011) (TMDb: 8967)                              |
[2022-03-18 14:06:33,629] [builder.py:1943]           [INFO]     | Mindfuck Movies Collection | ? | Unknown (2011) (TMDb: 48138)                                      |
[2022-03-18 14:06:33,842] [builder.py:1943]           [INFO]     | Mindfuck Movies Collection | ? | Black Swan (2010) (TMDb: 44214)                                   |
[2022-03-18 14:06:34,040] [builder.py:1943]           [INFO]     | Mindfuck Movies Collection | ? | Rare Exports: A Christmas Tale (2010) (TMDb: 48395)               |
[2022-03-18 14:06:34,242] [builder.py:1943]           [INFO]     | Mindfuck Movies Collection | ? | Rubber (2010) (TMDb: 45649)                                       |
[2022-03-18 14:06:34,440] [builder.py:1943]           [INFO]     | Mindfuck Movies Collection | ? | Enter the Void (2009) (TMDb: 34647)                               |
[2022-03-18 14:06:34,638] [builder.py:1943]           [INFO]     | Mindfuck Movies Collection | ? | Womb (2010) (TMDb: 59457)                                         |
[2022-03-18 14:06:34,836] [builder.py:1943]           [INFO]     | Mindfuck Movies Collection | ? | The Housemaid (2010) (TMDb: 45202)                                |
[2022-03-18 14:06:35,034] [builder.py:1943]           [INFO]     | Mindfuck Movies Collection | ? | Metropia (2009) (TMDb: 36800)                                     |
[2022-03-18 14:06:35,242] [builder.py:1943]           [INFO]     | Mindfuck Movies Collection | ? | Shutter Island (2010) (TMDb: 11324)                               |
[2022-03-18 14:06:35,437] [builder.py:1943]           [INFO]     | Mindfuck Movies Collection | ? | Malice in Wonderland (2010) (TMDb: 32407)                         |
[2022-03-18 14:06:35,693] [builder.py:1943]           [INFO]     | Mindfuck Movies Collection | ? | Triangle (2009) (TMDb: 26466)                                     |
[2022-03-18 14:06:35,893] [builder.py:1943]           [INFO]     | Mindfuck Movies Collection | ? | Dogtooth (2009) (TMDb: 38810)                                     |
[2022-03-18 14:06:36,087] [builder.py:1943]           [INFO]     | Mindfuck Movies Collection | ? | Symbol (2009) (TMDb: 42430)                                       |
[2022-03-18 14:06:36,301] [builder.py:1943]           [INFO]     | Mindfuck Movies Collection | ? | Pandorum (2009) (TMDb: 19898)                                     |
[2022-03-18 14:06:36,505] [builder.py:1943]           [INFO]     | Mindfuck Movies Collection | ? | Orphan (2009) (TMDb: 21208)                                       |
[2022-03-18 14:06:36,715] [builder.py:1943]           [INFO]     | Mindfuck Movies Collection | ? | Moon (2009) (TMDb: 17431)                                         |
[2022-03-18 14:06:36,918] [builder.py:1943]           [INFO]     | Mindfuck Movies Collection | ? | Antichrist (2009) (TMDb: 17609)                                   |
[2022-03-18 14:06:37,171] [builder.py:1943]           [INFO]     | Mindfuck Movies Collection | ? | Eden Log (2007) (TMDb: 14235)                                     |
[2022-03-18 14:06:37,372] [builder.py:1943]           [INFO]     | Mindfuck Movies Collection | ? | The Uninvited (2009) (TMDb: 14254)                                |
[2022-03-18 14:06:37,568] [builder.py:1943]           [INFO]     | Mindfuck Movies Collection | ? | Sleep Dealer (2008) (TMDb: 20764)                                 |
[2022-03-18 14:06:37,771] [builder.py:1943]           [INFO]     | Mindfuck Movies Collection | ? | Synecdoche, New York (2008) (TMDb: 4960)                          |
[2022-03-18 14:06:37,976] [builder.py:1943]           [INFO]     | Mindfuck Movies Collection | ? | Eden Lake (2008) (TMDb: 13510)                                    |
[2022-03-18 14:06:38,231] [builder.py:1943]           [INFO]     | Mindfuck Movies Collection | ? | Martyrs (2008) (TMDb: 9539)                                       |
[2022-03-18 14:06:38,437] [builder.py:1943]           [INFO]     | Mindfuck Movies Collection | ? | Atonement (2007) (TMDb: 4347)                                     |
[2022-03-18 14:06:38,643] [builder.py:1943]           [INFO]     | Mindfuck Movies Collection | ? | The Mist (2007) (TMDb: 5876)                                      |
[2022-03-18 14:06:38,900] [builder.py:1943]           [INFO]     | Mindfuck Movies Collection | ? | Funny Games (2008) (TMDb: 8461)                                   |
[2022-03-18 14:06:39,105] [builder.py:1943]           [INFO]     | Mindfuck Movies Collection | ? | Lars and the Real Girl (2007) (TMDb: 6615)                        |
[2022-03-18 14:06:39,307] [builder.py:1943]           [INFO]     | Mindfuck Movies Collection | ? | Timecrimes (2007) (TMDb: 14139)                                   |
[2022-03-18 14:06:39,520] [builder.py:1943]           [INFO]     | Mindfuck Movies Collection | ? | Sunshine (2007) (TMDb: 1272)                                      |
[2022-03-18 14:06:39,738] [builder.py:1943]           [INFO]     | Mindfuck Movies Collection | ? | 1408 (2007) (TMDb: 3021)                                          |
[2022-03-18 14:06:39,740] [builder.py:1943]           [INFO]     | Mindfuck Movies Collection | ? | The Man from Earth (2007) (TMDb: 13363)                           |
[2022-03-18 14:06:39,942] [builder.py:1943]           [INFO]     | Mindfuck Movies Collection | ? | The Number 23 (2007) (TMDb: 3594)                                 |
[2022-03-18 14:06:40,150] [builder.py:1943]           [INFO]     | Mindfuck Movies Collection | ? | The Fountain (2006) (TMDb: 1381)                                  |
[2022-03-18 14:06:40,153] [builder.py:1943]           [INFO]     | Mindfuck Movies Collection | ? | Stranger Than Fiction (2006) (TMDb: 1262)                         |
[2022-03-18 14:06:40,351] [builder.py:1943]           [INFO]     | Mindfuck Movies Collection | ? | Unknown (2006) (TMDb: 9828)                                       |
[2022-03-18 14:06:40,553] [builder.py:1943]           [INFO]     | Mindfuck Movies Collection | ? | Inland Empire (2006) (TMDb: 1730)                                 |
[2022-03-18 14:06:40,747] [builder.py:1943]           [INFO]     | Mindfuck Movies Collection | ? | Jesus Camp (2006) (TMDb: 1776)                                    |
[2022-03-18 14:06:40,750] [builder.py:1943]           [INFO]     | Mindfuck Movies Collection | ? | The Illusionist (2006) (TMDb: 1491)                               |
[2022-03-18 14:06:41,007] [builder.py:1943]           [INFO]     | Mindfuck Movies Collection | ? | A Scanner Darkly (2006) (TMDb: 3509)                              |
[2022-03-18 14:06:41,207] [builder.py:1943]           [INFO]     | Mindfuck Movies Collection | ? | The Science of Sleep (2006) (TMDb: 300)                           |
[2022-03-18 14:06:41,404] [builder.py:1943]           [INFO]     | Mindfuck Movies Collection | ? | The Bothersome Man (2006) (TMDb: 13318)                           |
[2022-03-18 14:06:41,612] [builder.py:1943]           [INFO]     | Mindfuck Movies Collection | ? | Silent Hill (2006) (TMDb: 588)                                    |
[2022-03-18 14:06:41,615] [builder.py:1943]           [INFO]     | Mindfuck Movies Collection | ? | Lucky Number Slevin (2006) (TMDb: 186)                            |
[2022-03-18 14:06:41,870] [builder.py:1943]           [INFO]     | Mindfuck Movies Collection | ? | Brick (2006) (TMDb: 9270)                                         |
[2022-03-18 14:06:42,071] [builder.py:1943]           [INFO]     | Mindfuck Movies Collection | ? | Wristcutters: A Love Story (2006) (TMDb: 13198)                   |
[2022-03-18 14:06:42,266] [builder.py:1943]           [INFO]     | Mindfuck Movies Collection | ? | The Dark Hours (2005) (TMDb: 18045)                               |
[2022-03-18 14:06:42,461] [builder.py:1943]           [INFO]     | Mindfuck Movies Collection | ? | Funky Forest: The First Contact (2005) (TMDb: 21136)              |
[2022-03-18 14:06:42,673] [builder.py:1943]           [INFO]     | Mindfuck Movies Collection | ? | Stay (2005) (TMDb: 8066)                                          |
[2022-03-18 14:06:42,885] [builder.py:1943]           [INFO]     | Mindfuck Movies Collection | ? | Tideland (2005) (TMDb: 11559)                                     |
[2022-03-18 14:06:42,887] [builder.py:1943]           [INFO]     | Mindfuck Movies Collection | ? | Revolver (2005) (TMDb: 10851)                                     |
[2022-03-18 14:06:43,086] [builder.py:1943]           [INFO]     | Mindfuck Movies Collection | ? | The Piano Tuner of Earthquakes (2005) (TMDb: 44502)               |
[2022-03-18 14:06:43,308] [builder.py:1943]           [INFO]     | Mindfuck Movies Collection | ? | The Skeleton Key (2005) (TMDb: 9913)                              |
[2022-03-18 14:06:43,562] [builder.py:1943]           [INFO]     | Mindfuck Movies Collection | ? | High Tension (2003) (TMDb: 10226)                                 |
[2022-03-18 14:06:43,811] [builder.py:1943]           [INFO]     | Mindfuck Movies Collection | ? | Izo (2004) (TMDb: 12580)                                          |
[2022-03-18 14:06:44,013] [builder.py:1943]           [INFO]     | Mindfuck Movies Collection | ? | The Jacket (2005) (TMDb: 9667)                                    |
[2022-03-18 14:06:44,265] [builder.py:1943]           [INFO]     | Mindfuck Movies Collection | ? | MirrorMask (2005) (TMDb: 14517)                                   |
[2022-03-18 14:06:44,520] [builder.py:1943]           [INFO]     | Mindfuck Movies Collection | ? | Hard Candy (2005) (TMDb: 2652)                                    |
[2022-03-18 14:06:44,722] [builder.py:1943]           [INFO]     | Mindfuck Movies Collection | ? | The Machinist (2004) (TMDb: 4553)                                 |
[2022-03-18 14:06:44,921] [builder.py:1943]           [INFO]     | Mindfuck Movies Collection | ? | Primer (2004) (TMDb: 14337)                                       |
[2022-03-18 14:06:45,117] [builder.py:1943]           [INFO]     | Mindfuck Movies Collection | ? | Dead Man's Shoes (2004) (TMDb: 12877)                             |
[2022-03-18 14:06:45,312] [builder.py:1943]           [INFO]     | Mindfuck Movies Collection | ? | Survive Style 5+ (2004) (TMDb: 16133)                             |
[2022-03-18 14:06:45,569] [builder.py:1943]           [INFO]     | Mindfuck Movies Collection | ? | Ghost in the Shell 2: Innocence (2004) (TMDb: 12140)              |
[2022-03-18 14:06:45,764] [builder.py:1943]           [INFO]     | Mindfuck Movies Collection | ? | Spider Forest (2004) (TMDb: 21781)                                |
[2022-03-18 14:06:45,963] [builder.py:1943]           [INFO]     | Mindfuck Movies Collection | ? | Casshern (2004) (TMDb: 11662)                                     |
[2022-03-18 14:06:46,157] [builder.py:1943]           [INFO]     | Mindfuck Movies Collection | ? | One Point O (2004) (TMDb: 17110)                                  |
[2022-03-18 14:06:46,367] [builder.py:1943]           [INFO]     | Mindfuck Movies Collection | ? | Secret Window (2004) (TMDb: 1586)                                 |
[2022-03-18 14:06:46,637] [builder.py:1943]           [INFO]     | Mindfuck Movies Collection | ? | The Butterfly Effect (2004) (TMDb: 1954)                          |
[2022-03-18 14:06:46,839] [builder.py:1943]           [INFO]     | Mindfuck Movies Collection | ? | The I Inside (2004) (TMDb: 11588)                                 |
[2022-03-18 14:06:46,843] [builder.py:1943]           [INFO]     | Mindfuck Movies Collection | ? | Big Fish (2003) (TMDb: 587)                                       |
[2022-03-18 14:06:47,096] [builder.py:1943]           [INFO]     | Mindfuck Movies Collection | ? | Love Me If You Dare (2003) (TMDb: 8424)                           |
[2022-03-18 14:06:47,296] [builder.py:1943]           [INFO]     | Mindfuck Movies Collection | ? | The Triplets of Belleville (2003) (TMDb: 9662)                    |
[2022-03-18 14:06:47,297] [builder.py:1943]           [INFO]     | Mindfuck Movies Collection | ? | Gozu (2003) (TMDb: 12487)                                         |
[2022-03-18 14:06:47,503] [builder.py:1943]           [INFO]     | Mindfuck Movies Collection | ? | Dogville (2003) (TMDb: 553)                                       |
[2022-03-18 14:06:47,708] [builder.py:1943]           [INFO]     | Mindfuck Movies Collection | ? | Identity (2003) (TMDb: 2832)                                      |
[2022-03-18 14:06:47,914] [builder.py:1943]           [INFO]     | Mindfuck Movies Collection | ? | Basic (2003) (TMDb: 10782)                                        |
[2022-03-18 14:06:48,110] [builder.py:1943]           [INFO]     | Mindfuck Movies Collection | ? | Spider (2002) (TMDb: 9613)                                        |
[2022-03-18 14:06:48,377] [builder.py:1943]           [INFO]     | Mindfuck Movies Collection | ? | Adaptation. (2002) (TMDb: 2757)                                   |
[2022-03-18 14:06:48,576] [builder.py:1943]           [INFO]     | Mindfuck Movies Collection | ? | Cypher (2002) (TMDb: 10133)                                       |
[2022-03-18 14:06:48,778] [builder.py:1943]           [INFO]     | Mindfuck Movies Collection | ? | One Hour Photo (2002) (TMDb: 9357)                                |
[2022-03-18 14:06:48,975] [builder.py:1943]           [INFO]     | Mindfuck Movies Collection | ? | Spun (2002) (TMDb: 12079)                                         |
[2022-03-18 14:06:49,176] [builder.py:1943]           [INFO]     | Mindfuck Movies Collection | ? | Irreversible (2002) (TMDb: 979)                                   |
[2022-03-18 14:06:49,385] [builder.py:1943]           [INFO]     | Mindfuck Movies Collection | ? | The Salton Sea (2002) (TMDb: 11468)                               |
[2022-03-18 14:06:49,592] [builder.py:1943]           [INFO]     | Mindfuck Movies Collection | ? | The Mothman Prophecies (2002) (TMDb: 2637)                        |
[2022-03-18 14:06:49,804] [builder.py:1943]           [INFO]     | Mindfuck Movies Collection | ? | A Beautiful Mind (2001) (TMDb: 453)                               |
[2022-03-18 14:06:50,016] [builder.py:1943]           [INFO]     | Mindfuck Movies Collection | ? | Vanilla Sky (2001) (TMDb: 1903)                                   |
[2022-03-18 14:06:50,214] [builder.py:1943]           [INFO]     | Mindfuck Movies Collection | ? | Frailty (2001) (TMDb: 12149)                                      |
[2022-03-18 14:06:50,414] [builder.py:1943]           [INFO]     | Mindfuck Movies Collection | ? | Avalon (2001) (TMDb: 10881)                                       |
[2022-03-18 14:06:50,613] [builder.py:1943]           [INFO]     | Mindfuck Movies Collection | ? | Waking Life (2001) (TMDb: 9081)                                   |
[2022-03-18 14:06:50,820] [builder.py:1943]           [INFO]     | Mindfuck Movies Collection | ? | Mulholland Drive (2001) (TMDb: 1018)                              |
[2022-03-18 14:06:51,031] [builder.py:1943]           [INFO]     | Mindfuck Movies Collection | ? | The Others (2001) (TMDb: 1933)                                    |
[2022-03-18 14:06:51,229] [builder.py:1943]           [INFO]     | Mindfuck Movies Collection | ? | Session 9 (2001) (TMDb: 10972)                                    |
[2022-03-18 14:06:51,486] [builder.py:1943]           [INFO]     | Mindfuck Movies Collection | ? | Audition (1999) (TMDb: 11075)                                     |
[2022-03-18 14:06:51,691] [builder.py:1943]           [INFO]     | Mindfuck Movies Collection | ? | Memento (2000) (TMDb: 77)                                         |
[2022-03-18 14:06:51,909] [builder.py:1943]           [INFO]     | Mindfuck Movies Collection | ? | Unbreakable (2000) (TMDb: 9741)                                   |
[2022-03-18 14:06:52,142] [builder.py:1943]           [INFO]     | Mindfuck Movies Collection | ? | Requiem for a Dream (2000) (TMDb: 641)                            |
[2022-03-18 14:06:52,360] [builder.py:1943]           [INFO]     | Mindfuck Movies Collection | ? | American Psycho (2000) (TMDb: 1359)                               |
[2022-03-18 14:06:52,629] [builder.py:1943]           [INFO]     | Mindfuck Movies Collection | ? | The Ninth Gate (1999) (TMDb: 622)                                 |
[2022-03-18 14:06:52,829] [builder.py:1943]           [INFO]     | Mindfuck Movies Collection | ? | Girl, Interrupted (1999) (TMDb: 3558)                             |
[2022-03-18 14:06:53,036] [builder.py:1943]           [INFO]     | Mindfuck Movies Collection | ? | Magnolia (1999) (TMDb: 334)                                       |
[2022-03-18 14:06:53,039] [builder.py:1943]           [INFO]     | Mindfuck Movies Collection | ? | Being John Malkovich (1999) (TMDb: 492)                           |
[2022-03-18 14:06:53,247] [builder.py:1943]           [INFO]     | Mindfuck Movies Collection | ? | American Beauty (1999) (TMDb: 14)                                 |
[2022-03-18 14:06:53,457] [builder.py:1943]           [INFO]     | Mindfuck Movies Collection | ? | The Sixth Sense (1999) (TMDb: 745)                                |
[2022-03-18 14:06:53,659] [builder.py:1943]           [INFO]     | Mindfuck Movies Collection | ? | Arlington Road (1999) (TMDb: 1073)                                |
[2022-03-18 14:06:53,860] [builder.py:1943]           [INFO]     | Mindfuck Movies Collection | ? | Run Lola Run (1998) (TMDb: 104)                                   |
[2022-03-18 14:06:54,058] [builder.py:1943]           [INFO]     | Mindfuck Movies Collection | ? | eXistenZ (1999) (TMDb: 1946)                                      |
[2022-03-18 14:06:54,265] [builder.py:1943]           [INFO]     | Mindfuck Movies Collection | ? | The Thirteenth Floor (1999) (TMDb: 1090)                          |
[2022-03-18 14:06:54,472] [builder.py:1943]           [INFO]     | Mindfuck Movies Collection | ? | What Dreams May Come (1998) (TMDb: 12159)                         |
[2022-03-18 14:06:54,672] [builder.py:1943]           [INFO]     | Mindfuck Movies Collection | ? | Cube (1997) (TMDb: 431)                                           |
[2022-03-18 14:06:54,875] [builder.py:1943]           [INFO]     | Mindfuck Movies Collection | ? | Pi (1998) (TMDb: 473)                                             |
[2022-03-18 14:06:55,086] [builder.py:1943]           [INFO]     | Mindfuck Movies Collection | ? | Fear and Loathing in Las Vegas (1998) (TMDb: 1878)                |
[2022-03-18 14:06:55,090] [builder.py:1943]           [INFO]     | Mindfuck Movies Collection | ? | Dark City (1998) (TMDb: 2666)                                     |
[2022-03-18 14:06:55,287] [builder.py:1943]           [INFO]     | Mindfuck Movies Collection | ? | Open Your Eyes (1997) (TMDb: 1902)                                |
[2022-03-18 14:06:55,495] [builder.py:1943]           [INFO]     | Mindfuck Movies Collection | ? | The Game (1997) (TMDb: 2649)                                      |
[2022-03-18 14:06:55,694] [builder.py:1943]           [INFO]     | Mindfuck Movies Collection | ? | Funny Games (1997) (TMDb: 10234)                                  |
[2022-03-18 14:06:55,897] [builder.py:1943]           [INFO]     | Mindfuck Movies Collection | ? | Lost Highway (1997) (TMDb: 638)                                   |
[2022-03-18 14:06:56,101] [builder.py:1943]           [INFO]     | Mindfuck Movies Collection | ? | Primal Fear (1996) (TMDb: 1592)                                   |
[2022-03-18 14:06:56,304] [builder.py:1943]           [INFO]     | Mindfuck Movies Collection | ? | Ghost in the Shell (1995) (TMDb: 9323)                            |
[2022-03-18 14:06:56,516] [builder.py:1943]           [INFO]     | Mindfuck Movies Collection | ? | Twelve Monkeys (1995) (TMDb: 63)                                  |
[2022-03-18 14:06:56,720] [builder.py:1943]           [INFO]     | Mindfuck Movies Collection | ? | The City of Lost Children (1995) (TMDb: 902)                      |
[2022-03-18 14:06:56,921] [builder.py:1943]           [INFO]     | Mindfuck Movies Collection | ? | In the Mouth of Madness (1995) (TMDb: 2654)                       |
[2022-03-18 14:06:57,117] [builder.py:1943]           [INFO]     | Mindfuck Movies Collection | ? | Boxing Helena (1993) (TMDb: 18215)                                |
[2022-03-18 14:06:57,119] [builder.py:1943]           [INFO]     | Mindfuck Movies Collection | ? | Groundhog Day (1993) (TMDb: 137)                                  |
[2022-03-18 14:06:57,365] [builder.py:1943]           [INFO]     | Mindfuck Movies Collection | ? | Child of Rage (1992) (TMDb: 86131)                                |
[2022-03-18 14:06:57,562] [builder.py:1943]           [INFO]     | Mindfuck Movies Collection | ? | Naked Lunch (1991) (TMDb: 2742)                                   |
[2022-03-18 14:06:57,762] [builder.py:1943]           [INFO]     | Mindfuck Movies Collection | ? | Barton Fink (1991) (TMDb: 290)                                    |
[2022-03-18 14:06:57,957] [builder.py:1943]           [INFO]     | Mindfuck Movies Collection | ? | Begotten (1991) (TMDb: 1483)                                      |
[2022-03-18 14:06:58,161] [builder.py:1943]           [INFO]     | Mindfuck Movies Collection | ? | Jacob's Ladder (1990) (TMDb: 2291)                                |
[2022-03-18 14:06:58,369] [builder.py:1943]           [INFO]     | Mindfuck Movies Collection | ? | Wild at Heart (1990) (TMDb: 483)                                  |
[2022-03-18 14:06:58,578] [builder.py:1943]           [INFO]     | Mindfuck Movies Collection | ? | Total Recall (1990) (TMDb: 861)                                   |
[2022-03-18 14:06:58,778] [builder.py:1943]           [INFO]     | Mindfuck Movies Collection | ? | The Adventures of Baron Munchausen (1988) (TMDb: 14506)           |
[2022-03-18 14:06:58,979] [builder.py:1943]           [INFO]     | Mindfuck Movies Collection | ? | Angel Heart (1987) (TMDb: 635)                                    |
[2022-03-18 14:06:59,237] [builder.py:1943]           [INFO]     | Mindfuck Movies Collection | ? | Blue Velvet (1986) (TMDb: 793)                                    |
[2022-03-18 14:06:59,501] [builder.py:1943]           [INFO]     | Mindfuck Movies Collection | ? | Brazil (1985) (TMDb: 68)                                          |
[2022-03-18 14:06:59,696] [builder.py:1943]           [INFO]     | Mindfuck Movies Collection | ? | The Quiet Earth (1985) (TMDb: 10176)                              |
[2022-03-18 14:06:59,898] [builder.py:1943]           [INFO]     | Mindfuck Movies Collection | ? | Nineteen Eighty-Four (1984) (TMDb: 9314)                          |
[2022-03-18 14:07:00,098] [builder.py:1943]           [INFO]     | Mindfuck Movies Collection | ? | Tightrope (1984) (TMDb: 11707)                                    |
[2022-03-18 14:07:00,399] [builder.py:1943]           [INFO]     | Mindfuck Movies Collection | ? | The Dead Zone (1983) (TMDb: 11336)                                |
[2022-03-18 14:07:00,607] [builder.py:1943]           [INFO]     | Mindfuck Movies Collection | ? | Videodrome (1983) (TMDb: 837)                                     |
[2022-03-18 14:07:00,883] [builder.py:1943]           [INFO]     | Mindfuck Movies Collection | ? | Koyaanisqatsi (1982) (TMDb: 11314)                                |
[2022-03-18 14:07:01,131] [builder.py:1943]           [INFO]     | Mindfuck Movies Collection | ? | Pink Floyd: The Wall (1982) (TMDb: 12104)                         |
[2022-03-18 14:07:01,337] [builder.py:1943]           [INFO]     | Mindfuck Movies Collection | ? | Time Bandits (1981) (TMDb: 36819)                                 |
[2022-03-18 14:07:01,550] [builder.py:1943]           [INFO]     | Mindfuck Movies Collection | ? | Scanners (1981) (TMDb: 9538)                                      |
[2022-03-18 14:07:01,752] [builder.py:1943]           [INFO]     | Mindfuck Movies Collection | ? | Altered States (1980) (TMDb: 11542)                               |
[2022-03-18 14:07:02,007] [builder.py:1943]           [INFO]     | Mindfuck Movies Collection | ? | Stalker (1979) (TMDb: 1398)                                       |
[2022-03-18 14:07:02,254] [builder.py:1943]           [INFO]     | Mindfuck Movies Collection | ? | Eraserhead (1977) (TMDb: 985)                                     |
[2022-03-18 14:07:02,458] [builder.py:1943]           [INFO]     | Mindfuck Movies Collection | ? | Chinatown (1974) (TMDb: 829)                                      |
[2022-03-18 14:07:02,664] [builder.py:1943]           [INFO]     | Mindfuck Movies Collection | ? | The Wicker Man (1973) (TMDb: 16307)                               |
[2022-03-18 14:07:02,879] [builder.py:1943]           [INFO]     | Mindfuck Movies Collection | ? | The Holy Mountain (1973) (TMDb: 8327)                             |
[2022-03-18 14:07:03,083] [builder.py:1943]           [INFO]     | Mindfuck Movies Collection | ? | Solaris (1972) (TMDb: 593)                                        |
[2022-03-18 14:07:03,328] [builder.py:1943]           [INFO]     | Mindfuck Movies Collection | ? | Slaughterhouse-Five (1972) (TMDb: 24559)                          |
[2022-03-18 14:07:03,530] [builder.py:1943]           [INFO]     | Mindfuck Movies Collection | ? | THX 1138 (1971) (TMDb: 636)                                       |
[2022-03-18 14:07:03,727] [builder.py:1943]           [INFO]     | Mindfuck Movies Collection | ? | El Topo (1970) (TMDb: 13041)                                      |
[2022-03-18 14:07:03,922] [builder.py:1943]           [INFO]     | Mindfuck Movies Collection | ? | Solaris (1968) (TMDb: 321130)                                     |
[2022-03-18 14:07:04,122] [builder.py:1943]           [INFO]     | Mindfuck Movies Collection | ? | Je T'Aime, Je T'Aime (1968) (TMDb: 4798)                          |
[2022-03-18 14:07:04,321] [builder.py:1943]           [INFO]     | Mindfuck Movies Collection | ? | Persona (1966) (TMDb: 797)                                        |
[2022-03-18 14:07:04,518] [builder.py:1943]           [INFO]     | Mindfuck Movies Collection | ? | Seconds (1966) (TMDb: 20620)                                      |
[2022-03-18 14:07:04,771] [builder.py:1943]           [INFO]     | Mindfuck Movies Collection | ? | Who's Afraid of Virginia Woolf? (1966) (TMDb: 396)                |
[2022-03-18 14:07:04,967] [builder.py:1943]           [INFO]     | Mindfuck Movies Collection | ? | Carnival of Souls (1962) (TMDb: 16093)                            |
[2022-03-18 14:07:05,166] [builder.py:1943]           [INFO]     | Mindfuck Movies Collection | ? | La Jetée (1962) (TMDb: 662)                                       |
[2022-03-18 14:07:05,373] [builder.py:1943]           [INFO]     | Mindfuck Movies Collection | ? | Vertigo (1958) (TMDb: 426)                                        |
[2022-03-18 14:07:05,573] [builder.py:1943]           [INFO]     | Mindfuck Movies Collection | ? | Diabolique (1955) (TMDb: 827)                                     |
[2022-03-18 14:07:05,771] [builder.py:1943]           [INFO]     | Mindfuck Movies Collection | ? | Brainscan (1994) (TMDb: 14237)                                    |
[2022-03-18 14:07:05,985] [builder.py:1943]           [INFO]     | Mindfuck Movies Collection | ? | The Devil's Advocate (1997) (TMDb: 1813)                          |
[2022-03-18 14:07:06,193] [builder.py:1943]           [INFO]     | Mindfuck Movies Collection | ? | Saw (2004) (TMDb: 176)                                            |
[2022-03-18 14:07:06,404] [builder.py:1943]           [INFO]     | Mindfuck Movies Collection | ? | Event Horizon (1997) (TMDb: 8413)                                 |
[2022-03-18 14:07:06,615] [builder.py:1943]           [INFO]     | Mindfuck Movies Collection | ? | Source Code (2011) (TMDb: 45612)                                  |
[2022-03-18 14:07:06,821] [builder.py:1943]           [INFO]     | Mindfuck Movies Collection | ? | Awake (2007) (TMDb: 13483)                                        |
[2022-03-18 14:07:07,030] [builder.py:1943]           [INFO]     | Mindfuck Movies Collection | ? | Repo Men (2010) (TMDb: 31867)                                     |
[2022-03-18 14:07:07,332] [builder.py:1943]           [INFO]     | Mindfuck Movies Collection | ? | The Cell (2000) (TMDb: 8843)                                      |
[2022-03-18 14:07:07,546] [builder.py:1943]           [INFO]     | Mindfuck Movies Collection | ? | Flightplan (2005) (TMDb: 9315)                                    |
[2022-03-18 14:07:07,777] [builder.py:1943]           [INFO]     | Mindfuck Movies Collection | ? | The Manchurian Candidate (2004) (TMDb: 14462)                     |
[2022-03-18 14:07:07,977] [builder.py:1943]           [INFO]     | Mindfuck Movies Collection | ? | Breakdown (1997) (TMDb: 2163)                                     |
[2022-03-18 14:07:08,180] [builder.py:1943]           [INFO]     | Mindfuck Movies Collection | ? | K-PAX (2001) (TMDb: 167)                                          |
[2022-03-18 14:07:08,394] [builder.py:1943]           [INFO]     | Mindfuck Movies Collection | ? | Paycheck (2003) (TMDb: 9620)                                      |
[2022-03-18 14:07:08,598] [builder.py:1943]           [INFO]     | Mindfuck Movies Collection | ? | Gothika (2003) (TMDb: 4970)                                       |
[2022-03-18 14:07:08,801] [builder.py:1943]           [INFO]     | Mindfuck Movies Collection | ? | Solaris (2002) (TMDb: 2103)                                       |
[2022-03-18 14:07:09,004] [builder.py:1943]           [INFO]     | Mindfuck Movies Collection | ? | Swordfish (2001) (TMDb: 9705)                                     |
[2022-03-18 14:07:09,209] [builder.py:1943]           [INFO]     | Mindfuck Movies Collection | ? | Perfect Stranger (2007) (TMDb: 7183)                              |
[2022-03-18 14:07:09,426] [builder.py:1943]           [INFO]     | Mindfuck Movies Collection | ? | Changeling (2008) (TMDb: 3580)                                    |
[2022-03-18 14:07:09,705] [builder.py:1943]           [INFO]     | Mindfuck Movies Collection | ? | The Island (2005) (TMDb: 1635)                                    |
[2022-03-18 14:07:09,909] [builder.py:1943]           [INFO]     | Mindfuck Movies Collection | ? | The Animatrix (2003) (TMDb: 55931)                                |
[2022-03-18 14:07:10,161] [builder.py:1943]           [INFO]     | Mindfuck Movies Collection | ? | Mind Game (2004) (TMDb: 21712)                                    |
[2022-03-18 14:07:10,372] [builder.py:1943]           [INFO]     | Mindfuck Movies Collection | ? | The Adjustment Bureau (2011) (TMDb: 38050)                        |
[2022-03-18 14:07:10,652] [builder.py:1943]           [INFO]     | Mindfuck Movies Collection | ? | I, Robot (2004) (TMDb: 2048)                                      |
[2022-03-18 14:07:10,864] [builder.py:1943]           [INFO]     | Mindfuck Movies Collection | ? | Mindhunters (2004) (TMDb: 16617)                                  |
[2022-03-18 14:07:11,057] [builder.py:1943]           [INFO]     | Mindfuck Movies Collection | ? | Resolution (2013) (TMDb: 121606)                                  |
[2022-03-18 14:07:11,256] [builder.py:1943]           [INFO]     | Mindfuck Movies Collection | ? | The Nines (2007) (TMDb: 12994)                                    |
[2022-03-18 14:07:11,527] [builder.py:1943]           [INFO]     | Mindfuck Movies Collection | ? | The Bone Collector (1999) (TMDb: 9481)                            |
[2022-03-18 14:07:11,735] [builder.py:1943]           [INFO]     | Mindfuck Movies Collection | ? | Along Came a Spider (2001) (TMDb: 2043)                           |
[2022-03-18 14:07:11,938] [builder.py:1943]           [INFO]     | Mindfuck Movies Collection | ? | Trance (2013) (TMDb: 68727)                                       |
[2022-03-18 14:07:12,140] [builder.py:1943]           [INFO]     | Mindfuck Movies Collection | ? | Kiss the Girls (1997) (TMDb: 9437)                                |
[2022-03-18 14:07:12,345] [builder.py:1943]           [INFO]     | Mindfuck Movies Collection | ? | Alex Cross (2012) (TMDb: 94348)                                   |
[2022-03-18 14:07:12,551] [builder.py:1943]           [INFO]     | Mindfuck Movies Collection | ? | Now You See Me (2013) (TMDb: 75656)                               |
[2022-03-18 14:07:12,819] [builder.py:1943]           [INFO]     | Mindfuck Movies Collection | ? | Déjà Vu (2006) (TMDb: 7551)                                       |
[2022-03-18 14:07:13,183] [builder.py:1943]           [INFO]     | Mindfuck Movies Collection | ? | Minority Report (2002) (TMDb: 180)                                |
[2022-03-18 14:07:13,945] [builder.py:1937]           [ERROR]    | TMDb Error: No Movie found for TMDb ID 32: The resource you requested could not be found.          |
[2022-03-18 14:07:14,159] [builder.py:1943]           [INFO]     | Mindfuck Movies Collection | ? | Oblivion (2013) (TMDb: 75612)                                     |
[2022-03-18 14:07:14,162] [builder.py:1943]           [INFO]     | Mindfuck Movies Collection | ? | Midnight in Paris (2011) (TMDb: 59436)                            |
[2022-03-18 14:07:14,368] [builder.py:1943]           [INFO]     | Mindfuck Movies Collection | ? | Oculus (2013) (TMDb: 157547)                                      |
[2022-03-18 14:07:14,570] [builder.py:1943]           [INFO]     | Mindfuck Movies Collection | ? | Exam (2009) (TMDb: 29917)                                         |
[2022-03-18 14:07:14,831] [builder.py:1943]           [INFO]     | Mindfuck Movies Collection | ? | The Tall Man (2012) (TMDb: 86597)                                 |
[2022-03-18 14:07:15,052] [builder.py:1943]           [INFO]     | Mindfuck Movies Collection | ? | 11:14 (2003) (TMDb: 9282)                                         |
[2022-03-18 14:07:15,322] [builder.py:1943]           [INFO]     | Mindfuck Movies Collection | ? | 21 Grams (2003) (TMDb: 470)                                       |
[2022-03-18 14:07:15,516] [builder.py:1943]           [INFO]     | Mindfuck Movies Collection | ? | Nothing (2003) (TMDb: 10981)                                      |
[2022-03-18 14:07:15,517] [builder.py:1947]           [INFO]     |                                                                                                    |
[2022-03-18 14:07:15,518] [builder.py:1948]           [INFO]     | 271 Movies Missing                                                                                 |
[2022-03-18 14:07:15,644] [plex.py:615]               [DEBUG]    | Smart Collection Test: ?type=1&sort=rating%3Adesc&label=47956                                      |
[2022-03-18 14:07:15,819] [builder.py:2147]           [INFO]     |                                                                                                    |
[2022-03-18 14:07:15,819] [util.py:216]               [INFO]     |========================== Updating Details of Mindfuck Movies Collection ==========================|
[2022-03-18 14:07:15,820] [builder.py:2149]           [INFO]     |                                                                                                    |
[2022-03-18 14:07:15,820] [builder.py:2156]           [INFO]     | Detail: summary updated Collection Summary                                                         |
[2022-03-18 14:07:15,821] [builder.py:2193]           [INFO]     | Detail: sort_title updated Collection Sort Title to +3_Mindfuck Movies                             |
[2022-03-18 14:07:15,822] [builder.py:2235]           [DEBUG]    | {'summary.value': 'There’s nothing greater than a film that makes you think. A film that lingers on your mind long after the credits have rolled and is the subject of many conversation and discussion. Trying to piece together the puzzle of what you saw and coming to a conclusion that makes sense or still doesn’t add up.', 'summary.locked': 1, 'titleSort.value': '+3_Mindfuck Movies', 'titleSort.locked': 1} |
[2022-03-18 14:07:15,838] [builder.py:2237]           [INFO]     | Details: have been updated                                                                         |
[2022-03-18 14:07:15,838] [builder.py:2258]           [DEBUG]    | 1 posters found:                                                                                   |
[2022-03-18 14:07:15,838] [builder.py:2260]           [DEBUG]    | Method: url_poster Poster: https://i.imgur.com/Tl6QMgA.png                                         |
[2022-03-18 14:07:15,839] [builder.py:2298]           [DEBUG]    | 1 backgrounds found:                                                                               |
[2022-03-18 14:07:15,839] [builder.py:2300]           [DEBUG]    | Method: url_background Background: https://i.imgur.com/DM1Im1X.jpeg                                |
[2022-03-18 14:07:27,941] [library.py:145]            [INFO]     | Detail: url_poster updated poster to [URL] https://i.imgur.com/Tl6QMgA.png                         |
[2022-03-18 14:07:27,962] [library.py:195]            [INFO]     | Detail: url_background updated background to [URL] https://i.imgur.com/DM1Im1X.jpeg                |
[2022-03-18 14:07:28,344] [plex_meta_manager.py:880]  [INFO]     |                                                                                                    |
[2022-03-18 14:07:28,345] [util.py:209]               [INFO]     |====================================================================================================|
[2022-03-18 14:07:28,345] [util.py:216]               [INFO]     |                                Finished Mindfuck Movies Collection                                 |
[2022-03-18 14:07:28,346] [util.py:216]               [INFO]     |                                    Collection Run Time: 0:01:12                                    |
[2022-03-18 14:07:28,346] [util.py:220]               [INFO]     |====================================================================================================|
