[2022-11-04 01:00:10,468] [util.py:209]               [INFO]     |====================================================================================================|
[2022-11-04 01:00:10,469] [util.py:216]               [INFO]     |                           Jack's Currently Watching Collection in Anime                            |
[2022-11-04 01:00:10,469] [util.py:220]               [INFO]     |====================================================================================================|
[2022-11-04 01:00:10,469] [plex_meta_manager.py:750]  [INFO]     |                                                                                                    |
[2022-11-04 01:00:10,470] [util.py:216]               [INFO]     |========================= Validating Jack's Currently Watching Attributes ==========================|
[2022-11-04 01:00:10,470] [builder.py:330]            [DEBUG]    |                                                                                                    |
[2022-11-04 01:00:10,470] [builder.py:331]            [DEBUG]    | Validating Method: sync_mode                                                                       |
[2022-11-04 01:00:10,471] [builder.py:335]            [DEBUG]    | Value: sync                                                                                        |
[2022-11-04 01:00:10,471] [builder.py:453]            [DEBUG]    |                                                                                                    |
[2022-11-04 01:00:10,471] [builder.py:454]            [DEBUG]    | Validating Method: collection_order                                                                |
[2022-11-04 01:00:10,471] [builder.py:455]            [DEBUG]    | Value: custom                                                                                      |
[2022-11-04 01:00:10,472] [builder.py:472]            [DEBUG]    |                                                                                                    |
[2022-11-04 01:00:10,472] [builder.py:473]            [DEBUG]    | Validating Method: sort_title                                                                      |
[2022-11-04 01:00:10,472] [builder.py:474]            [DEBUG]    | Value: ++++++_Currently_Watching                                                                   |
[2022-11-04 01:00:10,473] [builder.py:472]            [DEBUG]    |                                                                                                    |
[2022-11-04 01:00:10,473] [builder.py:473]            [DEBUG]    | Validating Method: mal_userlist                                                                    |
[2022-11-04 01:00:10,473] [builder.py:474]            [DEBUG]    | Value: ordereddict([('username', 'JCH0tsh0t'), ('status', 'watching'), ('sort_by', 'title'), ('limit', 1000)]) |
[2022-11-04 01:00:10,473] [builder.py:472]            [DEBUG]    |                                                                                                    |
[2022-11-04 01:00:10,474] [builder.py:473]            [DEBUG]    | Validating Method: visible_home                                                                    |
[2022-11-04 01:00:10,474] [builder.py:474]            [DEBUG]    | Value: True                                                                                        |
[2022-11-04 01:00:10,474] [builder.py:472]            [DEBUG]    |                                                                                                    |
[2022-11-04 01:00:10,474] [builder.py:473]            [DEBUG]    | Validating Method: sonarr_add_existing                                                             |
[2022-11-04 01:00:10,475] [builder.py:474]            [DEBUG]    | Value: True                                                                                        |
[2022-11-04 01:00:10,475] [builder.py:472]            [DEBUG]    |                                                                                                    |
[2022-11-04 01:00:10,475] [builder.py:473]            [DEBUG]    | Validating Method: sonarr_add_missing                                                              |
[2022-11-04 01:00:10,475] [builder.py:474]            [DEBUG]    | Value: True                                                                                        |
[2022-11-04 01:00:10,493] [builder.py:619]            [INFO]     |                                                                                                    |
[2022-11-04 01:00:10,494] [builder.py:620]            [INFO]     | Validation Successful                                                                              |
[2022-11-04 01:00:10,494] [plex_meta_manager.py:758]  [INFO]     |                                                                                                    |
[2022-11-04 01:00:10,495] [util.py:216]               [INFO]     |=========================== Running Jack's Currently Watching Collection ===========================|
[2022-11-04 01:00:10,495] [plex_meta_manager.py:773]  [INFO]     |                                                                                                    |
[2022-11-04 01:00:10,495] [plex_meta_manager.py:774]  [INFO]     | Sync Mode: sync                                                                                    |
[2022-11-04 01:00:10,496] [builder.py:1275]           [DEBUG]    |                                                                                                    |
[2022-11-04 01:00:10,496] [builder.py:1276]           [DEBUG]    | Builder: mal_userlist: {'username': 'JCH0tsh0t', 'status': 'watching', 'sort_by': 'anime_title', 'limit': 1000} |
[2022-11-04 01:00:10,497] [builder.py:1277]           [INFO]     |                                                                                                    |
[2022-11-04 01:00:10,497] [mal.py:235]                [INFO]     | Processing MyAnimeList Userlist: 1000 Anime from JCH0tsh0t's Currently Watching list sorted by Title |
[2022-11-04 01:00:10,669] [mal.py:239]                [DEBUG]    |                                                                                                    |
[2022-11-04 01:00:10,669] [mal.py:240]                [DEBUG]    | 16 MyAnimeList IDs Found: [31646, 49596, 47917, 49918, 44511, 48542, 38680, 49220, 48316, 37999, 50172, 44074, 50602, 47194, 49891, 50710] |
[2022-11-04 01:00:10,670] [convert.py:78]             [ERROR]    | Convert Error: No TVDb ID or IMDb ID found for AniDB ID: 16519                                     |
[2022-11-04 01:00:10,670] [builder.py:1282]           [DEBUG]    |                                                                                                    |
[2022-11-04 01:00:10,670] [builder.py:1283]           [DEBUG]    | 15 IDs Found: [(306269, 'tvdb'), (118742, 'ratingKey'), (305074, 'tvdb'), (118738, 'ratingKey'), (118748, 'ratingKey'), (357488, 'tvdb'), (102426, 'ratingKey'), (407520, 'tvdb'), (354198, 'tvdb'), (307375, 'tvdb'), (103906, 'ratingKey'), (102592, 'ratingKey'), (102575, 'ratingKey'), (118759, 'ratingKey'), (414096, 'tvdb')] |
[2022-11-04 01:00:10,670] [builder.py:1284]           [DEBUG]    |                                                                                                    |
[2022-11-04 01:00:10,750] [builder.py:1697]           [INFO]     |                                                                                                    |
[2022-11-04 01:00:10,750] [util.py:216]               [INFO]     |========================== Adding to Jack's Currently Watching Collection ==========================|
[2022-11-04 01:00:10,751] [builder.py:1699]           [INFO]     |                                                                                                    |
[2022-11-04 01:00:10,751] [builder.py:1709]           [INFO]     |  1/13 | Jack's Currently Watching Collection | = | Sangatsu no Lion                                |
[2022-11-04 01:00:10,752] [builder.py:1709]           [INFO]     |  2/13 | Jack's Currently Watching Collection | = | Bocchi the Rock!                                |
[2022-11-04 01:00:10,752] [builder.py:1709]           [INFO]     |  3/13 | Jack's Currently Watching Collection | = | Boku no Hero Academia                           |
[2022-11-04 01:00:10,752] [builder.py:1709]           [INFO]     |  4/13 | Jack's Currently Watching Collection | = | Chainsaw Man                                    |
[2022-11-04 01:00:10,752] [builder.py:1709]           [INFO]     |  5/13 | Jack's Currently Watching Collection | = | Do It Yourself!!                                |
[2022-11-04 01:00:10,753] [builder.py:1709]           [INFO]     |  6/13 | Jack's Currently Watching Collection | = | Isekai Ojisan                                   |
[2022-11-04 01:00:10,753] [builder.py:1709]           [INFO]     |  7/13 | Jack's Currently Watching Collection | = | Kage no Jitsuryokusha ni Naritakute!            |
[2022-11-04 01:00:10,753] [builder.py:1709]           [INFO]     |  8/13 | Jack's Currently Watching Collection | = | Kaguya-sama wa Kokurasetai: Tensai-tachi no Ren'ai Zunousen |
[2022-11-04 01:00:10,754] [builder.py:1709]           [INFO]     |  9/13 | Jack's Currently Watching Collection | = | Mob Psycho 100                                  |
[2022-11-04 01:00:10,754] [builder.py:1709]           [INFO]     | 10/13 | Jack's Currently Watching Collection | = | Shiguang Dailiren                               |
[2022-11-04 01:00:10,754] [builder.py:1709]           [INFO]     | 11/13 | Jack's Currently Watching Collection | = | Spy x Family (2022)                             |
[2022-11-04 01:00:10,755] [builder.py:1709]           [INFO]     | 12/13 | Jack's Currently Watching Collection | = | Summer Time Render                              |
[2022-11-04 01:00:10,755] [builder.py:1709]           [INFO]     | 13/13 | Jack's Currently Watching Collection | = | Tensei Shitara Ken Deshita                      |
[2022-11-04 01:00:10,755] [builder.py:1734]           [INFO]     |                                                                                                    |
[2022-11-04 01:00:10,756] [builder.py:1735]           [INFO]     | 13 Shows Processed                                                                                 |
[2022-11-04 01:00:10,756] [builder.py:1969]           [INFO]     |                                                                                                    |
[2022-11-04 01:00:10,756] [util.py:216]               [INFO]     |====================== Missing Shows from Library: Jack's Currently Watching =======================|
[2022-11-04 01:00:10,757] [builder.py:1971]           [INFO]     |                                                                                                    |
[2022-11-04 01:00:10,803] [builder.py:1982]           [INFO]     | Jack's Currently Watching Collection | ? | Fruits Basket (2019) (TVDB: 357488)                     |
[2022-11-04 01:00:10,846] [builder.py:1982]           [INFO]     | Jack's Currently Watching Collection | ? | Urusei Yatsura (2022) (TVDB: 414096)                    |
[2022-11-04 01:00:10,847] [builder.py:1986]           [INFO]     |                                                                                                    |
[2022-11-04 01:00:10,848] [builder.py:1987]           [INFO]     | 2 Shows Missing                                                                                    |
[2022-11-04 01:00:10,849] [sonarr.py:66]              [INFO]     |                                                                                                    |
[2022-11-04 01:00:10,850] [util.py:216]               [INFO]     |===================================== Adding Missing to Sonarr =====================================|
[2022-11-04 01:00:10,850] [sonarr.py:68]              [DEBUG]    |                                                                                                    |
[2022-11-04 01:00:10,850] [sonarr.py:69]              [DEBUG]    | Sonarr Adds: [357488, 414096]                                                                      |
[2022-11-04 01:00:11,103] [sonarr.py:162]             [INFO]     |                                                                                                    |
[2022-11-04 01:00:11,104] [sonarr.py:170]             [INFO]     | Skipped: In Cache | 357488                                                                         |
[2022-11-04 01:00:11,104] [sonarr.py:170]             [INFO]     | Skipped: In Cache | 414096                                                                         |
[2022-11-04 01:00:11,105] [sonarr.py:171]             [INFO]     | 2 Series already exist in Sonarr                                                                   |
[2022-11-04 01:00:11,110] [builder.py:2147]           [INFO]     |                                                                                                    |
[2022-11-04 01:00:11,110] [util.py:216]               [INFO]     |===================== Updating Details of Jack's Currently Watching Collection =====================|
[2022-11-04 01:00:11,111] [builder.py:2149]           [INFO]     |                                                                                                    |
[2022-11-04 01:00:11,113] [builder.py:2294]           [INFO]     | No poster collection detail or asset folder found                                                  |
[2022-11-04 01:00:11,114] [builder.py:2327]           [INFO]     | No background collection detail or asset folder found                                              |
[2022-11-04 01:00:11,130] [builder.py:2023]           [INFO]     |                                                                                                    |
[2022-11-04 01:00:11,130] [util.py:216]               [INFO]     |============== Updating Details of the Items in Jack's Currently Watching Collection ===============|
[2022-11-04 01:00:11,131] [builder.py:2025]           [INFO]     |                                                                                                    |
[2022-11-04 01:00:12,960] [sonarr.py:66]              [INFO]     |                                                                                                    |
[2022-11-04 01:00:12,960] [util.py:216]               [INFO]     |==================================== Adding Existing to Sonarr =====================================|
[2022-11-04 01:00:12,961] [sonarr.py:68]              [DEBUG]    |                                                                                                    |
[2022-11-04 01:00:12,962] [sonarr.py:69]              [DEBUG]    | Sonarr Adds:                                                                                       |
[2022-11-04 01:00:12,962] [sonarr.py:71]              [DEBUG]    | (306269, 'F:\\Anime\\March Comes in Like a Lion (2016) [tvdb-306269]')                             |
[2022-11-04 01:00:12,962] [sonarr.py:71]              [DEBUG]    | (413522, 'F:\\Anime\\Bocchi the Rock! (2022) [tvdb-413522]')                                       |
[2022-11-04 01:00:12,962] [sonarr.py:71]              [DEBUG]    | (305074, 'F:\\Anime\\My Hero Academia (2016) [tvdb-305074]')                                       |
[2022-11-04 01:00:12,963] [sonarr.py:71]              [DEBUG]    | (397934, 'F:\\Anime\\Chainsaw Man (2022) [tvdb-397934]')                                           |
[2022-11-04 01:00:12,963] [sonarr.py:71]              [DEBUG]    | (401950, 'F:\\Anime\\Do It Yourself!! (2022) [tvdb-401950]')                                       |
[2022-11-04 01:00:12,963] [sonarr.py:71]              [DEBUG]    | (405214, 'F:\\Anime\\Uncle From Another World (2022) [tvdb-405214]')                               |
[2022-11-04 01:00:12,963] [sonarr.py:71]              [DEBUG]    | (407520, 'F:\\Anime\\Eminence in Shadow, The (2022) [tvdb-407520]')                                |
[2022-11-04 01:00:12,964] [sonarr.py:71]              [DEBUG]    | (354198, 'F:\\Anime\\Kaguya-sama - Love Is War (2019) [tvdb-354198]')                              |
[2022-11-04 01:00:12,964] [sonarr.py:71]              [DEBUG]    | (307375, 'F:\\Anime\\Mob Psycho 100 (2016) [tvdb-307375]')                                         |
[2022-11-04 01:00:12,964] [sonarr.py:71]              [DEBUG]    | (402033, 'F:\\Anime\\Link Click (2021) [tvdb-402033]')                                             |
[2022-11-04 01:00:12,964] [sonarr.py:71]              [DEBUG]    | (405920, 'F:\\Anime\\SPY x FAMILY (2022) [tvdb-405920]')                                           |
[2022-11-04 01:00:12,965] [sonarr.py:71]              [DEBUG]    | (407306, 'F:\\Anime\\Summer Time Rendering (2022) [tvdb-407306]')                                  |
[2022-11-04 01:00:12,965] [sonarr.py:71]              [DEBUG]    | (410378, 'F:\\Anime\\Reincarnated as a Sword (2022) [tvdb-410378]')                                |
[2022-11-04 01:00:13,207] [sonarr.py:162]             [INFO]     |                                                                                                    |
[2022-11-04 01:00:13,207] [sonarr.py:170]             [INFO]     | Skipped: In Cache | (306269, 'F:\\Anime\\March Comes in Like a Lion (2016) [tvdb-306269]')         |
[2022-11-04 01:00:13,207] [sonarr.py:170]             [INFO]     | Skipped: In Cache | (413522, 'F:\\Anime\\Bocchi the Rock! (2022) [tvdb-413522]')                   |
[2022-11-04 01:00:13,208] [sonarr.py:170]             [INFO]     | Skipped: In Cache | (305074, 'F:\\Anime\\My Hero Academia (2016) [tvdb-305074]')                   |
[2022-11-04 01:00:13,208] [sonarr.py:170]             [INFO]     | Skipped: In Cache | (397934, 'F:\\Anime\\Chainsaw Man (2022) [tvdb-397934]')                       |
[2022-11-04 01:00:13,208] [sonarr.py:170]             [INFO]     | Skipped: In Cache | (401950, 'F:\\Anime\\Do It Yourself!! (2022) [tvdb-401950]')                   |
[2022-11-04 01:00:13,208] [sonarr.py:170]             [INFO]     | Skipped: In Cache | (405214, 'F:\\Anime\\Uncle From Another World (2022) [tvdb-405214]')           |
[2022-11-04 01:00:13,209] [sonarr.py:170]             [INFO]     | Skipped: In Cache | (407520, 'F:\\Anime\\Eminence in Shadow, The (2022) [tvdb-407520]')            |
[2022-11-04 01:00:13,209] [sonarr.py:170]             [INFO]     | Skipped: In Cache | (354198, 'F:\\Anime\\Kaguya-sama - Love Is War (2019) [tvdb-354198]')          |
[2022-11-04 01:00:13,209] [sonarr.py:170]             [INFO]     | Skipped: In Cache | (307375, 'F:\\Anime\\Mob Psycho 100 (2016) [tvdb-307375]')                     |
[2022-11-04 01:00:13,210] [sonarr.py:170]             [INFO]     | Skipped: In Cache | (402033, 'F:\\Anime\\Link Click (2021) [tvdb-402033]')                         |
[2022-11-04 01:00:13,211] [sonarr.py:170]             [INFO]     | Skipped: In Cache | (405920, 'F:\\Anime\\SPY x FAMILY (2022) [tvdb-405920]')                       |
[2022-11-04 01:00:13,211] [sonarr.py:170]             [INFO]     | Skipped: In Cache | (407306, 'F:\\Anime\\Summer Time Rendering (2022) [tvdb-407306]')              |
[2022-11-04 01:00:13,211] [sonarr.py:170]             [INFO]     | Skipped: In Cache | (410378, 'F:\\Anime\\Reincarnated as a Sword (2022) [tvdb-410378]')            |
[2022-11-04 01:00:13,212] [sonarr.py:171]             [INFO]     | 13 Series already exist in Sonarr                                                                  |
[2022-11-04 01:00:13,213] [plex_meta_manager.py:880]  [INFO]     |                                                                                                    |
[2022-11-04 01:00:13,213] [util.py:209]               [INFO]     |====================================================================================================|
[2022-11-04 01:00:13,214] [util.py:216]               [INFO]     |                           Finished Jack's Currently Watching Collection                            |
[2022-11-04 01:00:13,214] [util.py:216]               [INFO]     |                                    Collection Run Time: 0:00:02                                    |
[2022-11-04 01:00:13,214] [util.py:220]               [INFO]     |====================================================================================================|
