[2022-01-16 14:55:05,257] [util.py:209]               [INFO]     |====================================================================================================|
[2022-01-16 14:55:05,257] [util.py:216]               [INFO]     |                                 Ian McKellen Collection in Movies                                  |
[2022-01-16 14:55:05,258] [util.py:220]               [INFO]     |====================================================================================================|
[2022-01-16 14:55:05,258] [plex_meta_manager.py:750]  [INFO]     |                                                                                                    |
[2022-01-16 14:55:05,259] [util.py:216]               [INFO]     |================================ Validating Ian McKellen Attributes ================================|
[2022-01-16 14:55:05,260] [builder.py:265]            [DEBUG]    |                                                                                                    |
[2022-01-16 14:55:05,260] [builder.py:266]            [DEBUG]    | Validating Method: template                                                                        |
[2022-01-16 14:55:05,260] [meta.py:83]                [DEBUG]    | Value: ordereddict([('name', 'people'), ('person', 1327)])                                         |
[2022-01-16 14:55:05,261] [builder.py:367]            [DEBUG]    |                                                                                                    |
[2022-01-16 14:55:05,261] [builder.py:368]            [DEBUG]    | Validating Method: tmdb_person                                                                     |
[2022-01-16 14:55:05,261] [builder.py:372]            [DEBUG]    | Value: 1327                                                                                        |
[2022-01-16 14:55:05,391] [builder.py:453]            [DEBUG]    |                                                                                                    |
[2022-01-16 14:55:05,391] [builder.py:454]            [DEBUG]    | Validating Method: collection_order                                                                |
[2022-01-16 14:55:05,392] [builder.py:455]            [DEBUG]    | Value: release                                                                                     |
[2022-01-16 14:55:05,392] [builder.py:472]            [DEBUG]    |                                                                                                    |
[2022-01-16 14:55:05,392] [builder.py:473]            [DEBUG]    | Validating Method: actor                                                                           |
[2022-01-16 14:55:05,393] [builder.py:474]            [DEBUG]    | Value: tmdb                                                                                        |
[2022-01-16 14:55:05,432] [builder.py:472]            [DEBUG]    |                                                                                                    |
[2022-01-16 14:55:05,433] [builder.py:473]            [DEBUG]    | Validating Method: sort_title                                                                      |
[2022-01-16 14:55:05,433] [builder.py:474]            [DEBUG]    | Value: ++_Ian McKellen                                                                             |
[2022-01-16 14:55:05,437] [plex.py:685]               [DEBUG]    | Looking for: Ian McKellen                                                                          |
[2022-01-16 14:55:05,438] [builder.py:619]            [INFO]     |                                                                                                    |
[2022-01-16 14:55:05,438] [builder.py:620]            [INFO]     | Validation Successful                                                                              |
[2022-01-16 14:55:05,439] [plex_meta_manager.py:758]  [INFO]     |                                                                                                    |
[2022-01-16 14:55:05,439] [util.py:216]               [INFO]     |================================= Running Ian McKellen Collection ==================================|
[2022-01-16 14:55:05,440] [plex_meta_manager.py:773]  [INFO]     |                                                                                                    |
[2022-01-16 14:55:05,440] [plex_meta_manager.py:774]  [INFO]     | Sync Mode: append                                                                                  |
[2022-01-16 14:55:05,441] [builder.py:1275]           [DEBUG]    |                                                                                                    |
[2022-01-16 14:55:05,441] [builder.py:1276]           [DEBUG]    | Builder: plex_search: (1, 'Plex Movie Search\nSort By: title.asc\nFilter:\n  Match any of the following:\n    Actor is Ian McKellen', '?type=1&sort=titleSort&push=1&actor=2280&pop=1') |
[2022-01-16 14:55:05,441] [builder.py:1277]           [INFO]     |                                                                                                    |
[2022-01-16 14:55:05,442] [util.py:161]               [INFO]     | Plex Movie Search                                                                                  |
[2022-01-16 14:55:05,442] [util.py:161]               [INFO]     | Sort By: title.asc                                                                                 |
[2022-01-16 14:55:05,442] [util.py:161]               [INFO]     | Filter:                                                                                            |
[2022-01-16 14:55:05,442] [util.py:161]               [INFO]     |   Match any of the following:                                                                      |
[2022-01-16 14:55:05,443] [util.py:161]               [INFO]     |     Actor is Ian McKellen                                                                          |
[2022-01-16 14:55:05,464] [plex.py:746]               [DEBUG]    |                                                                                                    |
[2022-01-16 14:55:05,464] [plex.py:747]               [DEBUG]    | 4 Keys Found: [(32650, 'ratingKey'), (32651, 'ratingKey'), (32649, 'ratingKey'), (31792, 'ratingKey')] |
[2022-01-16 14:55:05,464] [builder.py:1282]           [DEBUG]    |                                                                                                    |
[2022-01-16 14:55:05,465] [builder.py:1283]           [DEBUG]    | 4 IDs Found: [(32650, 'ratingKey'), (32651, 'ratingKey'), (32649, 'ratingKey'), (31792, 'ratingKey')] |
[2022-01-16 14:55:05,465] [builder.py:1284]           [DEBUG]    |                                                                                                    |
[2022-01-16 14:55:05,626] [builder.py:1697]           [INFO]     |                                                                                                    |
[2022-01-16 14:55:05,627] [util.py:216]               [INFO]     |================================ Adding to Ian McKellen Collection =================================|
[2022-01-16 14:55:05,627] [builder.py:1699]           [INFO]     |                                                                                                    |
[2022-01-16 14:55:05,627] [builder.py:1709]           [INFO]     | 1/4 | Ian McKellen Collection | + | The Hobbit: An Unexpected Journey (2012)                       |
[2022-01-16 14:55:05,836] [builder.py:1709]           [INFO]     | 2/4 | Ian McKellen Collection | + | The Hobbit: The Battle of the Five Armies (2014)               |
[2022-01-16 14:55:06,017] [builder.py:1709]           [INFO]     | 3/4 | Ian McKellen Collection | + | The Hobbit: The Desolation of Smaug (2013)                     |
[2022-01-16 14:55:06,181] [builder.py:1709]           [INFO]     | 4/4 | Ian McKellen Collection | + | The Lord of the Rings: The Fellowship of the Ring (2001)       |
[2022-01-16 14:55:06,337] [builder.py:1734]           [INFO]     |                                                                                                    |
[2022-01-16 14:55:06,337] [builder.py:1735]           [INFO]     | 4 Movies Processed                                                                                 |
[2022-01-16 14:55:06,343] [builder.py:2147]           [INFO]     |                                                                                                    |
[2022-01-16 14:55:06,344] [util.py:216]               [INFO]     |=========================== Updating Details of Ian McKellen Collection ============================|
[2022-01-16 14:55:06,344] [builder.py:2149]           [INFO]     |                                                                                                    |
[2022-01-16 14:55:06,345] [builder.py:2156]           [INFO]     | Detail: tmdb_person updated Collection Summary                                                     |
[2022-01-16 14:55:06,345] [builder.py:2193]           [INFO]     | Detail: sort_title updated Collection Sort Title to ++_Ian McKellen                                |
[2022-01-16 14:55:06,346] [builder.py:2235]           [DEBUG]    | {'summary.value': "Sir Ian Murray McKellen, CH, CBE (born 25 May 1939) is an English actor. He is the recipient of six Laurence Olivier Awards, a Tony Award, a Golden Globe Award, a Screen Actors Guild Award, a BIF Award, two Saturn Awards, four Drama Desk Awards and two Critics' Choice Awards. He has also received two Academy Award nominations, eight BAFTA film and TV nominations and five Emmy Award nominations. McKellen's work spans genres ranging from Shakespearean and modern theatre to popular fantasy and science fiction. His notable film roles include Gandalf in The Lord of the Rings and The Hobbit trilogies and Magneto in the X-Men films.", 'summary.locked': 1, 'titleSort.value': '++_Ian McKellen', 'titleSort.locked': 1} |
[2022-01-16 14:55:06,361] [builder.py:2237]           [INFO]     | Details: have been updated                                                                         |
[2022-01-16 14:55:06,361] [builder.py:2258]           [DEBUG]    | 1 posters found:                                                                                   |
[2022-01-16 14:55:06,362] [builder.py:2260]           [DEBUG]    | Method: tmdb_person Poster: https://image.tmdb.org/t/p/original/5cnnnpnJG6TiYUSS7qgJheUZgnv.jpg    |
[2022-01-16 14:55:06,362] [builder.py:2327]           [INFO]     | No background collection detail or asset folder found                                              |
[2022-01-16 14:55:06,399] [library.py:145]            [INFO]     | Detail: tmdb_person updated poster to [URL] https://image.tmdb.org/t/p/original/5cnnnpnJG6TiYUSS7qgJheUZgnv.jpg |
[2022-01-16 14:55:06,579] [plex_meta_manager.py:880]  [INFO]     |                                                                                                    |
[2022-01-16 14:55:06,580] [util.py:209]               [INFO]     |====================================================================================================|
[2022-01-16 14:55:06,580] [util.py:216]               [INFO]     |                                  Finished Ian McKellen Collection                                  |
[2022-01-16 14:55:06,581] [util.py:216]               [INFO]     |                                    Collection Run Time: 0:00:01                                    |
[2022-01-16 14:55:06,581] [util.py:220]               [INFO]     |====================================================================================================|
