[2022-01-16 14:55:19,631] [util.py:209]               [INFO]     |====================================================================================================|
[2022-01-16 14:55:19,632] [util.py:216]               [INFO]     |                                   Lucy Liu Collection in Movies                                    |
[2022-01-16 14:55:19,632] [util.py:220]               [INFO]     |====================================================================================================|
[2022-01-16 14:55:19,633] [plex_meta_manager.py:750]  [INFO]     |                                                                                                    |
[2022-01-16 14:55:19,633] [util.py:216]               [INFO]     |================================== Validating Lucy Liu Attributes ==================================|
[2022-01-16 14:55:19,634] [builder.py:265]            [DEBUG]    |                                                                                                    |
[2022-01-16 14:55:19,634] [builder.py:266]            [DEBUG]    | Validating Method: template                                                                        |
[2022-01-16 14:55:19,634] [meta.py:83]                [DEBUG]    | Value: ordereddict([('name', 'people'), ('person', 140)])                                          |
[2022-01-16 14:55:19,635] [builder.py:367]            [DEBUG]    |                                                                                                    |
[2022-01-16 14:55:19,635] [builder.py:368]            [DEBUG]    | Validating Method: tmdb_person                                                                     |
[2022-01-16 14:55:19,635] [builder.py:372]            [DEBUG]    | Value: 140                                                                                         |
[2022-01-16 14:55:19,774] [builder.py:453]            [DEBUG]    |                                                                                                    |
[2022-01-16 14:55:19,774] [builder.py:454]            [DEBUG]    | Validating Method: collection_order                                                                |
[2022-01-16 14:55:19,775] [builder.py:455]            [DEBUG]    | Value: release                                                                                     |
[2022-01-16 14:55:19,775] [builder.py:472]            [DEBUG]    |                                                                                                    |
[2022-01-16 14:55:19,775] [builder.py:473]            [DEBUG]    | Validating Method: actor                                                                           |
[2022-01-16 14:55:19,776] [builder.py:474]            [DEBUG]    | Value: tmdb                                                                                        |
[2022-01-16 14:55:19,816] [builder.py:472]            [DEBUG]    |                                                                                                    |
[2022-01-16 14:55:19,816] [builder.py:473]            [DEBUG]    | Validating Method: sort_title                                                                      |
[2022-01-16 14:55:19,816] [builder.py:474]            [DEBUG]    | Value: ++_Lucy Liu                                                                                 |
[2022-01-16 14:55:19,821] [plex.py:685]               [DEBUG]    | Looking for: Lucy Liu                                                                              |
[2022-01-16 14:55:19,822] [builder.py:619]            [INFO]     |                                                                                                    |
[2022-01-16 14:55:19,822] [builder.py:620]            [INFO]     | Validation Successful                                                                              |
[2022-01-16 14:55:19,823] [plex_meta_manager.py:758]  [INFO]     |                                                                                                    |
[2022-01-16 14:55:19,823] [util.py:216]               [INFO]     |=================================== Running Lucy Liu Collection ====================================|
[2022-01-16 14:55:19,824] [plex_meta_manager.py:773]  [INFO]     |                                                                                                    |
[2022-01-16 14:55:19,824] [plex_meta_manager.py:774]  [INFO]     | Sync Mode: append                                                                                  |
[2022-01-16 14:55:19,824] [builder.py:1275]           [DEBUG]    |                                                                                                    |
[2022-01-16 14:55:19,825] [builder.py:1276]           [DEBUG]    | Builder: plex_search: (1, 'Plex Movie Search\nSort By: title.asc\nFilter:\n  Match any of the following:\n    Actor is Lucy Liu', '?type=1&sort=titleSort&push=1&actor=21969&pop=1') |
[2022-01-16 14:55:19,825] [builder.py:1277]           [INFO]     |                                                                                                    |
[2022-01-16 14:55:19,825] [util.py:161]               [INFO]     | Plex Movie Search                                                                                  |
[2022-01-16 14:55:19,825] [util.py:161]               [INFO]     | Sort By: title.asc                                                                                 |
[2022-01-16 14:55:19,826] [util.py:161]               [INFO]     | Filter:                                                                                            |
[2022-01-16 14:55:19,826] [util.py:161]               [INFO]     |   Match any of the following:                                                                      |
[2022-01-16 14:55:19,826] [util.py:161]               [INFO]     |     Actor is Lucy Liu                                                                              |
[2022-01-16 14:55:19,849] [plex.py:746]               [DEBUG]    |                                                                                                    |
[2022-01-16 14:55:19,849] [plex.py:747]               [DEBUG]    | 5 Keys Found: [(32419, 'ratingKey'), (32420, 'ratingKey'), (31982, 'ratingKey'), (31969, 'ratingKey'), (31985, 'ratingKey')] |
[2022-01-16 14:55:19,850] [builder.py:1282]           [DEBUG]    |                                                                                                    |
[2022-01-16 14:55:19,850] [builder.py:1283]           [DEBUG]    | 5 IDs Found: [(32419, 'ratingKey'), (32420, 'ratingKey'), (31982, 'ratingKey'), (31969, 'ratingKey'), (31985, 'ratingKey')] |
[2022-01-16 14:55:19,850] [builder.py:1284]           [DEBUG]    |                                                                                                    |
[2022-01-16 14:55:19,995] [builder.py:1697]           [INFO]     |                                                                                                    |
[2022-01-16 14:55:19,996] [util.py:216]               [INFO]     |================================== Adding to Lucy Liu Collection ===================================|
[2022-01-16 14:55:19,996] [builder.py:1699]           [INFO]     |                                                                                                    |
[2022-01-16 14:55:19,996] [builder.py:1709]           [INFO]     | 1/5 | Lucy Liu Collection | + | Kill Bill: Vol. 1 (2003)                                           |
[2022-01-16 14:55:20,117] [builder.py:1709]           [INFO]     | 2/5 | Lucy Liu Collection | + | Kill Bill: Vol. 2 (2004)                                           |
[2022-01-16 14:55:20,218] [builder.py:1709]           [INFO]     | 3/5 | Lucy Liu Collection | + | Kung Fu Panda (2008)                                               |
[2022-01-16 14:55:20,348] [builder.py:1709]           [INFO]     | 4/5 | Lucy Liu Collection | + | Kung Fu Panda 2 (2011)                                             |
[2022-01-16 14:55:20,525] [builder.py:1709]           [INFO]     | 5/5 | Lucy Liu Collection | + | Kung Fu Panda 3 (2016)                                             |
[2022-01-16 14:55:20,705] [builder.py:1734]           [INFO]     |                                                                                                    |
[2022-01-16 14:55:20,706] [builder.py:1735]           [INFO]     | 5 Movies Processed                                                                                 |
[2022-01-16 14:55:20,710] [builder.py:2147]           [INFO]     |                                                                                                    |
[2022-01-16 14:55:20,711] [util.py:216]               [INFO]     |============================= Updating Details of Lucy Liu Collection ==============================|
[2022-01-16 14:55:20,711] [builder.py:2149]           [INFO]     |                                                                                                    |
[2022-01-16 14:55:20,712] [builder.py:2156]           [INFO]     | Detail: tmdb_person updated Collection Summary                                                     |
[2022-01-16 14:55:20,712] [builder.py:2193]           [INFO]     | Detail: sort_title updated Collection Sort Title to ++_Lucy Liu                                    |
[2022-01-16 14:55:20,712] [builder.py:2235]           [DEBUG]    | {'summary.value': "Lucy Alexis Liu (born Lucy Liu; December 2, 1968) is an American actress, voice actress, director, producer, singer and artist. She became known for playing the role of the vicious and ill-mannered Ling Woo in the television series Ally McBeal (1998–2002), for which she was nominated for a Primetime Emmy Award for Outstanding Supporting Actress in a Comedy Series and a Screen Actors Guild Award for Outstanding Performance by a Female Actor in a Comedy Series. Liu's film work includes starring as one of the heroines in Charlie's Angels (2000), portraying O-Ren Ishii in Kill Bill (2003), and starring roles in the main casts of Payback (1999), Chicago (2002), and the animated film series Kung Fu Panda (2008–present) portraying the character Master Viper.\n\nIn 2008, she starred in an ABC comedy-drama, Cashmere Mafia, which ended after one abbreviated season. The show was one of only a few American television shows to have an Asian American series lead. In 2012, Liu joined the cast of the TNT series Southland in the recurring role of Jessica Tang, for which she won the Critics' Choice Television Award for Best Drama Guest Actress. She is currently co-starring in the Sherlock Holmes–inspired crime drama series Elementary as Joan Watson for which she won the Seoul International Drama Award for Best Actress, and voicing Silvermist in Disney's Tinker Bell film series.\n\nDescription above from the Wikipedia article Lucy Liu, licensed under CC-BY-SA, full list of contributors on Wikipedia.", 'summary.locked': 1, 'titleSort.value': '++_Lucy Liu', 'titleSort.locked': 1} |
[2022-01-16 14:55:20,727] [builder.py:2237]           [INFO]     | Details: have been updated                                                                         |
[2022-01-16 14:55:20,727] [builder.py:2258]           [DEBUG]    | 1 posters found:                                                                                   |
[2022-01-16 14:55:20,728] [builder.py:2260]           [DEBUG]    | Method: tmdb_person Poster: https://image.tmdb.org/t/p/original/9nbtjqsx3De7hO2XDtrBQ7M9VCH.jpg    |
[2022-01-16 14:55:20,728] [builder.py:2327]           [INFO]     | No background collection detail or asset folder found                                              |
[2022-01-16 14:55:20,753] [library.py:145]            [INFO]     | Detail: tmdb_person updated poster to [URL] https://image.tmdb.org/t/p/original/9nbtjqsx3De7hO2XDtrBQ7M9VCH.jpg |
[2022-01-16 14:55:21,065] [plex_meta_manager.py:880]  [INFO]     |                                                                                                    |
[2022-01-16 14:55:21,066] [util.py:209]               [INFO]     |====================================================================================================|
[2022-01-16 14:55:21,066] [util.py:216]               [INFO]     |                                    Finished Lucy Liu Collection                                    |
[2022-01-16 14:55:21,067] [util.py:216]               [INFO]     |                                    Collection Run Time: 0:00:01                                    |
[2022-01-16 14:55:21,067] [util.py:220]               [INFO]     |====================================================================================================|
