[2022-11-06 10:29:41,469] [util.py:209]               [INFO]     |====================================================================================================|
[2022-11-06 10:29:41,470] [util.py:216]               [INFO]     |                              Mission Impossible Collection in Movies                               |
[2022-11-06 10:29:41,470] [util.py:220]               [INFO]     |====================================================================================================|
[2022-11-06 10:29:41,470] [plex_meta_manager.py:750]  [INFO]     |                                                                                                    |
[2022-11-06 10:29:41,470] [util.py:216]               [INFO]     |============================= Validating Mission Impossible Attributes =============================|
[2022-11-06 10:29:41,471] [builder.py:265]            [DEBUG]    |                                                                                                    |
[2022-11-06 10:29:41,471] [builder.py:266]            [DEBUG]    | Validating Method: template                                                                        |
[2022-11-06 10:29:41,471] [meta.py:83]                [DEBUG]    | Value: ordereddict([('name', 'Movie'), ('collection', 87359), ('summary', 87359), ('poster', 'https://theposterdb.com/api/assets/2705')]) |
[2022-11-06 10:29:41,472] [builder.py:330]            [DEBUG]    |                                                                                                    |
[2022-11-06 10:29:41,472] [builder.py:331]            [DEBUG]    | Validating Method: sync_mode                                                                       |
[2022-11-06 10:29:41,472] [builder.py:335]            [DEBUG]    | Value: sync                                                                                        |
[2022-11-06 10:29:41,472] [builder.py:453]            [DEBUG]    |                                                                                                    |
[2022-11-06 10:29:41,472] [builder.py:454]            [DEBUG]    | Validating Method: collection_order                                                                |
[2022-11-06 10:29:41,473] [builder.py:455]            [DEBUG]    | Value: release                                                                                     |
[2022-11-06 10:29:41,473] [builder.py:472]            [DEBUG]    |                                                                                                    |
[2022-11-06 10:29:41,473] [builder.py:473]            [DEBUG]    | Validating Method: url_poster                                                                      |
[2022-11-06 10:29:41,473] [builder.py:474]            [DEBUG]    | Value: https://theposterdb.com/api/assets/2705                                                     |
[2022-11-06 10:29:41,474] [builder.py:472]            [DEBUG]    |                                                                                                    |
[2022-11-06 10:29:41,474] [builder.py:473]            [DEBUG]    | Validating Method: tmdb_collection                                                                 |
[2022-11-06 10:29:41,474] [builder.py:474]            [DEBUG]    | Value: 87359                                                                                       |
[2022-11-06 10:29:41,601] [builder.py:472]            [DEBUG]    |                                                                                                    |
[2022-11-06 10:29:41,601] [builder.py:473]            [DEBUG]    | Validating Method: tmdb_summary                                                                    |
[2022-11-06 10:29:41,601] [builder.py:474]            [DEBUG]    | Value: 87359                                                                                       |
[2022-11-06 10:29:41,602] [builder.py:472]            [DEBUG]    |                                                                                                    |
[2022-11-06 10:29:41,602] [builder.py:473]            [DEBUG]    | Validating Method: sort_title                                                                      |
[2022-11-06 10:29:41,602] [builder.py:474]            [DEBUG]    | Value: 00000f_Mission Impossible                                                                   |
[2022-11-06 10:29:41,603] [builder.py:472]            [DEBUG]    |                                                                                                    |
[2022-11-06 10:29:41,603] [builder.py:473]            [DEBUG]    | Validating Method: radarr_add_missing                                                              |
[2022-11-06 10:29:41,603] [builder.py:474]            [DEBUG]    | Value: True                                                                                        |
[2022-11-06 10:29:41,759] [builder.py:619]            [INFO]     |                                                                                                    |
[2022-11-06 10:29:41,760] [builder.py:620]            [INFO]     | Validation Successful                                                                              |
[2022-11-06 10:29:41,761] [plex_meta_manager.py:758]  [INFO]     |                                                                                                    |
[2022-11-06 10:29:41,761] [util.py:216]               [INFO]     |============================== Running Mission Impossible Collection ===============================|
[2022-11-06 10:29:41,761] [plex_meta_manager.py:773]  [INFO]     |                                                                                                    |
[2022-11-06 10:29:41,762] [plex_meta_manager.py:774]  [INFO]     | Sync Mode: sync                                                                                    |
[2022-11-06 10:29:41,762] [builder.py:1275]           [DEBUG]    |                                                                                                    |
[2022-11-06 10:29:41,762] [builder.py:1276]           [DEBUG]    | Builder: tmdb_collection: 87359                                                                    |
[2022-11-06 10:29:41,762] [builder.py:1277]           [INFO]     |                                                                                                    |
[2022-11-06 10:29:41,763] [tmdb.py:323]               [INFO]     | Processing TMDb Collection: (87359) Mission: Impossible Collection (8 Items)                       |
[2022-11-06 10:29:41,763] [builder.py:1282]           [DEBUG]    |                                                                                                    |
[2022-11-06 10:29:41,763] [builder.py:1283]           [DEBUG]    | 8 IDs Found: [(954, 'tmdb'), (955, 'tmdb'), (956, 'tmdb'), (56292, 'tmdb'), (177677, 'tmdb'), (353081, 'tmdb'), (575264, 'tmdb'), (575265, 'tmdb')] |
[2022-11-06 10:29:41,763] [builder.py:1284]           [DEBUG]    |                                                                                                    |
[2022-11-06 10:29:41,885] [builder.py:1697]           [INFO]     |                                                                                                    |
[2022-11-06 10:29:41,886] [util.py:216]               [INFO]     |============================= Adding to Mission Impossible Collection ==============================|
[2022-11-06 10:29:41,886] [builder.py:1699]           [INFO]     |                                                                                                    |
[2022-11-06 10:29:41,886] [builder.py:1709]           [INFO]     | 1/6 | Mission Impossible Collection | = | Mission: Impossible (1996)                               |
[2022-11-06 10:29:41,886] [builder.py:1709]           [INFO]     | 2/6 | Mission Impossible Collection | = | Mission: Impossible II (2000)                            |
[2022-11-06 10:29:41,887] [builder.py:1709]           [INFO]     | 3/6 | Mission Impossible Collection | = | Mission: Impossible III (2006)                           |
[2022-11-06 10:29:41,887] [builder.py:1709]           [INFO]     | 4/6 | Mission Impossible Collection | = | Mission: Impossible - Ghost Protocol (2011)              |
[2022-11-06 10:29:41,887] [builder.py:1709]           [INFO]     | 5/6 | Mission Impossible Collection | = | Mission: Impossible - Rogue Nation (2015)                |
[2022-11-06 10:29:41,888] [builder.py:1709]           [INFO]     | 6/6 | Mission Impossible Collection | = | Mission: Impossible - Fallout (2018)                     |
[2022-11-06 10:29:41,888] [builder.py:1734]           [INFO]     |                                                                                                    |
[2022-11-06 10:29:41,888] [builder.py:1735]           [INFO]     | 6 Movies Processed                                                                                 |
[2022-11-06 10:29:41,889] [builder.py:1929]           [INFO]     |                                                                                                    |
[2022-11-06 10:29:41,889] [util.py:216]               [INFO]     |========================= Missing Movies from Library: Mission Impossible ==========================|
[2022-11-06 10:29:41,889] [builder.py:1931]           [INFO]     |                                                                                                    |
[2022-11-06 10:29:42,078] [builder.py:1943]           [INFO]     | Mission Impossible Collection | ? | Mission: Impossible - Dead Reckoning Part One (2023) (TMDb: 575264) |
[2022-11-06 10:29:42,255] [builder.py:1943]           [INFO]     | Mission Impossible Collection | ? | Mission: Impossible - Dead Reckoning Part Two (2024) (TMDb: 575265) |
[2022-11-06 10:29:42,255] [builder.py:1947]           [INFO]     |                                                                                                    |
[2022-11-06 10:29:42,256] [builder.py:1948]           [INFO]     | 2 Movies Missing                                                                                   |
[2022-11-06 10:29:42,263] [radarr.py:46]              [INFO]     |                                                                                                    |
[2022-11-06 10:29:42,263] [util.py:216]               [INFO]     |===================================== Adding Missing to Radarr =====================================|
[2022-11-06 10:29:42,263] [radarr.py:48]              [DEBUG]    |                                                                                                    |
[2022-11-06 10:29:42,264] [radarr.py:49]              [DEBUG]    | Radarr Adds: [575264, 575265]                                                                      |
[2022-11-06 10:29:43,058] [radarr.py:138]             [INFO]     |                                                                                                    |
[2022-11-06 10:29:43,059] [radarr.py:146]             [INFO]     | Skipped: In Cache | 575264                                                                         |
[2022-11-06 10:29:43,059] [radarr.py:146]             [INFO]     | Skipped: In Cache | 575265                                                                         |
[2022-11-06 10:29:43,059] [radarr.py:147]             [INFO]     | 2 Movies already exist in Radarr                                                                   |
[2022-11-06 10:29:43,075] [builder.py:2147]           [INFO]     |                                                                                                    |
[2022-11-06 10:29:43,075] [util.py:216]               [INFO]     |======================== Updating Details of Mission Impossible Collection =========================|
[2022-11-06 10:29:43,076] [builder.py:2149]           [INFO]     |                                                                                                    |
[2022-11-06 10:29:43,076] [builder.py:2156]           [INFO]     | Detail: tmdb_summary updated Collection Summary                                                    |
[2022-11-06 10:29:43,077] [builder.py:2258]           [DEBUG]    | 1 posters found:                                                                                   |
[2022-11-06 10:29:43,077] [builder.py:2260]           [DEBUG]    | Method: url_poster Poster: https://theposterdb.com/api/assets/2705                                 |
[2022-11-06 10:29:43,077] [builder.py:2327]           [INFO]     | No background collection detail or asset folder found                                              |
[2022-11-06 10:29:43,078] [library.py:147]            [INFO]     | Detail: poster update not needed                                                                   |
[2022-11-06 10:29:43,222] [plex_meta_manager.py:880]  [INFO]     |                                                                                                    |
[2022-11-06 10:29:43,222] [util.py:209]               [INFO]     |====================================================================================================|
[2022-11-06 10:29:43,223] [util.py:216]               [INFO]     |                               Finished Mission Impossible Collection                               |
[2022-11-06 10:29:43,223] [util.py:216]               [INFO]     |                                    Collection Run Time: 0:00:01                                    |
[2022-11-06 10:29:43,223] [util.py:220]               [INFO]     |====================================================================================================|
