[2022-11-23 01:01:38,570] [util.py:209]               [INFO]     |====================================================================================================|
[2022-11-23 01:01:38,571] [util.py:216]               [INFO]     |                                   Star Wars Collection in Movies                                   |
[2022-11-23 01:01:38,571] [util.py:220]               [INFO]     |====================================================================================================|
[2022-11-23 01:01:38,571] [plex_meta_manager.py:750]  [INFO]     |                                                                                                    |
[2022-11-23 01:01:38,572] [util.py:216]               [INFO]     |================================= Validating Star Wars Attributes ==================================|
[2022-11-23 01:01:38,572] [builder.py:265]            [DEBUG]    |                                                                                                    |
[2022-11-23 01:01:38,572] [builder.py:266]            [DEBUG]    | Validating Method: template                                                                        |
[2022-11-23 01:01:38,573] [meta.py:83]                [DEBUG]    | Value: ordereddict([('name', 'Movie'), ('collection', 10), ('summary', 10), ('movie', '348350, 330459'), ('poster', 'https://theposterdb.com/api/assets/4448')]) |
[2022-11-23 01:01:38,573] [builder.py:330]            [DEBUG]    |                                                                                                    |
[2022-11-23 01:01:38,573] [builder.py:331]            [DEBUG]    | Validating Method: sync_mode                                                                       |
[2022-11-23 01:01:38,573] [builder.py:335]            [DEBUG]    | Value: sync                                                                                        |
[2022-11-23 01:01:38,573] [builder.py:453]            [DEBUG]    |                                                                                                    |
[2022-11-23 01:01:38,574] [builder.py:454]            [DEBUG]    | Validating Method: collection_order                                                                |
[2022-11-23 01:01:38,574] [builder.py:455]            [DEBUG]    | Value: release                                                                                     |
[2022-11-23 01:01:38,574] [builder.py:472]            [DEBUG]    |                                                                                                    |
[2022-11-23 01:01:38,574] [builder.py:473]            [DEBUG]    | Validating Method: url_poster                                                                      |
[2022-11-23 01:01:38,574] [builder.py:474]            [DEBUG]    | Value: https://theposterdb.com/api/assets/4448                                                     |
[2022-11-23 01:01:38,575] [builder.py:472]            [DEBUG]    |                                                                                                    |
[2022-11-23 01:01:38,575] [builder.py:473]            [DEBUG]    | Validating Method: tmdb_collection                                                                 |
[2022-11-23 01:01:38,575] [builder.py:474]            [DEBUG]    | Value: 10                                                                                          |
[2022-11-23 01:01:38,972] [builder.py:472]            [DEBUG]    |                                                                                                    |
[2022-11-23 01:01:38,972] [builder.py:473]            [DEBUG]    | Validating Method: tmdb_summary                                                                    |
[2022-11-23 01:01:38,972] [builder.py:474]            [DEBUG]    | Value: 10                                                                                          |
[2022-11-23 01:01:38,973] [builder.py:472]            [DEBUG]    |                                                                                                    |
[2022-11-23 01:01:38,973] [builder.py:473]            [DEBUG]    | Validating Method: sort_title                                                                      |
[2022-11-23 01:01:38,973] [builder.py:474]            [DEBUG]    | Value: 00000f_Star Wars                                                                            |
[2022-11-23 01:01:38,974] [builder.py:472]            [DEBUG]    |                                                                                                    |
[2022-11-23 01:01:38,974] [builder.py:473]            [DEBUG]    | Validating Method: radarr_add_missing                                                              |
[2022-11-23 01:01:38,974] [builder.py:474]            [DEBUG]    | Value: True                                                                                        |
[2022-11-23 01:01:39,145] [builder.py:619]            [INFO]     |                                                                                                    |
[2022-11-23 01:01:39,146] [builder.py:620]            [INFO]     | Validation Successful                                                                              |
[2022-11-23 01:01:39,148] [plex_meta_manager.py:758]  [INFO]     |                                                                                                    |
[2022-11-23 01:01:39,148] [util.py:216]               [INFO]     |=================================== Running Star Wars Collection ===================================|
[2022-11-23 01:01:39,148] [plex_meta_manager.py:773]  [INFO]     |                                                                                                    |
[2022-11-23 01:01:39,149] [plex_meta_manager.py:774]  [INFO]     | Sync Mode: sync                                                                                    |
[2022-11-23 01:01:39,149] [builder.py:1275]           [DEBUG]    |                                                                                                    |
[2022-11-23 01:01:39,149] [builder.py:1276]           [DEBUG]    | Builder: tmdb_collection: 10                                                                       |
[2022-11-23 01:01:39,150] [builder.py:1277]           [INFO]     |                                                                                                    |
[2022-11-23 01:01:39,150] [tmdb.py:323]               [INFO]     | Processing TMDb Collection: (10) Star Wars Collection (9 Items)                                    |
[2022-11-23 01:01:39,150] [builder.py:1282]           [DEBUG]    |                                                                                                    |
[2022-11-23 01:01:39,151] [builder.py:1283]           [DEBUG]    | 9 IDs Found: [(11, 'tmdb'), (1891, 'tmdb'), (1892, 'tmdb'), (1893, 'tmdb'), (1894, 'tmdb'), (1895, 'tmdb'), (140607, 'tmdb'), (181812, 'tmdb'), (181808, 'tmdb')] |
[2022-11-23 01:01:39,151] [builder.py:1284]           [DEBUG]    |                                                                                                    |
[2022-11-23 01:01:39,482] [builder.py:1697]           [INFO]     |                                                                                                    |
[2022-11-23 01:01:39,483] [util.py:216]               [INFO]     |================================== Adding to Star Wars Collection ==================================|
[2022-11-23 01:01:39,483] [builder.py:1699]           [INFO]     |                                                                                                    |
[2022-11-23 01:01:39,483] [builder.py:1709]           [INFO]     | 1/9 | Star Wars Collection | = | Star Wars: Episode IV - A New Hope (1977)                         |
[2022-11-23 01:01:39,484] [builder.py:1709]           [INFO]     | 2/9 | Star Wars Collection | = | Star Wars: Episode V - The Empire Strikes Back (1980)             |
[2022-11-23 01:01:39,484] [builder.py:1709]           [INFO]     | 3/9 | Star Wars Collection | = | Star Wars: Episode VI - Return of the Jedi (1983)                 |
[2022-11-23 01:01:39,484] [builder.py:1709]           [INFO]     | 4/9 | Star Wars Collection | = | Star Wars: Episode I - The Phantom Menace (1999)                  |
[2022-11-23 01:01:39,485] [builder.py:1709]           [INFO]     | 5/9 | Star Wars Collection | = | Star Wars: Episode II - Attack of the Clones (2002)               |
[2022-11-23 01:01:39,485] [builder.py:1709]           [INFO]     | 6/9 | Star Wars Collection | = | Star Wars: Episode III - Revenge of the Sith (2005)               |
[2022-11-23 01:01:39,485] [builder.py:1709]           [INFO]     | 7/9 | Star Wars Collection | = | Star Wars: Episode VII - The Force Awakens (2015)                 |
[2022-11-23 01:01:39,486] [builder.py:1709]           [INFO]     | 8/9 | Star Wars Collection | = | Star Wars: Episode IX - The Rise of Skywalker (2019)              |
[2022-11-23 01:01:39,486] [builder.py:1709]           [INFO]     | 9/9 | Star Wars Collection | = | Star Wars: Episode VIII - The Last Jedi (2017)                    |
[2022-11-23 01:01:39,486] [builder.py:1734]           [INFO]     |                                                                                                    |
[2022-11-23 01:01:39,487] [builder.py:1735]           [INFO]     | 9 Movies Processed                                                                                 |
[2022-11-23 01:01:39,491] [builder.py:2147]           [INFO]     |                                                                                                    |
[2022-11-23 01:01:39,491] [util.py:216]               [INFO]     |============================= Updating Details of Star Wars Collection =============================|
[2022-11-23 01:01:39,492] [builder.py:2149]           [INFO]     |                                                                                                    |
[2022-11-23 01:01:39,493] [builder.py:2156]           [INFO]     | Detail: tmdb_summary updated Collection Summary                                                    |
[2022-11-23 01:01:39,493] [builder.py:2258]           [DEBUG]    | 1 posters found:                                                                                   |
[2022-11-23 01:01:39,494] [builder.py:2260]           [DEBUG]    | Method: url_poster Poster: https://theposterdb.com/api/assets/4448                                 |
[2022-11-23 01:01:39,494] [builder.py:2327]           [INFO]     | No background collection detail or asset folder found                                              |
[2022-11-23 01:01:39,495] [library.py:147]            [INFO]     | Detail: poster update not needed                                                                   |
[2022-11-23 01:01:39,669] [plex_meta_manager.py:880]  [INFO]     |                                                                                                    |
[2022-11-23 01:01:39,670] [util.py:209]               [INFO]     |====================================================================================================|
[2022-11-23 01:01:39,671] [util.py:216]               [INFO]     |                                   Finished Star Wars Collection                                    |
[2022-11-23 01:01:39,671] [util.py:216]               [INFO]     |                                    Collection Run Time: 0:00:01                                    |
[2022-11-23 01:01:39,671] [util.py:220]               [INFO]     |====================================================================================================|
