[2022-01-16 14:54:46,107] [util.py:209]               [INFO]     |====================================================================================================|
[2022-01-16 14:54:46,107] [util.py:216]               [INFO]     |                                  Chris Evans Collection in Movies                                  |
[2022-01-16 14:54:46,107] [util.py:220]               [INFO]     |====================================================================================================|
[2022-01-16 14:54:46,108] [plex_meta_manager.py:750]  [INFO]     |                                                                                                    |
[2022-01-16 14:54:46,109] [util.py:216]               [INFO]     |================================ Validating Chris Evans Attributes =================================|
[2022-01-16 14:54:46,109] [builder.py:265]            [DEBUG]    |                                                                                                    |
[2022-01-16 14:54:46,109] [builder.py:266]            [DEBUG]    | Validating Method: template                                                                        |
[2022-01-16 14:54:46,110] [meta.py:83]                [DEBUG]    | Value: ordereddict([('name', 'people'), ('person', 16828)])                                        |
[2022-01-16 14:54:46,110] [builder.py:367]            [DEBUG]    |                                                                                                    |
[2022-01-16 14:54:46,110] [builder.py:368]            [DEBUG]    | Validating Method: tmdb_person                                                                     |
[2022-01-16 14:54:46,110] [builder.py:372]            [DEBUG]    | Value: 16828                                                                                       |
[2022-01-16 14:54:46,245] [builder.py:453]            [DEBUG]    |                                                                                                    |
[2022-01-16 14:54:46,245] [builder.py:454]            [DEBUG]    | Validating Method: collection_order                                                                |
[2022-01-16 14:54:46,245] [builder.py:455]            [DEBUG]    | Value: release                                                                                     |
[2022-01-16 14:54:46,246] [builder.py:472]            [DEBUG]    |                                                                                                    |
[2022-01-16 14:54:46,246] [builder.py:473]            [DEBUG]    | Validating Method: actor                                                                           |
[2022-01-16 14:54:46,246] [builder.py:474]            [DEBUG]    | Value: tmdb                                                                                        |
[2022-01-16 14:54:46,287] [builder.py:472]            [DEBUG]    |                                                                                                    |
[2022-01-16 14:54:46,288] [builder.py:473]            [DEBUG]    | Validating Method: sort_title                                                                      |
[2022-01-16 14:54:46,288] [builder.py:474]            [DEBUG]    | Value: ++_Chris Evans                                                                              |
[2022-01-16 14:54:46,292] [plex.py:685]               [DEBUG]    | Looking for: Chris Evans                                                                           |
[2022-01-16 14:54:46,293] [builder.py:619]            [INFO]     |                                                                                                    |
[2022-01-16 14:54:46,293] [builder.py:620]            [INFO]     | Validation Successful                                                                              |
[2022-01-16 14:54:46,295] [plex_meta_manager.py:758]  [INFO]     |                                                                                                    |
[2022-01-16 14:54:46,295] [util.py:216]               [INFO]     |================================== Running Chris Evans Collection ==================================|
[2022-01-16 14:54:46,296] [plex_meta_manager.py:773]  [INFO]     |                                                                                                    |
[2022-01-16 14:54:46,296] [plex_meta_manager.py:774]  [INFO]     | Sync Mode: append                                                                                  |
[2022-01-16 14:54:46,296] [builder.py:1275]           [DEBUG]    |                                                                                                    |
[2022-01-16 14:54:46,296] [builder.py:1276]           [DEBUG]    | Builder: plex_search: (1, 'Plex Movie Search\nSort By: title.asc\nFilter:\n  Match any of the following:\n    Actor is Chris Evans', '?type=1&sort=titleSort&push=1&actor=20890&pop=1') |
[2022-01-16 14:54:46,297] [builder.py:1277]           [INFO]     |                                                                                                    |
[2022-01-16 14:54:46,297] [util.py:161]               [INFO]     | Plex Movie Search                                                                                  |
[2022-01-16 14:54:46,297] [util.py:161]               [INFO]     | Sort By: title.asc                                                                                 |
[2022-01-16 14:54:46,298] [util.py:161]               [INFO]     | Filter:                                                                                            |
[2022-01-16 14:54:46,298] [util.py:161]               [INFO]     |   Match any of the following:                                                                      |
[2022-01-16 14:54:46,298] [util.py:161]               [INFO]     |     Actor is Chris Evans                                                                           |
[2022-01-16 14:54:46,309] [plex.py:746]               [DEBUG]    |                                                                                                    |
[2022-01-16 14:54:46,310] [plex.py:747]               [DEBUG]    | 2 Keys Found: [(31403, 'ratingKey'), (33063, 'ratingKey')]                                         |
[2022-01-16 14:54:46,310] [builder.py:1282]           [DEBUG]    |                                                                                                    |
[2022-01-16 14:54:46,311] [builder.py:1283]           [DEBUG]    | 2 IDs Found: [(31403, 'ratingKey'), (33063, 'ratingKey')]                                          |
[2022-01-16 14:54:46,311] [builder.py:1284]           [DEBUG]    |                                                                                                    |
[2022-01-16 14:54:46,372] [builder.py:1697]           [INFO]     |                                                                                                    |
[2022-01-16 14:54:46,372] [util.py:216]               [INFO]     |================================= Adding to Chris Evans Collection =================================|
[2022-01-16 14:54:46,373] [builder.py:1699]           [INFO]     |                                                                                                    |
[2022-01-16 14:54:46,373] [builder.py:1709]           [INFO]     | 1/2 | Chris Evans Collection | + | Not Another Teen Movie (2001)                                   |
[2022-01-16 14:54:46,497] [builder.py:1709]           [INFO]     | 2/2 | Chris Evans Collection | + | Snowpiercer (2013)                                              |
[2022-01-16 14:54:46,607] [builder.py:1734]           [INFO]     |                                                                                                    |
[2022-01-16 14:54:46,608] [builder.py:1735]           [INFO]     | 2 Movies Processed                                                                                 |
[2022-01-16 14:54:46,613] [builder.py:2147]           [INFO]     |                                                                                                    |
[2022-01-16 14:54:46,614] [util.py:216]               [INFO]     |============================ Updating Details of Chris Evans Collection ============================|
[2022-01-16 14:54:46,614] [builder.py:2149]           [INFO]     |                                                                                                    |
[2022-01-16 14:54:46,615] [builder.py:2156]           [INFO]     | Detail: tmdb_person updated Collection Summary                                                     |
[2022-01-16 14:54:46,615] [builder.py:2193]           [INFO]     | Detail: sort_title updated Collection Sort Title to ++_Chris Evans                                 |
[2022-01-16 14:54:46,615] [builder.py:2235]           [DEBUG]    | {'summary.value': 'An American actor. Evans is known for his superhero roles as the Marvel Comics characters Steve Rogers in the Marvel Cinematic Universe and the Human Torch in Fantastic Four (2005) and its 2007 sequel. Evans began his career on the 2000 television series Opposite Sex. Besides his superhero films, he has appeared in such films as Not Another Teen Movie (2001), Sunshine (2007), Scott Pilgrim vs. the World (2010), Snowpiercer (2013), and Gifted (2017). In 2014, he made his directorial debut with the drama film Before We Go, in which he also starred. Evans made his Broadway debut in a 2018 production of Lobby Hero.\n\nCourtesy Wikipedia®', 'summary.locked': 1, 'titleSort.value': '++_Chris Evans', 'titleSort.locked': 1} |
[2022-01-16 14:54:46,629] [builder.py:2237]           [INFO]     | Details: have been updated                                                                         |
[2022-01-16 14:54:46,629] [builder.py:2258]           [DEBUG]    | 1 posters found:                                                                                   |
[2022-01-16 14:54:46,630] [builder.py:2260]           [DEBUG]    | Method: tmdb_person Poster: https://image.tmdb.org/t/p/original/3bOGNsHlrswhyW79uvIHH1V43JI.jpg    |
[2022-01-16 14:54:46,630] [builder.py:2327]           [INFO]     | No background collection detail or asset folder found                                              |
[2022-01-16 14:54:46,664] [library.py:145]            [INFO]     | Detail: tmdb_person updated poster to [URL] https://image.tmdb.org/t/p/original/3bOGNsHlrswhyW79uvIHH1V43JI.jpg |
[2022-01-16 14:54:46,826] [plex_meta_manager.py:880]  [INFO]     |                                                                                                    |
[2022-01-16 14:54:46,827] [util.py:209]               [INFO]     |====================================================================================================|
[2022-01-16 14:54:46,828] [util.py:216]               [INFO]     |                                  Finished Chris Evans Collection                                   |
[2022-01-16 14:54:46,828] [util.py:216]               [INFO]     |                                    Collection Run Time: 0:00:00                                    |
[2022-01-16 14:54:46,828] [util.py:220]               [INFO]     |====================================================================================================|
