[2022-11-07 00:05:03,249] [util.py:209]               [INFO]     |====================================================================================================|
[2022-11-07 00:05:03,250] [util.py:216]               [INFO]     |                              Back to the Future Collection in Movies                               |
[2022-11-07 00:05:03,250] [util.py:220]               [INFO]     |====================================================================================================|
[2022-11-07 00:05:03,250] [plex_meta_manager.py:750]  [INFO]     |                                                                                                    |
[2022-11-07 00:05:03,251] [util.py:216]               [INFO]     |============================= Validating Back to the Future Attributes =============================|
[2022-11-07 00:05:03,251] [builder.py:265]            [DEBUG]    |                                                                                                    |
[2022-11-07 00:05:03,251] [builder.py:266]            [DEBUG]    | Validating Method: template                                                                        |
[2022-11-07 00:05:03,252] [meta.py:83]                [DEBUG]    | Value: ordereddict([('name', 'Movie'), ('collection', 264), ('summary', 264), ('poster', 'https://theposterdb.com/api/assets/108170')]) |
[2022-11-07 00:05:03,252] [builder.py:330]            [DEBUG]    |                                                                                                    |
[2022-11-07 00:05:03,252] [builder.py:331]            [DEBUG]    | Validating Method: sync_mode                                                                       |
[2022-11-07 00:05:03,253] [builder.py:335]            [DEBUG]    | Value: sync                                                                                        |
[2022-11-07 00:05:03,253] [builder.py:453]            [DEBUG]    |                                                                                                    |
[2022-11-07 00:05:03,253] [builder.py:454]            [DEBUG]    | Validating Method: collection_order                                                                |
[2022-11-07 00:05:03,253] [builder.py:455]            [DEBUG]    | Value: release                                                                                     |
[2022-11-07 00:05:03,253] [builder.py:472]            [DEBUG]    |                                                                                                    |
[2022-11-07 00:05:03,254] [builder.py:473]            [DEBUG]    | Validating Method: url_poster                                                                      |
[2022-11-07 00:05:03,254] [builder.py:474]            [DEBUG]    | Value: https://theposterdb.com/api/assets/108170                                                   |
[2022-11-07 00:05:03,254] [builder.py:472]            [DEBUG]    |                                                                                                    |
[2022-11-07 00:05:03,254] [builder.py:473]            [DEBUG]    | Validating Method: tmdb_collection                                                                 |
[2022-11-07 00:05:03,255] [builder.py:474]            [DEBUG]    | Value: 264                                                                                         |
[2022-11-07 00:05:03,290] [builder.py:472]            [DEBUG]    |                                                                                                    |
[2022-11-07 00:05:03,291] [builder.py:473]            [DEBUG]    | Validating Method: tmdb_summary                                                                    |
[2022-11-07 00:05:03,291] [builder.py:474]            [DEBUG]    | Value: 264                                                                                         |
[2022-11-07 00:05:03,291] [builder.py:472]            [DEBUG]    |                                                                                                    |
[2022-11-07 00:05:03,291] [builder.py:473]            [DEBUG]    | Validating Method: sort_title                                                                      |
[2022-11-07 00:05:03,292] [builder.py:474]            [DEBUG]    | Value: 00000f_Back to the Future                                                                   |
[2022-11-07 00:05:03,292] [builder.py:472]            [DEBUG]    |                                                                                                    |
[2022-11-07 00:05:03,292] [builder.py:473]            [DEBUG]    | Validating Method: radarr_add_missing                                                              |
[2022-11-07 00:05:03,292] [builder.py:474]            [DEBUG]    | Value: True                                                                                        |
[2022-11-07 00:05:03,440] [builder.py:619]            [INFO]     |                                                                                                    |
[2022-11-07 00:05:03,441] [builder.py:620]            [INFO]     | Validation Successful                                                                              |
[2022-11-07 00:05:03,442] [plex_meta_manager.py:758]  [INFO]     |                                                                                                    |
[2022-11-07 00:05:03,442] [util.py:216]               [INFO]     |============================== Running Back to the Future Collection ===============================|
[2022-11-07 00:05:03,442] [plex_meta_manager.py:773]  [INFO]     |                                                                                                    |
[2022-11-07 00:05:03,443] [plex_meta_manager.py:774]  [INFO]     | Sync Mode: sync                                                                                    |
[2022-11-07 00:05:03,443] [builder.py:1275]           [DEBUG]    |                                                                                                    |
[2022-11-07 00:05:03,443] [builder.py:1276]           [DEBUG]    | Builder: tmdb_collection: 264                                                                      |
[2022-11-07 00:05:03,443] [builder.py:1277]           [INFO]     |                                                                                                    |
[2022-11-07 00:05:03,444] [tmdb.py:323]               [INFO]     | Processing TMDb Collection: (264) Back to the Future Collection (3 Items)                          |
[2022-11-07 00:05:03,444] [builder.py:1282]           [DEBUG]    |                                                                                                    |
[2022-11-07 00:05:03,444] [builder.py:1283]           [DEBUG]    | 3 IDs Found: [(105, 'tmdb'), (165, 'tmdb'), (196, 'tmdb')]                                         |
[2022-11-07 00:05:03,444] [builder.py:1284]           [DEBUG]    |                                                                                                    |
[2022-11-07 00:05:03,507] [builder.py:1697]           [INFO]     |                                                                                                    |
[2022-11-07 00:05:03,507] [util.py:216]               [INFO]     |============================= Adding to Back to the Future Collection ==============================|
[2022-11-07 00:05:03,508] [builder.py:1699]           [INFO]     |                                                                                                    |
[2022-11-07 00:05:03,508] [builder.py:1709]           [INFO]     | 1/3 | Back to the Future Collection | = | Back to the Future (1985)                                |
[2022-11-07 00:05:03,508] [builder.py:1709]           [INFO]     | 2/3 | Back to the Future Collection | = | Back to the Future Part II (1989)                        |
[2022-11-07 00:05:03,509] [builder.py:1709]           [INFO]     | 3/3 | Back to the Future Collection | = | Back to the Future Part III (1990)                       |
[2022-11-07 00:05:03,509] [builder.py:1734]           [INFO]     |                                                                                                    |
[2022-11-07 00:05:03,509] [builder.py:1735]           [INFO]     | 3 Movies Processed                                                                                 |
[2022-11-07 00:05:03,514] [builder.py:2147]           [INFO]     |                                                                                                    |
[2022-11-07 00:05:03,515] [util.py:216]               [INFO]     |======================== Updating Details of Back to the Future Collection =========================|
[2022-11-07 00:05:03,515] [builder.py:2149]           [INFO]     |                                                                                                    |
[2022-11-07 00:05:03,515] [builder.py:2156]           [INFO]     | Detail: tmdb_summary updated Collection Summary                                                    |
[2022-11-07 00:05:03,516] [builder.py:2258]           [DEBUG]    | 1 posters found:                                                                                   |
[2022-11-07 00:05:03,516] [builder.py:2260]           [DEBUG]    | Method: url_poster Poster: https://theposterdb.com/api/assets/108170                               |
[2022-11-07 00:05:03,517] [builder.py:2327]           [INFO]     | No background collection detail or asset folder found                                              |
[2022-11-07 00:05:03,517] [library.py:147]            [INFO]     | Detail: poster update not needed                                                                   |
[2022-11-07 00:05:03,656] [plex_meta_manager.py:880]  [INFO]     |                                                                                                    |
[2022-11-07 00:05:03,657] [util.py:209]               [INFO]     |====================================================================================================|
[2022-11-07 00:05:03,657] [util.py:216]               [INFO]     |                               Finished Back to the Future Collection                               |
[2022-11-07 00:05:03,658] [util.py:216]               [INFO]     |                                    Collection Run Time: 0:00:00                                    |
[2022-11-07 00:05:03,658] [util.py:220]               [INFO]     |====================================================================================================|
