[2022-10-25 01:00:57,237] [util.py:209]               [INFO]     |====================================================================================================|
[2022-10-25 01:00:57,238] [util.py:216]               [INFO]     |                       The Lord of the Rings (Animated) Collection in Movies                        |
[2022-10-25 01:00:57,238] [util.py:220]               [INFO]     |====================================================================================================|
[2022-10-25 01:00:57,238] [plex_meta_manager.py:750]  [INFO]     |                                                                                                    |
[2022-10-25 01:00:57,239] [util.py:216]               [INFO]     |====================== Validating The Lord of the Rings (Animated) Attributes ======================|
[2022-10-25 01:00:57,239] [builder.py:265]            [DEBUG]    |                                                                                                    |
[2022-10-25 01:00:57,239] [builder.py:266]            [DEBUG]    | Validating Method: template                                                                        |
[2022-10-25 01:00:57,240] [meta.py:83]                [DEBUG]    | Value: ordereddict([('name', 'Movie'), ('collection', 141290), ('summary 141290', None), ('poster', 'https://theposterdb.com/api/assets/201917')]) |
[2022-10-25 01:00:57,240] [builder.py:330]            [DEBUG]    |                                                                                                    |
[2022-10-25 01:00:57,240] [builder.py:331]            [DEBUG]    | Validating Method: sync_mode                                                                       |
[2022-10-25 01:00:57,240] [builder.py:335]            [DEBUG]    | Value: sync                                                                                        |
[2022-10-25 01:00:57,241] [builder.py:453]            [DEBUG]    |                                                                                                    |
[2022-10-25 01:00:57,241] [builder.py:454]            [DEBUG]    | Validating Method: collection_order                                                                |
[2022-10-25 01:00:57,241] [builder.py:455]            [DEBUG]    | Value: release                                                                                     |
[2022-10-25 01:00:57,241] [builder.py:472]            [DEBUG]    |                                                                                                    |
[2022-10-25 01:00:57,242] [builder.py:473]            [DEBUG]    | Validating Method: url_poster                                                                      |
[2022-10-25 01:00:57,242] [builder.py:474]            [DEBUG]    | Value: https://theposterdb.com/api/assets/201917                                                   |
[2022-10-25 01:00:57,242] [builder.py:472]            [DEBUG]    |                                                                                                    |
[2022-10-25 01:00:57,242] [builder.py:473]            [DEBUG]    | Validating Method: tmdb_collection                                                                 |
[2022-10-25 01:00:57,242] [builder.py:474]            [DEBUG]    | Value: 141290                                                                                      |
[2022-10-25 01:00:57,353] [builder.py:472]            [DEBUG]    |                                                                                                    |
[2022-10-25 01:00:57,353] [builder.py:473]            [DEBUG]    | Validating Method: sort_title                                                                      |
[2022-10-25 01:00:57,354] [builder.py:474]            [DEBUG]    | Value: 00000f_The Lord of the Rings (Animated)                                                     |
[2022-10-25 01:00:57,354] [builder.py:472]            [DEBUG]    |                                                                                                    |
[2022-10-25 01:00:57,354] [builder.py:473]            [DEBUG]    | Validating Method: radarr_add_missing                                                              |
[2022-10-25 01:00:57,354] [builder.py:474]            [DEBUG]    | Value: True                                                                                        |
[2022-10-25 01:00:57,509] [builder.py:619]            [INFO]     |                                                                                                    |
[2022-10-25 01:00:57,510] [builder.py:620]            [INFO]     | Validation Successful                                                                              |
[2022-10-25 01:00:57,511] [plex_meta_manager.py:758]  [INFO]     |                                                                                                    |
[2022-10-25 01:00:57,511] [util.py:216]               [INFO]     |======================= Running The Lord of the Rings (Animated) Collection ========================|
[2022-10-25 01:00:57,511] [plex_meta_manager.py:773]  [INFO]     |                                                                                                    |
[2022-10-25 01:00:57,512] [plex_meta_manager.py:774]  [INFO]     | Sync Mode: sync                                                                                    |
[2022-10-25 01:00:57,512] [builder.py:1275]           [DEBUG]    |                                                                                                    |
[2022-10-25 01:00:57,512] [builder.py:1276]           [DEBUG]    | Builder: tmdb_collection: 141290                                                                   |
[2022-10-25 01:00:57,512] [builder.py:1277]           [INFO]     |                                                                                                    |
[2022-10-25 01:00:57,513] [tmdb.py:321]               [INFO]     | Processing TMDb Collection: (141290) The Lord of the Rings (Animated) Collection (2 Items)         |
[2022-10-25 01:00:57,513] [builder.py:1282]           [DEBUG]    |                                                                                                    |
[2022-10-25 01:00:57,513] [builder.py:1283]           [DEBUG]    | 2 IDs Found: [(1361, 'tmdb'), (1362, 'tmdb')]                                                      |
[2022-10-25 01:00:57,514] [builder.py:1284]           [DEBUG]    |                                                                                                    |
[2022-10-25 01:00:57,526] [builder.py:1697]           [INFO]     |                                                                                                    |
[2022-10-25 01:00:57,526] [util.py:216]               [INFO]     |====================== Adding to The Lord of the Rings (Animated) Collection =======================|
[2022-10-25 01:00:57,527] [builder.py:1699]           [INFO]     |                                                                                                    |
[2022-10-25 01:00:57,527] [builder.py:1709]           [INFO]     | 1/1 | The Lord of the Rings (Animated) Collection | = | The Hobbit (1977)                          |
[2022-10-25 01:00:57,527] [builder.py:1734]           [INFO]     |                                                                                                    |
[2022-10-25 01:00:57,528] [builder.py:1735]           [INFO]     | 1 Movie Processed                                                                                  |
[2022-10-25 01:00:57,528] [builder.py:1929]           [INFO]     |                                                                                                    |
[2022-10-25 01:00:57,528] [util.py:216]               [INFO]     |================== Missing Movies from Library: The Lord of the Rings (Animated) ===================|
[2022-10-25 01:00:57,529] [builder.py:1931]           [INFO]     |                                                                                                    |
[2022-10-25 01:00:57,650] [builder.py:1943]           [INFO]     | The Lord of the Rings (Animated) Collection | ? | The Return of the King (1980) (TMDb: 1361)       |
[2022-10-25 01:00:57,650] [builder.py:1947]           [INFO]     |                                                                                                    |
[2022-10-25 01:00:57,651] [builder.py:1948]           [INFO]     | 1 Movie Missing                                                                                    |
[2022-10-25 01:00:57,657] [radarr.py:44]              [INFO]     |                                                                                                    |
[2022-10-25 01:00:57,657] [util.py:216]               [INFO]     |===================================== Adding Missing to Radarr =====================================|
[2022-10-25 01:00:57,658] [radarr.py:46]              [DEBUG]    |                                                                                                    |
[2022-10-25 01:00:57,658] [radarr.py:47]              [DEBUG]    | Radarr Adds: [1361]                                                                                |
[2022-10-25 01:00:58,348] [radarr.py:136]             [INFO]     |                                                                                                    |
[2022-10-25 01:00:58,349] [radarr.py:144]             [INFO]     | Skipped: In Cache | 1361                                                                           |
[2022-10-25 01:00:58,349] [radarr.py:145]             [INFO]     | 1 Movie already exist in Radarr                                                                    |
[2022-10-25 01:00:58,364] [builder.py:2147]           [INFO]     |                                                                                                    |
[2022-10-25 01:00:58,364] [util.py:216]               [INFO]     |================= Updating Details of The Lord of the Rings (Animated) Collection ==================|
[2022-10-25 01:00:58,365] [builder.py:2149]           [INFO]     |                                                                                                    |
[2022-10-25 01:00:58,365] [builder.py:2258]           [DEBUG]    | 1 posters found:                                                                                   |
[2022-10-25 01:00:58,366] [builder.py:2260]           [DEBUG]    | Method: url_poster Poster: https://theposterdb.com/api/assets/201917                               |
[2022-10-25 01:00:58,366] [builder.py:2327]           [INFO]     | No background collection detail or asset folder found                                              |
[2022-10-25 01:00:58,374] [library.py:147]            [INFO]     | Detail: poster update not needed                                                                   |
[2022-10-25 01:00:58,527] [plex_meta_manager.py:880]  [INFO]     |                                                                                                    |
[2022-10-25 01:00:58,528] [util.py:209]               [INFO]     |====================================================================================================|
[2022-10-25 01:00:58,529] [util.py:216]               [INFO]     |                        Finished The Lord of the Rings (Animated) Collection                        |
[2022-10-25 01:00:58,529] [util.py:216]               [INFO]     |                                    Collection Run Time: 0:00:01                                    |
[2022-10-25 01:00:58,529] [util.py:220]               [INFO]     |====================================================================================================|
