[2022-11-23 17:31:51,815] [util.py:209]               [INFO]     |====================================================================================================|
[2022-11-23 17:31:51,816] [util.py:216]               [INFO]     |                                  The Matrix Collection in Movies                                   |
[2022-11-23 17:31:51,816] [util.py:220]               [INFO]     |====================================================================================================|
[2022-11-23 17:31:51,817] [plex_meta_manager.py:750]  [INFO]     |                                                                                                    |
[2022-11-23 17:31:51,824] [util.py:216]               [INFO]     |================================= Validating The Matrix Attributes =================================|
[2022-11-23 17:31:51,825] [builder.py:265]            [DEBUG]    |                                                                                                    |
[2022-11-23 17:31:51,825] [builder.py:266]            [DEBUG]    | Validating Method: template                                                                        |
[2022-11-23 17:31:51,825] [meta.py:83]                [DEBUG]    | Value: ordereddict([('name', 'Movie'), ('collection', 2344), ('summary', 2344), ('poster', 'https://theposterdb.com/api/assets/65273')]) |
[2022-11-23 17:31:51,826] [builder.py:330]            [DEBUG]    |                                                                                                    |
[2022-11-23 17:31:51,826] [builder.py:331]            [DEBUG]    | Validating Method: sync_mode                                                                       |
[2022-11-23 17:31:51,826] [builder.py:335]            [DEBUG]    | Value: sync                                                                                        |
[2022-11-23 17:31:51,826] [builder.py:453]            [DEBUG]    |                                                                                                    |
[2022-11-23 17:31:51,826] [builder.py:454]            [DEBUG]    | Validating Method: collection_order                                                                |
[2022-11-23 17:31:51,827] [builder.py:455]            [DEBUG]    | Value: release                                                                                     |
[2022-11-23 17:31:51,827] [builder.py:472]            [DEBUG]    |                                                                                                    |
[2022-11-23 17:31:51,827] [builder.py:473]            [DEBUG]    | Validating Method: url_poster                                                                      |
[2022-11-23 17:31:51,828] [builder.py:474]            [DEBUG]    | Value: https://theposterdb.com/api/assets/65273                                                    |
[2022-11-23 17:31:51,828] [builder.py:472]            [DEBUG]    |                                                                                                    |
[2022-11-23 17:31:51,828] [builder.py:473]            [DEBUG]    | Validating Method: tmdb_collection                                                                 |
[2022-11-23 17:31:51,828] [builder.py:474]            [DEBUG]    | Value: 2344                                                                                        |
[2022-11-23 17:31:51,918] [builder.py:472]            [DEBUG]    |                                                                                                    |
[2022-11-23 17:31:51,918] [builder.py:473]            [DEBUG]    | Validating Method: tmdb_summary                                                                    |
[2022-11-23 17:31:51,918] [builder.py:474]            [DEBUG]    | Value: 2344                                                                                        |
[2022-11-23 17:31:51,919] [builder.py:472]            [DEBUG]    |                                                                                                    |
[2022-11-23 17:31:51,919] [builder.py:473]            [DEBUG]    | Validating Method: sort_title                                                                      |
[2022-11-23 17:31:51,919] [builder.py:474]            [DEBUG]    | Value: 00000f_The Matrix                                                                           |
[2022-11-23 17:31:51,919] [builder.py:472]            [DEBUG]    |                                                                                                    |
[2022-11-23 17:31:51,920] [builder.py:473]            [DEBUG]    | Validating Method: radarr_add_missing                                                              |
[2022-11-23 17:31:51,920] [builder.py:474]            [DEBUG]    | Value: True                                                                                        |
[2022-11-23 17:31:52,059] [builder.py:619]            [INFO]     |                                                                                                    |
[2022-11-23 17:31:52,059] [builder.py:620]            [INFO]     | Validation Successful                                                                              |
[2022-11-23 17:31:52,060] [plex_meta_manager.py:758]  [INFO]     |                                                                                                    |
[2022-11-23 17:31:52,060] [util.py:216]               [INFO]     |================================== Running The Matrix Collection ===================================|
[2022-11-23 17:31:52,061] [plex_meta_manager.py:773]  [INFO]     |                                                                                                    |
[2022-11-23 17:31:52,061] [plex_meta_manager.py:774]  [INFO]     | Sync Mode: sync                                                                                    |
[2022-11-23 17:31:52,062] [builder.py:1275]           [DEBUG]    |                                                                                                    |
[2022-11-23 17:31:52,062] [builder.py:1276]           [DEBUG]    | Builder: tmdb_collection: 2344                                                                     |
[2022-11-23 17:31:52,062] [builder.py:1277]           [INFO]     |                                                                                                    |
[2022-11-23 17:31:52,063] [tmdb.py:323]               [INFO]     | Processing TMDb Collection: (2344) The Matrix Collection (4 Items)                                 |
[2022-11-23 17:31:52,063] [builder.py:1282]           [DEBUG]    |                                                                                                    |
[2022-11-23 17:31:52,063] [builder.py:1283]           [DEBUG]    | 4 IDs Found: [(603, 'tmdb'), (604, 'tmdb'), (605, 'tmdb'), (624860, 'tmdb')]                       |
[2022-11-23 17:31:52,063] [builder.py:1284]           [DEBUG]    |                                                                                                    |
[2022-11-23 17:31:52,150] [builder.py:1697]           [INFO]     |                                                                                                    |
[2022-11-23 17:31:52,150] [util.py:216]               [INFO]     |================================= Adding to The Matrix Collection ==================================|
[2022-11-23 17:31:52,151] [builder.py:1699]           [INFO]     |                                                                                                    |
[2022-11-23 17:31:52,151] [builder.py:1709]           [INFO]     | 1/4 | The Matrix Collection | = | The Matrix (1999)                                                |
[2022-11-23 17:31:52,151] [builder.py:1709]           [INFO]     | 2/4 | The Matrix Collection | = | The Matrix Reloaded (2003)                                       |
[2022-11-23 17:31:52,152] [builder.py:1709]           [INFO]     | 3/4 | The Matrix Collection | = | The Matrix Revolutions (2003)                                    |
[2022-11-23 17:31:52,152] [builder.py:1709]           [INFO]     | 4/4 | The Matrix Collection | = | The Matrix Resurrections (2021)                                  |
[2022-11-23 17:31:52,153] [builder.py:1734]           [INFO]     |                                                                                                    |
[2022-11-23 17:31:52,153] [builder.py:1735]           [INFO]     | 4 Movies Processed                                                                                 |
[2022-11-23 17:31:52,157] [builder.py:2147]           [INFO]     |                                                                                                    |
[2022-11-23 17:31:52,157] [util.py:216]               [INFO]     |============================ Updating Details of The Matrix Collection =============================|
[2022-11-23 17:31:52,158] [builder.py:2149]           [INFO]     |                                                                                                    |
[2022-11-23 17:31:52,158] [builder.py:2156]           [INFO]     | Detail: tmdb_summary updated Collection Summary                                                    |
[2022-11-23 17:31:52,159] [builder.py:2258]           [DEBUG]    | 1 posters found:                                                                                   |
[2022-11-23 17:31:52,159] [builder.py:2260]           [DEBUG]    | Method: url_poster Poster: https://theposterdb.com/api/assets/65273                                |
[2022-11-23 17:31:52,159] [builder.py:2327]           [INFO]     | No background collection detail or asset folder found                                              |
[2022-11-23 17:31:52,160] [library.py:147]            [INFO]     | Detail: poster update not needed                                                                   |
[2022-11-23 17:31:52,293] [plex_meta_manager.py:880]  [INFO]     |                                                                                                    |
[2022-11-23 17:31:52,294] [util.py:209]               [INFO]     |====================================================================================================|
[2022-11-23 17:31:52,294] [util.py:216]               [INFO]     |                                   Finished The Matrix Collection                                   |
[2022-11-23 17:31:52,295] [util.py:216]               [INFO]     |                                    Collection Run Time: 0:00:00                                    |
[2022-11-23 17:31:52,295] [util.py:220]               [INFO]     |====================================================================================================|
