[2022-01-16 14:54:36,456] [util.py:209]               [INFO]     |====================================================================================================|
[2022-01-16 14:54:36,457] [util.py:216]               [INFO]     |                                Brendan Fraser Collection in Movies                                 |
[2022-01-16 14:54:36,457] [util.py:220]               [INFO]     |====================================================================================================|
[2022-01-16 14:54:36,457] [plex_meta_manager.py:750]  [INFO]     |                                                                                                    |
[2022-01-16 14:54:36,458] [util.py:216]               [INFO]     |=============================== Validating Brendan Fraser Attributes ===============================|
[2022-01-16 14:54:36,459] [builder.py:265]            [DEBUG]    |                                                                                                    |
[2022-01-16 14:54:36,459] [builder.py:266]            [DEBUG]    | Validating Method: template                                                                        |
[2022-01-16 14:54:36,459] [meta.py:83]                [DEBUG]    | Value: ordereddict([('name', 'people'), ('person', 18269)])                                        |
[2022-01-16 14:54:36,460] [builder.py:367]            [DEBUG]    |                                                                                                    |
[2022-01-16 14:54:36,460] [builder.py:368]            [DEBUG]    | Validating Method: tmdb_person                                                                     |
[2022-01-16 14:54:36,460] [builder.py:372]            [DEBUG]    | Value: 18269                                                                                       |
[2022-01-16 14:54:36,601] [builder.py:453]            [DEBUG]    |                                                                                                    |
[2022-01-16 14:54:36,602] [builder.py:454]            [DEBUG]    | Validating Method: collection_order                                                                |
[2022-01-16 14:54:36,602] [builder.py:455]            [DEBUG]    | Value: release                                                                                     |
[2022-01-16 14:54:36,602] [builder.py:472]            [DEBUG]    |                                                                                                    |
[2022-01-16 14:54:36,603] [builder.py:473]            [DEBUG]    | Validating Method: actor                                                                           |
[2022-01-16 14:54:36,603] [builder.py:474]            [DEBUG]    | Value: tmdb                                                                                        |
[2022-01-16 14:54:36,643] [builder.py:472]            [DEBUG]    |                                                                                                    |
[2022-01-16 14:54:36,643] [builder.py:473]            [DEBUG]    | Validating Method: sort_title                                                                      |
[2022-01-16 14:54:36,644] [builder.py:474]            [DEBUG]    | Value: ++_Brendan Fraser                                                                           |
[2022-01-16 14:54:36,648] [plex.py:685]               [DEBUG]    | Looking for: Brendan Fraser                                                                        |
[2022-01-16 14:54:36,648] [builder.py:619]            [INFO]     |                                                                                                    |
[2022-01-16 14:54:36,649] [builder.py:620]            [INFO]     | Validation Successful                                                                              |
[2022-01-16 14:54:36,650] [plex_meta_manager.py:758]  [INFO]     |                                                                                                    |
[2022-01-16 14:54:36,651] [util.py:216]               [INFO]     |================================ Running Brendan Fraser Collection =================================|
[2022-01-16 14:54:36,651] [plex_meta_manager.py:773]  [INFO]     |                                                                                                    |
[2022-01-16 14:54:36,652] [plex_meta_manager.py:774]  [INFO]     | Sync Mode: append                                                                                  |
[2022-01-16 14:54:36,652] [builder.py:1275]           [DEBUG]    |                                                                                                    |
[2022-01-16 14:54:36,652] [builder.py:1276]           [DEBUG]    | Builder: plex_search: (1, 'Plex Movie Search\nSort By: title.asc\nFilter:\n  Match any of the following:\n    Actor is Brendan Fraser', '?type=1&sort=titleSort&push=1&actor=26089&pop=1') |
[2022-01-16 14:54:36,653] [builder.py:1277]           [INFO]     |                                                                                                    |
[2022-01-16 14:54:36,653] [util.py:161]               [INFO]     | Plex Movie Search                                                                                  |
[2022-01-16 14:54:36,653] [util.py:161]               [INFO]     | Sort By: title.asc                                                                                 |
[2022-01-16 14:54:36,654] [util.py:161]               [INFO]     | Filter:                                                                                            |
[2022-01-16 14:54:36,654] [util.py:161]               [INFO]     |   Match any of the following:                                                                      |
[2022-01-16 14:54:36,654] [util.py:161]               [INFO]     |     Actor is Brendan Fraser                                                                        |
[2022-01-16 14:54:36,665] [plex.py:746]               [DEBUG]    |                                                                                                    |
[2022-01-16 14:54:36,666] [plex.py:747]               [DEBUG]    | 2 Keys Found: [(32436, 'ratingKey'), (32437, 'ratingKey')]                                         |
[2022-01-16 14:54:36,666] [builder.py:1282]           [DEBUG]    |                                                                                                    |
[2022-01-16 14:54:36,667] [builder.py:1283]           [DEBUG]    | 2 IDs Found: [(32436, 'ratingKey'), (32437, 'ratingKey')]                                          |
[2022-01-16 14:54:36,667] [builder.py:1284]           [DEBUG]    |                                                                                                    |
[2022-01-16 14:54:36,710] [builder.py:1697]           [INFO]     |                                                                                                    |
[2022-01-16 14:54:36,710] [util.py:216]               [INFO]     |=============================== Adding to Brendan Fraser Collection ================================|
[2022-01-16 14:54:36,711] [builder.py:1699]           [INFO]     |                                                                                                    |
[2022-01-16 14:54:36,711] [builder.py:1709]           [INFO]     | 1/2 | Brendan Fraser Collection | + | The Mummy (1999)                                             |
[2022-01-16 14:54:36,808] [builder.py:1709]           [INFO]     | 2/2 | Brendan Fraser Collection | + | The Mummy Returns (2001)                                     |
[2022-01-16 14:54:36,900] [builder.py:1734]           [INFO]     |                                                                                                    |
[2022-01-16 14:54:36,900] [builder.py:1735]           [INFO]     | 2 Movies Processed                                                                                 |
[2022-01-16 14:54:36,905] [builder.py:2147]           [INFO]     |                                                                                                    |
[2022-01-16 14:54:36,906] [util.py:216]               [INFO]     |========================== Updating Details of Brendan Fraser Collection ===========================|
[2022-01-16 14:54:36,906] [builder.py:2149]           [INFO]     |                                                                                                    |
[2022-01-16 14:54:36,906] [builder.py:2156]           [INFO]     | Detail: tmdb_person updated Collection Summary                                                     |
[2022-01-16 14:54:36,907] [builder.py:2193]           [INFO]     | Detail: sort_title updated Collection Sort Title to ++_Brendan Fraser                              |
[2022-01-16 14:54:36,907] [builder.py:2235]           [DEBUG]    | {'summary.value': 'The son of a Canadian travel executive who frequently moved his family, Brendan can claim affinity with Ottawa, Indianapolis, Detroit, Seattle, London and Rome. His early exposure to theatre, particularly in London, led him to Seattle\'s Cornish Institute. After graduation he found a minor role as Sailor #1 in River Phoenix\'s Dogfight (1991), then somewhat more substantial roles in Encino Man (1992) and School Ties (1992). He expresses a preference for playing "fish out of water" men. Five more years of supporting work led finally to the title role in George of the Jungle (1997), a role which fully utilized his charm and beefy good looks, as well as offering him a chance to show off his comic talents. He describes this role as the one which dramatically altered his career. Critical raves for his role in Gods and Monsters (1998) pointed to yet another dimension to his dramatic persona.', 'summary.locked': 1, 'titleSort.value': '++_Brendan Fraser', 'titleSort.locked': 1} |
[2022-01-16 14:54:36,920] [builder.py:2237]           [INFO]     | Details: have been updated                                                                         |
[2022-01-16 14:54:36,921] [builder.py:2258]           [DEBUG]    | 1 posters found:                                                                                   |
[2022-01-16 14:54:36,921] [builder.py:2260]           [DEBUG]    | Method: tmdb_person Poster: https://image.tmdb.org/t/p/original/tFj5PaWWQbb8rHBBhu1EHklznph.jpg    |
[2022-01-16 14:54:36,922] [builder.py:2327]           [INFO]     | No background collection detail or asset folder found                                              |
[2022-01-16 14:54:36,952] [library.py:145]            [INFO]     | Detail: tmdb_person updated poster to [URL] https://image.tmdb.org/t/p/original/tFj5PaWWQbb8rHBBhu1EHklznph.jpg |
[2022-01-16 14:54:37,116] [plex_meta_manager.py:880]  [INFO]     |                                                                                                    |
[2022-01-16 14:54:37,117] [util.py:209]               [INFO]     |====================================================================================================|
[2022-01-16 14:54:37,117] [util.py:216]               [INFO]     |                                 Finished Brendan Fraser Collection                                 |
[2022-01-16 14:54:37,118] [util.py:216]               [INFO]     |                                    Collection Run Time: 0:00:00                                    |
[2022-01-16 14:54:37,118] [util.py:220]               [INFO]     |====================================================================================================|
