[2022-03-17 08:06:33,067] [util.py:209]               [INFO]     |====================================================================================================|
[2022-03-17 08:06:33,068] [util.py:216]               [INFO]     |                                   Godzilla Collection in Movies                                    |
[2022-03-17 08:06:33,068] [util.py:220]               [INFO]     |====================================================================================================|
[2022-03-17 08:06:33,068] [plex_meta_manager.py:750]  [INFO]     |                                                                                                    |
[2022-03-17 08:06:33,069] [util.py:216]               [INFO]     |================================== Validating Godzilla Attributes ==================================|
[2022-03-17 08:06:33,069] [builder.py:265]            [DEBUG]    |                                                                                                    |
[2022-03-17 08:06:33,070] [builder.py:266]            [DEBUG]    | Validating Method: template                                                                        |
[2022-03-17 08:06:33,070] [meta.py:83]                [DEBUG]    | Value: ordereddict([('name', 'Movie'), ('collection', 535313), ('summary', 535313), ('poster', './config/assets/Godzilla/poster.jpg')]) |
[2022-03-17 08:06:33,070] [builder.py:453]            [DEBUG]    |                                                                                                    |
[2022-03-17 08:06:33,071] [builder.py:454]            [DEBUG]    | Validating Method: collection_order                                                                |
[2022-03-17 08:06:33,071] [builder.py:455]            [DEBUG]    | Value: release                                                                                     |
[2022-03-17 08:06:33,071] [builder.py:472]            [DEBUG]    |                                                                                                    |
[2022-03-17 08:06:33,071] [builder.py:473]            [DEBUG]    | Validating Method: file_poster                                                                     |
[2022-03-17 08:06:33,072] [builder.py:474]            [DEBUG]    | Value: ./config/assets/Godzilla/poster.jpg                                                         |
[2022-03-17 08:06:33,072] [builder.py:727]            [ERROR]    | Collection Error: Poster Path Does Not Exist: E:\Plex Media Manager\Plex-Meta-Manager\config\assets\Godzilla\poster.jpg |
[2022-03-17 08:06:33,072] [builder.py:472]            [DEBUG]    |                                                                                                    |
[2022-03-17 08:06:33,073] [builder.py:473]            [DEBUG]    | Validating Method: tmdb_collection                                                                 |
[2022-03-17 08:06:33,073] [builder.py:474]            [DEBUG]    | Value: 535313                                                                                      |
[2022-03-17 08:06:33,304] [builder.py:472]            [DEBUG]    |                                                                                                    |
[2022-03-17 08:06:33,305] [builder.py:473]            [DEBUG]    | Validating Method: tmdb_summary                                                                    |
[2022-03-17 08:06:33,305] [builder.py:474]            [DEBUG]    | Value: 535313                                                                                      |
[2022-03-17 08:06:33,306] [builder.py:472]            [DEBUG]    |                                                                                                    |
[2022-03-17 08:06:33,306] [builder.py:473]            [DEBUG]    | Validating Method: sort_title                                                                      |
[2022-03-17 08:06:33,306] [builder.py:474]            [DEBUG]    | Value: 00000f_Godzilla                                                                             |
[2022-03-17 08:06:33,311] [plex.py:685]               [DEBUG]    | Looking for: Godzilla                                                                              |
[2022-03-17 08:06:33,311] [builder.py:619]            [INFO]     |                                                                                                    |
[2022-03-17 08:06:33,312] [builder.py:620]            [INFO]     | Validation Successful                                                                              |
[2022-03-17 08:06:33,313] [plex_meta_manager.py:758]  [INFO]     |                                                                                                    |
[2022-03-17 08:06:33,313] [util.py:216]               [INFO]     |=================================== Running Godzilla Collection ====================================|
[2022-03-17 08:06:33,314] [plex_meta_manager.py:773]  [INFO]     |                                                                                                    |
[2022-03-17 08:06:33,314] [plex_meta_manager.py:774]  [INFO]     | Sync Mode: append                                                                                  |
[2022-03-17 08:06:33,315] [builder.py:1275]           [DEBUG]    |                                                                                                    |
[2022-03-17 08:06:33,315] [builder.py:1276]           [DEBUG]    | Builder: tmdb_collection: 535313                                                                   |
[2022-03-17 08:06:33,315] [builder.py:1277]           [INFO]     |                                                                                                    |
[2022-03-17 08:06:33,316] [tmdb.py:321]               [INFO]     | Processing TMDb Collection: (535313) Godzilla Collection (3 Items)                                 |
[2022-03-17 08:06:33,317] [builder.py:1282]           [DEBUG]    |                                                                                                    |
[2022-03-17 08:06:33,317] [builder.py:1283]           [DEBUG]    | 3 IDs Found: [(373571, 'tmdb'), (124905, 'tmdb'), (399566, 'tmdb')]                                |
[2022-03-17 08:06:33,317] [builder.py:1284]           [DEBUG]    |                                                                                                    |
[2022-03-17 08:06:33,318] [plex_meta_manager.py:797]  [INFO]     |                                                                                                    |
[2022-03-17 08:06:33,318] [plex_meta_manager.py:798]  [INFO]     | Collection Minimum: 1 not met for Godzilla Collection                                              |
[2022-03-17 08:06:33,319] [builder.py:1929]           [INFO]     |                                                                                                    |
[2022-03-17 08:06:33,319] [util.py:216]               [INFO]     |============================== Missing Movies from Library: Godzilla ===============================|
[2022-03-17 08:06:33,319] [builder.py:1931]           [INFO]     |                                                                                                    |
[2022-03-17 08:06:33,602] [builder.py:1943]           [INFO]     | Godzilla Collection | ? | Godzilla: King of the Monsters (2019) (TMDb: 373571)                     |
[2022-03-17 08:06:33,936] [builder.py:1943]           [INFO]     | Godzilla Collection | ? | Godzilla (2014) (TMDb: 124905)                                           |
[2022-03-17 08:06:34,227] [builder.py:1943]           [INFO]     | Godzilla Collection | ? | Godzilla vs. Kong (2021) (TMDb: 399566)                                  |
[2022-03-17 08:06:34,227] [builder.py:1947]           [INFO]     |                                                                                                    |
[2022-03-17 08:06:34,228] [builder.py:1948]           [INFO]     | 3 Movies Missing                                                                                   |
[2022-03-17 08:06:34,283] [plex_meta_manager.py:880]  [INFO]     |                                                                                                    |
[2022-03-17 08:06:34,284] [util.py:209]               [INFO]     |====================================================================================================|
[2022-03-17 08:06:34,285] [util.py:216]               [INFO]     |                                    Finished Godzilla Collection                                    |
[2022-03-17 08:06:34,285] [util.py:216]               [INFO]     |                                    Collection Run Time: 0:00:01                                    |
[2022-03-17 08:06:34,285] [util.py:220]               [INFO]     |====================================================================================================|
