[2022-03-18 11:55:09,343] [util.py:209]               [INFO]     |====================================================================================================|
[2022-03-18 11:55:09,356] [util.py:216]               [INFO]     |                            Parody Movie Collection Collection in Movies                            |
[2022-03-18 11:55:09,357] [util.py:220]               [INFO]     |====================================================================================================|
[2022-03-18 11:55:09,358] [plex_meta_manager.py:750]  [INFO]     |                                                                                                    |
[2022-03-18 11:55:09,359] [util.py:216]               [INFO]     |========================== Validating Parody Movie Collection Attributes ===========================|
[2022-03-18 11:55:09,359] [builder.py:330]            [DEBUG]    |                                                                                                    |
[2022-03-18 11:55:09,360] [builder.py:331]            [DEBUG]    | Validating Method: sync_mode                                                                       |
[2022-03-18 11:55:09,360] [builder.py:335]            [DEBUG]    | Value: sync                                                                                        |
[2022-03-18 11:55:09,360] [builder.py:389]            [DEBUG]    |                                                                                                    |
[2022-03-18 11:55:09,360] [builder.py:390]            [DEBUG]    | Validating Method: smart_label                                                                     |
[2022-03-18 11:55:09,361] [builder.py:395]            [DEBUG]    | Value: critic_rating.desc                                                                          |
[2022-03-18 11:55:09,361] [builder.py:472]            [DEBUG]    |                                                                                                    |
[2022-03-18 11:55:09,361] [builder.py:473]            [DEBUG]    | Validating Method: trakt_list                                                                      |
[2022-03-18 11:55:09,362] [builder.py:474]            [DEBUG]    | Value: https://trakt.tv/users/hdlists/lists/top-50-parody-movies-of-all-time                       |
[2022-03-18 11:55:09,466] [builder.py:472]            [DEBUG]    |                                                                                                    |
[2022-03-18 11:55:09,467] [builder.py:473]            [DEBUG]    | Validating Method: summary                                                                         |
[2022-03-18 11:55:09,468] [builder.py:474]            [DEBUG]    | Value: Top 50 Parody Movies of All Time                                                            |
[2022-03-18 11:55:09,468] [builder.py:472]            [DEBUG]    |                                                                                                    |
[2022-03-18 11:55:09,468] [builder.py:473]            [DEBUG]    | Validating Method: sort_title                                                                      |
[2022-03-18 11:55:09,469] [builder.py:474]            [DEBUG]    | Value: +3_Parody Movie Collection                                                                  |
[2022-03-18 11:55:09,469] [builder.py:472]            [DEBUG]    |                                                                                                    |
[2022-03-18 11:55:09,469] [builder.py:473]            [DEBUG]    | Validating Method: url_poster                                                                      |
[2022-03-18 11:55:09,470] [builder.py:474]            [DEBUG]    | Value: https://i.imgur.com/yFtJ5eV.png                                                             |
[2022-03-18 11:55:09,470] [builder.py:472]            [DEBUG]    |                                                                                                    |
[2022-03-18 11:55:09,471] [builder.py:473]            [DEBUG]    | Validating Method: url_background                                                                  |
[2022-03-18 11:55:09,471] [builder.py:474]            [DEBUG]    | Value: https://i.imgur.com/eELv4eB.jpg                                                             |
[2022-03-18 11:55:09,557] [builder.py:619]            [INFO]     |                                                                                                    |
[2022-03-18 11:55:09,558] [builder.py:620]            [INFO]     | Validation Successful                                                                              |
[2022-03-18 11:55:09,561] [plex_meta_manager.py:758]  [INFO]     |                                                                                                    |
[2022-03-18 11:55:09,561] [util.py:216]               [INFO]     |============================ Running Parody Movie Collection Collection ============================|
[2022-03-18 11:55:09,562] [plex_meta_manager.py:773]  [INFO]     |                                                                                                    |
[2022-03-18 11:55:09,562] [plex_meta_manager.py:774]  [INFO]     | Sync Mode: sync                                                                                    |
[2022-03-18 11:55:09,562] [builder.py:1275]           [DEBUG]    |                                                                                                    |
[2022-03-18 11:55:09,563] [builder.py:1276]           [DEBUG]    | Builder: trakt_list: https://trakt.tv/users/hdlists/lists/top-50-parody-movies-of-all-time         |
[2022-03-18 11:55:09,563] [builder.py:1277]           [INFO]     |                                                                                                    |
[2022-03-18 11:55:09,563] [trakt.py:231]              [INFO]     | Processing Trakt List: https://trakt.tv/users/hdlists/lists/top-50-parody-movies-of-all-time       |
[2022-03-18 11:55:09,678] [builder.py:1282]           [DEBUG]    |                                                                                                    |
[2022-03-18 11:55:09,679] [builder.py:1283]           [DEBUG]    | 50 IDs Found: [(813, 'tmdb'), (816, 'tmdb'), (37136, 'tmdb'), (957, 'tmdb'), (3034, 'tmdb'), (7446, 'tmdb'), (9595, 'tmdb'), (8005, 'tmdb'), (6575, 'tmdb'), (11072, 'tmdb'), (10759, 'tmdb'), (4543, 'tmdb'), (747, 'tmdb'), (9080, 'tmdb'), (16806, 'tmdb'), (10607, 'tmdb'), (11031, 'tmdb'), (4247, 'tmdb'), (11397, 'tmdb'), (8764, 'tmdb'), (762, 'tmdb'), (926, 'tmdb'), (14013, 'tmdb'), (4638, 'tmdb'), (75, 'tmdb'), (11217, 'tmdb'), (8388, 'tmdb'), (188161, 'tmdb'), (9470, 'tmdb'), (10156, 'tmdb'), (9486, 'tmdb'), (12110, 'tmdb'), (11918, 'tmdb'), (9417, 'tmdb'), (2182, 'tmdb'), (9644, 'tmdb'), (9835, 'tmdb'), (26141, 'tmdb'), (9824, 'tmdb'), (10970, 'tmdb'), (20472, 'tmdb'), (17006, 'tmdb'), (11574, 'tmdb'), (11598, 'tmdb'), (71016, 'tmdb'), (12535, 'tmdb'), (13370, 'tmdb'), (10535, 'tmdb'), (10450, 'tmdb'), (914, 'tmdb')] |
[2022-03-18 11:55:09,679] [builder.py:1284]           [DEBUG]    |                                                                                                    |
[2022-03-18 11:55:09,930] [builder.py:1697]           [INFO]     |                                                                                                    |
[2022-03-18 11:55:09,930] [util.py:216]               [INFO]     |=========================== Adding to Parody Movie Collection Collection ===========================|
[2022-03-18 11:55:09,931] [builder.py:1699]           [INFO]     |                                                                                                    |
[2022-03-18 11:55:09,975] [builder.py:1709]           [INFO]     | 1/8 | Parody Movie Collection Collection | = | Spaceballs (1987)                                   |
[2022-03-18 11:55:09,976] [builder.py:1709]           [INFO]     | 2/8 | Parody Movie Collection Collection | = | Tropic Thunder (2008)                               |
[2022-03-18 11:55:09,977] [builder.py:1709]           [INFO]     | 3/8 | Parody Movie Collection Collection | = | The Meaning of Life (1983)                          |
[2022-03-18 11:55:09,977] [builder.py:1709]           [INFO]     | 4/8 | Parody Movie Collection Collection | = | Shaun of the Dead (2004)                            |
[2022-03-18 11:55:09,977] [builder.py:1709]           [INFO]     | 5/8 | Parody Movie Collection Collection | = | Not Another Teen Movie (2001)                       |
[2022-03-18 11:55:09,978] [builder.py:1709]           [INFO]     | 6/8 | Parody Movie Collection Collection | = | Monty Python and the Holy Grail (1975)              |
[2022-03-18 11:55:09,978] [builder.py:1709]           [INFO]     | 7/8 | Parody Movie Collection Collection | = | Kung Fu Hustle (2004)                               |
[2022-03-18 11:55:09,979] [builder.py:1709]           [INFO]     | 8/8 | Parody Movie Collection Collection | = | The Great Dictator (1940)                           |
[2022-03-18 11:55:09,979] [builder.py:1734]           [INFO]     |                                                                                                    |
[2022-03-18 11:55:09,979] [builder.py:1735]           [INFO]     | 8 Movies Processed                                                                                 |
[2022-03-18 11:55:09,980] [builder.py:1929]           [INFO]     |                                                                                                    |
[2022-03-18 11:55:09,980] [util.py:216]               [INFO]     |======================= Missing Movies from Library: Parody Movie Collection =======================|
[2022-03-18 11:55:09,981] [builder.py:1931]           [INFO]     |                                                                                                    |
[2022-03-18 11:55:10,259] [builder.py:1943]           [INFO]     | Parody Movie Collection Collection | ? | Airplane! (1980) (TMDb: 813)                              |
[2022-03-18 11:55:10,263] [builder.py:1943]           [INFO]     | Parody Movie Collection Collection | ? | Austin Powers: International Man of Mystery (1997) (TMDb: 816) |
[2022-03-18 11:55:10,480] [builder.py:1943]           [INFO]     | Parody Movie Collection Collection | ? | The Naked Gun: From the Files of Police Squad! (1988) (TMDb: 37136) |
[2022-03-18 11:55:10,693] [builder.py:1943]           [INFO]     | Parody Movie Collection Collection | ? | Young Frankenstein (1974) (TMDb: 3034)                    |
[2022-03-18 11:55:10,908] [builder.py:1943]           [INFO]     | Parody Movie Collection Collection | ? | Hot Shots! (1991) (TMDb: 9595)                            |
[2022-03-18 11:55:11,125] [builder.py:1943]           [INFO]     | Parody Movie Collection Collection | ? | Robin Hood: Men in Tights (1993) (TMDb: 8005)             |
[2022-03-18 11:55:11,343] [builder.py:1943]           [INFO]     | Parody Movie Collection Collection | ? | Walk Hard: The Dewey Cox Story (2007) (TMDb: 6575)        |
[2022-03-18 11:55:11,560] [builder.py:1943]           [INFO]     | Parody Movie Collection Collection | ? | Blazing Saddles (1974) (TMDb: 11072)                      |
[2022-03-18 11:55:11,832] [builder.py:1943]           [INFO]     | Parody Movie Collection Collection | ? | The Comebacks (2007) (TMDb: 10759)                        |
[2022-03-18 11:55:11,834] [builder.py:1943]           [INFO]     | Parody Movie Collection Collection | ? | Spies Like Us (1985) (TMDb: 9080)                         |
[2022-03-18 11:55:12,040] [builder.py:1943]           [INFO]     | Parody Movie Collection Collection | ? | Johnny Dangerously (1984) (TMDb: 16806)                   |
[2022-03-18 11:55:12,043] [builder.py:1943]           [INFO]     | Parody Movie Collection Collection | ? | Don't Be a Menace to South Central While Drinking Your Juice in the Hood (1996) (TMDb: 10607) |
[2022-03-18 11:55:12,261] [builder.py:1943]           [INFO]     | Parody Movie Collection Collection | ? | This Is Spinal Tap (1984) (TMDb: 11031)                   |
[2022-03-18 11:55:12,481] [builder.py:1943]           [INFO]     | Parody Movie Collection Collection | ? | Scary Movie (2000) (TMDb: 4247)                           |
[2022-03-18 11:55:12,694] [builder.py:1943]           [INFO]     | Parody Movie Collection Collection | ? | Top Secret! (1984) (TMDb: 8764)                           |
[2022-03-18 11:55:12,697] [builder.py:1943]           [INFO]     | Parody Movie Collection Collection | ? | Galaxy Quest (1999) (TMDb: 926)                           |
[2022-03-18 11:55:12,934] [builder.py:1943]           [INFO]     | Parody Movie Collection Collection | ? | BASEketball (1998) (TMDb: 14013)                          |
[2022-03-18 11:55:13,154] [builder.py:1943]           [INFO]     | Parody Movie Collection Collection | ? | Hot Fuzz (2007) (TMDb: 4638)                              |
[2022-03-18 11:55:13,156] [builder.py:1943]           [INFO]     | Parody Movie Collection Collection | ? | Mars Attacks! (1996) (TMDb: 75)                           |
[2022-03-18 11:55:13,368] [builder.py:1943]           [INFO]     | Parody Movie Collection Collection | ? | Club Dread (2004) (TMDb: 11217)                           |
[2022-03-18 11:55:13,371] [builder.py:1943]           [INFO]     | Parody Movie Collection Collection | ? | ¡Three Amigos! (1986) (TMDb: 8388)                        |
[2022-03-18 11:55:13,643] [builder.py:1943]           [INFO]     | Parody Movie Collection Collection | ? | A Million Ways to Die in the West (2014) (TMDb: 188161)   |
[2022-03-18 11:55:13,856] [builder.py:1943]           [INFO]     | Parody Movie Collection Collection | ? | History of the World: Part I (1981) (TMDb: 10156)         |
[2022-03-18 11:55:14,073] [builder.py:1943]           [INFO]     | Parody Movie Collection Collection | ? | Johnny English (2003) (TMDb: 9486)                        |
[2022-03-18 11:55:14,339] [builder.py:1943]           [INFO]     | Parody Movie Collection Collection | ? | Dracula: Dead and Loving It (1995) (TMDb: 12110)          |
[2022-03-18 11:55:14,551] [builder.py:1943]           [INFO]     | Parody Movie Collection Collection | ? | Superhero Movie (2008) (TMDb: 11918)                      |
[2022-03-18 11:55:14,761] [builder.py:1943]           [INFO]     | Parody Movie Collection Collection | ? | Wrongfully Accused (1998) (TMDb: 9417)                    |
[2022-03-18 11:55:14,967] [builder.py:1943]           [INFO]     | Parody Movie Collection Collection | ? | Attack of the Killer Tomatoes! (1978) (TMDb: 2182)        |
[2022-03-18 11:55:14,970] [builder.py:1943]           [INFO]     | Parody Movie Collection Collection | ? | National Lampoon's Loaded Weapon 1 (1993) (TMDb: 9644)    |
[2022-03-18 11:55:14,972] [builder.py:1943]           [INFO]     | Parody Movie Collection Collection | ? | Jane Austen's Mafia! (1998) (TMDb: 9835)                  |
[2022-03-18 11:55:15,181] [builder.py:1943]           [INFO]     | Parody Movie Collection Collection | ? | Fatal Instinct (1993) (TMDb: 26141)                       |
[2022-03-18 11:55:15,396] [builder.py:1943]           [INFO]     | Parody Movie Collection Collection | ? | Mystery Men (1999) (TMDb: 9824)                           |
[2022-03-18 11:55:15,601] [builder.py:1943]           [INFO]     | Parody Movie Collection Collection | ? | Silent Movie (1976) (TMDb: 10970)                         |
[2022-03-18 11:55:15,812] [builder.py:1943]           [INFO]     | Parody Movie Collection Collection | ? | Saturday the 14th (1981) (TMDb: 20472)                    |
[2022-03-18 11:55:15,814] [builder.py:1943]           [INFO]     | Parody Movie Collection Collection | ? | I'm Gonna Git You Sucka (1988) (TMDb: 17006)              |
[2022-03-18 11:55:16,022] [builder.py:1943]           [INFO]     | Parody Movie Collection Collection | ? | Support Your Local Sheriff! (1969) (TMDb: 11574)          |
[2022-03-18 11:55:16,247] [builder.py:1943]           [INFO]     | Parody Movie Collection Collection | ? | The Kentucky Fried Movie (1977) (TMDb: 11598)             |
[2022-03-18 11:55:16,455] [builder.py:1943]           [INFO]     | Parody Movie Collection Collection | ? | The Return of Captain Invincible (1983) (TMDb: 71016)     |
[2022-03-18 11:55:16,660] [builder.py:1943]           [INFO]     | Parody Movie Collection Collection | ? | High Anxiety (1977) (TMDb: 12535)                         |
[2022-03-18 11:55:16,869] [builder.py:1943]           [INFO]     | Parody Movie Collection Collection | ? | A Mighty Wind (2003) (TMDb: 13370)                        |
[2022-03-18 11:55:17,133] [builder.py:1943]           [INFO]     | Parody Movie Collection Collection | ? | Spy Hard (1996) (TMDb: 10535)                             |
[2022-03-18 11:55:17,342] [builder.py:1943]           [INFO]     | Parody Movie Collection Collection | ? | The Silence of the Hams (1994) (TMDb: 10450)              |
[2022-03-18 11:55:17,343] [builder.py:1947]           [INFO]     |                                                                                                    |
[2022-03-18 11:55:17,343] [builder.py:1948]           [INFO]     | 42 Movies Missing                                                                                  |
[2022-03-18 11:55:17,507] [builder.py:2147]           [INFO]     |                                                                                                    |
[2022-03-18 11:55:17,508] [util.py:216]               [INFO]     |====================== Updating Details of Parody Movie Collection Collection ======================|
[2022-03-18 11:55:17,508] [builder.py:2149]           [INFO]     |                                                                                                    |
[2022-03-18 11:55:17,509] [builder.py:2156]           [INFO]     | Detail: summary updated Collection Summary                                                         |
[2022-03-18 11:55:17,509] [builder.py:2193]           [INFO]     | Detail: sort_title updated Collection Sort Title to +3_Parody Movie Collection                     |
[2022-03-18 11:55:17,509] [builder.py:2235]           [DEBUG]    | {'titleSort.value': '+3_Parody Movie Collection', 'titleSort.locked': 1}                           |
[2022-03-18 11:55:17,521] [builder.py:2237]           [INFO]     | Details: have been updated                                                                         |
[2022-03-18 11:55:17,522] [builder.py:2258]           [DEBUG]    | 1 posters found:                                                                                   |
[2022-03-18 11:55:17,522] [builder.py:2260]           [DEBUG]    | Method: url_poster Poster: https://i.imgur.com/yFtJ5eV.png                                         |
[2022-03-18 11:55:17,523] [builder.py:2298]           [DEBUG]    | 1 backgrounds found:                                                                               |
[2022-03-18 11:55:17,523] [builder.py:2300]           [DEBUG]    | Method: url_background Background: https://i.imgur.com/eELv4eB.jpg                                 |
[2022-03-18 11:55:17,524] [library.py:147]            [INFO]     | Detail: poster update not needed                                                                   |
[2022-03-18 11:55:17,526] [library.py:197]            [INFO]     | Detail: background update not needed                                                               |
[2022-03-18 11:55:17,560] [plex_meta_manager.py:880]  [INFO]     |                                                                                                    |
[2022-03-18 11:55:17,561] [util.py:209]               [INFO]     |====================================================================================================|
[2022-03-18 11:55:17,561] [util.py:216]               [INFO]     |                            Finished Parody Movie Collection Collection                             |
[2022-03-18 11:55:17,562] [util.py:216]               [INFO]     |                                    Collection Run Time: 0:00:08                                    |
[2022-03-18 11:55:17,562] [util.py:220]               [INFO]     |====================================================================================================|
