[2022-11-23 01:15:21,025] [util.py:209]               [INFO]     |====================================================================================================|
[2022-11-23 01:15:21,026] [util.py:216]               [INFO]     |                                     Crime Collection in Movies                                     |
[2022-11-23 01:15:21,026] [util.py:220]               [INFO]     |====================================================================================================|
[2022-11-23 01:15:21,026] [plex_meta_manager.py:750]  [INFO]     |                                                                                                    |
[2022-11-23 01:15:21,027] [util.py:216]               [INFO]     |=================================== Validating Crime Attributes ====================================|
[2022-11-23 01:15:21,027] [builder.py:265]            [DEBUG]    |                                                                                                    |
[2022-11-23 01:15:21,027] [builder.py:266]            [DEBUG]    | Validating Method: template                                                                        |
[2022-11-23 01:15:21,027] [meta.py:83]                [DEBUG]    | Value: ordereddict([('name', 'Genre'), ('genre', 'Crime'), ('poster', 'https://theposterdb.com/api/assets/53057')]) |
[2022-11-23 01:15:21,028] [builder.py:453]            [DEBUG]    |                                                                                                    |
[2022-11-23 01:15:21,028] [builder.py:454]            [DEBUG]    | Validating Method: collection_order                                                                |
[2022-11-23 01:15:21,028] [builder.py:455]            [DEBUG]    | Value: alpha                                                                                       |
[2022-11-23 01:15:21,028] [builder.py:472]            [DEBUG]    |                                                                                                    |
[2022-11-23 01:15:21,029] [builder.py:473]            [DEBUG]    | Validating Method: summary                                                                         |
[2022-11-23 01:15:21,029] [builder.py:474]            [DEBUG]    | Value: Crime film is a genre that revolves around the action of a criminal mastermind. A Crime film will often revolve around the criminal himself, chronicling his rise and fall. Some Crime films will have a storyline that follows the criminal's victim, yet others follow the person in pursuit of the criminal. This genre tends to be fast paced with an air of mystery – this mystery can come from the plot or from the characters themselves. |
[2022-11-23 01:15:21,029] [builder.py:472]            [DEBUG]    |                                                                                                    |
[2022-11-23 01:15:21,029] [builder.py:473]            [DEBUG]    | Validating Method: plex_search                                                                     |
[2022-11-23 01:15:21,030] [builder.py:474]            [DEBUG]    | Value: {'genre': 'Crime'}                                                                          |
[2022-11-23 01:15:21,063] [builder.py:472]            [DEBUG]    |                                                                                                    |
[2022-11-23 01:15:21,064] [builder.py:473]            [DEBUG]    | Validating Method: url_poster                                                                      |
[2022-11-23 01:15:21,064] [builder.py:474]            [DEBUG]    | Value: https://theposterdb.com/api/assets/53057                                                    |
[2022-11-23 01:15:21,064] [builder.py:472]            [DEBUG]    |                                                                                                    |
[2022-11-23 01:15:21,064] [builder.py:473]            [DEBUG]    | Validating Method: sort_title                                                                      |
[2022-11-23 01:15:21,064] [builder.py:474]            [DEBUG]    | Value: 00000d_Crime                                                                                |
[2022-11-23 01:15:21,853] [builder.py:619]            [INFO]     |                                                                                                    |
[2022-11-23 01:15:21,854] [builder.py:620]            [INFO]     | Validation Successful                                                                              |
[2022-11-23 01:15:21,877] [plex_meta_manager.py:758]  [INFO]     |                                                                                                    |
[2022-11-23 01:15:21,878] [util.py:216]               [INFO]     |===================================== Running Crime Collection =====================================|
[2022-11-23 01:15:21,878] [plex_meta_manager.py:773]  [INFO]     |                                                                                                    |
[2022-11-23 01:15:21,878] [plex_meta_manager.py:774]  [INFO]     | Sync Mode: append                                                                                  |
[2022-11-23 01:15:21,878] [builder.py:1275]           [DEBUG]    |                                                                                                    |
[2022-11-23 01:15:21,879] [builder.py:1276]           [DEBUG]    | Builder: plex_search: (1, 'Plex Movie Search\nSort By: title.asc\nFilter:\n  Match all of the following:\n    Match any of the following:\n      Genre is Crime', '?type=1&sort=titleSort&push=1&genre=6&pop=1') |
[2022-11-23 01:15:21,879] [builder.py:1277]           [INFO]     |                                                                                                    |
[2022-11-23 01:15:21,879] [util.py:161]               [INFO]     | Plex Movie Search                                                                                  |
[2022-11-23 01:15:21,879] [util.py:161]               [INFO]     | Sort By: title.asc                                                                                 |
[2022-11-23 01:15:21,879] [util.py:161]               [INFO]     | Filter:                                                                                            |
[2022-11-23 01:15:21,880] [util.py:161]               [INFO]     |   Match all of the following:                                                                      |
[2022-11-23 01:15:21,880] [util.py:161]               [INFO]     |     Match any of the following:                                                                    |
[2022-11-23 01:15:21,880] [util.py:161]               [INFO]     |       Genre is Crime                                                                               |
[2022-11-23 01:15:22,300] [plex.py:748]               [DEBUG]    |                                                                                                    |
[2022-11-23 01:15:22,300] [plex.py:749]               [DEBUG]    | 193 Keys Found: [(117433, 'ratingKey'), (99111, 'ratingKey'), (99266, 'ratingKey'), (118376, 'ratingKey'), (99173, 'ratingKey'), (118169, 'ratingKey'), (118150, 'ratingKey'), (99282, 'ratingKey'), (99225, 'ratingKey'), (121331, 'ratingKey'), (121264, 'ratingKey'), (99270, 'ratingKey'), (99283, 'ratingKey'), (98643, 'ratingKey'), (98637, 'ratingKey'), (98640, 'ratingKey'), (98261, 'ratingKey'), (99290, 'ratingKey'), (99291, 'ratingKey'), (117921, 'ratingKey'), (99295, 'ratingKey'), (118080, 'ratingKey'), (118084, 'ratingKey'), (117995, 'ratingKey'), (117329, 'ratingKey'), (117316, 'ratingKey'), (99495, 'ratingKey'), (118845, 'ratingKey'), (99378, 'ratingKey'), (113115, 'ratingKey'), (117833, 'ratingKey'), (100153, 'ratingKey'), (104835, 'ratingKey'), (99400, 'ratingKey'), (99401, 'ratingKey'), (119499, 'ratingKey'), (104185, 'ratingKey'), (100138, 'ratingKey'), (117209, 'ratingKey'), (99444, 'ratingKey'), (99471, 'ratingKey'), (99653, 'ratingKey'), (99634, 'ratingKey'), (117510, 'ratingKey'), (99025, 'ratingKey'), (116655, 'ratingKey'), (99636, 'ratingKey'), (108589, 'ratingKey'), (104218, 'ratingKey'), (104290, 'ratingKey'), (117635, 'ratingKey'), (99668, 'ratingKey'), (99719, 'ratingKey'), (96863, 'ratingKey'), (117645, 'ratingKey'), (117588, 'ratingKey'), (104313, 'ratingKey'), (99774, 'ratingKey'), (117103, 'ratingKey'), (118422, 'ratingKey'), (119556, 'ratingKey'), (119558, 'ratingKey'), (100007, 'ratingKey'), (119563, 'ratingKey'), (116979, 'ratingKey'), (99842, 'ratingKey'), (104491, 'ratingKey'), (104523, 'ratingKey'), (99915, 'ratingKey'), (99921, 'ratingKey'), (115765, 'ratingKey'), (116648, 'ratingKey'), (100172, 'ratingKey'), (102132, 'ratingKey'), (113293, 'ratingKey'), (115728, 'ratingKey'), (114145, 'ratingKey'), (115714, 'ratingKey'), (104347, 'ratingKey'), (115713, 'ratingKey'), (101040, 'ratingKey'), (112820, 'ratingKey'), (115503, 'ratingKey'), (115602, 'ratingKey'), (116289, 'ratingKey'), (115586, 'ratingKey'), (104365, 'ratingKey'), (115541, 'ratingKey'), (100229, 'ratingKey'), (100506, 'ratingKey'), (104381, 'ratingKey'), (116558, 'ratingKey'), (115529, 'ratingKey'), (115498, 'ratingKey'), (115408, 'ratingKey'), (102210, 'ratingKey'), (100464, 'ratingKey'), (116556, 'ratingKey'), (100632, 'ratingKey'), (115365, 'ratingKey'), (101091, 'ratingKey'), (104408, 'ratingKey'), (100444, 'ratingKey'), (114912, 'ratingKey'), (115105, 'ratingKey'), (115190, 'ratingKey'), (115045, 'ratingKey'), (112499, 'ratingKey'), (104414, 'ratingKey'), (102229, 'ratingKey'), (113190, 'ratingKey'), (116489, 'ratingKey'), (100595, 'ratingKey'), (114732, 'ratingKey'), (114777, 'ratingKey'), (102327, 'ratingKey'), (100236, 'ratingKey'), (100355, 'ratingKey'), (114591, 'ratingKey'), (101451, 'ratingKey'), (100459, 'ratingKey'), (101453, 'ratingKey'), (100576, 'ratingKey'), (101458, 'ratingKey'), (101462, 'ratingKey'), (104511, 'ratingKey'), (105166, 'ratingKey'), (100669, 'ratingKey'), (100525, 'ratingKey'), (104453, 'ratingKey'), (102268, 'ratingKey'), (112429, 'ratingKey'), (116439, 'ratingKey'), (114186, 'ratingKey'), (100974, 'ratingKey'), (101619, 'ratingKey'), (101605, 'ratingKey'), (100376, 'ratingKey'), (101649, 'ratingKey'), (100394, 'ratingKey'), (41118, 'ratingKey'), (100593, 'ratingKey'), (101699, 'ratingKey'), (3733, 'ratingKey'), (101732, 'ratingKey'), (37756, 'ratingKey'), (101753, 'ratingKey'), (41170, 'ratingKey'), (78501, 'ratingKey'), (101758, 'ratingKey'), (75747, 'ratingKey'), (101767, 'ratingKey'), (104271, 'ratingKey'), (102223, 'ratingKey'), (108122, 'ratingKey'), (105097, 'ratingKey'), (39706, 'ratingKey'), (101855, 'ratingKey'), (105950, 'ratingKey'), (39981, 'ratingKey'), (76198, 'ratingKey'), (76995, 'ratingKey'), (108133, 'ratingKey'), (39712, 'ratingKey'), (101911, 'ratingKey'), (100688, 'ratingKey'), (100721, 'ratingKey'), (100894, 'ratingKey'), (112156, 'ratingKey'), (114119, 'ratingKey'), (116047, 'ratingKey'), (101960, 'ratingKey'), (114113, 'ratingKey'), (100866, 'ratingKey'), (101971, 'ratingKey'), (112155, 'ratingKey'), (105103, 'ratingKey'), (113834, 'ratingKey'), (113746, 'ratingKey'), (102070, 'ratingKey'), (112226, 'ratingKey'), (100887, 'ratingKey'), (102076, 'ratingKey'), (102090, 'ratingKey'), (112167, 'ratingKey'), (112157, 'ratingKey'), (105207, 'ratingKey'), (115829, 'ratingKey'), (112165, 'ratingKey'), (100929, 'ratingKey'), (100962, 'ratingKey'), (102109, 'ratingKey'), (113476, 'ratingKey')] |
[2022-11-23 01:15:22,302] [builder.py:1282]           [DEBUG]    |                                                                                                    |
[2022-11-23 01:15:22,303] [builder.py:1283]           [DEBUG]    | 193 IDs Found: [(117433, 'ratingKey'), (99111, 'ratingKey'), (99266, 'ratingKey'), (118376, 'ratingKey'), (99173, 'ratingKey'), (118169, 'ratingKey'), (118150, 'ratingKey'), (99282, 'ratingKey'), (99225, 'ratingKey'), (121331, 'ratingKey'), (121264, 'ratingKey'), (99270, 'ratingKey'), (99283, 'ratingKey'), (98643, 'ratingKey'), (98637, 'ratingKey'), (98640, 'ratingKey'), (98261, 'ratingKey'), (99290, 'ratingKey'), (99291, 'ratingKey'), (117921, 'ratingKey'), (99295, 'ratingKey'), (118080, 'ratingKey'), (118084, 'ratingKey'), (117995, 'ratingKey'), (117329, 'ratingKey'), (117316, 'ratingKey'), (99495, 'ratingKey'), (118845, 'ratingKey'), (99378, 'ratingKey'), (113115, 'ratingKey'), (117833, 'ratingKey'), (100153, 'ratingKey'), (104835, 'ratingKey'), (99400, 'ratingKey'), (99401, 'ratingKey'), (119499, 'ratingKey'), (104185, 'ratingKey'), (100138, 'ratingKey'), (117209, 'ratingKey'), (99444, 'ratingKey'), (99471, 'ratingKey'), (99653, 'ratingKey'), (99634, 'ratingKey'), (117510, 'ratingKey'), (99025, 'ratingKey'), (116655, 'ratingKey'), (99636, 'ratingKey'), (108589, 'ratingKey'), (104218, 'ratingKey'), (104290, 'ratingKey'), (117635, 'ratingKey'), (99668, 'ratingKey'), (99719, 'ratingKey'), (96863, 'ratingKey'), (117645, 'ratingKey'), (117588, 'ratingKey'), (104313, 'ratingKey'), (99774, 'ratingKey'), (117103, 'ratingKey'), (118422, 'ratingKey'), (119556, 'ratingKey'), (119558, 'ratingKey'), (100007, 'ratingKey'), (119563, 'ratingKey'), (116979, 'ratingKey'), (99842, 'ratingKey'), (104491, 'ratingKey'), (104523, 'ratingKey'), (99915, 'ratingKey'), (99921, 'ratingKey'), (115765, 'ratingKey'), (116648, 'ratingKey'), (100172, 'ratingKey'), (102132, 'ratingKey'), (113293, 'ratingKey'), (115728, 'ratingKey'), (114145, 'ratingKey'), (115714, 'ratingKey'), (104347, 'ratingKey'), (115713, 'ratingKey'), (101040, 'ratingKey'), (112820, 'ratingKey'), (115503, 'ratingKey'), (115602, 'ratingKey'), (116289, 'ratingKey'), (115586, 'ratingKey'), (104365, 'ratingKey'), (115541, 'ratingKey'), (100229, 'ratingKey'), (100506, 'ratingKey'), (104381, 'ratingKey'), (116558, 'ratingKey'), (115529, 'ratingKey'), (115498, 'ratingKey'), (115408, 'ratingKey'), (102210, 'ratingKey'), (100464, 'ratingKey'), (116556, 'ratingKey'), (100632, 'ratingKey'), (115365, 'ratingKey'), (101091, 'ratingKey'), (104408, 'ratingKey'), (100444, 'ratingKey'), (114912, 'ratingKey'), (115105, 'ratingKey'), (115190, 'ratingKey'), (115045, 'ratingKey'), (112499, 'ratingKey'), (104414, 'ratingKey'), (102229, 'ratingKey'), (113190, 'ratingKey'), (116489, 'ratingKey'), (100595, 'ratingKey'), (114732, 'ratingKey'), (114777, 'ratingKey'), (102327, 'ratingKey'), (100236, 'ratingKey'), (100355, 'ratingKey'), (114591, 'ratingKey'), (101451, 'ratingKey'), (100459, 'ratingKey'), (101453, 'ratingKey'), (100576, 'ratingKey'), (101458, 'ratingKey'), (101462, 'ratingKey'), (104511, 'ratingKey'), (105166, 'ratingKey'), (100669, 'ratingKey'), (100525, 'ratingKey'), (104453, 'ratingKey'), (102268, 'ratingKey'), (112429, 'ratingKey'), (116439, 'ratingKey'), (114186, 'ratingKey'), (100974, 'ratingKey'), (101619, 'ratingKey'), (101605, 'ratingKey'), (100376, 'ratingKey'), (101649, 'ratingKey'), (100394, 'ratingKey'), (41118, 'ratingKey'), (100593, 'ratingKey'), (101699, 'ratingKey'), (3733, 'ratingKey'), (101732, 'ratingKey'), (37756, 'ratingKey'), (101753, 'ratingKey'), (41170, 'ratingKey'), (78501, 'ratingKey'), (101758, 'ratingKey'), (75747, 'ratingKey'), (101767, 'ratingKey'), (104271, 'ratingKey'), (102223, 'ratingKey'), (108122, 'ratingKey'), (105097, 'ratingKey'), (39706, 'ratingKey'), (101855, 'ratingKey'), (105950, 'ratingKey'), (39981, 'ratingKey'), (76198, 'ratingKey'), (76995, 'ratingKey'), (108133, 'ratingKey'), (39712, 'ratingKey'), (101911, 'ratingKey'), (100688, 'ratingKey'), (100721, 'ratingKey'), (100894, 'ratingKey'), (112156, 'ratingKey'), (114119, 'ratingKey'), (116047, 'ratingKey'), (101960, 'ratingKey'), (114113, 'ratingKey'), (100866, 'ratingKey'), (101971, 'ratingKey'), (112155, 'ratingKey'), (105103, 'ratingKey'), (113834, 'ratingKey'), (113746, 'ratingKey'), (102070, 'ratingKey'), (112226, 'ratingKey'), (100887, 'ratingKey'), (102076, 'ratingKey'), (102090, 'ratingKey'), (112167, 'ratingKey'), (112157, 'ratingKey'), (105207, 'ratingKey'), (115829, 'ratingKey'), (112165, 'ratingKey'), (100929, 'ratingKey'), (100962, 'ratingKey'), (102109, 'ratingKey'), (113476, 'ratingKey')] |
[2022-11-23 01:15:22,303] [builder.py:1284]           [DEBUG]    |                                                                                                    |
[2022-11-23 01:15:25,871] [builder.py:1697]           [INFO]     |                                                                                                    |
[2022-11-23 01:15:25,871] [util.py:216]               [INFO]     |==================================== Adding to Crime Collection ====================================|
[2022-11-23 01:15:25,872] [builder.py:1699]           [INFO]     |                                                                                                    |
[2022-11-23 01:15:25,872] [builder.py:1709]           [INFO]     |   1/193 | Crime Collection | = | 3 from Hell (2019)                                                |
[2022-11-23 01:15:25,872] [builder.py:1709]           [INFO]     |   2/193 | Crime Collection | = | 12 Angry Men (1957)                                               |
[2022-11-23 01:15:25,873] [builder.py:1709]           [INFO]     |   3/193 | Crime Collection | = | 12 Hour Shift (2020)                                              |
[2022-11-23 01:15:25,873] [builder.py:1709]           [INFO]     |   4/193 | Crime Collection | = | Accident Man: Hitman's Holiday (2022)                             |
[2022-11-23 01:15:25,873] [builder.py:1709]           [INFO]     |   5/193 | Crime Collection | = | Ace Ventura: When Nature Calls (1995)                             |
[2022-11-23 01:15:25,874] [builder.py:1709]           [INFO]     |   6/193 | Crime Collection | = | Ambulance (2022)                                                  |
[2022-11-23 01:15:25,874] [builder.py:1709]           [INFO]     |   7/193 | Crime Collection | = | American Gangster (2007)                                          |
[2022-11-23 01:15:25,874] [builder.py:1709]           [INFO]     |   8/193 | Crime Collection | = | American History X (1998)                                         |
[2022-11-23 01:15:25,874] [builder.py:1709]           [INFO]     |   9/193 | Crime Collection | = | American Hustle (2013)                                            |
[2022-11-23 01:15:25,875] [builder.py:1709]           [INFO]     |  10/193 | Crime Collection | + | Amsterdam (2022)                                                  |
[2022-11-23 01:15:25,944] [builder.py:1709]           [INFO]     |  11/193 | Crime Collection | = | Army of the Dead (2021)                                           |
[2022-11-23 01:15:25,944] [builder.py:1709]           [INFO]     |  12/193 | Crime Collection | = | The Assassination of Jesse James by the Coward Robert Ford (2007) |
[2022-11-23 01:15:25,945] [builder.py:1709]           [INFO]     |  13/193 | Crime Collection | = | Athlete A (2020)                                                  |
[2022-11-23 01:15:25,945] [builder.py:1709]           [INFO]     |  14/193 | Crime Collection | = | Austin Powers in Goldmember (2002)                                |
[2022-11-23 01:15:25,945] [builder.py:1709]           [INFO]     |  15/193 | Crime Collection | = | Austin Powers: International Man of Mystery (1997)                |
[2022-11-23 01:15:25,946] [builder.py:1709]           [INFO]     |  16/193 | Crime Collection | = | Austin Powers: The Spy Who Shagged Me (1999)                      |
[2022-11-23 01:15:25,946] [builder.py:1709]           [INFO]     |  17/193 | Crime Collection | = | Baby Driver (2017)                                                |
[2022-11-23 01:15:25,946] [builder.py:1709]           [INFO]     |  18/193 | Crime Collection | = | Bacurau (2019)                                                    |
[2022-11-23 01:15:25,947] [builder.py:1709]           [INFO]     |  19/193 | Crime Collection | = | Bad Genius (2017)                                                 |
[2022-11-23 01:15:25,947] [builder.py:1709]           [INFO]     |  20/193 | Crime Collection | = | The Bad Guys (2022)                                               |
[2022-11-23 01:15:25,947] [builder.py:1709]           [INFO]     |  21/193 | Crime Collection | = | Barking Dogs Never Bite (2000)                                    |
[2022-11-23 01:15:25,948] [builder.py:1709]           [INFO]     |  22/193 | Crime Collection | = | Batman (1989)                                                     |
[2022-11-23 01:15:25,948] [builder.py:1709]           [INFO]     |  23/193 | Crime Collection | = | The Batman (2022)                                                 |
[2022-11-23 01:15:25,948] [builder.py:1709]           [INFO]     |  24/193 | Crime Collection | = | Batman Begins (2005)                                              |
[2022-11-23 01:15:25,949] [builder.py:1709]           [INFO]     |  25/193 | Crime Collection | = | Batman Forever (1995)                                             |
[2022-11-23 01:15:25,949] [builder.py:1709]           [INFO]     |  26/193 | Crime Collection | = | Batman vs Teenage Mutant Ninja Turtles (2019)                     |
[2022-11-23 01:15:25,949] [builder.py:1709]           [INFO]     |  27/193 | Crime Collection | = | Becky (2020)                                                      |
[2022-11-23 01:15:25,950] [builder.py:1709]           [INFO]     |  28/193 | Crime Collection | = | The Big Lebowski (1998)                                           |
[2022-11-23 01:15:25,950] [builder.py:1709]           [INFO]     |  29/193 | Crime Collection | = | Birds of Passage (2018)                                           |
[2022-11-23 01:15:25,951] [builder.py:1709]           [INFO]     |  30/193 | Crime Collection | = | Birds of Prey (2020)                                              |
[2022-11-23 01:15:25,951] [builder.py:1709]           [INFO]     |  31/193 | Crime Collection | = | BlacKkKlansman (2018)                                             |
[2022-11-23 01:15:25,951] [builder.py:1709]           [INFO]     |  32/193 | Crime Collection | = | The Boondock Saints (1999)                                        |
[2022-11-23 01:15:25,952] [builder.py:1709]           [INFO]     |  33/193 | Crime Collection | = | The Boondock Saints II: All Saints Day (2009)                     |
[2022-11-23 01:15:25,952] [builder.py:1709]           [INFO]     |  34/193 | Crime Collection | = | Border (2018)                                                     |
[2022-11-23 01:15:25,952] [builder.py:1709]           [INFO]     |  35/193 | Crime Collection | = | Bottle Rocket (1996)                                              |
[2022-11-23 01:15:25,952] [builder.py:1709]           [INFO]     |  36/193 | Crime Collection | = | Breaking (2022)                                                   |
[2022-11-23 01:15:25,953] [builder.py:1709]           [INFO]     |  37/193 | Crime Collection | = | Broadcast Signal Intrusion (2021)                                 |
[2022-11-23 01:15:25,953] [builder.py:1709]           [INFO]     |  38/193 | Crime Collection | = | Butt Boy (2020)                                                   |
[2022-11-23 01:15:25,954] [builder.py:1709]           [INFO]     |  39/193 | Crime Collection | = | The Cabinet of Dr. Caligari (1920)                                |
[2022-11-23 01:15:25,955] [builder.py:1709]           [INFO]     |  40/193 | Crime Collection | = | Calvary (2014)                                                    |
[2022-11-23 01:15:25,955] [builder.py:1709]           [INFO]     |  41/193 | Crime Collection | = | Catch Me If You Can (2002)                                        |
[2022-11-23 01:15:25,956] [builder.py:1709]           [INFO]     |  42/193 | Crime Collection | = | Changeling (2008)                                                 |
[2022-11-23 01:15:25,956] [builder.py:1709]           [INFO]     |  43/193 | Crime Collection | = | The Chaser (2008)                                                 |
[2022-11-23 01:15:25,956] [builder.py:1709]           [INFO]     |  44/193 | Crime Collection | = | Chinatown (1974)                                                  |
[2022-11-23 01:15:25,957] [builder.py:1709]           [INFO]     |  45/193 | Crime Collection | = | City of God (2002)                                                |
[2022-11-23 01:15:25,957] [builder.py:1709]           [INFO]     |  46/193 | Crime Collection | = | A Clockwork Orange (1972)                                         |
[2022-11-23 01:15:25,957] [builder.py:1709]           [INFO]     |  47/193 | Crime Collection | = | A Close Shave (1995)                                              |
[2022-11-23 01:15:25,957] [builder.py:1709]           [INFO]     |  48/193 | Crime Collection | = | The Clovehitch Killer (2018)                                      |
[2022-11-23 01:15:25,958] [builder.py:1709]           [INFO]     |  49/193 | Crime Collection | = | The Conversation (1974)                                           |
[2022-11-23 01:15:25,958] [builder.py:1709]           [INFO]     |  50/193 | Crime Collection | = | Cowboy Bebop: The Movie (2001)                                    |
[2022-11-23 01:15:25,959] [builder.py:1709]           [INFO]     |  51/193 | Crime Collection | = | Cruella (2021)                                                    |
[2022-11-23 01:15:25,959] [builder.py:1709]           [INFO]     |  52/193 | Crime Collection | = | The Crying Game (1992)                                            |
[2022-11-23 01:15:25,959] [builder.py:1709]           [INFO]     |  53/193 | Crime Collection | = | Daniel Isn't Real (2019)                                          |
[2022-11-23 01:15:25,960] [builder.py:1709]           [INFO]     |  54/193 | Crime Collection | = | The Dark Knight (2008)                                            |
[2022-11-23 01:15:25,960] [builder.py:1709]           [INFO]     |  55/193 | Crime Collection | = | The Dark Knight Rises (2012)                                      |
[2022-11-23 01:15:25,960] [builder.py:1709]           [INFO]     |  56/193 | Crime Collection | = | Death on the Nile (2022)                                          |
[2022-11-23 01:15:25,961] [builder.py:1709]           [INFO]     |  57/193 | Crime Collection | = | The Departed (2006)                                               |
[2022-11-23 01:15:25,961] [builder.py:1709]           [INFO]     |  58/193 | Crime Collection | = | Don't Breathe (2016)                                              |
[2022-11-23 01:15:25,962] [builder.py:1709]           [INFO]     |  59/193 | Crime Collection | = | Don't Breathe 2 (2021)                                            |
[2022-11-23 01:15:25,962] [builder.py:1709]           [INFO]     |  60/193 | Crime Collection | = | Emily the Criminal (2022)                                         |
[2022-11-23 01:15:25,962] [builder.py:1709]           [INFO]     |  61/193 | Crime Collection | = | Enola Holmes (2020)                                               |
[2022-11-23 01:15:25,963] [builder.py:1709]           [INFO]     |  62/193 | Crime Collection | = | Enola Holmes 2 (2022)                                             |
[2022-11-23 01:15:25,963] [builder.py:1709]           [INFO]     |  63/193 | Crime Collection | = | Enter the Dragon (1973)                                           |
[2022-11-23 01:15:25,963] [builder.py:1709]           [INFO]     |  64/193 | Crime Collection | = | The Exorcism of Emily Rose (2005)                                 |
[2022-11-23 01:15:25,964] [builder.py:1709]           [INFO]     |  65/193 | Crime Collection | = | F9: The Fast Saga (2021)                                          |
[2022-11-23 01:15:25,964] [builder.py:1709]           [INFO]     |  66/193 | Crime Collection | = | Face/Off (1997)                                                   |
[2022-11-23 01:15:25,964] [builder.py:1709]           [INFO]     |  67/193 | Crime Collection | = | Fantastic Mr. Fox (2009)                                          |
[2022-11-23 01:15:25,965] [builder.py:1709]           [INFO]     |  68/193 | Crime Collection | = | Fistful of Vengeance (2022)                                       |
[2022-11-23 01:15:25,965] [builder.py:1709]           [INFO]     |  69/193 | Crime Collection | = | Following (1999)                                                  |
[2022-11-23 01:15:25,966] [builder.py:1709]           [INFO]     |  70/193 | Crime Collection | = | From Dusk Till Dawn (1996)                                        |
[2022-11-23 01:15:25,966] [builder.py:1709]           [INFO]     |  71/193 | Crime Collection | = | Game Night (2018)                                                 |
[2022-11-23 01:15:25,966] [builder.py:1709]           [INFO]     |  72/193 | Crime Collection | = | Ghost in the Shell (1995)                                         |
[2022-11-23 01:15:25,967] [builder.py:1709]           [INFO]     |  73/193 | Crime Collection | = | Ghost in the Shell 2.0 (2008)                                     |
[2022-11-23 01:15:25,967] [builder.py:1709]           [INFO]     |  74/193 | Crime Collection | = | Girl in the Picture (2022)                                        |
[2022-11-23 01:15:25,967] [builder.py:1709]           [INFO]     |  75/193 | Crime Collection | = | The Godfather (1972)                                              |
[2022-11-23 01:15:25,968] [builder.py:1709]           [INFO]     |  76/193 | Crime Collection | = | The Godfather Part II (1974)                                      |
[2022-11-23 01:15:25,968] [builder.py:1709]           [INFO]     |  77/193 | Crime Collection | = | The Godfather Part III (1990)                                     |
[2022-11-23 01:15:25,969] [builder.py:1709]           [INFO]     |  78/193 | Crime Collection | = | Gone Girl (2014)                                                  |
[2022-11-23 01:15:25,971] [builder.py:1709]           [INFO]     |  79/193 | Crime Collection | = | Gone in 60 Seconds (2000)                                         |
[2022-11-23 01:15:25,971] [builder.py:1709]           [INFO]     |  80/193 | Crime Collection | = | Goodfellas (1990)                                                 |
[2022-11-23 01:15:25,971] [builder.py:1709]           [INFO]     |  81/193 | Crime Collection | = | The Grand Budapest Hotel (2014)                                   |
[2022-11-23 01:15:25,972] [builder.py:1709]           [INFO]     |  82/193 | Crime Collection | = | The Green Mile (1999)                                             |
[2022-11-23 01:15:25,972] [builder.py:1709]           [INFO]     |  83/193 | Crime Collection | = | Green Room (2016)                                                 |
[2022-11-23 01:15:25,973] [builder.py:1709]           [INFO]     |  84/193 | Crime Collection | = | The Hangover Part III (2013)                                      |
[2022-11-23 01:15:25,973] [builder.py:1709]           [INFO]     |  85/193 | Crime Collection | = | The Hateful Eight (2015)                                          |
[2022-11-23 01:15:25,973] [builder.py:1709]           [INFO]     |  86/193 | Crime Collection | = | Hell or High Water (2016)                                         |
[2022-11-23 01:15:25,974] [builder.py:1709]           [INFO]     |  87/193 | Crime Collection | = | High and Low (1963)                                               |
[2022-11-23 01:15:25,974] [builder.py:1709]           [INFO]     |  88/193 | Crime Collection | = | Home Alone 2: Lost in New York (1992)                             |
[2022-11-23 01:15:25,975] [builder.py:1709]           [INFO]     |  89/193 | Crime Collection | = | Home Alone 3 (1997)                                               |
[2022-11-23 01:15:25,975] [builder.py:1709]           [INFO]     |  90/193 | Crime Collection | = | Home Alone 4 (2002)                                               |
[2022-11-23 01:15:25,976] [builder.py:1709]           [INFO]     |  91/193 | Crime Collection | = | Home Alone: The Holiday Heist (2012)                              |
[2022-11-23 01:15:25,976] [builder.py:1709]           [INFO]     |  92/193 | Crime Collection | = | Home Sweet Home Alone (2021)                                      |
[2022-11-23 01:15:25,977] [builder.py:1709]           [INFO]     |  93/193 | Crime Collection | = | House of Gucci (2021)                                             |
[2022-11-23 01:15:25,977] [builder.py:1709]           [INFO]     |  94/193 | Crime Collection | = | The Hustle (2019)                                                 |
[2022-11-23 01:15:25,977] [builder.py:1709]           [INFO]     |  95/193 | Crime Collection | = | I Care a Lot (2021)                                               |
[2022-11-23 01:15:25,978] [builder.py:1709]           [INFO]     |  96/193 | Crime Collection | = | I Saw the Devil (2010)                                            |
[2022-11-23 01:15:25,978] [builder.py:1709]           [INFO]     |  97/193 | Crime Collection | = | I See You (2019)                                                  |
[2022-11-23 01:15:25,979] [builder.py:1709]           [INFO]     |  98/193 | Crime Collection | = | Initiation (2021)                                                 |
[2022-11-23 01:15:25,979] [builder.py:1709]           [INFO]     |  99/193 | Crime Collection | = | Insomnia (2002)                                                   |
[2022-11-23 01:15:25,979] [builder.py:1709]           [INFO]     | 100/193 | Crime Collection | = | The Irishman (2019)                                               |
[2022-11-23 01:15:25,980] [builder.py:1709]           [INFO]     | 101/193 | Crime Collection | = | Iron Monkey (1993)                                                |
[2022-11-23 01:15:25,980] [builder.py:1709]           [INFO]     | 102/193 | Crime Collection | = | The Italian Job (2003)                                            |
[2022-11-23 01:15:25,981] [builder.py:1709]           [INFO]     | 103/193 | Crime Collection | = | Jackie Brown (1997)                                               |
[2022-11-23 01:15:25,981] [builder.py:1709]           [INFO]     | 104/193 | Crime Collection | = | John Wick (2014)                                                  |
[2022-11-23 01:15:25,981] [builder.py:1709]           [INFO]     | 105/193 | Crime Collection | = | John Wick: Chapter 2 (2017)                                       |
[2022-11-23 01:15:25,982] [builder.py:1709]           [INFO]     | 106/193 | Crime Collection | = | John Wick: Chapter 3 - Parabellum (2019)                          |
[2022-11-23 01:15:25,982] [builder.py:1709]           [INFO]     | 107/193 | Crime Collection | = | Joker (2019)                                                      |
[2022-11-23 01:15:25,983] [builder.py:1709]           [INFO]     | 108/193 | Crime Collection | = | Kill Bill: Vol. 1 (2003)                                          |
[2022-11-23 01:15:25,983] [builder.py:1709]           [INFO]     | 109/193 | Crime Collection | = | Kill Bill: Vol. 2 (2004)                                          |
[2022-11-23 01:15:25,984] [builder.py:1709]           [INFO]     | 110/193 | Crime Collection | = | The Killing (1956)                                                |
[2022-11-23 01:15:25,984] [builder.py:1709]           [INFO]     | 111/193 | Crime Collection | = | Kimi (2022)                                                       |
[2022-11-23 01:15:25,986] [builder.py:1709]           [INFO]     | 112/193 | Crime Collection | = | Knives Out (2019)                                                 |
[2022-11-23 01:15:25,986] [builder.py:1709]           [INFO]     | 113/193 | Crime Collection | = | Kung Fu Hustle (2004)                                             |
[2022-11-23 01:15:25,987] [builder.py:1709]           [INFO]     | 114/193 | Crime Collection | = | Léon: The Professional (1994)                                     |
[2022-11-23 01:15:25,987] [builder.py:1709]           [INFO]     | 115/193 | Crime Collection | = | Live Free or Die Hard (2007)                                      |
[2022-11-23 01:15:25,987] [builder.py:1709]           [INFO]     | 116/193 | Crime Collection | = | Lolita (1962)                                                     |
[2022-11-23 01:15:25,988] [builder.py:1709]           [INFO]     | 117/193 | Crime Collection | = | Lupin III: The First (2019)                                       |
[2022-11-23 01:15:25,988] [builder.py:1709]           [INFO]     | 118/193 | Crime Collection | = | Lupin the Third: The Castle of Cagliostro (1979)                  |
[2022-11-23 01:15:25,989] [builder.py:1709]           [INFO]     | 119/193 | Crime Collection | = | Malignant (2021)                                                  |
[2022-11-23 01:15:25,990] [builder.py:1709]           [INFO]     | 120/193 | Crime Collection | = | The Man from Nowhere (2010)                                       |
[2022-11-23 01:15:25,990] [builder.py:1709]           [INFO]     | 121/193 | Crime Collection | = | The Mask (1994)                                                   |
[2022-11-23 01:15:25,991] [builder.py:1709]           [INFO]     | 122/193 | Crime Collection | = | Matchstick Men (2003)                                             |
[2022-11-23 01:15:25,991] [builder.py:1709]           [INFO]     | 123/193 | Crime Collection | = | A Matter of Loaf and Death (2008)                                 |
[2022-11-23 01:15:25,992] [builder.py:1709]           [INFO]     | 124/193 | Crime Collection | = | Mean Streets (1973)                                               |
[2022-11-23 01:15:25,992] [builder.py:1709]           [INFO]     | 125/193 | Crime Collection | = | Memories of Murder (2003)                                         |
[2022-11-23 01:15:25,993] [builder.py:1709]           [INFO]     | 126/193 | Crime Collection | = | Memory (2022)                                                     |
[2022-11-23 01:15:25,993] [builder.py:1709]           [INFO]     | 127/193 | Crime Collection | = | Minions: The Rise of Gru (2022)                                   |
[2022-11-23 01:15:25,994] [builder.py:1709]           [INFO]     | 128/193 | Crime Collection | = | Mother (2009)                                                     |
[2022-11-23 01:15:25,994] [builder.py:1709]           [INFO]     | 129/193 | Crime Collection | = | Mr. Nice Guy (1997)                                               |
[2022-11-23 01:15:25,995] [builder.py:1709]           [INFO]     | 130/193 | Crime Collection | = | The Night of the Hunter (1955)                                    |
[2022-11-23 01:15:25,995] [builder.py:1709]           [INFO]     | 131/193 | Crime Collection | = | Nightcrawler (2014)                                               |
[2022-11-23 01:15:25,996] [builder.py:1709]           [INFO]     | 132/193 | Crime Collection | = | Nightmare Alley (2021)                                            |
[2022-11-23 01:15:25,996] [builder.py:1709]           [INFO]     | 133/193 | Crime Collection | = | No Exit (2022)                                                    |
[2022-11-23 01:15:25,997] [builder.py:1709]           [INFO]     | 134/193 | Crime Collection | = | Nobody (2021)                                                     |
[2022-11-23 01:15:25,997] [builder.py:1709]           [INFO]     | 135/193 | Crime Collection | = | Ocean's Eleven (2001)                                             |
[2022-11-23 01:15:25,998] [builder.py:1709]           [INFO]     | 136/193 | Crime Collection | = | Ocean's Twelve (2004)                                             |
[2022-11-23 01:15:25,998] [builder.py:1709]           [INFO]     | 137/193 | Crime Collection | = | Ocean's Thirteen (2007)                                           |
[2022-11-23 01:15:25,999] [builder.py:1709]           [INFO]     | 138/193 | Crime Collection | = | On the Count of Three (2022)                                      |
[2022-11-23 01:15:25,999] [builder.py:1709]           [INFO]     | 139/193 | Crime Collection | = | Once Upon a Time in America (1984)                                |
[2022-11-23 01:15:26,000] [builder.py:1709]           [INFO]     | 140/193 | Crime Collection | = | Once Upon a Time in Anatolia (2011)                               |
[2022-11-23 01:15:26,002] [builder.py:1709]           [INFO]     | 141/193 | Crime Collection | = | The Outfit (2022)                                                 |
[2022-11-23 01:15:26,002] [builder.py:1709]           [INFO]     | 142/193 | Crime Collection | = | Perfect Blue (1998)                                               |
[2022-11-23 01:15:26,003] [builder.py:1709]           [INFO]     | 143/193 | Crime Collection | = | Perfume: The Story of a Murderer (2006)                           |
[2022-11-23 01:15:26,003] [builder.py:1709]           [INFO]     | 144/193 | Crime Collection | = | Promising Young Woman (2020)                                      |
[2022-11-23 01:15:26,004] [builder.py:1709]           [INFO]     | 145/193 | Crime Collection | = | Pulp Fiction (1994)                                               |
[2022-11-23 01:15:26,004] [builder.py:1709]           [INFO]     | 146/193 | Crime Collection | = | Quantum of Solace (2008)                                          |
[2022-11-23 01:15:26,005] [builder.py:1709]           [INFO]     | 147/193 | Crime Collection | = | The Rainmaker (1997)                                              |
[2022-11-23 01:15:26,005] [builder.py:1709]           [INFO]     | 148/193 | Crime Collection | = | Ray Donovan: The Movie (2022)                                     |
[2022-11-23 01:15:26,006] [builder.py:1709]           [INFO]     | 149/193 | Crime Collection | = | Red Notice (2021)                                                 |
[2022-11-23 01:15:26,007] [builder.py:1709]           [INFO]     | 150/193 | Crime Collection | = | Red Rock West (1993)                                              |
[2022-11-23 01:15:26,007] [builder.py:1709]           [INFO]     | 151/193 | Crime Collection | = | Requiem for a Dream (2000)                                        |
[2022-11-23 01:15:26,008] [builder.py:1709]           [INFO]     | 152/193 | Crime Collection | = | The Rescuers Down Under (1990)                                    |
[2022-11-23 01:15:26,008] [builder.py:1709]           [INFO]     | 153/193 | Crime Collection | = | Reservoir Dogs (1992)                                             |
[2022-11-23 01:15:26,009] [builder.py:1709]           [INFO]     | 154/193 | Crime Collection | = | Rider (2018)                                                      |
[2022-11-23 01:15:26,009] [builder.py:1709]           [INFO]     | 155/193 | Crime Collection | = | The Roundup (2022)                                                |
[2022-11-23 01:15:26,010] [builder.py:1709]           [INFO]     | 156/193 | Crime Collection | = | Rumble in the Bronx (1995)                                        |
[2022-11-23 01:15:26,010] [builder.py:1709]           [INFO]     | 157/193 | Crime Collection | = | Scream (1996)                                                     |
[2022-11-23 01:15:26,011] [builder.py:1709]           [INFO]     | 158/193 | Crime Collection | = | Se7en (1995)                                                      |
[2022-11-23 01:15:26,012] [builder.py:1709]           [INFO]     | 159/193 | Crime Collection | = | See for Me (2022)                                                 |
[2022-11-23 01:15:26,012] [builder.py:1709]           [INFO]     | 160/193 | Crime Collection | = | The Shawshank Redemption (1994)                                   |
[2022-11-23 01:15:26,013] [builder.py:1709]           [INFO]     | 161/193 | Crime Collection | = | Sherlock Holmes (2009)                                            |
[2022-11-23 01:15:26,013] [builder.py:1709]           [INFO]     | 162/193 | Crime Collection | = | Shooter (2007)                                                    |
[2022-11-23 01:15:26,014] [builder.py:1709]           [INFO]     | 163/193 | Crime Collection | = | Shoplifters (2018)                                                |
[2022-11-23 01:15:26,014] [builder.py:1709]           [INFO]     | 164/193 | Crime Collection | = | The Silence of the Lambs (1991)                                   |
[2022-11-23 01:15:26,015] [builder.py:1709]           [INFO]     | 165/193 | Crime Collection | = | Slumdog Millionaire (2008)                                        |
[2022-11-23 01:15:26,015] [builder.py:1709]           [INFO]     | 166/193 | Crime Collection | = | Soylent Green (1973)                                              |
[2022-11-23 01:15:26,017] [builder.py:1709]           [INFO]     | 167/193 | Crime Collection | = | Spiderhead (2022)                                                 |
[2022-11-23 01:15:26,018] [builder.py:1709]           [INFO]     | 168/193 | Crime Collection | = | Spotlight (2015)                                                  |
[2022-11-23 01:15:26,018] [builder.py:1709]           [INFO]     | 169/193 | Crime Collection | = | Spree (2020)                                                      |
[2022-11-23 01:15:26,019] [builder.py:1709]           [INFO]     | 170/193 | Crime Collection | = | Sympathy for Lady Vengeance (2005)                                |
[2022-11-23 01:15:26,019] [builder.py:1709]           [INFO]     | 171/193 | Crime Collection | = | Sympathy for Mr. Vengeance (2002)                                 |
[2022-11-23 01:15:26,020] [builder.py:1709]           [INFO]     | 172/193 | Crime Collection | = | Synchronic (2020)                                                 |
[2022-11-23 01:15:26,020] [builder.py:1709]           [INFO]     | 173/193 | Crime Collection | = | Taxi Driver (1976)                                                |
[2022-11-23 01:15:26,021] [builder.py:1709]           [INFO]     | 174/193 | Crime Collection | = | Tekkonkinkreet (2006)                                             |
[2022-11-23 01:15:26,021] [builder.py:1709]           [INFO]     | 175/193 | Crime Collection | = | Thelma & Louise (1991)                                            |
[2022-11-23 01:15:26,022] [builder.py:1709]           [INFO]     | 176/193 | Crime Collection | = | Three Billboards Outside Ebbing, Missouri (2017)                  |
[2022-11-23 01:15:26,023] [builder.py:1709]           [INFO]     | 177/193 | Crime Collection | = | Tower (2017)                                                      |
[2022-11-23 01:15:26,023] [builder.py:1709]           [INFO]     | 178/193 | Crime Collection | = | The Unbearable Weight of Massive Talent (2022)                    |
[2022-11-23 01:15:26,024] [builder.py:1709]           [INFO]     | 179/193 | Crime Collection | = | Uncut Gems (2019)                                                 |
[2022-11-23 01:15:26,024] [builder.py:1709]           [INFO]     | 180/193 | Crime Collection | = | The Usual Suspects (1995)                                         |
[2022-11-23 01:15:26,025] [builder.py:1709]           [INFO]     | 181/193 | Crime Collection | = | VFW (2020)                                                        |
[2022-11-23 01:15:26,026] [builder.py:1709]           [INFO]     | 182/193 | Crime Collection | = | Villains (2019)                                                   |
[2022-11-23 01:15:26,026] [builder.py:1709]           [INFO]     | 183/193 | Crime Collection | = | Wait Until Dark (1967)                                            |
[2022-11-23 01:15:26,027] [builder.py:1709]           [INFO]     | 184/193 | Crime Collection | = | The Way of the Dragon (1972)                                      |
[2022-11-23 01:15:26,028] [builder.py:1709]           [INFO]     | 185/193 | Crime Collection | = | West Side Story (1961)                                            |
[2022-11-23 01:15:26,028] [builder.py:1709]           [INFO]     | 186/193 | Crime Collection | = | West Side Story (2021)                                            |
[2022-11-23 01:15:26,029] [builder.py:1709]           [INFO]     | 187/193 | Crime Collection | = | Witness for the Prosecution (1958)                                |
[2022-11-23 01:15:26,030] [builder.py:1709]           [INFO]     | 188/193 | Crime Collection | = | The Wolf of Wall Street (2013)                                    |
[2022-11-23 01:15:26,030] [builder.py:1709]           [INFO]     | 189/193 | Crime Collection | = | Wrath of Man (2021)                                               |
[2022-11-23 01:15:26,031] [builder.py:1709]           [INFO]     | 190/193 | Crime Collection | = | The Wrong Trousers (1993)                                         |
[2022-11-23 01:15:26,032] [builder.py:1709]           [INFO]     | 191/193 | Crime Collection | = | The Young Offenders (2016)                                        |
[2022-11-23 01:15:26,033] [builder.py:1709]           [INFO]     | 192/193 | Crime Collection | = | Zodiac (2007)                                                     |
[2022-11-23 01:15:26,033] [builder.py:1709]           [INFO]     | 193/193 | Crime Collection | = | Zootopia (2016)                                                   |
[2022-11-23 01:15:26,034] [builder.py:1734]           [INFO]     |                                                                                                    |
[2022-11-23 01:15:26,034] [builder.py:1735]           [INFO]     | 193 Movies Processed                                                                               |
[2022-11-23 01:15:26,040] [builder.py:2147]           [INFO]     |                                                                                                    |
[2022-11-23 01:15:26,040] [util.py:216]               [INFO]     |=============================== Updating Details of Crime Collection ===============================|
[2022-11-23 01:15:26,040] [builder.py:2149]           [INFO]     |                                                                                                    |
[2022-11-23 01:15:26,041] [builder.py:2156]           [INFO]     | Detail: summary updated Collection Summary                                                         |
[2022-11-23 01:15:26,041] [builder.py:2258]           [DEBUG]    | 1 posters found:                                                                                   |
[2022-11-23 01:15:26,041] [builder.py:2260]           [DEBUG]    | Method: url_poster Poster: https://theposterdb.com/api/assets/53057                                |
[2022-11-23 01:15:26,042] [builder.py:2327]           [INFO]     | No background collection detail or asset folder found                                              |
[2022-11-23 01:15:27,693] [library.py:145]            [INFO]     | Detail: url_poster updated poster to [URL] https://theposterdb.com/api/assets/53057                |
[2022-11-23 01:15:28,358] [plex_meta_manager.py:880]  [INFO]     |                                                                                                    |
[2022-11-23 01:15:28,359] [util.py:209]               [INFO]     |====================================================================================================|
[2022-11-23 01:15:28,359] [util.py:216]               [INFO]     |                                     Finished Crime Collection                                      |
[2022-11-23 01:15:28,359] [util.py:216]               [INFO]     |                                    Collection Run Time: 0:00:07                                    |
[2022-11-23 01:15:28,360] [util.py:220]               [INFO]     |====================================================================================================|
