[2022-10-28 01:16:49,139] [util.py:209]               [INFO]     |====================================================================================================|
[2022-10-28 01:16:49,140] [util.py:216]               [INFO]     |                           Celebrating French Cinema Collection in Movies                           |
[2022-10-28 01:16:49,140] [util.py:220]               [INFO]     |====================================================================================================|
[2022-10-28 01:16:49,141] [plex_meta_manager.py:750]  [INFO]     |                                                                                                    |
[2022-10-28 01:16:49,141] [util.py:216]               [INFO]     |========================= Validating Celebrating French Cinema Attributes ==========================|
[2022-10-28 01:16:49,141] [builder.py:265]            [DEBUG]    |                                                                                                    |
[2022-10-28 01:16:49,142] [builder.py:266]            [DEBUG]    | Validating Method: template                                                                        |
[2022-10-28 01:16:49,142] [meta.py:83]                [DEBUG]    | Value: ordereddict([('name', 'Holiday'), ('poster', './config/posters/paintings/french.jpg')])     |
[2022-10-28 01:16:49,142] [builder.py:273]            [DEBUG]    |                                                                                                    |
[2022-10-28 01:16:49,142] [builder.py:274]            [DEBUG]    | Validating Method: delete_not_scheduled                                                            |
[2022-10-28 01:16:49,143] [builder.py:275]            [DEBUG]    | Value: True                                                                                        |
[2022-10-28 01:16:49,143] [builder.py:279]            [DEBUG]    |                                                                                                    |
[2022-10-28 01:16:49,143] [builder.py:280]            [DEBUG]    | Validating Method: schedule                                                                        |
[2022-10-28 01:16:49,143] [builder.py:284]            [DEBUG]    | Value: range(08/06-08/12)                                                                          |
[2022-10-28 01:16:49,146] [plex.py:685]               [DEBUG]    | Looking for: Celebrating French Cinema                                                             |
[2022-10-28 01:16:49,147] [util.py:161]               [INFO]     |                                                                                                    |
[2022-10-28 01:16:49,147] [util.py:161]               [INFO]     | Scheduled between August 6th and August 12th                                                       |
[2022-10-28 01:16:49,148] [util.py:161]               [INFO]     |                                                                                                    |
[2022-10-28 01:16:49,149] [util.py:161]               [INFO]     | Collection Celebrating French Cinema not scheduled to run and could not be found to delete         |
[2022-10-28 01:16:49,149] [plex_meta_manager.py:880]  [INFO]     |                                                                                                    |
[2022-10-28 01:16:49,149] [util.py:209]               [INFO]     |====================================================================================================|
[2022-10-28 01:16:49,150] [util.py:216]               [INFO]     |                           Finished Celebrating French Cinema Collection                            |
[2022-10-28 01:16:49,150] [util.py:216]               [INFO]     |                                    Collection Run Time: 0:00:00                                    |
[2022-10-28 01:16:49,150] [util.py:220]               [INFO]     |====================================================================================================|
