[2022-06-25 01:01:56,774] [util.py:209]               [INFO]     |====================================================================================================|
[2022-06-25 01:01:56,774] [util.py:216]               [INFO]     |                                      Game Collection in Anime                                      |
[2022-06-25 01:01:56,774] [util.py:220]               [INFO]     |====================================================================================================|
[2022-06-25 01:01:56,775] [plex_meta_manager.py:750]  [INFO]     |                                                                                                    |
[2022-06-25 01:01:56,775] [util.py:216]               [INFO]     |==================================== Validating Game Attributes ====================================|
[2022-06-25 01:01:56,775] [builder.py:265]            [DEBUG]    |                                                                                                    |
[2022-06-25 01:01:56,776] [builder.py:266]            [DEBUG]    | Validating Method: template                                                                        |
[2022-06-25 01:01:56,776] [meta.py:83]                [DEBUG]    | Value: ordereddict([('name', 'MAL Genre'), ('genre_id', 11), ('poster', 'https://theposterdb.com/api/assets/213657')]) |
[2022-06-25 01:01:56,776] [builder.py:330]            [DEBUG]    |                                                                                                    |
[2022-06-25 01:01:56,776] [builder.py:331]            [DEBUG]    | Validating Method: sync_mode                                                                       |
[2022-06-25 01:01:56,776] [builder.py:335]            [DEBUG]    | Value: sync                                                                                        |
[2022-06-25 01:01:56,777] [builder.py:453]            [DEBUG]    |                                                                                                    |
[2022-06-25 01:01:56,777] [builder.py:454]            [DEBUG]    | Validating Method: collection_order                                                                |
[2022-06-25 01:01:56,777] [builder.py:455]            [DEBUG]    | Value: alpha                                                                                       |
[2022-06-25 01:01:56,777] [builder.py:472]            [DEBUG]    |                                                                                                    |
[2022-06-25 01:01:56,778] [builder.py:473]            [DEBUG]    | Validating Method: mal_genre                                                                       |
[2022-06-25 01:01:56,778] [builder.py:474]            [DEBUG]    | Value: {'genre_id': 11}                                                                            |
[2022-06-25 01:01:56,778] [builder.py:689]            [WARNING]  | Collection Warning: mal_genre limit attribute not found using 0 as default                         |
[2022-06-25 01:01:56,778] [builder.py:472]            [DEBUG]    |                                                                                                    |
[2022-06-25 01:01:56,778] [builder.py:473]            [DEBUG]    | Validating Method: url_poster                                                                      |
[2022-06-25 01:01:56,779] [builder.py:474]            [DEBUG]    | Value: https://theposterdb.com/api/assets/213657                                                   |
[2022-06-25 01:01:56,799] [builder.py:619]            [INFO]     |                                                                                                    |
[2022-06-25 01:01:56,799] [builder.py:620]            [INFO]     | Validation Successful                                                                              |
[2022-06-25 01:01:56,799] [plex_meta_manager.py:758]  [INFO]     |                                                                                                    |
[2022-06-25 01:01:56,800] [util.py:216]               [INFO]     |===================================== Running Game Collection ======================================|
[2022-06-25 01:01:56,800] [plex_meta_manager.py:773]  [INFO]     |                                                                                                    |
[2022-06-25 01:01:56,800] [plex_meta_manager.py:774]  [INFO]     | Sync Mode: sync                                                                                    |
[2022-06-25 01:01:56,800] [builder.py:1275]           [DEBUG]    |                                                                                                    |
[2022-06-25 01:01:56,800] [builder.py:1276]           [DEBUG]    | Builder: mal_genre: {'genre_id': 11, 'limit': 0}                                                   |
[2022-06-25 01:01:56,801] [builder.py:1277]           [INFO]     |                                                                                                    |
[2022-06-25 01:01:56,801] [mal.py:223]                [INFO]     | Processing MyAnimeList Genre ID: 11                                                                |
[2022-06-25 01:02:06,185] [mal.py:239]                [DEBUG]    |                                                                                                    |
[2022-06-25 01:02:06,185] [mal.py:240]                [DEBUG]    | 308 MyAnimeList IDs Found: [19815, 34933, 37086, 31646, 10800, 20031, 481, 35180, 3002, 550, 14397, 482, 50273, 35905, 10271, 43814, 22273, 135, 3972, 37379, 9981, 2156, 34034, 658, 5671, 24037, 34580, 1894, 10015, 28771, 5337, 21639, 33197, 34514, 9539, 2006, 12753, 6951, 38276, 48776, 7334, 10330, 34866, 20533, 8241, 15489, 10884, 15651, 16123, 36927, 2562, 38939, 34607, 37438, 13145, 645, 1685, 2832, 15611, 6425, 31675, 40881, 32152, 38897, 5458, 31280, 40940, 2108, 1316, 40145, 21729, 27815, 15989, 48777, 40506, 33690, 6946, 2789, 1835, 42516, 7463, 37476, 19067, 31196, 5298, 41521, 2336, 21835, 34077, 2109, 3369, 5725, 32802, 41105, 38250, 32772, 2110, 32906, 11177, 36022, 10765, 22377, 39622, 2713, 23991, 36083, 30039, 10301, 39244, 48633, 38784, 48862, 16574, 34013, 16576, 4667, 2287, 32084, 34939, 13143, 2111, 33997, 40129, 34961, 32785, 34725, 9346, 34836, 1964, 27737, 40167, 38154, 36440, 21595, 50607, 5082, 33541, 36637, 6901, 2786, 50060, 41283, 15547, 41405, 10869, 30292, 42174, 22099, 37739, 39473, 49154, 41842, 4444, 22735, 14913, 50869, 35635, 35265, 37684, 21523, 31846, 37611, 40143, 11017, 10528, 4524, 18391, 33776, 4563, 13303, 10526, 19825, 23063, 19877, 7395, 33755, 49819, 38361, 35465, 8664, 32670, 36447, 48391, 48555, 3669, 38386, 37096, 2702, 38211, 49567, 5235, 5151, 39067, 36639, 38916, 37857, 6062, 41137, 37124, 33708, 31410, 41191, 8968, 20999, 35541, 7960, 9282, 36642, 39295, 23825, 36643, 42486, 24675, 17291, 51013, 48810, 39465, 42797, 9650, 51778, 49820, 17991, 17295, 43565, 42890, 35625, 6981, 36624, 9424, 40375, 9952, 9822, 17989, 36018, 6579, 36112, 23511, 51263, 39464, 40395, 51155, 49370, 50815, 41296, 38471, 35542, 39856, 38857, 33698, 38627, 34936, 35543, 38603, 17469, 39707, 20087, 37752, 40042, 37263, 35643, 11203, 39498, 22755, 36640, 38534, 19839, 36662, 34005, 37404, 36638, 40301, 37753, 34847, 37876, 37750, 40015, 35545, 40484, 35453, 37749, 36954, 38535, 37751, 41019, 40283, 35621, 37028, 36641, 35527, 32254, 51862, 38765, 52079, 50282, 38538, 37069, 38537, 37168, 48762, 48350, 48349, 48763, 42922, 51125, 50703, 51920, 51621, 52009] |
[2022-06-25 01:02:06,186] [convert.py:78]             [ERROR]    | Convert Error: No TVDb ID or IMDb ID found for AniDB ID: 12407                                     |
[2022-06-25 01:02:06,187] [convert.py:78]             [ERROR]    | Convert Error: No TVDb ID or IMDb ID found for AniDB ID: 12659                                     |
[2022-06-25 01:02:06,188] [convert.py:100]            [ERROR]    | Convert Error: AniDB ID not found for MyAnimeList ID: 38939                                        |
[2022-06-25 01:02:06,188] [convert.py:100]            [ERROR]    | Convert Error: AniDB ID not found for MyAnimeList ID: 645                                          |
[2022-06-25 01:02:06,188] [convert.py:100]            [ERROR]    | Convert Error: AniDB ID not found for MyAnimeList ID: 31675                                        |
[2022-06-25 01:02:06,189] [convert.py:78]             [ERROR]    | Convert Error: No TVDb ID or IMDb ID found for AniDB ID: 14993                                     |
[2022-06-25 01:02:06,189] [convert.py:78]             [ERROR]    | Convert Error: No TVDb ID or IMDb ID found for AniDB ID: 12922                                     |
[2022-06-25 01:02:06,189] [convert.py:100]            [ERROR]    | Convert Error: AniDB ID not found for MyAnimeList ID: 5458                                         |
[2022-06-25 01:02:06,189] [convert.py:78]             [ERROR]    | Convert Error: No TVDb ID or IMDb ID found for AniDB ID: 3309                                      |
[2022-06-25 01:02:06,190] [convert.py:78]             [ERROR]    | Convert Error: No TVDb ID or IMDb ID found for AniDB ID: 15017                                     |
[2022-06-25 01:02:06,190] [convert.py:78]             [ERROR]    | Convert Error: No TVDb ID or IMDb ID found for AniDB ID: 10869                                     |
[2022-06-25 01:02:06,190] [convert.py:100]            [ERROR]    | Convert Error: AniDB ID not found for MyAnimeList ID: 15989                                        |
[2022-06-25 01:02:06,191] [convert.py:78]             [ERROR]    | Convert Error: No TVDb ID or IMDb ID found for AniDB ID: 9923                                      |
[2022-06-25 01:02:06,191] [convert.py:100]            [ERROR]    | Convert Error: AniDB ID not found for MyAnimeList ID: 5298                                         |
[2022-06-25 01:02:06,191] [convert.py:100]            [ERROR]    | Convert Error: AniDB ID not found for MyAnimeList ID: 2336                                         |
[2022-06-25 01:02:06,191] [convert.py:100]            [ERROR]    | Convert Error: AniDB ID not found for MyAnimeList ID: 41105                                        |
[2022-06-25 01:02:06,192] [convert.py:78]             [ERROR]    | Convert Error: No TVDb ID or IMDb ID found for AniDB ID: 14373                                     |
[2022-06-25 01:02:06,192] [convert.py:100]            [ERROR]    | Convert Error: AniDB ID not found for MyAnimeList ID: 10765                                        |
[2022-06-25 01:02:06,192] [convert.py:78]             [ERROR]    | Convert Error: No TVDb ID or IMDb ID found for AniDB ID: 14709                                     |
[2022-06-25 01:02:06,192] [convert.py:78]             [ERROR]    | Convert Error: No TVDb ID or IMDb ID found for AniDB ID: 13361                                     |
[2022-06-25 01:02:06,193] [convert.py:78]             [ERROR]    | Convert Error: No TVDb ID or IMDb ID found for AniDB ID: 11077                                     |
[2022-06-25 01:02:06,193] [convert.py:100]            [ERROR]    | Convert Error: AniDB ID not found for MyAnimeList ID: 10301                                        |
[2022-06-25 01:02:06,193] [convert.py:100]            [ERROR]    | Convert Error: AniDB ID not found for MyAnimeList ID: 39244                                        |
[2022-06-25 01:02:06,194] [convert.py:78]             [ERROR]    | Convert Error: No TVDb ID or IMDb ID found for AniDB ID: 16182                                     |
[2022-06-25 01:02:06,194] [convert.py:100]            [ERROR]    | Convert Error: AniDB ID not found for MyAnimeList ID: 38784                                        |
[2022-06-25 01:02:06,194] [convert.py:100]            [ERROR]    | Convert Error: AniDB ID not found for MyAnimeList ID: 16574                                        |
[2022-06-25 01:02:06,194] [convert.py:100]            [ERROR]    | Convert Error: AniDB ID not found for MyAnimeList ID: 16576                                        |
[2022-06-25 01:02:06,195] [convert.py:78]             [ERROR]    | Convert Error: No TVDb ID or IMDb ID found for AniDB ID: 11781                                     |
[2022-06-25 01:02:06,195] [convert.py:100]            [ERROR]    | Convert Error: AniDB ID not found for MyAnimeList ID: 34939                                        |
[2022-06-25 01:02:06,195] [convert.py:78]             [ERROR]    | Convert Error: No TVDb ID or IMDb ID found for AniDB ID: 9003                                      |
[2022-06-25 01:02:06,196] [convert.py:100]            [ERROR]    | Convert Error: AniDB ID not found for MyAnimeList ID: 33997                                        |
[2022-06-25 01:02:06,196] [convert.py:78]             [ERROR]    | Convert Error: No TVDb ID or IMDb ID found for AniDB ID: 12363                                     |
[2022-06-25 01:02:06,197] [convert.py:78]             [ERROR]    | Convert Error: No TVDb ID or IMDb ID found for AniDB ID: 12716                                     |
[2022-06-25 01:02:06,197] [convert.py:78]             [ERROR]    | Convert Error: No TVDb ID or IMDb ID found for AniDB ID: 7675                                      |
[2022-06-25 01:02:06,197] [convert.py:78]             [ERROR]    | Convert Error: No TVDb ID or IMDb ID found for AniDB ID: 12766                                     |
[2022-06-25 01:02:06,197] [convert.py:78]             [ERROR]    | Convert Error: No TVDb ID or IMDb ID found for AniDB ID: 11026                                     |
[2022-06-25 01:02:06,198] [convert.py:100]            [ERROR]    | Convert Error: AniDB ID not found for MyAnimeList ID: 40167                                        |
[2022-06-25 01:02:06,198] [convert.py:100]            [ERROR]    | Convert Error: AniDB ID not found for MyAnimeList ID: 38154                                        |
[2022-06-25 01:02:06,198] [convert.py:78]             [ERROR]    | Convert Error: No TVDb ID or IMDb ID found for AniDB ID: 13443                                     |
[2022-06-25 01:02:06,199] [convert.py:100]            [ERROR]    | Convert Error: AniDB ID not found for MyAnimeList ID: 21595                                        |
[2022-06-25 01:02:06,199] [convert.py:78]             [ERROR]    | Convert Error: No TVDb ID or IMDb ID found for AniDB ID: 17062                                     |
[2022-06-25 01:02:06,199] [convert.py:78]             [ERROR]    | Convert Error: No TVDb ID or IMDb ID found for AniDB ID: 6069                                      |
[2022-06-25 01:02:06,199] [convert.py:100]            [ERROR]    | Convert Error: AniDB ID not found for MyAnimeList ID: 36637                                        |
[2022-06-25 01:02:06,200] [convert.py:78]             [ERROR]    | Convert Error: No TVDb ID or IMDb ID found for AniDB ID: 6978                                      |
[2022-06-25 01:02:06,200] [convert.py:78]             [ERROR]    | Convert Error: No TVDb ID or IMDb ID found for AniDB ID: 16855                                     |
[2022-06-25 01:02:06,202] [convert.py:78]             [ERROR]    | Convert Error: No TVDb ID or IMDb ID found for AniDB ID: 15480                                     |
[2022-06-25 01:02:06,203] [convert.py:78]             [ERROR]    | Convert Error: No TVDb ID or IMDb ID found for AniDB ID: 9414                                      |
[2022-06-25 01:02:06,203] [convert.py:78]             [ERROR]    | Convert Error: No TVDb ID or IMDb ID found for AniDB ID: 15431                                     |
[2022-06-25 01:02:06,203] [convert.py:100]            [ERROR]    | Convert Error: AniDB ID not found for MyAnimeList ID: 30292                                        |
[2022-06-25 01:02:06,204] [convert.py:100]            [ERROR]    | Convert Error: AniDB ID not found for MyAnimeList ID: 42174                                        |
[2022-06-25 01:02:06,204] [convert.py:78]             [ERROR]    | Convert Error: No TVDb ID or IMDb ID found for AniDB ID: 10389                                     |
[2022-06-25 01:02:06,204] [convert.py:78]             [ERROR]    | Convert Error: No TVDb ID or IMDb ID found for AniDB ID: 14030                                     |
[2022-06-25 01:02:06,204] [convert.py:78]             [ERROR]    | Convert Error: No TVDb ID or IMDb ID found for AniDB ID: 14730                                     |
[2022-06-25 01:02:06,205] [convert.py:78]             [ERROR]    | Convert Error: No TVDb ID or IMDb ID found for AniDB ID: 16373                                     |
[2022-06-25 01:02:06,205] [convert.py:78]             [ERROR]    | Convert Error: No TVDb ID or IMDb ID found for AniDB ID: 15536                                     |
[2022-06-25 01:02:06,205] [convert.py:78]             [ERROR]    | Convert Error: No TVDb ID or IMDb ID found for AniDB ID: 10444                                     |
[2022-06-25 01:02:06,206] [convert.py:78]             [ERROR]    | Convert Error: No TVDb ID or IMDb ID found for AniDB ID: 9329                                      |
[2022-06-25 01:02:06,206] [convert.py:78]             [ERROR]    | Convert Error: No TVDb ID or IMDb ID found for AniDB ID: 17146                                     |
[2022-06-25 01:02:06,206] [convert.py:100]            [ERROR]    | Convert Error: AniDB ID not found for MyAnimeList ID: 35635                                        |
[2022-06-25 01:02:06,206] [convert.py:100]            [ERROR]    | Convert Error: AniDB ID not found for MyAnimeList ID: 35265                                        |
[2022-06-25 01:02:06,207] [convert.py:78]             [ERROR]    | Convert Error: No TVDb ID or IMDb ID found for AniDB ID: 14012                                     |
[2022-06-25 01:02:06,207] [convert.py:78]             [ERROR]    | Convert Error: No TVDb ID or IMDb ID found for AniDB ID: 9767                                      |
[2022-06-25 01:02:06,207] [convert.py:100]            [ERROR]    | Convert Error: AniDB ID not found for MyAnimeList ID: 31846                                        |
[2022-06-25 01:02:06,208] [convert.py:78]             [ERROR]    | Convert Error: No TVDb ID or IMDb ID found for AniDB ID: 13984                                     |
[2022-06-25 01:02:06,208] [convert.py:100]            [ERROR]    | Convert Error: AniDB ID not found for MyAnimeList ID: 40143                                        |
[2022-06-25 01:02:06,208] [convert.py:78]             [ERROR]    | Convert Error: No TVDb ID or IMDb ID found for AniDB ID: 8629                                      |
[2022-06-25 01:02:06,209] [convert.py:78]             [ERROR]    | Convert Error: No TVDb ID or IMDb ID found for AniDB ID: 10090                                     |
[2022-06-25 01:02:06,209] [convert.py:78]             [ERROR]    | Convert Error: No TVDb ID or IMDb ID found for AniDB ID: 12310                                     |
[2022-06-25 01:02:06,209] [convert.py:78]             [ERROR]    | Convert Error: No TVDb ID or IMDb ID found for AniDB ID: 4127                                      |
[2022-06-25 01:02:06,210] [convert.py:78]             [ERROR]    | Convert Error: No TVDb ID or IMDb ID found for AniDB ID: 9069                                      |
[2022-06-25 01:02:06,210] [convert.py:78]             [ERROR]    | Convert Error: No TVDb ID or IMDb ID found for AniDB ID: 10005                                     |
[2022-06-25 01:02:06,210] [convert.py:100]            [ERROR]    | Convert Error: AniDB ID not found for MyAnimeList ID: 23063                                        |
[2022-06-25 01:02:06,211] [convert.py:78]             [ERROR]    | Convert Error: No TVDb ID or IMDb ID found for AniDB ID: 9743                                      |
[2022-06-25 01:02:06,211] [convert.py:78]             [ERROR]    | Convert Error: No TVDb ID or IMDb ID found for AniDB ID: 10246                                     |
[2022-06-25 01:02:06,211] [convert.py:100]            [ERROR]    | Convert Error: AniDB ID not found for MyAnimeList ID: 33755                                        |
[2022-06-25 01:02:06,211] [convert.py:78]             [ERROR]    | Convert Error: No TVDb ID or IMDb ID found for AniDB ID: 16681                                     |
[2022-06-25 01:02:06,212] [convert.py:100]            [ERROR]    | Convert Error: AniDB ID not found for MyAnimeList ID: 38361                                        |
[2022-06-25 01:02:06,212] [convert.py:100]            [ERROR]    | Convert Error: AniDB ID not found for MyAnimeList ID: 35465                                        |
[2022-06-25 01:02:06,212] [convert.py:78]             [ERROR]    | Convert Error: No TVDb ID or IMDb ID found for AniDB ID: 8982                                      |
[2022-06-25 01:02:06,212] [convert.py:78]             [ERROR]    | Convert Error: No TVDb ID or IMDb ID found for AniDB ID: 11916                                     |
[2022-06-25 01:02:06,213] [convert.py:100]            [ERROR]    | Convert Error: AniDB ID not found for MyAnimeList ID: 36447                                        |
[2022-06-25 01:02:06,213] [convert.py:78]             [ERROR]    | Convert Error: No TVDb ID or IMDb ID found for AniDB ID: 16084                                     |
[2022-06-25 01:02:06,213] [convert.py:78]             [ERROR]    | Convert Error: No TVDb ID or IMDb ID found for AniDB ID: 16167                                     |
[2022-06-25 01:02:06,213] [convert.py:100]            [ERROR]    | Convert Error: AniDB ID not found for MyAnimeList ID: 38386                                        |
[2022-06-25 01:02:06,214] [convert.py:78]             [ERROR]    | Convert Error: No TVDb ID or IMDb ID found for AniDB ID: 4702                                      |
[2022-06-25 01:02:06,214] [convert.py:100]            [ERROR]    | Convert Error: AniDB ID not found for MyAnimeList ID: 38211                                        |
[2022-06-25 01:02:06,214] [convert.py:78]             [ERROR]    | Convert Error: No TVDb ID or IMDb ID found for AniDB ID: 16590                                     |
[2022-06-25 01:02:06,215] [convert.py:78]             [ERROR]    | Convert Error: No TVDb ID or IMDb ID found for AniDB ID: 6157                                      |
[2022-06-25 01:02:06,215] [convert.py:78]             [ERROR]    | Convert Error: No TVDb ID or IMDb ID found for AniDB ID: 5265                                      |
[2022-06-25 01:02:06,215] [convert.py:78]             [ERROR]    | Convert Error: No TVDb ID or IMDb ID found for AniDB ID: 14628                                     |
[2022-06-25 01:02:06,215] [convert.py:100]            [ERROR]    | Convert Error: AniDB ID not found for MyAnimeList ID: 36639                                        |
[2022-06-25 01:02:06,216] [convert.py:78]             [ERROR]    | Convert Error: No TVDb ID or IMDb ID found for AniDB ID: 14566                                     |
[2022-06-25 01:02:06,218] [convert.py:100]            [ERROR]    | Convert Error: AniDB ID not found for MyAnimeList ID: 37857                                        |
[2022-06-25 01:02:06,218] [convert.py:78]             [ERROR]    | Convert Error: No TVDb ID or IMDb ID found for AniDB ID: 7167                                      |
[2022-06-25 01:02:06,218] [convert.py:78]             [ERROR]    | Convert Error: No TVDb ID or IMDb ID found for AniDB ID: 15368                                     |
[2022-06-25 01:02:06,219] [convert.py:100]            [ERROR]    | Convert Error: AniDB ID not found for MyAnimeList ID: 37124                                        |
[2022-06-25 01:02:06,219] [convert.py:100]            [ERROR]    | Convert Error: AniDB ID not found for MyAnimeList ID: 33708                                        |
[2022-06-25 01:02:06,219] [convert.py:78]             [ERROR]    | Convert Error: No TVDb ID or IMDb ID found for AniDB ID: 11486                                     |
[2022-06-25 01:02:06,220] [convert.py:100]            [ERROR]    | Convert Error: AniDB ID not found for MyAnimeList ID: 41191                                        |
[2022-06-25 01:02:06,220] [convert.py:78]             [ERROR]    | Convert Error: No TVDb ID or IMDb ID found for AniDB ID: 11537                                     |
[2022-06-25 01:02:06,220] [convert.py:100]            [ERROR]    | Convert Error: AniDB ID not found for MyAnimeList ID: 20999                                        |
[2022-06-25 01:02:06,221] [convert.py:78]             [ERROR]    | Convert Error: No TVDb ID or IMDb ID found for AniDB ID: 13804                                     |
[2022-06-25 01:02:06,221] [convert.py:78]             [ERROR]    | Convert Error: No TVDb ID or IMDb ID found for AniDB ID: 4684                                      |
[2022-06-25 01:02:06,221] [convert.py:78]             [ERROR]    | Convert Error: No TVDb ID or IMDb ID found for AniDB ID: 7667                                      |
[2022-06-25 01:02:06,221] [convert.py:100]            [ERROR]    | Convert Error: AniDB ID not found for MyAnimeList ID: 36642                                        |
[2022-06-25 01:02:06,222] [convert.py:100]            [ERROR]    | Convert Error: AniDB ID not found for MyAnimeList ID: 39295                                        |
[2022-06-25 01:02:06,222] [convert.py:100]            [ERROR]    | Convert Error: AniDB ID not found for MyAnimeList ID: 23825                                        |
[2022-06-25 01:02:06,222] [convert.py:100]            [ERROR]    | Convert Error: AniDB ID not found for MyAnimeList ID: 36643                                        |
[2022-06-25 01:02:06,223] [convert.py:100]            [ERROR]    | Convert Error: AniDB ID not found for MyAnimeList ID: 42486                                        |
[2022-06-25 01:02:06,223] [convert.py:100]            [ERROR]    | Convert Error: AniDB ID not found for MyAnimeList ID: 24675                                        |
[2022-06-25 01:02:06,223] [convert.py:78]             [ERROR]    | Convert Error: No TVDb ID or IMDb ID found for AniDB ID: 4756                                      |
[2022-06-25 01:02:06,223] [convert.py:100]            [ERROR]    | Convert Error: AniDB ID not found for MyAnimeList ID: 51013                                        |
[2022-06-25 01:02:06,224] [convert.py:78]             [ERROR]    | Convert Error: No TVDb ID or IMDb ID found for AniDB ID: 16276                                     |
[2022-06-25 01:02:06,224] [convert.py:100]            [ERROR]    | Convert Error: AniDB ID not found for MyAnimeList ID: 39465                                        |
[2022-06-25 01:02:06,224] [convert.py:100]            [ERROR]    | Convert Error: AniDB ID not found for MyAnimeList ID: 42797                                        |
[2022-06-25 01:02:06,224] [convert.py:78]             [ERROR]    | Convert Error: No TVDb ID or IMDb ID found for AniDB ID: 7993                                      |
[2022-06-25 01:02:06,225] [convert.py:100]            [ERROR]    | Convert Error: AniDB ID not found for MyAnimeList ID: 51778                                        |
[2022-06-25 01:02:06,225] [convert.py:78]             [ERROR]    | Convert Error: No TVDb ID or IMDb ID found for AniDB ID: 16682                                     |
[2022-06-25 01:02:06,225] [convert.py:100]            [ERROR]    | Convert Error: AniDB ID not found for MyAnimeList ID: 17991                                        |
[2022-06-25 01:02:06,226] [convert.py:100]            [ERROR]    | Convert Error: AniDB ID not found for MyAnimeList ID: 17295                                        |
[2022-06-25 01:02:06,226] [convert.py:100]            [ERROR]    | Convert Error: AniDB ID not found for MyAnimeList ID: 43565                                        |
[2022-06-25 01:02:06,226] [convert.py:78]             [ERROR]    | Convert Error: No TVDb ID or IMDb ID found for AniDB ID: 15729                                     |
[2022-06-25 01:02:06,226] [convert.py:100]            [ERROR]    | Convert Error: AniDB ID not found for MyAnimeList ID: 35625                                        |
[2022-06-25 01:02:06,227] [convert.py:78]             [ERROR]    | Convert Error: No TVDb ID or IMDb ID found for AniDB ID: 3547                                      |
[2022-06-25 01:02:06,227] [convert.py:100]            [ERROR]    | Convert Error: AniDB ID not found for MyAnimeList ID: 36624                                        |
[2022-06-25 01:02:06,227] [convert.py:78]             [ERROR]    | Convert Error: No TVDb ID or IMDb ID found for AniDB ID: 12902                                     |
[2022-06-25 01:02:06,228] [convert.py:100]            [ERROR]    | Convert Error: AniDB ID not found for MyAnimeList ID: 40375                                        |
[2022-06-25 01:02:06,228] [convert.py:78]             [ERROR]    | Convert Error: No TVDb ID or IMDb ID found for AniDB ID: 14830                                     |
[2022-06-25 01:02:06,228] [convert.py:78]             [ERROR]    | Convert Error: No TVDb ID or IMDb ID found for AniDB ID: 4856                                      |
[2022-06-25 01:02:06,228] [convert.py:100]            [ERROR]    | Convert Error: AniDB ID not found for MyAnimeList ID: 17989                                        |
[2022-06-25 01:02:06,229] [convert.py:78]             [ERROR]    | Convert Error: No TVDb ID or IMDb ID found for AniDB ID: 13327                                     |
[2022-06-25 01:02:06,229] [convert.py:100]            [ERROR]    | Convert Error: AniDB ID not found for MyAnimeList ID: 6579                                         |
[2022-06-25 01:02:06,229] [convert.py:78]             [ERROR]    | Convert Error: No TVDb ID or IMDb ID found for AniDB ID: 13381                                     |
[2022-06-25 01:02:06,230] [convert.py:78]             [ERROR]    | Convert Error: No TVDb ID or IMDb ID found for AniDB ID: 10527                                     |
[2022-06-25 01:02:06,230] [convert.py:78]             [ERROR]    | Convert Error: No TVDb ID or IMDb ID found for AniDB ID: 17239                                     |
[2022-06-25 01:02:06,230] [convert.py:100]            [ERROR]    | Convert Error: AniDB ID not found for MyAnimeList ID: 39464                                        |
[2022-06-25 01:02:06,230] [convert.py:100]            [ERROR]    | Convert Error: AniDB ID not found for MyAnimeList ID: 40395                                        |
[2022-06-25 01:02:06,231] [convert.py:78]             [ERROR]    | Convert Error: No TVDb ID or IMDb ID found for AniDB ID: 17232                                     |
[2022-06-25 01:02:06,231] [convert.py:78]             [ERROR]    | Convert Error: No TVDb ID or IMDb ID found for AniDB ID: 16423                                     |
[2022-06-25 01:02:06,231] [convert.py:100]            [ERROR]    | Convert Error: AniDB ID not found for MyAnimeList ID: 50815                                        |
[2022-06-25 01:02:06,233] [convert.py:100]            [ERROR]    | Convert Error: AniDB ID not found for MyAnimeList ID: 41296                                        |
[2022-06-25 01:02:06,234] [convert.py:100]            [ERROR]    | Convert Error: AniDB ID not found for MyAnimeList ID: 38471                                        |
[2022-06-25 01:02:06,234] [convert.py:78]             [ERROR]    | Convert Error: No TVDb ID or IMDb ID found for AniDB ID: 13821                                     |
[2022-06-25 01:02:06,234] [convert.py:100]            [ERROR]    | Convert Error: AniDB ID not found for MyAnimeList ID: 39856                                        |
[2022-06-25 01:02:06,234] [convert.py:100]            [ERROR]    | Convert Error: AniDB ID not found for MyAnimeList ID: 38857                                        |
[2022-06-25 01:02:06,235] [convert.py:100]            [ERROR]    | Convert Error: AniDB ID not found for MyAnimeList ID: 33698                                        |
[2022-06-25 01:02:06,235] [convert.py:100]            [ERROR]    | Convert Error: AniDB ID not found for MyAnimeList ID: 38627                                        |
[2022-06-25 01:02:06,235] [convert.py:100]            [ERROR]    | Convert Error: AniDB ID not found for MyAnimeList ID: 34936                                        |
[2022-06-25 01:02:06,236] [convert.py:78]             [ERROR]    | Convert Error: No TVDb ID or IMDb ID found for AniDB ID: 13822                                     |
[2022-06-25 01:02:06,236] [convert.py:100]            [ERROR]    | Convert Error: AniDB ID not found for MyAnimeList ID: 38603                                        |
[2022-06-25 01:02:06,397] [convert.py:100]            [ERROR]    | Convert Error: AniDB ID not found for MyAnimeList ID: 39707                                        |
[2022-06-25 01:02:06,397] [convert.py:78]             [ERROR]    | Convert Error: No TVDb ID or IMDb ID found for AniDB ID: 6629                                      |
[2022-06-25 01:02:06,398] [convert.py:78]             [ERROR]    | Convert Error: No TVDb ID or IMDb ID found for AniDB ID: 13827                                     |
[2022-06-25 01:02:06,398] [convert.py:100]            [ERROR]    | Convert Error: AniDB ID not found for MyAnimeList ID: 40042                                        |
[2022-06-25 01:02:06,399] [convert.py:78]             [ERROR]    | Convert Error: No TVDb ID or IMDb ID found for AniDB ID: 13785                                     |
[2022-06-25 01:02:06,399] [convert.py:100]            [ERROR]    | Convert Error: AniDB ID not found for MyAnimeList ID: 35643                                        |
[2022-06-25 01:02:06,399] [convert.py:78]             [ERROR]    | Convert Error: No TVDb ID or IMDb ID found for AniDB ID: 4660                                      |
[2022-06-25 01:02:06,399] [convert.py:100]            [ERROR]    | Convert Error: AniDB ID not found for MyAnimeList ID: 39498                                        |
[2022-06-25 01:02:06,400] [convert.py:78]             [ERROR]    | Convert Error: No TVDb ID or IMDb ID found for AniDB ID: 10394                                     |
[2022-06-25 01:02:06,400] [convert.py:100]            [ERROR]    | Convert Error: AniDB ID not found for MyAnimeList ID: 36640                                        |
[2022-06-25 01:02:06,400] [convert.py:100]            [ERROR]    | Convert Error: AniDB ID not found for MyAnimeList ID: 38534                                        |
[2022-06-25 01:02:06,400] [convert.py:78]             [ERROR]    | Convert Error: No TVDb ID or IMDb ID found for AniDB ID: 14862                                     |
[2022-06-25 01:02:06,401] [convert.py:78]             [ERROR]    | Convert Error: No TVDb ID or IMDb ID found for AniDB ID: 14048                                     |
[2022-06-25 01:02:06,401] [convert.py:100]            [ERROR]    | Convert Error: AniDB ID not found for MyAnimeList ID: 34005                                        |
[2022-06-25 01:02:06,401] [convert.py:100]            [ERROR]    | Convert Error: AniDB ID not found for MyAnimeList ID: 37404                                        |
[2022-06-25 01:02:06,402] [convert.py:100]            [ERROR]    | Convert Error: AniDB ID not found for MyAnimeList ID: 36638                                        |
[2022-06-25 01:02:06,402] [convert.py:100]            [ERROR]    | Convert Error: AniDB ID not found for MyAnimeList ID: 40301                                        |
[2022-06-25 01:02:06,402] [convert.py:100]            [ERROR]    | Convert Error: AniDB ID not found for MyAnimeList ID: 37753                                        |
[2022-06-25 01:02:06,403] [convert.py:100]            [ERROR]    | Convert Error: AniDB ID not found for MyAnimeList ID: 34847                                        |
[2022-06-25 01:02:06,403] [convert.py:100]            [ERROR]    | Convert Error: AniDB ID not found for MyAnimeList ID: 37876                                        |
[2022-06-25 01:02:06,403] [convert.py:78]             [ERROR]    | Convert Error: No TVDb ID or IMDb ID found for AniDB ID: 13823                                     |
[2022-06-25 01:02:06,404] [convert.py:100]            [ERROR]    | Convert Error: AniDB ID not found for MyAnimeList ID: 40015                                        |
[2022-06-25 01:02:06,404] [convert.py:78]             [ERROR]    | Convert Error: No TVDb ID or IMDb ID found for AniDB ID: 13825                                     |
[2022-06-25 01:02:06,404] [convert.py:100]            [ERROR]    | Convert Error: AniDB ID not found for MyAnimeList ID: 40484                                        |
[2022-06-25 01:02:06,405] [convert.py:100]            [ERROR]    | Convert Error: AniDB ID not found for MyAnimeList ID: 35453                                        |
[2022-06-25 01:02:06,405] [convert.py:78]             [ERROR]    | Convert Error: No TVDb ID or IMDb ID found for AniDB ID: 13828                                     |
[2022-06-25 01:02:06,405] [convert.py:100]            [ERROR]    | Convert Error: AniDB ID not found for MyAnimeList ID: 36954                                        |
[2022-06-25 01:02:06,406] [convert.py:100]            [ERROR]    | Convert Error: AniDB ID not found for MyAnimeList ID: 38535                                        |
[2022-06-25 01:02:06,406] [convert.py:78]             [ERROR]    | Convert Error: No TVDb ID or IMDb ID found for AniDB ID: 13824                                     |
[2022-06-25 01:02:06,406] [convert.py:100]            [ERROR]    | Convert Error: AniDB ID not found for MyAnimeList ID: 41019                                        |
[2022-06-25 01:02:06,406] [convert.py:100]            [ERROR]    | Convert Error: AniDB ID not found for MyAnimeList ID: 40283                                        |
[2022-06-25 01:02:06,407] [convert.py:100]            [ERROR]    | Convert Error: AniDB ID not found for MyAnimeList ID: 35621                                        |
[2022-06-25 01:02:06,407] [convert.py:100]            [ERROR]    | Convert Error: AniDB ID not found for MyAnimeList ID: 37028                                        |
[2022-06-25 01:02:06,407] [convert.py:100]            [ERROR]    | Convert Error: AniDB ID not found for MyAnimeList ID: 36641                                        |
[2022-06-25 01:02:06,408] [convert.py:78]             [ERROR]    | Convert Error: No TVDb ID or IMDb ID found for AniDB ID: 8580                                      |
[2022-06-25 01:02:06,408] [convert.py:78]             [ERROR]    | Convert Error: No TVDb ID or IMDb ID found for AniDB ID: 11776                                     |
[2022-06-25 01:02:06,408] [convert.py:100]            [ERROR]    | Convert Error: AniDB ID not found for MyAnimeList ID: 51862                                        |
[2022-06-25 01:02:06,408] [convert.py:100]            [ERROR]    | Convert Error: AniDB ID not found for MyAnimeList ID: 38765                                        |
[2022-06-25 01:02:06,409] [convert.py:100]            [ERROR]    | Convert Error: AniDB ID not found for MyAnimeList ID: 52079                                        |
[2022-06-25 01:02:06,409] [convert.py:78]             [ERROR]    | Convert Error: No TVDb ID or IMDb ID found for AniDB ID: 16952                                     |
[2022-06-25 01:02:06,409] [convert.py:100]            [ERROR]    | Convert Error: AniDB ID not found for MyAnimeList ID: 38538                                        |
[2022-06-25 01:02:06,410] [convert.py:100]            [ERROR]    | Convert Error: AniDB ID not found for MyAnimeList ID: 37069                                        |
[2022-06-25 01:02:06,410] [convert.py:100]            [ERROR]    | Convert Error: AniDB ID not found for MyAnimeList ID: 38537                                        |
[2022-06-25 01:02:06,410] [convert.py:100]            [ERROR]    | Convert Error: AniDB ID not found for MyAnimeList ID: 37168                                        |
[2022-06-25 01:02:06,410] [convert.py:100]            [ERROR]    | Convert Error: AniDB ID not found for MyAnimeList ID: 48762                                        |
[2022-06-25 01:02:06,411] [convert.py:100]            [ERROR]    | Convert Error: AniDB ID not found for MyAnimeList ID: 48350                                        |
[2022-06-25 01:02:06,411] [convert.py:100]            [ERROR]    | Convert Error: AniDB ID not found for MyAnimeList ID: 48349                                        |
[2022-06-25 01:02:06,411] [convert.py:100]            [ERROR]    | Convert Error: AniDB ID not found for MyAnimeList ID: 48763                                        |
[2022-06-25 01:02:06,411] [convert.py:100]            [ERROR]    | Convert Error: AniDB ID not found for MyAnimeList ID: 42922                                        |
[2022-06-25 01:02:06,412] [convert.py:100]            [ERROR]    | Convert Error: AniDB ID not found for MyAnimeList ID: 51125                                        |
[2022-06-25 01:02:06,412] [convert.py:100]            [ERROR]    | Convert Error: AniDB ID not found for MyAnimeList ID: 50703                                        |
[2022-06-25 01:02:06,412] [convert.py:100]            [ERROR]    | Convert Error: AniDB ID not found for MyAnimeList ID: 51920                                        |
[2022-06-25 01:02:06,413] [convert.py:78]             [ERROR]    | Convert Error: No TVDb ID or IMDb ID found for AniDB ID: 14333                                     |
[2022-06-25 01:02:06,413] [convert.py:100]            [ERROR]    | Convert Error: AniDB ID not found for MyAnimeList ID: 52009                                        |
[2022-06-25 01:02:06,413] [builder.py:1282]           [DEBUG]    |                                                                                                    |
[2022-06-25 01:02:06,413] [builder.py:1283]           [DEBUG]    | 103 IDs Found: [(278155, 'tvdb'), (327572, 'tvdb'), (327572, 'tvdb'), (306269, 'tvdb'), (251982, 'tvdb'), (276050, 'tvdb'), (76894, 'tvdb'), (306269, 'tvdb'), (81234, 'tvdb'), (113561, 'tvdb'), (251982, 'tvdb'), (76113, 'tvdb'), (412031, 'tvdb'), (336406, 'tvdb'), (81234, 'tvdb'), (391736, 'tvdb'), (278327, 'tvdb'), (72905, 'tvdb'), (84911, 'tvdb'), (251982, 'tvdb'), (252423, 'tvdb'), (82832, 'tvdb'), (81935, 'tvdb'), (87841, 'tvdb'), (278327, 'tvdb'), (328826, 'tvdb'), (11052, 'tmdb'), (248049, 'tvdb'), (366170, 'tmdb'), (82832, 'tvdb'), (278975, 'tvdb'), (317206, 'tvdb'), (316998, 'tvdb'), (245821, 'tvdb'), (113561, 'tvdb'), (252423, 'tvdb'), (72013, 'tmdb'), (366702, 'tvdb'), (401918, 'tvdb'), (82832, 'tvdb'), (82832, 'tvdb'), (275578, 'tvdb'), (218531, 'tvdb'), (248049, 'tvdb'), (87841, 'tvdb'), (252423, 'tvdb'), (87841, 'tvdb'), (494407, 'tmdb'), (81145, 'tvdb'), (317206, 'tvdb'), (349993, 'tvdb'), (245821, 'tvdb'), (261667, 'tvdb'), (84893, 'tvdb'), (245821, 'tvdb'), (141691, 'tvdb'), (269319, 'tvdb'), (278327, 'tvdb'), (375295, 'tvdb'), (73820, 'tvdb'), (245821, 'tvdb'), (401918, 'tvdb'), (378522, 'tvdb'), (315099, 'tvdb'), (202751, 'tvdb'), (75939, 'tvdb'), (181701, 'tvdb'), (400398, 'tvdb'), (141691, 'tvdb'), (245821, 'tvdb'), (245821, 'tvdb'), (389082, 'tvdb'), (278269, 'tvdb'), (245821, 'tvdb'), (75097, 'tvdb'), (232991, 'tvdb'), (85329, 'tvdb'), (245821, 'tvdb'), (308036, 'tvdb'), (248903, 'tvdb'), (309151, 'tvdb'), (259636, 'tvdb'), (245821, 'tvdb'), (278212, 'tvdb'), (248903, 'tvdb'), (245821, 'tvdb'), (400398, 'tvdb'), (683236, 'tvdb'), (75939, 'tvdb'), (80623, 'tvdb'), (87073, 'tmdb'), (374471, 'tvdb'), (277063, 'tvdb'), (84527, 'tvdb'), (309151, 'tvdb'), (251458, 'tvdb'), (262502, 'tvdb'), (261667, 'tvdb'), (261667, 'tvdb'), (13273, 'tmdb'), (261667, 'tvdb'), (261667, 'tvdb'), (345377, 'tvdb')] |
[2022-06-25 01:02:06,414] [builder.py:1284]           [DEBUG]    |                                                                                                    |
[2022-06-25 01:02:06,426] [builder.py:1697]           [INFO]     |                                                                                                    |
[2022-06-25 01:02:06,426] [util.py:216]               [INFO]     |==================================== Adding to Game Collection =====================================|
[2022-06-25 01:02:06,426] [builder.py:1699]           [INFO]     |                                                                                                    |
[2022-06-25 01:02:06,427] [builder.py:1709]           [INFO]     | 1/1 | Game Collection | = | Tomodachi Game                                                         |
[2022-06-25 01:02:06,427] [builder.py:1734]           [INFO]     |                                                                                                    |
[2022-06-25 01:02:06,427] [builder.py:1735]           [INFO]     | 1 Show Processed                                                                                   |
[2022-06-25 01:02:06,428] [builder.py:1929]           [INFO]     |                                                                                                    |
[2022-06-25 01:02:06,428] [util.py:216]               [INFO]     |================================ Missing Movies from Library: Game =================================|
[2022-06-25 01:02:06,428] [builder.py:1931]           [INFO]     |                                                                                                    |
[2022-06-25 01:02:06,593] [builder.py:1943]           [INFO]     | Game Collection | ? | Yu-Gi-Oh! The Movie (2004) (TMDb: 11052)                                     |
[2022-06-25 01:02:06,744] [builder.py:1943]           [INFO]     | Game Collection | ? | Yu-Gi-Oh!: The Dark Side of Dimensions (2016) (TMDb: 366170)                 |
[2022-06-25 01:02:06,901] [builder.py:1943]           [INFO]     | Game Collection | ? | Yu-Gi-Oh!: Bonds Beyond Time (2010) (TMDb: 72013)                            |
[2022-06-25 01:02:07,058] [builder.py:1943]           [INFO]     | Game Collection | ? | Pokémon the Movie: The Power of Us (2018) (TMDb: 494407)                     |
[2022-06-25 01:02:07,218] [builder.py:1943]           [INFO]     | Game Collection | ? | Rockman.EXE: The Program of Light and Darkness (2005) (TMDb: 87073)          |
[2022-06-25 01:02:07,412] [builder.py:1943]           [INFO]     | Game Collection | ? | Shenmue: The Movie (2001) (TMDb: 13273)                                      |
[2022-06-25 01:02:07,412] [builder.py:1947]           [INFO]     |                                                                                                    |
[2022-06-25 01:02:07,413] [builder.py:1948]           [INFO]     | 6 Movies Missing                                                                                   |
[2022-06-25 01:02:07,431] [builder.py:1969]           [INFO]     |                                                                                                    |
[2022-06-25 01:02:07,432] [util.py:216]               [INFO]     |================================= Missing Shows from Library: Game =================================|
[2022-06-25 01:02:07,432] [builder.py:1971]           [INFO]     |                                                                                                    |
[2022-06-25 01:02:07,686] [builder.py:1982]           [INFO]     | Game Collection | ? | No Game, No Life (TVDB: 278155)                                              |
[2022-06-25 01:02:08,013] [builder.py:1982]           [INFO]     | Game Collection | ? | Kakegurui (TVDB: 327572)                                                     |
[2022-06-25 01:02:08,274] [builder.py:1982]           [INFO]     | Game Collection | ? | March Comes in Like a Lion (TVDB: 306269)                                    |
[2022-06-25 01:02:08,560] [builder.py:1982]           [INFO]     | Game Collection | ? | Chihayafuru (TVDB: 251982)                                                   |
[2022-06-25 01:02:08,841] [builder.py:1982]           [INFO]     | Game Collection | ? | D-Frag! (TVDB: 276050)                                                       |
[2022-06-25 01:02:09,187] [builder.py:1982]           [INFO]     | Game Collection | ? | Yu-Gi-Oh! Duel Monsters (TVDB: 76894)                                        |
[2022-06-25 01:02:09,509] [builder.py:1982]           [INFO]     | Game Collection | ? | Kaiji (TVDB: 81234)                                                          |
[2022-06-25 01:02:09,739] [builder.py:1982]           [INFO]     | Game Collection | ? | Yu-Gi-Oh! (TVDB: 113561)                                                     |
[2022-06-25 01:02:10,038] [builder.py:1982]           [INFO]     | Game Collection | ? | Yu-Gi-Oh! GX (TVDB: 76113)                                                   |
[2022-06-25 01:02:10,321] [builder.py:1982]           [INFO]     | Game Collection | ? | The Ryuo's Work is Never Done! (TVDB: 336406)                                |
[2022-06-25 01:02:10,549] [builder.py:1982]           [INFO]     | Game Collection | ? | Battle Game in 5 Seconds (TVDB: 391736)                                      |
[2022-06-25 01:02:10,766] [builder.py:1982]           [INFO]     | Game Collection | ? | Selector Infected Wixoss (TVDB: 278327)                                      |
[2022-06-25 01:02:11,124] [builder.py:1982]           [INFO]     | Game Collection | ? | Hikaru no Go (TVDB: 72905)                                                   |
[2022-06-25 01:02:11,429] [builder.py:1982]           [INFO]     | Game Collection | ? | Yu-Gi-Oh! 5D's (TVDB: 84911)                                                 |
[2022-06-25 01:02:11,671] [builder.py:1982]           [INFO]     | Game Collection | ? | Phi-Brain ~ Puzzle of God (TVDB: 252423)                                     |
[2022-06-25 01:02:11,947] [builder.py:1982]           [INFO]     | Game Collection | ? | Bakugan Battle Brawlers (TVDB: 82832)                                        |
[2022-06-25 01:02:12,134] [builder.py:1982]           [INFO]     | Game Collection | ? | Akagi (TVDB: 81935)                                                          |
[2022-06-25 01:02:12,409] [builder.py:1982]           [INFO]     | Game Collection | ? | Saki (TVDB: 87841)                                                           |
[2022-06-25 01:02:12,636] [builder.py:1982]           [INFO]     | Game Collection | ? | 7O3X Fastest Finger First (TVDB: 328826)                                     |
[2022-06-25 01:02:12,909] [builder.py:1982]           [INFO]     | Game Collection | ? | Yu-Gi-Oh! Zexal (TVDB: 248049)                                               |
[2022-06-25 01:02:13,160] [builder.py:1982]           [INFO]     | Game Collection | ? | Yu-Gi-Oh! Arc-V (TVDB: 278975)                                               |
[2022-06-25 01:02:13,419] [builder.py:1982]           [INFO]     | Game Collection | ? | Lostorage incited WIXOSS (TVDB: 317206)                                      |
[2022-06-25 01:02:13,619] [builder.py:1982]           [INFO]     | Game Collection | ? | Pokémon Generations (TVDB: 316998)                                           |
[2022-06-25 01:02:14,307] [builder.py:1982]           [INFO]     | Game Collection | ? | Cardfight!! Vanguard (TVDB: 245821)                                          |
[2022-06-25 01:02:14,518] [builder.py:1982]           [INFO]     | Game Collection | ? | After School Dice Club (TVDB: 366702)                                        |
[2022-06-25 01:02:14,779] [builder.py:1982]           [INFO]     | Game Collection | ? | Build-Divide (TVDB: 401918)                                                  |
[2022-06-25 01:02:14,966] [builder.py:1982]           [INFO]     | Game Collection | ? | Z/X: Ignition (TVDB: 275578)                                                 |
[2022-06-25 01:02:15,249] [builder.py:1982]           [INFO]     | Game Collection | ? | Rio - Rainbow Gate! (TVDB: 218531)                                           |
[2022-06-25 01:02:15,509] [builder.py:1982]           [INFO]     | Game Collection | ? | Shion no Ou (TVDB: 81145)                                                    |
[2022-06-25 01:02:15,689] [builder.py:1982]           [INFO]     | Game Collection | ? | Ingress: The Animation (TVDB: 349993)                                        |
[2022-06-25 01:02:16,166] [builder.py:1982]           [INFO]     | Game Collection | ? | Duel Masters (TVDB: 261667)                                                  |
[2022-06-25 01:02:16,399] [builder.py:1982]           [INFO]     | Game Collection | ? | Ani*Kuri15 (TVDB: 84893)                                                     |
[2022-06-25 01:02:16,474] [builder.py:1977]           [ERROR]    | TVDb Error: Could not find a TVDb Series using TVDb Series ID: 141691                              |
[2022-06-25 01:02:16,879] [builder.py:1982]           [INFO]     | Game Collection | ? | Fate/kaleid liner Prisma Illya (TVDB: 269319)                                |
[2022-06-25 01:02:17,117] [builder.py:1982]           [INFO]     | Game Collection | ? | Zenonzard: The Animation (TVDB: 375295)                                      |
[2022-06-25 01:02:17,325] [builder.py:1982]           [INFO]     | Game Collection | ? | Rockman EXE Axess (TVDB: 73820)                                              |
[2022-06-25 01:02:17,747] [builder.py:1982]           [INFO]     | Game Collection | ? | Shadowverse (TVDB: 378522)                                                   |
[2022-06-25 01:02:17,987] [builder.py:1982]           [INFO]     | Game Collection | ? | Nazotokine (TVDB: 315099)                                                    |
[2022-06-25 01:02:18,185] [builder.py:1982]           [INFO]     | Game Collection | ? | The Legend of Koizumi (TVDB: 202751)                                         |
[2022-06-25 01:02:18,402] [builder.py:1982]           [INFO]     | Game Collection | ? | Battle B-Daman (TVDB: 75939)                                                 |
[2022-06-25 01:02:18,640] [builder.py:1982]           [INFO]     | Game Collection | ? | Mega Man Star Force (TVDB: 181701)                                           |
[2022-06-25 01:02:18,873] [builder.py:1982]           [INFO]     | Game Collection | ? | Cardfight!! Vanguard overDress (TVDB: 400398)                                |
[2022-06-25 01:02:19,109] [builder.py:1982]           [INFO]     | Game Collection | ? | Wixoss Diva(A)Live (TVDB: 389082)                                            |
[2022-06-25 01:02:19,332] [builder.py:1982]           [INFO]     | Game Collection | ? | Majin Bone (TVDB: 278269)                                                    |
[2022-06-25 01:02:19,554] [builder.py:1982]           [INFO]     | Game Collection | ? | Rockman EXE Stream (TVDB: 75097)                                             |
[2022-06-25 01:02:19,776] [builder.py:1982]           [INFO]     | Game Collection | ? | Legendary Gambler Tetsuya (TVDB: 232991)                                     |
[2022-06-25 01:02:19,993] [builder.py:1982]           [INFO]     | Game Collection | ? | Dinosaur King (TVDB: 85329)                                                  |
[2022-06-25 01:02:20,210] [builder.py:1982]           [INFO]     | Game Collection | ? | Puzzle & Dragons Cross (TVDB: 308036)                                        |
[2022-06-25 01:02:20,394] [builder.py:1982]           [INFO]     | Game Collection | ? | Rockman EXE Beast (TVDB: 248903)                                             |
[2022-06-25 01:02:20,631] [builder.py:1982]           [INFO]     | Game Collection | ? | Bishoujo Yuugi Unit Crane Game Girls (TVDB: 309151)                          |
[2022-06-25 01:02:20,848] [builder.py:1982]           [INFO]     | Game Collection | ? | Muv-Luv Alternative: Total Eclipse (TVDB: 259636)                            |
[2022-06-25 01:02:21,042] [builder.py:1982]           [INFO]     | Game Collection | ? | Wonder Momo (TVDB: 278212)                                                   |
[2022-06-25 01:02:21,159] [builder.py:1977]           [ERROR]    | TVDb Error: Could not find a TVDb Series using TVDb Series ID: 683236                              |
[2022-06-25 01:02:21,357] [builder.py:1982]           [INFO]     | Game Collection | ? | Fighting Foodons (TVDB: 80623)                                               |
[2022-06-25 01:02:21,563] [builder.py:1982]           [INFO]     | Game Collection | ? | Rebirth for You (TVDB: 374471)                                               |
[2022-06-25 01:02:21,924] [builder.py:1982]           [INFO]     | Game Collection | ? | Future Card Buddyfight (TVDB: 277063)                                        |
[2022-06-25 01:02:22,179] [builder.py:1982]           [INFO]     | Game Collection | ? | Sakura Wars (OVA) (TVDB: 84527)                                              |
[2022-06-25 01:02:22,344] [builder.py:1982]           [INFO]     | Game Collection | ? | BakéGyamon (TVDB: 251458)                                                    |
[2022-06-25 01:02:22,563] [builder.py:1982]           [INFO]     | Game Collection | ? | Scan2Go (TVDB: 262502)                                                       |
[2022-06-25 01:02:22,778] [builder.py:1982]           [INFO]     | Game Collection | ? | Puzzle & Dragon (TVDB: 345377)                                               |
[2022-06-25 01:02:22,778] [builder.py:1986]           [INFO]     |                                                                                                    |
[2022-06-25 01:02:22,779] [builder.py:1987]           [INFO]     | 58 Shows Missing                                                                                   |
[2022-06-25 01:02:22,801] [builder.py:2147]           [INFO]     |                                                                                                    |
[2022-06-25 01:02:22,802] [util.py:216]               [INFO]     |=============================== Updating Details of Game Collection ================================|
[2022-06-25 01:02:22,802] [builder.py:2149]           [INFO]     |                                                                                                    |
[2022-06-25 01:02:22,803] [builder.py:2258]           [DEBUG]    | 1 posters found:                                                                                   |
[2022-06-25 01:02:22,803] [builder.py:2260]           [DEBUG]    | Method: url_poster Poster: https://theposterdb.com/api/assets/213657                               |
[2022-06-25 01:02:22,803] [builder.py:2327]           [INFO]     | No background collection detail or asset folder found                                              |
[2022-06-25 01:02:22,804] [library.py:147]            [INFO]     | Detail: poster update not needed                                                                   |
[2022-06-25 01:02:22,821] [plex_meta_manager.py:880]  [INFO]     |                                                                                                    |
[2022-06-25 01:02:22,822] [util.py:209]               [INFO]     |====================================================================================================|
[2022-06-25 01:02:22,822] [util.py:216]               [INFO]     |                                      Finished Game Collection                                      |
[2022-06-25 01:02:22,822] [util.py:216]               [INFO]     |                                    Collection Run Time: 0:00:26                                    |
[2022-06-25 01:02:22,823] [util.py:220]               [INFO]     |====================================================================================================|
