[2022-11-06 12:47:32,089] [util.py:209]               [INFO]     |====================================================================================================|
[2022-11-06 12:47:32,089] [util.py:216]               [INFO]     |                                    Syfy Collection in TV Shows                                     |
[2022-11-06 12:47:32,090] [util.py:220]               [INFO]     |====================================================================================================|
[2022-11-06 12:47:32,090] [plex_meta_manager.py:750]  [INFO]     |                                                                                                    |
[2022-11-06 12:47:32,098] [util.py:216]               [INFO]     |==================================== Validating Syfy Attributes ====================================|
[2022-11-06 12:47:32,098] [builder.py:265]            [DEBUG]    |                                                                                                    |
[2022-11-06 12:47:32,098] [builder.py:266]            [DEBUG]    | Validating Method: template                                                                        |
[2022-11-06 12:47:32,098] [meta.py:83]                [DEBUG]    | Value: ordereddict([('name', 'network'), ('network', '77, 3701'), ('poster', 'https://theposterdb.com/api/assets/193549')]) |
[2022-11-06 12:47:32,099] [builder.py:330]            [DEBUG]    |                                                                                                    |
[2022-11-06 12:47:32,099] [builder.py:331]            [DEBUG]    | Validating Method: sync_mode                                                                       |
[2022-11-06 12:47:32,099] [builder.py:335]            [DEBUG]    | Value: sync                                                                                        |
[2022-11-06 12:47:32,100] [builder.py:453]            [DEBUG]    |                                                                                                    |
[2022-11-06 12:47:32,100] [builder.py:454]            [DEBUG]    | Validating Method: collection_order                                                                |
[2022-11-06 12:47:32,100] [builder.py:455]            [DEBUG]    | Value: alpha                                                                                       |
[2022-11-06 12:47:32,100] [builder.py:472]            [DEBUG]    |                                                                                                    |
[2022-11-06 12:47:32,100] [builder.py:473]            [DEBUG]    | Validating Method: tmdb_network                                                                    |
[2022-11-06 12:47:32,101] [builder.py:474]            [DEBUG]    | Value: 77, 3701                                                                                    |
[2022-11-06 12:47:32,325] [builder.py:472]            [DEBUG]    |                                                                                                    |
[2022-11-06 12:47:32,326] [builder.py:473]            [DEBUG]    | Validating Method: url_poster                                                                      |
[2022-11-06 12:47:32,326] [builder.py:474]            [DEBUG]    | Value: https://theposterdb.com/api/assets/193549                                                   |
[2022-11-06 12:47:32,326] [builder.py:472]            [DEBUG]    |                                                                                                    |
[2022-11-06 12:47:32,327] [builder.py:473]            [DEBUG]    | Validating Method: sort_title                                                                      |
[2022-11-06 12:47:32,327] [builder.py:474]            [DEBUG]    | Value: +2_Syfy                                                                                     |
[2022-11-06 12:47:32,389] [builder.py:619]            [INFO]     |                                                                                                    |
[2022-11-06 12:47:32,389] [builder.py:620]            [INFO]     | Validation Successful                                                                              |
[2022-11-06 12:47:32,390] [plex_meta_manager.py:758]  [INFO]     |                                                                                                    |
[2022-11-06 12:47:32,390] [util.py:216]               [INFO]     |===================================== Running Syfy Collection ======================================|
[2022-11-06 12:47:32,390] [plex_meta_manager.py:773]  [INFO]     |                                                                                                    |
[2022-11-06 12:47:32,390] [plex_meta_manager.py:774]  [INFO]     | Sync Mode: sync                                                                                    |
[2022-11-06 12:47:32,391] [builder.py:1275]           [DEBUG]    |                                                                                                    |
[2022-11-06 12:47:32,391] [builder.py:1276]           [DEBUG]    | Builder: tmdb_network: 77                                                                          |
[2022-11-06 12:47:32,391] [builder.py:1277]           [INFO]     |                                                                                                    |
[2022-11-06 12:47:33,518] [tmdb.py:282]               [INFO]     | Processing TMDb Network: (77) Syfy (153 Shows)                                                     |
[2022-11-06 12:47:33,518] [builder.py:1282]           [DEBUG]    |                                                                                                    |
[2022-11-06 12:47:33,519] [builder.py:1283]           [DEBUG]    | 153 IDs Found: [(90462, 'tmdb_show'), (4629, 'tmdb_show'), (4271, 'tmdb_show'), (65820, 'tmdb_show'), (1972, 'tmdb_show'), (2290, 'tmdb_show'), (63639, 'tmdb_show'), (61345, 'tmdb_show'), (96580, 'tmdb_show'), (15819, 'tmdb_show'), (31991, 'tmdb_show'), (129897, 'tmdb_show'), (64432, 'tmdb_show'), (33001, 'tmdb_show'), (60948, 'tmdb_show'), (4620, 'tmdb_show'), (1649, 'tmdb_show'), (65988, 'tmdb_show'), (33852, 'tmdb_show'), (60685, 'tmdb_show'), (60556, 'tmdb_show'), (21561, 'tmdb_show'), (51704, 'tmdb_show'), (62413, 'tmdb_show'), (75663, 'tmdb_show'), (1952, 'tmdb_show'), (5148, 'tmdb_show'), (2203, 'tmdb_show'), (71340, 'tmdb_show'), (1310, 'tmdb_show'), (62425, 'tmdb_show'), (2188, 'tmdb_show'), (67752, 'tmdb_show'), (72339, 'tmdb_show'), (19566, 'tmdb_show'), (877, 'tmdb_show'), (58811, 'tmdb_show'), (39362, 'tmdb_show'), (9156, 'tmdb_show'), (2118, 'tmdb_show'), (9026, 'tmdb_show'), (60741, 'tmdb_show'), (72752, 'tmdb_show'), (71365, 'tmdb_show'), (35370, 'tmdb_show'), (32022, 'tmdb_show'), (12584, 'tmdb_show'), (443, 'tmdb_show'), (3868, 'tmdb_show'), (43720, 'tmdb_show'), (1890, 'tmdb_show'), (67684, 'tmdb_show'), (40919, 'tmdb_show'), (4372, 'tmdb_show'), (1549, 'tmdb_show'), (63647, 'tmdb_show'), (351, 'tmdb_show'), (2432, 'tmdb_show'), (78183, 'tmdb_show'), (4735, 'tmdb_show'), (1225, 'tmdb_show'), (4955, 'tmdb_show'), (6323, 'tmdb_show'), (41327, 'tmdb_show'), (71693, 'tmdb_show'), (67439, 'tmdb_show'), (74104, 'tmdb_show'), (43069, 'tmdb_show'), (2762, 'tmdb_show'), (1259, 'tmdb_show'), (13278, 'tmdb_show'), (14058, 'tmdb_show'), (65551, 'tmdb_show'), (4793, 'tmdb_show'), (155437, 'tmdb_show'), (4585, 'tmdb_show'), (62229, 'tmdb_show'), (4131, 'tmdb_show'), (15741, 'tmdb_show'), (6279, 'tmdb_show'), (12881, 'tmdb_show'), (4706, 'tmdb_show'), (33168, 'tmdb_show'), (99412, 'tmdb_show'), (37939, 'tmdb_show'), (86269, 'tmdb_show'), (31768, 'tmdb_show'), (3894, 'tmdb_show'), (10229, 'tmdb_show'), (73381, 'tmdb_show'), (3574, 'tmdb_show'), (44818, 'tmdb_show'), (315, 'tmdb_show'), (31254, 'tmdb_show'), (14909, 'tmdb_show'), (153269, 'tmdb_show'), (80558, 'tmdb_show'), (44674, 'tmdb_show'), (18005, 'tmdb_show'), (70835, 'tmdb_show'), (13843, 'tmdb_show'), (2137, 'tmdb_show'), (60964, 'tmdb_show'), (46613, 'tmdb_show'), (43070, 'tmdb_show'), (61569, 'tmdb_show'), (21921, 'tmdb_show'), (34484, 'tmdb_show'), (47663, 'tmdb_show'), (113673, 'tmdb_show'), (98620, 'tmdb_show'), (97019, 'tmdb_show'), (63002, 'tmdb_show'), (72751, 'tmdb_show'), (38132, 'tmdb_show'), (233, 'tmdb_show'), (31193, 'tmdb_show'), (61176, 'tmdb_show'), (71911, 'tmdb_show'), (42113, 'tmdb_show'), (10236, 'tmdb_show'), (39404, 'tmdb_show'), (64984, 'tmdb_show'), (60604, 'tmdb_show'), (65999, 'tmdb_show'), (59251, 'tmdb_show'), (33940, 'tmdb_show'), (42120, 'tmdb_show'), (46200, 'tmdb_show'), (8280, 'tmdb_show'), (58767, 'tmdb_show'), (104215, 'tmdb_show'), (197998, 'tmdb_show'), (158172, 'tmdb_show'), (101902, 'tmdb_show'), (61570, 'tmdb_show'), (58961, 'tmdb_show'), (50005, 'tmdb_show'), (46971, 'tmdb_show'), (43162, 'tmdb_show'), (42164, 'tmdb_show'), (40056, 'tmdb_show'), (38924, 'tmdb_show'), (37132, 'tmdb_show'), (26142, 'tmdb_show'), (21623, 'tmdb_show'), (21620, 'tmdb_show'), (21479, 'tmdb_show'), (21474, 'tmdb_show'), (15889, 'tmdb_show'), (8206, 'tmdb_show'), (5816, 'tmdb_show'), (581, 'tmdb_show')] |
[2022-11-06 12:47:33,519] [builder.py:1284]           [DEBUG]    |                                                                                                    |
[2022-11-06 12:47:33,671] [builder.py:1361]           [ERROR]    | Convert Error: No TVDb ID Found for TMDb ID: 71365                                                 |
[2022-11-06 12:47:33,796] [builder.py:1361]           [ERROR]    | Convert Error: No TVDb ID Found for TMDb ID: 37939                                                 |
[2022-11-06 12:47:33,909] [builder.py:1361]           [ERROR]    | Convert Error: No TVDb ID Found for TMDb ID: 14909                                                 |
[2022-11-06 12:47:34,026] [builder.py:1361]           [ERROR]    | Convert Error: No TVDb ID Found for TMDb ID: 72751                                                 |
[2022-11-06 12:47:34,135] [builder.py:1361]           [ERROR]    | Convert Error: No TVDb ID Found for TMDb ID: 61176                                                 |
[2022-11-06 12:47:34,250] [builder.py:1361]           [ERROR]    | Convert Error: No TVDb ID Found for TMDb ID: 71911                                                 |
[2022-11-06 12:47:34,351] [builder.py:1361]           [ERROR]    | Convert Error: No TVDb ID Found for TMDb ID: 42113                                                 |
[2022-11-06 12:47:34,463] [builder.py:1361]           [ERROR]    | Convert Error: No TVDb ID Found for TMDb ID: 64984                                                 |
[2022-11-06 12:47:34,579] [builder.py:1361]           [ERROR]    | Convert Error: No TVDb ID Found for TMDb ID: 42120                                                 |
[2022-11-06 12:47:34,705] [builder.py:1361]           [ERROR]    | Convert Error: No TVDb ID Found for TMDb ID: 58767                                                 |
[2022-11-06 12:47:34,808] [builder.py:1361]           [ERROR]    | Convert Error: No TVDb ID Found for TMDb ID: 158172                                                |
[2022-11-06 12:47:34,919] [builder.py:1361]           [ERROR]    | Convert Error: No TVDb ID Found for TMDb ID: 101902                                                |
[2022-11-06 12:47:35,026] [builder.py:1361]           [ERROR]    | Convert Error: No TVDb ID Found for TMDb ID: 61570                                                 |
[2022-11-06 12:47:35,148] [builder.py:1361]           [ERROR]    | Convert Error: No TVDb ID Found for TMDb ID: 58961                                                 |
[2022-11-06 12:47:35,254] [builder.py:1361]           [ERROR]    | Convert Error: No TVDb ID Found for TMDb ID: 46971                                                 |
[2022-11-06 12:47:35,361] [builder.py:1361]           [ERROR]    | Convert Error: No TVDb ID Found for TMDb ID: 42164                                                 |
[2022-11-06 12:47:35,466] [builder.py:1361]           [ERROR]    | Convert Error: No TVDb ID Found for TMDb ID: 21623                                                 |
[2022-11-06 12:47:35,570] [builder.py:1361]           [ERROR]    | Convert Error: No TVDb ID Found for TMDb ID: 21620                                                 |
[2022-11-06 12:47:35,680] [builder.py:1361]           [ERROR]    | Convert Error: No TVDb ID Found for TMDb ID: 21479                                                 |
[2022-11-06 12:47:35,784] [builder.py:1361]           [ERROR]    | Convert Error: No TVDb ID Found for TMDb ID: 21474                                                 |
[2022-11-06 12:47:35,893] [builder.py:1361]           [ERROR]    | Convert Error: No TVDb ID Found for TMDb ID: 15889                                                 |
[2022-11-06 12:47:35,895] [builder.py:1275]           [DEBUG]    |                                                                                                    |
[2022-11-06 12:47:35,895] [builder.py:1276]           [DEBUG]    | Builder: tmdb_network: 3701                                                                        |
[2022-11-06 12:47:35,895] [builder.py:1277]           [INFO]     |                                                                                                    |
[2022-11-06 12:47:36,124] [tmdb.py:282]               [INFO]     | Processing TMDb Network: (3701) Syfy (2 Shows)                                                     |
[2022-11-06 12:47:36,124] [builder.py:1282]           [DEBUG]    |                                                                                                    |
[2022-11-06 12:47:36,125] [builder.py:1283]           [DEBUG]    | 2 IDs Found: [(97724, 'tmdb_show'), (85944, 'tmdb_show')]                                          |
[2022-11-06 12:47:36,125] [builder.py:1284]           [DEBUG]    |                                                                                                    |
[2022-11-06 12:47:36,126] [builder.py:1697]           [INFO]     |                                                                                                    |
[2022-11-06 12:47:36,126] [util.py:216]               [INFO]     |==================================== Adding to Syfy Collection =====================================|
[2022-11-06 12:47:36,127] [builder.py:1699]           [INFO]     |                                                                                                    |
[2022-11-06 12:47:36,127] [builder.py:1709]           [INFO]     | 1/2 | Syfy Collection | = | The Expanse                                                            |
[2022-11-06 12:47:36,127] [builder.py:1709]           [INFO]     | 2/2 | Syfy Collection | = | Channel Zero                                                           |
[2022-11-06 12:47:36,128] [builder.py:1734]           [INFO]     |                                                                                                    |
[2022-11-06 12:47:36,128] [builder.py:1735]           [INFO]     | 2 Shows Processed                                                                                  |
[2022-11-06 12:47:36,128] [builder.py:1969]           [INFO]     |                                                                                                    |
[2022-11-06 12:47:36,128] [util.py:216]               [INFO]     |================================= Missing Shows from Library: Syfy =================================|
[2022-11-06 12:47:36,129] [builder.py:1971]           [INFO]     |                                                                                                    |
[2022-11-06 12:47:36,387] [builder.py:1982]           [INFO]     | Syfy Collection | ? | Chucky (TVDB: 349415)                                                        |
[2022-11-06 12:47:37,221] [builder.py:1982]           [INFO]     | Syfy Collection | ? | Stargate SG-1 (TVDB: 72449)                                                  |
[2022-11-06 12:47:37,636] [builder.py:1982]           [INFO]     | Syfy Collection | ? | Farscape (TVDB: 70522)                                                       |
[2022-11-06 12:47:37,998] [builder.py:1982]           [INFO]     | Syfy Collection | ? | Van Helsing (TVDB: 308772)                                                   |
[2022-11-06 12:47:38,482] [builder.py:1982]           [INFO]     | Syfy Collection | ? | Battlestar Galactica (2003) (TVDB: 73545)                                    |
[2022-11-06 12:47:38,972] [builder.py:1982]           [INFO]     | Syfy Collection | ? | Stargate Atlantis (TVDB: 70851)                                              |
[2022-11-06 12:47:39,403] [builder.py:1982]           [INFO]     | Syfy Collection | ? | Z Nation (TVDB: 280494)                                                      |
[2022-11-06 12:47:39,678] [builder.py:1982]           [INFO]     | Syfy Collection | ? | Resident Alien (TVDB: 368166)                                                |
[2022-11-06 12:47:40,125] [builder.py:1982]           [INFO]     | Syfy Collection | ? | Warehouse 13 (TVDB: 84676)                                                   |
[2022-11-06 12:47:40,976] [builder.py:1982]           [INFO]     | Syfy Collection | ? | WWE NXT (TVDB: 144541)                                                       |
[2022-11-06 12:47:41,200] [builder.py:1982]           [INFO]     | Syfy Collection | ? | Day of the Dead (TVDB: 377836)                                               |
[2022-11-06 12:47:41,583] [builder.py:1982]           [INFO]     | Syfy Collection | ? | The Magicians (TVDB: 299139)                                                 |
[2022-11-06 12:47:41,939] [builder.py:1982]           [INFO]     | Syfy Collection | ? | Haven (TVDB: 158661)                                                         |
[2022-11-06 12:47:42,312] [builder.py:1982]           [INFO]     | Syfy Collection | ? | 12 Monkeys (TVDB: 272644)                                                    |
[2022-11-06 12:47:42,726] [builder.py:1982]           [INFO]     | Syfy Collection | ? | Eureka (TVDB: 79334)                                                         |
[2022-11-06 12:47:43,146] [builder.py:1982]           [INFO]     | Syfy Collection | ? | Sliders (TVDB: 76557)                                                        |
[2022-11-06 12:47:43,501] [builder.py:1982]           [INFO]     | Syfy Collection | ? | Wynonna Earp (TVDB: 305582)                                                  |
[2022-11-06 12:47:43,799] [builder.py:1982]           [INFO]     | Syfy Collection | ? | Lost Girl (TVDB: 182061)                                                     |
[2022-11-06 12:47:44,069] [builder.py:1982]           [INFO]     | Syfy Collection | ? | Dominion (TVDB: 277462)                                                      |
[2022-11-06 12:47:44,359] [builder.py:1982]           [INFO]     | Syfy Collection | ? | Bitten (TVDB: 269550)                                                        |
[2022-11-06 12:47:44,689] [builder.py:1982]           [INFO]     | Syfy Collection | ? | The Outer Limits (1995) (TVDB: 72224)                                        |
[2022-11-06 12:47:44,930] [builder.py:1982]           [INFO]     | Syfy Collection | ? | Defiance (TVDB: 255326)                                                      |
[2022-11-06 12:47:45,305] [builder.py:1982]           [INFO]     | Syfy Collection | ? | Killjoys (TVDB: 281534)                                                      |
[2022-11-06 12:47:45,525] [builder.py:1982]           [INFO]     | Syfy Collection | ? | Deadly Class (TVDB: 353717)                                                  |
[2022-11-06 12:47:46,227] [builder.py:1982]           [INFO]     | Syfy Collection | ? | Mystery Science Theater 3000 (TVDB: 74806)                                   |
[2022-11-06 12:47:46,543] [builder.py:1982]           [INFO]     | Syfy Collection | ? | Stargate Universe (TVDB: 83237)                                              |
[2022-11-06 12:47:46,767] [builder.py:1982]           [INFO]     | Syfy Collection | ? | First Wave (TVDB: 74476)                                                     |
[2022-11-06 12:47:47,028] [builder.py:1982]           [INFO]     | Syfy Collection | ? | Krypton (TVDB: 328599)                                                       |
[2022-11-06 12:47:47,377] [builder.py:1982]           [INFO]     | Syfy Collection | ? | Sanctuary (TVDB: 80159)                                                      |
[2022-11-06 12:47:47,707] [builder.py:1982]           [INFO]     | Syfy Collection | ? | Dark Matter (TVDB: 292174)                                                   |
[2022-11-06 12:47:47,903] [builder.py:1982]           [INFO]     | Syfy Collection | ? | Tru Calling (TVDB: 72233)                                                    |
[2022-11-06 12:47:48,187] [builder.py:1982]           [INFO]     | Syfy Collection | ? | Happy! (TVDB: 328361)                                                        |
[2022-11-06 12:47:48,405] [builder.py:1982]           [INFO]     | Syfy Collection | ? | Dune (TVDB: 79551)                                                           |
[2022-11-06 12:47:48,651] [builder.py:1982]           [INFO]     | Syfy Collection | ? | Caprica (TVDB: 85040)                                                        |
[2022-11-06 12:47:48,880] [builder.py:1982]           [INFO]     | Syfy Collection | ? | Helix (TVDB: 265912)                                                         |
[2022-11-06 12:47:49,154] [builder.py:1982]           [INFO]     | Syfy Collection | ? | Alphas (TVDB: 210841)                                                        |
[2022-11-06 12:47:49,389] [builder.py:1982]           [INFO]     | Syfy Collection | ? | Children of Dune (TVDB: 79552)                                               |
[2022-11-06 12:47:49,666] [builder.py:1982]           [INFO]     | Syfy Collection | ? | Jumanji (TVDB: 76272)                                                        |
[2022-11-06 12:47:49,855] [builder.py:1982]           [INFO]     | Syfy Collection | ? | The Triangle (TVDB: 75599)                                                   |
[2022-11-06 12:47:50,092] [builder.py:1982]           [INFO]     | Syfy Collection | ? | Ascension (TVDB: 279553)                                                     |
[2022-11-06 12:47:50,313] [builder.py:1982]           [INFO]     | Syfy Collection | ? | Ghost Wars (TVDB: 329096)                                                    |
[2022-11-06 12:47:50,731] [builder.py:1982]           [INFO]     | Syfy Collection | ? | Face Off (TVDB: 214831)                                                      |
[2022-11-06 12:47:51,016] [builder.py:1982]           [INFO]     | Syfy Collection | ? | Being Human (US) (TVDB: 196921)                                              |
[2022-11-06 12:47:51,257] [builder.py:1982]           [INFO]     | Syfy Collection | ? | Tin Man (TVDB: 80913)                                                        |
[2022-11-06 12:47:51,803] [builder.py:1982]           [INFO]     | Syfy Collection | ? | Ghost Hunters (TVDB: 77949)                                                  |
[2022-11-06 12:47:52,012] [builder.py:1982]           [INFO]     | Syfy Collection | ? | The Lost Room (TVDB: 79637)                                                  |
[2022-11-06 12:47:52,229] [builder.py:1982]           [INFO]     | Syfy Collection | ? | Neverland (TVDB: 249004)                                                     |
[2022-11-06 12:47:52,559] [builder.py:1982]           [INFO]     | Syfy Collection | ? | Roughnecks: The Starship Troopers Chronicles (TVDB: 78067)                   |
[2022-11-06 12:47:52,754] [builder.py:1982]           [INFO]     | Syfy Collection | ? | Incorporated (TVDB: 315177)                                                  |
[2022-11-06 12:47:53,019] [builder.py:1982]           [INFO]     | Syfy Collection | ? | Paranormal Witness (TVDB: 251207)                                            |
[2022-11-06 12:47:53,233] [builder.py:1982]           [INFO]     | Syfy Collection | ? | Tremors (TVDB: 71262)                                                        |
[2022-11-06 12:47:54,182] [builder.py:1982]           [INFO]     | Syfy Collection | ? | WWE SmackDown (TVDB: 75640)                                                  |
[2022-11-06 12:47:54,394] [builder.py:1982]           [INFO]     | Syfy Collection | ? | Childhood's End (TVDB: 296065)                                               |
[2022-11-06 12:47:54,656] [builder.py:1982]           [INFO]     | Syfy Collection | ? | Scare Tactics (TVDB: 79263)                                                  |
[2022-11-06 12:47:54,953] [builder.py:1982]           [INFO]     | Syfy Collection | ? | Taken (TVDB: 78224)                                                          |
[2022-11-06 12:47:55,202] [builder.py:1982]           [INFO]     | Syfy Collection | ? | Nightflyers (TVDB: 347648)                                                   |
[2022-11-06 12:47:55,446] [builder.py:1982]           [INFO]     | Syfy Collection | ? | The Invisible Man (TVDB: 74460)                                              |
[2022-11-06 12:47:55,651] [builder.py:1982]           [INFO]     | Syfy Collection | ? | Flash Gordon (TVDB: 80441)                                                   |
[2022-11-06 12:47:55,871] [builder.py:1982]           [INFO]     | Syfy Collection | ? | The Dresden Files (TVDB: 79759)                                              |
[2022-11-06 12:47:56,137] [builder.py:1982]           [INFO]     | Syfy Collection | ? | Monsters (TVDB: 76241)                                                       |
[2022-11-06 12:47:56,316] [builder.py:1982]           [INFO]     | Syfy Collection | ? | Firestarter - Rekindled (TVDB: 345648)                                       |
[2022-11-06 12:47:56,537] [builder.py:1982]           [INFO]     | Syfy Collection | ? | Blood Drive (TVDB: 314189)                                                   |
[2022-11-06 12:47:56,735] [builder.py:1982]           [INFO]     | Syfy Collection | ? | Aftermath (2016) (TVDB: 315179)                                              |
[2022-11-06 12:47:56,949] [builder.py:1982]           [INFO]     | Syfy Collection | ? | Superstition (TVDB: 334003)                                                  |
[2022-11-06 12:47:57,168] [builder.py:1982]           [INFO]     | Syfy Collection | ? | The Witches of Oz (TVDB: 248760)                                             |
[2022-11-06 12:47:57,415] [builder.py:1982]           [INFO]     | Syfy Collection | ? | Rambo: The Force of Freedom (TVDB: 76275)                                    |
[2022-11-06 12:47:57,636] [builder.py:1982]           [INFO]     | Syfy Collection | ? | Black Scorpion (TVDB: 74764)                                                 |
[2022-11-06 12:47:58,109] [builder.py:1982]           [INFO]     | Syfy Collection | ? | Legend of Earthsea (TVDB: 78984)                                             |
[2022-11-06 12:47:58,385] [builder.py:1982]           [INFO]     | Syfy Collection | ? | Ghost Hunters International (TVDB: 81120)                                    |
[2022-11-06 12:47:58,555] [builder.py:1982]           [INFO]     | Syfy Collection | ? | Hunters (TVDB: 304962)                                                       |
[2022-11-06 12:47:58,760] [builder.py:1982]           [INFO]     | Syfy Collection | ? | Extreme Ghostbusters (TVDB: 76552)                                           |
[2022-11-06 12:47:58,945] [builder.py:1982]           [INFO]     | Syfy Collection | ? | Reginald the Vampire (TVDB: 408210)                                          |
[2022-11-06 12:47:59,268] [builder.py:1982]           [INFO]     | Syfy Collection | ? | Tripping the Rift (TVDB: 72285)                                              |
[2022-11-06 12:47:59,485] [builder.py:1982]           [INFO]     | Syfy Collection | ? | Olympus (TVDB: 280495)                                                       |
[2022-11-06 12:47:59,655] [builder.py:1982]           [INFO]     | Syfy Collection | ? | Captain Simian & The Space Monkeys (TVDB: 73960)                             |
[2022-11-06 12:47:59,852] [builder.py:1982]           [INFO]     | Syfy Collection | ? | 5ive Days to Midnight (TVDB: 79546)                                          |
[2022-11-06 12:48:00,024] [builder.py:1982]           [INFO]     | Syfy Collection | ? | Mummies Alive! (1997) (TVDB: 73721)                                          |
[2022-11-06 12:48:00,198] [builder.py:1982]           [INFO]     | Syfy Collection | ? | Level 9 (TVDB: 74520)                                                        |
[2022-11-06 12:48:00,465] [builder.py:1982]           [INFO]     | Syfy Collection | ? | Destination Truth (TVDB: 80251)                                              |
[2022-11-06 12:48:00,664] [builder.py:1982]           [INFO]     | Syfy Collection | ? | Fact or Faked: Paranormal Files (TVDB: 175861)                               |
[2022-11-06 12:48:00,886] [builder.py:1982]           [INFO]     | Syfy Collection | ? | Vagrant Queen (TVDB: 367823)                                                 |
[2022-11-06 12:48:01,124] [builder.py:1982]           [INFO]     | Syfy Collection | ? | Alien News Desk (TVDB: 359610)                                               |
[2022-11-06 12:48:01,293] [builder.py:1982]           [INFO]     | Syfy Collection | ? | Knights of Bloodsteel (TVDB: 140561)                                         |
[2022-11-06 12:48:01,598] [builder.py:1982]           [INFO]     | Syfy Collection | ? | ECW on Sci Fi (TVDB: 79859)                                                  |
[2022-11-06 12:48:01,805] [builder.py:1982]           [INFO]     | Syfy Collection | ? | Exposure (TVDB: 71055)                                                       |
[2022-11-06 12:48:02,011] [builder.py:1982]           [INFO]     | Syfy Collection | ? | Face Off: Game Face (TVDB: 333831)                                           |
[2022-11-06 12:48:02,362] [builder.py:1982]           [INFO]     | Syfy Collection | ? | In Search of... (TVDB: 71309)                                                |
[2022-11-06 12:48:02,565] [builder.py:1982]           [INFO]     | Syfy Collection | ? | Total Blackout (US) (TVDB: 258154)                                           |
[2022-11-06 12:48:02,817] [builder.py:1982]           [INFO]     | Syfy Collection | ? | Sightings (TVDB: 76228)                                                      |
[2022-11-06 12:48:03,020] [builder.py:1982]           [INFO]     | Syfy Collection | ? | Riese: Kingdom Falling (TVDB: 122411)                                        |
[2022-11-06 12:48:03,208] [builder.py:1982]           [INFO]     | Syfy Collection | ? | Astrid & Lilly Save the World (TVDB: 409454)                                 |
[2022-11-06 12:48:03,376] [builder.py:1982]           [INFO]     | Syfy Collection | ? | We Were Tomorrow (TVDB: 339369)                                              |
[2022-11-06 12:48:03,561] [builder.py:1982]           [INFO]     | Syfy Collection | ? | Haunted Highway (TVDB: 260443)                                               |
[2022-11-06 12:48:03,791] [builder.py:1982]           [INFO]     | Syfy Collection | ? | WCG Ultimate Gamer (TVDB: 85556)                                             |
[2022-11-06 12:48:03,969] [builder.py:1982]           [INFO]     | Syfy Collection | ? | Cosplay Melee (TVDB: 324613)                                                 |
[2022-11-06 12:48:04,166] [builder.py:1982]           [INFO]     | Syfy Collection | ? | Welcome To Paradox (TVDB: 78633)                                             |
[2022-11-06 12:48:04,354] [builder.py:1982]           [INFO]     | Syfy Collection | ? | The Chronicle (TVDB: 76036)                                                  |
[2022-11-06 12:48:04,535] [builder.py:1982]           [INFO]     | Syfy Collection | ? | The Wil Wheaton Project (TVDB: 280318)                                       |
[2022-11-06 12:48:04,724] [builder.py:1982]           [INFO]     | Syfy Collection | ? | Ghost Mine (TVDB: 265729)                                                    |
[2022-11-06 12:48:04,775] [builder.py:1977]           [ERROR]    | TVDb Error: Could not find a TVDb Series using TVDb Series ID: 148821                              |
[2022-11-06 12:48:04,946] [builder.py:1982]           [INFO]     | Syfy Collection | ? | Jim Henson's Creature Shop Challenge (TVDB: 277366)                          |
[2022-11-06 12:48:05,131] [builder.py:1982]           [INFO]     | Syfy Collection | ? | Derren Brown: Mind Control (TVDB: 80501)                                     |
[2022-11-06 12:48:05,315] [builder.py:1982]           [INFO]     | Syfy Collection | ? | Hollywood Treasure (TVDB: 201611)                                            |
[2022-11-06 12:48:05,493] [builder.py:1982]           [INFO]     | Syfy Collection | ? | The Ark (TVDB: 415089)                                                       |
[2022-11-06 12:48:05,696] [builder.py:1982]           [INFO]     | Syfy Collection | ? | The Movie Show (2020) (TVDB: 392629)                                         |
[2022-11-06 12:48:05,878] [builder.py:1982]           [INFO]     | Syfy Collection | ? | Don't Feed the Humans (TVDB: 304854)                                         |
[2022-11-06 12:48:06,049] [builder.py:1982]           [INFO]     | Syfy Collection | ? | Looking For Leia (TVDB: 374193)                                              |
[2022-11-06 12:48:06,233] [builder.py:1982]           [INFO]     | Syfy Collection | ? | Geeks Who Drink (TVDB: 295112)                                               |
[2022-11-06 12:48:06,288] [builder.py:1977]           [ERROR]    | TVDb Error: Could not find a TVDb Series using TVDb Series ID: 254643                              |
[2022-11-06 12:48:06,509] [builder.py:1982]           [INFO]     | Syfy Collection | ? | Who Wants to Be a Superhero? (TVDB: 79399)                                   |
[2022-11-06 12:48:06,693] [builder.py:1982]           [INFO]     | Syfy Collection | ? | Ghost Hunters Academy (TVDB: 124011)                                         |
[2022-11-06 12:48:06,897] [builder.py:1982]           [INFO]     | Syfy Collection | ? | Mad Mad House (TVDB: 73708)                                                  |
[2022-11-06 12:48:07,105] [builder.py:1982]           [INFO]     | Syfy Collection | ? | Haunted Collector (TVDB: 248838)                                             |
[2022-11-06 12:48:07,308] [builder.py:1982]           [INFO]     | Syfy Collection | ? | Stranded (2013) (TVDB: 266977)                                               |
[2022-11-06 12:48:07,464] [builder.py:1982]           [INFO]     | Syfy Collection | ? | The Internet Ruined My Life (TVDB: 308243)                                   |
[2022-11-06 12:48:07,637] [builder.py:1982]           [INFO]     | Syfy Collection | ? | Hot Set (TVDB: 261701)                                                       |
[2022-11-06 12:48:07,834] [builder.py:1982]           [INFO]     | Syfy Collection | ? | Beast Legends (TVDB: 187161)                                                 |
[2022-11-06 12:48:07,991] [builder.py:1982]           [INFO]     | Syfy Collection | ? | Monster Man (TVDB: 256575)                                                   |
[2022-11-06 12:48:08,196] [builder.py:1982]           [INFO]     | Syfy Collection | ? | Estate of Panic (TVDB: 83730)                                                |
[2022-11-06 12:48:08,372] [builder.py:1982]           [INFO]     | Syfy Collection | ? | The Great Debate (TVDB: 381962)                                              |
[2022-11-06 12:48:08,547] [builder.py:1982]           [INFO]     | Syfy Collection | ? | Dr. Havoc's Diary (TVDB: 382170)                                             |
[2022-11-06 12:48:08,727] [builder.py:1982]           [INFO]     | Syfy Collection | ? | Exit (2013) (TVDB: 270155)                                                   |
[2022-11-06 12:48:08,931] [builder.py:1982]           [INFO]     | Syfy Collection | ? | School Spirits (TVDB: 259817)                                                |
[2022-11-06 12:48:09,148] [builder.py:1982]           [INFO]     | Syfy Collection | ? | Legend Quest (TVDB: 249750)                                                  |
[2022-11-06 12:48:09,309] [builder.py:1982]           [INFO]     | Syfy Collection | ? | Marcel's Quantum Kitchen (TVDB: 232691)                                      |
[2022-11-06 12:48:09,488] [builder.py:1982]           [INFO]     | Syfy Collection | ? | Mary Knows Best (TVDB: 180211)                                               |
[2022-11-06 12:48:09,657] [builder.py:1982]           [INFO]     | Syfy Collection | ? | Outer Space Astronauts (TVDB: 127591)                                        |
[2022-11-06 12:48:09,826] [builder.py:1982]           [INFO]     | Syfy Collection | ? | cha$e (TVDB: 83747)                                                          |
[2022-11-06 12:48:10,002] [builder.py:1982]           [INFO]     | Syfy Collection | ? | Sci-fi Investigates (TVDB: 81541)                                            |
[2022-11-06 12:48:10,216] [builder.py:1982]           [INFO]     | Syfy Collection | ? | Proof Positive (TVDB: 75185)                                                 |
[2022-11-06 12:48:10,428] [builder.py:1982]           [INFO]     | Syfy Collection | ? | Spides (TVDB: 375489)                                                        |
[2022-11-06 12:48:10,594] [builder.py:1982]           [INFO]     | Syfy Collection | ? | Sci Xpert - Leschs Universum (TVDB: 250486)                                  |
[2022-11-06 12:48:10,594] [builder.py:1986]           [INFO]     |                                                                                                    |
[2022-11-06 12:48:10,594] [builder.py:1987]           [INFO]     | 130 Shows Missing                                                                                  |
[2022-11-06 12:48:11,176] [builder.py:2147]           [INFO]     |                                                                                                    |
[2022-11-06 12:48:11,177] [util.py:216]               [INFO]     |=============================== Updating Details of Syfy Collection ================================|
[2022-11-06 12:48:11,177] [builder.py:2149]           [INFO]     |                                                                                                    |
[2022-11-06 12:48:11,178] [builder.py:2258]           [DEBUG]    | 1 posters found:                                                                                   |
[2022-11-06 12:48:11,178] [builder.py:2260]           [DEBUG]    | Method: url_poster Poster: https://theposterdb.com/api/assets/193549                               |
[2022-11-06 12:48:11,178] [builder.py:2327]           [INFO]     | No background collection detail or asset folder found                                              |
[2022-11-06 12:48:11,179] [library.py:147]            [INFO]     | Detail: poster update not needed                                                                   |
[2022-11-06 12:48:11,239] [plex_meta_manager.py:880]  [INFO]     |                                                                                                    |
[2022-11-06 12:48:11,239] [util.py:209]               [INFO]     |====================================================================================================|
[2022-11-06 12:48:11,240] [util.py:216]               [INFO]     |                                      Finished Syfy Collection                                      |
[2022-11-06 12:48:11,240] [util.py:216]               [INFO]     |                                    Collection Run Time: 0:00:39                                    |
[2022-11-06 12:48:11,240] [util.py:220]               [INFO]     |====================================================================================================|
