[2022-01-16 14:55:13,046] [util.py:209]               [INFO]     |====================================================================================================|
[2022-01-16 14:55:13,047] [util.py:216]               [INFO]     |                                  Johnny Depp Collection in Movies                                  |
[2022-01-16 14:55:13,047] [util.py:220]               [INFO]     |====================================================================================================|
[2022-01-16 14:55:13,048] [plex_meta_manager.py:750]  [INFO]     |                                                                                                    |
[2022-01-16 14:55:13,048] [util.py:216]               [INFO]     |================================ Validating Johnny Depp Attributes =================================|
[2022-01-16 14:55:13,049] [builder.py:265]            [DEBUG]    |                                                                                                    |
[2022-01-16 14:55:13,049] [builder.py:266]            [DEBUG]    | Validating Method: template                                                                        |
[2022-01-16 14:55:13,049] [meta.py:83]                [DEBUG]    | Value: ordereddict([('name', 'people'), ('person', 85)])                                           |
[2022-01-16 14:55:13,050] [builder.py:367]            [DEBUG]    |                                                                                                    |
[2022-01-16 14:55:13,050] [builder.py:368]            [DEBUG]    | Validating Method: tmdb_person                                                                     |
[2022-01-16 14:55:13,050] [builder.py:372]            [DEBUG]    | Value: 85                                                                                          |
[2022-01-16 14:55:13,186] [builder.py:453]            [DEBUG]    |                                                                                                    |
[2022-01-16 14:55:13,187] [builder.py:454]            [DEBUG]    | Validating Method: collection_order                                                                |
[2022-01-16 14:55:13,187] [builder.py:455]            [DEBUG]    | Value: release                                                                                     |
[2022-01-16 14:55:13,187] [builder.py:472]            [DEBUG]    |                                                                                                    |
[2022-01-16 14:55:13,188] [builder.py:473]            [DEBUG]    | Validating Method: actor                                                                           |
[2022-01-16 14:55:13,188] [builder.py:474]            [DEBUG]    | Value: tmdb                                                                                        |
[2022-01-16 14:55:13,223] [builder.py:472]            [DEBUG]    |                                                                                                    |
[2022-01-16 14:55:13,223] [builder.py:473]            [DEBUG]    | Validating Method: sort_title                                                                      |
[2022-01-16 14:55:13,223] [builder.py:474]            [DEBUG]    | Value: ++_Johnny Depp                                                                              |
[2022-01-16 14:55:13,228] [plex.py:685]               [DEBUG]    | Looking for: Johnny Depp                                                                           |
[2022-01-16 14:55:13,228] [builder.py:619]            [INFO]     |                                                                                                    |
[2022-01-16 14:55:13,229] [builder.py:620]            [INFO]     | Validation Successful                                                                              |
[2022-01-16 14:55:13,229] [plex_meta_manager.py:758]  [INFO]     |                                                                                                    |
[2022-01-16 14:55:13,230] [util.py:216]               [INFO]     |================================== Running Johnny Depp Collection ==================================|
[2022-01-16 14:55:13,230] [plex_meta_manager.py:773]  [INFO]     |                                                                                                    |
[2022-01-16 14:55:13,231] [plex_meta_manager.py:774]  [INFO]     | Sync Mode: append                                                                                  |
[2022-01-16 14:55:13,231] [builder.py:1275]           [DEBUG]    |                                                                                                    |
[2022-01-16 14:55:13,231] [builder.py:1276]           [DEBUG]    | Builder: plex_search: (1, 'Plex Movie Search\nSort By: title.asc\nFilter:\n  Match any of the following:\n    Actor is Johnny Depp', '?type=1&sort=titleSort&push=1&actor=346&pop=1') |
[2022-01-16 14:55:13,232] [builder.py:1277]           [INFO]     |                                                                                                    |
[2022-01-16 14:55:13,232] [util.py:161]               [INFO]     | Plex Movie Search                                                                                  |
[2022-01-16 14:55:13,233] [util.py:161]               [INFO]     | Sort By: title.asc                                                                                 |
[2022-01-16 14:55:13,233] [util.py:161]               [INFO]     | Filter:                                                                                            |
[2022-01-16 14:55:13,233] [util.py:161]               [INFO]     |   Match any of the following:                                                                      |
[2022-01-16 14:55:13,234] [util.py:161]               [INFO]     |     Actor is Johnny Depp                                                                           |
[2022-01-16 14:55:13,251] [plex.py:746]               [DEBUG]    |                                                                                                    |
[2022-01-16 14:55:13,251] [plex.py:747]               [DEBUG]    | 4 Keys Found: [(31514, 'ratingKey'), (31398, 'ratingKey'), (31392, 'ratingKey'), (31391, 'ratingKey')] |
[2022-01-16 14:55:13,252] [builder.py:1282]           [DEBUG]    |                                                                                                    |
[2022-01-16 14:55:13,252] [builder.py:1283]           [DEBUG]    | 4 IDs Found: [(31514, 'ratingKey'), (31398, 'ratingKey'), (31392, 'ratingKey'), (31391, 'ratingKey')] |
[2022-01-16 14:55:13,253] [builder.py:1284]           [DEBUG]    |                                                                                                    |
[2022-01-16 14:55:13,348] [builder.py:1697]           [INFO]     |                                                                                                    |
[2022-01-16 14:55:13,349] [util.py:216]               [INFO]     |================================= Adding to Johnny Depp Collection =================================|
[2022-01-16 14:55:13,350] [builder.py:1699]           [INFO]     |                                                                                                    |
[2022-01-16 14:55:13,350] [builder.py:1709]           [INFO]     | 1/4 | Johnny Depp Collection | + | Chocolat (2000)                                                 |
[2022-01-16 14:55:13,441] [builder.py:1709]           [INFO]     | 2/4 | Johnny Depp Collection | + | Pirates of the Caribbean: At World's End (2007)                 |
[2022-01-16 14:55:13,542] [builder.py:1709]           [INFO]     | 3/4 | Johnny Depp Collection | + | Pirates of the Caribbean: Dead Man's Chest (2006)               |
[2022-01-16 14:55:13,648] [builder.py:1709]           [INFO]     | 4/4 | Johnny Depp Collection | + | Pirates of the Caribbean: The Curse of the Black Pearl (2003)   |
[2022-01-16 14:55:13,781] [builder.py:1734]           [INFO]     |                                                                                                    |
[2022-01-16 14:55:13,781] [builder.py:1735]           [INFO]     | 4 Movies Processed                                                                                 |
[2022-01-16 14:55:13,786] [builder.py:2147]           [INFO]     |                                                                                                    |
[2022-01-16 14:55:13,786] [util.py:216]               [INFO]     |============================ Updating Details of Johnny Depp Collection ============================|
[2022-01-16 14:55:13,787] [builder.py:2149]           [INFO]     |                                                                                                    |
[2022-01-16 14:55:13,787] [builder.py:2156]           [INFO]     | Detail: tmdb_person updated Collection Summary                                                     |
[2022-01-16 14:55:13,787] [builder.py:2193]           [INFO]     | Detail: sort_title updated Collection Sort Title to ++_Johnny Depp                                 |
[2022-01-16 14:55:13,788] [builder.py:2235]           [DEBUG]    | {'summary.value': 'John Christopher "Johnny" Depp II (born June 9, 1963 in Kentucky) is an American actor and musician. He has been nominated for three\xa0Academy Awards\xa0and has won the\xa0Golden Globe\xa0and\xa0Screen Actors Guild\xa0Awards for Best Actor.\n\nDepp rose to prominence on the 1980s television series 21 Jump Street, becoming a teen idol. Turning to film, he played the title character of Edward Scissorhands (1990), and later found box office success in films such as Sleepy Hollow (1999), Pirates of the Caribbean: The Curse of the Black Pearl (2003), Charlie and the Chocolate Factory (2005), and Rango (2011). He has collaborated with director and friend Tim Burton in seven films, including Sweeney Todd: The Demon Barber of Fleet Street (2007) and Alice in Wonderland (2010). Depp has gained acclaim for his portrayals of people such as Edward D. Wood, Jr., in Ed Wood, Joseph D. Pistone in Donnie Brasco, Hunter S. Thompson in Fear and Loathing in Las Vegas, George Jung in Blow, and the bank robber John Dillinger in Michael Mann\'s Public Enemies.\n\nFilms featuring Depp have grossed over $2.6 billion at the United States box office and over $6 billion worldwide. He has been nominated for top awards many times, winning the Best Actor Awards from the Golden Globes for Sweeney Todd: The Demon Barber of Fleet Street and from the Screen Actors Guild for Pirates of the Caribbean: The Curse of the Black Pearl. He also has garnered a sex symbol status in American cinema, being twice named as the Sexiest man alive by People magazine in 2003 and 2009.', 'summary.locked': 1, 'titleSort.value': '++_Johnny Depp', 'titleSort.locked': 1} |
[2022-01-16 14:55:13,804] [builder.py:2237]           [INFO]     | Details: have been updated                                                                         |
[2022-01-16 14:55:13,804] [builder.py:2258]           [DEBUG]    | 1 posters found:                                                                                   |
[2022-01-16 14:55:13,804] [builder.py:2260]           [DEBUG]    | Method: tmdb_person Poster: https://image.tmdb.org/t/p/original/ilPBHd3r3ahlipNQtjr4E3G04jJ.jpg    |
[2022-01-16 14:55:13,805] [builder.py:2327]           [INFO]     | No background collection detail or asset folder found                                              |
[2022-01-16 14:55:13,903] [library.py:145]            [INFO]     | Detail: tmdb_person updated poster to [URL] https://image.tmdb.org/t/p/original/ilPBHd3r3ahlipNQtjr4E3G04jJ.jpg |
[2022-01-16 14:55:14,042] [plex_meta_manager.py:880]  [INFO]     |                                                                                                    |
[2022-01-16 14:55:14,043] [util.py:209]               [INFO]     |====================================================================================================|
[2022-01-16 14:55:14,044] [util.py:216]               [INFO]     |                                  Finished Johnny Depp Collection                                   |
[2022-01-16 14:55:14,044] [util.py:216]               [INFO]     |                                    Collection Run Time: 0:00:00                                    |
[2022-01-16 14:55:14,044] [util.py:220]               [INFO]     |====================================================================================================|
