[2022-01-16 14:55:25,123] [util.py:209]               [INFO]     |====================================================================================================|
[2022-01-16 14:55:25,123] [util.py:216]               [INFO]     |                                 Michael Caine Collection in Movies                                 |
[2022-01-16 14:55:25,123] [util.py:220]               [INFO]     |====================================================================================================|
[2022-01-16 14:55:25,124] [plex_meta_manager.py:750]  [INFO]     |                                                                                                    |
[2022-01-16 14:55:25,125] [util.py:216]               [INFO]     |=============================== Validating Michael Caine Attributes ================================|
[2022-01-16 14:55:25,125] [builder.py:265]            [DEBUG]    |                                                                                                    |
[2022-01-16 14:55:25,125] [builder.py:266]            [DEBUG]    | Validating Method: template                                                                        |
[2022-01-16 14:55:25,126] [meta.py:83]                [DEBUG]    | Value: ordereddict([('name', 'people'), ('person', 3895)])                                         |
[2022-01-16 14:55:25,126] [builder.py:367]            [DEBUG]    |                                                                                                    |
[2022-01-16 14:55:25,126] [builder.py:368]            [DEBUG]    | Validating Method: tmdb_person                                                                     |
[2022-01-16 14:55:25,127] [builder.py:372]            [DEBUG]    | Value: 3895                                                                                        |
[2022-01-16 14:55:25,282] [builder.py:453]            [DEBUG]    |                                                                                                    |
[2022-01-16 14:55:25,283] [builder.py:454]            [DEBUG]    | Validating Method: collection_order                                                                |
[2022-01-16 14:55:25,283] [builder.py:455]            [DEBUG]    | Value: release                                                                                     |
[2022-01-16 14:55:25,283] [builder.py:472]            [DEBUG]    |                                                                                                    |
[2022-01-16 14:55:25,284] [builder.py:473]            [DEBUG]    | Validating Method: actor                                                                           |
[2022-01-16 14:55:25,284] [builder.py:474]            [DEBUG]    | Value: tmdb                                                                                        |
[2022-01-16 14:55:25,329] [builder.py:472]            [DEBUG]    |                                                                                                    |
[2022-01-16 14:55:25,329] [builder.py:473]            [DEBUG]    | Validating Method: sort_title                                                                      |
[2022-01-16 14:55:25,329] [builder.py:474]            [DEBUG]    | Value: ++_Michael Caine                                                                            |
[2022-01-16 14:55:25,335] [plex.py:685]               [DEBUG]    | Looking for: Michael Caine                                                                         |
[2022-01-16 14:55:25,335] [builder.py:619]            [INFO]     |                                                                                                    |
[2022-01-16 14:55:25,336] [builder.py:620]            [INFO]     | Validation Successful                                                                              |
[2022-01-16 14:55:25,336] [plex_meta_manager.py:758]  [INFO]     |                                                                                                    |
[2022-01-16 14:55:25,337] [util.py:216]               [INFO]     |================================= Running Michael Caine Collection =================================|
[2022-01-16 14:55:25,337] [plex_meta_manager.py:773]  [INFO]     |                                                                                                    |
[2022-01-16 14:55:25,338] [plex_meta_manager.py:774]  [INFO]     | Sync Mode: append                                                                                  |
[2022-01-16 14:55:25,338] [builder.py:1275]           [DEBUG]    |                                                                                                    |
[2022-01-16 14:55:25,338] [builder.py:1276]           [DEBUG]    | Builder: plex_search: (1, 'Plex Movie Search\nSort By: title.asc\nFilter:\n  Match any of the following:\n    Actor is Michael Caine', '?type=1&sort=titleSort&push=1&actor=15&pop=1') |
[2022-01-16 14:55:25,339] [builder.py:1277]           [INFO]     |                                                                                                    |
[2022-01-16 14:55:25,339] [util.py:161]               [INFO]     | Plex Movie Search                                                                                  |
[2022-01-16 14:55:25,339] [util.py:161]               [INFO]     | Sort By: title.asc                                                                                 |
[2022-01-16 14:55:25,340] [util.py:161]               [INFO]     | Filter:                                                                                            |
[2022-01-16 14:55:25,340] [util.py:161]               [INFO]     |   Match any of the following:                                                                      |
[2022-01-16 14:55:25,340] [util.py:161]               [INFO]     |     Actor is Michael Caine                                                                         |
[2022-01-16 14:55:25,374] [plex.py:746]               [DEBUG]    |                                                                                                    |
[2022-01-16 14:55:25,374] [plex.py:747]               [DEBUG]    | 8 Keys Found: [(32335, 'ratingKey'), (31634, 'ratingKey'), (32388, 'ratingKey'), (31665, 'ratingKey'), (31489, 'ratingKey'), (30833, 'ratingKey'), (31623, 'ratingKey'), (32396, 'ratingKey')] |
[2022-01-16 14:55:25,375] [builder.py:1282]           [DEBUG]    |                                                                                                    |
[2022-01-16 14:55:25,375] [builder.py:1283]           [DEBUG]    | 8 IDs Found: [(32335, 'ratingKey'), (31634, 'ratingKey'), (32388, 'ratingKey'), (31665, 'ratingKey'), (31489, 'ratingKey'), (30833, 'ratingKey'), (31623, 'ratingKey'), (32396, 'ratingKey')] |
[2022-01-16 14:55:25,375] [builder.py:1284]           [DEBUG]    |                                                                                                    |
[2022-01-16 14:55:25,669] [builder.py:1697]           [INFO]     |                                                                                                    |
[2022-01-16 14:55:25,669] [util.py:216]               [INFO]     |================================ Adding to Michael Caine Collection ================================|
[2022-01-16 14:55:25,670] [builder.py:1699]           [INFO]     |                                                                                                    |
[2022-01-16 14:55:25,670] [builder.py:1709]           [INFO]     | 1/8 | Michael Caine Collection | + | Batman Begins (2005)                                          |
[2022-01-16 14:55:25,851] [builder.py:1709]           [INFO]     | 2/8 | Michael Caine Collection | + | The Dark Knight (2008)                                        |
[2022-01-16 14:55:26,000] [builder.py:1709]           [INFO]     | 3/8 | Michael Caine Collection | + | The Dark Knight Rises (2012)                                  |
[2022-01-16 14:55:26,164] [builder.py:1709]           [INFO]     | 4/8 | Michael Caine Collection | + | Dunkirk (2017)                                                |
[2022-01-16 14:55:26,319] [builder.py:1709]           [INFO]     | 5/8 | Michael Caine Collection | + | Inception (2010)                                              |
[2022-01-16 14:55:26,457] [builder.py:1709]           [INFO]     | 6/8 | Michael Caine Collection | + | Interstellar (2014)                                           |
[2022-01-16 14:55:26,643] [builder.py:1709]           [INFO]     | 7/8 | Michael Caine Collection | + | The Prestige (2006)                                           |
[2022-01-16 14:55:26,769] [builder.py:1709]           [INFO]     | 8/8 | Michael Caine Collection | + | Tenet (2020)                                                  |
[2022-01-16 14:55:26,906] [builder.py:1734]           [INFO]     |                                                                                                    |
[2022-01-16 14:55:26,906] [builder.py:1735]           [INFO]     | 8 Movies Processed                                                                                 |
[2022-01-16 14:55:26,911] [builder.py:2147]           [INFO]     |                                                                                                    |
[2022-01-16 14:55:26,912] [util.py:216]               [INFO]     |=========================== Updating Details of Michael Caine Collection ===========================|
[2022-01-16 14:55:26,912] [builder.py:2149]           [INFO]     |                                                                                                    |
[2022-01-16 14:55:26,912] [builder.py:2156]           [INFO]     | Detail: tmdb_person updated Collection Summary                                                     |
[2022-01-16 14:55:26,913] [builder.py:2193]           [INFO]     | Detail: sort_title updated Collection Sort Title to ++_Michael Caine                               |
[2022-01-16 14:55:26,913] [builder.py:2235]           [DEBUG]    | {'summary.value': 'Sir Michael Caine is an English film actor. He became known for several notable critically acclaimed performances, particularly in films such as Zulu (1964), The Italian Job (1969), Get Carter (1971), Educating Rita (1983), and more recently Batman Begins and The Dark Knight. Caine was knighted in 2000 by Queen Elizabeth II, in recognition of his contribution to cinema.\n\nCaine was born Maurice Joseph Micklewhite in Rotherhithe, South East London, the son of Ellen Frances Marie, a cook and charlady, and Maurice Joseph Micklewhite, a fish market porter.\n\nHe was married to actress Patricia Haines from 1955 to 1958. They had one daughter named Dominique. He dated Bianca Jagger in 1968. Caine has been married to actress and model Shakira Baksh since 8 January 1973. They met after Caine saw her appearing in a Maxwell House coffee commercial and a friend gave him her telephone number. They have a daughter named Natasha.', 'summary.locked': 1, 'titleSort.value': '++_Michael Caine', 'titleSort.locked': 1} |
[2022-01-16 14:55:26,926] [builder.py:2237]           [INFO]     | Details: have been updated                                                                         |
[2022-01-16 14:55:26,927] [builder.py:2258]           [DEBUG]    | 1 posters found:                                                                                   |
[2022-01-16 14:55:26,927] [builder.py:2260]           [DEBUG]    | Method: tmdb_person Poster: https://image.tmdb.org/t/p/original/hZruclwEPCKw3e83rnFSIH5sRFZ.jpg    |
[2022-01-16 14:55:26,927] [builder.py:2327]           [INFO]     | No background collection detail or asset folder found                                              |
[2022-01-16 14:55:26,955] [library.py:145]            [INFO]     | Detail: tmdb_person updated poster to [URL] https://image.tmdb.org/t/p/original/hZruclwEPCKw3e83rnFSIH5sRFZ.jpg |
[2022-01-16 14:55:27,140] [plex_meta_manager.py:880]  [INFO]     |                                                                                                    |
[2022-01-16 14:55:27,141] [util.py:209]               [INFO]     |====================================================================================================|
[2022-01-16 14:55:27,141] [util.py:216]               [INFO]     |                                 Finished Michael Caine Collection                                  |
[2022-01-16 14:55:27,142] [util.py:216]               [INFO]     |                                    Collection Run Time: 0:00:02                                    |
[2022-01-16 14:55:27,142] [util.py:220]               [INFO]     |====================================================================================================|
