[2022-11-06 23:36:09,573] [util.py:209]               [INFO]     |====================================================================================================|
[2022-11-06 23:36:09,573] [util.py:216]               [INFO]     |                                 Percy Jackson Collection in Movies                                 |
[2022-11-06 23:36:09,573] [util.py:220]               [INFO]     |====================================================================================================|
[2022-11-06 23:36:09,574] [plex_meta_manager.py:750]  [INFO]     |                                                                                                    |
[2022-11-06 23:36:09,574] [util.py:216]               [INFO]     |=============================== Validating Percy Jackson Attributes ================================|
[2022-11-06 23:36:09,575] [builder.py:265]            [DEBUG]    |                                                                                                    |
[2022-11-06 23:36:09,575] [builder.py:266]            [DEBUG]    | Validating Method: template                                                                        |
[2022-11-06 23:36:09,575] [meta.py:83]                [DEBUG]    | Value: ordereddict([('name', 'Movie'), ('collection', 179919), ('summary', 179919), ('poster', 'https://theposterdb.com/api/assets/52875')]) |
[2022-11-06 23:36:09,576] [builder.py:330]            [DEBUG]    |                                                                                                    |
[2022-11-06 23:36:09,576] [builder.py:331]            [DEBUG]    | Validating Method: sync_mode                                                                       |
[2022-11-06 23:36:09,576] [builder.py:335]            [DEBUG]    | Value: sync                                                                                        |
[2022-11-06 23:36:09,577] [builder.py:453]            [DEBUG]    |                                                                                                    |
[2022-11-06 23:36:09,577] [builder.py:454]            [DEBUG]    | Validating Method: collection_order                                                                |
[2022-11-06 23:36:09,577] [builder.py:455]            [DEBUG]    | Value: release                                                                                     |
[2022-11-06 23:36:09,578] [builder.py:472]            [DEBUG]    |                                                                                                    |
[2022-11-06 23:36:09,578] [builder.py:473]            [DEBUG]    | Validating Method: url_poster                                                                      |
[2022-11-06 23:36:09,578] [builder.py:474]            [DEBUG]    | Value: https://theposterdb.com/api/assets/52875                                                    |
[2022-11-06 23:36:09,579] [builder.py:472]            [DEBUG]    |                                                                                                    |
[2022-11-06 23:36:09,579] [builder.py:473]            [DEBUG]    | Validating Method: tmdb_collection                                                                 |
[2022-11-06 23:36:09,579] [builder.py:474]            [DEBUG]    | Value: 179919                                                                                      |
[2022-11-06 23:36:09,645] [builder.py:472]            [DEBUG]    |                                                                                                    |
[2022-11-06 23:36:09,645] [builder.py:473]            [DEBUG]    | Validating Method: tmdb_summary                                                                    |
[2022-11-06 23:36:09,645] [builder.py:474]            [DEBUG]    | Value: 179919                                                                                      |
[2022-11-06 23:36:09,646] [builder.py:472]            [DEBUG]    |                                                                                                    |
[2022-11-06 23:36:09,646] [builder.py:473]            [DEBUG]    | Validating Method: sort_title                                                                      |
[2022-11-06 23:36:09,646] [builder.py:474]            [DEBUG]    | Value: 00000f_Percy Jackson                                                                        |
[2022-11-06 23:36:09,646] [builder.py:472]            [DEBUG]    |                                                                                                    |
[2022-11-06 23:36:09,646] [builder.py:473]            [DEBUG]    | Validating Method: radarr_add_missing                                                              |
[2022-11-06 23:36:09,647] [builder.py:474]            [DEBUG]    | Value: True                                                                                        |
[2022-11-06 23:36:09,793] [builder.py:619]            [INFO]     |                                                                                                    |
[2022-11-06 23:36:09,794] [builder.py:620]            [INFO]     | Validation Successful                                                                              |
[2022-11-06 23:36:09,794] [plex_meta_manager.py:758]  [INFO]     |                                                                                                    |
[2022-11-06 23:36:09,795] [util.py:216]               [INFO]     |================================= Running Percy Jackson Collection =================================|
[2022-11-06 23:36:09,795] [plex_meta_manager.py:773]  [INFO]     |                                                                                                    |
[2022-11-06 23:36:09,795] [plex_meta_manager.py:774]  [INFO]     | Sync Mode: sync                                                                                    |
[2022-11-06 23:36:09,795] [builder.py:1275]           [DEBUG]    |                                                                                                    |
[2022-11-06 23:36:09,796] [builder.py:1276]           [DEBUG]    | Builder: tmdb_collection: 179919                                                                   |
[2022-11-06 23:36:09,796] [builder.py:1277]           [INFO]     |                                                                                                    |
[2022-11-06 23:36:09,796] [tmdb.py:323]               [INFO]     | Processing TMDb Collection: (179919) Percy Jackson Collection (2 Items)                            |
[2022-11-06 23:36:09,796] [builder.py:1282]           [DEBUG]    |                                                                                                    |
[2022-11-06 23:36:09,797] [builder.py:1283]           [DEBUG]    | 2 IDs Found: [(32657, 'tmdb'), (76285, 'tmdb')]                                                    |
[2022-11-06 23:36:09,797] [builder.py:1284]           [DEBUG]    |                                                                                                    |
[2022-11-06 23:36:09,856] [builder.py:1697]           [INFO]     |                                                                                                    |
[2022-11-06 23:36:09,856] [util.py:216]               [INFO]     |================================ Adding to Percy Jackson Collection ================================|
[2022-11-06 23:36:09,857] [builder.py:1699]           [INFO]     |                                                                                                    |
[2022-11-06 23:36:09,857] [builder.py:1709]           [INFO]     | 1/2 | Percy Jackson Collection | = | Percy Jackson & the Olympians: The Lightning Thief (2010)     |
[2022-11-06 23:36:09,857] [builder.py:1709]           [INFO]     | 2/2 | Percy Jackson Collection | = | Percy Jackson: Sea of Monsters (2013)                         |
[2022-11-06 23:36:09,858] [builder.py:1734]           [INFO]     |                                                                                                    |
[2022-11-06 23:36:09,859] [builder.py:1735]           [INFO]     | 2 Movies Processed                                                                                 |
[2022-11-06 23:36:09,864] [builder.py:2147]           [INFO]     |                                                                                                    |
[2022-11-06 23:36:09,864] [util.py:216]               [INFO]     |=========================== Updating Details of Percy Jackson Collection ===========================|
[2022-11-06 23:36:09,866] [builder.py:2149]           [INFO]     |                                                                                                    |
[2022-11-06 23:36:09,866] [builder.py:2156]           [INFO]     | Detail: tmdb_summary updated Collection Summary                                                    |
[2022-11-06 23:36:09,867] [builder.py:2258]           [DEBUG]    | 1 posters found:                                                                                   |
[2022-11-06 23:36:09,867] [builder.py:2260]           [DEBUG]    | Method: url_poster Poster: https://theposterdb.com/api/assets/52875                                |
[2022-11-06 23:36:09,867] [builder.py:2327]           [INFO]     | No background collection detail or asset folder found                                              |
[2022-11-06 23:36:09,869] [library.py:147]            [INFO]     | Detail: poster update not needed                                                                   |
[2022-11-06 23:36:10,019] [plex_meta_manager.py:880]  [INFO]     |                                                                                                    |
[2022-11-06 23:36:10,020] [util.py:209]               [INFO]     |====================================================================================================|
[2022-11-06 23:36:10,020] [util.py:216]               [INFO]     |                                 Finished Percy Jackson Collection                                  |
[2022-11-06 23:36:10,021] [util.py:216]               [INFO]     |                                    Collection Run Time: 0:00:00                                    |
[2022-11-06 23:36:10,021] [util.py:220]               [INFO]     |====================================================================================================|
