[2022-07-13 01:15:21,037] [util.py:209]               [INFO]     |====================================================================================================|
[2022-07-13 01:15:21,037] [util.py:216]               [INFO]     |                                    Survival Collection in Anime                                    |
[2022-07-13 01:15:21,038] [util.py:220]               [INFO]     |====================================================================================================|
[2022-07-13 01:15:21,038] [plex_meta_manager.py:750]  [INFO]     |                                                                                                    |
[2022-07-13 01:15:21,038] [util.py:216]               [INFO]     |================================== Validating Survival Attributes ==================================|
[2022-07-13 01:15:21,039] [builder.py:265]            [DEBUG]    |                                                                                                    |
[2022-07-13 01:15:21,039] [builder.py:266]            [DEBUG]    | Validating Method: template                                                                        |
[2022-07-13 01:15:21,039] [meta.py:83]                [DEBUG]    | Value: ordereddict([('name', 'Anime'), ('mal_id', 76), ('poster', None)])                          |
[2022-07-13 01:15:21,040] [builder.py:330]            [DEBUG]    |                                                                                                    |
[2022-07-13 01:15:21,040] [builder.py:331]            [DEBUG]    | Validating Method: sync_mode                                                                       |
[2022-07-13 01:15:21,040] [builder.py:335]            [DEBUG]    | Value: sync                                                                                        |
[2022-07-13 01:15:21,040] [builder.py:453]            [DEBUG]    |                                                                                                    |
[2022-07-13 01:15:21,041] [builder.py:454]            [DEBUG]    | Validating Method: collection_order                                                                |
[2022-07-13 01:15:21,041] [builder.py:455]            [DEBUG]    | Value: alpha                                                                                       |
[2022-07-13 01:15:21,041] [builder.py:472]            [DEBUG]    |                                                                                                    |
[2022-07-13 01:15:21,041] [builder.py:473]            [DEBUG]    | Validating Method: mal_genre                                                                       |
[2022-07-13 01:15:21,041] [builder.py:474]            [DEBUG]    | Value: {'genre_id': 76, 'limit': 999}                                                              |
[2022-07-13 01:15:21,042] [builder.py:472]            [DEBUG]    |                                                                                                    |
[2022-07-13 01:15:21,042] [builder.py:473]            [DEBUG]    | Validating Method: sort_title                                                                      |
[2022-07-13 01:15:21,042] [builder.py:474]            [DEBUG]    | Value: +++_Survival                                                                                |
[2022-07-13 01:15:21,042] [builder.py:472]            [DEBUG]    |                                                                                                    |
[2022-07-13 01:15:21,043] [builder.py:473]            [DEBUG]    | Validating Method: sonarr_add_existing                                                             |
[2022-07-13 01:15:21,043] [builder.py:474]            [DEBUG]    | Value: True                                                                                        |
[2022-07-13 01:15:21,075] [builder.py:619]            [INFO]     |                                                                                                    |
[2022-07-13 01:15:21,075] [builder.py:620]            [INFO]     | Validation Successful                                                                              |
[2022-07-13 01:15:21,076] [plex_meta_manager.py:758]  [INFO]     |                                                                                                    |
[2022-07-13 01:15:21,076] [util.py:216]               [INFO]     |=================================== Running Survival Collection ====================================|
[2022-07-13 01:15:21,076] [plex_meta_manager.py:773]  [INFO]     |                                                                                                    |
[2022-07-13 01:15:21,077] [plex_meta_manager.py:774]  [INFO]     | Sync Mode: sync                                                                                    |
[2022-07-13 01:15:21,077] [builder.py:1275]           [DEBUG]    |                                                                                                    |
[2022-07-13 01:15:21,077] [builder.py:1276]           [DEBUG]    | Builder: mal_genre: {'genre_id': 76, 'limit': 999}                                                 |
[2022-07-13 01:15:21,077] [builder.py:1277]           [INFO]     |                                                                                                    |
[2022-07-13 01:15:21,078] [mal.py:223]                [INFO]     | Processing MyAnimeList Genre ID: 76                                                                |
[2022-07-13 01:15:24,172] [mal.py:239]                [DEBUG]    |                                                                                                    |
[2022-07-13 01:15:24,173] [mal.py:240]                [DEBUG]    | 54 MyAnimeList IDs Found: [16498, 25777, 35760, 38524, 10620, 37779, 40028, 38691, 8074, 6880, 48583, 16592, 40852, 39617, 14345, 38656, 18397, 24765, 384, 32189, 33028, 35076, 39198, 8460, 22687, 1690, 34103, 16512, 51535, 395, 33003, 39456, 19285, 38735, 23777, 23775, 16355, 32071, 31430, 8449, 42091, 6610, 36702, 40602, 24781, 47616, 43555, 709, 40332, 38915, 41194, 40379, 34222, 35266] |
[2022-07-13 01:15:24,174] [convert.py:100]            [ERROR]    | Convert Error: AniDB ID not found for MyAnimeList ID: 18397                                        |
[2022-07-13 01:15:24,174] [convert.py:100]            [ERROR]    | Convert Error: AniDB ID not found for MyAnimeList ID: 384                                          |
[2022-07-13 01:15:24,175] [convert.py:78]             [ERROR]    | Convert Error: No TVDb ID or IMDb ID found for AniDB ID: 17303                                     |
[2022-07-13 01:15:24,175] [convert.py:100]            [ERROR]    | Convert Error: AniDB ID not found for MyAnimeList ID: 395                                          |
[2022-07-13 01:15:24,176] [convert.py:100]            [ERROR]    | Convert Error: AniDB ID not found for MyAnimeList ID: 19285                                        |
[2022-07-13 01:15:24,176] [convert.py:100]            [ERROR]    | Convert Error: AniDB ID not found for MyAnimeList ID: 23777                                        |
[2022-07-13 01:15:24,177] [convert.py:100]            [ERROR]    | Convert Error: AniDB ID not found for MyAnimeList ID: 23775                                        |
[2022-07-13 01:15:24,178] [convert.py:78]             [ERROR]    | Convert Error: No TVDb ID or IMDb ID found for AniDB ID: 10628                                     |
[2022-07-13 01:15:24,179] [convert.py:100]            [ERROR]    | Convert Error: AniDB ID not found for MyAnimeList ID: 47616                                        |
[2022-07-13 01:15:24,179] [convert.py:100]            [ERROR]    | Convert Error: AniDB ID not found for MyAnimeList ID: 43555                                        |
[2022-07-13 01:15:24,179] [convert.py:78]             [ERROR]    | Convert Error: No TVDb ID or IMDb ID found for AniDB ID: 15064                                     |
[2022-07-13 01:15:24,180] [convert.py:78]             [ERROR]    | Convert Error: No TVDb ID or IMDb ID found for AniDB ID: 14568                                     |
[2022-07-13 01:15:24,180] [convert.py:100]            [ERROR]    | Convert Error: AniDB ID not found for MyAnimeList ID: 41194                                        |
[2022-07-13 01:15:24,180] [convert.py:100]            [ERROR]    | Convert Error: AniDB ID not found for MyAnimeList ID: 40379                                        |
[2022-07-13 01:15:24,180] [convert.py:78]             [ERROR]    | Convert Error: No TVDb ID or IMDb ID found for AniDB ID: 12465                                     |
[2022-07-13 01:15:24,181] [convert.py:100]            [ERROR]    | Convert Error: AniDB ID not found for MyAnimeList ID: 35266                                        |
[2022-07-13 01:15:24,181] [builder.py:1282]           [DEBUG]    |                                                                                                    |
[2022-07-13 01:15:24,181] [builder.py:1283]           [DEBUG]    | 38 IDs Found: [(267440, 'tvdb'), (267440, 'tvdb'), (267440, 'tvdb'), (267440, 'tvdb'), (249827, 'tvdb'), (348002, 'tvdb'), (267440, 'tvdb'), (355774, 'tvdb'), (171591, 'tvdb'), (247997, 'tvdb'), (267440, 'tvdb'), (270058, 'tvdb'), (355774, 'tvdb'), (348002, 'tvdb'), (262095, 'tvdb'), (355220, 'tvdb'), (283946, 'tvdb'), (270058, 'tvdb'), (314361, 'tvdb'), (333709, 'tvdb'), (361456, 'tvdb'), (249827, 'tvdb'), (279828, 'tvdb'), (80111, 'tvdb'), (314361, 'tvdb'), (267434, 'tvdb'), (316815, 'tvdb'), (362052, 'tvdb'), (356032, 'tvdb'), (267649, 'tvdb'), (396263, 'tmdb'), (279828, 'tvdb'), (193831, 'tvdb'), (714194, 'tmdb'), (50388, 'tmdb'), (492999, 'tmdb'), (356032, 'tvdb'), (84660, 'tvdb')] |
[2022-07-13 01:15:24,181] [builder.py:1284]           [DEBUG]    |                                                                                                    |
[2022-07-13 01:15:24,334] [builder.py:1697]           [INFO]     |                                                                                                    |
[2022-07-13 01:15:24,335] [util.py:216]               [INFO]     |================================== Adding to Survival Collection ===================================|
[2022-07-13 01:15:24,335] [builder.py:1699]           [INFO]     |                                                                                                    |
[2022-07-13 01:15:24,335] [builder.py:1709]           [INFO]     | 1/1 | Survival Collection | = | Attack on Titan                                                    |
[2022-07-13 01:15:24,336] [builder.py:1734]           [INFO]     |                                                                                                    |
[2022-07-13 01:15:24,336] [builder.py:1735]           [INFO]     | 1 Show Processed                                                                                   |
[2022-07-13 01:15:24,336] [builder.py:1929]           [INFO]     |                                                                                                    |
[2022-07-13 01:15:24,336] [util.py:216]               [INFO]     |============================== Missing Movies from Library: Survival ===============================|
[2022-07-13 01:15:24,337] [builder.py:1931]           [INFO]     |                                                                                                    |
[2022-07-13 01:15:24,337] [builder.py:1943]           [INFO]     | Survival Collection | ? | Gantz:O (2016) (TMDb: 396263)                                            |
[2022-07-13 01:15:24,338] [builder.py:1943]           [INFO]     | Survival Collection | ? | Attack on Titan: Chronicle (2020) (TMDb: 714194)                         |
[2022-07-13 01:15:24,339] [builder.py:1943]           [INFO]     | Survival Collection | ? | King of Thorn (2009) (TMDb: 50388)                                       |
[2022-07-13 01:15:24,340] [builder.py:1943]           [INFO]     | Survival Collection | ? | Attack on Titan: The Roar of Awakening (2018) (TMDb: 492999)             |
[2022-07-13 01:15:24,340] [builder.py:1947]           [INFO]     |                                                                                                    |
[2022-07-13 01:15:24,340] [builder.py:1948]           [INFO]     | 4 Movies Missing                                                                                   |
[2022-07-13 01:15:25,095] [builder.py:1969]           [INFO]     |                                                                                                    |
[2022-07-13 01:15:25,096] [util.py:216]               [INFO]     |=============================== Missing Shows from Library: Survival ===============================|
[2022-07-13 01:15:25,096] [builder.py:1971]           [INFO]     |                                                                                                    |
[2022-07-13 01:15:25,850] [builder.py:1982]           [INFO]     | Survival Collection | ? | The Future Diary (TVDB: 249827)                                          |
[2022-07-13 01:15:26,528] [builder.py:1982]           [INFO]     | Survival Collection | ? | The Promised Neverland (TVDB: 348002)                                    |
[2022-07-13 01:15:27,088] [builder.py:1982]           [INFO]     | Survival Collection | ? | Dr. Stone (TVDB: 355774)                                                 |
[2022-07-13 01:15:27,632] [builder.py:1982]           [INFO]     | Survival Collection | ? | High School of the Dead (TVDB: 171591)                                   |
[2022-07-13 01:15:28,135] [builder.py:1982]           [INFO]     | Survival Collection | ? | Deadman Wonderland (TVDB: 247997)                                        |
[2022-07-13 01:15:28,670] [builder.py:1982]           [INFO]     | Survival Collection | ? | Danganronpa: The Animation (TVDB: 270058)                                |
[2022-07-13 01:15:29,155] [builder.py:1982]           [INFO]     | Survival Collection | ? | Btooom! (TVDB: 262095)                                                   |
[2022-07-13 01:15:29,636] [builder.py:1982]           [INFO]     | Survival Collection | ? | Darwin's Game (TVDB: 355220)                                             |
[2022-07-13 01:15:30,103] [builder.py:1982]           [INFO]     | Survival Collection | ? | School-Live! (TVDB: 283946)                                              |
[2022-07-13 01:15:30,759] [builder.py:1982]           [INFO]     | Survival Collection | ? | Danganronpa 3: The End of Hope's Peak Academy Side: Despair (TVDB: 314361) |
[2022-07-13 01:15:31,182] [builder.py:1982]           [INFO]     | Survival Collection | ? | Juni Taisen: Zodiac War (TVDB: 333709)                                   |
[2022-07-13 01:15:31,656] [builder.py:1982]           [INFO]     | Survival Collection | ? | Astra Lost in Space (TVDB: 361456)                                       |
[2022-07-13 01:15:32,407] [builder.py:1982]           [INFO]     | Survival Collection | ? | Terra Formars (TVDB: 279828)                                             |
[2022-07-13 01:15:32,896] [builder.py:1982]           [INFO]     | Survival Collection | ? | Bokurano (TVDB: 80111)                                                   |
[2022-07-13 01:15:33,305] [builder.py:1982]           [INFO]     | Survival Collection | ? | Devil Survivor 2: The Animation (TVDB: 267434)                           |
[2022-07-13 01:15:33,800] [builder.py:1982]           [INFO]     | Survival Collection | ? | Magical Girl Raising Project (TVDB: 316815)                              |
[2022-07-13 01:15:34,185] [builder.py:1982]           [INFO]     | Survival Collection | ? | Are You Lost? (TVDB: 362052)                                             |
[2022-07-13 01:15:34,631] [builder.py:1982]           [INFO]     | Survival Collection | ? | 7Seeds (TVDB: 356032)                                                    |
[2022-07-13 01:15:34,996] [builder.py:1982]           [INFO]     | Survival Collection | ? | The Severing Crime Edge (TVDB: 267649)                                   |
[2022-07-13 01:15:35,404] [builder.py:1982]           [INFO]     | Survival Collection | ? | Togainu no Chi: Bloody Curs (TVDB: 193831)                               |
[2022-07-13 01:15:35,814] [builder.py:1982]           [INFO]     | Survival Collection | ? | Uninhabited Planet SURVIVE (TVDB: 84660)                                 |
[2022-07-13 01:15:35,815] [builder.py:1986]           [INFO]     |                                                                                                    |
[2022-07-13 01:15:35,815] [builder.py:1987]           [INFO]     | 21 Shows Missing                                                                                   |
[2022-07-13 01:15:36,486] [builder.py:2147]           [INFO]     |                                                                                                    |
[2022-07-13 01:15:36,487] [util.py:216]               [INFO]     |============================= Updating Details of Survival Collection ==============================|
[2022-07-13 01:15:36,487] [builder.py:2149]           [INFO]     |                                                                                                    |
[2022-07-13 01:15:36,488] [builder.py:2294]           [INFO]     | No poster collection detail or asset folder found                                                  |
[2022-07-13 01:15:36,488] [builder.py:2327]           [INFO]     | No background collection detail or asset folder found                                              |
[2022-07-13 01:15:36,518] [builder.py:2023]           [INFO]     |                                                                                                    |
[2022-07-13 01:15:36,519] [util.py:216]               [INFO]     |======================= Updating Details of the Items in Survival Collection =======================|
[2022-07-13 01:15:36,519] [builder.py:2025]           [INFO]     |                                                                                                    |
[2022-07-13 01:15:36,650] [sonarr.py:66]              [INFO]     |                                                                                                    |
[2022-07-13 01:15:36,651] [util.py:216]               [INFO]     |==================================== Adding Existing to Sonarr =====================================|
[2022-07-13 01:15:36,651] [sonarr.py:68]              [DEBUG]    |                                                                                                    |
[2022-07-13 01:15:36,651] [sonarr.py:69]              [DEBUG]    | Sonarr Adds:                                                                                       |
[2022-07-13 01:15:36,652] [sonarr.py:71]              [DEBUG]    | (267440, 'D:\\Anime\\Attack on Titan (2013) [tvdb-267440]')                                        |
[2022-07-13 01:15:36,875] [sonarr.py:162]             [INFO]     |                                                                                                    |
[2022-07-13 01:15:36,875] [sonarr.py:170]             [INFO]     | Skipped: In Cache | (267440, 'D:\\Anime\\Attack on Titan (2013) [tvdb-267440]')                    |
[2022-07-13 01:15:36,875] [sonarr.py:171]             [INFO]     | 1 Series already exist in Sonarr                                                                   |
[2022-07-13 01:15:36,876] [plex_meta_manager.py:880]  [INFO]     |                                                                                                    |
[2022-07-13 01:15:36,876] [util.py:209]               [INFO]     |====================================================================================================|
[2022-07-13 01:15:36,877] [util.py:216]               [INFO]     |                                    Finished Survival Collection                                    |
[2022-07-13 01:15:36,877] [util.py:216]               [INFO]     |                                    Collection Run Time: 0:00:15                                    |
[2022-07-13 01:15:36,877] [util.py:220]               [INFO]     |====================================================================================================|
