[2022-11-23 02:03:52,995] [util.py:209]               [INFO]     |====================================================================================================|
[2022-11-23 02:03:52,995] [util.py:216]               [INFO]     |                                    HGTV Collection in TV Shows                                     |
[2022-11-23 02:03:52,995] [util.py:220]               [INFO]     |====================================================================================================|
[2022-11-23 02:03:52,995] [plex_meta_manager.py:750]  [INFO]     |                                                                                                    |
[2022-11-23 02:03:52,996] [util.py:216]               [INFO]     |==================================== Validating HGTV Attributes ====================================|
[2022-11-23 02:03:52,996] [builder.py:265]            [DEBUG]    |                                                                                                    |
[2022-11-23 02:03:52,996] [builder.py:266]            [DEBUG]    | Validating Method: template                                                                        |
[2022-11-23 02:03:52,997] [meta.py:83]                [DEBUG]    | Value: ordereddict([('name', 'network'), ('network', 210), ('poster', 'https://theposterdb.com/api/assets/98967')]) |
[2022-11-23 02:03:52,997] [builder.py:330]            [DEBUG]    |                                                                                                    |
[2022-11-23 02:03:52,997] [builder.py:331]            [DEBUG]    | Validating Method: sync_mode                                                                       |
[2022-11-23 02:03:52,997] [builder.py:335]            [DEBUG]    | Value: sync                                                                                        |
[2022-11-23 02:03:52,997] [builder.py:453]            [DEBUG]    |                                                                                                    |
[2022-11-23 02:03:52,998] [builder.py:454]            [DEBUG]    | Validating Method: collection_order                                                                |
[2022-11-23 02:03:52,998] [builder.py:455]            [DEBUG]    | Value: alpha                                                                                       |
[2022-11-23 02:03:52,998] [builder.py:472]            [DEBUG]    |                                                                                                    |
[2022-11-23 02:03:52,998] [builder.py:473]            [DEBUG]    | Validating Method: tmdb_network                                                                    |
[2022-11-23 02:03:52,998] [builder.py:474]            [DEBUG]    | Value: 210                                                                                         |
[2022-11-23 02:03:53,154] [builder.py:472]            [DEBUG]    |                                                                                                    |
[2022-11-23 02:03:53,154] [builder.py:473]            [DEBUG]    | Validating Method: url_poster                                                                      |
[2022-11-23 02:03:53,154] [builder.py:474]            [DEBUG]    | Value: https://theposterdb.com/api/assets/98967                                                    |
[2022-11-23 02:03:53,155] [builder.py:472]            [DEBUG]    |                                                                                                    |
[2022-11-23 02:03:53,155] [builder.py:473]            [DEBUG]    | Validating Method: sort_title                                                                      |
[2022-11-23 02:03:53,155] [builder.py:474]            [DEBUG]    | Value: +2_HGTV                                                                                     |
[2022-11-23 02:03:53,158] [plex.py:687]               [DEBUG]    | Looking for: HGTV                                                                                  |
[2022-11-23 02:03:53,158] [builder.py:619]            [INFO]     |                                                                                                    |
[2022-11-23 02:03:53,159] [builder.py:620]            [INFO]     | Validation Successful                                                                              |
[2022-11-23 02:03:53,160] [plex_meta_manager.py:758]  [INFO]     |                                                                                                    |
[2022-11-23 02:03:53,160] [util.py:216]               [INFO]     |===================================== Running HGTV Collection ======================================|
[2022-11-23 02:03:53,161] [plex_meta_manager.py:773]  [INFO]     |                                                                                                    |
[2022-11-23 02:03:53,161] [plex_meta_manager.py:774]  [INFO]     | Sync Mode: sync                                                                                    |
[2022-11-23 02:03:53,161] [builder.py:1275]           [DEBUG]    |                                                                                                    |
[2022-11-23 02:03:53,162] [builder.py:1276]           [DEBUG]    | Builder: tmdb_network: 210                                                                         |
[2022-11-23 02:03:53,162] [builder.py:1277]           [INFO]     |                                                                                                    |
[2022-11-23 02:03:54,425] [tmdb.py:282]               [INFO]     | Processing TMDb Network: (210) HGTV (200 Shows)                                                    |
[2022-11-23 02:03:54,426] [builder.py:1282]           [DEBUG]    |                                                                                                    |
[2022-11-23 02:03:54,426] [builder.py:1283]           [DEBUG]    | 200 IDs Found: [(29173, 'tmdb_show'), (6480, 'tmdb_show'), (76632, 'tmdb_show'), (19358, 'tmdb_show'), (37135, 'tmdb_show'), (100347, 'tmdb_show'), (62618, 'tmdb_show'), (59772, 'tmdb_show'), (71359, 'tmdb_show'), (71956, 'tmdb_show'), (69950, 'tmdb_show'), (24303, 'tmdb_show'), (10619, 'tmdb_show'), (35058, 'tmdb_show'), (33927, 'tmdb_show'), (89724, 'tmdb_show'), (77684, 'tmdb_show'), (12261, 'tmdb_show'), (60911, 'tmdb_show'), (13319, 'tmdb_show'), (77685, 'tmdb_show'), (13512, 'tmdb_show'), (67392, 'tmdb_show'), (13009, 'tmdb_show'), (20457, 'tmdb_show'), (57758, 'tmdb_show'), (44182, 'tmdb_show'), (83466, 'tmdb_show'), (79895, 'tmdb_show'), (72775, 'tmdb_show'), (24347, 'tmdb_show'), (92609, 'tmdb_show'), (88962, 'tmdb_show'), (121930, 'tmdb_show'), (124300, 'tmdb_show'), (94521, 'tmdb_show'), (26058, 'tmdb_show'), (18049, 'tmdb_show'), (123773, 'tmdb_show'), (117004, 'tmdb_show'), (13502, 'tmdb_show'), (88286, 'tmdb_show'), (105692, 'tmdb_show'), (86385, 'tmdb_show'), (89866, 'tmdb_show'), (94702, 'tmdb_show'), (155185, 'tmdb_show'), (25458, 'tmdb_show'), (207504, 'tmdb_show'), (11575, 'tmdb_show'), (204042, 'tmdb_show'), (154775, 'tmdb_show'), (206019, 'tmdb_show'), (106748, 'tmdb_show'), (209650, 'tmdb_show'), (37364, 'tmdb_show'), (211976, 'tmdb_show'), (25168, 'tmdb_show'), (109611, 'tmdb_show'), (115064, 'tmdb_show'), (14709, 'tmdb_show'), (120298, 'tmdb_show'), (55493, 'tmdb_show'), (108390, 'tmdb_show'), (128984, 'tmdb_show'), (85067, 'tmdb_show'), (119332, 'tmdb_show'), (209965, 'tmdb_show'), (133191, 'tmdb_show'), (125187, 'tmdb_show'), (125136, 'tmdb_show'), (92231, 'tmdb_show'), (75637, 'tmdb_show'), (75087, 'tmdb_show'), (68191, 'tmdb_show'), (27569, 'tmdb_show'), (24188, 'tmdb_show'), (31134, 'tmdb_show'), (92608, 'tmdb_show'), (208815, 'tmdb_show'), (92040, 'tmdb_show'), (71856, 'tmdb_show'), (155935, 'tmdb_show'), (60636, 'tmdb_show'), (43533, 'tmdb_show'), (21120, 'tmdb_show'), (154033, 'tmdb_show'), (135921, 'tmdb_show'), (116367, 'tmdb_show'), (13240, 'tmdb_show'), (49969, 'tmdb_show'), (30139, 'tmdb_show'), (202377, 'tmdb_show'), (208756, 'tmdb_show'), (100892, 'tmdb_show'), (118092, 'tmdb_show'), (116089, 'tmdb_show'), (91103, 'tmdb_show'), (29101, 'tmdb_show'), (22643, 'tmdb_show'), (124386, 'tmdb_show'), (69058, 'tmdb_show'), (123075, 'tmdb_show'), (21923, 'tmdb_show'), (62220, 'tmdb_show'), (73446, 'tmdb_show'), (117080, 'tmdb_show'), (79260, 'tmdb_show'), (81110, 'tmdb_show'), (125919, 'tmdb_show'), (119839, 'tmdb_show'), (46765, 'tmdb_show'), (73083, 'tmdb_show'), (158777, 'tmdb_show'), (16600, 'tmdb_show'), (104791, 'tmdb_show'), (82285, 'tmdb_show'), (65821, 'tmdb_show'), (210035, 'tmdb_show'), (152557, 'tmdb_show'), (208962, 'tmdb_show'), (201248, 'tmdb_show'), (121266, 'tmdb_show'), (80076, 'tmdb_show'), (44776, 'tmdb_show'), (27082, 'tmdb_show'), (25136, 'tmdb_show'), (16687, 'tmdb_show'), (88736, 'tmdb_show'), (17405, 'tmdb_show'), (155024, 'tmdb_show'), (43912, 'tmdb_show'), (104304, 'tmdb_show'), (134693, 'tmdb_show'), (20701, 'tmdb_show'), (72988, 'tmdb_show'), (23057, 'tmdb_show'), (120523, 'tmdb_show'), (209974, 'tmdb_show'), (209899, 'tmdb_show'), (209116, 'tmdb_show'), (208824, 'tmdb_show'), (206097, 'tmdb_show'), (201134, 'tmdb_show'), (197403, 'tmdb_show'), (197140, 'tmdb_show'), (196674, 'tmdb_show'), (154006, 'tmdb_show'), (152316, 'tmdb_show'), (135593, 'tmdb_show'), (135202, 'tmdb_show'), (132942, 'tmdb_show'), (128514, 'tmdb_show'), (125947, 'tmdb_show'), (125870, 'tmdb_show'), (122362, 'tmdb_show'), (122200, 'tmdb_show'), (117365, 'tmdb_show'), (116720, 'tmdb_show'), (114637, 'tmdb_show'), (106186, 'tmdb_show'), (101735, 'tmdb_show'), (101470, 'tmdb_show'), (93450, 'tmdb_show'), (92411, 'tmdb_show'), (90764, 'tmdb_show'), (90559, 'tmdb_show'), (90453, 'tmdb_show'), (77167, 'tmdb_show'), (75842, 'tmdb_show'), (75840, 'tmdb_show'), (74413, 'tmdb_show'), (71934, 'tmdb_show'), (67044, 'tmdb_show'), (63363, 'tmdb_show'), (61261, 'tmdb_show'), (60997, 'tmdb_show'), (43709, 'tmdb_show'), (42281, 'tmdb_show'), (40062, 'tmdb_show'), (40055, 'tmdb_show'), (37483, 'tmdb_show'), (33075, 'tmdb_show'), (32319, 'tmdb_show'), (31918, 'tmdb_show'), (31671, 'tmdb_show'), (30840, 'tmdb_show'), (29967, 'tmdb_show'), (29869, 'tmdb_show'), (27363, 'tmdb_show'), (27079, 'tmdb_show'), (24937, 'tmdb_show'), (22735, 'tmdb_show'), (22328, 'tmdb_show'), (18803, 'tmdb_show'), (15323, 'tmdb_show'), (14353, 'tmdb_show'), (14220, 'tmdb_show'), (13741, 'tmdb_show'), (4691, 'tmdb_show')] |
[2022-11-23 02:03:54,427] [builder.py:1284]           [DEBUG]    |                                                                                                    |
[2022-11-23 02:03:54,552] [builder.py:1361]           [ERROR]    | Convert Error: No TVDb ID Found for TMDb ID: 77685                                                 |
[2022-11-23 02:03:54,663] [builder.py:1361]           [ERROR]    | Convert Error: No TVDb ID Found for TMDb ID: 20457                                                 |
[2022-11-23 02:03:54,794] [builder.py:1361]           [ERROR]    | Convert Error: No TVDb ID Found for TMDb ID: 155185                                                |
[2022-11-23 02:03:54,935] [builder.py:1361]           [ERROR]    | Convert Error: No TVDb ID Found for TMDb ID: 25458                                                 |
[2022-11-23 02:03:55,045] [builder.py:1361]           [ERROR]    | Convert Error: No TVDb ID Found for TMDb ID: 206019                                                |
[2022-11-23 02:03:55,142] [builder.py:1361]           [ERROR]    | Convert Error: No TVDb ID Found for TMDb ID: 209650                                                |
[2022-11-23 02:03:55,271] [builder.py:1361]           [ERROR]    | Convert Error: No TVDb ID Found for TMDb ID: 85067                                                 |
[2022-11-23 02:03:55,389] [builder.py:1361]           [ERROR]    | Convert Error: No TVDb ID Found for TMDb ID: 92608                                                 |
[2022-11-23 02:03:55,531] [builder.py:1361]           [ERROR]    | Convert Error: No TVDb ID Found for TMDb ID: 71856                                                 |
[2022-11-23 02:03:55,639] [builder.py:1361]           [ERROR]    | Convert Error: No TVDb ID Found for TMDb ID: 21120                                                 |
[2022-11-23 02:03:55,746] [builder.py:1361]           [ERROR]    | Convert Error: No TVDb ID Found for TMDb ID: 13240                                                 |
[2022-11-23 02:03:55,882] [builder.py:1361]           [ERROR]    | Convert Error: No TVDb ID Found for TMDb ID: 100892                                                |
[2022-11-23 02:03:56,001] [builder.py:1361]           [ERROR]    | Convert Error: No TVDb ID Found for TMDb ID: 116089                                                |
[2022-11-23 02:03:56,112] [builder.py:1361]           [ERROR]    | Convert Error: No TVDb ID Found for TMDb ID: 73446                                                 |
[2022-11-23 02:03:56,220] [builder.py:1361]           [ERROR]    | Convert Error: No TVDb ID Found for TMDb ID: 79260                                                 |
[2022-11-23 02:03:56,326] [builder.py:1361]           [ERROR]    | Convert Error: No TVDb ID Found for TMDb ID: 81110                                                 |
[2022-11-23 02:03:56,428] [builder.py:1361]           [ERROR]    | Convert Error: No TVDb ID Found for TMDb ID: 125919                                                |
[2022-11-23 02:03:56,538] [builder.py:1361]           [ERROR]    | Convert Error: No TVDb ID Found for TMDb ID: 119839                                                |
[2022-11-23 02:03:56,647] [builder.py:1361]           [ERROR]    | Convert Error: No TVDb ID Found for TMDb ID: 73083                                                 |
[2022-11-23 02:03:56,752] [builder.py:1361]           [ERROR]    | Convert Error: No TVDb ID Found for TMDb ID: 44776                                                 |
[2022-11-23 02:03:56,889] [builder.py:1361]           [ERROR]    | Convert Error: No TVDb ID Found for TMDb ID: 20701                                                 |
[2022-11-23 02:03:56,996] [builder.py:1361]           [ERROR]    | Convert Error: No TVDb ID Found for TMDb ID: 72988                                                 |
[2022-11-23 02:03:57,136] [builder.py:1361]           [ERROR]    | Convert Error: No TVDb ID Found for TMDb ID: 23057                                                 |
[2022-11-23 02:03:57,237] [builder.py:1361]           [ERROR]    | Convert Error: No TVDb ID Found for TMDb ID: 120523                                                |
[2022-11-23 02:03:57,340] [builder.py:1361]           [ERROR]    | Convert Error: No TVDb ID Found for TMDb ID: 206097                                                |
[2022-11-23 02:03:57,467] [builder.py:1361]           [ERROR]    | Convert Error: No TVDb ID Found for TMDb ID: 154006                                                |
[2022-11-23 02:03:57,567] [builder.py:1361]           [ERROR]    | Convert Error: No TVDb ID Found for TMDb ID: 152316                                                |
[2022-11-23 02:03:57,678] [builder.py:1361]           [ERROR]    | Convert Error: No TVDb ID Found for TMDb ID: 122362                                                |
[2022-11-23 02:03:57,786] [builder.py:1361]           [ERROR]    | Convert Error: No TVDb ID Found for TMDb ID: 116720                                                |
[2022-11-23 02:03:57,909] [builder.py:1361]           [ERROR]    | Convert Error: No TVDb ID Found for TMDb ID: 101470                                                |
[2022-11-23 02:03:58,016] [builder.py:1361]           [ERROR]    | Convert Error: No TVDb ID Found for TMDb ID: 92411                                                 |
[2022-11-23 02:03:58,130] [builder.py:1361]           [ERROR]    | Convert Error: No TVDb ID Found for TMDb ID: 43709                                                 |
[2022-11-23 02:03:58,238] [builder.py:1361]           [ERROR]    | Convert Error: No TVDb ID Found for TMDb ID: 42281                                                 |
[2022-11-23 02:03:58,349] [builder.py:1361]           [ERROR]    | Convert Error: No TVDb ID Found for TMDb ID: 40062                                                 |
[2022-11-23 02:03:58,447] [builder.py:1361]           [ERROR]    | Convert Error: No TVDb ID Found for TMDb ID: 40055                                                 |
[2022-11-23 02:03:58,557] [builder.py:1361]           [ERROR]    | Convert Error: No TVDb ID Found for TMDb ID: 31918                                                 |
[2022-11-23 02:03:58,663] [builder.py:1361]           [ERROR]    | Convert Error: No TVDb ID Found for TMDb ID: 31671                                                 |
[2022-11-23 02:03:58,771] [builder.py:1361]           [ERROR]    | Convert Error: No TVDb ID Found for TMDb ID: 30840                                                 |
[2022-11-23 02:03:58,881] [builder.py:1361]           [ERROR]    | Convert Error: No TVDb ID Found for TMDb ID: 29869                                                 |
[2022-11-23 02:03:58,981] [builder.py:1361]           [ERROR]    | Convert Error: No TVDb ID Found for TMDb ID: 27363                                                 |
[2022-11-23 02:03:59,091] [builder.py:1361]           [ERROR]    | Convert Error: No TVDb ID Found for TMDb ID: 18803                                                 |
[2022-11-23 02:03:59,203] [builder.py:1361]           [ERROR]    | Convert Error: No TVDb ID Found for TMDb ID: 15323                                                 |
[2022-11-23 02:03:59,311] [builder.py:1361]           [ERROR]    | Convert Error: No TVDb ID Found for TMDb ID: 14353                                                 |
[2022-11-23 02:03:59,438] [builder.py:1361]           [ERROR]    | Convert Error: No TVDb ID Found for TMDb ID: 14220                                                 |
[2022-11-23 02:03:59,545] [builder.py:1361]           [ERROR]    | Convert Error: No TVDb ID Found for TMDb ID: 13741                                                 |
[2022-11-23 02:03:59,656] [builder.py:1361]           [ERROR]    | Convert Error: No TVDb ID Found for TMDb ID: 4691                                                  |
[2022-11-23 02:03:59,657] [plex_meta_manager.py:797]  [INFO]     |                                                                                                    |
[2022-11-23 02:03:59,657] [plex_meta_manager.py:798]  [INFO]     | Collection Minimum: 1 not met for HGTV Collection                                                  |
[2022-11-23 02:03:59,658] [builder.py:1969]           [INFO]     |                                                                                                    |
[2022-11-23 02:03:59,658] [util.py:216]               [INFO]     |================================= Missing Shows from Library: HGTV =================================|
[2022-11-23 02:03:59,658] [builder.py:1971]           [INFO]     |                                                                                                    |
[2022-11-23 02:04:02,555] [builder.py:1982]           [INFO]     | HGTV Collection | ? | House Hunters International (TVDB: 183411)                                   |
[2022-11-23 02:04:05,964] [builder.py:1982]           [INFO]     | HGTV Collection | ? | House Hunters (TVDB: 73182)                                                  |
[2022-11-23 02:04:06,589] [builder.py:1982]           [INFO]     | HGTV Collection | ? | Beachfront Bargain Hunt (TVDB: 275886)                                       |
[2022-11-23 02:04:06,862] [builder.py:1982]           [INFO]     | HGTV Collection | ? | The Carol Duvall Show (TVDB: 256363)                                         |
[2022-11-23 02:04:07,289] [builder.py:1982]           [INFO]     | HGTV Collection | ? | Yard Crashers (TVDB: 111281)                                                 |
[2022-11-23 02:04:07,550] [builder.py:1982]           [INFO]     | HGTV Collection | ? | Celebrity IOU (TVDB: 378550)                                                 |
[2022-11-23 02:04:07,989] [builder.py:1982]           [INFO]     | HGTV Collection | ? | Flip or Flop (TVDB: 276812)                                                  |
[2022-11-23 02:04:08,430] [builder.py:1982]           [INFO]     | HGTV Collection | ? | Flea Market Flip (TVDB: 262644)                                              |
[2022-11-23 02:04:08,733] [builder.py:1982]           [INFO]     | HGTV Collection | ? | Home Town (TVDB: 325186)                                                     |
[2022-11-23 02:04:09,031] [builder.py:1982]           [INFO]     | HGTV Collection | ? | Good Bones (TVDB: 309057)                                                    |
[2022-11-23 02:04:09,560] [builder.py:1982]           [INFO]     | HGTV Collection | ? | Caribbean Life (TVDB: 280394)                                                |
[2022-11-23 02:04:09,922] [builder.py:1982]           [INFO]     | HGTV Collection | ? | Bang for your Buck (TVDB: 274977)                                            |
[2022-11-23 02:04:10,176] [builder.py:1982]           [INFO]     | HGTV Collection | ? | Designed to Sell (TVDB: 275678)                                              |
[2022-11-23 02:04:10,637] [builder.py:1982]           [INFO]     | HGTV Collection | ? | Property Brothers (TVDB: 254292)                                             |
[2022-11-23 02:04:11,130] [builder.py:1982]           [INFO]     | HGTV Collection | ? | Love It or List It (TVDB: 262419)                                            |
[2022-11-23 02:04:11,564] [builder.py:1982]           [INFO]     | HGTV Collection | ? | Property Brothers: Forever Home (TVDB: 360123)                               |
[2022-11-23 02:04:11,940] [builder.py:1982]           [INFO]     | HGTV Collection | ? | My Lottery Dream Home (TVDB: 322630)                                         |
[2022-11-23 02:04:12,329] [builder.py:1982]           [INFO]     | HGTV Collection | ? | Holmes on Homes (TVDB: 80258)                                                |
[2022-11-23 02:04:12,690] [builder.py:1982]           [INFO]     | HGTV Collection | ? | Fixer Upper (TVDB: 281053)                                                   |
[2022-11-23 02:04:13,001] [builder.py:1982]           [INFO]     | HGTV Collection | ? | Design on a Dime (TVDB: 72804)                                               |
[2022-11-23 02:04:13,208] [builder.py:1982]           [INFO]     | HGTV Collection | ? | Designing For The Sexes (TVDB: 71540)                                        |
[2022-11-23 02:04:13,518] [builder.py:1982]           [INFO]     | HGTV Collection | ? | Property Brothers: Buying and Selling (TVDB: 261623)                         |
[2022-11-23 02:04:13,774] [builder.py:1982]           [INFO]     | HGTV Collection | ? | Buy Me (TVDB: 80492)                                                         |
[2022-11-23 02:04:14,059] [builder.py:1982]           [INFO]     | HGTV Collection | ? | Brother vs. Brother (TVDB: 271857)                                           |
[2022-11-23 02:04:14,336] [builder.py:1982]           [INFO]     | HGTV Collection | ? | Leave it to Bryan (TVDB: 267612)                                             |
[2022-11-23 02:04:14,644] [builder.py:1982]           [INFO]     | HGTV Collection | ? | Bahamas Life (TVDB: 346347)                                                  |
[2022-11-23 02:04:15,011] [builder.py:1982]           [INFO]     | HGTV Collection | ? | Beach Hunters (TVDB: 331581)                                                 |
[2022-11-23 02:04:15,276] [builder.py:1982]           [INFO]     | HGTV Collection | ? | Beachfront Bargain Hunt: Renovation (TVDB: 315689)                           |
[2022-11-23 02:04:15,457] [builder.py:1982]           [INFO]     | HGTV Collection | ? | Weekend Warriors (TVDB: 423813)                                              |
[2022-11-23 02:04:15,685] [builder.py:1982]           [INFO]     | HGTV Collection | ? | Supermarket Stakeout (TVDB: 367769)                                          |
[2022-11-23 02:04:15,973] [builder.py:1982]           [INFO]     | HGTV Collection | ? | Mexico Life (TVDB: 329514)                                                   |
[2022-11-23 02:04:16,209] [builder.py:1982]           [INFO]     | HGTV Collection | ? | No Demo Reno (TVDB: 397827)                                                  |
[2022-11-23 02:04:16,431] [builder.py:1982]           [INFO]     | HGTV Collection | ? | Home Town Takeover (TVDB: 392433)                                            |
[2022-11-23 02:04:16,671] [builder.py:1982]           [INFO]     | HGTV Collection | ? | Fixer to Fabulous (TVDB: 370883)                                             |
[2022-11-23 02:04:16,723] [builder.py:1977]           [ERROR]    | TVDb Error: Could not find a TVDb Series using TVDb Series ID: 165721                              |
[2022-11-23 02:04:17,192] [builder.py:1982]           [INFO]     | HGTV Collection | ? | Property Virgins (TVDB: 93351)                                               |
[2022-11-23 02:04:17,408] [builder.py:1982]           [INFO]     | HGTV Collection | ? | Curb Appeal: The Block (TVDB: 365990)                                        |
[2022-11-23 02:04:17,608] [builder.py:1982]           [INFO]     | HGTV Collection | ? | Flipping 101 with Tarek El Moussa (TVDB: 369974)                             |
[2022-11-23 02:04:17,858] [builder.py:1982]           [INFO]     | HGTV Collection | ? | Divine Design (TVDB: 78977)                                                  |
[2022-11-23 02:04:18,044] [builder.py:1982]           [INFO]     | HGTV Collection | ? | Mediterranean Life (TVDB: 380500)                                            |
[2022-11-23 02:04:18,254] [builder.py:1982]           [INFO]     | HGTV Collection | ? | Flipping Across America (TVDB: 384926)                                       |
[2022-11-23 02:04:18,514] [builder.py:1982]           [INFO]     | HGTV Collection | ? | Windy City Rehab (TVDB: 356798)                                              |
[2022-11-23 02:04:18,784] [builder.py:1982]           [INFO]     | HGTV Collection | ? | Christina on the Coast (TVDB: 361948)                                        |
[2022-11-23 02:04:19,023] [builder.py:1982]           [INFO]     | HGTV Collection | ? | Rock the Block (TVDB: 369775)                                                |
[2022-11-23 02:04:19,216] [builder.py:1982]           [INFO]     | HGTV Collection | ? | Flip to a Million (TVDB: 423097)                                             |
[2022-11-23 02:04:19,521] [builder.py:1982]           [INFO]     | HGTV Collection | ? | HGTV Star (TVDB: 106691)                                                     |
[2022-11-23 02:04:19,688] [builder.py:1982]           [INFO]     | HGTV Collection | ? | The Great Giveback with Melissa and Jenna (TVDB: 421819)                     |
[2022-11-23 02:04:19,911] [builder.py:1982]           [INFO]     | HGTV Collection | ? | Ugliest House in America (TVDB: 414194)                                      |
[2022-11-23 02:04:20,110] [builder.py:1982]           [INFO]     | HGTV Collection | ? | Martha Knows Best (TVDB: 386115)                                             |
[2022-11-23 02:04:20,574] [builder.py:1982]           [INFO]     | HGTV Collection | ? | HGTV Dream Home (TVDB: 342096)                                               |
[2022-11-23 02:04:20,758] [builder.py:1982]           [INFO]     | HGTV Collection | ? | Saving the Manor (TVDB: 425255)                                              |
[2022-11-23 02:04:20,961] [builder.py:1982]           [INFO]     | HGTV Collection | ? | Dear Genevieve (TVDB: 255731)                                                |
[2022-11-23 02:04:21,159] [builder.py:1982]           [INFO]     | HGTV Collection | ? | Help! I Wrecked My House (TVDB: 387269)                                      |
[2022-11-23 02:04:21,369] [builder.py:1982]           [INFO]     | HGTV Collection | ? | 100 Day Dream Home (TVDB: 374810)                                            |
[2022-11-23 02:04:21,610] [builder.py:1982]           [INFO]     | HGTV Collection | ? | Living With Ed (TVDB: 83624)                                                 |
[2022-11-23 02:04:21,849] [builder.py:1982]           [INFO]     | HGTV Collection | ? | Unsellable Houses (TVDB: 376538)                                             |
[2022-11-23 02:04:22,289] [builder.py:1982]           [INFO]     | HGTV Collection | ? | House Hunters Renovation (TVDB: 262643)                                      |
[2022-11-23 02:04:22,509] [builder.py:1982]           [INFO]     | HGTV Collection | ? | Renovation, Inc (TVDB: 387692)                                               |
[2022-11-23 02:04:22,725] [builder.py:1982]           [INFO]     | HGTV Collection | ? | Battle on the Beach (TVDB: 405307)                                           |
[2022-11-23 02:04:22,922] [builder.py:1982]           [INFO]     | HGTV Collection | ? | Farmhouse Fixer (TVDB: 396299)                                               |
[2022-11-23 02:04:23,123] [builder.py:1982]           [INFO]     | HGTV Collection | ? | Selling LA (TVDB: 256025)                                                    |
[2022-11-23 02:04:23,291] [builder.py:1982]           [INFO]     | HGTV Collection | ? | Curb Appeal Xtreme (TVDB: 409778)                                            |
[2022-11-23 02:04:23,462] [builder.py:1982]           [INFO]     | HGTV Collection | ? | $50K Three Ways (TVDB: 401818)                                               |
[2022-11-23 02:04:23,624] [builder.py:1982]           [INFO]     | HGTV Collection | ? | Happily Wherever (TVDB: 402385)                                              |
[2022-11-23 02:04:23,790] [builder.py:1982]           [INFO]     | HGTV Collection | ? | Mountain Mamas (TVDB: 367941)                                                |
[2022-11-23 02:04:24,009] [builder.py:1982]           [INFO]     | HGTV Collection | ? | House Hunters: Where Are They Now? (TVDB: 329819)                            |
[2022-11-23 02:04:24,311] [builder.py:1982]           [INFO]     | HGTV Collection | ? | Tiny House, Big Living (TVDB: 289431)                                        |
[2022-11-23 02:04:24,735] [builder.py:1982]           [INFO]     | HGTV Collection | ? | Hawaii Life (TVDB: 273131)                                                   |
[2022-11-23 02:04:24,884] [builder.py:1982]           [INFO]     | HGTV Collection | ? | My House Is Worth What? (TVDB: 423809)                                       |
[2022-11-23 02:04:25,035] [builder.py:1982]           [INFO]     | HGTV Collection | ? | Good Buy, Bad Buy? (TVDB: 423846)                                            |
[2022-11-23 02:04:25,240] [builder.py:1982]           [INFO]     | HGTV Collection | ? | Holmes Inspection (TVDB: 117701)                                             |
[2022-11-23 02:04:25,428] [builder.py:1982]           [INFO]     | HGTV Collection | ? | Rustic Rehab (TVDB: 351686)                                                  |
[2022-11-23 02:04:25,649] [builder.py:1982]           [INFO]     | HGTV Collection | ? | Flipping Virgins (TVDB: 322976)                                              |
[2022-11-23 02:04:25,875] [builder.py:1982]           [INFO]     | HGTV Collection | ? | Home Inspector Joe (TVDB: 414848)                                            |
[2022-11-23 02:04:26,112] [builder.py:1982]           [INFO]     | HGTV Collection | ? | Timber Kings (TVDB: 276963)                                                  |
[2022-11-23 02:04:26,304] [builder.py:1982]           [INFO]     | HGTV Collection | ? | Consumed (TVDB: 251918)                                                      |
[2022-11-23 02:04:26,503] [builder.py:1982]           [INFO]     | HGTV Collection | ? | Tough Love with Hilary Farr (TVDB: 413700)                                   |
[2022-11-23 02:04:26,695] [builder.py:1982]           [INFO]     | HGTV Collection | ? | The Nate & Jeremiah Home Project (TVDB: 411030)                              |
[2022-11-23 02:04:26,929] [builder.py:1982]           [INFO]     | HGTV Collection | ? | House Hunters: Comedians on Couches (TVDB: 383132)                           |
[2022-11-23 02:04:27,140] [builder.py:1982]           [INFO]     | HGTV Collection | ? | Million Dollar Rooms (TVDB: 258527)                                          |
[2022-11-23 02:04:27,283] [builder.py:1982]           [INFO]     | HGTV Collection | ? | Landscapers' Challenge (TVDB: 423840)                                        |
[2022-11-23 02:04:27,487] [builder.py:1982]           [INFO]     | HGTV Collection | ? | Buy It or Build It (TVDB: 420797)                                            |
[2022-11-23 02:04:27,651] [builder.py:1982]           [INFO]     | HGTV Collection | ? | Flip or Flop Follow-Up (TVDB: 404165)                                        |
[2022-11-23 02:04:27,880] [builder.py:1982]           [INFO]     | HGTV Collection | ? | Rehab Addict Rescue (TVDB: 393517)                                           |
[2022-11-23 02:04:28,044] [builder.py:1982]           [INFO]     | HGTV Collection | ? | Supersize My Pool (TVDB: 366311)                                             |
[2022-11-23 02:04:28,478] [builder.py:1982]           [INFO]     | HGTV Collection | ? | Renovation Realities (TVDB: 104191)                                          |
[2022-11-23 02:04:28,617] [builder.py:1982]           [INFO]     | HGTV Collection | ? | reDesign (TVDB: 423843)                                                      |
[2022-11-23 02:04:28,813] [builder.py:1982]           [INFO]     | HGTV Collection | ? | Bargain Block (TVDB: 398973)                                                 |
[2022-11-23 02:04:28,984] [builder.py:1982]           [INFO]     | HGTV Collection | ? | Brothers Take New Orleans (TVDB: 319660)                                     |
[2022-11-23 02:04:29,150] [builder.py:1982]           [INFO]     | HGTV Collection | ? | My Lottery Dream Home International (TVDB: 379557)                           |
[2022-11-23 02:04:29,358] [builder.py:1982]           [INFO]     | HGTV Collection | ? | World's Most Extreme Homes (TVDB: 83208)                                     |
[2022-11-23 02:04:29,527] [builder.py:1982]           [INFO]     | HGTV Collection | ? | Donna Decorates Dallas (TVDB: 292986)                                        |
[2022-11-23 02:04:29,730] [builder.py:1982]           [INFO]     | HGTV Collection | ? | Ty Breaker (TVDB: 390061)                                                    |
[2022-11-23 02:04:29,933] [builder.py:1982]           [INFO]     | HGTV Collection | ? | Canada's Handyman Challenge (TVDB: 255105)                                   |
[2022-11-23 02:04:30,139] [builder.py:1982]           [INFO]     | HGTV Collection | ? | Beach Flip (TVDB: 297159)                                                    |
[2022-11-23 02:04:30,283] [builder.py:1982]           [INFO]     | HGTV Collection | ? | 24 Hour Design (TVDB: 423884)                                                |
[2022-11-23 02:04:30,454] [builder.py:1982]           [INFO]     | HGTV Collection | ? | Design At Your Door (TVDB: 383807)                                           |
[2022-11-23 02:04:30,666] [builder.py:1982]           [INFO]     | HGTV Collection | ? | Aloha Builds (TVDB: 352562)                                                  |
[2022-11-23 02:04:30,853] [builder.py:1982]           [INFO]     | HGTV Collection | ? | Ellen's Design Challenge (TVDB: 291272)                                      |
[2022-11-23 02:04:31,029] [builder.py:1982]           [INFO]     | HGTV Collection | ? | The Perfect Place (TVDB: 424652)                                             |
[2022-11-23 02:04:31,211] [builder.py:1982]           [INFO]     | HGTV Collection | ? | Going Yard (TVDB: 285103)                                                    |
[2022-11-23 02:04:31,383] [builder.py:1982]           [INFO]     | HGTV Collection | ? | Genevieve's Renovation (TVDB: 288421)                                        |
[2022-11-23 02:04:31,554] [builder.py:1982]           [INFO]     | HGTV Collection | ? | Lil Jon Wants to Do What? (TVDB: 420027)                                     |
[2022-11-23 02:04:31,755] [builder.py:1982]           [INFO]     | HGTV Collection | ? | Everything But the House (TVDB: 397881)                                      |
[2022-11-23 02:04:31,967] [builder.py:1982]           [INFO]     | HGTV Collection | ? | Hidden Potential (2018) (TVDB: 347686)                                       |
[2022-11-23 02:04:32,138] [builder.py:1982]           [INFO]     | HGTV Collection | ? | Carter Can (TVDB: 164071)                                                    |
[2022-11-23 02:04:32,347] [builder.py:1982]           [INFO]     | HGTV Collection | ? | Kidspace (TVDB: 248454)                                                      |
[2022-11-23 02:04:32,702] [builder.py:1982]           [INFO]     | HGTV Collection | ? | Color Splash (TVDB: 131921)                                                  |
[2022-11-23 02:04:32,934] [builder.py:1982]           [INFO]     | HGTV Collection | ? | One of a Kind (TVDB: 361078)                                                 |
[2022-11-23 02:04:33,280] [builder.py:1982]           [INFO]     | HGTV Collection | ? | Income Property (TVDB: 233341)                                               |
[2022-11-23 02:04:33,467] [builder.py:1982]           [INFO]     | HGTV Collection | ? | Married to Real Estate (TVDB: 414522)                                        |
[2022-11-23 02:04:33,695] [builder.py:1982]           [INFO]     | HGTV Collection | ? | Decked Out (TVDB: 267095)                                                    |
[2022-11-23 02:04:33,878] [builder.py:1982]           [INFO]     | HGTV Collection | ? | Selling London (TVDB: 259568)                                                |
[2022-11-23 02:04:34,060] [builder.py:1982]           [INFO]     | HGTV Collection | ? | Outgrown (TVDB: 410140)                                                      |
[2022-11-23 02:04:34,261] [builder.py:1982]           [INFO]     | HGTV Collection | ? | Welcome Back Potter (TVDB: 318405)                                           |
[2022-11-23 02:04:34,439] [builder.py:1982]           [INFO]     | HGTV Collection | ? | Move and Improve (TVDB: 375496)                                              |
[2022-11-23 02:04:34,656] [builder.py:1982]           [INFO]     | HGTV Collection | ? | Bargain Block: Bargain Buys (TVDB: 423129)                                   |
[2022-11-23 02:04:34,818] [builder.py:1982]           [INFO]     | HGTV Collection | ? | Hunting Vintage (TVDB: 314364)                                               |
[2022-11-23 02:04:35,004] [builder.py:1982]           [INFO]     | HGTV Collection | ? | I Bought A Dump... Now What? (TVDB: 424600)                                  |
[2022-11-23 02:04:35,196] [builder.py:1982]           [INFO]     | HGTV Collection | ? | Building Roots (TVDB: 418879)                                                |
[2022-11-23 02:04:35,372] [builder.py:1982]           [INFO]     | HGTV Collection | ? | Why the Heck Did I Buy This House? (TVDB: 418661)                            |
[2022-11-23 02:04:35,862] [builder.py:1982]           [INFO]     | HGTV Collection | ? | Fix My Flip (TVDB: 417745)                                                   |
[2022-11-23 02:04:36,045] [builder.py:1982]           [INFO]     | HGTV Collection | ? | Rehab Addict Detroit (TVDB: 302839)                                          |
[2022-11-23 02:04:36,247] [builder.py:1982]           [INFO]     | HGTV Collection | ? | Houses with History (TVDB: 410764)                                           |
[2022-11-23 02:04:36,448] [builder.py:1982]           [INFO]     | HGTV Collection | ? | House Hunters Family (TVDB: 332934)                                          |
[2022-11-23 02:04:36,629] [builder.py:1982]           [INFO]     | HGTV Collection | ? | Two Steps Home (TVDB: 402477)                                                |
[2022-11-23 02:04:36,800] [builder.py:1982]           [INFO]     | HGTV Collection | ? | Best House on the Block (TVDB: 355283)                                       |
[2022-11-23 02:04:36,987] [builder.py:1982]           [INFO]     | HGTV Collection | ? | Inside Out (TVDB: 401073)                                                    |
[2022-11-23 02:04:37,037] [builder.py:1977]           [ERROR]    | TVDb Error: Could not find a TVDb Series using TVDb Series ID: 122200                              |
[2022-11-23 02:04:37,224] [builder.py:1982]           [INFO]     | HGTV Collection | ? | Hot Properties: San Diego (TVDB: 371687)                                     |
[2022-11-23 02:04:37,442] [builder.py:1982]           [INFO]     | HGTV Collection | ? | Container Homes (TVDB: 343414)                                               |
[2022-11-23 02:04:37,633] [builder.py:1982]           [INFO]     | HGTV Collection | ? | Build Me Up (TVDB: 385784)                                                   |
[2022-11-23 02:04:37,825] [builder.py:1982]           [INFO]     | HGTV Collection | ? | Selling the Big Easy (TVDB: 379916)                                          |
[2022-11-23 02:04:38,035] [builder.py:1982]           [INFO]     | HGTV Collection | ? | A Very Brady Renovation (TVDB: 355474)                                       |
[2022-11-23 02:04:38,210] [builder.py:1982]           [INFO]     | HGTV Collection | ? | Pool Hunters (TVDB: 366124)                                                  |
[2022-11-23 02:04:38,367] [builder.py:1982]           [INFO]     | HGTV Collection | ? | City vs. Burbs (TVDB: 365800)                                                |
[2022-11-23 02:04:38,551] [builder.py:1982]           [INFO]     | HGTV Collection | ? | Say Yes to the Nest (TVDB: 357743)                                           |
[2022-11-23 02:04:38,748] [builder.py:1982]           [INFO]     | HGTV Collection | ? | Flip or Flop Nashville (TVDB: 335992)                                        |
[2022-11-23 02:04:38,928] [builder.py:1982]           [INFO]     | HGTV Collection | ? | House Hunters: Outside the Box (TVDB: 339231)                                |
[2022-11-23 02:04:39,117] [builder.py:1982]           [INFO]     | HGTV Collection | ? | Flip or Flop Fort Worth (TVDB: 330189)                                       |
[2022-11-23 02:04:39,620] [builder.py:1982]           [INFO]     | HGTV Collection | ? | Island Life (TVDB: 290645)                                                   |
[2022-11-23 02:04:39,808] [builder.py:1982]           [INFO]     | HGTV Collection | ? | Ultimate Pools (TVDB: 343210)                                                |
[2022-11-23 02:04:40,028] [builder.py:1982]           [INFO]     | HGTV Collection | ? | Tiny Luxury (TVDB: 314102)                                                   |
[2022-11-23 02:04:40,377] [builder.py:1982]           [INFO]     | HGTV Collection | ? | Love It or List It, Too (TVDB: 274555)                                       |
[2022-11-23 02:04:40,548] [builder.py:1982]           [INFO]     | HGTV Collection | ? | Flip It to Win It (TVDB: 279624)                                             |
[2022-11-23 02:04:40,755] [builder.py:1982]           [INFO]     | HGTV Collection | ? | Cousins Undercover (TVDB: 274409)                                            |
[2022-11-23 02:04:40,916] [builder.py:1982]           [INFO]     | HGTV Collection | ? | Design School (TVDB: 166271)                                                 |
[2022-11-23 02:04:41,185] [builder.py:1982]           [INFO]     | HGTV Collection | ? | Selling New York (TVDB: 215131)                                              |
[2022-11-23 02:04:41,378] [builder.py:1982]           [INFO]     | HGTV Collection | ? | The Antonio Treatment (TVDB: 189601)                                         |
[2022-11-23 02:04:41,581] [builder.py:1982]           [INFO]     | HGTV Collection | ? | Urban Outsiders (TVDB: 131351)                                               |
[2022-11-23 02:04:41,769] [builder.py:1982]           [INFO]     | HGTV Collection | ? | Color Correction (TVDB: 404301)                                              |
[2022-11-23 02:04:41,960] [builder.py:1982]           [INFO]     | HGTV Collection | ? | Takeover My Makeover (TVDB: 423886)                                          |
[2022-11-23 02:04:42,113] [builder.py:1982]           [INFO]     | HGTV Collection | ? | National Open House (TVDB: 423811)                                           |
[2022-11-23 02:04:42,258] [builder.py:1982]           [INFO]     | HGTV Collection | ? | Homes Across America (TVDB: 423841)                                          |
[2022-11-23 02:04:42,259] [builder.py:1986]           [INFO]     |                                                                                                    |
[2022-11-23 02:04:42,259] [builder.py:1987]           [INFO]     | 152 Shows Missing                                                                                  |
[2022-11-23 02:04:42,657] [plex_meta_manager.py:880]  [INFO]     |                                                                                                    |
[2022-11-23 02:04:42,658] [util.py:209]               [INFO]     |====================================================================================================|
[2022-11-23 02:04:42,658] [util.py:216]               [INFO]     |                                      Finished HGTV Collection                                      |
[2022-11-23 02:04:42,659] [util.py:216]               [INFO]     |                                    Collection Run Time: 0:00:49                                    |
[2022-11-23 02:04:42,659] [util.py:220]               [INFO]     |====================================================================================================|
